{
  "Plan": {
    "Node Type": "Hash Join",
    "Parent Relationship": "Outer",
    "Parallel Aware": true,
    "Join Type": "Inner",
    "Startup Cost": 43368.58,
    "Total Cost": 81590.93,
    "Plan Rows": 31,
    "Plan Width": 147,
    "Actual Startup Time": 150.827,
    "Actual Total Time": 239.667,
    "Actual Rows": 19,
    "Actual Loops": 7,
    "Inner Unique": false,
    "Hash Cond": "(mc.movie_id = t.id)",
    "Plans": [
      {
        "Node Type": "Seq Scan",
        "Parent Relationship": "Outer",
        "Parallel Aware": true,
        "Relation Name": "movie_companies",
        "Alias": "mc",
        "Startup Cost": 0.0,
        "Total Cost": 37034.53,
        "Plan Rows": 316726,
        "Plan Width": 40,
        "Actual Startup Time": 0.053,
        "Actual Total Time": 96.465,
        "Actual Rows": 182035,
        "Actual Loops": 7,
        "Filter": "(company_type_id = 1)",
        "Rows Removed by Filter": 190698
      },
      {
        "Node Type": "Hash",
        "Parent Relationship": "Inner",
        "Parallel Aware": true,
        "Startup Cost": 43367.58,
        "Total Cost": 43367.58,
        "Plan Rows": 80,
        "Plan Width": 107,
        "Actual Startup Time": 118.886,
        "Actual Total Time": 118.895,
        "Actual Rows": 2,
        "Actual Loops": 7,
        "Hash Buckets": 1024,
        "Original Hash Buckets": 1024,
        "Hash Batches": 1,
        "Original Hash Batches": 1,
        "Peak Memory Usage": 232,
        "Plans": [
          {
            "Node Type": "Nested Loop",
            "Parent Relationship": "Outer",
            "Parallel Aware": false,
            "Join Type": "Inner",
            "Startup Cost": 0.43,
            "Total Cost": 43367.58,
            "Plan Rows": 80,
            "Plan Width": 107,
            "Actual Startup Time": 46.036,
            "Actual Total Time": 118.801,
            "Actual Rows": 2,
            "Actual Loops": 7,
            "Inner Unique": true,
            "Plans": [
              {
                "Node Type": "Seq Scan",
                "Parent Relationship": "Outer",
                "Parallel Aware": true,
                "Relation Name": "movie_keyword",
                "Alias": "mk",
                "Startup Cost": 0.0,
                "Total Cost": 42695.65,
                "Plan Rows": 80,
                "Plan Width": 12,
                "Actual Startup Time": 45.908,
                "Actual Total Time": 118.574,
                "Actual Rows": 2,
                "Actual Loops": 7,
                "Filter": "(keyword_id = 74852)",
                "Rows Removed by Filter": 646274
              },
              {
                "Node Type": "Index Scan",
                "Parent Relationship": "Inner",
                "Parallel Aware": false,
                "Scan Direction": "Forward",
                "Index Name": "title_pkey",
                "Relation Name": "title",
                "Alias": "t",
                "Startup Cost": 0.43,
                "Total Cost": 8.4,
                "Plan Rows": 1,
                "Plan Width": 95,
                "Actual Startup Time": 0.096,
                "Actual Total Time": 0.096,
                "Actual Rows": 1,
                "Actual Loops": 14,
                "Index Cond": "(id = mk.movie_id)",
                "Rows Removed by Index Recheck": 0
              }
            ]
          }
        ]
      }
    ]
  }
}