{
  "Plan": {
    "Node Type": "Hash Join",
    "Parent Relationship": "Outer",
    "Parallel Aware": true,
    "Join Type": "Inner",
    "Startup Cost": 96305.76,
    "Total Cost": 143820.91,
    "Plan Rows": 115560,
    "Plan Width": 160,
    "Actual Startup Time": 1531.526,
    "Actual Total Time": 1953.9,
    "Actual Rows": 387254,
    "Actual Loops": 4,
    "Inner Unique": false,
    "Hash Cond": "(mc.movie_id = t.id)",
    "Plans": [
      {
        "Node Type": "Seq Scan",
        "Parent Relationship": "Outer",
        "Parallel Aware": true,
        "Relation Name": "movie_companies",
        "Alias": "mc",
        "Startup Cost": 0.0,
        "Total Cost": 37034.53,
        "Plan Rows": 316726,
        "Plan Width": 40,
        "Actual Startup Time": 0.146,
        "Actual Total Time": 199.71,
        "Actual Rows": 318562,
        "Actual Loops": 4,
        "Filter": "(company_type_id < 2)",
        "Rows Removed by Filter": 333721
      },
      {
        "Node Type": "Hash",
        "Parent Relationship": "Inner",
        "Parallel Aware": true,
        "Startup Cost": 89369.07,
        "Total Cost": 89369.07,
        "Plan Rows": 230615,
        "Plan Width": 120,
        "Actual Startup Time": 1216.355,
        "Actual Total Time": 1216.392,
        "Actual Rows": 230028,
        "Actual Loops": 4,
        "Hash Buckets": 32768,
        "Original Hash Buckets": 32768,
        "Hash Batches": 64,
        "Original Hash Batches": 64,
        "Peak Memory Usage": 2240,
        "Plans": [
          {
            "Node Type": "Hash Join",
            "Parent Relationship": "Outer",
            "Parallel Aware": true,
            "Join Type": "Inner",
            "Startup Cost": 22555.17,
            "Total Cost": 89369.07,
            "Plan Rows": 230615,
            "Plan Width": 120,
            "Actual Startup Time": 663.08,
            "Actual Total Time": 1053.514,
            "Actual Rows": 230028,
            "Actual Loops": 4,
            "Inner Unique": false,
            "Hash Cond": "(t.id = mi_idx.movie_id)",
            "Plans": [
              {
                "Node Type": "Seq Scan",
                "Parent Relationship": "Outer",
                "Parallel Aware": true,
                "Relation Name": "title",
                "Alias": "t",
                "Startup Cost": 0.0,
                "Total Cost": 42336.73,
                "Plan Rows": 632073,
                "Plan Width": 95,
                "Actual Startup Time": 0.05,
                "Actual Total Time": 186.831,
                "Actual Rows": 632078,
                "Actual Loops": 4
              },
              {
                "Node Type": "Hash",
                "Parent Relationship": "Inner",
                "Parallel Aware": true,
                "Startup Cost": 15122.68,
                "Total Cost": 15122.68,
                "Plan Rows": 384359,
                "Plan Width": 25,
                "Actual Startup Time": 160.431,
                "Actual Total Time": 160.434,
                "Actual Rows": 230028,
                "Actual Loops": 4,
                "Hash Buckets": 65536,
                "Original Hash Buckets": 65536,
                "Hash Batches": 32,
                "Original Hash Batches": 32,
                "Peak Memory Usage": 1920,
                "Plans": [
                  {
                    "Node Type": "Seq Scan",
                    "Parent Relationship": "Outer",
                    "Parallel Aware": true,
                    "Relation Name": "movie_info_idx",
                    "Alias": "mi_idx",
                    "Startup Cost": 0.0,
                    "Total Cost": 15122.68,
                    "Plan Rows": 384359,
                    "Plan Width": 25,
                    "Actual Startup Time": 0.049,
                    "Actual Total Time": 97.132,
                    "Actual Rows": 230028,
                    "Actual Loops": 4,
                    "Filter": "(info_type_id > 99)",
                    "Rows Removed by Filter": 114981
                  }
                ]
              }
            ]
          }
        ]
      }
    ]
  }
}