{
  "Plan": {
    "Node Type": "Nested Loop",
    "Parent Relationship": "Outer",
    "Parallel Aware": false,
    "Join Type": "Inner",
    "Startup Cost": 342774.71,
    "Total Cost": 385731.75,
    "Plan Rows": 1,
    "Plan Width": 163,
    "Actual Startup Time": 3838.308,
    "Actual Total Time": 4611.954,
    "Actual Rows": 9246,
    "Actual Loops": 5,
    "Inner Unique": true,
    "Plans": [
      {
        "Node Type": "Hash Join",
        "Parent Relationship": "Outer",
        "Parallel Aware": true,
        "Join Type": "Inner",
        "Startup Cost": 342774.28,
        "Total Cost": 385570.12,
        "Plan Rows": 50,
        "Plan Width": 68,
        "Actual Startup Time": 3834.345,
        "Actual Total Time": 4553.673,
        "Actual Rows": 13137,
        "Actual Loops": 5,
        "Inner Unique": false,
        "Hash Cond": "(mk.movie_id = ci.movie_id)",
        "Plans": [
          {
            "Node Type": "Seq Scan",
            "Parent Relationship": "Outer",
            "Parallel Aware": true,
            "Relation Name": "movie_keyword",
            "Alias": "mk",
            "Startup Cost": 0.0,
            "Total Cost": 42695.65,
            "Plan Rows": 80,
            "Plan Width": 12,
            "Actual Startup Time": 0.797,
            "Actual Total Time": 167.498,
            "Actual Rows": 475,
            "Actual Loops": 5,
            "Filter": "(keyword_id = 7633)",
            "Rows Removed by Filter": 904311
          },
          {
            "Node Type": "Hash",
            "Parent Relationship": "Inner",
            "Parallel Aware": true,
            "Startup Cost": 342649.36,
            "Total Cost": 342649.36,
            "Plan Rows": 9994,
            "Plan Width": 56,
            "Actual Startup Time": 3618.911,
            "Actual Total Time": 3618.912,
            "Actual Rows": 2534138,
            "Actual Loops": 5,
            "Hash Buckets": 65536,
            "Original Hash Buckets": 65536,
            "Hash Batches": 256,
            "Original Hash Batches": 1,
            "Peak Memory Usage": 3488,
            "Plans": [
              {
                "Node Type": "Seq Scan",
                "Parent Relationship": "Outer",
                "Parallel Aware": true,
                "Relation Name": "cast_info",
                "Alias": "ci",
                "Startup Cost": 0.0,
                "Total Cost": 342649.36,
                "Plan Rows": 9994,
                "Plan Width": 56,
                "Actual Startup Time": 0.051,
                "Actual Total Time": 2069.265,
                "Actual Rows": 2534138,
                "Actual Loops": 5,
                "Filter": "((person_id < 2537845) AND (role_id = 1))",
                "Rows Removed by Filter": 4714731
              }
            ]
          }
        ]
      },
      {
        "Node Type": "Index Scan",
        "Parent Relationship": "Inner",
        "Parallel Aware": false,
        "Scan Direction": "Forward",
        "Index Name": "title_pkey",
        "Relation Name": "title",
        "Alias": "t",
        "Startup Cost": 0.43,
        "Total Cost": 3.23,
        "Plan Rows": 1,
        "Plan Width": 95,
        "Actual Startup Time": 0.004,
        "Actual Total Time": 0.004,
        "Actual Rows": 1,
        "Actual Loops": 65686,
        "Index Cond": "(id = ci.movie_id)",
        "Rows Removed by Index Recheck": 0,
        "Filter": "(production_year < 2005)",
        "Rows Removed by Filter": 0
      }
    ]
  }
}