{
  "Plan": {
    "Node Type": "Hash Join",
    "Parent Relationship": "Outer",
    "Parallel Aware": true,
    "Join Type": "Inner",
    "Startup Cost": 40281.87,
    "Total Cost": 103336.53,
    "Plan Rows": 69863,
    "Plan Width": 135,
    "Actual Startup Time": 482.829,
    "Actual Total Time": 661.018,
    "Actual Rows": 76072,
    "Actual Loops": 7,
    "Inner Unique": false,
    "Hash Cond": "(t.id = mc.movie_id)",
    "Plans": [
      {
        "Node Type": "Seq Scan",
        "Parent Relationship": "Outer",
        "Parallel Aware": true,
        "Relation Name": "title",
        "Alias": "t",
        "Startup Cost": 0.0,
        "Total Cost": 43916.91,
        "Plan Rows": 554958,
        "Plan Width": 95,
        "Actual Startup Time": 0.069,
        "Actual Total Time": 167.05,
        "Actual Rows": 317796,
        "Actual Loops": 7,
        "Filter": "(production_year < 2012)",
        "Rows Removed by Filter": 43392
      },
      {
        "Node Type": "Hash",
        "Parent Relationship": "Inner",
        "Parallel Aware": true,
        "Startup Cost": 38665.23,
        "Total Cost": 38665.23,
        "Plan Rows": 79571,
        "Plan Width": 40,
        "Actual Startup Time": 178.787,
        "Actual Total Time": 178.796,
        "Actual Rows": 85808,
        "Actual Loops": 7,
        "Hash Buckets": 131072,
        "Original Hash Buckets": 524288,
        "Hash Batches": 16,
        "Original Hash Batches": 1,
        "Peak Memory Usage": 3040,
        "Plans": [
          {
            "Node Type": "Seq Scan",
            "Parent Relationship": "Outer",
            "Parallel Aware": true,
            "Relation Name": "movie_companies",
            "Alias": "mc",
            "Startup Cost": 0.0,
            "Total Cost": 38665.23,
            "Plan Rows": 79571,
            "Plan Width": 40,
            "Actual Startup Time": 4.931,
            "Actual Total Time": 95.664,
            "Actual Rows": 85808,
            "Actual Loops": 7,
            "Filter": "((company_id > 65820) AND (company_type_id > 1))",
            "Rows Removed by Filter": 286925
          }
        ]
      }
    ]
  }
}