{
  "Plan": {
    "Node Type": "Hash Join",
    "Parent Relationship": "Outer",
    "Parallel Aware": true,
    "Join Type": "Inner",
    "Startup Cost": 37439.12,
    "Total Cost": 82227.04,
    "Plan Rows": 32367,
    "Plan Width": 135,
    "Actual Startup Time": 227.115,
    "Actual Total Time": 772.196,
    "Actual Rows": 44936,
    "Actual Loops": 3,
    "Inner Unique": false,
    "Hash Cond": "(t.id = mc.movie_id)",
    "Plans": [
      {
        "Node Type": "Seq Scan",
        "Parent Relationship": "Outer",
        "Parallel Aware": true,
        "Relation Name": "title",
        "Alias": "t",
        "Startup Cost": 0.0,
        "Total Cost": 42336.73,
        "Plan Rows": 632073,
        "Plan Width": 95,
        "Actual Startup Time": 0.235,
        "Actual Total Time": 184.397,
        "Actual Rows": 842771,
        "Actual Loops": 3
      },
      {
        "Node Type": "Hash",
        "Parent Relationship": "Inner",
        "Parallel Aware": true,
        "Startup Cost": 37034.53,
        "Total Cost": 37034.53,
        "Plan Rows": 32367,
        "Plan Width": 40,
        "Actual Startup Time": 226.371,
        "Actual Total Time": 226.374,
        "Actual Rows": 44936,
        "Actual Loops": 3,
        "Hash Buckets": 262144,
        "Original Hash Buckets": 131072,
        "Hash Batches": 1,
        "Original Hash Batches": 1,
        "Peak Memory Usage": 12480,
        "Plans": [
          {
            "Node Type": "Seq Scan",
            "Parent Relationship": "Outer",
            "Parallel Aware": true,
            "Relation Name": "movie_companies",
            "Alias": "mc",
            "Startup Cost": 0.0,
            "Total Cost": 37034.53,
            "Plan Rows": 32367,
            "Plan Width": 40,
            "Actual Startup Time": 0.092,
            "Actual Total Time": 195.45,
            "Actual Rows": 44936,
            "Actual Loops": 3,
            "Filter": "(company_id < 27)",
            "Rows Removed by Filter": 824774
          }
        ]
      }
    ]
  }
}