{
  "Plan": {
    "Node Type": "Hash Join",
    "Parent Relationship": "Outer",
    "Parallel Aware": true,
    "Join Type": "Inner",
    "Startup Cost": 43368.58,
    "Total Cost": 81218.67,
    "Plan Rows": 64,
    "Plan Width": 147,
    "Actual Startup Time": 227.983,
    "Actual Total Time": 359.145,
    "Actual Rows": 6,
    "Actual Loops": 5,
    "Inner Unique": false,
    "Hash Cond": "(mc.movie_id = t.id)",
    "Plans": [
      {
        "Node Type": "Seq Scan",
        "Parent Relationship": "Outer",
        "Parallel Aware": true,
        "Relation Name": "movie_companies",
        "Alias": "mc",
        "Startup Cost": 0.0,
        "Total Cost": 35403.82,
        "Plan Rows": 652282,
        "Plan Width": 40,
        "Actual Startup Time": 0.045,
        "Actual Total Time": 101.462,
        "Actual Rows": 521826,
        "Actual Loops": 5
      },
      {
        "Node Type": "Hash",
        "Parent Relationship": "Inner",
        "Parallel Aware": true,
        "Startup Cost": 43367.58,
        "Total Cost": 43367.58,
        "Plan Rows": 80,
        "Plan Width": 107,
        "Actual Startup Time": 163.996,
        "Actual Total Time": 163.998,
        "Actual Rows": 2,
        "Actual Loops": 5,
        "Hash Buckets": 1024,
        "Original Hash Buckets": 1024,
        "Hash Batches": 1,
        "Original Hash Batches": 1,
        "Peak Memory Usage": 104,
        "Plans": [
          {
            "Node Type": "Nested Loop",
            "Parent Relationship": "Outer",
            "Parallel Aware": false,
            "Join Type": "Inner",
            "Startup Cost": 0.43,
            "Total Cost": 43367.58,
            "Plan Rows": 80,
            "Plan Width": 107,
            "Actual Startup Time": 112.275,
            "Actual Total Time": 163.912,
            "Actual Rows": 2,
            "Actual Loops": 5,
            "Inner Unique": true,
            "Plans": [
              {
                "Node Type": "Seq Scan",
                "Parent Relationship": "Outer",
                "Parallel Aware": true,
                "Relation Name": "movie_keyword",
                "Alias": "mk",
                "Startup Cost": 0.0,
                "Total Cost": 42695.65,
                "Plan Rows": 80,
                "Plan Width": 12,
                "Actual Startup Time": 112.197,
                "Actual Total Time": 163.766,
                "Actual Rows": 2,
                "Actual Loops": 5,
                "Filter": "(keyword_id = 39091)",
                "Rows Removed by Filter": 904784
              },
              {
                "Node Type": "Index Scan",
                "Parent Relationship": "Inner",
                "Parallel Aware": false,
                "Scan Direction": "Forward",
                "Index Name": "title_pkey",
                "Relation Name": "title",
                "Alias": "t",
                "Startup Cost": 0.43,
                "Total Cost": 8.4,
                "Plan Rows": 1,
                "Plan Width": 95,
                "Actual Startup Time": 0.076,
                "Actual Total Time": 0.076,
                "Actual Rows": 1,
                "Actual Loops": 8,
                "Index Cond": "(id = mk.movie_id)",
                "Rows Removed by Index Recheck": 0
              }
            ]
          }
        ]
      }
    ]
  }
}