{
  "Plan": {
    "Node Type": "Hash Join",
    "Parent Relationship": "Outer",
    "Parallel Aware": true,
    "Join Type": "Inner",
    "Startup Cost": 430488.27,
    "Total Cost": 656015.49,
    "Plan Rows": 443902,
    "Plan Width": 264,
    "Actual Startup Time": 11786.835,
    "Actual Total Time": 15153.796,
    "Actual Rows": 3768674,
    "Actual Loops": 3,
    "Inner Unique": false,
    "Hash Cond": "(mi.movie_id = t.id)",
    "Plans": [
      {
        "Node Type": "Seq Scan",
        "Parent Relationship": "Outer",
        "Parallel Aware": true,
        "Relation Name": "movie_info",
        "Alias": "mi",
        "Startup Cost": 0.0,
        "Total Cost": 198938.07,
        "Plan Rows": 609150,
        "Plan Width": 73,
        "Actual Startup Time": 629.965,
        "Actual Total Time": 1314.514,
        "Actual Rows": 1012240,
        "Actual Loops": 3,
        "Filter": "(info_type_id = 16)",
        "Rows Removed by Filter": 3933000
      },
      {
        "Node Type": "Hash",
        "Parent Relationship": "Inner",
        "Parallel Aware": true,
        "Startup Cost": 418552.88,
        "Total Cost": 418552.88,
        "Plan Rows": 307071,
        "Plan Width": 191,
        "Actual Startup Time": 10082.623,
        "Actual Total Time": 10082.645,
        "Actual Rows": 1073719,
        "Actual Loops": 3,
        "Hash Buckets": 32768,
        "Original Hash Buckets": 32768,
        "Hash Batches": 256,
        "Original Hash Batches": 128,
        "Peak Memory Usage": 3168,
        "Plans": [
          {
            "Node Type": "Hash Join",
            "Parent Relationship": "Outer",
            "Parallel Aware": true,
            "Join Type": "Inner",
            "Startup Cost": 82631.62,
            "Total Cost": 418552.88,
            "Plan Rows": 307071,
            "Plan Width": 191,
            "Actual Startup Time": 830.598,
            "Actual Total Time": 8308.039,
            "Actual Rows": 1073719,
            "Actual Loops": 3,
            "Inner Unique": false,
            "Hash Cond": "(ci.movie_id = t.id)",
            "Plans": [
              {
                "Node Type": "Seq Scan",
                "Parent Relationship": "Outer",
                "Parallel Aware": true,
                "Relation Name": "cast_info",
                "Alias": "ci",
                "Startup Cost": 0.0,
                "Total Cost": 312666.24,
                "Plan Rows": 5996624,
                "Plan Width": 56,
                "Actual Startup Time": 0.045,
                "Actual Total Time": 2246.365,
                "Actual Rows": 12081448,
                "Actual Loops": 3
              },
              {
                "Node Type": "Hash",
                "Parent Relationship": "Inner",
                "Parallel Aware": true,
                "Startup Cost": 82227.04,
                "Total Cost": 82227.04,
                "Plan Rows": 32367,
                "Plan Width": 135,
                "Actual Startup Time": 830.037,
                "Actual Total Time": 830.049,
                "Actual Rows": 44936,
                "Actual Loops": 3,
                "Hash Buckets": 262144,
                "Original Hash Buckets": 131072,
                "Hash Batches": 1,
                "Original Hash Batches": 1,
                "Peak Memory Usage": 24320,
                "Plans": [
                  {
                    "Node Type": "Hash Join",
                    "Parent Relationship": "Outer",
                    "Parallel Aware": true,
                    "Join Type": "Inner",
                    "Startup Cost": 37439.12,
                    "Total Cost": 82227.04,
                    "Plan Rows": 32367,
                    "Plan Width": 135,
                    "Actual Startup Time": 227.115,
                    "Actual Total Time": 772.196,
                    "Actual Rows": 44936,
                    "Actual Loops": 3,
                    "Inner Unique": false,
                    "Hash Cond": "(t.id = mc.movie_id)",
                    "Plans": [
                      {
                        "Node Type": "Seq Scan",
                        "Parent Relationship": "Outer",
                        "Parallel Aware": true,
                        "Relation Name": "title",
                        "Alias": "t",
                        "Startup Cost": 0.0,
                        "Total Cost": 42336.73,
                        "Plan Rows": 632073,
                        "Plan Width": 95,
                        "Actual Startup Time": 0.235,
                        "Actual Total Time": 184.397,
                        "Actual Rows": 842771,
                        "Actual Loops": 3
                      },
                      {
                        "Node Type": "Hash",
                        "Parent Relationship": "Inner",
                        "Parallel Aware": true,
                        "Startup Cost": 37034.53,
                        "Total Cost": 37034.53,
                        "Plan Rows": 32367,
                        "Plan Width": 40,
                        "Actual Startup Time": 226.371,
                        "Actual Total Time": 226.374,
                        "Actual Rows": 44936,
                        "Actual Loops": 3,
                        "Hash Buckets": 262144,
                        "Original Hash Buckets": 131072,
                        "Hash Batches": 1,
                        "Original Hash Batches": 1,
                        "Peak Memory Usage": 12480,
                        "Plans": [
                          {
                            "Node Type": "Seq Scan",
                            "Parent Relationship": "Outer",
                            "Parallel Aware": true,
                            "Relation Name": "movie_companies",
                            "Alias": "mc",
                            "Startup Cost": 0.0,
                            "Total Cost": 37034.53,
                            "Plan Rows": 32367,
                            "Plan Width": 40,
                            "Actual Startup Time": 0.092,
                            "Actual Total Time": 195.45,
                            "Actual Rows": 44936,
                            "Actual Loops": 3,
                            "Filter": "(company_id < 27)",
                            "Rows Removed by Filter": 824774
                          }
                        ]
                      }
                    ]
                  }
                ]
              }
            ]
          }
        ]
      }
    ]
  }
}