{
  "Plan": {
    "Node Type": "Nested Loop",
    "Parent Relationship": "Outer",
    "Parallel Aware": false,
    "Join Type": "Inner",
    "Startup Cost": 201503.64,
    "Total Cost": 567173.82,
    "Plan Rows": 92,
    "Plan Width": 224,
    "Actual Startup Time": 2513.268,
    "Actual Total Time": 9406.408,
    "Actual Rows": 13099,
    "Actual Loops": 7,
    "Inner Unique": true,
    "Join Filter": "(ci.movie_id = t.id)",
    "Rows Removed by Join Filter": 0,
    "Plans": [
      {
        "Node Type": "Hash Join",
        "Parent Relationship": "Outer",
        "Parallel Aware": true,
        "Join Type": "Inner",
        "Startup Cost": 201503.21,
        "Total Cost": 555539.14,
        "Plan Rows": 14253,
        "Plan Width": 129,
        "Actual Startup Time": 2511.729,
        "Actual Total Time": 3630.996,
        "Actual Rows": 553908,
        "Actual Loops": 7,
        "Inner Unique": false,
        "Hash Cond": "(ci.movie_id = mi.movie_id)",
        "Plans": [
          {
            "Node Type": "Seq Scan",
            "Parent Relationship": "Outer",
            "Parallel Aware": true,
            "Relation Name": "cast_info",
            "Alias": "ci",
            "Startup Cost": 0.0,
            "Total Cost": 342649.36,
            "Plan Rows": 9994,
            "Plan Width": 56,
            "Actual Startup Time": 0.054,
            "Actual Total Time": 1467.769,
            "Actual Rows": 1810098,
            "Actual Loops": 7,
            "Filter": "((person_id < 2578432) AND (role_id = 1))",
            "Rows Removed by Filter": 3367665
          },
          {
            "Node Type": "Hash",
            "Parent Relationship": "Inner",
            "Parallel Aware": true,
            "Startup Cost": 198938.07,
            "Total Cost": 198938.07,
            "Plan Rows": 101771,
            "Plan Width": 73,
            "Actual Startup Time": 541.625,
            "Actual Total Time": 541.626,
            "Actual Rows": 67778,
            "Actual Loops": 7,
            "Hash Buckets": 65536,
            "Original Hash Buckets": 65536,
            "Hash Batches": 16,
            "Original Hash Batches": 16,
            "Peak Memory Usage": 2304,
            "Plans": [
              {
                "Node Type": "Seq Scan",
                "Parent Relationship": "Outer",
                "Parallel Aware": true,
                "Relation Name": "movie_info",
                "Alias": "mi",
                "Startup Cost": 0.0,
                "Total Cost": 198938.07,
                "Plan Rows": 101771,
                "Plan Width": 73,
                "Actual Startup Time": 237.138,
                "Actual Total Time": 516.533,
                "Actual Rows": 67778,
                "Actual Loops": 7,
                "Filter": "(info_type_id = 6)",
                "Rows Removed by Filter": 2051611
              }
            ]
          }
        ]
      },
      {
        "Node Type": "Index Scan",
        "Parent Relationship": "Inner",
        "Parallel Aware": false,
        "Scan Direction": "Forward",
        "Index Name": "title_pkey",
        "Relation Name": "title",
        "Alias": "t",
        "Startup Cost": 0.43,
        "Total Cost": 0.8,
        "Plan Rows": 1,
        "Plan Width": 95,
        "Actual Startup Time": 0.01,
        "Actual Total Time": 0.01,
        "Actual Rows": 0,
        "Actual Loops": 3877355,
        "Index Cond": "(id = mi.movie_id)",
        "Rows Removed by Index Recheck": 0,
        "Filter": "(kind_id = 4)",
        "Rows Removed by Filter": 1
      }
    ]
  }
}