{
  "Plan": {
    "Node Type": "Hash Join",
    "Parent Relationship": "Outer",
    "Parallel Aware": true,
    "Join Type": "Inner",
    "Startup Cost": 44808.23,
    "Total Cost": 68345.79,
    "Plan Rows": 29862,
    "Plan Width": 120,
    "Actual Startup Time": 530.253,
    "Actual Total Time": 644.486,
    "Actual Rows": 20113,
    "Actual Loops": 3,
    "Inner Unique": true,
    "Hash Cond": "(mi_idx.movie_id = t.id)",
    "Plans": [
      {
        "Node Type": "Seq Scan",
        "Parent Relationship": "Outer",
        "Parallel Aware": true,
        "Relation Name": "movie_info_idx",
        "Alias": "mi_idx",
        "Startup Cost": 0.0,
        "Total Cost": 13685.15,
        "Plan Rows": 575015,
        "Plan Width": 25,
        "Actual Startup Time": 0.057,
        "Actual Total Time": 100.769,
        "Actual Rows": 460012,
        "Actual Loops": 3
      },
      {
        "Node Type": "Hash",
        "Parent Relationship": "Inner",
        "Parallel Aware": true,
        "Startup Cost": 43916.91,
        "Total Cost": 43916.91,
        "Plan Rows": 32826,
        "Plan Width": 95,
        "Actual Startup Time": 289.441,
        "Actual Total Time": 289.443,
        "Actual Rows": 42899,
        "Actual Loops": 3,
        "Hash Buckets": 32768,
        "Original Hash Buckets": 32768,
        "Hash Batches": 8,
        "Original Hash Batches": 8,
        "Peak Memory Usage": 2208,
        "Plans": [
          {
            "Node Type": "Seq Scan",
            "Parent Relationship": "Outer",
            "Parallel Aware": true,
            "Relation Name": "title",
            "Alias": "t",
            "Startup Cost": 0.0,
            "Total Cost": 43916.91,
            "Plan Rows": 32826,
            "Plan Width": 95,
            "Actual Startup Time": 0.059,
            "Actual Total Time": 266.255,
            "Actual Rows": 42899,
            "Actual Loops": 3,
            "Filter": "(production_year = 2009)",
            "Rows Removed by Filter": 799872
          }
        ]
      }
    ]
  }
}