{
  "Plan": {
    "Node Type": "Hash Join",
    "Parent Relationship": "Outer",
    "Parallel Aware": true,
    "Join Type": "Inner",
    "Startup Cost": 97319.29,
    "Total Cost": 302049.79,
    "Plan Rows": 15312,
    "Plan Width": 208,
    "Actual Startup Time": 1986.999,
    "Actual Total Time": 2224.659,
    "Actual Rows": 137973,
    "Actual Loops": 4,
    "Inner Unique": false,
    "Hash Cond": "(mi.movie_id = t.id)",
    "Plans": [
      {
        "Node Type": "Seq Scan",
        "Parent Relationship": "Outer",
        "Parallel Aware": true,
        "Relation Name": "movie_info",
        "Alias": "mi",
        "Startup Cost": 0.0,
        "Total Cost": 198938.07,
        "Plan Rows": 155773,
        "Plan Width": 73,
        "Actual Startup Time": 335.055,
        "Actual Total Time": 875.096,
        "Actual Rows": 200535,
        "Actual Loops": 4,
        "Filter": "(info_type_id < 2)",
        "Rows Removed by Filter": 3508395
      },
      {
        "Node Type": "Hash",
        "Parent Relationship": "Inner",
        "Parallel Aware": true,
        "Startup Cost": 95328.64,
        "Total Cost": 95328.64,
        "Plan Rows": 62132,
        "Plan Width": 135,
        "Actual Startup Time": 1044.211,
        "Actual Total Time": 1044.244,
        "Actual Rows": 146807,
        "Actual Loops": 4,
        "Hash Buckets": 32768,
        "Original Hash Buckets": 32768,
        "Hash Batches": 32,
        "Original Hash Batches": 16,
        "Peak Memory Usage": 3168,
        "Plans": [
          {
            "Node Type": "Hash Join",
            "Parent Relationship": "Outer",
            "Parallel Aware": true,
            "Join Type": "Inner",
            "Startup Cost": 41935.63,
            "Total Cost": 95328.64,
            "Plan Rows": 62132,
            "Plan Width": 135,
            "Actual Startup Time": 652.612,
            "Actual Total Time": 893.773,
            "Actual Rows": 146807,
            "Actual Loops": 4,
            "Inner Unique": false,
            "Hash Cond": "(t.id = mc.movie_id)",
            "Plans": [
              {
                "Node Type": "Seq Scan",
                "Parent Relationship": "Outer",
                "Parallel Aware": true,
                "Relation Name": "title",
                "Alias": "t",
                "Startup Cost": 0.0,
                "Total Cost": 43916.91,
                "Plan Rows": 243938,
                "Plan Width": 95,
                "Actual Startup Time": 0.054,
                "Actual Total Time": 225.747,
                "Actual Rows": 246262,
                "Actual Loops": 4,
                "Filter": "(kind_id < 7)",
                "Rows Removed by Filter": 385816
              },
              {
                "Node Type": "Hash",
                "Parent Relationship": "Inner",
                "Parallel Aware": true,
                "Startup Cost": 38665.23,
                "Total Cost": 38665.23,
                "Plan Rows": 160992,
                "Plan Width": 40,
                "Actual Startup Time": 311.676,
                "Actual Total Time": 311.68,
                "Actual Rows": 226017,
                "Actual Loops": 4,
                "Hash Buckets": 65536,
                "Original Hash Buckets": 65536,
                "Hash Batches": 32,
                "Original Hash Batches": 16,
                "Peak Memory Usage": 2656,
                "Plans": [
                  {
                    "Node Type": "Seq Scan",
                    "Parent Relationship": "Outer",
                    "Parallel Aware": true,
                    "Relation Name": "movie_companies",
                    "Alias": "mc",
                    "Startup Cost": 0.0,
                    "Total Cost": 38665.23,
                    "Plan Rows": 160992,
                    "Plan Width": 40,
                    "Actual Startup Time": 0.053,
                    "Actual Total Time": 182.152,
                    "Actual Rows": 226017,
                    "Actual Loops": 4,
                    "Filter": "((company_id < 11471) AND (company_type_id = 1))",
                    "Rows Removed by Filter": 426266
                  }
                ]
              }
            ]
          }
        ]
      }
    ]
  }
}