{
  "Plan": {
    "Node Type": "Hash Join",
    "Parent Relationship": "Outer",
    "Parallel Aware": true,
    "Join Type": "Inner",
    "Startup Cost": 49387.14,
    "Total Cost": 69722.15,
    "Plan Rows": 43293,
    "Plan Width": 120,
    "Actual Startup Time": 289.063,
    "Actual Total Time": 363.933,
    "Actual Rows": 27258,
    "Actual Loops": 6,
    "Inner Unique": true,
    "Hash Cond": "(mi_idx.movie_id = t.id)",
    "Plans": [
      {
        "Node Type": "Seq Scan",
        "Parent Relationship": "Outer",
        "Parallel Aware": true,
        "Relation Name": "movie_info_idx",
        "Alias": "mi_idx",
        "Startup Cost": 0.0,
        "Total Cost": 15122.68,
        "Plan Rows": 190982,
        "Plan Width": 25,
        "Actual Startup Time": 0.067,
        "Actual Total Time": 58.277,
        "Actual Rows": 76698,
        "Actual Loops": 6,
        "Filter": "(info_type_id > 100)",
        "Rows Removed by Filter": 153308
      },
      {
        "Node Type": "Hash",
        "Parent Relationship": "Inner",
        "Parallel Aware": true,
        "Startup Cost": 45497.09,
        "Total Cost": 45497.09,
        "Plan Rows": 143284,
        "Plan Width": 95,
        "Actual Startup Time": 195.957,
        "Actual Total Time": 195.959,
        "Actual Rows": 74920,
        "Actual Loops": 6,
        "Hash Buckets": 32768,
        "Original Hash Buckets": 32768,
        "Hash Batches": 32,
        "Original Hash Batches": 32,
        "Peak Memory Usage": 1952,
        "Plans": [
          {
            "Node Type": "Seq Scan",
            "Parent Relationship": "Outer",
            "Parallel Aware": true,
            "Relation Name": "title",
            "Alias": "t",
            "Startup Cost": 0.0,
            "Total Cost": 45497.09,
            "Plan Rows": 143284,
            "Plan Width": 95,
            "Actual Startup Time": 0.069,
            "Actual Total Time": 155.251,
            "Actual Rows": 74920,
            "Actual Loops": 6,
            "Filter": "((kind_id < 4) AND (production_year > 1992))",
            "Rows Removed by Filter": 346466
          }
        ]
      }
    ]
  }
}