{
  "Plan": {
    "Node Type": "Hash Join",
    "Parent Relationship": "Outer",
    "Parallel Aware": true,
    "Join Type": "Inner",
    "Startup Cost": 93817.87,
    "Total Cost": 381831.19,
    "Plan Rows": 990661,
    "Plan Width": 193,
    "Actual Startup Time": 2401.957,
    "Actual Total Time": 3404.016,
    "Actual Rows": 605624,
    "Actual Loops": 6,
    "Inner Unique": false,
    "Hash Cond": "(mi.movie_id = t.id)",
    "Plans": [
      {
        "Node Type": "Seq Scan",
        "Parent Relationship": "Outer",
        "Parallel Aware": true,
        "Relation Name": "movie_info",
        "Alias": "mi",
        "Startup Cost": 0.0,
        "Total Cost": 191549.05,
        "Plan Rows": 2955605,
        "Plan Width": 73,
        "Actual Startup Time": 0.042,
        "Actual Total Time": 713.457,
        "Actual Rows": 2472620,
        "Actual Loops": 6
      },
      {
        "Node Type": "Hash",
        "Parent Relationship": "Inner",
        "Parallel Aware": true,
        "Startup Cost": 83197.16,
        "Total Cost": 83197.16,
        "Plan Rows": 353097,
        "Plan Width": 120,
        "Actual Startup Time": 706.327,
        "Actual Total Time": 706.354,
        "Actual Rows": 70953,
        "Actual Loops": 6,
        "Hash Buckets": 32768,
        "Original Hash Buckets": 32768,
        "Hash Batches": 64,
        "Original Hash Batches": 64,
        "Peak Memory Usage": 1280,
        "Plans": [
          {
            "Node Type": "Hash Join",
            "Parent Relationship": "Outer",
            "Parallel Aware": true,
            "Join Type": "Inner",
            "Startup Cost": 54454.6,
            "Total Cost": 83197.16,
            "Plan Rows": 353097,
            "Plan Width": 120,
            "Actual Startup Time": 447.924,
            "Actual Total Time": 651.805,
            "Actual Rows": 70953,
            "Actual Loops": 6,
            "Inner Unique": true,
            "Hash Cond": "(mi_idx.movie_id = t.id)",
            "Plans": [
              {
                "Node Type": "Seq Scan",
                "Parent Relationship": "Outer",
                "Parallel Aware": true,
                "Relation Name": "movie_info_idx",
                "Alias": "mi_idx",
                "Startup Cost": 0.0,
                "Total Cost": 13685.15,
                "Plan Rows": 575015,
                "Plan Width": 25,
                "Actual Startup Time": 0.056,
                "Actual Total Time": 55.229,
                "Actual Rows": 230006,
                "Actual Loops": 6
              },
              {
                "Node Type": "Hash",
                "Parent Relationship": "Inner",
                "Parallel Aware": true,
                "Startup Cost": 43916.91,
                "Total Cost": 43916.91,
                "Plan Rows": 388135,
                "Plan Width": 95,
                "Actual Startup Time": 292.236,
                "Actual Total Time": 292.239,
                "Actual Rows": 257211,
                "Actual Loops": 6,
                "Hash Buckets": 32768,
                "Original Hash Buckets": 32768,
                "Hash Batches": 64,
                "Original Hash Batches": 64,
                "Peak Memory Usage": 3264,
                "Plans": [
                  {
                    "Node Type": "Seq Scan",
                    "Parent Relationship": "Outer",
                    "Parallel Aware": true,
                    "Relation Name": "title",
                    "Alias": "t",
                    "Startup Cost": 0.0,
                    "Total Cost": 43916.91,
                    "Plan Rows": 388135,
                    "Plan Width": 95,
                    "Actual Startup Time": 0.053,
                    "Actual Total Time": 162.901,
                    "Actual Rows": 257211,
                    "Actual Loops": 6,
                    "Filter": "(kind_id = 7)",
                    "Rows Removed by Filter": 164175
                  }
                ]
              }
            ]
          }
        ]
      }
    ]
  }
}