{
  "Plan": {
    "Node Type": "Hash Join",
    "Parent Relationship": "Outer",
    "Parallel Aware": true,
    "Join Type": "Inner",
    "Startup Cost": 77640.36,
    "Total Cost": 128091.54,
    "Plan Rows": 73992,
    "Plan Width": 160,
    "Actual Startup Time": 875.624,
    "Actual Total Time": 1034.674,
    "Actual Rows": 62981,
    "Actual Loops": 5,
    "Inner Unique": false,
    "Hash Cond": "(mc.movie_id = t.id)",
    "Plans": [
      {
        "Node Type": "Seq Scan",
        "Parent Relationship": "Outer",
        "Parallel Aware": true,
        "Relation Name": "movie_companies",
        "Alias": "mc",
        "Startup Cost": 0.0,
        "Total Cost": 35403.82,
        "Plan Rows": 652282,
        "Plan Width": 40,
        "Actual Startup Time": 0.045,
        "Actual Total Time": 135.864,
        "Actual Rows": 521826,
        "Actual Loops": 5
      },
      {
        "Node Type": "Hash",
        "Parent Relationship": "Inner",
        "Parallel Aware": true,
        "Startup Cost": 74045.61,
        "Total Cost": 74045.61,
        "Plan Rows": 119500,
        "Plan Width": 120,
        "Actual Startup Time": 570.499,
        "Actual Total Time": 570.531,
        "Actual Rows": 26622,
        "Actual Loops": 5,
        "Hash Buckets": 32768,
        "Original Hash Buckets": 32768,
        "Hash Batches": 16,
        "Original Hash Batches": 16,
        "Peak Memory Usage": 1504,
        "Plans": [
          {
            "Node Type": "Hash Join",
            "Parent Relationship": "Outer",
            "Parallel Aware": true,
            "Join Type": "Inner",
            "Startup Cost": 49064.05,
            "Total Cost": 74045.61,
            "Plan Rows": 119500,
            "Plan Width": 120,
            "Actual Startup Time": 407.13,
            "Actual Total Time": 527.458,
            "Actual Rows": 26622,
            "Actual Loops": 5,
            "Inner Unique": true,
            "Hash Cond": "(mi_idx.movie_id = t.id)",
            "Plans": [
              {
                "Node Type": "Seq Scan",
                "Parent Relationship": "Outer",
                "Parallel Aware": true,
                "Relation Name": "movie_info_idx",
                "Alias": "mi_idx",
                "Startup Cost": 0.0,
                "Total Cost": 13685.15,
                "Plan Rows": 575015,
                "Plan Width": 25,
                "Actual Startup Time": 0.066,
                "Actual Total Time": 65.442,
                "Actual Rows": 276007,
                "Actual Loops": 5
              },
              {
                "Node Type": "Hash",
                "Parent Relationship": "Inner",
                "Parallel Aware": true,
                "Startup Cost": 45497.09,
                "Total Cost": 45497.09,
                "Plan Rows": 131357,
                "Plan Width": 95,
                "Actual Startup Time": 246.127,
                "Actual Total Time": 246.133,
                "Actual Rows": 111588,
                "Actual Loops": 5,
                "Hash Buckets": 32768,
                "Original Hash Buckets": 32768,
                "Hash Batches": 32,
                "Original Hash Batches": 32,
                "Peak Memory Usage": 2464,
                "Plans": [
                  {
                    "Node Type": "Seq Scan",
                    "Parent Relationship": "Outer",
                    "Parallel Aware": true,
                    "Relation Name": "title",
                    "Alias": "t",
                    "Startup Cost": 0.0,
                    "Total Cost": 45497.09,
                    "Plan Rows": 131357,
                    "Plan Width": 95,
                    "Actual Startup Time": 0.052,
                    "Actual Total Time": 190.996,
                    "Actual Rows": 111588,
                    "Actual Loops": 5,
                    "Filter": "((kind_id > 3) AND (production_year > 2007))",
                    "Rows Removed by Filter": 394074
                  }
                ]
              }
            ]
          }
        ]
      }
    ]
  }
}