{
  "Plan": {
    "Node Type": "Hash Join",
    "Parent Relationship": "Outer",
    "Parallel Aware": true,
    "Join Type": "Inner",
    "Startup Cost": 77690.55,
    "Total Cost": 121246.94,
    "Plan Rows": 27503,
    "Plan Width": 160,
    "Actual Startup Time": 697.016,
    "Actual Total Time": 803.617,
    "Actual Rows": 50889,
    "Actual Loops": 6,
    "Inner Unique": false,
    "Hash Cond": "(mc.movie_id = t.id)",
    "Plans": [
      {
        "Node Type": "Seq Scan",
        "Parent Relationship": "Outer",
        "Parallel Aware": true,
        "Relation Name": "movie_companies",
        "Alias": "mc",
        "Startup Cost": 0.0,
        "Total Cost": 37034.53,
        "Plan Rows": 275759,
        "Plan Width": 40,
        "Actual Startup Time": 0.052,
        "Actual Total Time": 122.433,
        "Actual Rows": 185609,
        "Actual Loops": 6,
        "Filter": "(company_id < 7851)",
        "Rows Removed by Filter": 249246
      },
      {
        "Node Type": "Hash",
        "Parent Relationship": "Inner",
        "Parallel Aware": true,
        "Startup Cost": 75793.54,
        "Total Cost": 75793.54,
        "Plan Rows": 63041,
        "Plan Width": 120,
        "Actual Startup Time": 511.89,
        "Actual Total Time": 511.92,
        "Actual Rows": 36898,
        "Actual Loops": 6,
        "Hash Buckets": 32768,
        "Original Hash Buckets": 32768,
        "Hash Batches": 16,
        "Original Hash Batches": 16,
        "Peak Memory Usage": 2144,
        "Plans": [
          {
            "Node Type": "Hash Join",
            "Parent Relationship": "Outer",
            "Parallel Aware": true,
            "Join Type": "Inner",
            "Startup Cost": 18815.96,
            "Total Cost": 75793.54,
            "Plan Rows": 63041,
            "Plan Width": 120,
            "Actual Startup Time": 359.513,
            "Actual Total Time": 480.401,
            "Actual Rows": 36898,
            "Actual Loops": 6,
            "Inner Unique": false,
            "Hash Cond": "(t.id = mi_idx.movie_id)",
            "Plans": [
              {
                "Node Type": "Seq Scan",
                "Parent Relationship": "Outer",
                "Parallel Aware": true,
                "Relation Name": "title",
                "Alias": "t",
                "Startup Cost": 0.0,
                "Total Cost": 43916.91,
                "Plan Rows": 347734,
                "Plan Width": 95,
                "Actual Startup Time": 0.043,
                "Actual Total Time": 174.947,
                "Actual Rows": 230242,
                "Actual Loops": 6,
                "Filter": "(production_year > 2000)",
                "Rows Removed by Filter": 191143
              },
              {
                "Node Type": "Hash",
                "Parent Relationship": "Inner",
                "Parallel Aware": true,
                "Startup Cost": 15122.68,
                "Total Cost": 15122.68,
                "Plan Rows": 190982,
                "Plan Width": 25,
                "Actual Startup Time": 80.158,
                "Actual Total Time": 80.163,
                "Actual Rows": 76698,
                "Actual Loops": 6,
                "Hash Buckets": 65536,
                "Original Hash Buckets": 65536,
                "Hash Batches": 16,
                "Original Hash Batches": 16,
                "Peak Memory Usage": 1952,
                "Plans": [
                  {
                    "Node Type": "Seq Scan",
                    "Parent Relationship": "Outer",
                    "Parallel Aware": true,
                    "Relation Name": "movie_info_idx",
                    "Alias": "mi_idx",
                    "Startup Cost": 0.0,
                    "Total Cost": 15122.68,
                    "Plan Rows": 190982,
                    "Plan Width": 25,
                    "Actual Startup Time": 0.053,
                    "Actual Total Time": 56.747,
                    "Actual Rows": 76698,
                    "Actual Loops": 6,
                    "Filter": "(info_type_id > 100)",
                    "Rows Removed by Filter": 153308
                  }
                ]
              }
            ]
          }
        ]
      }
    ]
  }
}