{
  "Plan": {
    "Node Type": "Hash Join",
    "Parent Relationship": "Outer",
    "Parallel Aware": true,
    "Join Type": "Inner",
    "Startup Cost": 45533.28,
    "Total Cost": 88411.36,
    "Plan Rows": 6684,
    "Plan Width": 107,
    "Actual Startup Time": 141.395,
    "Actual Total Time": 428.804,
    "Actual Rows": 9273,
    "Actual Loops": 6,
    "Inner Unique": true,
    "Hash Cond": "(mk.movie_id = t.id)",
    "Plans": [
      {
        "Node Type": "Seq Scan",
        "Parent Relationship": "Outer",
        "Parallel Aware": true,
        "Relation Name": "movie_keyword",
        "Alias": "mk",
        "Startup Cost": 0.0,
        "Total Cost": 39047.32,
        "Plan Rows": 1459332,
        "Plan Width": 12,
        "Actual Startup Time": 0.05,
        "Actual Total Time": 135.766,
        "Actual Rows": 753988,
        "Actual Loops": 6
      },
      {
        "Node Type": "Hash",
        "Parent Relationship": "Inner",
        "Parallel Aware": true,
        "Startup Cost": 45497.09,
        "Total Cost": 45497.09,
        "Plan Rows": 2895,
        "Plan Width": 95,
        "Actual Startup Time": 140.626,
        "Actual Total Time": 140.631,
        "Actual Rows": 1857,
        "Actual Loops": 6,
        "Hash Buckets": 16384,
        "Original Hash Buckets": 16384,
        "Hash Batches": 1,
        "Original Hash Batches": 1,
        "Peak Memory Usage": 1504,
        "Plans": [
          {
            "Node Type": "Seq Scan",
            "Parent Relationship": "Outer",
            "Parallel Aware": true,
            "Relation Name": "title",
            "Alias": "t",
            "Startup Cost": 0.0,
            "Total Cost": 45497.09,
            "Plan Rows": 2895,
            "Plan Width": 95,
            "Actual Startup Time": 0.429,
            "Actual Total Time": 138.972,
            "Actual Rows": 1857,
            "Actual Loops": 6,
            "Filter": "((kind_id < 7) AND (production_year = 1994))",
            "Rows Removed by Filter": 419528
          }
        ]
      }
    ]
  }
}