{
  "Plan": {
    "Node Type": "Hash Join",
    "Parent Relationship": "Outer",
    "Parallel Aware": true,
    "Join Type": "Inner",
    "Startup Cost": 82946.04,
    "Total Cost": 127843.89,
    "Plan Rows": 12389,
    "Plan Width": 147,
    "Actual Startup Time": 398.919,
    "Actual Total Time": 509.14,
    "Actual Rows": 2481,
    "Actual Loops": 7,
    "Inner Unique": false,
    "Hash Cond": "(mk.movie_id = t.id)",
    "Plans": [
      {
        "Node Type": "Seq Scan",
        "Parent Relationship": "Outer",
        "Parallel Aware": true,
        "Relation Name": "movie_keyword",
        "Alias": "mk",
        "Startup Cost": 0.0,
        "Total Cost": 42695.65,
        "Plan Rows": 578994,
        "Plan Width": 12,
        "Actual Startup Time": 0.055,
        "Actual Total Time": 142.532,
        "Actual Rows": 257208,
        "Actual Loops": 7,
        "Filter": "(keyword_id < 2909)",
        "Rows Removed by Filter": 389068
      },
      {
        "Node Type": "Hash",
        "Parent Relationship": "Inner",
        "Parallel Aware": true,
        "Startup Cost": 82776.98,
        "Total Cost": 82776.98,
        "Plan Rows": 13525,
        "Plan Width": 135,
        "Actual Startup Time": 321.324,
        "Actual Total Time": 321.35,
        "Actual Rows": 2372,
        "Actual Loops": 7,
        "Hash Buckets": 65536,
        "Original Hash Buckets": 65536,
        "Hash Batches": 1,
        "Original Hash Batches": 1,
        "Peak Memory Usage": 3168,
        "Plans": [
          {
            "Node Type": "Hash Join",
            "Parent Relationship": "Outer",
            "Parallel Aware": true,
            "Join Type": "Inner",
            "Startup Cost": 45660.92,
            "Total Cost": 82776.98,
            "Plan Rows": 13525,
            "Plan Width": 135,
            "Actual Startup Time": 139.522,
            "Actual Total Time": 318.334,
            "Actual Rows": 2372,
            "Actual Loops": 7,
            "Inner Unique": true,
            "Hash Cond": "(mc.movie_id = t.id)",
            "Plans": [
              {
                "Node Type": "Seq Scan",
                "Parent Relationship": "Outer",
                "Parallel Aware": true,
                "Relation Name": "movie_companies",
                "Alias": "mc",
                "Startup Cost": 0.0,
                "Total Cost": 35403.82,
                "Plan Rows": 652282,
                "Plan Width": 40,
                "Actual Startup Time": 0.043,
                "Actual Total Time": 75.289,
                "Actual Rows": 372733,
                "Actual Loops": 7
              },
              {
                "Node Type": "Hash",
                "Parent Relationship": "Inner",
                "Parallel Aware": true,
                "Startup Cost": 45497.09,
                "Total Cost": 45497.09,
                "Plan Rows": 13106,
                "Plan Width": 95,
                "Actual Startup Time": 126.926,
                "Actual Total Time": 126.931,
                "Actual Rows": 8069,
                "Actual Loops": 7,
                "Hash Buckets": 65536,
                "Original Hash Buckets": 65536,
                "Hash Batches": 1,
                "Original Hash Batches": 1,
                "Peak Memory Usage": 7264,
                "Plans": [
                  {
                    "Node Type": "Seq Scan",
                    "Parent Relationship": "Outer",
                    "Parallel Aware": true,
                    "Relation Name": "title",
                    "Alias": "t",
                    "Startup Cost": 0.0,
                    "Total Cost": 45497.09,
                    "Plan Rows": 13106,
                    "Plan Width": 95,
                    "Actual Startup Time": 0.048,
                    "Actual Total Time": 121.249,
                    "Actual Rows": 8069,
                    "Actual Loops": 7,
                    "Filter": "((kind_id = 7) AND (production_year = 2004))",
                    "Rows Removed by Filter": 353119
                  }
                ]
              }
            ]
          }
        ]
      }
    ]
  }
}