{
  "Plan": {
    "Node Type": "Hash Join",
    "Parent Relationship": "Outer",
    "Parallel Aware": true,
    "Join Type": "Inner",
    "Startup Cost": 81661.51,
    "Total Cost": 97503.0,
    "Plan Rows": 17,
    "Plan Width": 172,
    "Actual Startup Time": 250.915,
    "Actual Total Time": 318.835,
    "Actual Rows": 112,
    "Actual Loops": 7,
    "Inner Unique": false,
    "Hash Cond": "(mi_idx.movie_id = t.id)",
    "Plans": [
      {
        "Node Type": "Seq Scan",
        "Parent Relationship": "Outer",
        "Parallel Aware": true,
        "Relation Name": "movie_info_idx",
        "Alias": "mi_idx",
        "Startup Cost": 0.0,
        "Total Cost": 13685.15,
        "Plan Rows": 575015,
        "Plan Width": 25,
        "Actual Startup Time": 0.049,
        "Actual Total Time": 35.637,
        "Actual Rows": 197148,
        "Actual Loops": 7
      },
      {
        "Node Type": "Hash",
        "Parent Relationship": "Inner",
        "Parallel Aware": true,
        "Startup Cost": 81661.27,
        "Total Cost": 81661.27,
        "Plan Rows": 19,
        "Plan Width": 147,
        "Actual Startup Time": 246.721,
        "Actual Total Time": 246.762,
        "Actual Rows": 41,
        "Actual Loops": 7,
        "Hash Buckets": 1024,
        "Original Hash Buckets": 1024,
        "Hash Batches": 1,
        "Original Hash Batches": 1,
        "Peak Memory Usage": 232,
        "Plans": [
          {
            "Node Type": "Hash Join",
            "Parent Relationship": "Outer",
            "Parallel Aware": true,
            "Join Type": "Inner",
            "Startup Cost": 43368.34,
            "Total Cost": 81661.27,
            "Plan Rows": 19,
            "Plan Width": 147,
            "Actual Startup Time": 135.677,
            "Actual Total Time": 246.573,
            "Actual Rows": 41,
            "Actual Loops": 7,
            "Inner Unique": false,
            "Hash Cond": "(mc.movie_id = t.id)",
            "Plans": [
              {
                "Node Type": "Seq Scan",
                "Parent Relationship": "Outer",
                "Parallel Aware": true,
                "Relation Name": "movie_companies",
                "Alias": "mc",
                "Startup Cost": 0.0,
                "Total Cost": 37034.53,
                "Plan Rows": 335556,
                "Plan Width": 40,
                "Actual Startup Time": 4.559,
                "Actual Total Time": 98.418,
                "Actual Rows": 190698,
                "Actual Loops": 7,
                "Filter": "(company_type_id = 2)",
                "Rows Removed by Filter": 182035
              },
              {
                "Node Type": "Hash",
                "Parent Relationship": "Inner",
                "Parallel Aware": true,
                "Startup Cost": 43367.78,
                "Total Cost": 43367.78,
                "Plan Rows": 45,
                "Plan Width": 107,
                "Actual Startup Time": 121.471,
                "Actual Total Time": 121.49,
                "Actual Rows": 19,
                "Actual Loops": 7,
                "Hash Buckets": 1024,
                "Original Hash Buckets": 1024,
                "Hash Batches": 1,
                "Original Hash Batches": 1,
                "Peak Memory Usage": 232,
                "Plans": [
                  {
                    "Node Type": "Nested Loop",
                    "Parent Relationship": "Outer",
                    "Parallel Aware": false,
                    "Join Type": "Inner",
                    "Startup Cost": 0.43,
                    "Total Cost": 43367.78,
                    "Plan Rows": 45,
                    "Plan Width": 107,
                    "Actual Startup Time": 6.451,
                    "Actual Total Time": 121.35,
                    "Actual Rows": 19,
                    "Actual Loops": 7,
                    "Inner Unique": true,
                    "Plans": [
                      {
                        "Node Type": "Seq Scan",
                        "Parent Relationship": "Outer",
                        "Parallel Aware": true,
                        "Relation Name": "movie_keyword",
                        "Alias": "mk",
                        "Startup Cost": 0.0,
                        "Total Cost": 42695.65,
                        "Plan Rows": 80,
                        "Plan Width": 12,
                        "Actual Startup Time": 3.089,
                        "Actual Total Time": 118.892,
                        "Actual Rows": 69,
                        "Actual Loops": 7,
                        "Filter": "(keyword_id = 13886)",
                        "Rows Removed by Filter": 646207
                      },
                      {
                        "Node Type": "Index Scan",
                        "Parent Relationship": "Inner",
                        "Parallel Aware": false,
                        "Scan Direction": "Forward",
                        "Index Name": "title_pkey",
                        "Relation Name": "title",
                        "Alias": "t",
                        "Startup Cost": 0.43,
                        "Total Cost": 8.4,
                        "Plan Rows": 1,
                        "Plan Width": 95,
                        "Actual Startup Time": 0.033,
                        "Actual Total Time": 0.033,
                        "Actual Rows": 0,
                        "Actual Loops": 483,
                        "Index Cond": "(id = mk.movie_id)",
                        "Rows Removed by Index Recheck": 0,
                        "Filter": "(production_year > 1999)",
                        "Rows Removed by Filter": 1
                      }
                    ]
                  }
                ]
              }
            ]
          }
        ]
      }
    ]
  }
}