{
  "Plan": {
    "Node Type": "Hash Join",
    "Parent Relationship": "Outer",
    "Parallel Aware": true,
    "Join Type": "Inner",
    "Startup Cost": 104410.46,
    "Total Cost": 308033.75,
    "Plan Rows": 5561,
    "Plan Width": 205,
    "Actual Startup Time": 607.096,
    "Actual Total Time": 2394.996,
    "Actual Rows": 1511179,
    "Actual Loops": 6,
    "Inner Unique": false,
    "Hash Cond": "(mi.movie_id = t.id)",
    "Plans": [
      {
        "Node Type": "Seq Scan",
        "Parent Relationship": "Outer",
        "Parallel Aware": true,
        "Relation Name": "movie_info",
        "Alias": "mi",
        "Startup Cost": 0.0,
        "Total Cost": 198938.07,
        "Plan Rows": 1243214,
        "Plan Width": 73,
        "Actual Startup Time": 0.051,
        "Actual Total Time": 673.135,
        "Actual Rows": 1037249,
        "Actual Loops": 6,
        "Filter": "(info_type_id > 8)",
        "Rows Removed by Filter": 1435371
      },
      {
        "Node Type": "Hash",
        "Parent Relationship": "Inner",
        "Parallel Aware": true,
        "Startup Cost": 104351.56,
        "Total Cost": 104351.56,
        "Plan Rows": 4712,
        "Plan Width": 132,
        "Actual Startup Time": 606.207,
        "Actual Total Time": 606.805,
        "Actual Rows": 23807,
        "Actual Loops": 6,
        "Hash Buckets": 262144,
        "Original Hash Buckets": 16384,
        "Hash Batches": 1,
        "Original Hash Batches": 1,
        "Peak Memory Usage": 24480,
        "Plans": [
          {
            "Node Type": "Hash Join",
            "Parent Relationship": "Outer",
            "Parallel Aware": true,
            "Join Type": "Inner",
            "Startup Cost": 88494.91,
            "Total Cost": 104351.56,
            "Plan Rows": 4712,
            "Plan Width": 132,
            "Actual Startup Time": 441.329,
            "Actual Total Time": 561.241,
            "Actual Rows": 23807,
            "Actual Loops": 6,
            "Inner Unique": false,
            "Hash Cond": "(mi_idx.movie_id = t.id)",
            "Plans": [
              {
                "Node Type": "Seq Scan",
                "Parent Relationship": "Outer",
                "Parallel Aware": true,
                "Relation Name": "movie_info_idx",
                "Alias": "mi_idx",
                "Startup Cost": 0.0,
                "Total Cost": 13685.15,
                "Plan Rows": 575015,
                "Plan Width": 25,
                "Actual Startup Time": 0.056,
                "Actual Total Time": 45.176,
                "Actual Rows": 230006,
                "Actual Loops": 6
              },
              {
                "Node Type": "Hash",
                "Parent Relationship": "Inner",
                "Parallel Aware": true,
                "Startup Cost": 88411.36,
                "Total Cost": 88411.36,
                "Plan Rows": 6684,
                "Plan Width": 107,
                "Actual Startup Time": 441.057,
                "Actual Total Time": 441.634,
                "Actual Rows": 9273,
                "Actual Loops": 6,
                "Hash Buckets": 65536,
                "Original Hash Buckets": 32768,
                "Hash Batches": 1,
                "Original Hash Batches": 1,
                "Peak Memory Usage": 7808,
                "Plans": [
                  {
                    "Node Type": "Hash Join",
                    "Parent Relationship": "Outer",
                    "Parallel Aware": true,
                    "Join Type": "Inner",
                    "Startup Cost": 45533.28,
                    "Total Cost": 88411.36,
                    "Plan Rows": 6684,
                    "Plan Width": 107,
                    "Actual Startup Time": 141.395,
                    "Actual Total Time": 428.804,
                    "Actual Rows": 9273,
                    "Actual Loops": 6,
                    "Inner Unique": true,
                    "Hash Cond": "(mk.movie_id = t.id)",
                    "Plans": [
                      {
                        "Node Type": "Seq Scan",
                        "Parent Relationship": "Outer",
                        "Parallel Aware": true,
                        "Relation Name": "movie_keyword",
                        "Alias": "mk",
                        "Startup Cost": 0.0,
                        "Total Cost": 39047.32,
                        "Plan Rows": 1459332,
                        "Plan Width": 12,
                        "Actual Startup Time": 0.05,
                        "Actual Total Time": 135.766,
                        "Actual Rows": 753988,
                        "Actual Loops": 6
                      },
                      {
                        "Node Type": "Hash",
                        "Parent Relationship": "Inner",
                        "Parallel Aware": true,
                        "Startup Cost": 45497.09,
                        "Total Cost": 45497.09,
                        "Plan Rows": 2895,
                        "Plan Width": 95,
                        "Actual Startup Time": 140.626,
                        "Actual Total Time": 140.631,
                        "Actual Rows": 1857,
                        "Actual Loops": 6,
                        "Hash Buckets": 16384,
                        "Original Hash Buckets": 16384,
                        "Hash Batches": 1,
                        "Original Hash Batches": 1,
                        "Peak Memory Usage": 1504,
                        "Plans": [
                          {
                            "Node Type": "Seq Scan",
                            "Parent Relationship": "Outer",
                            "Parallel Aware": true,
                            "Relation Name": "title",
                            "Alias": "t",
                            "Startup Cost": 0.0,
                            "Total Cost": 45497.09,
                            "Plan Rows": 2895,
                            "Plan Width": 95,
                            "Actual Startup Time": 0.429,
                            "Actual Total Time": 138.972,
                            "Actual Rows": 1857,
                            "Actual Loops": 6,
                            "Filter": "((kind_id < 7) AND (production_year = 1994))",
                            "Rows Removed by Filter": 419528
                          }
                        ]
                      }
                    ]
                  }
                ]
              }
            ]
          }
        ]
      }
    ]
  }
}