{
  "Plan": {
    "Node Type": "Hash Join",
    "Parallel Aware": false,
    "Join Type": "Inner",
    "Startup Cost": 129938.55,
    "Total Cost": 269563.81,
    "Plan Rows": 2609129,
    "Plan Width": 135,
    "Actual Startup Time": 2130.113,
    "Actual Total Time": 6755.306,
    "Actual Rows": 2609129,
    "Actual Loops": 1,
    "Inner Unique": true,
    "Hash Cond": "(mc.movie_id = t.id)",
    "Plans": [
      {
        "Node Type": "Seq Scan",
        "Parent Relationship": "Outer",
        "Parallel Aware": false,
        "Relation Name": "movie_companies",
        "Alias": "mc",
        "Startup Cost": 0.0,
        "Total Cost": 54972.29,
        "Plan Rows": 2609129,
        "Plan Width": 40,
        "Actual Startup Time": 0.07,
        "Actual Total Time": 658.35,
        "Actual Rows": 2609129,
        "Actual Loops": 1
      },
      {
        "Node Type": "Hash",
        "Parent Relationship": "Inner",
        "Parallel Aware": false,
        "Startup Cost": 61298.91,
        "Total Cost": 61298.91,
        "Plan Rows": 2528291,
        "Plan Width": 95,
        "Actual Startup Time": 2110.143,
        "Actual Total Time": 2110.146,
        "Actual Rows": 2528312,
        "Actual Loops": 1,
        "Hash Buckets": 32768,
        "Original Hash Buckets": 32768,
        "Hash Batches": 128,
        "Original Hash Batches": 128,
        "Peak Memory Usage": 2453,
        "Plans": [
          {
            "Node Type": "Seq Scan",
            "Parent Relationship": "Outer",
            "Parallel Aware": false,
            "Relation Name": "title",
            "Alias": "t",
            "Startup Cost": 0.0,
            "Total Cost": 61298.91,
            "Plan Rows": 2528291,
            "Plan Width": 95,
            "Actual Startup Time": 0.021,
            "Actual Total Time": 699.988,
            "Actual Rows": 2528312,
            "Actual Loops": 1
          }
        ]
      }
    ]
  }
}