{
  "Plan": {
    "Node Type": "Nested Loop",
    "Parent Relationship": "Outer",
    "Parallel Aware": false,
    "Join Type": "Inner",
    "Startup Cost": 41142.23,
    "Total Cost": 85981.48,
    "Plan Rows": 11,
    "Plan Width": 147,
    "Actual Startup Time": 302.698,
    "Actual Total Time": 310.488,
    "Actual Rows": 0,
    "Actual Loops": 7,
    "Inner Unique": true,
    "Plans": [
      {
        "Node Type": "Hash Join",
        "Parent Relationship": "Outer",
        "Parallel Aware": true,
        "Join Type": "Inner",
        "Startup Cost": 41141.8,
        "Total Cost": 84815.66,
        "Plan Rows": 1423,
        "Plan Width": 52,
        "Actual Startup Time": 278.55,
        "Actual Total Time": 305.679,
        "Actual Rows": 220,
        "Actual Loops": 7,
        "Inner Unique": false,
        "Hash Cond": "(mk.movie_id = mc.movie_id)",
        "Plans": [
          {
            "Node Type": "Seq Scan",
            "Parent Relationship": "Outer",
            "Parallel Aware": true,
            "Relation Name": "movie_keyword",
            "Alias": "mk",
            "Startup Cost": 0.0,
            "Total Cost": 42695.65,
            "Plan Rows": 1508,
            "Plan Width": 12,
            "Actual Startup Time": 0.467,
            "Actual Total Time": 118.449,
            "Actual Rows": 593,
            "Actual Loops": 7,
            "Filter": "(keyword_id = 3644)",
            "Rows Removed by Filter": 645683
          },
          {
            "Node Type": "Hash",
            "Parent Relationship": "Inner",
            "Parallel Aware": true,
            "Startup Cost": 38665.23,
            "Total Cost": 38665.23,
            "Plan Rows": 121885,
            "Plan Width": 40,
            "Actual Startup Time": 138.287,
            "Actual Total Time": 138.291,
            "Actual Rows": 113663,
            "Actual Loops": 7,
            "Hash Buckets": 65536,
            "Original Hash Buckets": 65536,
            "Hash Batches": 16,
            "Original Hash Batches": 16,
            "Peak Memory Usage": 3136,
            "Plans": [
              {
                "Node Type": "Seq Scan",
                "Parent Relationship": "Outer",
                "Parallel Aware": true,
                "Relation Name": "movie_companies",
                "Alias": "mc",
                "Startup Cost": 0.0,
                "Total Cost": 38665.23,
                "Plan Rows": 121885,
                "Plan Width": 40,
                "Actual Startup Time": 4.858,
                "Actual Total Time": 102.335,
                "Actual Rows": 113663,
                "Actual Loops": 7,
                "Filter": "((company_id > 19054) AND (company_type_id = 2))",
                "Rows Removed by Filter": 259070
              }
            ]
          }
        ]
      },
      {
        "Node Type": "Index Scan",
        "Parent Relationship": "Inner",
        "Parallel Aware": false,
        "Scan Direction": "Forward",
        "Index Name": "title_pkey",
        "Relation Name": "title",
        "Alias": "t",
        "Startup Cost": 0.43,
        "Total Cost": 0.82,
        "Plan Rows": 1,
        "Plan Width": 95,
        "Actual Startup Time": 0.021,
        "Actual Total Time": 0.021,
        "Actual Rows": 0,
        "Actual Loops": 1538,
        "Index Cond": "(id = mc.movie_id)",
        "Rows Removed by Index Recheck": 0,
        "Filter": "(kind_id = 3)",
        "Rows Removed by Filter": 1
      }
    ]
  }
}