{
  "Plan": {
    "Node Type": "Hash Join",
    "Parent Relationship": "Outer",
    "Parallel Aware": true,
    "Join Type": "Inner",
    "Startup Cost": 41141.8,
    "Total Cost": 84815.66,
    "Plan Rows": 1423,
    "Plan Width": 52,
    "Actual Startup Time": 278.55,
    "Actual Total Time": 305.679,
    "Actual Rows": 220,
    "Actual Loops": 7,
    "Inner Unique": false,
    "Hash Cond": "(mk.movie_id = mc.movie_id)",
    "Plans": [
      {
        "Node Type": "Seq Scan",
        "Parent Relationship": "Outer",
        "Parallel Aware": true,
        "Relation Name": "movie_keyword",
        "Alias": "mk",
        "Startup Cost": 0.0,
        "Total Cost": 42695.65,
        "Plan Rows": 1508,
        "Plan Width": 12,
        "Actual Startup Time": 0.467,
        "Actual Total Time": 118.449,
        "Actual Rows": 593,
        "Actual Loops": 7,
        "Filter": "(keyword_id = 3644)",
        "Rows Removed by Filter": 645683
      },
      {
        "Node Type": "Hash",
        "Parent Relationship": "Inner",
        "Parallel Aware": true,
        "Startup Cost": 38665.23,
        "Total Cost": 38665.23,
        "Plan Rows": 121885,
        "Plan Width": 40,
        "Actual Startup Time": 138.287,
        "Actual Total Time": 138.291,
        "Actual Rows": 113663,
        "Actual Loops": 7,
        "Hash Buckets": 65536,
        "Original Hash Buckets": 65536,
        "Hash Batches": 16,
        "Original Hash Batches": 16,
        "Peak Memory Usage": 3136,
        "Plans": [
          {
            "Node Type": "Seq Scan",
            "Parent Relationship": "Outer",
            "Parallel Aware": true,
            "Relation Name": "movie_companies",
            "Alias": "mc",
            "Startup Cost": 0.0,
            "Total Cost": 38665.23,
            "Plan Rows": 121885,
            "Plan Width": 40,
            "Actual Startup Time": 4.858,
            "Actual Total Time": 102.335,
            "Actual Rows": 113663,
            "Actual Loops": 7,
            "Filter": "((company_id > 19054) AND (company_type_id = 2))",
            "Rows Removed by Filter": 259070
          }
        ]
      }
    ]
  }
}