{
  "Plan": {
    "Node Type": "Hash Join",
    "Parent Relationship": "Outer",
    "Parallel Aware": true,
    "Join Type": "Inner",
    "Startup Cost": 406905.19,
    "Total Cost": 451430.82,
    "Plan Rows": 1396,
    "Plan Width": 228,
    "Actual Startup Time": 2530.29,
    "Actual Total Time": 3139.925,
    "Actual Rows": 260503,
    "Actual Loops": 4,
    "Inner Unique": false,
    "Hash Cond": "(mk.movie_id = t.id)",
    "Plans": [
      {
        "Node Type": "Seq Scan",
        "Parent Relationship": "Outer",
        "Parallel Aware": true,
        "Relation Name": "movie_keyword",
        "Alias": "mk",
        "Startup Cost": 0.0,
        "Total Cost": 39047.32,
        "Plan Rows": 1459332,
        "Plan Width": 12,
        "Actual Startup Time": 0.056,
        "Actual Total Time": 210.404,
        "Actual Rows": 1130982,
        "Actual Loops": 4
      },
      {
        "Node Type": "Hash",
        "Parent Relationship": "Inner",
        "Parallel Aware": true,
        "Startup Cost": 406892.59,
        "Total Cost": 406892.59,
        "Plan Rows": 1008,
        "Plan Width": 216,
        "Actual Startup Time": 2529.494,
        "Actual Total Time": 2529.538,
        "Actual Rows": 5465,
        "Actual Loops": 4,
        "Hash Buckets": 32768,
        "Original Hash Buckets": 4096,
        "Hash Batches": 1,
        "Original Hash Batches": 1,
        "Peak Memory Usage": 4704,
        "Plans": [
          {
            "Node Type": "Hash Join",
            "Parent Relationship": "Outer",
            "Parallel Aware": true,
            "Join Type": "Inner",
            "Startup Cost": 391049.45,
            "Total Cost": 406892.59,
            "Plan Rows": 1008,
            "Plan Width": 216,
            "Actual Startup Time": 2364.274,
            "Actual Total Time": 2516.031,
            "Actual Rows": 5465,
            "Actual Loops": 4,
            "Inner Unique": false,
            "Hash Cond": "(mi_idx.movie_id = t.id)",
            "Plans": [
              {
                "Node Type": "Seq Scan",
                "Parent Relationship": "Outer",
                "Parallel Aware": true,
                "Relation Name": "movie_info_idx",
                "Alias": "mi_idx",
                "Startup Cost": 0.0,
                "Total Cost": 13685.15,
                "Plan Rows": 575015,
                "Plan Width": 25,
                "Actual Startup Time": 0.047,
                "Actual Total Time": 63.88,
                "Actual Rows": 345009,
                "Actual Loops": 4
              },
              {
                "Node Type": "Hash",
                "Parent Relationship": "Inner",
                "Parallel Aware": true,
                "Startup Cost": 391040.23,
                "Total Cost": 391040.23,
                "Plan Rows": 738,
                "Plan Width": 191,
                "Actual Startup Time": 2364.1,
                "Actual Total Time": 2364.129,
                "Actual Rows": 2103,
                "Actual Loops": 4,
                "Hash Buckets": 8192,
                "Original Hash Buckets": 8192,
                "Hash Batches": 1,
                "Original Hash Batches": 1,
                "Peak Memory Usage": 1536,
                "Plans": [
                  {
                    "Node Type": "Nested Loop",
                    "Parent Relationship": "Outer",
                    "Parallel Aware": false,
                    "Join Type": "Inner",
                    "Startup Cost": 39493.05,
                    "Total Cost": 391040.23,
                    "Plan Rows": 738,
                    "Plan Width": 191,
                    "Actual Startup Time": 2248.366,
                    "Actual Total Time": 2359.714,
                    "Actual Rows": 2103,
                    "Actual Loops": 4,
                    "Inner Unique": true,
                    "Plans": [
                      {
                        "Node Type": "Hash Join",
                        "Parent Relationship": "Outer",
                        "Parallel Aware": true,
                        "Join Type": "Inner",
                        "Startup Cost": 39492.62,
                        "Total Cost": 383344.85,
                        "Plan Rows": 9361,
                        "Plan Width": 96,
                        "Actual Startup Time": 2248.111,
                        "Actual Total Time": 2293.629,
                        "Actual Rows": 4280,
                        "Actual Loops": 4,
                        "Inner Unique": false,
                        "Hash Cond": "(ci.movie_id = mc.movie_id)",
                        "Plans": [
                          {
                            "Node Type": "Seq Scan",
                            "Parent Relationship": "Outer",
                            "Parallel Aware": true,
                            "Relation Name": "cast_info",
                            "Alias": "ci",
                            "Startup Cost": 0.0,
                            "Total Cost": 342649.36,
                            "Plan Rows": 9994,
                            "Plan Width": 56,
                            "Actual Startup Time": 1698.994,
                            "Actual Total Time": 2031.621,
                            "Actual Rows": 17445,
                            "Actual Loops": 4,
                            "Filter": "((person_id < 525577) AND (role_id = 9))",
                            "Rows Removed by Filter": 9043641
                          },
                          {
                            "Node Type": "Hash",
                            "Parent Relationship": "Inner",
                            "Parallel Aware": true,
                            "Startup Cost": 37034.53,
                            "Total Cost": 37034.53,
                            "Plan Rows": 120967,
                            "Plan Width": 40,
                            "Actual Startup Time": 198.349,
                            "Actual Total Time": 198.354,
                            "Actual Rows": 122133,
                            "Actual Loops": 4,
                            "Hash Buckets": 65536,
                            "Original Hash Buckets": 65536,
                            "Hash Batches": 16,
                            "Original Hash Batches": 16,
                            "Peak Memory Usage": 2624,
                            "Plans": [
                              {
                                "Node Type": "Seq Scan",
                                "Parent Relationship": "Outer",
                                "Parallel Aware": true,
                                "Relation Name": "movie_companies",
                                "Alias": "mc",
                                "Startup Cost": 0.0,
                                "Total Cost": 37034.53,
                                "Plan Rows": 120967,
                                "Plan Width": 40,
                                "Actual Startup Time": 0.054,
                                "Actual Total Time": 158.662,
                                "Actual Rows": 122133,
                                "Actual Loops": 4,
                                "Filter": "(company_id < 428)",
                                "Rows Removed by Filter": 530149
                              }
                            ]
                          }
                        ]
                      },
                      {
                        "Node Type": "Index Scan",
                        "Parent Relationship": "Inner",
                        "Parallel Aware": false,
                        "Scan Direction": "Forward",
                        "Index Name": "title_pkey",
                        "Relation Name": "title",
                        "Alias": "t",
                        "Startup Cost": 0.43,
                        "Total Cost": 0.82,
                        "Plan Rows": 1,
                        "Plan Width": 95,
                        "Actual Startup Time": 0.015,
                        "Actual Total Time": 0.015,
                        "Actual Rows": 0,
                        "Actual Loops": 17120,
                        "Index Cond": "(id = mc.movie_id)",
                        "Rows Removed by Index Recheck": 0,
                        "Filter": "(kind_id < 7)",
                        "Rows Removed by Filter": 1
                      }
                    ]
                  }
                ]
              }
            ]
          }
        ]
      }
    ]
  }
}