{
  "Plan": {
    "Node Type": "Hash Join",
    "Parent Relationship": "Outer",
    "Parallel Aware": true,
    "Join Type": "Inner",
    "Startup Cost": 44399.38,
    "Total Cost": 372806.78,
    "Plan Rows": 366193,
    "Plan Width": 151,
    "Actual Startup Time": 134.77,
    "Actual Total Time": 3444.192,
    "Actual Rows": 354082,
    "Actual Loops": 7,
    "Inner Unique": true,
    "Hash Cond": "(ci.movie_id = t.id)",
    "Plans": [
      {
        "Node Type": "Seq Scan",
        "Parent Relationship": "Outer",
        "Parallel Aware": true,
        "Relation Name": "cast_info",
        "Alias": "ci",
        "Startup Cost": 0.0,
        "Total Cost": 312666.24,
        "Plan Rows": 5996624,
        "Plan Width": 56,
        "Actual Startup Time": 0.071,
        "Actual Total Time": 967.608,
        "Actual Rows": 5177763,
        "Actual Loops": 7
      },
      {
        "Node Type": "Hash",
        "Parent Relationship": "Inner",
        "Parallel Aware": true,
        "Startup Cost": 43916.91,
        "Total Cost": 43916.91,
        "Plan Rows": 38598,
        "Plan Width": 95,
        "Actual Startup Time": 133.887,
        "Actual Total Time": 133.891,
        "Actual Rows": 22860,
        "Actual Loops": 7,
        "Hash Buckets": 262144,
        "Original Hash Buckets": 262144,
        "Hash Batches": 1,
        "Original Hash Batches": 1,
        "Peak Memory Usage": 21088,
        "Plans": [
          {
            "Node Type": "Seq Scan",
            "Parent Relationship": "Outer",
            "Parallel Aware": true,
            "Relation Name": "title",
            "Alias": "t",
            "Startup Cost": 0.0,
            "Total Cost": 43916.91,
            "Plan Rows": 38598,
            "Plan Width": 95,
            "Actual Startup Time": 0.048,
            "Actual Total Time": 117.375,
            "Actual Rows": 22860,
            "Actual Loops": 7,
            "Filter": "(production_year = 2011)",
            "Rows Removed by Filter": 338328
          }
        ]
      }
    ]
  }
}