{
  "Plan": {
    "Node Type": "Hash Join",
    "Parent Relationship": "Outer",
    "Parallel Aware": true,
    "Join Type": "Inner",
    "Startup Cost": 49672.87,
    "Total Cost": 75835.43,
    "Plan Rows": 192860,
    "Plan Width": 120,
    "Actual Startup Time": 520.138,
    "Actual Total Time": 792.824,
    "Actual Rows": 213526,
    "Actual Loops": 4,
    "Inner Unique": true,
    "Hash Cond": "(mi_idx.movie_id = t.id)",
    "Plans": [
      {
        "Node Type": "Seq Scan",
        "Parent Relationship": "Outer",
        "Parallel Aware": true,
        "Relation Name": "movie_info_idx",
        "Alias": "mi_idx",
        "Startup Cost": 0.0,
        "Total Cost": 13685.15,
        "Plan Rows": 575015,
        "Plan Width": 25,
        "Actual Startup Time": 0.06,
        "Actual Total Time": 83.128,
        "Actual Rows": 345009,
        "Actual Loops": 4
      },
      {
        "Node Type": "Hash",
        "Parent Relationship": "Inner",
        "Parallel Aware": true,
        "Startup Cost": 43916.91,
        "Total Cost": 43916.91,
        "Plan Rows": 211997,
        "Plan Width": 95,
        "Actual Startup Time": 318.083,
        "Actual Total Time": 318.086,
        "Actual Rows": 213554,
        "Actual Loops": 4,
        "Hash Buckets": 32768,
        "Original Hash Buckets": 32768,
        "Hash Batches": 32,
        "Original Hash Batches": 32,
        "Peak Memory Usage": 3360,
        "Plans": [
          {
            "Node Type": "Seq Scan",
            "Parent Relationship": "Outer",
            "Parallel Aware": true,
            "Relation Name": "title",
            "Alias": "t",
            "Startup Cost": 0.0,
            "Total Cost": 43916.91,
            "Plan Rows": 211997,
            "Plan Width": 95,
            "Actual Startup Time": 0.061,
            "Actual Total Time": 221.489,
            "Actual Rows": 213554,
            "Actual Loops": 4,
            "Filter": "(kind_id < 4)",
            "Rows Removed by Filter": 418524
          }
        ]
      }
    ]
  }
}