{
  "Plan": {
    "Node Type": "Nested Loop",
    "Parent Relationship": "Outer",
    "Parallel Aware": false,
    "Join Type": "Inner",
    "Startup Cost": 38665.81,
    "Total Cost": 54540.03,
    "Plan Rows": 11,
    "Plan Width": 160,
    "Actual Startup Time": 180.131,
    "Actual Total Time": 182.232,
    "Actual Rows": 0,
    "Actual Loops": 6,
    "Inner Unique": true,
    "Join Filter": "(mc.movie_id = t.id)",
    "Rows Removed by Join Filter": 0,
    "Plans": [
      {
        "Node Type": "Hash Join",
        "Parent Relationship": "Outer",
        "Parallel Aware": true,
        "Join Type": "Inner",
        "Startup Cost": 38665.38,
        "Total Cost": 54506.97,
        "Plan Rows": 56,
        "Plan Width": 65,
        "Actual Startup Time": 180.101,
        "Actual Total Time": 182.186,
        "Actual Rows": 0,
        "Actual Loops": 6,
        "Inner Unique": false,
        "Hash Cond": "(mi_idx.movie_id = mc.movie_id)",
        "Plans": [
          {
            "Node Type": "Seq Scan",
            "Parent Relationship": "Outer",
            "Parallel Aware": true,
            "Relation Name": "movie_info_idx",
            "Alias": "mi_idx",
            "Startup Cost": 0.0,
            "Total Cost": 13685.15,
            "Plan Rows": 575015,
            "Plan Width": 25,
            "Actual Startup Time": 0.05,
            "Actual Total Time": 43.24,
            "Actual Rows": 230006,
            "Actual Loops": 6
          },
          {
            "Node Type": "Hash",
            "Parent Relationship": "Inner",
            "Parallel Aware": true,
            "Startup Cost": 38665.23,
            "Total Cost": 38665.23,
            "Plan Rows": 12,
            "Plan Width": 40,
            "Actual Startup Time": 98.158,
            "Actual Total Time": 98.17,
            "Actual Rows": 0,
            "Actual Loops": 6,
            "Hash Buckets": 1024,
            "Original Hash Buckets": 1024,
            "Hash Batches": 1,
            "Original Hash Batches": 1,
            "Peak Memory Usage": 40,
            "Plans": [
              {
                "Node Type": "Seq Scan",
                "Parent Relationship": "Outer",
                "Parallel Aware": true,
                "Relation Name": "movie_companies",
                "Alias": "mc",
                "Startup Cost": 0.0,
                "Total Cost": 38665.23,
                "Plan Rows": 12,
                "Plan Width": 40,
                "Actual Startup Time": 94.365,
                "Actual Total Time": 98.116,
                "Actual Rows": 0,
                "Actual Loops": 6,
                "Filter": "((company_id = 21738) AND (company_type_id = 1))",
                "Rows Removed by Filter": 434855
              }
            ]
          }
        ]
      },
      {
        "Node Type": "Index Scan",
        "Parent Relationship": "Inner",
        "Parallel Aware": false,
        "Scan Direction": "Forward",
        "Index Name": "title_pkey",
        "Relation Name": "title",
        "Alias": "t",
        "Startup Cost": 0.43,
        "Total Cost": 0.58,
        "Plan Rows": 1,
        "Plan Width": 95,
        "Actual Startup Time": 0.054,
        "Actual Total Time": 0.054,
        "Actual Rows": 1,
        "Actual Loops": 3,
        "Index Cond": "(id = mi_idx.movie_id)",
        "Rows Removed by Index Recheck": 0
      }
    ]
  }
}