{
  "Plan": {
    "Node Type": "Hash Join",
    "Parent Relationship": "Outer",
    "Parallel Aware": true,
    "Join Type": "Inner",
    "Startup Cost": 45050.47,
    "Total Cost": 111517.32,
    "Plan Rows": 314339,
    "Plan Width": 135,
    "Actual Startup Time": 831.69,
    "Actual Total Time": 1384.651,
    "Actual Rows": 318562,
    "Actual Loops": 4,
    "Inner Unique": false,
    "Hash Cond": "(t.id = mc.movie_id)",
    "Plans": [
      {
        "Node Type": "Seq Scan",
        "Parent Relationship": "Outer",
        "Parallel Aware": true,
        "Relation Name": "title",
        "Alias": "t",
        "Startup Cost": 0.0,
        "Total Cost": 42336.73,
        "Plan Rows": 632073,
        "Plan Width": 95,
        "Actual Startup Time": 0.042,
        "Actual Total Time": 193.747,
        "Actual Rows": 632078,
        "Actual Loops": 4
      },
      {
        "Node Type": "Hash",
        "Parent Relationship": "Inner",
        "Parallel Aware": true,
        "Startup Cost": 38665.23,
        "Total Cost": 38665.23,
        "Plan Rows": 314339,
        "Plan Width": 40,
        "Actual Startup Time": 303.261,
        "Actual Total Time": 303.265,
        "Actual Rows": 318562,
        "Actual Loops": 4,
        "Hash Buckets": 65536,
        "Original Hash Buckets": 65536,
        "Hash Batches": 32,
        "Original Hash Batches": 32,
        "Peak Memory Usage": 3520,
        "Plans": [
          {
            "Node Type": "Seq Scan",
            "Parent Relationship": "Outer",
            "Parallel Aware": true,
            "Relation Name": "movie_companies",
            "Alias": "mc",
            "Startup Cost": 0.0,
            "Total Cost": 38665.23,
            "Plan Rows": 314339,
            "Plan Width": 40,
            "Actual Startup Time": 0.048,
            "Actual Total Time": 197.371,
            "Actual Rows": 318562,
            "Actual Loops": 4,
            "Filter": "((company_id < 217207) AND (company_type_id = 1))",
            "Rows Removed by Filter": 333721
          }
        ]
      }
    ]
  }
}