{
  "Plan": {
    "Node Type": "Hash Join",
    "Parent Relationship": "Outer",
    "Parallel Aware": true,
    "Join Type": "Inner",
    "Startup Cost": 195312.52,
    "Total Cost": 447258.8,
    "Plan Rows": 144435,
    "Plan Width": 245,
    "Actual Startup Time": 5675.991,
    "Actual Total Time": 29341.43,
    "Actual Rows": 30391179,
    "Actual Loops": 6,
    "Inner Unique": false,
    "Hash Cond": "(mi.movie_id = t.id)",
    "Plans": [
      {
        "Node Type": "Seq Scan",
        "Parent Relationship": "Outer",
        "Parallel Aware": true,
        "Relation Name": "movie_info",
        "Alias": "mi",
        "Startup Cost": 0.0,
        "Total Cost": 198938.07,
        "Plan Rows": 1746479,
        "Plan Width": 73,
        "Actual Startup Time": 0.139,
        "Actual Total Time": 779.933,
        "Actual Rows": 1464430,
        "Actual Loops": 6,
        "Filter": "(info_type_id < 13)",
        "Rows Removed by Filter": 1008190
      },
      {
        "Node Type": "Hash",
        "Parent Relationship": "Inner",
        "Parallel Aware": true,
        "Startup Cost": 192822.41,
        "Total Cost": 192822.41,
        "Plan Rows": 67449,
        "Plan Width": 172,
        "Actual Startup Time": 3952.921,
        "Actual Total Time": 3953.265,
        "Actual Rows": 1181814,
        "Actual Loops": 6,
        "Hash Buckets": 32768,
        "Original Hash Buckets": 32768,
        "Hash Batches": 1024,
        "Original Hash Batches": 16,
        "Peak Memory Usage": 3328,
        "Plans": [
          {
            "Node Type": "Hash Join",
            "Parent Relationship": "Outer",
            "Parallel Aware": true,
            "Join Type": "Inner",
            "Startup Cost": 137303.29,
            "Total Cost": 192822.41,
            "Plan Rows": 67449,
            "Plan Width": 172,
            "Actual Startup Time": 1666.226,
            "Actual Total Time": 2493.261,
            "Actual Rows": 1181814,
            "Actual Loops": 6,
            "Inner Unique": false,
            "Hash Cond": "(mk.movie_id = t.id)",
            "Plans": [
              {
                "Node Type": "Seq Scan",
                "Parent Relationship": "Outer",
                "Parallel Aware": true,
                "Relation Name": "movie_keyword",
                "Alias": "mk",
                "Startup Cost": 0.0,
                "Total Cost": 42695.65,
                "Plan Rows": 775580,
                "Plan Width": 12,
                "Actual Startup Time": 0.14,
                "Actual Total Time": 205.049,
                "Actual Rows": 398965,
                "Actual Loops": 6,
                "Filter": "(keyword_id > 3921)",
                "Rows Removed by Filter": 355023
              },
              {
                "Node Type": "Hash",
                "Parent Relationship": "Inner",
                "Parallel Aware": true,
                "Startup Cost": 134100.11,
                "Total Cost": 134100.11,
                "Plan Rows": 91614,
                "Plan Width": 160,
                "Actual Startup Time": 1334.641,
                "Actual Total Time": 1334.91,
                "Actual Rows": 164136,
                "Actual Loops": 6,
                "Hash Buckets": 32768,
                "Original Hash Buckets": 32768,
                "Hash Batches": 64,
                "Original Hash Batches": 16,
                "Peak Memory Usage": 2752,
                "Plans": [
                  {
                    "Node Type": "Hash Join",
                    "Parent Relationship": "Outer",
                    "Parallel Aware": true,
                    "Join Type": "Inner",
                    "Startup Cost": 108200.62,
                    "Total Cost": 134100.11,
                    "Plan Rows": 91614,
                    "Plan Width": 160,
                    "Actual Startup Time": 972.183,
                    "Actual Total Time": 1181.531,
                    "Actual Rows": 164136,
                    "Actual Loops": 6,
                    "Inner Unique": false,
                    "Hash Cond": "(mi_idx.movie_id = t.id)",
                    "Plans": [
                      {
                        "Node Type": "Seq Scan",
                        "Parent Relationship": "Outer",
                        "Parallel Aware": true,
                        "Relation Name": "movie_info_idx",
                        "Alias": "mi_idx",
                        "Startup Cost": 0.0,
                        "Total Cost": 13685.15,
                        "Plan Rows": 575015,
                        "Plan Width": 25,
                        "Actual Startup Time": 0.056,
                        "Actual Total Time": 55.115,
                        "Actual Rows": 230006,
                        "Actual Loops": 6
                      },
                      {
                        "Node Type": "Hash",
                        "Parent Relationship": "Inner",
                        "Parallel Aware": true,
                        "Startup Cost": 104974.81,
                        "Total Cost": 104974.81,
                        "Plan Rows": 100705,
                        "Plan Width": 135,
                        "Actual Startup Time": 831.12,
                        "Actual Total Time": 831.295,
                        "Actual Rows": 118797,
                        "Actual Loops": 6,
                        "Hash Buckets": 32768,
                        "Original Hash Buckets": 32768,
                        "Hash Batches": 32,
                        "Original Hash Batches": 32,
                        "Peak Memory Usage": 3328,
                        "Plans": [
                          {
                            "Node Type": "Hash Join",
                            "Parent Relationship": "Outer",
                            "Parallel Aware": true,
                            "Join Type": "Inner",
                            "Startup Cost": 40711.05,
                            "Total Cost": 104974.81,
                            "Plan Rows": 100705,
                            "Plan Width": 135,
                            "Actual Startup Time": 489.97,
                            "Actual Total Time": 744.879,
                            "Actual Rows": 118797,
                            "Actual Loops": 6,
                            "Inner Unique": false,
                            "Hash Cond": "(t.id = mc.movie_id)",
                            "Plans": [
                              {
                                "Node Type": "Seq Scan",
                                "Parent Relationship": "Outer",
                                "Parallel Aware": true,
                                "Relation Name": "title",
                                "Alias": "t",
                                "Startup Cost": 0.0,
                                "Total Cost": 42336.73,
                                "Plan Rows": 632073,
                                "Plan Width": 95,
                                "Actual Startup Time": 0.05,
                                "Actual Total Time": 115.396,
                                "Actual Rows": 421385,
                                "Actual Loops": 6
                              },
                              {
                                "Node Type": "Hash",
                                "Parent Relationship": "Inner",
                                "Parallel Aware": true,
                                "Startup Cost": 38665.23,
                                "Total Cost": 38665.23,
                                "Plan Rows": 100705,
                                "Plan Width": 40,
                                "Actual Startup Time": 151.795,
                                "Actual Total Time": 151.802,
                                "Actual Rows": 118797,
                                "Actual Loops": 6,
                                "Hash Buckets": 65536,
                                "Original Hash Buckets": 65536,
                                "Hash Batches": 16,
                                "Original Hash Batches": 16,
                                "Peak Memory Usage": 2816,
                                "Plans": [
                                  {
                                    "Node Type": "Seq Scan",
                                    "Parent Relationship": "Outer",
                                    "Parallel Aware": true,
                                    "Relation Name": "movie_companies",
                                    "Alias": "mc",
                                    "Startup Cost": 0.0,
                                    "Total Cost": 38665.23,
                                    "Plan Rows": 100705,
                                    "Plan Width": 40,
                                    "Actual Startup Time": 5.567,
                                    "Actual Total Time": 117.26,
                                    "Actual Rows": 118797,
                                    "Actual Loops": 6,
                                    "Filter": "((company_id > 33285) AND (company_type_id > 1))",
                                    "Rows Removed by Filter": 316058
                                  }
                                ]
                              }
                            ]
                          }
                        ]
                      }
                    ]
                  }
                ]
              }
            ]
          }
        ]
      }
    ]
  }
}