{
  "Plan": {
    "Node Type": "Hash Join",
    "Parent Relationship": "Outer",
    "Parallel Aware": true,
    "Join Type": "Inner",
    "Startup Cost": 59905.6,
    "Total Cost": 395218.49,
    "Plan Rows": 38234,
    "Plan Width": 176,
    "Actual Startup Time": 211.268,
    "Actual Total Time": 2846.005,
    "Actual Rows": 71232,
    "Actual Loops": 7,
    "Inner Unique": false,
    "Hash Cond": "(ci.movie_id = t.id)",
    "Plans": [
      {
        "Node Type": "Seq Scan",
        "Parent Relationship": "Outer",
        "Parallel Aware": true,
        "Relation Name": "cast_info",
        "Alias": "ci",
        "Startup Cost": 0.0,
        "Total Cost": 312666.24,
        "Plan Rows": 5996624,
        "Plan Width": 56,
        "Actual Startup Time": 0.055,
        "Actual Total Time": 931.02,
        "Actual Rows": 5177763,
        "Actual Loops": 7
      },
      {
        "Node Type": "Hash",
        "Parent Relationship": "Inner",
        "Parallel Aware": true,
        "Startup Cost": 59821.63,
        "Total Cost": 59821.63,
        "Plan Rows": 6717,
        "Plan Width": 120,
        "Actual Startup Time": 210.601,
        "Actual Total Time": 210.789,
        "Actual Rows": 5384,
        "Actual Loops": 7,
        "Hash Buckets": 65536,
        "Original Hash Buckets": 16384,
        "Hash Batches": 1,
        "Original Hash Batches": 1,
        "Peak Memory Usage": 6208,
        "Plans": [
          {
            "Node Type": "Hash Join",
            "Parent Relationship": "Outer",
            "Parallel Aware": true,
            "Join Type": "Inner",
            "Startup Cost": 44191.33,
            "Total Cost": 59821.63,
            "Plan Rows": 6717,
            "Plan Width": 120,
            "Actual Startup Time": 155.559,
            "Actual Total Time": 199.001,
            "Actual Rows": 5384,
            "Actual Loops": 7,
            "Inner Unique": true,
            "Hash Cond": "(mi_idx.movie_id = t.id)",
            "Plans": [
              {
                "Node Type": "Seq Scan",
                "Parent Relationship": "Outer",
                "Parallel Aware": true,
                "Relation Name": "movie_info_idx",
                "Alias": "mi_idx",
                "Startup Cost": 0.0,
                "Total Cost": 15122.68,
                "Plan Rows": 193378,
                "Plan Width": 25,
                "Actual Startup Time": 0.122,
                "Actual Total Time": 46.364,
                "Actual Rows": 65704,
                "Actual Loops": 7,
                "Filter": "(info_type_id = 100)",
                "Rows Removed by Filter": 131444
              },
              {
                "Node Type": "Hash",
                "Parent Relationship": "Inner",
                "Parallel Aware": true,
                "Startup Cost": 43916.91,
                "Total Cost": 43916.91,
                "Plan Rows": 21954,
                "Plan Width": 95,
                "Actual Startup Time": 121.873,
                "Actual Total Time": 121.878,
                "Actual Rows": 12979,
                "Actual Loops": 7,
                "Hash Buckets": 131072,
                "Original Hash Buckets": 131072,
                "Hash Batches": 1,
                "Original Hash Batches": 1,
                "Peak Memory Usage": 12192,
                "Plans": [
                  {
                    "Node Type": "Seq Scan",
                    "Parent Relationship": "Outer",
                    "Parallel Aware": true,
                    "Relation Name": "title",
                    "Alias": "t",
                    "Startup Cost": 0.0,
                    "Total Cost": 43916.91,
                    "Plan Rows": 21954,
                    "Plan Width": 95,
                    "Actual Startup Time": 0.052,
                    "Actual Total Time": 112.891,
                    "Actual Rows": 12979,
                    "Actual Loops": 7,
                    "Filter": "(kind_id = 2)",
                    "Rows Removed by Filter": 348209
                  }
                ]
              }
            ]
          }
        ]
      }
    ]
  }
}