{
  "Plan": {
    "Node Type": "Hash Join",
    "Parent Relationship": "Outer",
    "Parallel Aware": true,
    "Join Type": "Inner",
    "Startup Cost": 55321.86,
    "Total Cost": 84532.42,
    "Plan Rows": 382155,
    "Plan Width": 120,
    "Actual Startup Time": 429.228,
    "Actual Total Time": 629.421,
    "Actual Rows": 75133,
    "Actual Loops": 7,
    "Inner Unique": true,
    "Hash Cond": "(mi_idx.movie_id = t.id)",
    "Plans": [
      {
        "Node Type": "Seq Scan",
        "Parent Relationship": "Outer",
        "Parallel Aware": true,
        "Relation Name": "movie_info_idx",
        "Alias": "mi_idx",
        "Startup Cost": 0.0,
        "Total Cost": 13685.15,
        "Plan Rows": 575015,
        "Plan Width": 25,
        "Actual Startup Time": 0.054,
        "Actual Total Time": 51.361,
        "Actual Rows": 197148,
        "Actual Loops": 7
      },
      {
        "Node Type": "Hash",
        "Parent Relationship": "Inner",
        "Parallel Aware": true,
        "Startup Cost": 43916.91,
        "Total Cost": 43916.91,
        "Plan Rows": 420076,
        "Plan Width": 95,
        "Actual Startup Time": 280.323,
        "Actual Total Time": 280.326,
        "Actual Rows": 239157,
        "Actual Loops": 7,
        "Hash Buckets": 32768,
        "Original Hash Buckets": 32768,
        "Hash Batches": 64,
        "Original Hash Batches": 64,
        "Peak Memory Usage": 3584,
        "Plans": [
          {
            "Node Type": "Seq Scan",
            "Parent Relationship": "Outer",
            "Parallel Aware": true,
            "Relation Name": "title",
            "Alias": "t",
            "Startup Cost": 0.0,
            "Total Cost": 43916.91,
            "Plan Rows": 420076,
            "Plan Width": 95,
            "Actual Startup Time": 0.048,
            "Actual Total Time": 146.102,
            "Actual Rows": 239157,
            "Actual Loops": 7,
            "Filter": "(kind_id > 3)",
            "Rows Removed by Filter": 122031
          }
        ]
      }
    ]
  }
}