{
  "Plan": {
    "Node Type": "Hash Join",
    "Parent Relationship": "Outer",
    "Parallel Aware": true,
    "Join Type": "Inner",
    "Startup Cost": 18809.88,
    "Total Cost": 79790.77,
    "Plan Rows": 84380,
    "Plan Width": 120,
    "Actual Startup Time": 474.081,
    "Actual Total Time": 663.848,
    "Actual Rows": 50009,
    "Actual Loops": 5,
    "Inner Unique": false,
    "Hash Cond": "(t.id = mi_idx.movie_id)",
    "Plans": [
      {
        "Node Type": "Seq Scan",
        "Parent Relationship": "Outer",
        "Parallel Aware": true,
        "Relation Name": "title",
        "Alias": "t",
        "Startup Cost": 0.0,
        "Total Cost": 43916.91,
        "Plan Rows": 466238,
        "Plan Width": 95,
        "Actual Startup Time": 0.039,
        "Actual Total Time": 214.426,
        "Actual Rows": 373097,
        "Actual Loops": 5,
        "Filter": "(kind_id > 1)",
        "Rows Removed by Filter": 132565
      },
      {
        "Node Type": "Hash",
        "Parent Relationship": "Inner",
        "Parallel Aware": true,
        "Startup Cost": 15122.68,
        "Total Cost": 15122.68,
        "Plan Rows": 190656,
        "Plan Width": 25,
        "Actual Startup Time": 96.117,
        "Actual Total Time": 96.118,
        "Actual Rows": 91985,
        "Actual Loops": 5,
        "Hash Buckets": 65536,
        "Original Hash Buckets": 65536,
        "Hash Batches": 16,
        "Original Hash Batches": 16,
        "Peak Memory Usage": 2144,
        "Plans": [
          {
            "Node Type": "Seq Scan",
            "Parent Relationship": "Outer",
            "Parallel Aware": true,
            "Relation Name": "movie_info_idx",
            "Alias": "mi_idx",
            "Startup Cost": 0.0,
            "Total Cost": 15122.68,
            "Plan Rows": 190656,
            "Plan Width": 25,
            "Actual Startup Time": 0.07,
            "Actual Total Time": 69.2,
            "Actual Rows": 91985,
            "Actual Loops": 5,
            "Filter": "(info_type_id < 100)",
            "Rows Removed by Filter": 184022
          }
        ]
      }
    ]
  }
}