{
  "Plan": {
    "Node Type": "Hash Join",
    "Parent Relationship": "Outer",
    "Parallel Aware": true,
    "Join Type": "Inner",
    "Startup Cost": 146014.43,
    "Total Cost": 399068.29,
    "Plan Rows": 136043,
    "Plan Width": 205,
    "Actual Startup Time": 2556.353,
    "Actual Total Time": 5017.139,
    "Actual Rows": 3204201,
    "Actual Loops": 6,
    "Inner Unique": false,
    "Hash Cond": "(mi.movie_id = t.id)",
    "Plans": [
      {
        "Node Type": "Seq Scan",
        "Parent Relationship": "Outer",
        "Parallel Aware": true,
        "Relation Name": "movie_info",
        "Alias": "mi",
        "Startup Cost": 0.0,
        "Total Cost": 198938.07,
        "Plan Rows": 1783720,
        "Plan Width": 73,
        "Actual Startup Time": 0.106,
        "Actual Total Time": 774.751,
        "Actual Rows": 1494449,
        "Actual Loops": 6,
        "Filter": "(info_type_id < 15)",
        "Rows Removed by Filter": 978171
      },
      {
        "Node Type": "Hash",
        "Parent Relationship": "Inner",
        "Parallel Aware": true,
        "Startup Cost": 143440.1,
        "Total Cost": 143440.1,
        "Plan Rows": 80346,
        "Plan Width": 132,
        "Actual Startup Time": 1338.243,
        "Actual Total Time": 1338.337,
        "Actual Rows": 136124,
        "Actual Loops": 6,
        "Hash Buckets": 32768,
        "Original Hash Buckets": 32768,
        "Hash Batches": 32,
        "Original Hash Batches": 16,
        "Peak Memory Usage": 4224,
        "Plans": [
          {
            "Node Type": "Hash Join",
            "Parent Relationship": "Outer",
            "Parallel Aware": true,
            "Join Type": "Inner",
            "Startup Cost": 118533.12,
            "Total Cost": 143440.1,
            "Plan Rows": 80346,
            "Plan Width": 132,
            "Actual Startup Time": 1044.484,
            "Actual Total Time": 1200.287,
            "Actual Rows": 136124,
            "Actual Loops": 6,
            "Inner Unique": false,
            "Hash Cond": "(mi_idx.movie_id = t.id)",
            "Plans": [
              {
                "Node Type": "Seq Scan",
                "Parent Relationship": "Outer",
                "Parallel Aware": true,
                "Relation Name": "movie_info_idx",
                "Alias": "mi_idx",
                "Startup Cost": 0.0,
                "Total Cost": 15122.68,
                "Plan Rows": 384033,
                "Plan Width": 25,
                "Actual Startup Time": 0.073,
                "Actual Total Time": 67.598,
                "Actual Rows": 153308,
                "Actual Loops": 6,
                "Filter": "(info_type_id < 101)",
                "Rows Removed by Filter": 76698
              },
              {
                "Node Type": "Hash",
                "Parent Relationship": "Inner",
                "Parallel Aware": true,
                "Startup Cost": 113567.2,
                "Total Cost": 113567.2,
                "Plan Rows": 170633,
                "Plan Width": 107,
                "Actual Startup Time": 921.931,
                "Actual Total Time": 922.002,
                "Actual Rows": 87642,
                "Actual Loops": 6,
                "Hash Buckets": 32768,
                "Original Hash Buckets": 32768,
                "Hash Batches": 32,
                "Original Hash Batches": 32,
                "Peak Memory Usage": 2400,
                "Plans": [
                  {
                    "Node Type": "Hash Join",
                    "Parent Relationship": "Outer",
                    "Parallel Aware": true,
                    "Join Type": "Inner",
                    "Startup Cost": 59496.64,
                    "Total Cost": 113567.2,
                    "Plan Rows": 170633,
                    "Plan Width": 107,
                    "Actual Startup Time": 615.088,
                    "Actual Total Time": 857.234,
                    "Actual Rows": 87642,
                    "Actual Loops": 6,
                    "Inner Unique": true,
                    "Hash Cond": "(mk.movie_id = t.id)",
                    "Plans": [
                      {
                        "Node Type": "Seq Scan",
                        "Parent Relationship": "Outer",
                        "Parallel Aware": true,
                        "Relation Name": "movie_keyword",
                        "Alias": "mk",
                        "Startup Cost": 0.0,
                        "Total Cost": 42695.65,
                        "Plan Rows": 170633,
                        "Plan Width": 12,
                        "Actual Startup Time": 0.064,
                        "Actual Total Time": 153.116,
                        "Actual Rows": 87642,
                        "Actual Loops": 6,
                        "Filter": "(keyword_id > 34557)",
                        "Rows Removed by Filter": 666347
                      },
                      {
                        "Node Type": "Hash",
                        "Parent Relationship": "Inner",
                        "Parallel Aware": true,
                        "Startup Cost": 42336.73,
                        "Total Cost": 42336.73,
                        "Plan Rows": 632073,
                        "Plan Width": 95,
                        "Actual Startup Time": 385.747,
                        "Actual Total Time": 385.755,
                        "Actual Rows": 421385,
                        "Actual Loops": 6,
                        "Hash Buckets": 32768,
                        "Original Hash Buckets": 32768,
                        "Hash Batches": 128,
                        "Original Hash Batches": 128,
                        "Peak Memory Usage": 2624,
                        "Plans": [
                          {
                            "Node Type": "Seq Scan",
                            "Parent Relationship": "Outer",
                            "Parallel Aware": true,
                            "Relation Name": "title",
                            "Alias": "t",
                            "Startup Cost": 0.0,
                            "Total Cost": 42336.73,
                            "Plan Rows": 632073,
                            "Plan Width": 95,
                            "Actual Startup Time": 0.047,
                            "Actual Total Time": 127.514,
                            "Actual Rows": 421385,
                            "Actual Loops": 6
                          }
                        ]
                      }
                    ]
                  }
                ]
              }
            ]
          }
        ]
      }
    ]
  }
}