{
  "Plan": {
    "Node Type": "Hash Join",
    "Parent Relationship": "Outer",
    "Parallel Aware": true,
    "Join Type": "Inner",
    "Startup Cost": 48449.71,
    "Total Cost": 93711.64,
    "Plan Rows": 83654,
    "Plan Width": 135,
    "Actual Startup Time": 430.267,
    "Actual Total Time": 560.059,
    "Actual Rows": 37579,
    "Actual Loops": 6,
    "Inner Unique": true,
    "Hash Cond": "(mc.movie_id = t.id)",
    "Plans": [
      {
        "Node Type": "Seq Scan",
        "Parent Relationship": "Outer",
        "Parallel Aware": true,
        "Relation Name": "movie_companies",
        "Alias": "mc",
        "Startup Cost": 0.0,
        "Total Cost": 37034.53,
        "Plan Rows": 316726,
        "Plan Width": 40,
        "Actual Startup Time": 0.06,
        "Actual Total Time": 131.199,
        "Actual Rows": 212374,
        "Actual Loops": 6,
        "Filter": "(company_type_id = 1)",
        "Rows Removed by Filter": 222480
      },
      {
        "Node Type": "Hash",
        "Parent Relationship": "Inner",
        "Parallel Aware": true,
        "Startup Cost": 43916.91,
        "Total Cost": 43916.91,
        "Plan Rows": 166944,
        "Plan Width": 95,
        "Actual Startup Time": 214.023,
        "Actual Total Time": 214.026,
        "Actual Rows": 110344,
        "Actual Loops": 6,
        "Hash Buckets": 32768,
        "Original Hash Buckets": 32768,
        "Hash Batches": 32,
        "Original Hash Batches": 32,
        "Peak Memory Usage": 2816,
        "Plans": [
          {
            "Node Type": "Seq Scan",
            "Parent Relationship": "Outer",
            "Parallel Aware": true,
            "Relation Name": "title",
            "Alias": "t",
            "Startup Cost": 0.0,
            "Total Cost": 43916.91,
            "Plan Rows": 166944,
            "Plan Width": 95,
            "Actual Startup Time": 0.055,
            "Actual Total Time": 159.108,
            "Actual Rows": 110344,
            "Actual Loops": 6,
            "Filter": "(production_year > 2008)",
            "Rows Removed by Filter": 311041
          }
        ]
      }
    ]
  }
}