{
  "Plan": {
    "Node Type": "Hash Join",
    "Parent Relationship": "Outer",
    "Parallel Aware": true,
    "Join Type": "Inner",
    "Startup Cost": 45790.98,
    "Total Cost": 89804.79,
    "Plan Rows": 18678,
    "Plan Width": 107,
    "Actual Startup Time": 172.071,
    "Actual Total Time": 419.423,
    "Actual Rows": 39953,
    "Actual Loops": 6,
    "Inner Unique": true,
    "Hash Cond": "(mk.movie_id = t.id)",
    "Plans": [
      {
        "Node Type": "Seq Scan",
        "Parent Relationship": "Outer",
        "Parallel Aware": true,
        "Relation Name": "movie_keyword",
        "Alias": "mk",
        "Startup Cost": 0.0,
        "Total Cost": 42695.65,
        "Plan Rows": 502154,
        "Plan Width": 12,
        "Actual Startup Time": 0.058,
        "Actual Total Time": 167.055,
        "Actual Rows": 260482,
        "Actual Loops": 6,
        "Filter": "(keyword_id < 2346)",
        "Rows Removed by Filter": 493506
      },
      {
        "Node Type": "Hash",
        "Parent Relationship": "Inner",
        "Parallel Aware": true,
        "Startup Cost": 45497.09,
        "Total Cost": 45497.09,
        "Plan Rows": 23511,
        "Plan Width": 95,
        "Actual Startup Time": 171.702,
        "Actual Total Time": 171.705,
        "Actual Rows": 32496,
        "Actual Loops": 6,
        "Hash Buckets": 262144,
        "Original Hash Buckets": 131072,
        "Hash Batches": 1,
        "Original Hash Batches": 1,
        "Peak Memory Usage": 25280,
        "Plans": [
          {
            "Node Type": "Seq Scan",
            "Parent Relationship": "Outer",
            "Parallel Aware": true,
            "Relation Name": "title",
            "Alias": "t",
            "Startup Cost": 0.0,
            "Total Cost": 45497.09,
            "Plan Rows": 23511,
            "Plan Width": 95,
            "Actual Startup Time": 0.275,
            "Actual Total Time": 142.674,
            "Actual Rows": 32496,
            "Actual Loops": 6,
            "Filter": "((kind_id < 7) AND (production_year < 1960))",
            "Rows Removed by Filter": 388890
          }
        ]
      }
    ]
  }
}