{
  "Plan": {
    "Node Type": "Hash Join",
    "Parent Relationship": "Outer",
    "Parallel Aware": true,
    "Join Type": "Inner",
    "Startup Cost": 52906.32,
    "Total Cost": 97279.72,
    "Plan Rows": 3,
    "Plan Width": 172,
    "Actual Startup Time": 164.833,
    "Actual Total Time": 299.545,
    "Actual Rows": 64,
    "Actual Loops": 7,
    "Inner Unique": false,
    "Hash Cond": "(mk.movie_id = t.id)",
    "Plans": [
      {
        "Node Type": "Seq Scan",
        "Parent Relationship": "Outer",
        "Parallel Aware": true,
        "Relation Name": "movie_keyword",
        "Alias": "mk",
        "Startup Cost": 0.0,
        "Total Cost": 42695.65,
        "Plan Rows": 447395,
        "Plan Width": 12,
        "Actual Startup Time": 0.105,
        "Actual Total Time": 136.178,
        "Actual Rows": 196986,
        "Actual Loops": 7,
        "Filter": "(keyword_id > 12102)",
        "Rows Removed by Filter": 449290
      },
      {
        "Node Type": "Hash",
        "Parent Relationship": "Inner",
        "Parallel Aware": true,
        "Startup Cost": 52906.22,
        "Total Cost": 52906.22,
        "Plan Rows": 8,
        "Plan Width": 160,
        "Actual Startup Time": 136.935,
        "Actual Total Time": 136.956,
        "Actual Rows": 4,
        "Actual Loops": 7,
        "Hash Buckets": 1024,
        "Original Hash Buckets": 1024,
        "Hash Batches": 1,
        "Original Hash Batches": 1,
        "Peak Memory Usage": 232,
        "Plans": [
          {
            "Node Type": "Nested Loop",
            "Parent Relationship": "Outer",
            "Parallel Aware": false,
            "Join Type": "Inner",
            "Startup Cost": 37035.28,
            "Total Cost": 52906.22,
            "Plan Rows": 8,
            "Plan Width": 160,
            "Actual Startup Time": 91.702,
            "Actual Total Time": 136.842,
            "Actual Rows": 4,
            "Actual Loops": 7,
            "Inner Unique": true,
            "Join Filter": "(mc.movie_id = t.id)",
            "Rows Removed by Join Filter": 0,
            "Plans": [
              {
                "Node Type": "Hash Join",
                "Parent Relationship": "Outer",
                "Parallel Aware": true,
                "Join Type": "Inner",
                "Startup Cost": 37034.85,
                "Total Cost": 52873.82,
                "Plan Rows": 38,
                "Plan Width": 65,
                "Actual Startup Time": 91.558,
                "Actual Total Time": 136.519,
                "Actual Rows": 4,
                "Actual Loops": 7,
                "Inner Unique": false,
                "Hash Cond": "(mi_idx.movie_id = mc.movie_id)",
                "Plans": [
                  {
                    "Node Type": "Seq Scan",
                    "Parent Relationship": "Outer",
                    "Parallel Aware": true,
                    "Relation Name": "movie_info_idx",
                    "Alias": "mi_idx",
                    "Startup Cost": 0.0,
                    "Total Cost": 15122.68,
                    "Plan Rows": 190982,
                    "Plan Width": 25,
                    "Actual Startup Time": 0.316,
                    "Actual Total Time": 45.183,
                    "Actual Rows": 65741,
                    "Actual Loops": 7,
                    "Filter": "(info_type_id > 100)",
                    "Rows Removed by Filter": 131407
                  },
                  {
                    "Node Type": "Hash",
                    "Parent Relationship": "Inner",
                    "Parallel Aware": true,
                    "Startup Cost": 37034.53,
                    "Total Cost": 37034.53,
                    "Plan Rows": 26,
                    "Plan Width": 40,
                    "Actual Startup Time": 82.454,
                    "Actual Total Time": 82.457,
                    "Actual Rows": 4,
                    "Actual Loops": 7,
                    "Hash Buckets": 1024,
                    "Original Hash Buckets": 1024,
                    "Hash Batches": 1,
                    "Original Hash Batches": 1,
                    "Peak Memory Usage": 232,
                    "Plans": [
                      {
                        "Node Type": "Seq Scan",
                        "Parent Relationship": "Outer",
                        "Parallel Aware": true,
                        "Relation Name": "movie_companies",
                        "Alias": "mc",
                        "Startup Cost": 0.0,
                        "Total Cost": 37034.53,
                        "Plan Rows": 26,
                        "Plan Width": 40,
                        "Actual Startup Time": 18.519,
                        "Actual Total Time": 82.358,
                        "Actual Rows": 4,
                        "Actual Loops": 7,
                        "Filter": "(company_id = 26870)",
                        "Rows Removed by Filter": 372729
                      }
                    ]
                  }
                ]
              },
              {
                "Node Type": "Index Scan",
                "Parent Relationship": "Inner",
                "Parallel Aware": false,
                "Scan Direction": "Forward",
                "Index Name": "title_pkey",
                "Relation Name": "title",
                "Alias": "t",
                "Startup Cost": 0.43,
                "Total Cost": 0.84,
                "Plan Rows": 1,
                "Plan Width": 95,
                "Actual Startup Time": 0.067,
                "Actual Total Time": 0.067,
                "Actual Rows": 1,
                "Actual Loops": 29,
                "Index Cond": "(id = mi_idx.movie_id)",
                "Rows Removed by Index Recheck": 0
              }
            ]
          }
        ]
      }
    ]
  }
}