{
  "Plan": {
    "Node Type": "Hash Join",
    "Parent Relationship": "Outer",
    "Parallel Aware": true,
    "Join Type": "Inner",
    "Startup Cost": 45617.8,
    "Total Cost": 246402.93,
    "Plan Rows": 10750,
    "Plan Width": 168,
    "Actual Startup Time": 201.136,
    "Actual Total Time": 907.11,
    "Actual Rows": 23406,
    "Actual Loops": 6,
    "Inner Unique": true,
    "Hash Cond": "(mi.movie_id = t.id)",
    "Plans": [
      {
        "Node Type": "Seq Scan",
        "Parent Relationship": "Outer",
        "Parallel Aware": true,
        "Relation Name": "movie_info",
        "Alias": "mi",
        "Startup Cost": 0.0,
        "Total Cost": 198938.07,
        "Plan Rows": 703643,
        "Plan Width": 73,
        "Actual Startup Time": 21.568,
        "Actual Total Time": 613.274,
        "Actual Rows": 604163,
        "Actual Loops": 6,
        "Filter": "(info_type_id < 4)",
        "Rows Removed by Filter": 1868457
      },
      {
        "Node Type": "Hash",
        "Parent Relationship": "Inner",
        "Parallel Aware": true,
        "Startup Cost": 45497.09,
        "Total Cost": 45497.09,
        "Plan Rows": 9657,
        "Plan Width": 95,
        "Actual Startup Time": 139.203,
        "Actual Total Time": 139.204,
        "Actual Rows": 5532,
        "Actual Loops": 6,
        "Hash Buckets": 65536,
        "Original Hash Buckets": 65536,
        "Hash Batches": 1,
        "Original Hash Batches": 1,
        "Peak Memory Usage": 4288,
        "Plans": [
          {
            "Node Type": "Seq Scan",
            "Parent Relationship": "Outer",
            "Parallel Aware": true,
            "Relation Name": "title",
            "Alias": "t",
            "Startup Cost": 0.0,
            "Total Cost": 45497.09,
            "Plan Rows": 9657,
            "Plan Width": 95,
            "Actual Startup Time": 75.474,
            "Actual Total Time": 135.527,
            "Actual Rows": 5532,
            "Actual Loops": 6,
            "Filter": "((kind_id = 1) AND (production_year = 2010))",
            "Rows Removed by Filter": 415854
          }
        ]
      }
    ]
  }
}