{
  "Plan": {
    "Node Type": "Hash Join",
    "Parallel Aware": false,
    "Join Type": "Inner",
    "Startup Cost": 353137.92,
    "Total Cost": 592931.54,
    "Plan Rows": 4668575,
    "Plan Width": 147,
    "Actual Startup Time": 8602.336,
    "Actual Total Time": 27510.943,
    "Actual Rows": 34863638,
    "Actual Loops": 1,
    "Inner Unique": false,
    "Hash Cond": "(mk.movie_id = t.id)",
    "Plans": [
      {
        "Node Type": "Seq Scan",
        "Parent Relationship": "Outer",
        "Parallel Aware": false,
        "Relation Name": "movie_keyword",
        "Alias": "mk",
        "Startup Cost": 0.0,
        "Total Cost": 69693.3,
        "Plan Rows": 4523930,
        "Plan Width": 12,
        "Actual Startup Time": 0.041,
        "Actual Total Time": 962.366,
        "Actual Rows": 4523930,
        "Actual Loops": 1
      },
      {
        "Node Type": "Hash",
        "Parent Relationship": "Inner",
        "Parallel Aware": false,
        "Startup Cost": 269563.81,
        "Total Cost": 269563.81,
        "Plan Rows": 2609129,
        "Plan Width": 135,
        "Actual Startup Time": 8595.928,
        "Actual Total Time": 8595.942,
        "Actual Rows": 2609129,
        "Actual Loops": 1,
        "Hash Buckets": 32768,
        "Original Hash Buckets": 32768,
        "Hash Batches": 128,
        "Original Hash Batches": 128,
        "Peak Memory Usage": 3084,
        "Plans": [
          {
            "Node Type": "Hash Join",
            "Parent Relationship": "Outer",
            "Parallel Aware": false,
            "Join Type": "Inner",
            "Startup Cost": 129938.55,
            "Total Cost": 269563.81,
            "Plan Rows": 2609129,
            "Plan Width": 135,
            "Actual Startup Time": 2097.27,
            "Actual Total Time": 6740.572,
            "Actual Rows": 2609129,
            "Actual Loops": 1,
            "Inner Unique": true,
            "Hash Cond": "(mc.movie_id = t.id)",
            "Plans": [
              {
                "Node Type": "Seq Scan",
                "Parent Relationship": "Outer",
                "Parallel Aware": false,
                "Relation Name": "movie_companies",
                "Alias": "mc",
                "Startup Cost": 0.0,
                "Total Cost": 54972.29,
                "Plan Rows": 2609129,
                "Plan Width": 40,
                "Actual Startup Time": 0.039,
                "Actual Total Time": 637.33,
                "Actual Rows": 2609129,
                "Actual Loops": 1
              },
              {
                "Node Type": "Hash",
                "Parent Relationship": "Inner",
                "Parallel Aware": false,
                "Startup Cost": 61298.91,
                "Total Cost": 61298.91,
                "Plan Rows": 2528291,
                "Plan Width": 95,
                "Actual Startup Time": 2094.054,
                "Actual Total Time": 2094.058,
                "Actual Rows": 2528312,
                "Actual Loops": 1,
                "Hash Buckets": 32768,
                "Original Hash Buckets": 32768,
                "Hash Batches": 128,
                "Original Hash Batches": 128,
                "Peak Memory Usage": 2453,
                "Plans": [
                  {
                    "Node Type": "Seq Scan",
                    "Parent Relationship": "Outer",
                    "Parallel Aware": false,
                    "Relation Name": "title",
                    "Alias": "t",
                    "Startup Cost": 0.0,
                    "Total Cost": 61298.91,
                    "Plan Rows": 2528291,
                    "Plan Width": 95,
                    "Actual Startup Time": 0.023,
                    "Actual Total Time": 636.711,
                    "Actual Rows": 2528312,
                    "Actual Loops": 1
                  }
                ]
              }
            ]
          }
        ]
      }
    ]
  }
}