{
  "Plan": {
    "Node Type": "Hash Join",
    "Parent Relationship": "Outer",
    "Parallel Aware": true,
    "Join Type": "Inner",
    "Startup Cost": 68606.28,
    "Total Cost": 113403.35,
    "Plan Rows": 14430,
    "Plan Width": 132,
    "Actual Startup Time": 501.183,
    "Actual Total Time": 849.005,
    "Actual Rows": 39944,
    "Actual Loops": 4,
    "Inner Unique": false,
    "Hash Cond": "(mk.movie_id = t.id)",
    "Plans": [
      {
        "Node Type": "Seq Scan",
        "Parent Relationship": "Outer",
        "Parallel Aware": true,
        "Relation Name": "movie_keyword",
        "Alias": "mk",
        "Startup Cost": 0.0,
        "Total Cost": 42695.65,
        "Plan Rows": 544342,
        "Plan Width": 12,
        "Actual Startup Time": 0.059,
        "Actual Total Time": 250.795,
        "Actual Rows": 421948,
        "Actual Loops": 4,
        "Filter": "(keyword_id > 8583)",
        "Rows Removed by Filter": 709034
      },
      {
        "Node Type": "Hash",
        "Parent Relationship": "Inner",
        "Parallel Aware": true,
        "Startup Cost": 68257.19,
        "Total Cost": 68257.19,
        "Plan Rows": 27927,
        "Plan Width": 120,
        "Actual Startup Time": 500.017,
        "Actual Total Time": 500.021,
        "Actual Rows": 14650,
        "Actual Loops": 4,
        "Hash Buckets": 131072,
        "Original Hash Buckets": 131072,
        "Hash Batches": 1,
        "Original Hash Batches": 1,
        "Peak Memory Usage": 9024,
        "Plans": [
          {
            "Node Type": "Hash Join",
            "Parent Relationship": "Outer",
            "Parallel Aware": true,
            "Join Type": "Inner",
            "Startup Cost": 44750.63,
            "Total Cost": 68257.19,
            "Plan Rows": 27927,
            "Plan Width": 120,
            "Actual Startup Time": 404.658,
            "Actual Total Time": 485.448,
            "Actual Rows": 14650,
            "Actual Loops": 4,
            "Inner Unique": true,
            "Hash Cond": "(mi_idx.movie_id = t.id)",
            "Plans": [
              {
                "Node Type": "Seq Scan",
                "Parent Relationship": "Outer",
                "Parallel Aware": true,
                "Relation Name": "movie_info_idx",
                "Alias": "mi_idx",
                "Startup Cost": 0.0,
                "Total Cost": 13685.15,
                "Plan Rows": 575015,
                "Plan Width": 25,
                "Actual Startup Time": 0.053,
                "Actual Total Time": 76.052,
                "Actual Rows": 345009,
                "Actual Loops": 4
              },
              {
                "Node Type": "Hash",
                "Parent Relationship": "Inner",
                "Parallel Aware": true,
                "Startup Cost": 43916.91,
                "Total Cost": 43916.91,
                "Plan Rows": 30698,
                "Plan Width": 95,
                "Actual Startup Time": 223.483,
                "Actual Total Time": 223.484,
                "Actual Rows": 30715,
                "Actual Loops": 4,
                "Hash Buckets": 32768,
                "Original Hash Buckets": 32768,
                "Hash Batches": 8,
                "Original Hash Batches": 8,
                "Peak Memory Usage": 2144,
                "Plans": [
                  {
                    "Node Type": "Seq Scan",
                    "Parent Relationship": "Outer",
                    "Parallel Aware": true,
                    "Relation Name": "title",
                    "Alias": "t",
                    "Startup Cost": 0.0,
                    "Total Cost": 43916.91,
                    "Plan Rows": 30698,
                    "Plan Width": 95,
                    "Actual Startup Time": 0.063,
                    "Actual Total Time": 205.423,
                    "Actual Rows": 30715,
                    "Actual Loops": 4,
                    "Filter": "(production_year = 2008)",
                    "Rows Removed by Filter": 601363
                  }
                ]
              }
            ]
          }
        ]
      }
    ]
  }
}