{
  "Plan": {
    "Node Type": "Hash Join",
    "Parent Relationship": "Outer",
    "Parallel Aware": true,
    "Join Type": "Inner",
    "Startup Cost": 271830.69,
    "Total Cost": 607145.47,
    "Plan Rows": 80600,
    "Plan Width": 249,
    "Actual Startup Time": 3589.656,
    "Actual Total Time": 4344.937,
    "Actual Rows": 386085,
    "Actual Loops": 5,
    "Inner Unique": false,
    "Hash Cond": "(ci.movie_id = t.id)",
    "Plans": [
      {
        "Node Type": "Seq Scan",
        "Parent Relationship": "Outer",
        "Parallel Aware": true,
        "Relation Name": "cast_info",
        "Alias": "ci",
        "Startup Cost": 0.0,
        "Total Cost": 327657.8,
        "Plan Rows": 1998875,
        "Plan Width": 56,
        "Actual Startup Time": 0.087,
        "Actual Total Time": 1467.284,
        "Actual Rows": 1273250,
        "Actual Loops": 5,
        "Filter": "(person_id < 614751)",
        "Rows Removed by Filter": 5975619
      },
      {
        "Node Type": "Hash",
        "Parent Relationship": "Inner",
        "Parallel Aware": true,
        "Startup Cost": 271575.81,
        "Total Cost": 271575.81,
        "Plan Rows": 20390,
        "Plan Width": 193,
        "Actual Startup Time": 1733.79,
        "Actual Total Time": 1733.829,
        "Actual Rows": 45187,
        "Actual Loops": 5,
        "Hash Buckets": 32768,
        "Original Hash Buckets": 32768,
        "Hash Batches": 16,
        "Original Hash Batches": 8,
        "Peak Memory Usage": 2912,
        "Plans": [
          {
            "Node Type": "Hash Join",
            "Parent Relationship": "Outer",
            "Parallel Aware": true,
            "Join Type": "Inner",
            "Startup Cost": 65441.2,
            "Total Cost": 271575.81,
            "Plan Rows": 20390,
            "Plan Width": 193,
            "Actual Startup Time": 320.423,
            "Actual Total Time": 1656.868,
            "Actual Rows": 45187,
            "Actual Loops": 5,
            "Inner Unique": false,
            "Hash Cond": "(mi.movie_id = t.id)",
            "Plans": [
              {
                "Node Type": "Seq Scan",
                "Parent Relationship": "Outer",
                "Parallel Aware": true,
                "Relation Name": "movie_info",
                "Alias": "mi",
                "Startup Cost": 0.0,
                "Total Cost": 198938.07,
                "Plan Rows": 1896427,
                "Plan Width": 73,
                "Actual Startup Time": 0.102,
                "Actual Total Time": 837.991,
                "Actual Rows": 1913030,
                "Actual Loops": 5,
                "Filter": "(info_type_id < 16)",
                "Rows Removed by Filter": 1054114
              },
              {
                "Node Type": "Hash",
                "Parent Relationship": "Inner",
                "Parallel Aware": true,
                "Startup Cost": 65299.62,
                "Total Cost": 65299.62,
                "Plan Rows": 11326,
                "Plan Width": 120,
                "Actual Startup Time": 319.5,
                "Actual Total Time": 319.524,
                "Actual Rows": 5105,
                "Actual Loops": 5,
                "Hash Buckets": 32768,
                "Original Hash Buckets": 32768,
                "Hash Batches": 1,
                "Original Hash Batches": 1,
                "Peak Memory Usage": 3840,
                "Plans": [
                  {
                    "Node Type": "Hash Join",
                    "Parent Relationship": "Outer",
                    "Parallel Aware": true,
                    "Join Type": "Inner",
                    "Startup Cost": 46517.47,
                    "Total Cost": 65299.62,
                    "Plan Rows": 11326,
                    "Plan Width": 120,
                    "Actual Startup Time": 280.891,
                    "Actual Total Time": 312.696,
                    "Actual Rows": 5105,
                    "Actual Loops": 5,
                    "Inner Unique": true,
                    "Hash Cond": "(mi_idx.movie_id = t.id)",
                    "Plans": [
                      {
                        "Node Type": "Seq Scan",
                        "Parent Relationship": "Outer",
                        "Parallel Aware": true,
                        "Relation Name": "movie_info_idx",
                        "Alias": "mi_idx",
                        "Startup Cost": 0.0,
                        "Total Cost": 15122.68,
                        "Plan Rows": 190656,
                        "Plan Width": 25,
                        "Actual Startup Time": 0.057,
                        "Actual Total Time": 68.581,
                        "Actual Rows": 91985,
                        "Actual Loops": 5,
                        "Filter": "(info_type_id < 100)",
                        "Rows Removed by Filter": 184022
                      },
                      {
                        "Node Type": "Hash",
                        "Parent Relationship": "Inner",
                        "Parallel Aware": true,
                        "Startup Cost": 45497.09,
                        "Total Cost": 45497.09,
                        "Plan Rows": 37550,
                        "Plan Width": 95,
                        "Actual Startup Time": 179.37,
                        "Actual Total Time": 179.373,
                        "Actual Rows": 26952,
                        "Actual Loops": 5,
                        "Hash Buckets": 32768,
                        "Original Hash Buckets": 32768,
                        "Hash Batches": 8,
                        "Original Hash Batches": 8,
                        "Peak Memory Usage": 2240,
                        "Plans": [
                          {
                            "Node Type": "Seq Scan",
                            "Parent Relationship": "Outer",
                            "Parallel Aware": true,
                            "Relation Name": "title",
                            "Alias": "t",
                            "Startup Cost": 0.0,
                            "Total Cost": 45497.09,
                            "Plan Rows": 37550,
                            "Plan Width": 95,
                            "Actual Startup Time": 0.087,
                            "Actual Total Time": 164.504,
                            "Actual Rows": 26952,
                            "Actual Loops": 5,
                            "Filter": "((kind_id < 7) AND (production_year > 2010))",
                            "Rows Removed by Filter": 478710
                          }
                        ]
                      }
                    ]
                  }
                ]
              }
            ]
          }
        ]
      }
    ]
  }
}