{
  "Plan": {
    "Node Type": "Hash Join",
    "Parent Relationship": "Outer",
    "Parallel Aware": true,
    "Join Type": "Inner",
    "Startup Cost": 371383.46,
    "Total Cost": 409678.09,
    "Plan Rows": 1064,
    "Plan Width": 216,
    "Actual Startup Time": 12023.558,
    "Actual Total Time": 12578.343,
    "Actual Rows": 383544,
    "Actual Loops": 4,
    "Inner Unique": false,
    "Hash Cond": "(mc.movie_id = t.id)",
    "Plans": [
      {
        "Node Type": "Seq Scan",
        "Parent Relationship": "Outer",
        "Parallel Aware": true,
        "Relation Name": "movie_companies",
        "Alias": "mc",
        "Startup Cost": 0.0,
        "Total Cost": 37034.53,
        "Plan Rows": 335556,
        "Plan Width": 40,
        "Actual Startup Time": 7.602,
        "Actual Total Time": 191.311,
        "Actual Rows": 333721,
        "Actual Loops": 4,
        "Filter": "(company_type_id = 2)",
        "Rows Removed by Filter": 318562
      },
      {
        "Node Type": "Hash",
        "Parent Relationship": "Inner",
        "Parallel Aware": true,
        "Startup Cost": 371366.76,
        "Total Cost": 371366.76,
        "Plan Rows": 1336,
        "Plan Width": 176,
        "Actual Startup Time": 11723.909,
        "Actual Total Time": 11723.931,
        "Actual Rows": 301936,
        "Actual Loops": 4,
        "Hash Buckets": 32768,
        "Original Hash Buckets": 8192,
        "Hash Batches": 32,
        "Original Hash Batches": 1,
        "Peak Memory Usage": 6688,
        "Plans": [
          {
            "Node Type": "Nested Loop",
            "Parent Relationship": "Outer",
            "Parallel Aware": false,
            "Join Type": "Inner",
            "Startup Cost": 18815.66,
            "Total Cost": 371366.76,
            "Plan Rows": 1336,
            "Plan Width": 176,
            "Actual Startup Time": 2990.407,
            "Actual Total Time": 11225.814,
            "Actual Rows": 301936,
            "Actual Loops": 4,
            "Inner Unique": true,
            "Join Filter": "(ci.movie_id = t.id)",
            "Rows Removed by Join Filter": 0,
            "Plans": [
              {
                "Node Type": "Hash Join",
                "Parent Relationship": "Outer",
                "Parallel Aware": true,
                "Join Type": "Inner",
                "Startup Cost": 18815.23,
                "Total Cost": 363044.61,
                "Plan Rows": 9729,
                "Plan Width": 81,
                "Actual Startup Time": 2990.256,
                "Actual Total Time": 4146.238,
                "Actual Rows": 588725,
                "Actual Loops": 4,
                "Inner Unique": false,
                "Hash Cond": "(ci.movie_id = mi_idx.movie_id)",
                "Plans": [
                  {
                    "Node Type": "Seq Scan",
                    "Parent Relationship": "Outer",
                    "Parallel Aware": true,
                    "Relation Name": "cast_info",
                    "Alias": "ci",
                    "Startup Cost": 0.0,
                    "Total Cost": 342649.36,
                    "Plan Rows": 9994,
                    "Plan Width": 56,
                    "Actual Startup Time": 721.76,
                    "Actual Total Time": 2376.729,
                    "Actual Rows": 1862574,
                    "Actual Loops": 4,
                    "Filter": "((person_id > 990535) AND (role_id = 2))",
                    "Rows Removed by Filter": 7198512
                  },
                  {
                    "Node Type": "Hash",
                    "Parent Relationship": "Inner",
                    "Parallel Aware": true,
                    "Startup Cost": 15122.68,
                    "Total Cost": 15122.68,
                    "Plan Rows": 190924,
                    "Plan Width": 25,
                    "Actual Startup Time": 117.241,
                    "Actual Total Time": 117.244,
                    "Actual Rows": 114981,
                    "Actual Loops": 4,
                    "Hash Buckets": 65536,
                    "Original Hash Buckets": 65536,
                    "Hash Batches": 16,
                    "Original Hash Batches": 16,
                    "Peak Memory Usage": 1952,
                    "Plans": [
                      {
                        "Node Type": "Seq Scan",
                        "Parent Relationship": "Outer",
                        "Parallel Aware": true,
                        "Relation Name": "movie_info_idx",
                        "Alias": "mi_idx",
                        "Startup Cost": 0.0,
                        "Total Cost": 15122.68,
                        "Plan Rows": 190924,
                        "Plan Width": 25,
                        "Actual Startup Time": 0.068,
                        "Actual Total Time": 85.506,
                        "Actual Rows": 114981,
                        "Actual Loops": 4,
                        "Filter": "(info_type_id = 101)",
                        "Rows Removed by Filter": 230028
                      }
                    ]
                  }
                ]
              },
              {
                "Node Type": "Index Scan",
                "Parent Relationship": "Inner",
                "Parallel Aware": false,
                "Scan Direction": "Forward",
                "Index Name": "title_pkey",
                "Relation Name": "title",
                "Alias": "t",
                "Startup Cost": 0.43,
                "Total Cost": 0.84,
                "Plan Rows": 1,
                "Plan Width": 95,
                "Actual Startup Time": 0.011,
                "Actual Total Time": 0.011,
                "Actual Rows": 1,
                "Actual Loops": 2354899,
                "Index Cond": "(id = mi_idx.movie_id)",
                "Rows Removed by Index Recheck": 0,
                "Filter": "(kind_id > 1)",
                "Rows Removed by Filter": 0
              }
            ]
          }
        ]
      }
    ]
  }
}