{
  "Plan": {
    "Node Type": "Hash Join",
    "Parent Relationship": "Outer",
    "Parallel Aware": true,
    "Join Type": "Inner",
    "Startup Cost": 181188.77,
    "Total Cost": 548286.01,
    "Plan Rows": 375315,
    "Plan Width": 216,
    "Actual Startup Time": 5136.369,
    "Actual Total Time": 18656.007,
    "Actual Rows": 14740621,
    "Actual Loops": 7,
    "Inner Unique": false,
    "Hash Cond": "(ci.movie_id = t.id)",
    "Plans": [
      {
        "Node Type": "Seq Scan",
        "Parent Relationship": "Outer",
        "Parallel Aware": true,
        "Relation Name": "cast_info",
        "Alias": "ci",
        "Startup Cost": 0.0,
        "Total Cost": 342649.36,
        "Plan Rows": 666292,
        "Plan Width": 56,
        "Actual Startup Time": 424.059,
        "Actual Total Time": 1728.758,
        "Actual Rows": 3080357,
        "Actual Loops": 7,
        "Filter": "((person_id < 3666974) AND (role_id > 1))",
        "Rows Removed by Filter": 2097407
      },
      {
        "Node Type": "Hash",
        "Parent Relationship": "Inner",
        "Parallel Aware": true,
        "Startup Cost": 168741.27,
        "Total Cost": 168741.27,
        "Plan Rows": 356040,
        "Plan Width": 160,
        "Actual Startup Time": 2304.803,
        "Actual Total Time": 2304.934,
        "Actual Rows": 581868,
        "Actual Loops": 7,
        "Hash Buckets": 32768,
        "Original Hash Buckets": 32768,
        "Hash Batches": 256,
        "Original Hash Batches": 128,
        "Peak Memory Usage": 3200,
        "Plans": [
          {
            "Node Type": "Hash Join",
            "Parent Relationship": "Outer",
            "Parallel Aware": true,
            "Join Type": "Inner",
            "Startup Cost": 109107.89,
            "Total Cost": 168741.27,
            "Plan Rows": 356040,
            "Plan Width": 160,
            "Actual Startup Time": 1239.461,
            "Actual Total Time": 1798.387,
            "Actual Rows": 581868,
            "Actual Loops": 7,
            "Inner Unique": false,
            "Hash Cond": "(mc.movie_id = t.id)",
            "Plans": [
              {
                "Node Type": "Seq Scan",
                "Parent Relationship": "Outer",
                "Parallel Aware": true,
                "Relation Name": "movie_companies",
                "Alias": "mc",
                "Startup Cost": 0.0,
                "Total Cost": 35403.82,
                "Plan Rows": 652282,
                "Plan Width": 40,
                "Actual Startup Time": 0.054,
                "Actual Total Time": 103.615,
                "Actual Rows": 372733,
                "Actual Loops": 7
              },
              {
                "Node Type": "Hash",
                "Parent Relationship": "Inner",
                "Parallel Aware": true,
                "Startup Cost": 91812.2,
                "Total Cost": 91812.2,
                "Plan Rows": 575015,
                "Plan Width": 120,
                "Actual Startup Time": 986.762,
                "Actual Total Time": 986.817,
                "Actual Rows": 197148,
                "Actual Loops": 7,
                "Hash Buckets": 32768,
                "Original Hash Buckets": 32768,
                "Hash Batches": 64,
                "Original Hash Batches": 64,
                "Peak Memory Usage": 3296,
                "Plans": [
                  {
                    "Node Type": "Hash Join",
                    "Parent Relationship": "Outer",
                    "Parallel Aware": true,
                    "Join Type": "Inner",
                    "Startup Cost": 59496.64,
                    "Total Cost": 91812.2,
                    "Plan Rows": 575015,
                    "Plan Width": 120,
                    "Actual Startup Time": 521.917,
                    "Actual Total Time": 840.931,
                    "Actual Rows": 197148,
                    "Actual Loops": 7,
                    "Inner Unique": true,
                    "Hash Cond": "(mi_idx.movie_id = t.id)",
                    "Plans": [
                      {
                        "Node Type": "Seq Scan",
                        "Parent Relationship": "Outer",
                        "Parallel Aware": true,
                        "Relation Name": "movie_info_idx",
                        "Alias": "mi_idx",
                        "Startup Cost": 0.0,
                        "Total Cost": 13685.15,
                        "Plan Rows": 575015,
                        "Plan Width": 25,
                        "Actual Startup Time": 0.058,
                        "Actual Total Time": 54.417,
                        "Actual Rows": 197148,
                        "Actual Loops": 7
                      },
                      {
                        "Node Type": "Hash",
                        "Parent Relationship": "Inner",
                        "Parallel Aware": true,
                        "Startup Cost": 42336.73,
                        "Total Cost": 42336.73,
                        "Plan Rows": 632073,
                        "Plan Width": 95,
                        "Actual Startup Time": 342.572,
                        "Actual Total Time": 342.576,
                        "Actual Rows": 361187,
                        "Actual Loops": 7,
                        "Hash Buckets": 32768,
                        "Original Hash Buckets": 32768,
                        "Hash Batches": 128,
                        "Original Hash Batches": 128,
                        "Peak Memory Usage": 2656,
                        "Plans": [
                          {
                            "Node Type": "Seq Scan",
                            "Parent Relationship": "Outer",
                            "Parallel Aware": true,
                            "Relation Name": "title",
                            "Alias": "t",
                            "Startup Cost": 0.0,
                            "Total Cost": 42336.73,
                            "Plan Rows": 632073,
                            "Plan Width": 95,
                            "Actual Startup Time": 0.038,
                            "Actual Total Time": 107.233,
                            "Actual Rows": 361187,
                            "Actual Loops": 7
                          }
                        ]
                      }
                    ]
                  }
                ]
              }
            ]
          }
        ]
      }
    ]
  }
}