{
  "Plan": {
    "Node Type": "Hash Join",
    "Parent Relationship": "Outer",
    "Parallel Aware": true,
    "Join Type": "Inner",
    "Startup Cost": 94157.87,
    "Total Cost": 429608.56,
    "Plan Rows": 118844,
    "Plan Width": 191,
    "Actual Startup Time": 3432.329,
    "Actual Total Time": 4872.951,
    "Actual Rows": 329476,
    "Actual Loops": 6,
    "Inner Unique": false,
    "Hash Cond": "(ci.movie_id = t.id)",
    "Plans": [
      {
        "Node Type": "Seq Scan",
        "Parent Relationship": "Outer",
        "Parallel Aware": true,
        "Relation Name": "cast_info",
        "Alias": "ci",
        "Startup Cost": 0.0,
        "Total Cost": 327657.8,
        "Plan Rows": 1998875,
        "Plan Width": 56,
        "Actual Startup Time": 0.049,
        "Actual Total Time": 1619.083,
        "Actual Rows": 4548565,
        "Actual Loops": 6,
        "Filter": "(person_id < 2800476)",
        "Rows Removed by Filter": 1492159
      },
      {
        "Node Type": "Hash",
        "Parent Relationship": "Inner",
        "Parallel Aware": true,
        "Startup Cost": 93688.12,
        "Total Cost": 93688.12,
        "Plan Rows": 37580,
        "Plan Width": 135,
        "Actual Startup Time": 473.104,
        "Actual Total Time": 473.127,
        "Actual Rows": 20752,
        "Actual Loops": 6,
        "Hash Buckets": 32768,
        "Original Hash Buckets": 32768,
        "Hash Batches": 8,
        "Original Hash Batches": 8,
        "Peak Memory Usage": 2496,
        "Plans": [
          {
            "Node Type": "Hash Join",
            "Parent Relationship": "Outer",
            "Parallel Aware": true,
            "Join Type": "Inner",
            "Startup Cost": 40570.21,
            "Total Cost": 93688.12,
            "Plan Rows": 37580,
            "Plan Width": 135,
            "Actual Startup Time": 376.297,
            "Actual Total Time": 453.609,
            "Actual Rows": 20752,
            "Actual Loops": 6,
            "Inner Unique": false,
            "Hash Cond": "(t.id = mc.movie_id)",
            "Plans": [
              {
                "Node Type": "Seq Scan",
                "Parent Relationship": "Outer",
                "Parallel Aware": true,
                "Relation Name": "title",
                "Alias": "t",
                "Startup Cost": 0.0,
                "Total Cost": 43916.91,
                "Plan Rows": 253348,
                "Plan Width": 95,
                "Actual Startup Time": 0.043,
                "Actual Total Time": 169.319,
                "Actual Rows": 170292,
                "Actual Loops": 6,
                "Filter": "(production_year < 2000)",
                "Rows Removed by Filter": 251093
              },
              {
                "Node Type": "Hash",
                "Parent Relationship": "Inner",
                "Parallel Aware": true,
                "Startup Cost": 38665.23,
                "Total Cost": 38665.23,
                "Plan Rows": 93758,
                "Plan Width": 40,
                "Actual Startup Time": 129.248,
                "Actual Total Time": 129.251,
                "Actual Rows": 36364,
                "Actual Loops": 6,
                "Hash Buckets": 65536,
                "Original Hash Buckets": 65536,
                "Hash Batches": 8,
                "Original Hash Batches": 8,
                "Peak Memory Usage": 2016,
                "Plans": [
                  {
                    "Node Type": "Seq Scan",
                    "Parent Relationship": "Outer",
                    "Parallel Aware": true,
                    "Relation Name": "movie_companies",
                    "Alias": "mc",
                    "Startup Cost": 0.0,
                    "Total Cost": 38665.23,
                    "Plan Rows": 93758,
                    "Plan Width": 40,
                    "Actual Startup Time": 5.561,
                    "Actual Total Time": 106.229,
                    "Actual Rows": 36364,
                    "Actual Loops": 6,
                    "Filter": "((company_id < 1451) AND (company_type_id > 1))",
                    "Rows Removed by Filter": 398490
                  }
                ]
              }
            ]
          }
        ]
      }
    ]
  }
}