{
  "Plan": {
    "Node Type": "Hash Join",
    "Parallel Aware": false,
    "Join Type": "Inner",
    "Startup Cost": 117468.73,
    "Total Cost": 868155.38,
    "Plan Rows": 10732517,
    "Plan Width": 168,
    "Actual Startup Time": 1843.295,
    "Actual Total Time": 21533.583,
    "Actual Rows": 9631551,
    "Actual Loops": 1,
    "Inner Unique": true,
    "Hash Cond": "(mi.movie_id = t.id)",
    "Plans": [
      {
        "Node Type": "Seq Scan",
        "Parent Relationship": "Outer",
        "Parallel Aware": false,
        "Relation Name": "movie_info",
        "Alias": "mi",
        "Startup Cost": 0.0,
        "Total Cost": 309773.27,
        "Plan Rows": 14778027,
        "Plan Width": 73,
        "Actual Startup Time": 0.055,
        "Actual Total Time": 3724.26,
        "Actual Rows": 14835720,
        "Actual Loops": 1
      },
      {
        "Node Type": "Hash",
        "Parent Relationship": "Inner",
        "Parallel Aware": false,
        "Startup Cost": 67619.64,
        "Total Cost": 67619.64,
        "Plan Rows": 1836167,
        "Plan Width": 95,
        "Actual Startup Time": 1840.689,
        "Actual Total Time": 1840.692,
        "Actual Rows": 1833367,
        "Actual Loops": 1,
        "Hash Buckets": 32768,
        "Original Hash Buckets": 32768,
        "Hash Batches": 64,
        "Original Hash Batches": 64,
        "Peak Memory Usage": 3492,
        "Plans": [
          {
            "Node Type": "Seq Scan",
            "Parent Relationship": "Outer",
            "Parallel Aware": false,
            "Relation Name": "title",
            "Alias": "t",
            "Startup Cost": 0.0,
            "Total Cost": 67619.64,
            "Plan Rows": 1836167,
            "Plan Width": 95,
            "Actual Startup Time": 0.034,
            "Actual Total Time": 1027.534,
            "Actual Rows": 1833367,
            "Actual Loops": 1,
            "Filter": "(production_year > 1986)",
            "Rows Removed by Filter": 694945
          }
        ]
      }
    ]
  }
}