{
  "Plan": {
    "Node Type": "Hash Join",
    "Parent Relationship": "Outer",
    "Parallel Aware": true,
    "Join Type": "Inner",
    "Startup Cost": 118234.26,
    "Total Cost": 390101.27,
    "Plan Rows": 790525,
    "Plan Width": 180,
    "Actual Startup Time": 2516.853,
    "Actual Total Time": 6563.611,
    "Actual Rows": 6875842,
    "Actual Loops": 6,
    "Inner Unique": false,
    "Hash Cond": "(mi.movie_id = t.id)",
    "Plans": [
      {
        "Node Type": "Seq Scan",
        "Parent Relationship": "Outer",
        "Parallel Aware": true,
        "Relation Name": "movie_info",
        "Alias": "mi",
        "Startup Cost": 0.0,
        "Total Cost": 198938.07,
        "Plan Rows": 2251962,
        "Plan Width": 73,
        "Actual Startup Time": 0.056,
        "Actual Total Time": 868.096,
        "Actual Rows": 1868457,
        "Actual Loops": 6,
        "Filter": "(info_type_id > 3)",
        "Rows Removed by Filter": 604163
      },
      {
        "Node Type": "Hash",
        "Parent Relationship": "Inner",
        "Parallel Aware": true,
        "Startup Cost": 109901.53,
        "Total Cost": 109901.53,
        "Plan Rows": 286299,
        "Plan Width": 107,
        "Actual Startup Time": 892.093,
        "Actual Total Time": 892.119,
        "Actual Rows": 129130,
        "Actual Loops": 6,
        "Hash Buckets": 32768,
        "Original Hash Buckets": 32768,
        "Hash Batches": 64,
        "Original Hash Batches": 64,
        "Peak Memory Usage": 1984,
        "Plans": [
          {
            "Node Type": "Hash Join",
            "Parent Relationship": "Outer",
            "Parallel Aware": true,
            "Join Type": "Inner",
            "Startup Cost": 55681.68,
            "Total Cost": 109901.53,
            "Plan Rows": 286299,
            "Plan Width": 107,
            "Actual Startup Time": 575.74,
            "Actual Total Time": 807.323,
            "Actual Rows": 129130,
            "Actual Loops": 6,
            "Inner Unique": true,
            "Hash Cond": "(mk.movie_id = t.id)",
            "Plans": [
              {
                "Node Type": "Seq Scan",
                "Parent Relationship": "Outer",
                "Parallel Aware": true,
                "Relation Name": "movie_keyword",
                "Alias": "mk",
                "Startup Cost": 0.0,
                "Total Cost": 42695.65,
                "Plan Rows": 417596,
                "Plan Width": 12,
                "Actual Startup Time": 0.064,
                "Actual Total Time": 170.927,
                "Actual Rows": 215576,
                "Actual Loops": 6,
                "Filter": "(keyword_id > 13654)",
                "Rows Removed by Filter": 538412
              },
              {
                "Node Type": "Hash",
                "Parent Relationship": "Inner",
                "Parallel Aware": true,
                "Startup Cost": 43916.91,
                "Total Cost": 43916.91,
                "Plan Rows": 433342,
                "Plan Width": 95,
                "Actual Startup Time": 319.101,
                "Actual Total Time": 319.103,
                "Actual Rows": 287539,
                "Actual Loops": 6,
                "Hash Buckets": 32768,
                "Original Hash Buckets": 32768,
                "Hash Batches": 64,
                "Original Hash Batches": 64,
                "Peak Memory Usage": 3520,
                "Plans": [
                  {
                    "Node Type": "Seq Scan",
                    "Parent Relationship": "Outer",
                    "Parallel Aware": true,
                    "Relation Name": "title",
                    "Alias": "t",
                    "Startup Cost": 0.0,
                    "Total Cost": 43916.91,
                    "Plan Rows": 433342,
                    "Plan Width": 95,
                    "Actual Startup Time": 0.043,
                    "Actual Total Time": 179.836,
                    "Actual Rows": 287539,
                    "Actual Loops": 6,
                    "Filter": "(production_year > 1991)",
                    "Rows Removed by Filter": 133846
                  }
                ]
              }
            ]
          }
        ]
      }
    ]
  }
}