{
  "Plan": {
    "Node Type": "Hash Join",
    "Parent Relationship": "Outer",
    "Parallel Aware": true,
    "Join Type": "Inner",
    "Startup Cost": 91943.12,
    "Total Cost": 130065.02,
    "Plan Rows": 2033,
    "Plan Width": 147,
    "Actual Startup Time": 417.826,
    "Actual Total Time": 571.472,
    "Actual Rows": 17117,
    "Actual Loops": 7,
    "Inner Unique": false,
    "Hash Cond": "(mc.movie_id = t.id)",
    "Plans": [
      {
        "Node Type": "Seq Scan",
        "Parent Relationship": "Outer",
        "Parallel Aware": true,
        "Relation Name": "movie_companies",
        "Alias": "mc",
        "Startup Cost": 0.0,
        "Total Cost": 37034.53,
        "Plan Rows": 288216,
        "Plan Width": 40,
        "Actual Startup Time": 0.051,
        "Actual Total Time": 98.073,
        "Actual Rows": 163224,
        "Actual Loops": 7,
        "Filter": "(company_id > 13255)",
        "Rows Removed by Filter": 209509
      },
      {
        "Node Type": "Hash",
        "Parent Relationship": "Inner",
        "Parallel Aware": true,
        "Startup Cost": 91871.21,
        "Total Cost": 91871.21,
        "Plan Rows": 5753,
        "Plan Width": 107,
        "Actual Startup Time": 417.257,
        "Actual Total Time": 417.604,
        "Actual Rows": 7391,
        "Actual Loops": 7,
        "Hash Buckets": 65536,
        "Original Hash Buckets": 32768,
        "Hash Batches": 1,
        "Original Hash Batches": 1,
        "Peak Memory Usage": 7264,
        "Plans": [
          {
            "Node Type": "Hash Join",
            "Parent Relationship": "Outer",
            "Parallel Aware": true,
            "Join Type": "Inner",
            "Startup Cost": 45529.82,
            "Total Cost": 91871.21,
            "Plan Rows": 5753,
            "Plan Width": 107,
            "Actual Startup Time": 122.393,
            "Actual Total Time": 404.319,
            "Actual Rows": 7391,
            "Actual Loops": 7,
            "Inner Unique": true,
            "Hash Cond": "(mk.movie_id = t.id)",
            "Plans": [
              {
                "Node Type": "Seq Scan",
                "Parent Relationship": "Outer",
                "Parallel Aware": true,
                "Relation Name": "movie_keyword",
                "Alias": "mk",
                "Startup Cost": 0.0,
                "Total Cost": 42695.65,
                "Plan Rows": 1388848,
                "Plan Width": 12,
                "Actual Startup Time": 0.053,
                "Actual Total Time": 180.258,
                "Actual Rows": 615147,
                "Actual Loops": 7,
                "Filter": "(keyword_id > 151)",
                "Rows Removed by Filter": 31129
              },
              {
                "Node Type": "Hash",
                "Parent Relationship": "Inner",
                "Parallel Aware": true,
                "Startup Cost": 45497.09,
                "Total Cost": 45497.09,
                "Plan Rows": 2618,
                "Plan Width": 95,
                "Actual Startup Time": 122.005,
                "Actual Total Time": 122.006,
                "Actual Rows": 1504,
                "Actual Loops": 7,
                "Hash Buckets": 16384,
                "Original Hash Buckets": 16384,
                "Hash Batches": 1,
                "Original Hash Batches": 1,
                "Peak Memory Usage": 1408,
                "Plans": [
                  {
                    "Node Type": "Seq Scan",
                    "Parent Relationship": "Outer",
                    "Parallel Aware": true,
                    "Relation Name": "title",
                    "Alias": "t",
                    "Startup Cost": 0.0,
                    "Total Cost": 45497.09,
                    "Plan Rows": 2618,
                    "Plan Width": 95,
                    "Actual Startup Time": 0.608,
                    "Actual Total Time": 120.593,
                    "Actual Rows": 1504,
                    "Actual Loops": 7,
                    "Filter": "((kind_id < 7) AND (production_year = 1993))",
                    "Rows Removed by Filter": 359683
                  }
                ]
              }
            ]
          }
        ]
      }
    ]
  }
}