{
  "Plan": {
    "Node Type": "Hash Join",
    "Parent Relationship": "Outer",
    "Parallel Aware": true,
    "Join Type": "Inner",
    "Startup Cost": 97835.92,
    "Total Cost": 378102.04,
    "Plan Rows": 387420,
    "Plan Width": 208,
    "Actual Startup Time": 2214.875,
    "Actual Total Time": 2920.74,
    "Actual Rows": 161491,
    "Actual Loops": 6,
    "Inner Unique": false,
    "Hash Cond": "(mi.movie_id = t.id)",
    "Plans": [
      {
        "Node Type": "Seq Scan",
        "Parent Relationship": "Outer",
        "Parallel Aware": true,
        "Relation Name": "movie_info",
        "Alias": "mi",
        "Startup Cost": 0.0,
        "Total Cost": 191549.05,
        "Plan Rows": 2955605,
        "Plan Width": 73,
        "Actual Startup Time": 0.033,
        "Actual Total Time": 682.017,
        "Actual Rows": 2472620,
        "Actual Loops": 6
      },
      {
        "Node Type": "Hash",
        "Parent Relationship": "Inner",
        "Parallel Aware": true,
        "Startup Cost": 95181.27,
        "Total Cost": 95181.27,
        "Plan Rows": 82852,
        "Plan Width": 135,
        "Actual Startup Time": 606.895,
        "Actual Total Time": 607.027,
        "Actual Rows": 24642,
        "Actual Loops": 6,
        "Hash Buckets": 32768,
        "Original Hash Buckets": 32768,
        "Hash Batches": 16,
        "Original Hash Batches": 16,
        "Peak Memory Usage": 1632,
        "Plans": [
          {
            "Node Type": "Hash Join",
            "Parent Relationship": "Outer",
            "Parallel Aware": true,
            "Join Type": "Inner",
            "Startup Cost": 49734.9,
            "Total Cost": 95181.27,
            "Plan Rows": 82852,
            "Plan Width": 135,
            "Actual Startup Time": 457.262,
            "Actual Total Time": 577.094,
            "Actual Rows": 24642,
            "Actual Loops": 6,
            "Inner Unique": true,
            "Hash Cond": "(mc.movie_id = t.id)",
            "Plans": [
              {
                "Node Type": "Seq Scan",
                "Parent Relationship": "Outer",
                "Parallel Aware": true,
                "Relation Name": "movie_companies",
                "Alias": "mc",
                "Startup Cost": 0.0,
                "Total Cost": 37034.53,
                "Plan Rows": 335556,
                "Plan Width": 40,
                "Actual Startup Time": 6.754,
                "Actual Total Time": 158.015,
                "Actual Rows": 222480,
                "Actual Loops": 6,
                "Filter": "(company_type_id > 1)",
                "Rows Removed by Filter": 212374
              },
              {
                "Node Type": "Hash",
                "Parent Relationship": "Inner",
                "Parallel Aware": true,
                "Startup Cost": 45497.09,
                "Total Cost": 45497.09,
                "Plan Rows": 156065,
                "Plan Width": 95,
                "Actual Startup Time": 216.459,
                "Actual Total Time": 216.467,
                "Actual Rows": 112821,
                "Actual Loops": 6,
                "Hash Buckets": 32768,
                "Original Hash Buckets": 32768,
                "Hash Batches": 32,
                "Original Hash Batches": 32,
                "Peak Memory Usage": 2880,
                "Plans": [
                  {
                    "Node Type": "Seq Scan",
                    "Parent Relationship": "Outer",
                    "Parallel Aware": true,
                    "Relation Name": "title",
                    "Alias": "t",
                    "Startup Cost": 0.0,
                    "Total Cost": 45497.09,
                    "Plan Rows": 156065,
                    "Plan Width": 95,
                    "Actual Startup Time": 0.047,
                    "Actual Total Time": 157.931,
                    "Actual Rows": 112821,
                    "Actual Loops": 6,
                    "Filter": "((production_year > 2005) AND (kind_id = 7))",
                    "Rows Removed by Filter": 308564
                  }
                ]
              }
            ]
          }
        ]
      }
    ]
  }
}