{
  "Plan": {
    "Node Type": "Hash Join",
    "Parallel Aware": false,
    "Join Type": "Inner",
    "Startup Cost": 94110.54,
    "Total Cost": 1518078.96,
    "Plan Rows": 13885786,
    "Plan Width": 151,
    "Actual Startup Time": 1305.151,
    "Actual Total Time": 40280.195,
    "Actual Rows": 14824459,
    "Actual Loops": 1,
    "Inner Unique": true,
    "Hash Cond": "(ci.movie_id = t.id)",
    "Plans": [
      {
        "Node Type": "Seq Scan",
        "Parent Relationship": "Outer",
        "Parallel Aware": false,
        "Relation Name": "cast_info",
        "Alias": "ci",
        "Startup Cost": 0.0,
        "Total Cost": 612497.44,
        "Plan Rows": 35979744,
        "Plan Width": 56,
        "Actual Startup Time": 0.078,
        "Actual Total Time": 8050.697,
        "Actual Rows": 36244344,
        "Actual Loops": 1
      },
      {
        "Node Type": "Hash",
        "Parent Relationship": "Inner",
        "Parallel Aware": false,
        "Startup Cost": 67619.64,
        "Total Cost": 67619.64,
        "Plan Rows": 975752,
        "Plan Width": 95,
        "Actual Startup Time": 1302.781,
        "Actual Total Time": 1302.784,
        "Actual Rows": 985048,
        "Actual Loops": 1,
        "Hash Buckets": 32768,
        "Original Hash Buckets": 32768,
        "Hash Batches": 64,
        "Original Hash Batches": 64,
        "Peak Memory Usage": 1938,
        "Plans": [
          {
            "Node Type": "Seq Scan",
            "Parent Relationship": "Outer",
            "Parallel Aware": false,
            "Relation Name": "title",
            "Alias": "t",
            "Startup Cost": 0.0,
            "Total Cost": 67619.64,
            "Plan Rows": 975752,
            "Plan Width": 95,
            "Actual Startup Time": 0.022,
            "Actual Total Time": 864.409,
            "Actual Rows": 985048,
            "Actual Loops": 1,
            "Filter": "(kind_id < 7)",
            "Rows Removed by Filter": 1543264
          }
        ]
      }
    ]
  }
}