{
  "Plan": {
    "Node Type": "Hash Join",
    "Parallel Aware": false,
    "Join Type": "Inner",
    "Startup Cost": 129938.55,
    "Total Cost": 1135147.68,
    "Plan Rows": 11993248,
    "Plan Width": 151,
    "Actual Startup Time": 4794.832,
    "Actual Total Time": 40972.05,
    "Actual Rows": 23573656,
    "Actual Loops": 1,
    "Inner Unique": true,
    "Hash Cond": "(ci.movie_id = t.id)",
    "Plans": [
      {
        "Node Type": "Seq Scan",
        "Parent Relationship": "Outer",
        "Parallel Aware": false,
        "Relation Name": "cast_info",
        "Alias": "ci",
        "Startup Cost": 0.0,
        "Total Cost": 702446.8,
        "Plan Rows": 11993248,
        "Plan Width": 56,
        "Actual Startup Time": 2758.828,
        "Actual Total Time": 11225.525,
        "Actual Rows": 23573656,
        "Actual Loops": 1,
        "Filter": "(role_id > 1)",
        "Rows Removed by Filter": 12670688
      },
      {
        "Node Type": "Hash",
        "Parent Relationship": "Inner",
        "Parallel Aware": false,
        "Startup Cost": 61298.91,
        "Total Cost": 61298.91,
        "Plan Rows": 2528291,
        "Plan Width": 95,
        "Actual Startup Time": 2034.393,
        "Actual Total Time": 2034.395,
        "Actual Rows": 2528312,
        "Actual Loops": 1,
        "Hash Buckets": 32768,
        "Original Hash Buckets": 32768,
        "Hash Batches": 128,
        "Original Hash Batches": 128,
        "Peak Memory Usage": 2453,
        "Plans": [
          {
            "Node Type": "Seq Scan",
            "Parent Relationship": "Outer",
            "Parallel Aware": false,
            "Relation Name": "title",
            "Alias": "t",
            "Startup Cost": 0.0,
            "Total Cost": 61298.91,
            "Plan Rows": 2528291,
            "Plan Width": 95,
            "Actual Startup Time": 0.039,
            "Actual Total Time": 677.077,
            "Actual Rows": 2528312,
            "Actual Loops": 1
          }
        ]
      }
    ]
  }
}