{
  "Plan": {
    "Node Type": "Hash Join",
    "Parent Relationship": "Outer",
    "Parallel Aware": true,
    "Join Type": "Inner",
    "Startup Cost": 116678.67,
    "Total Cost": 181422.78,
    "Plan Rows": 544916,
    "Plan Width": 147,
    "Actual Startup Time": 2000.126,
    "Actual Total Time": 3269.066,
    "Actual Rows": 1836733,
    "Actual Loops": 4,
    "Inner Unique": false,
    "Hash Cond": "(mk.movie_id = t.id)",
    "Plans": [
      {
        "Node Type": "Seq Scan",
        "Parent Relationship": "Outer",
        "Parallel Aware": true,
        "Relation Name": "movie_keyword",
        "Alias": "mk",
        "Startup Cost": 0.0,
        "Total Cost": 39047.32,
        "Plan Rows": 1459332,
        "Plan Width": 12,
        "Actual Startup Time": 0.11,
        "Actual Total Time": 251.884,
        "Actual Rows": 1130982,
        "Actual Loops": 4
      },
      {
        "Node Type": "Hash",
        "Parent Relationship": "Inner",
        "Parallel Aware": true,
        "Startup Cost": 109118.47,
        "Total Cost": 109118.47,
        "Plan Rows": 236016,
        "Plan Width": 135,
        "Actual Startup Time": 1428.889,
        "Actual Total Time": 1428.914,
        "Actual Rows": 276171,
        "Actual Loops": 4,
        "Hash Buckets": 32768,
        "Original Hash Buckets": 32768,
        "Hash Batches": 64,
        "Original Hash Batches": 64,
        "Peak Memory Usage": 2624,
        "Plans": [
          {
            "Node Type": "Hash Join",
            "Parent Relationship": "Outer",
            "Parallel Aware": true,
            "Join Type": "Inner",
            "Startup Cost": 43459.43,
            "Total Cost": 109118.47,
            "Plan Rows": 236016,
            "Plan Width": 135,
            "Actual Startup Time": 766.477,
            "Actual Total Time": 1236.224,
            "Actual Rows": 276171,
            "Actual Loops": 4,
            "Inner Unique": false,
            "Hash Cond": "(t.id = mc.movie_id)",
            "Plans": [
              {
                "Node Type": "Seq Scan",
                "Parent Relationship": "Outer",
                "Parallel Aware": true,
                "Relation Name": "title",
                "Alias": "t",
                "Startup Cost": 0.0,
                "Total Cost": 42336.73,
                "Plan Rows": 632073,
                "Plan Width": 95,
                "Actual Startup Time": 0.052,
                "Actual Total Time": 181.155,
                "Actual Rows": 632078,
                "Actual Loops": 4
              },
              {
                "Node Type": "Hash",
                "Parent Relationship": "Inner",
                "Parallel Aware": true,
                "Startup Cost": 38665.23,
                "Total Cost": 38665.23,
                "Plan Rows": 236016,
                "Plan Width": 40,
                "Actual Startup Time": 268.537,
                "Actual Total Time": 268.541,
                "Actual Rows": 276171,
                "Actual Loops": 4,
                "Hash Buckets": 65536,
                "Original Hash Buckets": 65536,
                "Hash Batches": 32,
                "Original Hash Batches": 32,
                "Peak Memory Usage": 2304,
                "Plans": [
                  {
                    "Node Type": "Seq Scan",
                    "Parent Relationship": "Outer",
                    "Parallel Aware": true,
                    "Relation Name": "movie_companies",
                    "Alias": "mc",
                    "Startup Cost": 0.0,
                    "Total Cost": 38665.23,
                    "Plan Rows": 236016,
                    "Plan Width": 40,
                    "Actual Startup Time": 8.177,
                    "Actual Total Time": 186.869,
                    "Actual Rows": 276171,
                    "Actual Loops": 4,
                    "Filter": "((company_id > 1688) AND (company_type_id > 1))",
                    "Rows Removed by Filter": 376111
                  }
                ]
              }
            ]
          }
        ]
      }
    ]
  }
}