{
  "Plan": {
    "Node Type": "Hash Join",
    "Parent Relationship": "Outer",
    "Parallel Aware": true,
    "Join Type": "Inner",
    "Startup Cost": 320314.38,
    "Total Cost": 655561.81,
    "Plan Rows": 29094,
    "Plan Width": 261,
    "Actual Startup Time": 4906.147,
    "Actual Total Time": 11261.288,
    "Actual Rows": 5678516,
    "Actual Loops": 7,
    "Inner Unique": false,
    "Hash Cond": "(ci.movie_id = t.id)",
    "Plans": [
      {
        "Node Type": "Seq Scan",
        "Parent Relationship": "Outer",
        "Parallel Aware": true,
        "Relation Name": "cast_info",
        "Alias": "ci",
        "Startup Cost": 0.0,
        "Total Cost": 327657.8,
        "Plan Rows": 1998875,
        "Plan Width": 56,
        "Actual Startup Time": 0.094,
        "Actual Total Time": 1829.616,
        "Actual Rows": 4358807,
        "Actual Loops": 7,
        "Filter": "(role_id < 9)",
        "Rows Removed by Filter": 818956
      },
      {
        "Node Type": "Hash",
        "Parent Relationship": "Inner",
        "Parallel Aware": true,
        "Startup Cost": 320165.99,
        "Total Cost": 320165.99,
        "Plan Rows": 11871,
        "Plan Width": 205,
        "Actual Startup Time": 1803.284,
        "Actual Total Time": 1803.37,
        "Actual Rows": 151299,
        "Actual Loops": 7,
        "Hash Buckets": 32768,
        "Original Hash Buckets": 65536,
        "Hash Batches": 64,
        "Original Hash Batches": 1,
        "Peak Memory Usage": 3584,
        "Plans": [
          {
            "Node Type": "Hash Join",
            "Parent Relationship": "Outer",
            "Parallel Aware": true,
            "Join Type": "Inner",
            "Startup Cost": 274899.37,
            "Total Cost": 320165.99,
            "Plan Rows": 11871,
            "Plan Width": 205,
            "Actual Startup Time": 1335.921,
            "Actual Total Time": 1512.805,
            "Actual Rows": 151299,
            "Actual Loops": 7,
            "Inner Unique": false,
            "Hash Cond": "(mk.movie_id = t.id)",
            "Plans": [
              {
                "Node Type": "Seq Scan",
                "Parent Relationship": "Outer",
                "Parallel Aware": true,
                "Relation Name": "movie_keyword",
                "Alias": "mk",
                "Startup Cost": 0.0,
                "Total Cost": 42695.65,
                "Plan Rows": 672403,
                "Plan Width": 12,
                "Actual Startup Time": 0.094,
                "Actual Total Time": 161.938,
                "Actual Rows": 298418,
                "Actual Loops": 7,
                "Filter": "(keyword_id < 3736)",
                "Rows Removed by Filter": 347857
              },
              {
                "Node Type": "Hash",
                "Parent Relationship": "Inner",
                "Parallel Aware": true,
                "Startup Cost": 274666.89,
                "Total Cost": 274666.89,
                "Plan Rows": 18598,
                "Plan Width": 193,
                "Actual Startup Time": 1083.575,
                "Actual Total Time": 1083.641,
                "Actual Rows": 29962,
                "Actual Loops": 7,
                "Hash Buckets": 32768,
                "Original Hash Buckets": 65536,
                "Hash Batches": 16,
                "Original Hash Batches": 1,
                "Peak Memory Usage": 2432,
                "Plans": [
                  {
                    "Node Type": "Hash Join",
                    "Parent Relationship": "Outer",
                    "Parallel Aware": true,
                    "Join Type": "Inner",
                    "Startup Cost": 250542.24,
                    "Total Cost": 274666.89,
                    "Plan Rows": 18598,
                    "Plan Width": 193,
                    "Actual Startup Time": 951.543,
                    "Actual Total Time": 1027.262,
                    "Actual Rows": 29962,
                    "Actual Loops": 7,
                    "Inner Unique": false,
                    "Hash Cond": "(mi_idx.movie_id = t.id)",
                    "Plans": [
                      {
                        "Node Type": "Seq Scan",
                        "Parent Relationship": "Outer",
                        "Parallel Aware": true,
                        "Relation Name": "movie_info_idx",
                        "Alias": "mi_idx",
                        "Startup Cost": 0.0,
                        "Total Cost": 13685.15,
                        "Plan Rows": 575015,
                        "Plan Width": 25,
                        "Actual Startup Time": 0.059,
                        "Actual Total Time": 45.998,
                        "Actual Rows": 197148,
                        "Actual Loops": 7
                      },
                      {
                        "Node Type": "Hash",
                        "Parent Relationship": "Inner",
                        "Parallel Aware": true,
                        "Startup Cost": 249953.8,
                        "Total Cost": 249953.8,
                        "Plan Rows": 16355,
                        "Plan Width": 168,
                        "Actual Startup Time": 834.46,
                        "Actual Total Time": 834.5,
                        "Actual Rows": 37784,
                        "Actual Loops": 7,
                        "Hash Buckets": 32768,
                        "Original Hash Buckets": 131072,
                        "Hash Batches": 16,
                        "Original Hash Batches": 1,
                        "Peak Memory Usage": 2624,
                        "Plans": [
                          {
                            "Node Type": "Hash Join",
                            "Parent Relationship": "Outer",
                            "Parallel Aware": true,
                            "Join Type": "Inner",
                            "Startup Cost": 46674.58,
                            "Total Cost": 249953.8,
                            "Plan Rows": 16355,
                            "Plan Width": 168,
                            "Actual Startup Time": 687.327,
                            "Actual Total Time": 767.89,
                            "Actual Rows": 37784,
                            "Actual Loops": 7,
                            "Inner Unique": true,
                            "Hash Cond": "(mi.movie_id = t.id)",
                            "Plans": [
                              {
                                "Node Type": "Seq Scan",
                                "Parent Relationship": "Outer",
                                "Parallel Aware": true,
                                "Relation Name": "movie_info",
                                "Alias": "mi",
                                "Startup Cost": 0.0,
                                "Total Cost": 198938.07,
                                "Plan Rows": 101771,
                                "Plan Width": 73,
                                "Actual Startup Time": 177.741,
                                "Actual Total Time": 493.901,
                                "Actual Rows": 67778,
                                "Actual Loops": 7,
                                "Filter": "(info_type_id = 6)",
                                "Rows Removed by Filter": 2051611
                              },
                              {
                                "Node Type": "Hash",
                                "Parent Relationship": "Inner",
                                "Parallel Aware": true,
                                "Startup Cost": 43916.91,
                                "Total Cost": 43916.91,
                                "Plan Rows": 101574,
                                "Plan Width": 95,
                                "Actual Startup Time": 155.226,
                                "Actual Total Time": 155.231,
                                "Actual Rows": 58499,
                                "Actual Loops": 7,
                                "Hash Buckets": 32768,
                                "Original Hash Buckets": 32768,
                                "Hash Batches": 16,
                                "Original Hash Batches": 16,
                                "Peak Memory Usage": 3328,
                                "Plans": [
                                  {
                                    "Node Type": "Seq Scan",
                                    "Parent Relationship": "Outer",
                                    "Parallel Aware": true,
                                    "Relation Name": "title",
                                    "Alias": "t",
                                    "Startup Cost": 0.0,
                                    "Total Cost": 43916.91,
                                    "Plan Rows": 101574,
                                    "Plan Width": 95,
                                    "Actual Startup Time": 0.041,
                                    "Actual Total Time": 124.147,
                                    "Actual Rows": 58499,
                                    "Actual Loops": 7,
                                    "Filter": "(production_year < 1973)",
                                    "Rows Removed by Filter": 302688
                                  }
                                ]
                              }
                            ]
                          }
                        ]
                      }
                    ]
                  }
                ]
              }
            ]
          }
        ]
      }
    ]
  }
}