{
  "Plan": {
    "Node Type": "Hash Join",
    "Parent Relationship": "Outer",
    "Parallel Aware": true,
    "Join Type": "Inner",
    "Startup Cost": 244957.01,
    "Total Cost": 289534.79,
    "Plan Rows": 28984,
    "Plan Width": 180,
    "Actual Startup Time": 2064.103,
    "Actual Total Time": 2322.743,
    "Actual Rows": 20145,
    "Actual Loops": 4,
    "Inner Unique": false,
    "Hash Cond": "(mk.movie_id = t.id)",
    "Plans": [
      {
        "Node Type": "Seq Scan",
        "Parent Relationship": "Outer",
        "Parallel Aware": true,
        "Relation Name": "movie_keyword",
        "Alias": "mk",
        "Startup Cost": 0.0,
        "Total Cost": 39047.32,
        "Plan Rows": 1459332,
        "Plan Width": 12,
        "Actual Startup Time": 0.071,
        "Actual Total Time": 201.305,
        "Actual Rows": 1130982,
        "Actual Loops": 4
      },
      {
        "Node Type": "Hash",
        "Parent Relationship": "Inner",
        "Parallel Aware": true,
        "Startup Cost": 244831.47,
        "Total Cost": 244831.47,
        "Plan Rows": 10043,
        "Plan Width": 168,
        "Actual Startup Time": 1880.816,
        "Actual Total Time": 1880.824,
        "Actual Rows": 10274,
        "Actual Loops": 4,
        "Hash Buckets": 65536,
        "Original Hash Buckets": 65536,
        "Hash Batches": 1,
        "Original Hash Batches": 1,
        "Peak Memory Usage": 8416,
        "Plans": [
          {
            "Node Type": "Hash Join",
            "Parent Relationship": "Outer",
            "Parallel Aware": true,
            "Join Type": "Inner",
            "Startup Cost": 45523.94,
            "Total Cost": 244831.47,
            "Plan Rows": 10043,
            "Plan Width": 168,
            "Actual Startup Time": 284.01,
            "Actual Total Time": 1868.171,
            "Actual Rows": 10274,
            "Actual Loops": 4,
            "Inner Unique": true,
            "Hash Cond": "(mi.movie_id = t.id)",
            "Plans": [
              {
                "Node Type": "Seq Scan",
                "Parent Relationship": "Outer",
                "Parallel Aware": true,
                "Relation Name": "movie_info",
                "Alias": "mi",
                "Startup Cost": 0.0,
                "Total Cost": 191549.05,
                "Plan Rows": 2955605,
                "Plan Width": 73,
                "Actual Startup Time": 0.052,
                "Actual Total Time": 787.97,
                "Actual Rows": 3708930,
                "Actual Loops": 4
              },
              {
                "Node Type": "Hash",
                "Parent Relationship": "Inner",
                "Parallel Aware": true,
                "Startup Cost": 45497.09,
                "Total Cost": 45497.09,
                "Plan Rows": 2148,
                "Plan Width": 95,
                "Actual Startup Time": 210.678,
                "Actual Total Time": 210.681,
                "Actual Rows": 2204,
                "Actual Loops": 4,
                "Hash Buckets": 16384,
                "Original Hash Buckets": 16384,
                "Hash Batches": 1,
                "Original Hash Batches": 1,
                "Peak Memory Usage": 1248,
                "Plans": [
                  {
                    "Node Type": "Seq Scan",
                    "Parent Relationship": "Outer",
                    "Parallel Aware": true,
                    "Relation Name": "title",
                    "Alias": "t",
                    "Startup Cost": 0.0,
                    "Total Cost": 45497.09,
                    "Plan Rows": 2148,
                    "Plan Width": 95,
                    "Actual Startup Time": 0.133,
                    "Actual Total Time": 208.497,
                    "Actual Rows": 2204,
                    "Actual Loops": 4,
                    "Filter": "((kind_id = 7) AND (production_year = 1967))",
                    "Rows Removed by Filter": 629874
                  }
                ]
              }
            ]
          }
        ]
      }
    ]
  }
}