{
  "Plan": {
    "Node Type": "Hash Join",
    "Parent Relationship": "Outer",
    "Parallel Aware": true,
    "Join Type": "Inner",
    "Startup Cost": 40734.58,
    "Total Cost": 98431.38,
    "Plan Rows": 62554,
    "Plan Width": 135,
    "Actual Startup Time": 778.586,
    "Actual Total Time": 981.308,
    "Actual Rows": 40164,
    "Actual Loops": 3,
    "Inner Unique": false,
    "Hash Cond": "(t.id = mc.movie_id)",
    "Plans": [
      {
        "Node Type": "Seq Scan",
        "Parent Relationship": "Outer",
        "Parallel Aware": true,
        "Relation Name": "title",
        "Alias": "t",
        "Startup Cost": 0.0,
        "Total Cost": 43916.91,
        "Plan Rows": 388135,
        "Plan Width": 95,
        "Actual Startup Time": 0.031,
        "Actual Total Time": 336.87,
        "Actual Rows": 514421,
        "Actual Loops": 3,
        "Filter": "(kind_id = 7)",
        "Rows Removed by Filter": 328349
      },
      {
        "Node Type": "Hash",
        "Parent Relationship": "Inner",
        "Parallel Aware": true,
        "Startup Cost": 38665.23,
        "Total Cost": 38665.23,
        "Plan Rows": 101868,
        "Plan Width": 40,
        "Actual Startup Time": 235.334,
        "Actual Total Time": 235.336,
        "Actual Rows": 77521,
        "Actual Loops": 3,
        "Hash Buckets": 65536,
        "Original Hash Buckets": 65536,
        "Hash Batches": 16,
        "Original Hash Batches": 16,
        "Peak Memory Usage": 1280,
        "Plans": [
          {
            "Node Type": "Seq Scan",
            "Parent Relationship": "Outer",
            "Parallel Aware": true,
            "Relation Name": "movie_companies",
            "Alias": "mc",
            "Startup Cost": 0.0,
            "Total Cost": 38665.23,
            "Plan Rows": 101868,
            "Plan Width": 40,
            "Actual Startup Time": 10.786,
            "Actual Total Time": 210.69,
            "Actual Rows": 77521,
            "Actual Loops": 3,
            "Filter": "((company_id < 1772) AND (company_type_id = 2))",
            "Rows Removed by Filter": 792189
          }
        ]
      }
    ]
  }
}