{
  "Plan": {
    "Node Type": "Hash Join",
    "Parent Relationship": "Outer",
    "Parallel Aware": true,
    "Join Type": "Inner",
    "Startup Cost": 181188.77,
    "Total Cost": 446058.03,
    "Plan Rows": 1068237,
    "Plan Width": 233,
    "Actual Startup Time": 4105.644,
    "Actual Total Time": 14616.945,
    "Actual Rows": 14403190,
    "Actual Loops": 6,
    "Inner Unique": false,
    "Hash Cond": "(mi.movie_id = t.id)",
    "Plans": [
      {
        "Node Type": "Seq Scan",
        "Parent Relationship": "Outer",
        "Parallel Aware": true,
        "Relation Name": "movie_info",
        "Alias": "mi",
        "Startup Cost": 0.0,
        "Total Cost": 198938.07,
        "Plan Rows": 1896427,
        "Plan Width": 73,
        "Actual Startup Time": 0.084,
        "Actual Total Time": 812.552,
        "Actual Rows": 1594192,
        "Actual Loops": 6,
        "Filter": "(info_type_id < 16)",
        "Rows Removed by Filter": 878428
      },
      {
        "Node Type": "Hash",
        "Parent Relationship": "Inner",
        "Parallel Aware": true,
        "Startup Cost": 168741.27,
        "Total Cost": 168741.27,
        "Plan Rows": 356040,
        "Plan Width": 160,
        "Actual Startup Time": 2639.327,
        "Actual Total Time": 2639.708,
        "Actual Rows": 678846,
        "Actual Loops": 6,
        "Hash Buckets": 32768,
        "Original Hash Buckets": 32768,
        "Hash Batches": 256,
        "Original Hash Batches": 128,
        "Peak Memory Usage": 3200,
        "Plans": [
          {
            "Node Type": "Hash Join",
            "Parent Relationship": "Outer",
            "Parallel Aware": true,
            "Join Type": "Inner",
            "Startup Cost": 109107.89,
            "Total Cost": 168741.27,
            "Plan Rows": 356040,
            "Plan Width": 160,
            "Actual Startup Time": 1365.708,
            "Actual Total Time": 2053.099,
            "Actual Rows": 678846,
            "Actual Loops": 6,
            "Inner Unique": false,
            "Hash Cond": "(mc.movie_id = t.id)",
            "Plans": [
              {
                "Node Type": "Seq Scan",
                "Parent Relationship": "Outer",
                "Parallel Aware": true,
                "Relation Name": "movie_companies",
                "Alias": "mc",
                "Startup Cost": 0.0,
                "Total Cost": 35403.82,
                "Plan Rows": 652282,
                "Plan Width": 40,
                "Actual Startup Time": 0.069,
                "Actual Total Time": 119.774,
                "Actual Rows": 434855,
                "Actual Loops": 6
              },
              {
                "Node Type": "Hash",
                "Parent Relationship": "Inner",
                "Parallel Aware": true,
                "Startup Cost": 91812.2,
                "Total Cost": 91812.2,
                "Plan Rows": 575015,
                "Plan Width": 120,
                "Actual Startup Time": 1082.255,
                "Actual Total Time": 1082.555,
                "Actual Rows": 230006,
                "Actual Loops": 6,
                "Hash Buckets": 32768,
                "Original Hash Buckets": 32768,
                "Hash Batches": 64,
                "Original Hash Batches": 64,
                "Peak Memory Usage": 3296,
                "Plans": [
                  {
                    "Node Type": "Hash Join",
                    "Parent Relationship": "Outer",
                    "Parallel Aware": true,
                    "Join Type": "Inner",
                    "Startup Cost": 59496.64,
                    "Total Cost": 91812.2,
                    "Plan Rows": 575015,
                    "Plan Width": 120,
                    "Actual Startup Time": 571.419,
                    "Actual Total Time": 912.671,
                    "Actual Rows": 230006,
                    "Actual Loops": 6,
                    "Inner Unique": true,
                    "Hash Cond": "(mi_idx.movie_id = t.id)",
                    "Plans": [
                      {
                        "Node Type": "Seq Scan",
                        "Parent Relationship": "Outer",
                        "Parallel Aware": true,
                        "Relation Name": "movie_info_idx",
                        "Alias": "mi_idx",
                        "Startup Cost": 0.0,
                        "Total Cost": 13685.15,
                        "Plan Rows": 575015,
                        "Plan Width": 25,
                        "Actual Startup Time": 0.06,
                        "Actual Total Time": 55.445,
                        "Actual Rows": 230006,
                        "Actual Loops": 6
                      },
                      {
                        "Node Type": "Hash",
                        "Parent Relationship": "Inner",
                        "Parallel Aware": true,
                        "Startup Cost": 42336.73,
                        "Total Cost": 42336.73,
                        "Plan Rows": 632073,
                        "Plan Width": 95,
                        "Actual Startup Time": 389.643,
                        "Actual Total Time": 389.646,
                        "Actual Rows": 421385,
                        "Actual Loops": 6,
                        "Hash Buckets": 32768,
                        "Original Hash Buckets": 32768,
                        "Hash Batches": 128,
                        "Original Hash Batches": 128,
                        "Peak Memory Usage": 2624,
                        "Plans": [
                          {
                            "Node Type": "Seq Scan",
                            "Parent Relationship": "Outer",
                            "Parallel Aware": true,
                            "Relation Name": "title",
                            "Alias": "t",
                            "Startup Cost": 0.0,
                            "Total Cost": 42336.73,
                            "Plan Rows": 632073,
                            "Plan Width": 95,
                            "Actual Startup Time": 0.025,
                            "Actual Total Time": 116.712,
                            "Actual Rows": 421385,
                            "Actual Loops": 6
                          }
                        ]
                      }
                    ]
                  }
                ]
              }
            ]
          }
        ]
      }
    ]
  }
}