{
  "Plan": {
    "Node Type": "Hash Join",
    "Parent Relationship": "Outer",
    "Parallel Aware": true,
    "Join Type": "Inner",
    "Startup Cost": 136267.01,
    "Total Cost": 481541.41,
    "Plan Rows": 39199,
    "Plan Width": 188,
    "Actual Startup Time": 3438.016,
    "Actual Total Time": 6127.449,
    "Actual Rows": 2347583,
    "Actual Loops": 7,
    "Inner Unique": false,
    "Hash Cond": "(ci.movie_id = t.id)",
    "Plans": [
      {
        "Node Type": "Seq Scan",
        "Parent Relationship": "Outer",
        "Parallel Aware": true,
        "Relation Name": "cast_info",
        "Alias": "ci",
        "Startup Cost": 0.0,
        "Total Cost": 342649.36,
        "Plan Rows": 666292,
        "Plan Width": 56,
        "Actual Startup Time": 0.056,
        "Actual Total Time": 1648.138,
        "Actual Rows": 2874666,
        "Actual Loops": 7,
        "Filter": "((person_id < 3686892) AND (role_id < 3))",
        "Rows Removed by Filter": 2303098
      },
      {
        "Node Type": "Hash",
        "Parent Relationship": "Inner",
        "Parallel Aware": true,
        "Startup Cost": 135667.24,
        "Total Cost": 135667.24,
        "Plan Rows": 47981,
        "Plan Width": 132,
        "Actual Startup Time": 991.947,
        "Actual Total Time": 991.982,
        "Actual Rows": 83096,
        "Actual Loops": 7,
        "Hash Buckets": 32768,
        "Original Hash Buckets": 262144,
        "Hash Batches": 32,
        "Original Hash Batches": 1,
        "Peak Memory Usage": 3072,
        "Plans": [
          {
            "Node Type": "Hash Join",
            "Parent Relationship": "Outer",
            "Parallel Aware": true,
            "Join Type": "Inner",
            "Startup Cost": 87256.45,
            "Total Cost": 135667.24,
            "Plan Rows": 47981,
            "Plan Width": 132,
            "Actual Startup Time": 772.022,
            "Actual Total Time": 880.485,
            "Actual Rows": 83096,
            "Actual Loops": 7,
            "Inner Unique": false,
            "Hash Cond": "(mk.movie_id = t.id)",
            "Plans": [
              {
                "Node Type": "Seq Scan",
                "Parent Relationship": "Outer",
                "Parallel Aware": true,
                "Relation Name": "movie_keyword",
                "Alias": "mk",
                "Startup Cost": 0.0,
                "Total Cost": 42695.65,
                "Plan Rows": 265118,
                "Plan Width": 12,
                "Actual Startup Time": 0.063,
                "Actual Total Time": 138.719,
                "Actual Rows": 118031,
                "Actual Loops": 7,
                "Filter": "(keyword_id < 789)",
                "Rows Removed by Filter": 528244
              },
              {
                "Node Type": "Hash",
                "Parent Relationship": "Inner",
                "Parallel Aware": true,
                "Startup Cost": 83815.52,
                "Total Cost": 83815.52,
                "Plan Rows": 114394,
                "Plan Width": 120,
                "Actual Startup Time": 587.98,
                "Actual Total Time": 587.997,
                "Actual Rows": 65704,
                "Actual Loops": 7,
                "Hash Buckets": 32768,
                "Original Hash Buckets": 32768,
                "Hash Batches": 32,
                "Original Hash Batches": 32,
                "Peak Memory Usage": 2336,
                "Plans": [
                  {
                    "Node Type": "Hash Join",
                    "Parent Relationship": "Outer",
                    "Parallel Aware": true,
                    "Join Type": "Inner",
                    "Startup Cost": 18809.88,
                    "Total Cost": 83815.52,
                    "Plan Rows": 114394,
                    "Plan Width": 120,
                    "Actual Startup Time": 356.894,
                    "Actual Total Time": 536.736,
                    "Actual Rows": 65704,
                    "Actual Loops": 7,
                    "Inner Unique": false,
                    "Hash Cond": "(t.id = mi_idx.movie_id)",
                    "Plans": [
                      {
                        "Node Type": "Seq Scan",
                        "Parent Relationship": "Outer",
                        "Parallel Aware": true,
                        "Relation Name": "title",
                        "Alias": "t",
                        "Startup Cost": 0.0,
                        "Total Cost": 42336.73,
                        "Plan Rows": 632073,
                        "Plan Width": 95,
                        "Actual Startup Time": 0.052,
                        "Actual Total Time": 99.043,
                        "Actual Rows": 361187,
                        "Actual Loops": 7
                      },
                      {
                        "Node Type": "Hash",
                        "Parent Relationship": "Inner",
                        "Parallel Aware": true,
                        "Startup Cost": 15122.68,
                        "Total Cost": 15122.68,
                        "Plan Rows": 190656,
                        "Plan Width": 25,
                        "Actual Startup Time": 71.628,
                        "Actual Total Time": 71.631,
                        "Actual Rows": 65704,
                        "Actual Loops": 7,
                        "Hash Buckets": 65536,
                        "Original Hash Buckets": 65536,
                        "Hash Batches": 16,
                        "Original Hash Batches": 16,
                        "Peak Memory Usage": 2176,
                        "Plans": [
                          {
                            "Node Type": "Seq Scan",
                            "Parent Relationship": "Outer",
                            "Parallel Aware": true,
                            "Relation Name": "movie_info_idx",
                            "Alias": "mi_idx",
                            "Startup Cost": 0.0,
                            "Total Cost": 15122.68,
                            "Plan Rows": 190656,
                            "Plan Width": 25,
                            "Actual Startup Time": 0.057,
                            "Actual Total Time": 50.289,
                            "Actual Rows": 65704,
                            "Actual Loops": 7,
                            "Filter": "(info_type_id < 100)",
                            "Rows Removed by Filter": 131444
                          }
                        ]
                      }
                    ]
                  }
                ]
              }
            ]
          }
        ]
      }
    ]
  }
}