{
  "Plan": {
    "Node Type": "Hash Join",
    "Parent Relationship": "Outer",
    "Parallel Aware": true,
    "Join Type": "Inner",
    "Startup Cost": 155301.07,
    "Total Cost": 356582.48,
    "Plan Rows": 18301,
    "Plan Width": 245,
    "Actual Startup Time": 1712.561,
    "Actual Total Time": 2201.856,
    "Actual Rows": 427230,
    "Actual Loops": 6,
    "Inner Unique": false,
    "Hash Cond": "(mi.movie_id = t.id)",
    "Plans": [
      {
        "Node Type": "Seq Scan",
        "Parent Relationship": "Outer",
        "Parallel Aware": true,
        "Relation Name": "movie_info",
        "Alias": "mi",
        "Startup Cost": 0.0,
        "Total Cost": 198938.07,
        "Plan Rows": 609150,
        "Plan Width": 73,
        "Actual Startup Time": 268.744,
        "Actual Total Time": 637.32,
        "Actual Rows": 506120,
        "Actual Loops": 6,
        "Filter": "(info_type_id = 16)",
        "Rows Removed by Filter": 1966500
      },
      {
        "Node Type": "Hash",
        "Parent Relationship": "Inner",
        "Parallel Aware": true,
        "Startup Cost": 154994.8,
        "Total Cost": 154994.8,
        "Plan Rows": 24502,
        "Plan Width": 172,
        "Actual Startup Time": 903.178,
        "Actual Total Time": 903.619,
        "Actual Rows": 54390,
        "Actual Loops": 6,
        "Hash Buckets": 16384,
        "Original Hash Buckets": 131072,
        "Hash Batches": 32,
        "Original Hash Batches": 1,
        "Peak Memory Usage": 3712,
        "Plans": [
          {
            "Node Type": "Hash Join",
            "Parent Relationship": "Outer",
            "Parallel Aware": true,
            "Join Type": "Inner",
            "Startup Cost": 107887.85,
            "Total Cost": 154994.8,
            "Plan Rows": 24502,
            "Plan Width": 172,
            "Actual Startup Time": 601.865,
            "Actual Total Time": 803.934,
            "Actual Rows": 54390,
            "Actual Loops": 6,
            "Inner Unique": false,
            "Hash Cond": "(mk.movie_id = t.id)",
            "Plans": [
              {
                "Node Type": "Seq Scan",
                "Parent Relationship": "Outer",
                "Parallel Aware": true,
                "Relation Name": "movie_keyword",
                "Alias": "mk",
                "Startup Cost": 0.0,
                "Total Cost": 42695.65,
                "Plan Rows": 1160009,
                "Plan Width": 12,
                "Actual Startup Time": 0.063,
                "Actual Total Time": 189.042,
                "Actual Rows": 598882,
                "Actual Loops": 6,
                "Filter": "(keyword_id > 870)",
                "Rows Removed by Filter": 155106
              },
              {
                "Node Type": "Hash",
                "Parent Relationship": "Inner",
                "Parallel Aware": true,
                "Startup Cost": 107720.96,
                "Total Cost": 107720.96,
                "Plan Rows": 13351,
                "Plan Width": 160,
                "Actual Startup Time": 479.751,
                "Actual Total Time": 480.172,
                "Actual Rows": 9731,
                "Actual Loops": 6,
                "Hash Buckets": 65536,
                "Original Hash Buckets": 65536,
                "Hash Batches": 1,
                "Original Hash Batches": 1,
                "Peak Memory Usage": 10688,
                "Plans": [
                  {
                    "Node Type": "Hash Join",
                    "Parent Relationship": "Outer",
                    "Parallel Aware": true,
                    "Join Type": "Inner",
                    "Startup Cost": 69815.45,
                    "Total Cost": 107720.96,
                    "Plan Rows": 13351,
                    "Plan Width": 160,
                    "Actual Startup Time": 286.866,
                    "Actual Total Time": 470.49,
                    "Actual Rows": 9731,
                    "Actual Loops": 6,
                    "Inner Unique": false,
                    "Hash Cond": "(mc.movie_id = t.id)",
                    "Plans": [
                      {
                        "Node Type": "Seq Scan",
                        "Parent Relationship": "Outer",
                        "Parallel Aware": true,
                        "Relation Name": "movie_companies",
                        "Alias": "mc",
                        "Startup Cost": 0.0,
                        "Total Cost": 35403.82,
                        "Plan Rows": 652282,
                        "Plan Width": 40,
                        "Actual Startup Time": 0.05,
                        "Actual Total Time": 86.606,
                        "Actual Rows": 434855,
                        "Actual Loops": 6
                      },
                      {
                        "Node Type": "Hash",
                        "Parent Relationship": "Inner",
                        "Parallel Aware": true,
                        "Startup Cost": 69545.93,
                        "Total Cost": 69545.93,
                        "Plan Rows": 21562,
                        "Plan Width": 120,
                        "Actual Startup Time": 275.143,
                        "Actual Total Time": 275.547,
                        "Actual Rows": 4014,
                        "Actual Loops": 6,
                        "Hash Buckets": 65536,
                        "Original Hash Buckets": 65536,
                        "Hash Batches": 1,
                        "Original Hash Batches": 1,
                        "Peak Memory Usage": 4064,
                        "Plans": [
                          {
                            "Node Type": "Hash Join",
                            "Parent Relationship": "Outer",
                            "Parallel Aware": true,
                            "Join Type": "Inner",
                            "Startup Cost": 46141.37,
                            "Total Cost": 69545.93,
                            "Plan Rows": 21562,
                            "Plan Width": 120,
                            "Actual Startup Time": 209.998,
                            "Actual Total Time": 271.726,
                            "Actual Rows": 4014,
                            "Actual Loops": 6,
                            "Inner Unique": true,
                            "Hash Cond": "(mi_idx.movie_id = t.id)",
                            "Plans": [
                              {
                                "Node Type": "Seq Scan",
                                "Parent Relationship": "Outer",
                                "Parallel Aware": true,
                                "Relation Name": "movie_info_idx",
                                "Alias": "mi_idx",
                                "Startup Cost": 0.0,
                                "Total Cost": 13685.15,
                                "Plan Rows": 575015,
                                "Plan Width": 25,
                                "Actual Startup Time": 0.053,
                                "Actual Total Time": 44.813,
                                "Actual Rows": 230006,
                                "Actual Loops": 6
                              },
                              {
                                "Node Type": "Hash",
                                "Parent Relationship": "Inner",
                                "Parallel Aware": true,
                                "Startup Cost": 45497.09,
                                "Total Cost": 45497.09,
                                "Plan Rows": 23702,
                                "Plan Width": 95,
                                "Actual Startup Time": 155.754,
                                "Actual Total Time": 155.757,
                                "Actual Rows": 17708,
                                "Actual Loops": 6,
                                "Hash Buckets": 131072,
                                "Original Hash Buckets": 131072,
                                "Hash Batches": 1,
                                "Original Hash Batches": 1,
                                "Peak Memory Usage": 14016,
                                "Plans": [
                                  {
                                    "Node Type": "Seq Scan",
                                    "Parent Relationship": "Outer",
                                    "Parallel Aware": true,
                                    "Relation Name": "title",
                                    "Alias": "t",
                                    "Startup Cost": 0.0,
                                    "Total Cost": 45497.09,
                                    "Plan Rows": 23702,
                                    "Plan Width": 95,
                                    "Actual Startup Time": 0.049,
                                    "Actual Total Time": 143.171,
                                    "Actual Rows": 17708,
                                    "Actual Loops": 6,
                                    "Filter": "((kind_id = 7) AND (production_year = 2011))",
                                    "Rows Removed by Filter": 403678
                                  }
                                ]
                              }
                            ]
                          }
                        ]
                      }
                    ]
                  }
                ]
              }
            ]
          }
        ]
      }
    ]
  }
}