{
  "Plan": {
    "Node Type": "Hash Join",
    "Parallel Aware": false,
    "Join Type": "Inner",
    "Startup Cost": 904525.43,
    "Total Cost": 1888599.88,
    "Plan Rows": 12038147,
    "Plan Width": 224,
    "Actual Startup Time": 4580.023,
    "Actual Total Time": 21507.977,
    "Actual Rows": 6019495,
    "Actual Loops": 1,
    "Inner Unique": false,
    "Hash Cond": "(mi.movie_id = t.id)",
    "Plans": [
      {
        "Node Type": "Seq Scan",
        "Parent Relationship": "Outer",
        "Parallel Aware": false,
        "Relation Name": "movie_info",
        "Alias": "mi",
        "Startup Cost": 0.0,
        "Total Cost": 346718.34,
        "Plan Rows": 9940132,
        "Plan Width": 73,
        "Actual Startup Time": 125.45,
        "Actual Total Time": 4608.389,
        "Actual Rows": 9911754,
        "Actual Loops": 1,
        "Filter": "(info_type_id > 4)",
        "Rows Removed by Filter": 4923966
      },
      {
        "Node Type": "Hash",
        "Parent Relationship": "Inner",
        "Parallel Aware": false,
        "Startup Cost": 800467.37,
        "Total Cost": 800467.37,
        "Plan Rows": 3061925,
        "Plan Width": 151,
        "Actual Startup Time": 4443.044,
        "Actual Total Time": 5046.096,
        "Actual Rows": 1133097,
        "Actual Loops": 1,
        "Hash Buckets": 32768,
        "Original Hash Buckets": 32768,
        "Hash Batches": 256,
        "Original Hash Batches": 256,
        "Peak Memory Usage": 945,
        "Plans": [
          {
            "Node Type": "Gather",
            "Parent Relationship": "Outer",
            "Parallel Aware": false,
            "Startup Cost": 47957.47,
            "Total Cost": 800467.37,
            "Plan Rows": 3061925,
            "Plan Width": 151,
            "Actual Startup Time": 2810.888,
            "Actual Total Time": 4377.989,
            "Actual Rows": 1133097,
            "Actual Loops": 1,
            "Workers Planned": 6,
            "Workers Launched": 6,
            "Single Copy": false,
            "Plans": [
              {
                "Node Type": "Hash Join",
                "Parent Relationship": "Outer",
                "Parallel Aware": true,
                "Join Type": "Inner",
                "Startup Cost": 46957.47,
                "Total Cost": 493274.87,
                "Plan Rows": 510321,
                "Plan Width": 151,
                "Actual Startup Time": 2803.086,
                "Actual Total Time": 4129.163,
                "Actual Rows": 161871,
                "Actual Loops": 7,
                "Inner Unique": true,
                "Hash Cond": "(ci.movie_id = t.id)",
                "Plans": [
                  {
                    "Node Type": "Seq Scan",
                    "Parent Relationship": "Outer",
                    "Parallel Aware": true,
                    "Relation Name": "cast_info",
                    "Alias": "ci",
                    "Startup Cost": 0.0,
                    "Total Cost": 312666.24,
                    "Plan Rows": 5996624,
                    "Plan Width": 56,
                    "Actual Startup Time": 0.052,
                    "Actual Total Time": 1083.457,
                    "Actual Rows": 5177763,
                    "Actual Loops": 7
                  },
                  {
                    "Node Type": "Hash",
                    "Parent Relationship": "Inner",
                    "Parallel Aware": true,
                    "Startup Cost": 45497.09,
                    "Total Cost": 45497.09,
                    "Plan Rows": 53790,
                    "Plan Width": 95,
                    "Actual Startup Time": 126.983,
                    "Actual Total Time": 126.987,
                    "Actual Rows": 16043,
                    "Actual Loops": 7,
                    "Hash Buckets": 32768,
                    "Original Hash Buckets": 32768,
                    "Hash Batches": 8,
                    "Original Hash Batches": 8,
                    "Peak Memory Usage": 2080,
                    "Plans": [
                      {
                        "Node Type": "Seq Scan",
                        "Parent Relationship": "Outer",
                        "Parallel Aware": true,
                        "Relation Name": "title",
                        "Alias": "t",
                        "Startup Cost": 0.0,
                        "Total Cost": 45497.09,
                        "Plan Rows": 53790,
                        "Plan Width": 95,
                        "Actual Startup Time": 0.046,
                        "Actual Total Time": 118.053,
                        "Actual Rows": 16043,
                        "Actual Loops": 7,
                        "Filter": "((production_year < 1969) AND (kind_id = 7))",
                        "Rows Removed by Filter": 345145
                      }
                    ]
                  }
                ]
              }
            ]
          }
        ]
      }
    ]
  }
}