{
  "Plan": {
    "Node Type": "Hash Join",
    "Parent Relationship": "Outer",
    "Parallel Aware": true,
    "Join Type": "Inner",
    "Startup Cost": 50178.07,
    "Total Cost": 100012.13,
    "Plan Rows": 177910,
    "Plan Width": 135,
    "Actual Startup Time": 586.948,
    "Actual Total Time": 978.366,
    "Actual Rows": 307401,
    "Actual Loops": 5,
    "Inner Unique": true,
    "Hash Cond": "(mc.movie_id = t.id)",
    "Plans": [
      {
        "Node Type": "Seq Scan",
        "Parent Relationship": "Outer",
        "Parallel Aware": true,
        "Relation Name": "movie_companies",
        "Alias": "mc",
        "Startup Cost": 0.0,
        "Total Cost": 35403.82,
        "Plan Rows": 652282,
        "Plan Width": 40,
        "Actual Startup Time": 0.053,
        "Actual Total Time": 137.152,
        "Actual Rows": 521826,
        "Actual Loops": 5
      },
      {
        "Node Type": "Hash",
        "Parent Relationship": "Inner",
        "Parallel Aware": true,
        "Startup Cost": 45497.09,
        "Total Cost": 45497.09,
        "Plan Rows": 172398,
        "Plan Width": 95,
        "Actual Startup Time": 262.03,
        "Actual Total Time": 262.032,
        "Actual Rows": 149986,
        "Actual Loops": 5,
        "Hash Buckets": 32768,
        "Original Hash Buckets": 32768,
        "Hash Batches": 32,
        "Original Hash Batches": 32,
        "Peak Memory Usage": 3008,
        "Plans": [
          {
            "Node Type": "Seq Scan",
            "Parent Relationship": "Outer",
            "Parallel Aware": true,
            "Relation Name": "title",
            "Alias": "t",
            "Startup Cost": 0.0,
            "Total Cost": 45497.09,
            "Plan Rows": 172398,
            "Plan Width": 95,
            "Actual Startup Time": 0.046,
            "Actual Total Time": 192.783,
            "Actual Rows": 149986,
            "Actual Loops": 5,
            "Filter": "((kind_id < 7) AND (production_year < 2009))",
            "Rows Removed by Filter": 355676
          }
        ]
      }
    ]
  }
}