{
  "Plan": {
    "Node Type": "Hash Join",
    "Parent Relationship": "Outer",
    "Parallel Aware": true,
    "Join Type": "Inner",
    "Startup Cost": 56574.88,
    "Total Cost": 110444.37,
    "Plan Rows": 258476,
    "Plan Width": 107,
    "Actual Startup Time": 821.715,
    "Actual Total Time": 1110.608,
    "Actual Rows": 97781,
    "Actual Loops": 4,
    "Inner Unique": true,
    "Hash Cond": "(mk.movie_id = t.id)",
    "Plans": [
      {
        "Node Type": "Seq Scan",
        "Parent Relationship": "Outer",
        "Parallel Aware": true,
        "Relation Name": "movie_keyword",
        "Alias": "mk",
        "Startup Cost": 0.0,
        "Total Cost": 42695.65,
        "Plan Rows": 350413,
        "Plan Width": 12,
        "Actual Startup Time": 0.067,
        "Actual Total Time": 250.509,
        "Actual Rows": 272059,
        "Actual Loops": 4,
        "Filter": "(keyword_id > 16264)",
        "Rows Removed by Filter": 858923
      },
      {
        "Node Type": "Hash",
        "Parent Relationship": "Inner",
        "Parallel Aware": true,
        "Startup Cost": 43916.91,
        "Total Cost": 43916.91,
        "Plan Rows": 466238,
        "Plan Width": 95,
        "Actual Startup Time": 476.691,
        "Actual Total Time": 476.695,
        "Actual Rows": 466372,
        "Actual Loops": 4,
        "Hash Buckets": 32768,
        "Original Hash Buckets": 32768,
        "Hash Batches": 64,
        "Original Hash Batches": 64,
        "Peak Memory Usage": 3808,
        "Plans": [
          {
            "Node Type": "Seq Scan",
            "Parent Relationship": "Outer",
            "Parallel Aware": true,
            "Relation Name": "title",
            "Alias": "t",
            "Startup Cost": 0.0,
            "Total Cost": 43916.91,
            "Plan Rows": 466238,
            "Plan Width": 95,
            "Actual Startup Time": 0.044,
            "Actual Total Time": 270.086,
            "Actual Rows": 466372,
            "Actual Loops": 4,
            "Filter": "(kind_id > 1)",
            "Rows Removed by Filter": 165706
          }
        ]
      }
    ]
  }
}