{
  "Plan": {
    "Node Type": "Hash Join",
    "Parent Relationship": "Outer",
    "Parallel Aware": true,
    "Join Type": "Inner",
    "Startup Cost": 44965.38,
    "Total Cost": 86768.34,
    "Plan Rows": 8601,
    "Plan Width": 135,
    "Actual Startup Time": 471.259,
    "Actual Total Time": 536.987,
    "Actual Rows": 9285,
    "Actual Loops": 4,
    "Inner Unique": true,
    "Hash Cond": "(mc.movie_id = t.id)",
    "Plans": [
      {
        "Node Type": "Seq Scan",
        "Parent Relationship": "Outer",
        "Parallel Aware": true,
        "Relation Name": "movie_companies",
        "Alias": "mc",
        "Startup Cost": 0.0,
        "Total Cost": 38665.23,
        "Plan Rows": 140845,
        "Plan Width": 40,
        "Actual Startup Time": 0.051,
        "Actual Total Time": 176.821,
        "Actual Rows": 196312,
        "Actual Loops": 4,
        "Filter": "((company_id < 9749) AND (company_type_id < 2))",
        "Rows Removed by Filter": 455970
      },
      {
        "Node Type": "Hash",
        "Parent Relationship": "Inner",
        "Parallel Aware": true,
        "Startup Cost": 43916.91,
        "Total Cost": 43916.91,
        "Plan Rows": 38598,
        "Plan Width": 95,
        "Actual Startup Time": 226.442,
        "Actual Total Time": 226.446,
        "Actual Rows": 40004,
        "Actual Loops": 4,
        "Hash Buckets": 32768,
        "Original Hash Buckets": 32768,
        "Hash Batches": 8,
        "Original Hash Batches": 8,
        "Peak Memory Usage": 2656,
        "Plans": [
          {
            "Node Type": "Seq Scan",
            "Parent Relationship": "Outer",
            "Parallel Aware": true,
            "Relation Name": "title",
            "Alias": "t",
            "Startup Cost": 0.0,
            "Total Cost": 43916.91,
            "Plan Rows": 38598,
            "Plan Width": 95,
            "Actual Startup Time": 0.046,
            "Actual Total Time": 204.119,
            "Actual Rows": 40004,
            "Actual Loops": 4,
            "Filter": "(production_year = 2011)",
            "Rows Removed by Filter": 592074
          }
        ]
      }
    ]
  }
}