{
  "Plan": {
    "Node Type": "Hash Join",
    "Parent Relationship": "Outer",
    "Parallel Aware": true,
    "Join Type": "Inner",
    "Startup Cost": 154977.59,
    "Total Cost": 393652.89,
    "Plan Rows": 388200,
    "Plan Width": 233,
    "Actual Startup Time": 2800.159,
    "Actual Total Time": 5575.28,
    "Actual Rows": 3253517,
    "Actual Loops": 6,
    "Inner Unique": false,
    "Hash Cond": "(mi.movie_id = t.id)",
    "Plans": [
      {
        "Node Type": "Seq Scan",
        "Parent Relationship": "Outer",
        "Parallel Aware": true,
        "Relation Name": "movie_info",
        "Alias": "mi",
        "Startup Cost": 0.0,
        "Total Cost": 198938.07,
        "Plan Rows": 1168462,
        "Plan Width": 73,
        "Actual Startup Time": 0.121,
        "Actual Total Time": 726.545,
        "Actual Rows": 980827,
        "Actual Loops": 6,
        "Filter": "(info_type_id < 7)",
        "Rows Removed by Filter": 1491793
      },
      {
        "Node Type": "Hash",
        "Parent Relationship": "Inner",
        "Parallel Aware": true,
        "Startup Cost": 147635.67,
        "Total Cost": 147635.67,
        "Plan Rows": 209994,
        "Plan Width": 160,
        "Actual Startup Time": 1742.703,
        "Actual Total Time": 1743.539,
        "Actual Rows": 352234,
        "Actual Loops": 6,
        "Hash Buckets": 32768,
        "Original Hash Buckets": 32768,
        "Hash Batches": 128,
        "Original Hash Batches": 64,
        "Peak Memory Usage": 3264,
        "Plans": [
          {
            "Node Type": "Hash Join",
            "Parent Relationship": "Outer",
            "Parallel Aware": true,
            "Join Type": "Inner",
            "Startup Cost": 92756.81,
            "Total Cost": 147635.67,
            "Plan Rows": 209994,
            "Plan Width": 160,
            "Actual Startup Time": 1064.047,
            "Actual Total Time": 1435.464,
            "Actual Rows": 352234,
            "Actual Loops": 6,
            "Inner Unique": false,
            "Hash Cond": "(mc.movie_id = t.id)",
            "Plans": [
              {
                "Node Type": "Seq Scan",
                "Parent Relationship": "Outer",
                "Parallel Aware": true,
                "Relation Name": "movie_companies",
                "Alias": "mc",
                "Startup Cost": 0.0,
                "Total Cost": 35403.82,
                "Plan Rows": 652282,
                "Plan Width": 40,
                "Actual Startup Time": 0.23,
                "Actual Total Time": 119.243,
                "Actual Rows": 434855,
                "Actual Loops": 6
              },
              {
                "Node Type": "Hash",
                "Parent Relationship": "Inner",
                "Parallel Aware": true,
                "Startup Cost": 82555.47,
                "Total Cost": 82555.47,
                "Plan Rows": 339147,
                "Plan Width": 120,
                "Actual Startup Time": 781.562,
                "Actual Total Time": 782.368,
                "Actual Rows": 121664,
                "Actual Loops": 6,
                "Hash Buckets": 32768,
                "Original Hash Buckets": 32768,
                "Hash Batches": 64,
                "Original Hash Batches": 64,
                "Peak Memory Usage": 1888,
                "Plans": [
                  {
                    "Node Type": "Hash Join",
                    "Parent Relationship": "Outer",
                    "Parallel Aware": true,
                    "Join Type": "Inner",
                    "Startup Cost": 54037.91,
                    "Total Cost": 82555.47,
                    "Plan Rows": 339147,
                    "Plan Width": 120,
                    "Actual Startup Time": 465.256,
                    "Actual Total Time": 692.457,
                    "Actual Rows": 121664,
                    "Actual Loops": 6,
                    "Inner Unique": true,
                    "Hash Cond": "(mi_idx.movie_id = t.id)",
                    "Plans": [
                      {
                        "Node Type": "Seq Scan",
                        "Parent Relationship": "Outer",
                        "Parallel Aware": true,
                        "Relation Name": "movie_info_idx",
                        "Alias": "mi_idx",
                        "Startup Cost": 0.0,
                        "Total Cost": 13685.15,
                        "Plan Rows": 575015,
                        "Plan Width": 25,
                        "Actual Startup Time": 0.061,
                        "Actual Total Time": 55.448,
                        "Actual Rows": 230006,
                        "Actual Loops": 6
                      },
                      {
                        "Node Type": "Hash",
                        "Parent Relationship": "Inner",
                        "Parallel Aware": true,
                        "Startup Cost": 43916.91,
                        "Total Cost": 43916.91,
                        "Plan Rows": 372800,
                        "Plan Width": 95,
                        "Actual Startup Time": 303.358,
                        "Actual Total Time": 303.362,
                        "Actual Rows": 247505,
                        "Actual Loops": 6,
                        "Hash Buckets": 32768,
                        "Original Hash Buckets": 32768,
                        "Hash Batches": 64,
                        "Original Hash Batches": 64,
                        "Peak Memory Usage": 3104,
                        "Plans": [
                          {
                            "Node Type": "Seq Scan",
                            "Parent Relationship": "Outer",
                            "Parallel Aware": true,
                            "Relation Name": "title",
                            "Alias": "t",
                            "Startup Cost": 0.0,
                            "Total Cost": 43916.91,
                            "Plan Rows": 372800,
                            "Plan Width": 95,
                            "Actual Startup Time": 0.06,
                            "Actual Total Time": 172.862,
                            "Actual Rows": 247505,
                            "Actual Loops": 6,
                            "Filter": "(production_year > 1998)",
                            "Rows Removed by Filter": 173880
                          }
                        ]
                      }
                    ]
                  }
                ]
              }
            ]
          }
        ]
      }
    ]
  }
}