{
  "Plan": {
    "Node Type": "Nested Loop",
    "Parent Relationship": "Outer",
    "Parallel Aware": false,
    "Join Type": "Inner",
    "Startup Cost": 0.43,
    "Total Cost": 43367.58,
    "Plan Rows": 80,
    "Plan Width": 107,
    "Actual Startup Time": 2.599,
    "Actual Total Time": 172.815,
    "Actual Rows": 528,
    "Actual Loops": 6,
    "Inner Unique": true,
    "Plans": [
      {
        "Node Type": "Seq Scan",
        "Parent Relationship": "Outer",
        "Parallel Aware": true,
        "Relation Name": "movie_keyword",
        "Alias": "mk",
        "Startup Cost": 0.0,
        "Total Cost": 42695.65,
        "Plan Rows": 80,
        "Plan Width": 12,
        "Actual Startup Time": 0.29,
        "Actual Total Time": 141.1,
        "Actual Rows": 528,
        "Actual Loops": 6,
        "Filter": "(keyword_id = 769)",
        "Rows Removed by Filter": 753460
      },
      {
        "Node Type": "Index Scan",
        "Parent Relationship": "Inner",
        "Parallel Aware": false,
        "Scan Direction": "Forward",
        "Index Name": "title_pkey",
        "Relation Name": "title",
        "Alias": "t",
        "Startup Cost": 0.43,
        "Total Cost": 8.4,
        "Plan Rows": 1,
        "Plan Width": 95,
        "Actual Startup Time": 0.055,
        "Actual Total Time": 0.055,
        "Actual Rows": 1,
        "Actual Loops": 3171,
        "Index Cond": "(id = mk.movie_id)",
        "Rows Removed by Index Recheck": 0
      }
    ]
  }
}