{
  "Plan": {
    "Node Type": "Hash Join",
    "Parent Relationship": "Outer",
    "Parallel Aware": true,
    "Join Type": "Inner",
    "Startup Cost": 38665.4,
    "Total Cost": 83266.08,
    "Plan Rows": 52,
    "Plan Width": 52,
    "Actual Startup Time": 235.49,
    "Actual Total Time": 257.138,
    "Actual Rows": 1,
    "Actual Loops": 7,
    "Inner Unique": false,
    "Hash Cond": "(mk.movie_id = mc.movie_id)",
    "Plans": [
      {
        "Node Type": "Seq Scan",
        "Parent Relationship": "Outer",
        "Parallel Aware": true,
        "Relation Name": "movie_keyword",
        "Alias": "mk",
        "Startup Cost": 0.0,
        "Total Cost": 42695.65,
        "Plan Rows": 507974,
        "Plan Width": 12,
        "Actual Startup Time": 0.057,
        "Actual Total Time": 140.307,
        "Actual Rows": 224096,
        "Actual Loops": 7,
        "Filter": "(keyword_id > 9986)",
        "Rows Removed by Filter": 422180
      },
      {
        "Node Type": "Hash",
        "Parent Relationship": "Inner",
        "Parallel Aware": true,
        "Startup Cost": 38665.23,
        "Total Cost": 38665.23,
        "Plan Rows": 13,
        "Plan Width": 40,
        "Actual Startup Time": 86.82,
        "Actual Total Time": 86.828,
        "Actual Rows": 3,
        "Actual Loops": 7,
        "Hash Buckets": 1024,
        "Original Hash Buckets": 1024,
        "Hash Batches": 1,
        "Original Hash Batches": 1,
        "Peak Memory Usage": 232,
        "Plans": [
          {
            "Node Type": "Seq Scan",
            "Parent Relationship": "Outer",
            "Parallel Aware": true,
            "Relation Name": "movie_companies",
            "Alias": "mc",
            "Startup Cost": 0.0,
            "Total Cost": 38665.23,
            "Plan Rows": 13,
            "Plan Width": 40,
            "Actual Startup Time": 27.312,
            "Actual Total Time": 86.742,
            "Actual Rows": 3,
            "Actual Loops": 7,
            "Filter": "((company_type_id > 1) AND (company_id = 1627))",
            "Rows Removed by Filter": 372730
          }
        ]
      }
    ]
  }
}