{
  "Plan": {
    "Node Type": "Hash Join",
    "Parent Relationship": "Outer",
    "Parallel Aware": true,
    "Join Type": "Inner",
    "Startup Cost": 18809.88,
    "Total Cost": 220000.81,
    "Plan Rows": 27773,
    "Plan Width": 98,
    "Actual Startup Time": 582.257,
    "Actual Total Time": 615.472,
    "Actual Rows": 13935,
    "Actual Loops": 7,
    "Inner Unique": false,
    "Hash Cond": "(mi.movie_id = mi_idx.movie_id)",
    "Plans": [
      {
        "Node Type": "Seq Scan",
        "Parent Relationship": "Outer",
        "Parallel Aware": true,
        "Relation Name": "movie_info",
        "Alias": "mi",
        "Startup Cost": 0.0,
        "Total Cost": 198938.07,
        "Plan Rows": 28571,
        "Plan Width": 73,
        "Actual Startup Time": 322.089,
        "Actual Total Time": 485.258,
        "Actual Rows": 20009,
        "Actual Loops": 7,
        "Filter": "(info_type_id = 9)",
        "Rows Removed by Filter": 2099379
      },
      {
        "Node Type": "Hash",
        "Parent Relationship": "Inner",
        "Parallel Aware": true,
        "Startup Cost": 15122.68,
        "Total Cost": 15122.68,
        "Plan Rows": 190656,
        "Plan Width": 25,
        "Actual Startup Time": 72.082,
        "Actual Total Time": 72.087,
        "Actual Rows": 65704,
        "Actual Loops": 7,
        "Hash Buckets": 65536,
        "Original Hash Buckets": 65536,
        "Hash Batches": 16,
        "Original Hash Batches": 16,
        "Peak Memory Usage": 2176,
        "Plans": [
          {
            "Node Type": "Seq Scan",
            "Parent Relationship": "Outer",
            "Parallel Aware": true,
            "Relation Name": "movie_info_idx",
            "Alias": "mi_idx",
            "Startup Cost": 0.0,
            "Total Cost": 15122.68,
            "Plan Rows": 190656,
            "Plan Width": 25,
            "Actual Startup Time": 0.066,
            "Actual Total Time": 50.684,
            "Actual Rows": 65704,
            "Actual Loops": 7,
            "Filter": "(info_type_id < 100)",
            "Rows Removed by Filter": 131444
          }
        ]
      }
    ]
  }
}