{
  "Plan": {
    "Node Type": "Hash Join",
    "Parent Relationship": "Outer",
    "Parallel Aware": true,
    "Join Type": "Inner",
    "Startup Cost": 40601.51,
    "Total Cost": 369758.05,
    "Plan Rows": 22125,
    "Plan Width": 96,
    "Actual Startup Time": 1789.995,
    "Actual Total Time": 2538.294,
    "Actual Rows": 458451,
    "Actual Loops": 7,
    "Inner Unique": false,
    "Hash Cond": "(ci.movie_id = mc.movie_id)",
    "Plans": [
      {
        "Node Type": "Seq Scan",
        "Parent Relationship": "Outer",
        "Parallel Aware": true,
        "Relation Name": "cast_info",
        "Alias": "ci",
        "Startup Cost": 0.0,
        "Total Cost": 327657.8,
        "Plan Rows": 29983,
        "Plan Width": 56,
        "Actual Startup Time": 406.041,
        "Actual Total Time": 1305.915,
        "Actual Rows": 1064568,
        "Actual Loops": 7,
        "Filter": "(role_id = 2)",
        "Rows Removed by Filter": 4113196
      },
      {
        "Node Type": "Hash",
        "Parent Relationship": "Inner",
        "Parallel Aware": true,
        "Startup Cost": 38665.23,
        "Total Cost": 38665.23,
        "Plan Rows": 95302,
        "Plan Width": 40,
        "Actual Startup Time": 188.292,
        "Actual Total Time": 188.294,
        "Actual Rows": 80698,
        "Actual Loops": 7,
        "Hash Buckets": 65536,
        "Original Hash Buckets": 65536,
        "Hash Batches": 16,
        "Original Hash Batches": 8,
        "Peak Memory Usage": 3232,
        "Plans": [
          {
            "Node Type": "Seq Scan",
            "Parent Relationship": "Outer",
            "Parallel Aware": true,
            "Relation Name": "movie_companies",
            "Alias": "mc",
            "Startup Cost": 0.0,
            "Total Cost": 38665.23,
            "Plan Rows": 95302,
            "Plan Width": 40,
            "Actual Startup Time": 0.053,
            "Actual Total Time": 102.539,
            "Actual Rows": 80698,
            "Actual Loops": 7,
            "Filter": "((company_id < 1724) AND (company_type_id = 1))",
            "Rows Removed by Filter": 292035
          }
        ]
      }
    ]
  }
}