{
  "Plan": {
    "Node Type": "Hash Join",
    "Parent Relationship": "Outer",
    "Parallel Aware": true,
    "Join Type": "Inner",
    "Startup Cost": 115921.24,
    "Total Cost": 318876.97,
    "Plan Rows": 5446,
    "Plan Width": 245,
    "Actual Startup Time": 1562.713,
    "Actual Total Time": 2152.423,
    "Actual Rows": 503085,
    "Actual Loops": 6,
    "Inner Unique": false,
    "Hash Cond": "(mi.movie_id = t.id)",
    "Plans": [
      {
        "Node Type": "Seq Scan",
        "Parent Relationship": "Outer",
        "Parallel Aware": true,
        "Relation Name": "movie_info",
        "Alias": "mi",
        "Startup Cost": 0.0,
        "Total Cost": 198938.07,
        "Plan Rows": 1066690,
        "Plan Width": 73,
        "Actual Startup Time": 0.07,
        "Actual Total Time": 679.071,
        "Actual Rows": 901753,
        "Actual Loops": 6,
        "Filter": "(info_type_id < 6)",
        "Rows Removed by Filter": 1570867
      },
      {
        "Node Type": "Hash",
        "Parent Relationship": "Inner",
        "Parallel Aware": true,
        "Startup Cost": 115869.19,
        "Total Cost": 115869.19,
        "Plan Rows": 4164,
        "Plan Width": 172,
        "Actual Startup Time": 633.078,
        "Actual Total Time": 633.143,
        "Actual Rows": 36503,
        "Actual Loops": 6,
        "Hash Buckets": 16384,
        "Original Hash Buckets": 16384,
        "Hash Batches": 16,
        "Original Hash Batches": 1,
        "Peak Memory Usage": 3104,
        "Plans": [
          {
            "Node Type": "Hash Join",
            "Parent Relationship": "Outer",
            "Parallel Aware": true,
            "Join Type": "Inner",
            "Startup Cost": 70059.31,
            "Total Cost": 115869.19,
            "Plan Rows": 4164,
            "Plan Width": 172,
            "Actual Startup Time": 292.865,
            "Actual Total Time": 570.107,
            "Actual Rows": 36503,
            "Actual Loops": 6,
            "Inner Unique": false,
            "Hash Cond": "(mk.movie_id = t.id)",
            "Plans": [
              {
                "Node Type": "Seq Scan",
                "Parent Relationship": "Outer",
                "Parallel Aware": true,
                "Relation Name": "movie_keyword",
                "Alias": "mk",
                "Startup Cost": 0.0,
                "Total Cost": 42695.65,
                "Plan Rows": 825835,
                "Plan Width": 12,
                "Actual Startup Time": 0.048,
                "Actual Total Time": 177.628,
                "Actual Rows": 429342,
                "Actual Loops": 6,
                "Filter": "(keyword_id < 6663)",
                "Rows Removed by Filter": 324647
              },
              {
                "Node Type": "Hash",
                "Parent Relationship": "Inner",
                "Parallel Aware": true,
                "Startup Cost": 69992.92,
                "Total Cost": 69992.92,
                "Plan Rows": 5311,
                "Plan Width": 160,
                "Actual Startup Time": 292.309,
                "Actual Total Time": 292.341,
                "Actual Rows": 8512,
                "Actual Loops": 6,
                "Hash Buckets": 65536,
                "Original Hash Buckets": 16384,
                "Hash Batches": 1,
                "Original Hash Batches": 1,
                "Peak Memory Usage": 10336,
                "Plans": [
                  {
                    "Node Type": "Nested Loop",
                    "Parent Relationship": "Outer",
                    "Parallel Aware": false,
                    "Join Type": "Inner",
                    "Startup Cost": 38738.64,
                    "Total Cost": 69992.92,
                    "Plan Rows": 5311,
                    "Plan Width": 160,
                    "Actual Startup Time": 103.493,
                    "Actual Total Time": 275.444,
                    "Actual Rows": 8512,
                    "Actual Loops": 6,
                    "Inner Unique": true,
                    "Join Filter": "(mc.movie_id = t.id)",
                    "Rows Removed by Join Filter": 0,
                    "Plans": [
                      {
                        "Node Type": "Hash Join",
                        "Parent Relationship": "Outer",
                        "Parallel Aware": true,
                        "Join Type": "Inner",
                        "Startup Cost": 38738.21,
                        "Total Cost": 54644.64,
                        "Plan Rows": 25994,
                        "Plan Width": 65,
                        "Actual Startup Time": 103.408,
                        "Actual Total Time": 204.606,
                        "Actual Rows": 8512,
                        "Actual Loops": 6,
                        "Inner Unique": false,
                        "Hash Cond": "(mi_idx.movie_id = mc.movie_id)",
                        "Plans": [
                          {
                            "Node Type": "Seq Scan",
                            "Parent Relationship": "Outer",
                            "Parallel Aware": true,
                            "Relation Name": "movie_info_idx",
                            "Alias": "mi_idx",
                            "Startup Cost": 0.0,
                            "Total Cost": 13685.15,
                            "Plan Rows": 575015,
                            "Plan Width": 25,
                            "Actual Startup Time": 0.046,
                            "Actual Total Time": 42.215,
                            "Actual Rows": 230006,
                            "Actual Loops": 6
                          },
                          {
                            "Node Type": "Hash",
                            "Parent Relationship": "Inner",
                            "Parallel Aware": true,
                            "Startup Cost": 38665.23,
                            "Total Cost": 38665.23,
                            "Plan Rows": 5838,
                            "Plan Width": 40,
                            "Actual Startup Time": 103.075,
                            "Actual Total Time": 103.083,
                            "Actual Rows": 7011,
                            "Actual Loops": 6,
                            "Hash Buckets": 65536,
                            "Original Hash Buckets": 32768,
                            "Hash Batches": 1,
                            "Original Hash Batches": 1,
                            "Peak Memory Usage": 3936,
                            "Plans": [
                              {
                                "Node Type": "Seq Scan",
                                "Parent Relationship": "Outer",
                                "Parallel Aware": true,
                                "Relation Name": "movie_companies",
                                "Alias": "mc",
                                "Startup Cost": 0.0,
                                "Total Cost": 38665.23,
                                "Plan Rows": 5838,
                                "Plan Width": 40,
                                "Actual Startup Time": 0.097,
                                "Actual Total Time": 98.308,
                                "Actual Rows": 7011,
                                "Actual Loops": 6,
                                "Filter": "((company_type_id < 2) AND (company_id = 19))",
                                "Rows Removed by Filter": 427844
                              }
                            ]
                          }
                        ]
                      },
                      {
                        "Node Type": "Index Scan",
                        "Parent Relationship": "Inner",
                        "Parallel Aware": false,
                        "Scan Direction": "Forward",
                        "Index Name": "title_pkey",
                        "Relation Name": "title",
                        "Alias": "t",
                        "Startup Cost": 0.43,
                        "Total Cost": 0.58,
                        "Plan Rows": 1,
                        "Plan Width": 95,
                        "Actual Startup Time": 0.007,
                        "Actual Total Time": 0.007,
                        "Actual Rows": 1,
                        "Actual Loops": 51072,
                        "Index Cond": "(id = mi_idx.movie_id)",
                        "Rows Removed by Index Recheck": 0
                      }
                    ]
                  }
                ]
              }
            ]
          }
        ]
      }
    ]
  }
}