{
  "Plan": {
    "Node Type": "Hash Join",
    "Parent Relationship": "Outer",
    "Parallel Aware": true,
    "Join Type": "Inner",
    "Startup Cost": 44062.02,
    "Total Cost": 86940.1,
    "Plan Rows": 26803,
    "Plan Width": 107,
    "Actual Startup Time": 215.463,
    "Actual Total Time": 662.821,
    "Actual Rows": 22466,
    "Actual Loops": 4,
    "Inner Unique": true,
    "Hash Cond": "(mk.movie_id = t.id)",
    "Plans": [
      {
        "Node Type": "Seq Scan",
        "Parent Relationship": "Outer",
        "Parallel Aware": true,
        "Relation Name": "movie_keyword",
        "Alias": "mk",
        "Startup Cost": 0.0,
        "Total Cost": 39047.32,
        "Plan Rows": 1459332,
        "Plan Width": 12,
        "Actual Startup Time": 0.054,
        "Actual Total Time": 204.026,
        "Actual Rows": 1130982,
        "Actual Loops": 4
      },
      {
        "Node Type": "Hash",
        "Parent Relationship": "Inner",
        "Parallel Aware": true,
        "Startup Cost": 43916.91,
        "Total Cost": 43916.91,
        "Plan Rows": 11609,
        "Plan Width": 95,
        "Actual Startup Time": 214.534,
        "Actual Total Time": 214.535,
        "Actual Rows": 11646,
        "Actual Loops": 4,
        "Hash Buckets": 65536,
        "Original Hash Buckets": 65536,
        "Hash Batches": 1,
        "Original Hash Batches": 1,
        "Peak Memory Usage": 5984,
        "Plans": [
          {
            "Node Type": "Seq Scan",
            "Parent Relationship": "Outer",
            "Parallel Aware": true,
            "Relation Name": "title",
            "Alias": "t",
            "Startup Cost": 0.0,
            "Total Cost": 43916.91,
            "Plan Rows": 11609,
            "Plan Width": 95,
            "Actual Startup Time": 0.064,
            "Actual Total Time": 206.742,
            "Actual Rows": 11646,
            "Actual Loops": 4,
            "Filter": "(production_year = 1998)",
            "Rows Removed by Filter": 620432
          }
        ]
      }
    ]
  }
}