{
  "Plan": {
    "Node Type": "Nested Loop",
    "Parent Relationship": "Outer",
    "Parallel Aware": false,
    "Join Type": "Inner",
    "Startup Cost": 0.43,
    "Total Cost": 371230.27,
    "Plan Rows": 365,
    "Plan Width": 151,
    "Actual Startup Time": 802.248,
    "Actual Total Time": 934.673,
    "Actual Rows": 0,
    "Actual Loops": 7,
    "Inner Unique": true,
    "Plans": [
      {
        "Node Type": "Seq Scan",
        "Parent Relationship": "Outer",
        "Parallel Aware": true,
        "Relation Name": "cast_info",
        "Alias": "ci",
        "Startup Cost": 0.0,
        "Total Cost": 327657.8,
        "Plan Rows": 29983,
        "Plan Width": 56,
        "Actual Startup Time": 139.901,
        "Actual Total Time": 932.777,
        "Actual Rows": 126,
        "Actual Loops": 7,
        "Filter": "(person_id = 41459)",
        "Rows Removed by Filter": 5177637
      },
      {
        "Node Type": "Index Scan",
        "Parent Relationship": "Inner",
        "Parallel Aware": false,
        "Scan Direction": "Forward",
        "Index Name": "title_pkey",
        "Relation Name": "title",
        "Alias": "t",
        "Startup Cost": 0.43,
        "Total Cost": 1.45,
        "Plan Rows": 1,
        "Plan Width": 95,
        "Actual Startup Time": 0.014,
        "Actual Total Time": 0.014,
        "Actual Rows": 0,
        "Actual Loops": 882,
        "Index Cond": "(id = ci.movie_id)",
        "Rows Removed by Index Recheck": 0,
        "Filter": "((kind_id = 1) AND (production_year = 2007))",
        "Rows Removed by Filter": 1
      }
    ]
  }
}