{
  "Plan": {
    "Node Type": "Hash Join",
    "Parent Relationship": "Outer",
    "Parallel Aware": true,
    "Join Type": "Inner",
    "Startup Cost": 54540.17,
    "Total Cost": 389693.84,
    "Plan Rows": 22,
    "Plan Width": 216,
    "Actual Startup Time": 836.144,
    "Actual Total Time": 1932.204,
    "Actual Rows": 10,
    "Actual Loops": 6,
    "Inner Unique": false,
    "Hash Cond": "(ci.movie_id = t.id)",
    "Plans": [
      {
        "Node Type": "Seq Scan",
        "Parent Relationship": "Outer",
        "Parallel Aware": true,
        "Relation Name": "cast_info",
        "Alias": "ci",
        "Startup Cost": 0.0,
        "Total Cost": 327657.8,
        "Plan Rows": 1998875,
        "Plan Width": 56,
        "Actual Startup Time": 0.024,
        "Actual Total Time": 1286.466,
        "Actual Rows": 2903774,
        "Actual Loops": 6,
        "Filter": "(person_id > 1875226)",
        "Rows Removed by Filter": 3136950
      },
      {
        "Node Type": "Hash",
        "Parent Relationship": "Inner",
        "Parallel Aware": true,
        "Startup Cost": 54540.03,
        "Total Cost": 54540.03,
        "Plan Rows": 11,
        "Plan Width": 160,
        "Actual Startup Time": 181.781,
        "Actual Total Time": 181.797,
        "Actual Rows": 1,
        "Actual Loops": 6,
        "Hash Buckets": 1024,
        "Original Hash Buckets": 1024,
        "Hash Batches": 1,
        "Original Hash Batches": 1,
        "Peak Memory Usage": 72,
        "Plans": [
          {
            "Node Type": "Nested Loop",
            "Parent Relationship": "Outer",
            "Parallel Aware": false,
            "Join Type": "Inner",
            "Startup Cost": 38665.81,
            "Total Cost": 54540.03,
            "Plan Rows": 11,
            "Plan Width": 160,
            "Actual Startup Time": 174.619,
            "Actual Total Time": 181.681,
            "Actual Rows": 1,
            "Actual Loops": 6,
            "Inner Unique": true,
            "Join Filter": "(mc.movie_id = t.id)",
            "Rows Removed by Join Filter": 0,
            "Plans": [
              {
                "Node Type": "Hash Join",
                "Parent Relationship": "Outer",
                "Parallel Aware": true,
                "Join Type": "Inner",
                "Startup Cost": 38665.38,
                "Total Cost": 54506.97,
                "Plan Rows": 56,
                "Plan Width": 65,
                "Actual Startup Time": 174.568,
                "Actual Total Time": 181.621,
                "Actual Rows": 1,
                "Actual Loops": 6,
                "Inner Unique": false,
                "Hash Cond": "(mi_idx.movie_id = mc.movie_id)",
                "Plans": [
                  {
                    "Node Type": "Seq Scan",
                    "Parent Relationship": "Outer",
                    "Parallel Aware": true,
                    "Relation Name": "movie_info_idx",
                    "Alias": "mi_idx",
                    "Startup Cost": 0.0,
                    "Total Cost": 13685.15,
                    "Plan Rows": 575015,
                    "Plan Width": 25,
                    "Actual Startup Time": 0.06,
                    "Actual Total Time": 41.177,
                    "Actual Rows": 230006,
                    "Actual Loops": 6
                  },
                  {
                    "Node Type": "Hash",
                    "Parent Relationship": "Inner",
                    "Parallel Aware": true,
                    "Startup Cost": 38665.23,
                    "Total Cost": 38665.23,
                    "Plan Rows": 12,
                    "Plan Width": 40,
                    "Actual Startup Time": 99.773,
                    "Actual Total Time": 99.775,
                    "Actual Rows": 2,
                    "Actual Loops": 6,
                    "Hash Buckets": 1024,
                    "Original Hash Buckets": 1024,
                    "Hash Batches": 1,
                    "Original Hash Batches": 1,
                    "Peak Memory Usage": 168,
                    "Plans": [
                      {
                        "Node Type": "Seq Scan",
                        "Parent Relationship": "Outer",
                        "Parallel Aware": true,
                        "Relation Name": "movie_companies",
                        "Alias": "mc",
                        "Startup Cost": 0.0,
                        "Total Cost": 38665.23,
                        "Plan Rows": 12,
                        "Plan Width": 40,
                        "Actual Startup Time": 69.966,
                        "Actual Total Time": 99.69,
                        "Actual Rows": 2,
                        "Actual Loops": 6,
                        "Filter": "((company_type_id < 2) AND (company_id = 4482))",
                        "Rows Removed by Filter": 434852
                      }
                    ]
                  }
                ]
              },
              {
                "Node Type": "Index Scan",
                "Parent Relationship": "Inner",
                "Parallel Aware": false,
                "Scan Direction": "Forward",
                "Index Name": "title_pkey",
                "Relation Name": "title",
                "Alias": "t",
                "Startup Cost": 0.43,
                "Total Cost": 0.58,
                "Plan Rows": 1,
                "Plan Width": 95,
                "Actual Startup Time": 0.045,
                "Actual Total Time": 0.046,
                "Actual Rows": 1,
                "Actual Loops": 6,
                "Index Cond": "(id = mi_idx.movie_id)",
                "Rows Removed by Index Recheck": 0
              }
            ]
          }
        ]
      }
    ]
  }
}