{
  "Plan": {
    "Node Type": "Hash Join",
    "Parallel Aware": false,
    "Join Type": "Inner",
    "Startup Cost": 102801.79,
    "Total Cost": 842164.45,
    "Plan Rows": 6213737,
    "Plan Width": 168,
    "Actual Startup Time": 1509.915,
    "Actual Total Time": 17913.952,
    "Actual Rows": 3636397,
    "Actual Loops": 1,
    "Inner Unique": true,
    "Hash Cond": "(mi.movie_id = t.id)",
    "Plans": [
      {
        "Node Type": "Seq Scan",
        "Parent Relationship": "Outer",
        "Parallel Aware": false,
        "Relation Name": "movie_info",
        "Alias": "mi",
        "Startup Cost": 0.0,
        "Total Cost": 309773.27,
        "Plan Rows": 14778027,
        "Plan Width": 73,
        "Actual Startup Time": 0.036,
        "Actual Total Time": 3724.121,
        "Actual Rows": 14835720,
        "Actual Loops": 1
      },
      {
        "Node Type": "Hash",
        "Parent Relationship": "Inner",
        "Parallel Aware": false,
        "Startup Cost": 73940.36,
        "Total Cost": 73940.36,
        "Plan Rows": 1063074,
        "Plan Width": 95,
        "Actual Startup Time": 1506.852,
        "Actual Total Time": 1506.855,
        "Actual Rows": 1152351,
        "Actual Loops": 1,
        "Hash Buckets": 32768,
        "Original Hash Buckets": 32768,
        "Hash Batches": 64,
        "Original Hash Batches": 64,
        "Peak Memory Usage": 2324,
        "Plans": [
          {
            "Node Type": "Seq Scan",
            "Parent Relationship": "Outer",
            "Parallel Aware": false,
            "Relation Name": "title",
            "Alias": "t",
            "Startup Cost": 0.0,
            "Total Cost": 73940.36,
            "Plan Rows": 1063074,
            "Plan Width": 95,
            "Actual Startup Time": 0.021,
            "Actual Total Time": 952.785,
            "Actual Rows": 1152351,
            "Actual Loops": 1,
            "Filter": "((kind_id > 1) AND (production_year > 1999))",
            "Rows Removed by Filter": 1375961
          }
        ]
      }
    ]
  }
}