{
  "Plan": {
    "Node Type": "Hash Join",
    "Parent Relationship": "Outer",
    "Parallel Aware": true,
    "Join Type": "Inner",
    "Startup Cost": 43368.58,
    "Total Cost": 246002.1,
    "Plan Rows": 290,
    "Plan Width": 180,
    "Actual Startup Time": 213.72,
    "Actual Total Time": 1315.129,
    "Actual Rows": 33775,
    "Actual Loops": 6,
    "Inner Unique": false,
    "Hash Cond": "(mi.movie_id = t.id)",
    "Plans": [
      {
        "Node Type": "Seq Scan",
        "Parent Relationship": "Outer",
        "Parallel Aware": true,
        "Relation Name": "movie_info",
        "Alias": "mi",
        "Startup Cost": 0.0,
        "Total Cost": 191549.05,
        "Plan Rows": 2955605,
        "Plan Width": 73,
        "Actual Startup Time": 0.043,
        "Actual Total Time": 540.11,
        "Actual Rows": 2472620,
        "Actual Loops": 6
      },
      {
        "Node Type": "Hash",
        "Parent Relationship": "Inner",
        "Parallel Aware": true,
        "Startup Cost": 43367.58,
        "Total Cost": 43367.58,
        "Plan Rows": 80,
        "Plan Width": 107,
        "Actual Startup Time": 213.325,
        "Actual Total Time": 213.335,
        "Actual Rows": 528,
        "Actual Loops": 6,
        "Hash Buckets": 4096,
        "Original Hash Buckets": 1024,
        "Hash Batches": 1,
        "Original Hash Batches": 1,
        "Peak Memory Usage": 536,
        "Plans": [
          {
            "Node Type": "Nested Loop",
            "Parent Relationship": "Outer",
            "Parallel Aware": false,
            "Join Type": "Inner",
            "Startup Cost": 0.43,
            "Total Cost": 43367.58,
            "Plan Rows": 80,
            "Plan Width": 107,
            "Actual Startup Time": 2.599,
            "Actual Total Time": 172.815,
            "Actual Rows": 528,
            "Actual Loops": 6,
            "Inner Unique": true,
            "Plans": [
              {
                "Node Type": "Seq Scan",
                "Parent Relationship": "Outer",
                "Parallel Aware": true,
                "Relation Name": "movie_keyword",
                "Alias": "mk",
                "Startup Cost": 0.0,
                "Total Cost": 42695.65,
                "Plan Rows": 80,
                "Plan Width": 12,
                "Actual Startup Time": 0.29,
                "Actual Total Time": 141.1,
                "Actual Rows": 528,
                "Actual Loops": 6,
                "Filter": "(keyword_id = 769)",
                "Rows Removed by Filter": 753460
              },
              {
                "Node Type": "Index Scan",
                "Parent Relationship": "Inner",
                "Parallel Aware": false,
                "Scan Direction": "Forward",
                "Index Name": "title_pkey",
                "Relation Name": "title",
                "Alias": "t",
                "Startup Cost": 0.43,
                "Total Cost": 8.4,
                "Plan Rows": 1,
                "Plan Width": 95,
                "Actual Startup Time": 0.055,
                "Actual Total Time": 0.055,
                "Actual Rows": 1,
                "Actual Loops": 3171,
                "Index Cond": "(id = mk.movie_id)",
                "Rows Removed by Index Recheck": 0
              }
            ]
          }
        ]
      }
    ]
  }
}