{
  "Plan": {
    "Node Type": "Hash Join",
    "Parent Relationship": "Outer",
    "Parallel Aware": true,
    "Join Type": "Inner",
    "Startup Cost": 24803.83,
    "Total Cost": 371739.75,
    "Plan Rows": 29301,
    "Plan Width": 81,
    "Actual Startup Time": 1533.988,
    "Actual Total Time": 1588.955,
    "Actual Rows": 40,
    "Actual Loops": 6,
    "Inner Unique": false,
    "Hash Cond": "(ci.movie_id = mi_idx.movie_id)",
    "Plans": [
      {
        "Node Type": "Seq Scan",
        "Parent Relationship": "Outer",
        "Parallel Aware": true,
        "Relation Name": "cast_info",
        "Alias": "ci",
        "Startup Cost": 0.0,
        "Total Cost": 342649.36,
        "Plan Rows": 9994,
        "Plan Width": 56,
        "Actual Startup Time": 744.951,
        "Actual Total Time": 1381.513,
        "Actual Rows": 44,
        "Actual Loops": 6,
        "Filter": "((role_id < 2) AND (person_id = 360343))",
        "Rows Removed by Filter": 6040680
      },
      {
        "Node Type": "Hash",
        "Parent Relationship": "Inner",
        "Parallel Aware": true,
        "Startup Cost": 13685.15,
        "Total Cost": 13685.15,
        "Plan Rows": 575015,
        "Plan Width": 25,
        "Actual Startup Time": 130.203,
        "Actual Total Time": 130.204,
        "Actual Rows": 230006,
        "Actual Loops": 6,
        "Hash Buckets": 65536,
        "Original Hash Buckets": 65536,
        "Hash Batches": 32,
        "Original Hash Batches": 32,
        "Peak Memory Usage": 2784,
        "Plans": [
          {
            "Node Type": "Seq Scan",
            "Parent Relationship": "Outer",
            "Parallel Aware": true,
            "Relation Name": "movie_info_idx",
            "Alias": "mi_idx",
            "Startup Cost": 0.0,
            "Total Cost": 13685.15,
            "Plan Rows": 575015,
            "Plan Width": 25,
            "Actual Startup Time": 0.051,
            "Actual Total Time": 54.02,
            "Actual Rows": 230006,
            "Actual Loops": 6
          }
        ]
      }
    ]
  }
}