{
  "Plan": {
    "Node Type": "Hash Join",
    "Parent Relationship": "Outer",
    "Parallel Aware": true,
    "Join Type": "Inner",
    "Startup Cost": 89956.09,
    "Total Cost": 155786.82,
    "Plan Rows": 418780,
    "Plan Width": 132,
    "Actual Startup Time": 1585.823,
    "Actual Total Time": 2324.956,
    "Actual Rows": 985129,
    "Actual Loops": 4,
    "Inner Unique": false,
    "Hash Cond": "(mk.movie_id = t.id)",
    "Plans": [
      {
        "Node Type": "Seq Scan",
        "Parent Relationship": "Outer",
        "Parallel Aware": true,
        "Relation Name": "movie_keyword",
        "Alias": "mk",
        "Startup Cost": 0.0,
        "Total Cost": 39047.32,
        "Plan Rows": 1459332,
        "Plan Width": 12,
        "Actual Startup Time": 0.068,
        "Actual Total Time": 248.861,
        "Actual Rows": 1130982,
        "Actual Loops": 4
      },
      {
        "Node Type": "Hash",
        "Parent Relationship": "Inner",
        "Parallel Aware": true,
        "Startup Cost": 80863.27,
        "Total Cost": 80863.27,
        "Plan Rows": 302306,
        "Plan Width": 120,
        "Actual Startup Time": 1027.352,
        "Actual Total Time": 1027.787,
        "Actual Rows": 156640,
        "Actual Loops": 4,
        "Hash Buckets": 32768,
        "Original Hash Buckets": 32768,
        "Hash Batches": 32,
        "Original Hash Batches": 32,
        "Peak Memory Usage": 2976,
        "Plans": [
          {
            "Node Type": "Hash Join",
            "Parent Relationship": "Outer",
            "Parallel Aware": true,
            "Join Type": "Inner",
            "Startup Cost": 52938.71,
            "Total Cost": 80863.27,
            "Plan Rows": 302306,
            "Plan Width": 120,
            "Actual Startup Time": 622.474,
            "Actual Total Time": 912.674,
            "Actual Rows": 156640,
            "Actual Loops": 4,
            "Inner Unique": true,
            "Hash Cond": "(mi_idx.movie_id = t.id)",
            "Plans": [
              {
                "Node Type": "Seq Scan",
                "Parent Relationship": "Outer",
                "Parallel Aware": true,
                "Relation Name": "movie_info_idx",
                "Alias": "mi_idx",
                "Startup Cost": 0.0,
                "Total Cost": 13685.15,
                "Plan Rows": 575015,
                "Plan Width": 25,
                "Actual Startup Time": 0.06,
                "Actual Total Time": 83.193,
                "Actual Rows": 345009,
                "Actual Loops": 4
              },
              {
                "Node Type": "Hash",
                "Parent Relationship": "Inner",
                "Parallel Aware": true,
                "Startup Cost": 43916.91,
                "Total Cost": 43916.91,
                "Plan Rows": 332304,
                "Plan Width": 95,
                "Actual Startup Time": 416.547,
                "Actual Total Time": 416.552,
                "Actual Rows": 330716,
                "Actual Loops": 4,
                "Hash Buckets": 32768,
                "Original Hash Buckets": 32768,
                "Hash Batches": 64,
                "Original Hash Batches": 64,
                "Peak Memory Usage": 2784,
                "Plans": [
                  {
                    "Node Type": "Seq Scan",
                    "Parent Relationship": "Outer",
                    "Parallel Aware": true,
                    "Relation Name": "title",
                    "Alias": "t",
                    "Startup Cost": 0.0,
                    "Total Cost": 43916.91,
                    "Plan Rows": 332304,
                    "Plan Width": 95,
                    "Actual Startup Time": 0.031,
                    "Actual Total Time": 248.971,
                    "Actual Rows": 330716,
                    "Actual Loops": 4,
                    "Filter": "(production_year > 2001)",
                    "Rows Removed by Filter": 301362
                  }
                ]
              }
            ]
          }
        ]
      }
    ]
  }
}