{
  "Plan": {
    "Node Type": "Hash Join",
    "Parent Relationship": "Outer",
    "Parallel Aware": true,
    "Join Type": "Inner",
    "Startup Cost": 432396.42,
    "Total Cost": 635051.77,
    "Plan Rows": 7060,
    "Plan Width": 261,
    "Actual Startup Time": 1767.409,
    "Actual Total Time": 2733.453,
    "Actual Rows": 480,
    "Actual Loops": 6,
    "Inner Unique": false,
    "Hash Cond": "(mi.movie_id = t.id)",
    "Plans": [
      {
        "Node Type": "Seq Scan",
        "Parent Relationship": "Outer",
        "Parallel Aware": true,
        "Relation Name": "movie_info",
        "Alias": "mi",
        "Startup Cost": 0.0,
        "Total Cost": 191549.05,
        "Plan Rows": 2955605,
        "Plan Width": 73,
        "Actual Startup Time": 0.065,
        "Actual Total Time": 531.657,
        "Actual Rows": 2472620,
        "Actual Loops": 6
      },
      {
        "Node Type": "Hash",
        "Parent Relationship": "Inner",
        "Parallel Aware": true,
        "Startup Cost": 432372.07,
        "Total Cost": 432372.07,
        "Plan Rows": 1948,
        "Plan Width": 188,
        "Actual Startup Time": 1750.787,
        "Actual Total Time": 1750.807,
        "Actual Rows": 14,
        "Actual Loops": 6,
        "Hash Buckets": 8192,
        "Original Hash Buckets": 8192,
        "Hash Batches": 1,
        "Original Hash Batches": 1,
        "Peak Memory Usage": 224,
        "Plans": [
          {
            "Node Type": "Hash Join",
            "Parent Relationship": "Outer",
            "Parallel Aware": true,
            "Join Type": "Inner",
            "Startup Cost": 389108.85,
            "Total Cost": 432372.07,
            "Plan Rows": 1948,
            "Plan Width": 188,
            "Actual Startup Time": 1647.42,
            "Actual Total Time": 1750.631,
            "Actual Rows": 14,
            "Actual Loops": 6,
            "Inner Unique": false,
            "Hash Cond": "(mk.movie_id = t.id)",
            "Plans": [
              {
                "Node Type": "Seq Scan",
                "Parent Relationship": "Outer",
                "Parallel Aware": true,
                "Relation Name": "movie_keyword",
                "Alias": "mk",
                "Startup Cost": 0.0,
                "Total Cost": 42695.65,
                "Plan Rows": 150485,
                "Plan Width": 12,
                "Actual Startup Time": 0.065,
                "Actual Total Time": 146.054,
                "Actual Rows": 78758,
                "Actual Loops": 6,
                "Filter": "(keyword_id < 359)",
                "Rows Removed by Filter": 675231
              },
              {
                "Node Type": "Hash",
                "Parent Relationship": "Inner",
                "Parallel Aware": true,
                "Startup Cost": 389040.66,
                "Total Cost": 389040.66,
                "Plan Rows": 5455,
                "Plan Width": 176,
                "Actual Startup Time": 1590.192,
                "Actual Total Time": 1590.205,
                "Actual Rows": 40,
                "Actual Loops": 6,
                "Hash Buckets": 32768,
                "Original Hash Buckets": 32768,
                "Hash Batches": 1,
                "Original Hash Batches": 1,
                "Peak Memory Usage": 448,
                "Plans": [
                  {
                    "Node Type": "Nested Loop",
                    "Parent Relationship": "Outer",
                    "Parallel Aware": false,
                    "Join Type": "Inner",
                    "Startup Cost": 24804.26,
                    "Total Cost": 389040.66,
                    "Plan Rows": 5455,
                    "Plan Width": 176,
                    "Actual Startup Time": 1534.129,
                    "Actual Total Time": 1589.644,
                    "Actual Rows": 40,
                    "Actual Loops": 6,
                    "Inner Unique": true,
                    "Join Filter": "(ci.movie_id = t.id)",
                    "Rows Removed by Join Filter": 0,
                    "Plans": [
                      {
                        "Node Type": "Hash Join",
                        "Parent Relationship": "Outer",
                        "Parallel Aware": true,
                        "Join Type": "Inner",
                        "Startup Cost": 24803.83,
                        "Total Cost": 371739.75,
                        "Plan Rows": 29301,
                        "Plan Width": 81,
                        "Actual Startup Time": 1533.988,
                        "Actual Total Time": 1588.955,
                        "Actual Rows": 40,
                        "Actual Loops": 6,
                        "Inner Unique": false,
                        "Hash Cond": "(ci.movie_id = mi_idx.movie_id)",
                        "Plans": [
                          {
                            "Node Type": "Seq Scan",
                            "Parent Relationship": "Outer",
                            "Parallel Aware": true,
                            "Relation Name": "cast_info",
                            "Alias": "ci",
                            "Startup Cost": 0.0,
                            "Total Cost": 342649.36,
                            "Plan Rows": 9994,
                            "Plan Width": 56,
                            "Actual Startup Time": 744.951,
                            "Actual Total Time": 1381.513,
                            "Actual Rows": 44,
                            "Actual Loops": 6,
                            "Filter": "((role_id < 2) AND (person_id = 360343))",
                            "Rows Removed by Filter": 6040680
                          },
                          {
                            "Node Type": "Hash",
                            "Parent Relationship": "Inner",
                            "Parallel Aware": true,
                            "Startup Cost": 13685.15,
                            "Total Cost": 13685.15,
                            "Plan Rows": 575015,
                            "Plan Width": 25,
                            "Actual Startup Time": 130.203,
                            "Actual Total Time": 130.204,
                            "Actual Rows": 230006,
                            "Actual Loops": 6,
                            "Hash Buckets": 65536,
                            "Original Hash Buckets": 65536,
                            "Hash Batches": 32,
                            "Original Hash Batches": 32,
                            "Peak Memory Usage": 2784,
                            "Plans": [
                              {
                                "Node Type": "Seq Scan",
                                "Parent Relationship": "Outer",
                                "Parallel Aware": true,
                                "Relation Name": "movie_info_idx",
                                "Alias": "mi_idx",
                                "Startup Cost": 0.0,
                                "Total Cost": 13685.15,
                                "Plan Rows": 575015,
                                "Plan Width": 25,
                                "Actual Startup Time": 0.051,
                                "Actual Total Time": 54.02,
                                "Actual Rows": 230006,
                                "Actual Loops": 6
                              }
                            ]
                          }
                        ]
                      },
                      {
                        "Node Type": "Index Scan",
                        "Parent Relationship": "Inner",
                        "Parallel Aware": false,
                        "Scan Direction": "Forward",
                        "Index Name": "title_pkey",
                        "Relation Name": "title",
                        "Alias": "t",
                        "Startup Cost": 0.43,
                        "Total Cost": 0.58,
                        "Plan Rows": 1,
                        "Plan Width": 95,
                        "Actual Startup Time": 0.014,
                        "Actual Total Time": 0.014,
                        "Actual Rows": 1,
                        "Actual Loops": 243,
                        "Index Cond": "(id = mi_idx.movie_id)",
                        "Rows Removed by Index Recheck": 0
                      }
                    ]
                  }
                ]
              }
            ]
          }
        ]
      }
    ]
  }
}