{
  "Plan": {
    "Node Type": "Hash Join",
    "Parent Relationship": "Outer",
    "Parallel Aware": true,
    "Join Type": "Inner",
    "Startup Cost": 37044.85,
    "Total Cost": 81588.0,
    "Plan Rows": 9336,
    "Plan Width": 52,
    "Actual Startup Time": 144.916,
    "Actual Total Time": 572.282,
    "Actual Rows": 25180,
    "Actual Loops": 4,
    "Inner Unique": false,
    "Hash Cond": "(mk.movie_id = mc.movie_id)",
    "Plans": [
      {
        "Node Type": "Seq Scan",
        "Parent Relationship": "Outer",
        "Parallel Aware": true,
        "Relation Name": "movie_keyword",
        "Alias": "mk",
        "Startup Cost": 0.0,
        "Total Cost": 39047.32,
        "Plan Rows": 1459332,
        "Plan Width": 12,
        "Actual Startup Time": 0.057,
        "Actual Total Time": 203.395,
        "Actual Rows": 1130982,
        "Actual Loops": 4
      },
      {
        "Node Type": "Hash",
        "Parent Relationship": "Inner",
        "Parallel Aware": true,
        "Startup Cost": 37034.53,
        "Total Cost": 37034.53,
        "Plan Rows": 826,
        "Plan Width": 40,
        "Actual Startup Time": 143.508,
        "Actual Total Time": 143.509,
        "Actual Rows": 752,
        "Actual Loops": 4,
        "Hash Buckets": 4096,
        "Original Hash Buckets": 4096,
        "Hash Batches": 1,
        "Original Hash Batches": 1,
        "Peak Memory Usage": 288,
        "Plans": [
          {
            "Node Type": "Seq Scan",
            "Parent Relationship": "Outer",
            "Parallel Aware": true,
            "Relation Name": "movie_companies",
            "Alias": "mc",
            "Startup Cost": 0.0,
            "Total Cost": 37034.53,
            "Plan Rows": 826,
            "Plan Width": 40,
            "Actual Startup Time": 0.676,
            "Actual Total Time": 142.939,
            "Actual Rows": 752,
            "Actual Loops": 4,
            "Filter": "(company_id = 1402)",
            "Rows Removed by Filter": 651530
          }
        ]
      }
    ]
  }
}