{
  "Plan": {
    "Node Type": "Hash Join",
    "Parent Relationship": "Outer",
    "Parallel Aware": true,
    "Join Type": "Inner",
    "Startup Cost": 181188.77,
    "Total Cost": 244693.83,
    "Plan Rows": 483591,
    "Plan Width": 172,
    "Actual Startup Time": 4396.291,
    "Actual Total Time": 13086.137,
    "Actual Rows": 14517161,
    "Actual Loops": 4,
    "Inner Unique": false,
    "Hash Cond": "(mk.movie_id = t.id)",
    "Plans": [
      {
        "Node Type": "Seq Scan",
        "Parent Relationship": "Outer",
        "Parallel Aware": true,
        "Relation Name": "movie_keyword",
        "Alias": "mk",
        "Startup Cost": 0.0,
        "Total Cost": 42695.65,
        "Plan Rows": 858514,
        "Plan Width": 12,
        "Actual Startup Time": 0.114,
        "Actual Total Time": 307.943,
        "Actual Rows": 667473,
        "Actual Loops": 4,
        "Filter": "(keyword_id < 7467)",
        "Rows Removed by Filter": 463510
      },
      {
        "Node Type": "Hash",
        "Parent Relationship": "Inner",
        "Parallel Aware": true,
        "Startup Cost": 168741.27,
        "Total Cost": 168741.27,
        "Plan Rows": 356040,
        "Plan Width": 160,
        "Actual Startup Time": 3842.304,
        "Actual Total Time": 3842.497,
        "Actual Rows": 1018270,
        "Actual Loops": 4,
        "Hash Buckets": 32768,
        "Original Hash Buckets": 32768,
        "Hash Batches": 256,
        "Original Hash Batches": 128,
        "Peak Memory Usage": 3200,
        "Plans": [
          {
            "Node Type": "Hash Join",
            "Parent Relationship": "Outer",
            "Parallel Aware": true,
            "Join Type": "Inner",
            "Startup Cost": 109107.89,
            "Total Cost": 168741.27,
            "Plan Rows": 356040,
            "Plan Width": 160,
            "Actual Startup Time": 2030.364,
            "Actual Total Time": 2983.643,
            "Actual Rows": 1018270,
            "Actual Loops": 4,
            "Inner Unique": false,
            "Hash Cond": "(mc.movie_id = t.id)",
            "Plans": [
              {
                "Node Type": "Seq Scan",
                "Parent Relationship": "Outer",
                "Parallel Aware": true,
                "Relation Name": "movie_companies",
                "Alias": "mc",
                "Startup Cost": 0.0,
                "Total Cost": 35403.82,
                "Plan Rows": 652282,
                "Plan Width": 40,
                "Actual Startup Time": 0.414,
                "Actual Total Time": 178.333,
                "Actual Rows": 652282,
                "Actual Loops": 4
              },
              {
                "Node Type": "Hash",
                "Parent Relationship": "Inner",
                "Parallel Aware": true,
                "Startup Cost": 91812.2,
                "Total Cost": 91812.2,
                "Plan Rows": 575015,
                "Plan Width": 120,
                "Actual Startup Time": 1623.238,
                "Actual Total Time": 1623.309,
                "Actual Rows": 345009,
                "Actual Loops": 4,
                "Hash Buckets": 32768,
                "Original Hash Buckets": 32768,
                "Hash Batches": 64,
                "Original Hash Batches": 64,
                "Peak Memory Usage": 3296,
                "Plans": [
                  {
                    "Node Type": "Hash Join",
                    "Parent Relationship": "Outer",
                    "Parallel Aware": true,
                    "Join Type": "Inner",
                    "Startup Cost": 59496.64,
                    "Total Cost": 91812.2,
                    "Plan Rows": 575015,
                    "Plan Width": 120,
                    "Actual Startup Time": 848.826,
                    "Actual Total Time": 1372.089,
                    "Actual Rows": 345009,
                    "Actual Loops": 4,
                    "Inner Unique": true,
                    "Hash Cond": "(mi_idx.movie_id = t.id)",
                    "Plans": [
                      {
                        "Node Type": "Seq Scan",
                        "Parent Relationship": "Outer",
                        "Parallel Aware": true,
                        "Relation Name": "movie_info_idx",
                        "Alias": "mi_idx",
                        "Startup Cost": 0.0,
                        "Total Cost": 13685.15,
                        "Plan Rows": 575015,
                        "Plan Width": 25,
                        "Actual Startup Time": 0.523,
                        "Actual Total Time": 85.048,
                        "Actual Rows": 345009,
                        "Actual Loops": 4
                      },
                      {
                        "Node Type": "Hash",
                        "Parent Relationship": "Inner",
                        "Parallel Aware": true,
                        "Startup Cost": 42336.73,
                        "Total Cost": 42336.73,
                        "Plan Rows": 632073,
                        "Plan Width": 95,
                        "Actual Startup Time": 614.739,
                        "Actual Total Time": 614.744,
                        "Actual Rows": 632078,
                        "Actual Loops": 4,
                        "Hash Buckets": 32768,
                        "Original Hash Buckets": 32768,
                        "Hash Batches": 128,
                        "Original Hash Batches": 128,
                        "Peak Memory Usage": 2656,
                        "Plans": [
                          {
                            "Node Type": "Seq Scan",
                            "Parent Relationship": "Outer",
                            "Parallel Aware": true,
                            "Relation Name": "title",
                            "Alias": "t",
                            "Startup Cost": 0.0,
                            "Total Cost": 42336.73,
                            "Plan Rows": 632073,
                            "Plan Width": 95,
                            "Actual Startup Time": 0.053,
                            "Actual Total Time": 183.97,
                            "Actual Rows": 632078,
                            "Actual Loops": 4
                          }
                        ]
                      }
                    ]
                  }
                ]
              }
            ]
          }
        ]
      }
    ]
  }
}