{
  "Plan": {
    "Node Type": "Hash Join",
    "Parent Relationship": "Outer",
    "Parallel Aware": true,
    "Join Type": "Inner",
    "Startup Cost": 60798.6,
    "Total Cost": 105405.99,
    "Plan Rows": 1964,
    "Plan Width": 132,
    "Actual Startup Time": 367.18,
    "Actual Total Time": 697.623,
    "Actual Rows": 18617,
    "Actual Loops": 4,
    "Inner Unique": false,
    "Hash Cond": "(mk.movie_id = t.id)",
    "Plans": [
      {
        "Node Type": "Seq Scan",
        "Parent Relationship": "Outer",
        "Parallel Aware": true,
        "Relation Name": "movie_keyword",
        "Alias": "mk",
        "Startup Cost": 0.0,
        "Total Cost": 42695.65,
        "Plan Rows": 507615,
        "Plan Width": 12,
        "Actual Startup Time": 0.057,
        "Actual Total Time": 245.838,
        "Actual Rows": 395452,
        "Actual Loops": 4,
        "Filter": "(keyword_id < 2402)",
        "Rows Removed by Filter": 735530
      },
      {
        "Node Type": "Hash",
        "Parent Relationship": "Inner",
        "Parallel Aware": true,
        "Startup Cost": 60747.65,
        "Total Cost": 60747.65,
        "Plan Rows": 4076,
        "Plan Width": 120,
        "Actual Startup Time": 366.116,
        "Actual Total Time": 366.12,
        "Actual Rows": 4746,
        "Actual Loops": 4,
        "Hash Buckets": 32768,
        "Original Hash Buckets": 16384,
        "Hash Batches": 1,
        "Original Hash Batches": 1,
        "Peak Memory Usage": 2944,
        "Plans": [
          {
            "Node Type": "Hash Join",
            "Parent Relationship": "Outer",
            "Parallel Aware": true,
            "Join Type": "Inner",
            "Startup Cost": 45553.09,
            "Total Cost": 60747.65,
            "Plan Rows": 4076,
            "Plan Width": 120,
            "Actual Startup Time": 214.774,
            "Actual Total Time": 358.106,
            "Actual Rows": 4746,
            "Actual Loops": 4,
            "Inner Unique": true,
            "Hash Cond": "(mi_idx.movie_id = t.id)",
            "Plans": [
              {
                "Node Type": "Seq Scan",
                "Parent Relationship": "Outer",
                "Parallel Aware": true,
                "Relation Name": "movie_info_idx",
                "Alias": "mi_idx",
                "Startup Cost": 0.0,
                "Total Cost": 13685.15,
                "Plan Rows": 575015,
                "Plan Width": 25,
                "Actual Startup Time": 0.049,
                "Actual Total Time": 63.182,
                "Actual Rows": 345009,
                "Actual Loops": 4
              },
              {
                "Node Type": "Hash",
                "Parent Relationship": "Inner",
                "Parallel Aware": true,
                "Startup Cost": 45497.09,
                "Total Cost": 45497.09,
                "Plan Rows": 4480,
                "Plan Width": 95,
                "Actual Startup Time": 214.458,
                "Actual Total Time": 214.459,
                "Actual Rows": 3612,
                "Actual Loops": 4,
                "Hash Buckets": 32768,
                "Original Hash Buckets": 32768,
                "Hash Batches": 1,
                "Original Hash Batches": 1,
                "Peak Memory Usage": 1984,
                "Plans": [
                  {
                    "Node Type": "Seq Scan",
                    "Parent Relationship": "Outer",
                    "Parallel Aware": true,
                    "Relation Name": "title",
                    "Alias": "t",
                    "Startup Cost": 0.0,
                    "Total Cost": 45497.09,
                    "Plan Rows": 4480,
                    "Plan Width": 95,
                    "Actual Startup Time": 1.176,
                    "Actual Total Time": 211.643,
                    "Actual Rows": 3612,
                    "Actual Loops": 4,
                    "Filter": "((kind_id < 7) AND (production_year = 1998))",
                    "Rows Removed by Filter": 628466
                  }
                ]
              }
            ]
          }
        ]
      }
    ]
  }
}