{
  "Plan": {
    "Node Type": "Hash Join",
    "Parent Relationship": "Outer",
    "Parallel Aware": true,
    "Join Type": "Inner",
    "Startup Cost": 39073.96,
    "Total Cost": 83862.71,
    "Plan Rows": 32698,
    "Plan Width": 135,
    "Actual Startup Time": 111.324,
    "Actual Total Time": 398.109,
    "Actual Rows": 29632,
    "Actual Loops": 7,
    "Inner Unique": false,
    "Hash Cond": "(t.id = mc.movie_id)",
    "Plans": [
      {
        "Node Type": "Seq Scan",
        "Parent Relationship": "Outer",
        "Parallel Aware": true,
        "Relation Name": "title",
        "Alias": "t",
        "Startup Cost": 0.0,
        "Total Cost": 42336.73,
        "Plan Rows": 632073,
        "Plan Width": 95,
        "Actual Startup Time": 0.051,
        "Actual Total Time": 85.186,
        "Actual Rows": 361187,
        "Actual Loops": 7
      },
      {
        "Node Type": "Hash",
        "Parent Relationship": "Inner",
        "Parallel Aware": true,
        "Startup Cost": 38665.23,
        "Total Cost": 38665.23,
        "Plan Rows": 32698,
        "Plan Width": 40,
        "Actual Startup Time": 110.934,
        "Actual Total Time": 110.944,
        "Actual Rows": 29632,
        "Actual Loops": 7,
        "Hash Buckets": 262144,
        "Original Hash Buckets": 131072,
        "Hash Batches": 1,
        "Original Hash Batches": 1,
        "Peak Memory Usage": 18368,
        "Plans": [
          {
            "Node Type": "Seq Scan",
            "Parent Relationship": "Outer",
            "Parallel Aware": true,
            "Relation Name": "movie_companies",
            "Alias": "mc",
            "Startup Cost": 0.0,
            "Total Cost": 38665.23,
            "Plan Rows": 32698,
            "Plan Width": 40,
            "Actual Startup Time": 0.056,
            "Actual Total Time": 89.814,
            "Actual Rows": 29632,
            "Actual Loops": 7,
            "Filter": "((company_id < 145) AND (company_type_id < 2))",
            "Rows Removed by Filter": 343101
          }
        ]
      }
    ]
  }
}