{
  "Plan": {
    "Node Type": "Hash Join",
    "Parent Relationship": "Outer",
    "Parallel Aware": true,
    "Join Type": "Inner",
    "Startup Cost": 254284.57,
    "Total Cost": 589438.2,
    "Plan Rows": 24,
    "Plan Width": 289,
    "Actual Startup Time": 1840.211,
    "Actual Total Time": 1844.257,
    "Actual Rows": 1,
    "Actual Loops": 7,
    "Inner Unique": false,
    "Hash Cond": "(ci.movie_id = t.id)",
    "Plans": [
      {
        "Node Type": "Seq Scan",
        "Parent Relationship": "Outer",
        "Parallel Aware": true,
        "Relation Name": "cast_info",
        "Alias": "ci",
        "Startup Cost": 0.0,
        "Total Cost": 327657.8,
        "Plan Rows": 1998875,
        "Plan Width": 56,
        "Actual Startup Time": 1146.249,
        "Actual Total Time": 1160.018,
        "Actual Rows": 45160,
        "Actual Loops": 7,
        "Filter": "(role_id > 10)",
        "Rows Removed by Filter": 5132604
      },
      {
        "Node Type": "Hash",
        "Parent Relationship": "Inner",
        "Parallel Aware": true,
        "Startup Cost": 254284.49,
        "Total Cost": 254284.49,
        "Plan Rows": 6,
        "Plan Width": 233,
        "Actual Startup Time": 677.577,
        "Actual Total Time": 677.607,
        "Actual Rows": 7,
        "Actual Loops": 7,
        "Hash Buckets": 1024,
        "Original Hash Buckets": 1024,
        "Hash Batches": 1,
        "Original Hash Batches": 1,
        "Peak Memory Usage": 232,
        "Plans": [
          {
            "Node Type": "Hash Join",
            "Parent Relationship": "Outer",
            "Parallel Aware": true,
            "Join Type": "Inner",
            "Startup Cost": 54228.81,
            "Total Cost": 254284.49,
            "Plan Rows": 6,
            "Plan Width": 233,
            "Actual Startup Time": 214.613,
            "Actual Total Time": 677.46,
            "Actual Rows": 7,
            "Actual Loops": 7,
            "Inner Unique": false,
            "Hash Cond": "(mi.movie_id = t.id)",
            "Plans": [
              {
                "Node Type": "Seq Scan",
                "Parent Relationship": "Outer",
                "Parallel Aware": true,
                "Relation Name": "movie_info",
                "Alias": "mi",
                "Startup Cost": 0.0,
                "Total Cost": 198938.07,
                "Plan Rows": 298024,
                "Plan Width": 73,
                "Actual Startup Time": 54.912,
                "Actual Total Time": 499.285,
                "Actual Rows": 219130,
                "Actual Loops": 7,
                "Filter": "(info_type_id = 3)",
                "Rows Removed by Filter": 1900259
              },
              {
                "Node Type": "Hash",
                "Parent Relationship": "Inner",
                "Parallel Aware": true,
                "Startup Cost": 54228.53,
                "Total Cost": 54228.53,
                "Plan Rows": 22,
                "Plan Width": 160,
                "Actual Startup Time": 148.388,
                "Actual Total Time": 148.408,
                "Actual Rows": 6,
                "Actual Loops": 7,
                "Hash Buckets": 1024,
                "Original Hash Buckets": 1024,
                "Hash Batches": 1,
                "Original Hash Batches": 1,
                "Peak Memory Usage": 232,
                "Plans": [
                  {
                    "Node Type": "Nested Loop",
                    "Parent Relationship": "Outer",
                    "Parallel Aware": false,
                    "Join Type": "Inner",
                    "Startup Cost": 37048.01,
                    "Total Cost": 54228.53,
                    "Plan Rows": 22,
                    "Plan Width": 160,
                    "Actual Startup Time": 94.899,
                    "Actual Total Time": 148.275,
                    "Actual Rows": 6,
                    "Actual Loops": 7,
                    "Inner Unique": true,
                    "Join Filter": "(mc.movie_id = t.id)",
                    "Rows Removed by Join Filter": 0,
                    "Plans": [
                      {
                        "Node Type": "Hash Join",
                        "Parent Relationship": "Outer",
                        "Parallel Aware": true,
                        "Join Type": "Inner",
                        "Startup Cost": 37047.58,
                        "Total Cost": 52899.34,
                        "Plan Rows": 1563,
                        "Plan Width": 65,
                        "Actual Startup Time": 82.578,
                        "Actual Total Time": 140.941,
                        "Actual Rows": 302,
                        "Actual Loops": 7,
                        "Inner Unique": false,
                        "Hash Cond": "(mi_idx.movie_id = mc.movie_id)",
                        "Plans": [
                          {
                            "Node Type": "Seq Scan",
                            "Parent Relationship": "Outer",
                            "Parallel Aware": true,
                            "Relation Name": "movie_info_idx",
                            "Alias": "mi_idx",
                            "Startup Cost": 0.0,
                            "Total Cost": 15122.68,
                            "Plan Rows": 193378,
                            "Plan Width": 25,
                            "Actual Startup Time": 0.053,
                            "Actual Total Time": 46.796,
                            "Actual Rows": 65704,
                            "Actual Loops": 7,
                            "Filter": "(info_type_id = 100)",
                            "Rows Removed by Filter": 131444
                          },
                          {
                            "Node Type": "Hash",
                            "Parent Relationship": "Inner",
                            "Parallel Aware": true,
                            "Startup Cost": 37034.53,
                            "Total Cost": 37034.53,
                            "Plan Rows": 1044,
                            "Plan Width": 40,
                            "Actual Startup Time": 81.927,
                            "Actual Total Time": 81.928,
                            "Actual Rows": 532,
                            "Actual Loops": 7,
                            "Hash Buckets": 8192,
                            "Original Hash Buckets": 8192,
                            "Hash Batches": 1,
                            "Original Hash Batches": 1,
                            "Peak Memory Usage": 448,
                            "Plans": [
                              {
                                "Node Type": "Seq Scan",
                                "Parent Relationship": "Outer",
                                "Parallel Aware": true,
                                "Relation Name": "movie_companies",
                                "Alias": "mc",
                                "Startup Cost": 0.0,
                                "Total Cost": 37034.53,
                                "Plan Rows": 1044,
                                "Plan Width": 40,
                                "Actual Startup Time": 0.168,
                                "Actual Total Time": 81.473,
                                "Actual Rows": 532,
                                "Actual Loops": 7,
                                "Filter": "(company_id = 139)",
                                "Rows Removed by Filter": 372201
                              }
                            ]
                          }
                        ]
                      },
                      {
                        "Node Type": "Index Scan",
                        "Parent Relationship": "Inner",
                        "Parallel Aware": false,
                        "Scan Direction": "Forward",
                        "Index Name": "title_pkey",
                        "Relation Name": "title",
                        "Alias": "t",
                        "Startup Cost": 0.43,
                        "Total Cost": 0.84,
                        "Plan Rows": 1,
                        "Plan Width": 95,
                        "Actual Startup Time": 0.023,
                        "Actual Total Time": 0.023,
                        "Actual Rows": 0,
                        "Actual Loops": 2114,
                        "Index Cond": "(id = mi_idx.movie_id)",
                        "Rows Removed by Index Recheck": 0,
                        "Filter": "(production_year = 2012)",
                        "Rows Removed by Filter": 1
                      }
                    ]
                  }
                ]
              }
            ]
          }
        ]
      }
    ]
  }
}