{
  "Plan": {
    "Node Type": "Hash Join",
    "Parent Relationship": "Outer",
    "Parallel Aware": true,
    "Join Type": "Inner",
    "Startup Cost": 61429.22,
    "Total Cost": 99293.88,
    "Plan Rows": 3547,
    "Plan Width": 160,
    "Actual Startup Time": 241.937,
    "Actual Total Time": 425.413,
    "Actual Rows": 2438,
    "Actual Loops": 6,
    "Inner Unique": false,
    "Hash Cond": "(mc.movie_id = t.id)",
    "Plans": [
      {
        "Node Type": "Seq Scan",
        "Parent Relationship": "Outer",
        "Parallel Aware": true,
        "Relation Name": "movie_companies",
        "Alias": "mc",
        "Startup Cost": 0.0,
        "Total Cost": 35403.82,
        "Plan Rows": 652282,
        "Plan Width": 40,
        "Actual Startup Time": 0.049,
        "Actual Total Time": 89.374,
        "Actual Rows": 434855,
        "Actual Loops": 6
      },
      {
        "Node Type": "Hash",
        "Parent Relationship": "Inner",
        "Parallel Aware": true,
        "Startup Cost": 61357.62,
        "Total Cost": 61357.62,
        "Plan Rows": 5728,
        "Plan Width": 120,
        "Actual Startup Time": 239.381,
        "Actual Total Time": 239.394,
        "Actual Rows": 1094,
        "Actual Loops": 6,
        "Hash Buckets": 16384,
        "Original Hash Buckets": 16384,
        "Hash Batches": 1,
        "Original Hash Batches": 1,
        "Peak Memory Usage": 1216,
        "Plans": [
          {
            "Node Type": "Hash Join",
            "Parent Relationship": "Outer",
            "Parallel Aware": true,
            "Join Type": "Inner",
            "Startup Cost": 45734.47,
            "Total Cost": 61357.62,
            "Plan Rows": 5728,
            "Plan Width": 120,
            "Actual Startup Time": 154.961,
            "Actual Total Time": 237.857,
            "Actual Rows": 1094,
            "Actual Loops": 6,
            "Inner Unique": true,
            "Hash Cond": "(mi_idx.movie_id = t.id)",
            "Plans": [
              {
                "Node Type": "Seq Scan",
                "Parent Relationship": "Outer",
                "Parallel Aware": true,
                "Relation Name": "movie_info_idx",
                "Alias": "mi_idx",
                "Startup Cost": 0.0,
                "Total Cost": 15122.68,
                "Plan Rows": 190656,
                "Plan Width": 25,
                "Actual Startup Time": 0.554,
                "Actual Total Time": 55.421,
                "Actual Rows": 76654,
                "Actual Loops": 6,
                "Filter": "(info_type_id = 99)",
                "Rows Removed by Filter": 153352
              },
              {
                "Node Type": "Hash",
                "Parent Relationship": "Inner",
                "Parallel Aware": true,
                "Startup Cost": 45497.09,
                "Total Cost": 45497.09,
                "Plan Rows": 18990,
                "Plan Width": 95,
                "Actual Startup Time": 151.792,
                "Actual Total Time": 151.795,
                "Actual Rows": 14093,
                "Actual Loops": 6,
                "Hash Buckets": 131072,
                "Original Hash Buckets": 131072,
                "Hash Batches": 1,
                "Original Hash Batches": 1,
                "Peak Memory Usage": 11200,
                "Plans": [
                  {
                    "Node Type": "Seq Scan",
                    "Parent Relationship": "Outer",
                    "Parallel Aware": true,
                    "Relation Name": "title",
                    "Alias": "t",
                    "Startup Cost": 0.0,
                    "Total Cost": 45497.09,
                    "Plan Rows": 18990,
                    "Plan Width": 95,
                    "Actual Startup Time": 0.053,
                    "Actual Total Time": 142.841,
                    "Actual Rows": 14093,
                    "Actual Loops": 6,
                    "Filter": "((kind_id > 4) AND (production_year = 2008))",
                    "Rows Removed by Filter": 407293
                  }
                ]
              }
            ]
          }
        ]
      }
    ]
  }
}