{
  "Plan": {
    "Node Type": "Nested Loop",
    "Parent Relationship": "Outer",
    "Parallel Aware": false,
    "Join Type": "Inner",
    "Startup Cost": 15123.84,
    "Total Cost": 350550.48,
    "Plan Rows": 109,
    "Plan Width": 176,
    "Actual Startup Time": 497.172,
    "Actual Total Time": 1430.929,
    "Actual Rows": 1646,
    "Actual Loops": 7,
    "Inner Unique": true,
    "Plans": [
      {
        "Node Type": "Hash Join",
        "Parent Relationship": "Outer",
        "Parallel Aware": true,
        "Join Type": "Inner",
        "Startup Cost": 15123.41,
        "Total Cost": 350279.45,
        "Plan Rows": 586,
        "Plan Width": 81,
        "Actual Startup Time": 497.053,
        "Actual Total Time": 1412.336,
        "Actual Rows": 1646,
        "Actual Loops": 7,
        "Inner Unique": false,
        "Hash Cond": "(ci.movie_id = mi_idx.movie_id)",
        "Plans": [
          {
            "Node Type": "Seq Scan",
            "Parent Relationship": "Outer",
            "Parallel Aware": true,
            "Relation Name": "cast_info",
            "Alias": "ci",
            "Startup Cost": 0.0,
            "Total Cost": 327657.8,
            "Plan Rows": 1998875,
            "Plan Width": 56,
            "Actual Startup Time": 455.636,
            "Actual Total Time": 1064.555,
            "Actual Rows": 1803321,
            "Actual Loops": 7,
            "Filter": "(person_id > 2419858)",
            "Rows Removed by Filter": 3374443
          },
          {
            "Node Type": "Hash",
            "Parent Relationship": "Inner",
            "Parallel Aware": true,
            "Startup Cost": 15122.68,
            "Total Cost": 15122.68,
            "Plan Rows": 58,
            "Plan Width": 25,
            "Actual Startup Time": 40.386,
            "Actual Total Time": 40.387,
            "Actual Rows": 37,
            "Actual Loops": 7,
            "Hash Buckets": 1024,
            "Original Hash Buckets": 1024,
            "Hash Batches": 1,
            "Original Hash Batches": 1,
            "Peak Memory Usage": 72,
            "Plans": [
              {
                "Node Type": "Seq Scan",
                "Parent Relationship": "Outer",
                "Parallel Aware": true,
                "Relation Name": "movie_info_idx",
                "Alias": "mi_idx",
                "Startup Cost": 0.0,
                "Total Cost": 15122.68,
                "Plan Rows": 58,
                "Plan Width": 25,
                "Actual Startup Time": 33.59,
                "Actual Total Time": 40.289,
                "Actual Rows": 37,
                "Actual Loops": 7,
                "Filter": "(info_type_id > 101)",
                "Rows Removed by Filter": 197111
              }
            ]
          }
        ]
      },
      {
        "Node Type": "Index Scan",
        "Parent Relationship": "Inner",
        "Parallel Aware": false,
        "Scan Direction": "Forward",
        "Index Name": "title_pkey",
        "Relation Name": "title",
        "Alias": "t",
        "Startup Cost": 0.43,
        "Total Cost": 0.46,
        "Plan Rows": 1,
        "Plan Width": 95,
        "Actual Startup Time": 0.009,
        "Actual Total Time": 0.009,
        "Actual Rows": 1,
        "Actual Loops": 11525,
        "Index Cond": "(id = ci.movie_id)",
        "Rows Removed by Index Recheck": 0
      }
    ]
  }
}