{
  "Plan": {
    "Node Type": "Hash Join",
    "Parent Relationship": "Outer",
    "Parallel Aware": true,
    "Join Type": "Inner",
    "Startup Cost": 152640.75,
    "Total Cost": 488011.91,
    "Plan Rows": 67451,
    "Plan Width": 228,
    "Actual Startup Time": 5230.111,
    "Actual Total Time": 30342.636,
    "Actual Rows": 27118426,
    "Actual Loops": 7,
    "Inner Unique": false,
    "Hash Cond": "(ci.movie_id = t.id)",
    "Plans": [
      {
        "Node Type": "Seq Scan",
        "Parent Relationship": "Outer",
        "Parallel Aware": true,
        "Relation Name": "cast_info",
        "Alias": "ci",
        "Startup Cost": 0.0,
        "Total Cost": 327657.8,
        "Plan Rows": 1998875,
        "Plan Width": 56,
        "Actual Startup Time": 218.447,
        "Actual Total Time": 1457.114,
        "Actual Rows": 3472324,
        "Actual Loops": 7,
        "Filter": "(person_id > 1174178)",
        "Rows Removed by Filter": 1705440
      },
      {
        "Node Type": "Hash",
        "Parent Relationship": "Inner",
        "Parallel Aware": true,
        "Startup Cost": 152296.74,
        "Total Cost": 152296.74,
        "Plan Rows": 27521,
        "Plan Width": 172,
        "Actual Startup Time": 2215.8,
        "Actual Total Time": 2216.53,
        "Actual Rows": 448933,
        "Actual Loops": 7,
        "Hash Buckets": 32768,
        "Original Hash Buckets": 131072,
        "Hash Batches": 512,
        "Original Hash Batches": 1,
        "Peak Memory Usage": 3104,
        "Plans": [
          {
            "Node Type": "Hash Join",
            "Parent Relationship": "Outer",
            "Parallel Aware": true,
            "Join Type": "Inner",
            "Startup Cost": 107662.25,
            "Total Cost": 152296.74,
            "Plan Rows": 27521,
            "Plan Width": 172,
            "Actual Startup Time": 1029.3,
            "Actual Total Time": 1407.876,
            "Actual Rows": 448933,
            "Actual Loops": 7,
            "Inner Unique": false,
            "Hash Cond": "(mk.movie_id = t.id)",
            "Plans": [
              {
                "Node Type": "Seq Scan",
                "Parent Relationship": "Outer",
                "Parallel Aware": true,
                "Relation Name": "movie_keyword",
                "Alias": "mk",
                "Startup Cost": 0.0,
                "Total Cost": 39047.32,
                "Plan Rows": 1459332,
                "Plan Width": 12,
                "Actual Startup Time": 0.054,
                "Actual Total Time": 141.329,
                "Actual Rows": 646276,
                "Actual Loops": 7
              },
              {
                "Node Type": "Hash",
                "Parent Relationship": "Inner",
                "Parallel Aware": true,
                "Startup Cost": 107413.91,
                "Total Cost": 107413.91,
                "Plan Rows": 19867,
                "Plan Width": 160,
                "Actual Startup Time": 708.391,
                "Actual Total Time": 709.097,
                "Actual Rows": 29130,
                "Actual Loops": 7,
                "Hash Buckets": 32768,
                "Original Hash Buckets": 65536,
                "Hash Batches": 16,
                "Original Hash Batches": 1,
                "Peak Memory Usage": 2624,
                "Plans": [
                  {
                    "Node Type": "Hash Join",
                    "Parent Relationship": "Outer",
                    "Parallel Aware": true,
                    "Join Type": "Inner",
                    "Startup Cost": 84910.43,
                    "Total Cost": 107413.91,
                    "Plan Rows": 19867,
                    "Plan Width": 160,
                    "Actual Startup Time": 571.701,
                    "Actual Total Time": 635.634,
                    "Actual Rows": 29130,
                    "Actual Loops": 7,
                    "Inner Unique": false,
                    "Hash Cond": "(mi_idx.movie_id = t.id)",
                    "Plans": [
                      {
                        "Node Type": "Seq Scan",
                        "Parent Relationship": "Outer",
                        "Parallel Aware": true,
                        "Relation Name": "movie_info_idx",
                        "Alias": "mi_idx",
                        "Startup Cost": 0.0,
                        "Total Cost": 15122.68,
                        "Plan Rows": 384033,
                        "Plan Width": 25,
                        "Actual Startup Time": 0.059,
                        "Actual Total Time": 58.829,
                        "Actual Rows": 131407,
                        "Actual Loops": 7,
                        "Filter": "(info_type_id < 101)",
                        "Rows Removed by Filter": 65741
                      },
                      {
                        "Node Type": "Hash",
                        "Parent Relationship": "Inner",
                        "Parallel Aware": true,
                        "Startup Cost": 83862.71,
                        "Total Cost": 83862.71,
                        "Plan Rows": 32698,
                        "Plan Width": 135,
                        "Actual Startup Time": 464.261,
                        "Actual Total Time": 464.303,
                        "Actual Rows": 29632,
                        "Actual Loops": 7,
                        "Hash Buckets": 32768,
                        "Original Hash Buckets": 131072,
                        "Hash Batches": 16,
                        "Original Hash Batches": 1,
                        "Peak Memory Usage": 2496,
                        "Plans": [
                          {
                            "Node Type": "Hash Join",
                            "Parent Relationship": "Outer",
                            "Parallel Aware": true,
                            "Join Type": "Inner",
                            "Startup Cost": 39073.96,
                            "Total Cost": 83862.71,
                            "Plan Rows": 32698,
                            "Plan Width": 135,
                            "Actual Startup Time": 111.324,
                            "Actual Total Time": 398.109,
                            "Actual Rows": 29632,
                            "Actual Loops": 7,
                            "Inner Unique": false,
                            "Hash Cond": "(t.id = mc.movie_id)",
                            "Plans": [
                              {
                                "Node Type": "Seq Scan",
                                "Parent Relationship": "Outer",
                                "Parallel Aware": true,
                                "Relation Name": "title",
                                "Alias": "t",
                                "Startup Cost": 0.0,
                                "Total Cost": 42336.73,
                                "Plan Rows": 632073,
                                "Plan Width": 95,
                                "Actual Startup Time": 0.051,
                                "Actual Total Time": 85.186,
                                "Actual Rows": 361187,
                                "Actual Loops": 7
                              },
                              {
                                "Node Type": "Hash",
                                "Parent Relationship": "Inner",
                                "Parallel Aware": true,
                                "Startup Cost": 38665.23,
                                "Total Cost": 38665.23,
                                "Plan Rows": 32698,
                                "Plan Width": 40,
                                "Actual Startup Time": 110.934,
                                "Actual Total Time": 110.944,
                                "Actual Rows": 29632,
                                "Actual Loops": 7,
                                "Hash Buckets": 262144,
                                "Original Hash Buckets": 131072,
                                "Hash Batches": 1,
                                "Original Hash Batches": 1,
                                "Peak Memory Usage": 18368,
                                "Plans": [
                                  {
                                    "Node Type": "Seq Scan",
                                    "Parent Relationship": "Outer",
                                    "Parallel Aware": true,
                                    "Relation Name": "movie_companies",
                                    "Alias": "mc",
                                    "Startup Cost": 0.0,
                                    "Total Cost": 38665.23,
                                    "Plan Rows": 32698,
                                    "Plan Width": 40,
                                    "Actual Startup Time": 0.056,
                                    "Actual Total Time": 89.814,
                                    "Actual Rows": 29632,
                                    "Actual Loops": 7,
                                    "Filter": "((company_id < 145) AND (company_type_id < 2))",
                                    "Rows Removed by Filter": 343101
                                  }
                                ]
                              }
                            ]
                          }
                        ]
                      }
                    ]
                  }
                ]
              }
            ]
          }
        ]
      }
    ]
  }
}