{
  "Plan": {
    "Node Type": "Nested Loop",
    "Parent Relationship": "Outer",
    "Parallel Aware": false,
    "Join Type": "Inner",
    "Startup Cost": 43851.41,
    "Total Cost": 404653.75,
    "Plan Rows": 560,
    "Plan Width": 191,
    "Actual Startup Time": 1666.136,
    "Actual Total Time": 6160.042,
    "Actual Rows": 89745,
    "Actual Loops": 7,
    "Inner Unique": true,
    "Plans": [
      {
        "Node Type": "Hash Join",
        "Parent Relationship": "Outer",
        "Parallel Aware": true,
        "Join Type": "Inner",
        "Startup Cost": 43850.98,
        "Total Cost": 389420.74,
        "Plan Rows": 25967,
        "Plan Width": 96,
        "Actual Startup Time": 1665.658,
        "Actual Total Time": 2207.719,
        "Actual Rows": 446540,
        "Actual Loops": 7,
        "Inner Unique": false,
        "Hash Cond": "(ci.movie_id = mc.movie_id)",
        "Plans": [
          {
            "Node Type": "Seq Scan",
            "Parent Relationship": "Outer",
            "Parallel Aware": true,
            "Relation Name": "cast_info",
            "Alias": "ci",
            "Startup Cost": 0.0,
            "Total Cost": 342649.36,
            "Plan Rows": 9994,
            "Plan Width": 56,
            "Actual Startup Time": 672.635,
            "Actual Total Time": 1296.015,
            "Actual Rows": 482504,
            "Actual Loops": 7,
            "Filter": "((person_id > 800979) AND (role_id = 3))",
            "Rows Removed by Filter": 4695260
          },
          {
            "Node Type": "Hash",
            "Parent Relationship": "Inner",
            "Parallel Aware": true,
            "Startup Cost": 37034.53,
            "Total Cost": 37034.53,
            "Plan Rows": 335556,
            "Plan Width": 40,
            "Actual Startup Time": 203.433,
            "Actual Total Time": 203.434,
            "Actual Rows": 190698,
            "Actual Loops": 7,
            "Hash Buckets": 65536,
            "Original Hash Buckets": 65536,
            "Hash Batches": 32,
            "Original Hash Batches": 32,
            "Peak Memory Usage": 2688,
            "Plans": [
              {
                "Node Type": "Seq Scan",
                "Parent Relationship": "Outer",
                "Parallel Aware": true,
                "Relation Name": "movie_companies",
                "Alias": "mc",
                "Startup Cost": 0.0,
                "Total Cost": 37034.53,
                "Plan Rows": 335556,
                "Plan Width": 40,
                "Actual Startup Time": 4.707,
                "Actual Total Time": 127.69,
                "Actual Rows": 190698,
                "Actual Loops": 7,
                "Filter": "(company_type_id > 1)",
                "Rows Removed by Filter": 182035
              }
            ]
          }
        ]
      },
      {
        "Node Type": "Index Scan",
        "Parent Relationship": "Inner",
        "Parallel Aware": false,
        "Scan Direction": "Forward",
        "Index Name": "title_pkey",
        "Relation Name": "title",
        "Alias": "t",
        "Startup Cost": 0.43,
        "Total Cost": 0.59,
        "Plan Rows": 1,
        "Plan Width": 95,
        "Actual Startup Time": 0.008,
        "Actual Total Time": 0.008,
        "Actual Rows": 0,
        "Actual Loops": 3125782,
        "Index Cond": "(id = mc.movie_id)",
        "Rows Removed by Index Recheck": 0,
        "Filter": "((production_year > 2005) AND (kind_id = 1))",
        "Rows Removed by Filter": 1
      }
    ]
  }
}