{
  "Plan": {
    "Node Type": "Hash Join",
    "Parent Relationship": "Outer",
    "Parallel Aware": true,
    "Join Type": "Inner",
    "Startup Cost": 343881.97,
    "Total Cost": 381314.77,
    "Plan Rows": 10,
    "Plan Width": 191,
    "Actual Startup Time": 2072.04,
    "Actual Total Time": 2217.098,
    "Actual Rows": 3,
    "Actual Loops": 4,
    "Inner Unique": false,
    "Hash Cond": "(mc.movie_id = t.id)",
    "Plans": [
      {
        "Node Type": "Seq Scan",
        "Parent Relationship": "Outer",
        "Parallel Aware": true,
        "Relation Name": "movie_companies",
        "Alias": "mc",
        "Startup Cost": 0.0,
        "Total Cost": 37034.53,
        "Plan Rows": 106200,
        "Plan Width": 40,
        "Actual Startup Time": 14.795,
        "Actual Total Time": 184.392,
        "Actual Rows": 105082,
        "Actual Loops": 4,
        "Filter": "(company_id > 80011)",
        "Rows Removed by Filter": 547200
      },
      {
        "Node Type": "Hash",
        "Parent Relationship": "Inner",
        "Parallel Aware": true,
        "Startup Cost": 343881.49,
        "Total Cost": 343881.49,
        "Plan Rows": 39,
        "Plan Width": 151,
        "Actual Startup Time": 2018.233,
        "Actual Total Time": 2018.258,
        "Actual Rows": 6,
        "Actual Loops": 4,
        "Hash Buckets": 1024,
        "Original Hash Buckets": 1024,
        "Hash Batches": 1,
        "Original Hash Batches": 1,
        "Peak Memory Usage": 40,
        "Plans": [
          {
            "Node Type": "Nested Loop",
            "Parent Relationship": "Outer",
            "Parallel Aware": false,
            "Join Type": "Inner",
            "Startup Cost": 0.43,
            "Total Cost": 343881.49,
            "Plan Rows": 39,
            "Plan Width": 151,
            "Actual Startup Time": 1576.163,
            "Actual Total Time": 2017.906,
            "Actual Rows": 6,
            "Actual Loops": 4,
            "Inner Unique": true,
            "Plans": [
              {
                "Node Type": "Seq Scan",
                "Parent Relationship": "Outer",
                "Parallel Aware": true,
                "Relation Name": "cast_info",
                "Alias": "ci",
                "Startup Cost": 0.0,
                "Total Cost": 342649.36,
                "Plan Rows": 150,
                "Plan Width": 56,
                "Actual Startup Time": 692.625,
                "Actual Total Time": 2016.527,
                "Actual Rows": 68,
                "Actual Loops": 4,
                "Filter": "((person_id = 613664) AND (role_id = 1))",
                "Rows Removed by Filter": 9061018
              },
              {
                "Node Type": "Index Scan",
                "Parent Relationship": "Inner",
                "Parallel Aware": false,
                "Scan Direction": "Forward",
                "Index Name": "title_pkey",
                "Relation Name": "title",
                "Alias": "t",
                "Startup Cost": 0.43,
                "Total Cost": 8.21,
                "Plan Rows": 1,
                "Plan Width": 95,
                "Actual Startup Time": 0.019,
                "Actual Total Time": 0.019,
                "Actual Rows": 0,
                "Actual Loops": 270,
                "Index Cond": "(id = ci.movie_id)",
                "Rows Removed by Index Recheck": 0,
                "Filter": "(kind_id < 2)",
                "Rows Removed by Filter": 1
              }
            ]
          }
        ]
      }
    ]
  }
}