{
  "Plan": {
    "Node Type": "Hash Join",
    "Parent Relationship": "Outer",
    "Parallel Aware": true,
    "Join Type": "Inner",
    "Startup Cost": 54454.6,
    "Total Cost": 104297.77,
    "Plan Rows": 72406,
    "Plan Width": 107,
    "Actual Startup Time": 496.475,
    "Actual Total Time": 654.429,
    "Actual Rows": 8696,
    "Actual Loops": 6,
    "Inner Unique": true,
    "Hash Cond": "(mk.movie_id = t.id)",
    "Plans": [
      {
        "Node Type": "Seq Scan",
        "Parent Relationship": "Outer",
        "Parallel Aware": true,
        "Relation Name": "movie_keyword",
        "Alias": "mk",
        "Startup Cost": 0.0,
        "Total Cost": 42695.65,
        "Plan Rows": 117913,
        "Plan Width": 12,
        "Actual Startup Time": 0.071,
        "Actual Total Time": 148.473,
        "Actual Rows": 60615,
        "Actual Loops": 6,
        "Filter": "(keyword_id < 335)",
        "Rows Removed by Filter": 693373
      },
      {
        "Node Type": "Hash",
        "Parent Relationship": "Inner",
        "Parallel Aware": true,
        "Startup Cost": 43916.91,
        "Total Cost": 43916.91,
        "Plan Rows": 388135,
        "Plan Width": 95,
        "Actual Startup Time": 300.051,
        "Actual Total Time": 300.057,
        "Actual Rows": 257211,
        "Actual Loops": 6,
        "Hash Buckets": 32768,
        "Original Hash Buckets": 32768,
        "Hash Batches": 64,
        "Original Hash Batches": 64,
        "Peak Memory Usage": 3264,
        "Plans": [
          {
            "Node Type": "Seq Scan",
            "Parent Relationship": "Outer",
            "Parallel Aware": true,
            "Relation Name": "title",
            "Alias": "t",
            "Startup Cost": 0.0,
            "Total Cost": 43916.91,
            "Plan Rows": 388135,
            "Plan Width": 95,
            "Actual Startup Time": 0.044,
            "Actual Total Time": 166.03,
            "Actual Rows": 257211,
            "Actual Loops": 6,
            "Filter": "(kind_id = 7)",
            "Rows Removed by Filter": 164175
          }
        ]
      }
    ]
  }
}