{
  "Plan": {
    "Node Type": "Hash Join",
    "Parallel Aware": false,
    "Join Type": "Inner",
    "Startup Cost": 118250.54,
    "Total Cost": 770768.77,
    "Plan Rows": 7332174,
    "Plan Width": 168,
    "Actual Startup Time": 1942.997,
    "Actual Total Time": 16491.374,
    "Actual Rows": 4407679,
    "Actual Loops": 1,
    "Inner Unique": true,
    "Hash Cond": "(mi.movie_id = t.id)",
    "Plans": [
      {
        "Node Type": "Seq Scan",
        "Parent Relationship": "Outer",
        "Parallel Aware": false,
        "Relation Name": "movie_info",
        "Alias": "mi",
        "Startup Cost": 0.0,
        "Total Cost": 346718.34,
        "Plan Rows": 9940132,
        "Plan Width": 73,
        "Actual Startup Time": 126.621,
        "Actual Total Time": 4518.421,
        "Actual Rows": 9911754,
        "Actual Loops": 1,
        "Filter": "(info_type_id > 4)",
        "Rows Removed by Filter": 4923966
      },
      {
        "Node Type": "Hash",
        "Parent Relationship": "Inner",
        "Parallel Aware": false,
        "Startup Cost": 67619.64,
        "Total Cost": 67619.64,
        "Plan Rows": 1864952,
        "Plan Width": 95,
        "Actual Startup Time": 1814.964,
        "Actual Total Time": 1814.967,
        "Actual Rows": 1865487,
        "Actual Loops": 1,
        "Hash Buckets": 32768,
        "Original Hash Buckets": 32768,
        "Hash Batches": 64,
        "Original Hash Batches": 64,
        "Peak Memory Usage": 3598,
        "Plans": [
          {
            "Node Type": "Seq Scan",
            "Parent Relationship": "Outer",
            "Parallel Aware": false,
            "Relation Name": "title",
            "Alias": "t",
            "Startup Cost": 0.0,
            "Total Cost": 67619.64,
            "Plan Rows": 1864952,
            "Plan Width": 95,
            "Actual Startup Time": 0.036,
            "Actual Total Time": 951.53,
            "Actual Rows": 1865487,
            "Actual Loops": 1,
            "Filter": "(kind_id > 1)",
            "Rows Removed by Filter": 662825
          }
        ]
      }
    ]
  }
}