{
  "Plan": {
    "Node Type": "Hash Join",
    "Parallel Aware": false,
    "Join Type": "Inner",
    "Startup Cost": 129938.55,
    "Total Cost": 687840.09,
    "Plan Rows": 6216069,
    "Plan Width": 168,
    "Actual Startup Time": 2980.962,
    "Actual Total Time": 15601.016,
    "Actual Rows": 6223494,
    "Actual Loops": 1,
    "Inner Unique": true,
    "Hash Cond": "(mi.movie_id = t.id)",
    "Plans": [
      {
        "Node Type": "Seq Scan",
        "Parent Relationship": "Outer",
        "Parallel Aware": false,
        "Relation Name": "movie_info",
        "Alias": "mi",
        "Startup Cost": 0.0,
        "Total Cost": 346718.34,
        "Plan Rows": 6216069,
        "Plan Width": 73,
        "Actual Startup Time": 919.895,
        "Actual Total Time": 4244.811,
        "Actual Rows": 6223494,
        "Actual Loops": 1,
        "Filter": "(info_type_id > 8)",
        "Rows Removed by Filter": 8612226
      },
      {
        "Node Type": "Hash",
        "Parent Relationship": "Inner",
        "Parallel Aware": false,
        "Startup Cost": 61298.91,
        "Total Cost": 61298.91,
        "Plan Rows": 2528291,
        "Plan Width": 95,
        "Actual Startup Time": 2060.417,
        "Actual Total Time": 2060.437,
        "Actual Rows": 2528312,
        "Actual Loops": 1,
        "Hash Buckets": 32768,
        "Original Hash Buckets": 32768,
        "Hash Batches": 128,
        "Original Hash Batches": 128,
        "Peak Memory Usage": 2453,
        "Plans": [
          {
            "Node Type": "Seq Scan",
            "Parent Relationship": "Outer",
            "Parallel Aware": false,
            "Relation Name": "title",
            "Alias": "t",
            "Startup Cost": 0.0,
            "Total Cost": 61298.91,
            "Plan Rows": 2528291,
            "Plan Width": 95,
            "Actual Startup Time": 0.052,
            "Actual Total Time": 718.701,
            "Actual Rows": 2528312,
            "Actual Loops": 1
          }
        ]
      }
    ]
  }
}