{
  "Plan": {
    "Node Type": "Hash Join",
    "Parent Relationship": "Outer",
    "Parallel Aware": true,
    "Join Type": "Inner",
    "Startup Cost": 112017.38,
    "Total Cost": 398646.02,
    "Plan Rows": 1340424,
    "Plan Width": 208,
    "Actual Startup Time": 2791.643,
    "Actual Total Time": 5864.653,
    "Actual Rows": 3699942,
    "Actual Loops": 6,
    "Inner Unique": false,
    "Hash Cond": "(mi.movie_id = t.id)",
    "Plans": [
      {
        "Node Type": "Seq Scan",
        "Parent Relationship": "Outer",
        "Parallel Aware": true,
        "Relation Name": "movie_info",
        "Alias": "mi",
        "Startup Cost": 0.0,
        "Total Cost": 191549.05,
        "Plan Rows": 2955605,
        "Plan Width": 73,
        "Actual Startup Time": 0.065,
        "Actual Total Time": 764.522,
        "Actual Rows": 2472620,
        "Actual Loops": 6
      },
      {
        "Node Type": "Hash",
        "Parent Relationship": "Inner",
        "Parallel Aware": true,
        "Startup Cost": 102835.17,
        "Total Cost": 102835.17,
        "Plan Rows": 286657,
        "Plan Width": 135,
        "Actual Startup Time": 968.779,
        "Actual Total Time": 969.094,
        "Actual Rows": 152855,
        "Actual Loops": 6,
        "Hash Buckets": 32768,
        "Original Hash Buckets": 32768,
        "Hash Batches": 64,
        "Original Hash Batches": 64,
        "Peak Memory Usage": 2496,
        "Plans": [
          {
            "Node Type": "Hash Join",
            "Parent Relationship": "Outer",
            "Parallel Aware": true,
            "Join Type": "Inner",
            "Startup Cost": 51458.11,
            "Total Cost": 102835.17,
            "Plan Rows": 286657,
            "Plan Width": 135,
            "Actual Startup Time": 570.061,
            "Actual Total Time": 851.664,
            "Actual Rows": 152855,
            "Actual Loops": 6,
            "Inner Unique": true,
            "Hash Cond": "(mc.movie_id = t.id)",
            "Plans": [
              {
                "Node Type": "Seq Scan",
                "Parent Relationship": "Outer",
                "Parallel Aware": true,
                "Relation Name": "movie_companies",
                "Alias": "mc",
                "Startup Cost": 0.0,
                "Total Cost": 35403.82,
                "Plan Rows": 652282,
                "Plan Width": 40,
                "Actual Startup Time": 0.058,
                "Actual Total Time": 121.245,
                "Actual Rows": 434855,
                "Actual Loops": 6
              },
              {
                "Node Type": "Hash",
                "Parent Relationship": "Inner",
                "Parallel Aware": true,
                "Startup Cost": 43916.91,
                "Total Cost": 43916.91,
                "Plan Rows": 277776,
                "Plan Width": 95,
                "Actual Startup Time": 275.573,
                "Actual Total Time": 275.579,
                "Actual Rows": 184654,
                "Actual Loops": 6,
                "Hash Buckets": 32768,
                "Original Hash Buckets": 32768,
                "Hash Batches": 64,
                "Original Hash Batches": 64,
                "Peak Memory Usage": 2432,
                "Plans": [
                  {
                    "Node Type": "Seq Scan",
                    "Parent Relationship": "Outer",
                    "Parallel Aware": true,
                    "Relation Name": "title",
                    "Alias": "t",
                    "Startup Cost": 0.0,
                    "Total Cost": 43916.91,
                    "Plan Rows": 277776,
                    "Plan Width": 95,
                    "Actual Startup Time": 0.036,
                    "Actual Total Time": 174.755,
                    "Actual Rows": 184654,
                    "Actual Loops": 6,
                    "Filter": "(production_year > 2004)",
                    "Rows Removed by Filter": 236731
                  }
                ]
              }
            ]
          }
        ]
      }
    ]
  }
}