{
  "Plan": {
    "Node Type": "Hash Join",
    "Parent Relationship": "Outer",
    "Parallel Aware": true,
    "Join Type": "Inner",
    "Startup Cost": 81132.46,
    "Total Cost": 283766.4,
    "Plan Rows": 425,
    "Plan Width": 205,
    "Actual Startup Time": 428.646,
    "Actual Total Time": 1471.393,
    "Actual Rows": 7958,
    "Actual Loops": 6,
    "Inner Unique": false,
    "Hash Cond": "(mi.movie_id = t.id)",
    "Plans": [
      {
        "Node Type": "Seq Scan",
        "Parent Relationship": "Outer",
        "Parallel Aware": true,
        "Relation Name": "movie_info",
        "Alias": "mi",
        "Startup Cost": 0.0,
        "Total Cost": 191549.05,
        "Plan Rows": 2955605,
        "Plan Width": 73,
        "Actual Startup Time": 0.051,
        "Actual Total Time": 544.92,
        "Actual Rows": 2472620,
        "Actual Loops": 6
      },
      {
        "Node Type": "Hash",
        "Parent Relationship": "Inner",
        "Parallel Aware": true,
        "Startup Cost": 81131.0,
        "Total Cost": 81131.0,
        "Plan Rows": 117,
        "Plan Width": 132,
        "Actual Startup Time": 398.249,
        "Actual Total Time": 398.468,
        "Actual Rows": 342,
        "Actual Loops": 6,
        "Hash Buckets": 2048,
        "Original Hash Buckets": 1024,
        "Hash Batches": 1,
        "Original Hash Batches": 1,
        "Peak Memory Usage": 440,
        "Plans": [
          {
            "Node Type": "Nested Loop",
            "Parent Relationship": "Outer",
            "Parallel Aware": false,
            "Join Type": "Inner",
            "Startup Cost": 24804.26,
            "Total Cost": 81131.0,
            "Plan Rows": 117,
            "Plan Width": 132,
            "Actual Startup Time": 295.564,
            "Actual Total Time": 394.914,
            "Actual Rows": 342,
            "Actual Loops": 6,
            "Inner Unique": true,
            "Plans": [
              {
                "Node Type": "Hash Join",
                "Parent Relationship": "Outer",
                "Parallel Aware": true,
                "Join Type": "Inner",
                "Startup Cost": 24803.83,
                "Total Cost": 71576.13,
                "Plan Rows": 16461,
                "Plan Width": 37,
                "Actual Startup Time": 295.275,
                "Actual Total Time": 362.914,
                "Actual Rows": 6038,
                "Actual Loops": 6,
                "Inner Unique": false,
                "Hash Cond": "(mk.movie_id = mi_idx.movie_id)",
                "Plans": [
                  {
                    "Node Type": "Seq Scan",
                    "Parent Relationship": "Outer",
                    "Parallel Aware": true,
                    "Relation Name": "movie_keyword",
                    "Alias": "mk",
                    "Startup Cost": 0.0,
                    "Total Cost": 42695.65,
                    "Plan Rows": 5615,
                    "Plan Width": 12,
                    "Actual Startup Time": 24.726,
                    "Actual Total Time": 142.18,
                    "Actual Rows": 2390,
                    "Actual Loops": 6,
                    "Filter": "(keyword_id > 121648)",
                    "Rows Removed by Filter": 751598
                  },
                  {
                    "Node Type": "Hash",
                    "Parent Relationship": "Inner",
                    "Parallel Aware": true,
                    "Startup Cost": 13685.15,
                    "Total Cost": 13685.15,
                    "Plan Rows": 575015,
                    "Plan Width": 25,
                    "Actual Startup Time": 131.161,
                    "Actual Total Time": 131.163,
                    "Actual Rows": 230006,
                    "Actual Loops": 6,
                    "Hash Buckets": 65536,
                    "Original Hash Buckets": 65536,
                    "Hash Batches": 32,
                    "Original Hash Batches": 32,
                    "Peak Memory Usage": 2784,
                    "Plans": [
                      {
                        "Node Type": "Seq Scan",
                        "Parent Relationship": "Outer",
                        "Parallel Aware": true,
                        "Relation Name": "movie_info_idx",
                        "Alias": "mi_idx",
                        "Startup Cost": 0.0,
                        "Total Cost": 13685.15,
                        "Plan Rows": 575015,
                        "Plan Width": 25,
                        "Actual Startup Time": 0.056,
                        "Actual Total Time": 55.179,
                        "Actual Rows": 230006,
                        "Actual Loops": 6
                      }
                    ]
                  }
                ]
              },
              {
                "Node Type": "Index Scan",
                "Parent Relationship": "Inner",
                "Parallel Aware": false,
                "Scan Direction": "Forward",
                "Index Name": "title_pkey",
                "Relation Name": "title",
                "Alias": "t",
                "Startup Cost": 0.43,
                "Total Cost": 0.58,
                "Plan Rows": 1,
                "Plan Width": 95,
                "Actual Startup Time": 0.005,
                "Actual Total Time": 0.005,
                "Actual Rows": 0,
                "Actual Loops": 36227,
                "Index Cond": "(id = mi_idx.movie_id)",
                "Rows Removed by Index Recheck": 0,
                "Filter": "(kind_id = 3)",
                "Rows Removed by Filter": 1
              }
            ]
          }
        ]
      }
    ]
  }
}