{
  "Plan": {
    "Node Type": "Hash Join",
    "Parent Relationship": "Outer",
    "Parallel Aware": true,
    "Join Type": "Inner",
    "Startup Cost": 45557.67,
    "Total Cost": 245259.94,
    "Plan Rows": 2232,
    "Plan Width": 168,
    "Actual Startup Time": 406.619,
    "Actual Total Time": 771.398,
    "Actual Rows": 1685,
    "Actual Loops": 6,
    "Inner Unique": true,
    "Hash Cond": "(mi.movie_id = t.id)",
    "Plans": [
      {
        "Node Type": "Seq Scan",
        "Parent Relationship": "Outer",
        "Parallel Aware": true,
        "Relation Name": "movie_info",
        "Alias": "mi",
        "Startup Cost": 0.0,
        "Total Cost": 198938.07,
        "Plan Rows": 291127,
        "Plan Width": 73,
        "Actual Startup Time": 265.081,
        "Actual Total Time": 585.042,
        "Actual Rows": 233650,
        "Actual Loops": 6,
        "Filter": "(info_type_id = 7)",
        "Rows Removed by Filter": 2238970
      },
      {
        "Node Type": "Hash",
        "Parent Relationship": "Inner",
        "Parallel Aware": true,
        "Startup Cost": 45497.09,
        "Total Cost": 45497.09,
        "Plan Rows": 4846,
        "Plan Width": 95,
        "Actual Startup Time": 140.085,
        "Actual Total Time": 140.086,
        "Actual Rows": 2893,
        "Actual Loops": 6,
        "Hash Buckets": 32768,
        "Original Hash Buckets": 32768,
        "Hash Batches": 1,
        "Original Hash Batches": 1,
        "Peak Memory Usage": 2336,
        "Plans": [
          {
            "Node Type": "Seq Scan",
            "Parent Relationship": "Outer",
            "Parallel Aware": true,
            "Relation Name": "title",
            "Alias": "t",
            "Startup Cost": 0.0,
            "Total Cost": 45497.09,
            "Plan Rows": 4846,
            "Plan Width": 95,
            "Actual Startup Time": 0.468,
            "Actual Total Time": 137.968,
            "Actual Rows": 2893,
            "Actual Loops": 6,
            "Filter": "((kind_id < 7) AND (production_year = 2000))",
            "Rows Removed by Filter": 418492
          }
        ]
      }
    ]
  }
}