{
  "Plan": {
    "Node Type": "Hash Join",
    "Parent Relationship": "Outer",
    "Parallel Aware": true,
    "Join Type": "Inner",
    "Startup Cost": 43368.08,
    "Total Cost": 59205.73,
    "Plan Rows": 2,
    "Plan Width": 132,
    "Actual Startup Time": 144.765,
    "Actual Total Time": 205.588,
    "Actual Rows": 17,
    "Actual Loops": 6,
    "Inner Unique": false,
    "Hash Cond": "(mi_idx.movie_id = t.id)",
    "Plans": [
      {
        "Node Type": "Seq Scan",
        "Parent Relationship": "Outer",
        "Parallel Aware": true,
        "Relation Name": "movie_info_idx",
        "Alias": "mi_idx",
        "Startup Cost": 0.0,
        "Total Cost": 15122.68,
        "Plan Rows": 190656,
        "Plan Width": 25,
        "Actual Startup Time": 0.046,
        "Actual Total Time": 52.295,
        "Actual Rows": 76654,
        "Actual Loops": 6,
        "Filter": "(info_type_id = 99)",
        "Rows Removed by Filter": 153352
      },
      {
        "Node Type": "Hash",
        "Parent Relationship": "Inner",
        "Parallel Aware": true,
        "Startup Cost": 43367.98,
        "Total Cost": 43367.98,
        "Plan Rows": 8,
        "Plan Width": 107,
        "Actual Startup Time": 142.537,
        "Actual Total Time": 142.546,
        "Actual Rows": 22,
        "Actual Loops": 6,
        "Hash Buckets": 1024,
        "Original Hash Buckets": 1024,
        "Hash Batches": 1,
        "Original Hash Batches": 1,
        "Peak Memory Usage": 200,
        "Plans": [
          {
            "Node Type": "Nested Loop",
            "Parent Relationship": "Outer",
            "Parallel Aware": false,
            "Join Type": "Inner",
            "Startup Cost": 0.43,
            "Total Cost": 43367.98,
            "Plan Rows": 8,
            "Plan Width": 107,
            "Actual Startup Time": 6.742,
            "Actual Total Time": 142.399,
            "Actual Rows": 22,
            "Actual Loops": 6,
            "Inner Unique": true,
            "Plans": [
              {
                "Node Type": "Seq Scan",
                "Parent Relationship": "Outer",
                "Parallel Aware": true,
                "Relation Name": "movie_keyword",
                "Alias": "mk",
                "Startup Cost": 0.0,
                "Total Cost": 42695.65,
                "Plan Rows": 80,
                "Plan Width": 12,
                "Actual Startup Time": 1.89,
                "Actual Total Time": 138.551,
                "Actual Rows": 103,
                "Actual Loops": 6,
                "Filter": "(keyword_id = 6830)",
                "Rows Removed by Filter": 753885
              },
              {
                "Node Type": "Index Scan",
                "Parent Relationship": "Inner",
                "Parallel Aware": false,
                "Scan Direction": "Forward",
                "Index Name": "title_pkey",
                "Relation Name": "title",
                "Alias": "t",
                "Startup Cost": 0.43,
                "Total Cost": 8.4,
                "Plan Rows": 1,
                "Plan Width": 95,
                "Actual Startup Time": 0.035,
                "Actual Total Time": 0.035,
                "Actual Rows": 0,
                "Actual Loops": 618,
                "Index Cond": "(id = mk.movie_id)",
                "Rows Removed by Index Recheck": 0,
                "Filter": "((production_year > 2005) AND (kind_id = 1))",
                "Rows Removed by Filter": 1
              }
            ]
          }
        ]
      }
    ]
  }
}