{
  "Plan": {
    "Node Type": "Hash Join",
    "Parent Relationship": "Outer",
    "Parallel Aware": true,
    "Join Type": "Inner",
    "Startup Cost": 49902.23,
    "Total Cost": 424226.09,
    "Plan Rows": 513104,
    "Plan Width": 151,
    "Actual Startup Time": 1882.48,
    "Actual Total Time": 2739.72,
    "Actual Rows": 460058,
    "Actual Loops": 7,
    "Inner Unique": true,
    "Hash Cond": "(ci.movie_id = t.id)",
    "Plans": [
      {
        "Node Type": "Seq Scan",
        "Parent Relationship": "Outer",
        "Parallel Aware": true,
        "Relation Name": "cast_info",
        "Alias": "ci",
        "Startup Cost": 0.0,
        "Total Cost": 327657.8,
        "Plan Rows": 1998875,
        "Plan Width": 56,
        "Actual Startup Time": 475.843,
        "Actual Total Time": 1174.742,
        "Actual Rows": 1649391,
        "Actual Loops": 7,
        "Filter": "(person_id > 2542204)",
        "Rows Removed by Filter": 3528373
      },
      {
        "Node Type": "Hash",
        "Parent Relationship": "Inner",
        "Parallel Aware": true,
        "Startup Cost": 45497.09,
        "Total Cost": 45497.09,
        "Plan Rows": 162251,
        "Plan Width": 95,
        "Actual Startup Time": 170.974,
        "Actual Total Time": 170.977,
        "Actual Rows": 79366,
        "Actual Loops": 7,
        "Hash Buckets": 32768,
        "Original Hash Buckets": 32768,
        "Hash Batches": 32,
        "Original Hash Batches": 32,
        "Peak Memory Usage": 2400,
        "Plans": [
          {
            "Node Type": "Seq Scan",
            "Parent Relationship": "Outer",
            "Parallel Aware": true,
            "Relation Name": "title",
            "Alias": "t",
            "Startup Cost": 0.0,
            "Total Cost": 45497.09,
            "Plan Rows": 162251,
            "Plan Width": 95,
            "Actual Startup Time": 0.078,
            "Actual Total Time": 128.669,
            "Actual Rows": 79366,
            "Actual Loops": 7,
            "Filter": "((kind_id < 7) AND (production_year > 1993))",
            "Rows Removed by Filter": 281822
          }
        ]
      }
    ]
  }
}