{
  "Plan": {
    "Node Type": "Nested Loop",
    "Parent Relationship": "Outer",
    "Parallel Aware": false,
    "Join Type": "Inner",
    "Startup Cost": 18810.31,
    "Total Cost": 373466.18,
    "Plan Rows": 5426,
    "Plan Width": 176,
    "Actual Startup Time": 1218.769,
    "Actual Total Time": 1222.546,
    "Actual Rows": 0,
    "Actual Loops": 6,
    "Inner Unique": true,
    "Join Filter": "(ci.movie_id = t.id)",
    "Rows Removed by Join Filter": 0,
    "Plans": [
      {
        "Node Type": "Hash Join",
        "Parent Relationship": "Outer",
        "Parallel Aware": true,
        "Join Type": "Inner",
        "Startup Cost": 18809.88,
        "Total Cost": 348591.56,
        "Plan Rows": 29146,
        "Plan Width": 81,
        "Actual Startup Time": 1218.713,
        "Actual Total Time": 1222.47,
        "Actual Rows": 0,
        "Actual Loops": 6,
        "Inner Unique": false,
        "Hash Cond": "(ci.movie_id = mi_idx.movie_id)",
        "Plans": [
          {
            "Node Type": "Seq Scan",
            "Parent Relationship": "Outer",
            "Parallel Aware": true,
            "Relation Name": "cast_info",
            "Alias": "ci",
            "Startup Cost": 0.0,
            "Total Cost": 327657.8,
            "Plan Rows": 29983,
            "Plan Width": 56,
            "Actual Startup Time": 986.133,
            "Actual Total Time": 1093.677,
            "Actual Rows": 1,
            "Actual Loops": 6,
            "Filter": "(person_id = 2029088)",
            "Rows Removed by Filter": 6040723
          },
          {
            "Node Type": "Hash",
            "Parent Relationship": "Inner",
            "Parallel Aware": true,
            "Startup Cost": 15122.68,
            "Total Cost": 15122.68,
            "Plan Rows": 190656,
            "Plan Width": 25,
            "Actual Startup Time": 97.682,
            "Actual Total Time": 97.683,
            "Actual Rows": 76654,
            "Actual Loops": 6,
            "Hash Buckets": 65536,
            "Original Hash Buckets": 65536,
            "Hash Batches": 16,
            "Original Hash Batches": 16,
            "Peak Memory Usage": 2208,
            "Plans": [
              {
                "Node Type": "Seq Scan",
                "Parent Relationship": "Outer",
                "Parallel Aware": true,
                "Relation Name": "movie_info_idx",
                "Alias": "mi_idx",
                "Startup Cost": 0.0,
                "Total Cost": 15122.68,
                "Plan Rows": 190656,
                "Plan Width": 25,
                "Actual Startup Time": 0.147,
                "Actual Total Time": 69.812,
                "Actual Rows": 76654,
                "Actual Loops": 6,
                "Filter": "(info_type_id = 99)",
                "Rows Removed by Filter": 153352
              }
            ]
          }
        ]
      },
      {
        "Node Type": "Index Scan",
        "Parent Relationship": "Inner",
        "Parallel Aware": false,
        "Scan Direction": "Forward",
        "Index Name": "title_pkey",
        "Relation Name": "title",
        "Alias": "t",
        "Startup Cost": 0.43,
        "Total Cost": 0.84,
        "Plan Rows": 1,
        "Plan Width": 95,
        "Actual Startup Time": 0.09,
        "Actual Total Time": 0.09,
        "Actual Rows": 1,
        "Actual Loops": 3,
        "Index Cond": "(id = mi_idx.movie_id)",
        "Rows Removed by Index Recheck": 0
      }
    ]
  }
}