{
  "Plan": {
    "Node Type": "Hash Join",
    "Parent Relationship": "Outer",
    "Parallel Aware": true,
    "Join Type": "Inner",
    "Startup Cost": 82974.91,
    "Total Cost": 459415.8,
    "Plan Rows": 278522,
    "Plan Width": 176,
    "Actual Startup Time": 1736.56,
    "Actual Total Time": 2093.685,
    "Actual Rows": 177905,
    "Actual Loops": 7,
    "Inner Unique": false,
    "Hash Cond": "(ci.movie_id = t.id)",
    "Plans": [
      {
        "Node Type": "Seq Scan",
        "Parent Relationship": "Outer",
        "Parallel Aware": true,
        "Relation Name": "cast_info",
        "Alias": "ci",
        "Startup Cost": 0.0,
        "Total Cost": 327657.8,
        "Plan Rows": 1998875,
        "Plan Width": 56,
        "Actual Startup Time": 0.052,
        "Actual Total Time": 1008.648,
        "Actual Rows": 612896,
        "Actual Loops": 7,
        "Filter": "(person_id < 413342)",
        "Rows Removed by Filter": 4564867
      },
      {
        "Node Type": "Hash",
        "Parent Relationship": "Inner",
        "Parallel Aware": true,
        "Startup Cost": 80325.0,
        "Total Cost": 80325.0,
        "Plan Rows": 88073,
        "Plan Width": 120,
        "Actual Startup Time": 531.063,
        "Actual Total Time": 531.082,
        "Actual Rows": 49536,
        "Actual Loops": 7,
        "Hash Buckets": 32768,
        "Original Hash Buckets": 32768,
        "Hash Batches": 16,
        "Original Hash Batches": 16,
        "Peak Memory Usage": 3200,
        "Plans": [
          {
            "Node Type": "Hash Join",
            "Parent Relationship": "Outer",
            "Parallel Aware": true,
            "Join Type": "Inner",
            "Startup Cost": 18861.91,
            "Total Cost": 80325.0,
            "Plan Rows": 88073,
            "Plan Width": 120,
            "Actual Startup Time": 350.791,
            "Actual Total Time": 487.735,
            "Actual Rows": 49536,
            "Actual Loops": 7,
            "Inner Unique": false,
            "Hash Cond": "(t.id = mi_idx.movie_id)",
            "Plans": [
              {
                "Node Type": "Seq Scan",
                "Parent Relationship": "Outer",
                "Parallel Aware": true,
                "Relation Name": "title",
                "Alias": "t",
                "Startup Cost": 0.0,
                "Total Cost": 43916.91,
                "Plan Rows": 479790,
                "Plan Width": 95,
                "Actual Startup Time": 0.056,
                "Actual Total Time": 158.099,
                "Actual Rows": 274004,
                "Actual Loops": 7,
                "Filter": "(production_year > 1981)",
                "Rows Removed by Filter": 87183
              },
              {
                "Node Type": "Hash",
                "Parent Relationship": "Inner",
                "Parallel Aware": true,
                "Startup Cost": 15122.68,
                "Total Cost": 15122.68,
                "Plan Rows": 193378,
                "Plan Width": 25,
                "Actual Startup Time": 68.622,
                "Actual Total Time": 68.624,
                "Actual Rows": 65704,
                "Actual Loops": 7,
                "Hash Buckets": 65536,
                "Original Hash Buckets": 65536,
                "Hash Batches": 16,
                "Original Hash Batches": 16,
                "Peak Memory Usage": 2016,
                "Plans": [
                  {
                    "Node Type": "Seq Scan",
                    "Parent Relationship": "Outer",
                    "Parallel Aware": true,
                    "Relation Name": "movie_info_idx",
                    "Alias": "mi_idx",
                    "Startup Cost": 0.0,
                    "Total Cost": 15122.68,
                    "Plan Rows": 193378,
                    "Plan Width": 25,
                    "Actual Startup Time": 0.054,
                    "Actual Total Time": 48.36,
                    "Actual Rows": 65704,
                    "Actual Loops": 7,
                    "Filter": "(info_type_id = 100)",
                    "Rows Removed by Filter": 131444
                  }
                ]
              }
            ]
          }
        ]
      }
    ]
  }
}