{
  "Plan": {
    "Node Type": "Hash Join",
    "Parent Relationship": "Outer",
    "Parallel Aware": true,
    "Join Type": "Inner",
    "Startup Cost": 18809.88,
    "Total Cost": 77129.88,
    "Plan Rows": 61675,
    "Plan Width": 120,
    "Actual Startup Time": 512.217,
    "Actual Total Time": 664.08,
    "Actual Rows": 32892,
    "Actual Loops": 4,
    "Inner Unique": false,
    "Hash Cond": "(t.id = mi_idx.movie_id)",
    "Plans": [
      {
        "Node Type": "Seq Scan",
        "Parent Relationship": "Outer",
        "Parallel Aware": true,
        "Relation Name": "title",
        "Alias": "t",
        "Startup Cost": 0.0,
        "Total Cost": 45497.09,
        "Plan Rows": 340781,
        "Plan Width": 95,
        "Actual Startup Time": 0.045,
        "Actual Total Time": 252.321,
        "Actual Rows": 331945,
        "Actual Loops": 4,
        "Filter": "((production_year < 2012) AND (kind_id = 7))",
        "Rows Removed by Filter": 300133
      },
      {
        "Node Type": "Hash",
        "Parent Relationship": "Inner",
        "Parallel Aware": true,
        "Startup Cost": 15122.68,
        "Total Cost": 15122.68,
        "Plan Rows": 190656,
        "Plan Width": 25,
        "Actual Startup Time": 119.665,
        "Actual Total Time": 119.67,
        "Actual Rows": 114981,
        "Actual Loops": 4,
        "Hash Buckets": 65536,
        "Original Hash Buckets": 65536,
        "Hash Batches": 16,
        "Original Hash Batches": 16,
        "Peak Memory Usage": 2176,
        "Plans": [
          {
            "Node Type": "Seq Scan",
            "Parent Relationship": "Outer",
            "Parallel Aware": true,
            "Relation Name": "movie_info_idx",
            "Alias": "mi_idx",
            "Startup Cost": 0.0,
            "Total Cost": 15122.68,
            "Plan Rows": 190656,
            "Plan Width": 25,
            "Actual Startup Time": 0.061,
            "Actual Total Time": 86.283,
            "Actual Rows": 114981,
            "Actual Loops": 4,
            "Filter": "(info_type_id = 99)",
            "Rows Removed by Filter": 230028
          }
        ]
      }
    ]
  }
}