{
  "Plan": {
    "Node Type": "Hash Join",
    "Parent Relationship": "Outer",
    "Parallel Aware": true,
    "Join Type": "Inner",
    "Startup Cost": 42874.02,
    "Total Cost": 87853.34,
    "Plan Rows": 4223,
    "Plan Width": 52,
    "Actual Startup Time": 480.797,
    "Actual Total Time": 562.116,
    "Actual Rows": 2228,
    "Actual Loops": 4,
    "Inner Unique": false,
    "Hash Cond": "(mk.movie_id = mc.movie_id)",
    "Plans": [
      {
        "Node Type": "Seq Scan",
        "Parent Relationship": "Outer",
        "Parallel Aware": true,
        "Relation Name": "movie_keyword",
        "Alias": "mk",
        "Startup Cost": 0.0,
        "Total Cost": 42695.65,
        "Plan Rows": 1897,
        "Plan Width": 12,
        "Actual Startup Time": 0.231,
        "Actual Total Time": 203.233,
        "Actual Rows": 1129,
        "Actual Loops": 4,
        "Filter": "(keyword_id = 115)",
        "Rows Removed by Filter": 1129853
      },
      {
        "Node Type": "Hash",
        "Parent Relationship": "Inner",
        "Parallel Aware": true,
        "Startup Cost": 37034.53,
        "Total Cost": 37034.53,
        "Plan Rows": 287479,
        "Plan Width": 40,
        "Actual Startup Time": 262.954,
        "Actual Total Time": 262.955,
        "Actual Rows": 285144,
        "Actual Loops": 4,
        "Hash Buckets": 65536,
        "Original Hash Buckets": 65536,
        "Hash Batches": 32,
        "Original Hash Batches": 32,
        "Peak Memory Usage": 2560,
        "Plans": [
          {
            "Node Type": "Seq Scan",
            "Parent Relationship": "Outer",
            "Parallel Aware": true,
            "Relation Name": "movie_companies",
            "Alias": "mc",
            "Startup Cost": 0.0,
            "Total Cost": 37034.53,
            "Plan Rows": 287479,
            "Plan Width": 40,
            "Actual Startup Time": 0.061,
            "Actual Total Time": 179.591,
            "Actual Rows": 285144,
            "Actual Loops": 4,
            "Filter": "(company_id > 13331)",
            "Rows Removed by Filter": 367138
          }
        ]
      }
    ]
  }
}