{
  "Plan": {
    "Node Type": "Hash Join",
    "Parent Relationship": "Outer",
    "Parallel Aware": true,
    "Join Type": "Inner",
    "Startup Cost": 45615.47,
    "Total Cost": 92039.46,
    "Plan Rows": 21281,
    "Plan Width": 107,
    "Actual Startup Time": 271.042,
    "Actual Total Time": 454.202,
    "Actual Rows": 2142,
    "Actual Loops": 6,
    "Inner Unique": true,
    "Hash Cond": "(mk.movie_id = t.id)",
    "Plans": [
      {
        "Node Type": "Seq Scan",
        "Parent Relationship": "Outer",
        "Parallel Aware": true,
        "Relation Name": "movie_keyword",
        "Alias": "mk",
        "Startup Cost": 0.0,
        "Total Cost": 42695.65,
        "Plan Rows": 1420316,
        "Plan Width": 12,
        "Actual Startup Time": 0.053,
        "Actual Total Time": 192.299,
        "Actual Rows": 734102,
        "Actual Loops": 6,
        "Filter": "(keyword_id < 78213)",
        "Rows Removed by Filter": 19887
      },
      {
        "Node Type": "Hash",
        "Parent Relationship": "Inner",
        "Parallel Aware": true,
        "Startup Cost": 45497.09,
        "Total Cost": 45497.09,
        "Plan Rows": 9470,
        "Plan Width": 95,
        "Actual Startup Time": 141.543,
        "Actual Total Time": 141.546,
        "Actual Rows": 6616,
        "Actual Loops": 6,
        "Hash Buckets": 65536,
        "Original Hash Buckets": 65536,
        "Hash Batches": 1,
        "Original Hash Batches": 1,
        "Peak Memory Usage": 5280,
        "Plans": [
          {
            "Node Type": "Seq Scan",
            "Parent Relationship": "Outer",
            "Parallel Aware": true,
            "Relation Name": "title",
            "Alias": "t",
            "Startup Cost": 0.0,
            "Total Cost": 45497.09,
            "Plan Rows": 9470,
            "Plan Width": 95,
            "Actual Startup Time": 0.065,
            "Actual Total Time": 137.313,
            "Actual Rows": 6616,
            "Actual Loops": 6,
            "Filter": "((kind_id = 7) AND (production_year = 2001))",
            "Rows Removed by Filter": 414769
          }
        ]
      }
    ]
  }
}