{
  "Plan": {
    "Node Type": "Hash Join",
    "Parent Relationship": "Outer",
    "Parallel Aware": true,
    "Join Type": "Inner",
    "Startup Cost": 108222.72,
    "Total Cost": 310913.55,
    "Plan Rows": 13981,
    "Plan Width": 205,
    "Actual Startup Time": 530.091,
    "Actual Total Time": 1595.423,
    "Actual Rows": 14855,
    "Actual Loops": 6,
    "Inner Unique": false,
    "Hash Cond": "(mi.movie_id = t.id)",
    "Plans": [
      {
        "Node Type": "Seq Scan",
        "Parent Relationship": "Outer",
        "Parallel Aware": true,
        "Relation Name": "movie_info",
        "Alias": "mi",
        "Startup Cost": 0.0,
        "Total Cost": 191549.05,
        "Plan Rows": 2955605,
        "Plan Width": 73,
        "Actual Startup Time": 0.048,
        "Actual Total Time": 527.647,
        "Actual Rows": 2472620,
        "Actual Loops": 6
      },
      {
        "Node Type": "Hash",
        "Parent Relationship": "Inner",
        "Parallel Aware": true,
        "Startup Cost": 108160.42,
        "Total Cost": 108160.42,
        "Plan Rows": 4984,
        "Plan Width": 132,
        "Actual Startup Time": 527.963,
        "Actual Total Time": 528.074,
        "Actual Rows": 1285,
        "Actual Loops": 6,
        "Hash Buckets": 16384,
        "Original Hash Buckets": 16384,
        "Hash Batches": 1,
        "Original Hash Batches": 1,
        "Peak Memory Usage": 1408,
        "Plans": [
          {
            "Node Type": "Hash Join",
            "Parent Relationship": "Outer",
            "Parallel Aware": true,
            "Join Type": "Inner",
            "Startup Cost": 92305.47,
            "Total Cost": 108160.42,
            "Plan Rows": 4984,
            "Plan Width": 132,
            "Actual Startup Time": 487.251,
            "Actual Total Time": 526.901,
            "Actual Rows": 1285,
            "Actual Loops": 6,
            "Inner Unique": false,
            "Hash Cond": "(mi_idx.movie_id = t.id)",
            "Plans": [
              {
                "Node Type": "Seq Scan",
                "Parent Relationship": "Outer",
                "Parallel Aware": true,
                "Relation Name": "movie_info_idx",
                "Alias": "mi_idx",
                "Startup Cost": 0.0,
                "Total Cost": 15122.68,
                "Plan Rows": 190982,
                "Plan Width": 25,
                "Actual Startup Time": 0.052,
                "Actual Total Time": 52.078,
                "Actual Rows": 76698,
                "Actual Loops": 6,
                "Filter": "(info_type_id > 100)",
                "Rows Removed by Filter": 153308
              },
              {
                "Node Type": "Hash",
                "Parent Relationship": "Inner",
                "Parallel Aware": true,
                "Startup Cost": 92039.46,
                "Total Cost": 92039.46,
                "Plan Rows": 21281,
                "Plan Width": 107,
                "Actual Startup Time": 456.23,
                "Actual Total Time": 456.332,
                "Actual Rows": 2142,
                "Actual Loops": 6,
                "Hash Buckets": 131072,
                "Original Hash Buckets": 131072,
                "Hash Batches": 1,
                "Original Hash Batches": 1,
                "Peak Memory Usage": 2848,
                "Plans": [
                  {
                    "Node Type": "Hash Join",
                    "Parent Relationship": "Outer",
                    "Parallel Aware": true,
                    "Join Type": "Inner",
                    "Startup Cost": 45615.47,
                    "Total Cost": 92039.46,
                    "Plan Rows": 21281,
                    "Plan Width": 107,
                    "Actual Startup Time": 271.042,
                    "Actual Total Time": 454.202,
                    "Actual Rows": 2142,
                    "Actual Loops": 6,
                    "Inner Unique": true,
                    "Hash Cond": "(mk.movie_id = t.id)",
                    "Plans": [
                      {
                        "Node Type": "Seq Scan",
                        "Parent Relationship": "Outer",
                        "Parallel Aware": true,
                        "Relation Name": "movie_keyword",
                        "Alias": "mk",
                        "Startup Cost": 0.0,
                        "Total Cost": 42695.65,
                        "Plan Rows": 1420316,
                        "Plan Width": 12,
                        "Actual Startup Time": 0.053,
                        "Actual Total Time": 192.299,
                        "Actual Rows": 734102,
                        "Actual Loops": 6,
                        "Filter": "(keyword_id < 78213)",
                        "Rows Removed by Filter": 19887
                      },
                      {
                        "Node Type": "Hash",
                        "Parent Relationship": "Inner",
                        "Parallel Aware": true,
                        "Startup Cost": 45497.09,
                        "Total Cost": 45497.09,
                        "Plan Rows": 9470,
                        "Plan Width": 95,
                        "Actual Startup Time": 141.543,
                        "Actual Total Time": 141.546,
                        "Actual Rows": 6616,
                        "Actual Loops": 6,
                        "Hash Buckets": 65536,
                        "Original Hash Buckets": 65536,
                        "Hash Batches": 1,
                        "Original Hash Batches": 1,
                        "Peak Memory Usage": 5280,
                        "Plans": [
                          {
                            "Node Type": "Seq Scan",
                            "Parent Relationship": "Outer",
                            "Parallel Aware": true,
                            "Relation Name": "title",
                            "Alias": "t",
                            "Startup Cost": 0.0,
                            "Total Cost": 45497.09,
                            "Plan Rows": 9470,
                            "Plan Width": 95,
                            "Actual Startup Time": 0.065,
                            "Actual Total Time": 137.313,
                            "Actual Rows": 6616,
                            "Actual Loops": 6,
                            "Filter": "((kind_id = 7) AND (production_year = 2001))",
                            "Rows Removed by Filter": 414769
                          }
                        ]
                      }
                    ]
                  }
                ]
              }
            ]
          }
        ]
      }
    ]
  }
}