{
  "Plan": {
    "Node Type": "Hash Join",
    "Parent Relationship": "Outer",
    "Parallel Aware": true,
    "Join Type": "Inner",
    "Startup Cost": 38676.18,
    "Total Cost": 242189.76,
    "Plan Rows": 8241,
    "Plan Width": 113,
    "Actual Startup Time": 86.727,
    "Actual Total Time": 771.825,
    "Actual Rows": 331,
    "Actual Loops": 7,
    "Inner Unique": false,
    "Hash Cond": "(mi.movie_id = mc.movie_id)",
    "Plans": [
      {
        "Node Type": "Seq Scan",
        "Parent Relationship": "Outer",
        "Parallel Aware": true,
        "Relation Name": "movie_info",
        "Alias": "mi",
        "Startup Cost": 0.0,
        "Total Cost": 198938.07,
        "Plan Rows": 1214643,
        "Plan Width": 73,
        "Actual Startup Time": 0.043,
        "Actual Total Time": 546.744,
        "Actual Rows": 869061,
        "Actual Loops": 7,
        "Filter": "(info_type_id > 9)",
        "Rows Removed by Filter": 1250327
      },
      {
        "Node Type": "Hash",
        "Parent Relationship": "Inner",
        "Parallel Aware": true,
        "Startup Cost": 38665.23,
        "Total Cost": 38665.23,
        "Plan Rows": 876,
        "Plan Width": 40,
        "Actual Startup Time": 85.746,
        "Actual Total Time": 85.749,
        "Actual Rows": 352,
        "Actual Loops": 7,
        "Hash Buckets": 4096,
        "Original Hash Buckets": 4096,
        "Hash Batches": 1,
        "Original Hash Batches": 1,
        "Peak Memory Usage": 256,
        "Plans": [
          {
            "Node Type": "Seq Scan",
            "Parent Relationship": "Outer",
            "Parallel Aware": true,
            "Relation Name": "movie_companies",
            "Alias": "mc",
            "Startup Cost": 0.0,
            "Total Cost": 38665.23,
            "Plan Rows": 876,
            "Plan Width": 40,
            "Actual Startup Time": 0.228,
            "Actual Total Time": 85.456,
            "Actual Rows": 352,
            "Actual Loops": 7,
            "Filter": "((company_type_id < 2) AND (company_id = 7851))",
            "Rows Removed by Filter": 372381
          }
        ]
      }
    ]
  }
}