{
  "Plan": {
    "Node Type": "Hash Join",
    "Parent Relationship": "Outer",
    "Parallel Aware": true,
    "Join Type": "Inner",
    "Startup Cost": 57935.31,
    "Total Cost": 422911.69,
    "Plan Rows": 544306,
    "Plan Width": 151,
    "Actual Startup Time": 2732.826,
    "Actual Total Time": 2958.266,
    "Actual Rows": 21392,
    "Actual Loops": 4,
    "Inner Unique": true,
    "Hash Cond": "(ci.movie_id = t.id)",
    "Plans": [
      {
        "Node Type": "Seq Scan",
        "Parent Relationship": "Outer",
        "Parallel Aware": true,
        "Relation Name": "cast_info",
        "Alias": "ci",
        "Startup Cost": 0.0,
        "Total Cost": 342649.36,
        "Plan Rows": 666292,
        "Plan Width": 56,
        "Actual Startup Time": 2126.838,
        "Actual Total Time": 2151.901,
        "Actual Rows": 26315,
        "Actual Loops": 4,
        "Filter": "((person_id < 3035842) AND (role_id > 10))",
        "Rows Removed by Filter": 9034771
      },
      {
        "Node Type": "Hash",
        "Parent Relationship": "Inner",
        "Parallel Aware": true,
        "Startup Cost": 43916.91,
        "Total Cost": 43916.91,
        "Plan Rows": 516352,
        "Plan Width": 95,
        "Actual Startup Time": 532.051,
        "Actual Total Time": 532.054,
        "Actual Rows": 516138,
        "Actual Loops": 4,
        "Hash Buckets": 32768,
        "Original Hash Buckets": 32768,
        "Hash Batches": 128,
        "Original Hash Batches": 128,
        "Peak Memory Usage": 2208,
        "Plans": [
          {
            "Node Type": "Seq Scan",
            "Parent Relationship": "Outer",
            "Parallel Aware": true,
            "Relation Name": "title",
            "Alias": "t",
            "Startup Cost": 0.0,
            "Total Cost": 43916.91,
            "Plan Rows": 516352,
            "Plan Width": 95,
            "Actual Startup Time": 0.053,
            "Actual Total Time": 280.243,
            "Actual Rows": 516138,
            "Actual Loops": 4,
            "Filter": "(production_year < 2011)",
            "Rows Removed by Filter": 115940
          }
        ]
      }
    ]
  }
}