{
  "Plan": {
    "Node Type": "Hash Join",
    "Parent Relationship": "Outer",
    "Parallel Aware": true,
    "Join Type": "Inner",
    "Startup Cost": 441410.51,
    "Total Cost": 515019.07,
    "Plan Rows": 1885043,
    "Plan Width": 163,
    "Actual Startup Time": 3616.235,
    "Actual Total Time": 3913.17,
    "Actual Rows": 222173,
    "Actual Loops": 4,
    "Inner Unique": false,
    "Hash Cond": "(mk.movie_id = t.id)",
    "Plans": [
      {
        "Node Type": "Seq Scan",
        "Parent Relationship": "Outer",
        "Parallel Aware": true,
        "Relation Name": "movie_keyword",
        "Alias": "mk",
        "Startup Cost": 0.0,
        "Total Cost": 39047.32,
        "Plan Rows": 1459332,
        "Plan Width": 12,
        "Actual Startup Time": 0.062,
        "Actual Total Time": 253.755,
        "Actual Rows": 1130982,
        "Actual Loops": 4
      },
      {
        "Node Type": "Hash",
        "Parent Relationship": "Inner",
        "Parallel Aware": true,
        "Startup Cost": 422911.69,
        "Total Cost": 422911.69,
        "Plan Rows": 544306,
        "Plan Width": 151,
        "Actual Startup Time": 2985.388,
        "Actual Total Time": 2985.438,
        "Actual Rows": 21392,
        "Actual Loops": 4,
        "Hash Buckets": 32768,
        "Original Hash Buckets": 32768,
        "Hash Batches": 256,
        "Original Hash Batches": 256,
        "Peak Memory Usage": 320,
        "Plans": [
          {
            "Node Type": "Hash Join",
            "Parent Relationship": "Outer",
            "Parallel Aware": true,
            "Join Type": "Inner",
            "Startup Cost": 57935.31,
            "Total Cost": 422911.69,
            "Plan Rows": 544306,
            "Plan Width": 151,
            "Actual Startup Time": 2732.826,
            "Actual Total Time": 2958.266,
            "Actual Rows": 21392,
            "Actual Loops": 4,
            "Inner Unique": true,
            "Hash Cond": "(ci.movie_id = t.id)",
            "Plans": [
              {
                "Node Type": "Seq Scan",
                "Parent Relationship": "Outer",
                "Parallel Aware": true,
                "Relation Name": "cast_info",
                "Alias": "ci",
                "Startup Cost": 0.0,
                "Total Cost": 342649.36,
                "Plan Rows": 666292,
                "Plan Width": 56,
                "Actual Startup Time": 2126.838,
                "Actual Total Time": 2151.901,
                "Actual Rows": 26315,
                "Actual Loops": 4,
                "Filter": "((person_id < 3035842) AND (role_id > 10))",
                "Rows Removed by Filter": 9034771
              },
              {
                "Node Type": "Hash",
                "Parent Relationship": "Inner",
                "Parallel Aware": true,
                "Startup Cost": 43916.91,
                "Total Cost": 43916.91,
                "Plan Rows": 516352,
                "Plan Width": 95,
                "Actual Startup Time": 532.051,
                "Actual Total Time": 532.054,
                "Actual Rows": 516138,
                "Actual Loops": 4,
                "Hash Buckets": 32768,
                "Original Hash Buckets": 32768,
                "Hash Batches": 128,
                "Original Hash Batches": 128,
                "Peak Memory Usage": 2208,
                "Plans": [
                  {
                    "Node Type": "Seq Scan",
                    "Parent Relationship": "Outer",
                    "Parallel Aware": true,
                    "Relation Name": "title",
                    "Alias": "t",
                    "Startup Cost": 0.0,
                    "Total Cost": 43916.91,
                    "Plan Rows": 516352,
                    "Plan Width": 95,
                    "Actual Startup Time": 0.053,
                    "Actual Total Time": 280.243,
                    "Actual Rows": 516138,
                    "Actual Loops": 4,
                    "Filter": "(production_year < 2011)",
                    "Rows Removed by Filter": 115940
                  }
                ]
              }
            ]
          }
        ]
      }
    ]
  }
}