{
  "Plan": {
    "Node Type": "Hash Join",
    "Parent Relationship": "Outer",
    "Parallel Aware": true,
    "Join Type": "Inner",
    "Startup Cost": 54454.6,
    "Total Cost": 261931.81,
    "Plan Rows": 62494,
    "Plan Width": 168,
    "Actual Startup Time": 913.412,
    "Actual Total Time": 1087.284,
    "Actual Rows": 21256,
    "Actual Loops": 6,
    "Inner Unique": true,
    "Hash Cond": "(mi.movie_id = t.id)",
    "Plans": [
      {
        "Node Type": "Seq Scan",
        "Parent Relationship": "Outer",
        "Parallel Aware": true,
        "Relation Name": "movie_info",
        "Alias": "mi",
        "Startup Cost": 0.0,
        "Total Cost": 198938.07,
        "Plan Rows": 101771,
        "Plan Width": 73,
        "Actual Startup Time": 247.151,
        "Actual Total Time": 566.679,
        "Actual Rows": 79074,
        "Actual Loops": 6,
        "Filter": "(info_type_id = 6)",
        "Rows Removed by Filter": 2393546
      },
      {
        "Node Type": "Hash",
        "Parent Relationship": "Inner",
        "Parallel Aware": true,
        "Startup Cost": 43916.91,
        "Total Cost": 43916.91,
        "Plan Rows": 388135,
        "Plan Width": 95,
        "Actual Startup Time": 294.349,
        "Actual Total Time": 294.352,
        "Actual Rows": 257211,
        "Actual Loops": 6,
        "Hash Buckets": 32768,
        "Original Hash Buckets": 32768,
        "Hash Batches": 64,
        "Original Hash Batches": 64,
        "Peak Memory Usage": 3264,
        "Plans": [
          {
            "Node Type": "Seq Scan",
            "Parent Relationship": "Outer",
            "Parallel Aware": true,
            "Relation Name": "title",
            "Alias": "t",
            "Startup Cost": 0.0,
            "Total Cost": 43916.91,
            "Plan Rows": 388135,
            "Plan Width": 95,
            "Actual Startup Time": 0.057,
            "Actual Total Time": 165.965,
            "Actual Rows": 257211,
            "Actual Loops": 6,
            "Filter": "(kind_id = 7)",
            "Rows Removed by Filter": 164175
          }
        ]
      }
    ]
  }
}