{
  "Plan": {
    "Node Type": "Hash Join",
    "Parent Relationship": "Outer",
    "Parallel Aware": true,
    "Join Type": "Inner",
    "Startup Cost": 197055.4,
    "Total Cost": 479633.33,
    "Plan Rows": 491768,
    "Plan Width": 245,
    "Actual Startup Time": 3661.248,
    "Actual Total Time": 9456.346,
    "Actual Rows": 6037142,
    "Actual Loops": 6,
    "Inner Unique": false,
    "Hash Cond": "(mi.movie_id = t.id)",
    "Plans": [
      {
        "Node Type": "Seq Scan",
        "Parent Relationship": "Outer",
        "Parallel Aware": true,
        "Relation Name": "movie_info",
        "Alias": "mi",
        "Startup Cost": 0.0,
        "Total Cost": 191549.05,
        "Plan Rows": 2955605,
        "Plan Width": 73,
        "Actual Startup Time": 0.068,
        "Actual Total Time": 731.165,
        "Actual Rows": 2472620,
        "Actual Loops": 6
      },
      {
        "Node Type": "Hash",
        "Parent Relationship": "Inner",
        "Parallel Aware": true,
        "Startup Cost": 192046.15,
        "Total Cost": 192046.15,
        "Plan Rows": 135700,
        "Plan Width": 172,
        "Actual Startup Time": 1874.38,
        "Actual Total Time": 1874.803,
        "Actual Rows": 261896,
        "Actual Loops": 6,
        "Hash Buckets": 32768,
        "Original Hash Buckets": 32768,
        "Hash Batches": 128,
        "Original Hash Batches": 32,
        "Peak Memory Usage": 4096,
        "Plans": [
          {
            "Node Type": "Hash Join",
            "Parent Relationship": "Outer",
            "Parallel Aware": true,
            "Join Type": "Inner",
            "Startup Cost": 129502.85,
            "Total Cost": 192046.15,
            "Plan Rows": 135700,
            "Plan Width": 172,
            "Actual Startup Time": 1298.476,
            "Actual Total Time": 1574.382,
            "Actual Rows": 261896,
            "Actual Loops": 6,
            "Inner Unique": false,
            "Hash Cond": "(mk.movie_id = t.id)",
            "Plans": [
              {
                "Node Type": "Seq Scan",
                "Parent Relationship": "Outer",
                "Parallel Aware": true,
                "Relation Name": "movie_keyword",
                "Alias": "mk",
                "Startup Cost": 0.0,
                "Total Cost": 42695.65,
                "Plan Rows": 1336641,
                "Plan Width": 12,
                "Actual Startup Time": 0.051,
                "Actual Total Time": 223.393,
                "Actual Rows": 689654,
                "Actual Loops": 6,
                "Filter": "(keyword_id < 44523)",
                "Rows Removed by Filter": 64334
              },
              {
                "Node Type": "Hash",
                "Parent Relationship": "Inner",
                "Parallel Aware": true,
                "Startup Cost": 127258.72,
                "Total Cost": 127258.72,
                "Plan Rows": 64170,
                "Plan Width": 160,
                "Actual Startup Time": 898.494,
                "Actual Total Time": 898.844,
                "Actual Rows": 44559,
                "Actual Loops": 6,
                "Hash Buckets": 32768,
                "Original Hash Buckets": 32768,
                "Hash Batches": 16,
                "Original Hash Batches": 16,
                "Peak Memory Usage": 3392,
                "Plans": [
                  {
                    "Node Type": "Hash Join",
                    "Parent Relationship": "Outer",
                    "Parallel Aware": true,
                    "Join Type": "Inner",
                    "Startup Cost": 77127.47,
                    "Total Cost": 127258.72,
                    "Plan Rows": 64170,
                    "Plan Width": 160,
                    "Actual Startup Time": 736.682,
                    "Actual Total Time": 860.803,
                    "Actual Rows": 44559,
                    "Actual Loops": 6,
                    "Inner Unique": false,
                    "Hash Cond": "(mc.movie_id = t.id)",
                    "Plans": [
                      {
                        "Node Type": "Seq Scan",
                        "Parent Relationship": "Outer",
                        "Parallel Aware": true,
                        "Relation Name": "movie_companies",
                        "Alias": "mc",
                        "Startup Cost": 0.0,
                        "Total Cost": 35403.82,
                        "Plan Rows": 652282,
                        "Plan Width": 40,
                        "Actual Startup Time": 0.045,
                        "Actual Total Time": 114.595,
                        "Actual Rows": 434855,
                        "Actual Loops": 6
                      },
                      {
                        "Node Type": "Hash",
                        "Parent Relationship": "Inner",
                        "Parallel Aware": true,
                        "Startup Cost": 74010.02,
                        "Total Cost": 74010.02,
                        "Plan Rows": 103636,
                        "Plan Width": 120,
                        "Actual Startup Time": 473.305,
                        "Actual Total Time": 473.628,
                        "Actual Rows": 19316,
                        "Actual Loops": 6,
                        "Hash Buckets": 32768,
                        "Original Hash Buckets": 32768,
                        "Hash Batches": 16,
                        "Original Hash Batches": 16,
                        "Peak Memory Usage": 1344,
                        "Plans": [
                          {
                            "Node Type": "Hash Join",
                            "Parent Relationship": "Outer",
                            "Parallel Aware": true,
                            "Join Type": "Inner",
                            "Startup Cost": 50128.25,
                            "Total Cost": 74010.02,
                            "Plan Rows": 103636,
                            "Plan Width": 120,
                            "Actual Startup Time": 348.803,
                            "Actual Total Time": 457.066,
                            "Actual Rows": 19316,
                            "Actual Loops": 6,
                            "Inner Unique": true,
                            "Hash Cond": "(mi_idx.movie_id = t.id)",
                            "Plans": [
                              {
                                "Node Type": "Seq Scan",
                                "Parent Relationship": "Outer",
                                "Parallel Aware": true,
                                "Relation Name": "movie_info_idx",
                                "Alias": "mi_idx",
                                "Startup Cost": 0.0,
                                "Total Cost": 15122.68,
                                "Plan Rows": 384033,
                                "Plan Width": 25,
                                "Actual Startup Time": 0.06,
                                "Actual Total Time": 67.832,
                                "Actual Rows": 153308,
                                "Actual Loops": 6,
                                "Filter": "(info_type_id < 101)",
                                "Rows Removed by Filter": 76698
                              },
                              {
                                "Node Type": "Hash",
                                "Parent Relationship": "Inner",
                                "Parallel Aware": true,
                                "Startup Cost": 45497.09,
                                "Total Cost": 45497.09,
                                "Plan Rows": 170573,
                                "Plan Width": 95,
                                "Actual Startup Time": 219.113,
                                "Actual Total Time": 219.12,
                                "Actual Rows": 123280,
                                "Actual Loops": 6,
                                "Hash Buckets": 32768,
                                "Original Hash Buckets": 32768,
                                "Hash Batches": 32,
                                "Original Hash Batches": 32,
                                "Peak Memory Usage": 3136,
                                "Plans": [
                                  {
                                    "Node Type": "Seq Scan",
                                    "Parent Relationship": "Outer",
                                    "Parallel Aware": true,
                                    "Relation Name": "title",
                                    "Alias": "t",
                                    "Startup Cost": 0.0,
                                    "Total Cost": 45497.09,
                                    "Plan Rows": 170573,
                                    "Plan Width": 95,
                                    "Actual Startup Time": 0.062,
                                    "Actual Total Time": 156.76,
                                    "Actual Rows": 123280,
                                    "Actual Loops": 6,
                                    "Filter": "((production_year > 2004) AND (kind_id = 7))",
                                    "Rows Removed by Filter": 298106
                                  }
                                ]
                              }
                            ]
                          }
                        ]
                      }
                    ]
                  }
                ]
              }
            ]
          }
        ]
      }
    ]
  }
}