{
  "Plan": {
    "Node Type": "Hash Join",
    "Parent Relationship": "Outer",
    "Parallel Aware": true,
    "Join Type": "Inner",
    "Startup Cost": 49016.39,
    "Total Cost": 325268.92,
    "Plan Rows": 606127,
    "Plan Width": 168,
    "Actual Startup Time": 1869.872,
    "Actual Total Time": 3308.641,
    "Actual Rows": 1158661,
    "Actual Loops": 6,
    "Inner Unique": true,
    "Hash Cond": "(mi.movie_id = t.id)",
    "Plans": [
      {
        "Node Type": "Seq Scan",
        "Parent Relationship": "Outer",
        "Parallel Aware": true,
        "Relation Name": "movie_info",
        "Alias": "mi",
        "Startup Cost": 0.0,
        "Total Cost": 191549.05,
        "Plan Rows": 2955605,
        "Plan Width": 73,
        "Actual Startup Time": 0.053,
        "Actual Total Time": 703.549,
        "Actual Rows": 2472620,
        "Actual Loops": 6
      },
      {
        "Node Type": "Hash",
        "Parent Relationship": "Inner",
        "Parallel Aware": true,
        "Startup Cost": 45497.09,
        "Total Cost": 45497.09,
        "Plan Rows": 129624,
        "Plan Width": 95,
        "Actual Startup Time": 205.54,
        "Actual Total Time": 205.542,
        "Actual Rows": 101589,
        "Actual Loops": 6,
        "Hash Buckets": 32768,
        "Original Hash Buckets": 32768,
        "Hash Batches": 32,
        "Original Hash Batches": 32,
        "Peak Memory Usage": 2496,
        "Plans": [
          {
            "Node Type": "Seq Scan",
            "Parent Relationship": "Outer",
            "Parallel Aware": true,
            "Relation Name": "title",
            "Alias": "t",
            "Startup Cost": 0.0,
            "Total Cost": 45497.09,
            "Plan Rows": 129624,
            "Plan Width": 95,
            "Actual Startup Time": 0.068,
            "Actual Total Time": 154.55,
            "Actual Rows": 101589,
            "Actual Loops": 6,
            "Filter": "((kind_id < 7) AND (production_year < 2005))",
            "Rows Removed by Filter": 319797
          }
        ]
      }
    ]
  }
}