{
  "Plan": {
    "Node Type": "Hash Join",
    "Parent Relationship": "Outer",
    "Parallel Aware": true,
    "Join Type": "Inner",
    "Startup Cost": 59496.64,
    "Total Cost": 117660.53,
    "Plan Rows": 501042,
    "Plan Width": 107,
    "Actual Startup Time": 690.73,
    "Actual Total Time": 1029.758,
    "Actual Rows": 257498,
    "Actual Loops": 6,
    "Inner Unique": true,
    "Hash Cond": "(mk.movie_id = t.id)",
    "Plans": [
      {
        "Node Type": "Seq Scan",
        "Parent Relationship": "Outer",
        "Parallel Aware": true,
        "Relation Name": "movie_keyword",
        "Alias": "mk",
        "Startup Cost": 0.0,
        "Total Cost": 42695.65,
        "Plan Rows": 501042,
        "Plan Width": 12,
        "Actual Startup Time": 0.064,
        "Actual Total Time": 178.257,
        "Actual Rows": 257498,
        "Actual Loops": 6,
        "Filter": "(keyword_id > 10225)",
        "Rows Removed by Filter": 496490
      },
      {
        "Node Type": "Hash",
        "Parent Relationship": "Inner",
        "Parallel Aware": true,
        "Startup Cost": 42336.73,
        "Total Cost": 42336.73,
        "Plan Rows": 632073,
        "Plan Width": 95,
        "Actual Startup Time": 399.612,
        "Actual Total Time": 399.616,
        "Actual Rows": 421385,
        "Actual Loops": 6,
        "Hash Buckets": 32768,
        "Original Hash Buckets": 32768,
        "Hash Batches": 128,
        "Original Hash Batches": 128,
        "Peak Memory Usage": 2656,
        "Plans": [
          {
            "Node Type": "Seq Scan",
            "Parent Relationship": "Outer",
            "Parallel Aware": true,
            "Relation Name": "title",
            "Alias": "t",
            "Startup Cost": 0.0,
            "Total Cost": 42336.73,
            "Plan Rows": 632073,
            "Plan Width": 95,
            "Actual Startup Time": 0.046,
            "Actual Total Time": 115.12,
            "Actual Rows": 421385,
            "Actual Loops": 6
          }
        ]
      }
    ]
  }
}