{
  "Plan": {
    "Node Type": "Hash Join",
    "Parent Relationship": "Outer",
    "Parallel Aware": true,
    "Join Type": "Inner",
    "Startup Cost": 389919.03,
    "Total Cost": 405758.41,
    "Plan Rows": 438,
    "Plan Width": 176,
    "Actual Startup Time": 3104.28,
    "Actual Total Time": 3200.713,
    "Actual Rows": 4489,
    "Actual Loops": 5,
    "Inner Unique": false,
    "Hash Cond": "(mi_idx.movie_id = t.id)",
    "Plans": [
      {
        "Node Type": "Seq Scan",
        "Parent Relationship": "Outer",
        "Parallel Aware": true,
        "Relation Name": "movie_info_idx",
        "Alias": "mi_idx",
        "Startup Cost": 0.0,
        "Total Cost": 15122.68,
        "Plan Rows": 190924,
        "Plan Width": 25,
        "Actual Startup Time": 0.244,
        "Actual Total Time": 64.757,
        "Actual Rows": 91985,
        "Actual Loops": 5,
        "Filter": "(info_type_id = 101)",
        "Rows Removed by Filter": 184022
      },
      {
        "Node Type": "Hash",
        "Parent Relationship": "Inner",
        "Parallel Aware": true,
        "Startup Cost": 389906.94,
        "Total Cost": 389906.94,
        "Plan Rows": 967,
        "Plan Width": 151,
        "Actual Startup Time": 3103.568,
        "Actual Total Time": 3103.584,
        "Actual Rows": 6813,
        "Actual Loops": 5,
        "Hash Buckets": 65536,
        "Original Hash Buckets": 8192,
        "Hash Batches": 1,
        "Original Hash Batches": 1,
        "Peak Memory Usage": 5728,
        "Plans": [
          {
            "Node Type": "Hash Join",
            "Parent Relationship": "Outer",
            "Parallel Aware": true,
            "Join Type": "Inner",
            "Startup Cost": 45508.57,
            "Total Cost": 389906.94,
            "Plan Rows": 967,
            "Plan Width": 151,
            "Actual Startup Time": 737.114,
            "Actual Total Time": 2976.044,
            "Actual Rows": 6813,
            "Actual Loops": 5,
            "Inner Unique": true,
            "Hash Cond": "(ci.movie_id = t.id)",
            "Plans": [
              {
                "Node Type": "Seq Scan",
                "Parent Relationship": "Outer",
                "Parallel Aware": true,
                "Relation Name": "cast_info",
                "Alias": "ci",
                "Startup Cost": 0.0,
                "Total Cost": 342649.36,
                "Plan Rows": 666292,
                "Plan Width": 56,
                "Actual Startup Time": 570.245,
                "Actual Total Time": 2016.75,
                "Actual Rows": 3859660,
                "Actual Loops": 5,
                "Filter": "((person_id > 1502694) AND (role_id > 1))",
                "Rows Removed by Filter": 3389209
              },
              {
                "Node Type": "Hash",
                "Parent Relationship": "Inner",
                "Parallel Aware": true,
                "Startup Cost": 45497.09,
                "Total Cost": 45497.09,
                "Plan Rows": 918,
                "Plan Width": 95,
                "Actual Startup Time": 166.174,
                "Actual Total Time": 166.178,
                "Actual Rows": 876,
                "Actual Loops": 5,
                "Hash Buckets": 4096,
                "Original Hash Buckets": 4096,
                "Hash Batches": 1,
                "Original Hash Batches": 1,
                "Peak Memory Usage": 640,
                "Plans": [
                  {
                    "Node Type": "Seq Scan",
                    "Parent Relationship": "Outer",
                    "Parallel Aware": true,
                    "Relation Name": "title",
                    "Alias": "t",
                    "Startup Cost": 0.0,
                    "Total Cost": 45497.09,
                    "Plan Rows": 918,
                    "Plan Width": 95,
                    "Actual Startup Time": 83.481,
                    "Actual Total Time": 165.426,
                    "Actual Rows": 876,
                    "Actual Loops": 5,
                    "Filter": "((kind_id = 1) AND (production_year = 1979))",
                    "Rows Removed by Filter": 504786
                  }
                ]
              }
            ]
          }
        ]
      }
    ]
  }
}