{
  "Plan": {
    "Node Type": "Hash Join",
    "Parent Relationship": "Outer",
    "Parallel Aware": true,
    "Join Type": "Inner",
    "Startup Cost": 375056.34,
    "Total Cost": 577805.74,
    "Plan Rows": 70101,
    "Plan Width": 224,
    "Actual Startup Time": 4661.539,
    "Actual Total Time": 6028.457,
    "Actual Rows": 654660,
    "Actual Loops": 6,
    "Inner Unique": false,
    "Hash Cond": "(mi.movie_id = t.id)",
    "Plans": [
      {
        "Node Type": "Seq Scan",
        "Parent Relationship": "Outer",
        "Parallel Aware": true,
        "Relation Name": "movie_info",
        "Alias": "mi",
        "Startup Cost": 0.0,
        "Total Cost": 191549.05,
        "Plan Rows": 2955605,
        "Plan Width": 73,
        "Actual Startup Time": 0.05,
        "Actual Total Time": 696.964,
        "Actual Rows": 2472620,
        "Actual Loops": 6
      },
      {
        "Node Type": "Hash",
        "Parent Relationship": "Inner",
        "Parallel Aware": true,
        "Startup Cost": 374931.41,
        "Total Cost": 374931.41,
        "Plan Rows": 9994,
        "Plan Width": 151,
        "Actual Startup Time": 3002.831,
        "Actual Total Time": 3002.838,
        "Actual Rows": 106248,
        "Actual Loops": 6,
        "Hash Buckets": 32768,
        "Original Hash Buckets": 65536,
        "Hash Batches": 32,
        "Original Hash Batches": 1,
        "Peak Memory Usage": 3104,
        "Plans": [
          {
            "Node Type": "Nested Loop",
            "Parent Relationship": "Outer",
            "Parallel Aware": false,
            "Join Type": "Inner",
            "Startup Cost": 0.43,
            "Total Cost": 374931.41,
            "Plan Rows": 9994,
            "Plan Width": 151,
            "Actual Startup Time": 1074.49,
            "Actual Total Time": 2810.719,
            "Actual Rows": 106248,
            "Actual Loops": 6,
            "Inner Unique": true,
            "Plans": [
              {
                "Node Type": "Seq Scan",
                "Parent Relationship": "Outer",
                "Parallel Aware": true,
                "Relation Name": "cast_info",
                "Alias": "ci",
                "Startup Cost": 0.0,
                "Total Cost": 342649.36,
                "Plan Rows": 9994,
                "Plan Width": 56,
                "Actual Startup Time": 1074.318,
                "Actual Total Time": 1386.18,
                "Actual Rows": 106248,
                "Actual Loops": 6,
                "Filter": "((person_id > 2861977) AND (role_id = 8))",
                "Rows Removed by Filter": 5934476
              },
              {
                "Node Type": "Index Scan",
                "Parent Relationship": "Inner",
                "Parallel Aware": false,
                "Scan Direction": "Forward",
                "Index Name": "title_pkey",
                "Relation Name": "title",
                "Alias": "t",
                "Startup Cost": 0.43,
                "Total Cost": 3.23,
                "Plan Rows": 1,
                "Plan Width": 95,
                "Actual Startup Time": 0.012,
                "Actual Total Time": 0.012,
                "Actual Rows": 1,
                "Actual Loops": 637488,
                "Index Cond": "(id = ci.movie_id)",
                "Rows Removed by Index Recheck": 0
              }
            ]
          }
        ]
      }
    ]
  }
}