{"Plan": {"Node Type": "Hash Join", "Parallel Aware": false, "Join Type": "Inner", "Startup Cost": 129938.55, "Total Cost": 718150.02, "Plan Rows": 7297944, "Plan Width": 168, "Actual Startup Time": 2072.324, "Actual Total Time": 15018.825, "Actual Rows": 7286865, "Actual Loops": 1, "Inner Unique": true, "Hash Cond": "(mi.movie_id = t.id)", "Plans": [{"Node Type": "Seq Scan", "Parent Relationship": "Outer", "Parallel Aware": false, "Relation Name": "movie_info", "Alias": "mi", "Startup Cost": 0.0, "Total Cost": 346718.34, "Plan Rows": 7297944, "Plan Width": 73, "Actual Startup Time": 0.089, "Actual Total Time": 4144.371, "Actual Rows": 7286865, "Actual Loops": 1, "Filter": "(info_type_id < 8)", "Rows Removed by Filter": 7548855}, {"Node Type": "Hash", "Parent Relationship": "Inner", "Parallel Aware": false, "Startup Cost": 61298.91, "Total Cost": 61298.91, "Plan Rows": 2528291, "Plan Width": 95, "Actual Startup Time": 2066.107, "Actual Total Time": 2066.111, "Actual Rows": 2528312, "Actual Loops": 1, "Hash Buckets": 32768, "Original Hash Buckets": 32768, "Hash Batches": 128, "Original Hash Batches": 128, "Peak Memory Usage": 2453, "Plans": [{"Node Type": "Seq Scan", "Parent Relationship": "Outer", "Parallel Aware": false, "Relation Name": "title", "Alias": "t", "Startup Cost": 0.0, "Total Cost": 61298.91, "Plan Rows": 2528291, "Plan Width": 95, "Actual Startup Time": 0.026, "Actual Total Time": 722.558, "Actual Rows": 2528312, "Actual Loops": 1}]}]}, "Planning Time": 1.402, "Triggers": [], "Execution Time": 15418.114}