{"Plan": {"Node Type": "Gather", "Parallel Aware": false, "Startup Cost": 89528.16, "Total Cost": 297192.93, "Plan Rows": 50656, "Plan Width": 180, "Actual Startup Time": 457.71, "Actual Total Time": 1254.857, "Actual Rows": 69264, "Actual Loops": 1, "Workers Planned": 5, "Workers Launched": 5, "Single Copy": false, "Plans": [{"Node Type": "Hash Join", "Parent Relationship": "Outer", "Parallel Aware": true, "Join Type": "Inner", "Startup Cost": 88528.16, "Total Cost": 291127.33, "Plan Rows": 10131, "Plan Width": 180, "Actual Startup Time": 451.126, "Actual Total Time": 1234.628, "Actual Rows": 11544, "Actual Loops": 6, "Inner Unique": false, "Hash Cond": "(mi.movie_id = t.id)", "Plans": [{"Node Type": "Seq Scan", "Parent Relationship": "Outer", "Parallel Aware": true, "Relation Name": "movie_info", "Alias": "mi", "Startup Cost": 0.0, "Total Cost": 198938.07, "Plan Rows": 967579, "Plan Width": 73, "Actual Startup Time": 20.92, "Actual Total Time": 629.765, "Actual Rows": 820661, "Actual Loops": 6, "Filter": "(info_type_id < 5)", "Rows Removed by Filter": 1651959}, {"Node Type": "Hash", "Parent Relationship": "Inner", "Parallel Aware": true, "Startup Cost": 88421.41, "Total Cost": 88421.41, "Plan Rows": 8540, "Plan Width": 107, "Actual Startup Time": 429.472, "Actual Total Time": 429.485, "Actual Rows": 2767, "Actual Loops": 6, "Hash Buckets": 32768, "Original Hash Buckets": 32768, "Hash Batches": 1, "Original Hash Batches": 1, "Peak Memory Usage": 2496, "Plans": [{"Node Type": "Hash Join", "Parent Relationship": "Outer", "Parallel Aware": true, "Join Type": "Inner", "Startup Cost": 45543.33, "Total Cost": 88421.41, "Plan Rows": 8540, "Plan Width": 107, "Actual Startup Time": 141.673, "Actual Total Time": 426.529, "Actual Rows": 2767, "Actual Loops": 6, "Inner Unique": true, "Hash Cond": "(mk.movie_id = t.id)", "Plans": [{"Node Type": "Seq Scan", "Parent Relationship": "Outer", "Parallel Aware": true, "Relation Name": "movie_keyword", "Alias": "mk", "Startup Cost": 0.0, "Total Cost": 39047.32, "Plan Rows": 1459332, "Plan Width": 12, "Actual Startup Time": 0.056, "Actual Total Time": 133.331, "Actual Rows": 753988, "Actual Loops": 6}, {"Node Type": "Hash", "Parent Relationship": "Inner", "Parallel Aware": true, "Startup Cost": 45497.09, "Total Cost": 45497.09, "Plan Rows": 3699, "Plan Width": 95, "Actual Startup Time": 139.924, "Actual Total Time": 139.926, "Actual Rows": 2500, "Actual Loops": 6, "Hash Buckets": 16384, "Original Hash Buckets": 16384, "Hash Batches": 1, "Original Hash Batches": 1, "Peak Memory Usage": 1984, "Plans": [{"Node Type": "Seq Scan", "Parent Relationship": "Outer", "Parallel Aware": true, "Relation Name": "title", "Alias": "t", "Startup Cost": 0.0, "Total Cost": 45497.09, "Plan Rows": 3699, "Plan Width": 95, "Actual Startup Time": 0.092, "Actual Total Time": 137.841, "Actual Rows": 2500, "Actual Loops": 6, "Filter": "((kind_id > 1) AND (production_year = 1988))", "Rows Removed by Filter": 418885}]}]}]}]}]}, "Planning Time": 1.799, "Triggers": [], "Execution Time": 1259.138}