{"Plan": {"Node Type": "Gather", "Parallel Aware": false, "Startup Cost": 1000.0, "Total Cost": 69542.79, "Plan Rows": 230457, "Plan Width": 95, "Actual Startup Time": 86.186, "Actual Total Time": 215.327, "Actual Rows": 353075, "Actual Loops": 1, "Workers Planned": 4, "Workers Launched": 4, "Single Copy": false, "Plans": [{"Node Type": "Seq Scan", "Parent Relationship": "Outer", "Parallel Aware": true, "Relation Name": "title", "Alias": "t", "Startup Cost": 0.0, "Total Cost": 45497.09, "Plan Rows": 57614, "Plan Width": 95, "Actual Startup Time": 81.156, "Actual Total Time": 172.374, "Actual Rows": 70615, "Actual Loops": 5, "Filter": "((production_year < 1997) AND (kind_id = 1))", "Rows Removed by Filter": 435047}]}, "Planning Time": 0.838, "Triggers": [], "Execution Time": 235.888}