{"Plan": {"Node Type": "Gather", "Parallel Aware": false, "Startup Cost": 97305.76, "Total Cost": 245192.11, "Plan Rows": 951955, "Plan Width": 160, "Actual Startup Time": 1305.769, "Actual Total Time": 2563.031, "Actual Rows": 2718195, "Actual Loops": 1, "Workers Planned": 4, "Workers Launched": 4, "Single Copy": false, "Plans": [{"Node Type": "Hash Join", "Parent Relationship": "Outer", "Parallel Aware": true, "Join Type": "Inner", "Startup Cost": 96305.76, "Total Cost": 148996.61, "Plan Rows": 237989, "Plan Width": 160, "Actual Startup Time": 1298.468, "Actual Total Time": 1852.59, "Actual Rows": 543639, "Actual Loops": 5, "Inner Unique": false, "Hash Cond": "(mc.movie_id = t.id)", "Plans": [{"Node Type": "Seq Scan", "Parent Relationship": "Outer", "Parallel Aware": true, "Relation Name": "movie_companies", "Alias": "mc", "Startup Cost": 0.0, "Total Cost": 35403.82, "Plan Rows": 652282, "Plan Width": 40, "Actual Startup Time": 0.052, "Actual Total Time": 141.277, "Actual Rows": 521826, "Actual Loops": 5}, {"Node Type": "Hash", "Parent Relationship": "Inner", "Parallel Aware": true, "Startup Cost": 89369.07, "Total Cost": 89369.07, "Plan Rows": 230615, "Plan Width": 120, "Actual Startup Time": 971.031, "Actual Total Time": 971.05, "Actual Rows": 184022, "Actual Loops": 5, "Hash Buckets": 32768, "Original Hash Buckets": 32768, "Hash Batches": 64, "Original Hash Batches": 64, "Peak Memory Usage": 2240, "Plans": [{"Node Type": "Hash Join", "Parent Relationship": "Outer", "Parallel Aware": true, "Join Type": "Inner", "Startup Cost": 22555.17, "Total Cost": 89369.07, "Plan Rows": 230615, "Plan Width": 120, "Actual Startup Time": 537.03, "Actual Total Time": 841.973, "Actual Rows": 184022, "Actual Loops": 5, "Inner Unique": false, "Hash Cond": "(t.id = mi_idx.movie_id)", "Plans": [{"Node Type": "Seq Scan", "Parent Relationship": "Outer", "Parallel Aware": true, "Relation Name": "title", "Alias": "t", "Startup Cost": 0.0, "Total Cost": 42336.73, "Plan Rows": 632073, "Plan Width": 95, "Actual Startup Time": 0.054, "Actual Total Time": 147.843, "Actual Rows": 505662, "Actual Loops": 5}, {"Node Type": "Hash", "Parent Relationship": "Inner", "Parallel Aware": true, "Startup Cost": 15122.68, "Total Cost": 15122.68, "Plan Rows": 384359, "Plan Width": 25, "Actual Startup Time": 131.86, "Actual Total Time": 131.863, "Actual Rows": 184022, "Actual Loops": 5, "Hash Buckets": 65536, "Original Hash Buckets": 65536, "Hash Batches": 32, "Original Hash Batches": 32, "Peak Memory Usage": 1920, "Plans": [{"Node Type": "Seq Scan", "Parent Relationship": "Outer", "Parallel Aware": true, "Relation Name": "movie_info_idx", "Alias": "mi_idx", "Startup Cost": 0.0, "Total Cost": 15122.68, "Plan Rows": 384359, "Plan Width": 25, "Actual Startup Time": 0.055, "Actual Total Time": 79.63, "Actual Rows": 184022, "Actual Loops": 5, "Filter": "(info_type_id > 99)", "Rows Removed by Filter": 91985}]}]}]}]}]}, "Planning Time": 1.801, "Triggers": [], "Execution Time": 2721.864}