{"Plan": {"Node Type": "Hash Join", "Parallel Aware": false, "Join Type": "Inner", "Startup Cost": 129938.55, "Total Cost": 274553.6, "Plan Rows": 2144730, "Plan Width": 107, "Actual Startup Time": 2073.58, "Actual Total Time": 6000.062, "Actual Rows": 2156169, "Actual Loops": 1, "Inner Unique": true, "Hash Cond": "(mk.movie_id = t.id)", "Plans": [{"Node Type": "Seq Scan", "Parent Relationship": "Outer", "Parallel Aware": false, "Relation Name": "movie_keyword", "Alias": "mk", "Startup Cost": 0.0, "Total Cost": 81003.12, "Plan Rows": 2144730, "Plan Width": 12, "Actual Startup Time": 0.064, "Actual Total Time": 1106.926, "Actual Rows": 2156169, "Actual Loops": 1, "Filter": "(keyword_id < 4089)", "Rows Removed by Filter": 2367761}, {"Node Type": "Hash", "Parent Relationship": "Inner", "Parallel Aware": false, "Startup Cost": 61298.91, "Total Cost": 61298.91, "Plan Rows": 2528291, "Plan Width": 95, "Actual Startup Time": 2068.574, "Actual Total Time": 2068.577, "Actual Rows": 2528312, "Actual Loops": 1, "Hash Buckets": 32768, "Original Hash Buckets": 32768, "Hash Batches": 128, "Original Hash Batches": 128, "Peak Memory Usage": 2453, "Plans": [{"Node Type": "Seq Scan", "Parent Relationship": "Outer", "Parallel Aware": false, "Relation Name": "title", "Alias": "t", "Startup Cost": 0.0, "Total Cost": 61298.91, "Plan Rows": 2528291, "Plan Width": 95, "Actual Startup Time": 0.035, "Actual Total Time": 640.923, "Actual Rows": 2528312, "Actual Loops": 1}]}]}, "Planning Time": 1.313, "Triggers": [], "Execution Time": 6117.577}