{"Plan": {"Node Type": "Gather", "Parallel Aware": false, "Startup Cost": 1000.0, "Total Cost": 56639.71, "Plan Rows": 117228, "Plan Width": 95, "Actual Startup Time": 0.696, "Actual Total Time": 196.18, "Actual Rows": 119565, "Actual Loops": 1, "Workers Planned": 4, "Workers Launched": 4, "Single Copy": false, "Plans": [{"Node Type": "Seq Scan", "Parent Relationship": "Outer", "Parallel Aware": true, "Relation Name": "title", "Alias": "t", "Startup Cost": 0.0, "Total Cost": 43916.91, "Plan Rows": 29307, "Plan Width": 95, "Actual Startup Time": 0.065, "Actual Total Time": 171.478, "Actual Rows": 23913, "Actual Loops": 5, "Filter": "(production_year = 2007)", "Rows Removed by Filter": 481749}]}, "Planning Time": 0.912, "Triggers": [], "Execution Time": 203.372}