{"Plan": {"Node Type": "Gather", "Parallel Aware": false, "Startup Cost": 127923.81, "Total Cost": 567844.1, "Plan Rows": 1043320, "Plan Width": 203, "Actual Startup Time": 534.134, "Actual Total Time": 3220.497, "Actual Rows": 1084056, "Actual Loops": 1, "Workers Planned": 6, "Workers Launched": 6, "Single Copy": false, "Plans": [{"Node Type": "Hash Join", "Parent Relationship": "Outer", "Parallel Aware": true, "Join Type": "Inner", "Startup Cost": 126923.81, "Total Cost": 462512.1, "Plan Rows": 173887, "Plan Width": 203, "Actual Startup Time": 529.165, "Actual Total Time": 2905.308, "Actual Rows": 154865, "Actual Loops": 7, "Inner Unique": false, "Hash Cond": "(ci.movie_id = t.id)", "Plans": [{"Node Type": "Seq Scan", "Parent Relationship": "Outer", "Parallel Aware": true, "Relation Name": "cast_info", "Alias": "ci", "Startup Cost": 0.0, "Total Cost": 312666.24, "Plan Rows": 5996624, "Plan Width": 56, "Actual Startup Time": 0.05, "Actual Total Time": 914.492, "Actual Rows": 5177763, "Actual Loops": 7}, {"Node Type": "Hash", "Parent Relationship": "Inner", "Parallel Aware": true, "Startup Cost": 126694.71, "Total Cost": 126694.71, "Plan Rows": 18328, "Plan Width": 147, "Actual Startup Time": 525.761, "Actual Total Time": 525.881, "Actual Rows": 2481, "Actual Loops": 7, "Hash Buckets": 131072, "Original Hash Buckets": 131072, "Hash Batches": 1, "Original Hash Batches": 1, "Peak Memory Usage": 3936, "Plans": [{"Node Type": "Hash Join", "Parent Relationship": "Outer", "Parallel Aware": true, "Join Type": "Inner", "Startup Cost": 88785.71, "Total Cost": 126694.71, "Plan Rows": 18328, "Plan Width": 147, "Actual Startup Time": 376.147, "Actual Total Time": 523.166, "Actual Rows": 2481, "Actual Loops": 7, "Inner Unique": false, "Hash Cond": "(mc.movie_id = t.id)", "Plans": [{"Node Type": "Seq Scan", "Parent Relationship": "Outer", "Parallel Aware": true, "Relation Name": "movie_companies", "Alias": "mc", "Startup Cost": 0.0, "Total Cost": 35403.82, "Plan Rows": 652282, "Plan Width": 40, "Actual Startup Time": 0.057, "Actual Total Time": 73.097, "Actual Rows": 372733, "Actual Loops": 7}, {"Node Type": "Hash", "Parent Relationship": "Inner", "Parallel Aware": true, "Startup Cost": 88499.25, "Total Cost": 88499.25, "Plan Rows": 22917, "Plan Width": 107, "Actual Startup Time": 366.015, "Actual Total Time": 366.125, "Actual Rows": 1258, "Actual Loops": 7, "Hash Buckets": 131072, "Original Hash Buckets": 131072, "Hash Batches": 1, "Original Hash Batches": 1, "Peak Memory Usage": 2336, "Plans": [{"Node Type": "Hash Join", "Parent Relationship": "Outer", "Parallel Aware": true, "Join Type": "Inner", "Startup Cost": 45621.17, "Total Cost": 88499.25, "Plan Rows": 22917, "Plan Width": 107, "Actual Startup Time": 222.343, "Actual Total Time": 364.736, "Actual Rows": 1258, "Actual Loops": 7, "Inner Unique": true, "Hash Cond": "(mk.movie_id = t.id)", "Plans": [{"Node Type": "Seq Scan", "Parent Relationship": "Outer", "Parallel Aware": true, "Relation Name": "movie_keyword", "Alias": "mk", "Startup Cost": 0.0, "Total Cost": 39047.32, "Plan Rows": 1459332, "Plan Width": 12, "Actual Startup Time": 0.051, "Actual Total Time": 114.794, "Actual Rows": 646276, "Actual Loops": 7}, {"Node Type": "Hash", "Parent Relationship": "Inner", "Parallel Aware": true, "Startup Cost": 45497.09, "Total Cost": 45497.09, "Plan Rows": 9926, "Plan Width": 95, "Actual Startup Time": 119.95, "Actual Total Time": 119.953, "Actual Rows": 5751, "Actual Loops": 7, "Hash Buckets": 65536, "Original Hash Buckets": 65536, "Hash Batches": 1, "Original Hash Batches": 1, "Peak Memory Usage": 5440, "Plans": [{"Node Type": "Seq Scan", "Parent Relationship": "Outer", "Parallel Aware": true, "Relation Name": "title", "Alias": "t", "Startup Cost": 0.0, "Total Cost": 45497.09, "Plan Rows": 9926, "Plan Width": 95, "Actual Startup Time": 0.073, "Actual Total Time": 116.162, "Actual Rows": 5751, "Actual Loops": 7, "Filter": "((production_year > 2012) AND (kind_id = 7))", "Rows Removed by Filter": 355436}]}]}]}]}]}]}]}, "Planning Time": 2.284, "Triggers": [], "Execution Time": 3283.596}