{"Plan": {"Node Type": "Gather", "Parallel Aware": false, "Startup Cost": 398156.48, "Total Cost": 442680.25, "Plan Rows": 39, "Plan Width": 228, "Actual Startup Time": 2778.291, "Actual Total Time": 2784.627, "Actual Rows": 21, "Actual Loops": 1, "Workers Planned": 3, "Workers Launched": 3, "Single Copy": false, "Plans": [{"Node Type": "Hash Join", "Parent Relationship": "Outer", "Parallel Aware": true, "Join Type": "Inner", "Startup Cost": 397156.48, "Total Cost": 441676.35, "Plan Rows": 13, "Plan Width": 228, "Actual Startup Time": 2609.168, "Actual Total Time": 2771.846, "Actual Rows": 5, "Actual Loops": 4, "Inner Unique": false, "Hash Cond": "(mk.movie_id = t.id)", "Plans": [{"Node Type": "Seq Scan", "Parent Relationship": "Outer", "Parallel Aware": true, "Relation Name": "movie_keyword", "Alias": "mk", "Startup Cost": 0.0, "Total Cost": 39047.32, "Plan Rows": 1459332, "Plan Width": 12, "Actual Startup Time": 0.08, "Actual Total Time": 202.77, "Actual Rows": 1130982, "Actual Loops": 4}, {"Node Type": "Hash", "Parent Relationship": "Inner", "Parallel Aware": true, "Startup Cost": 397156.37, "Total Cost": 397156.37, "Plan Rows": 9, "Plan Width": 216, "Actual Startup Time": 2372.899, "Actual Total Time": 2372.946, "Actual Rows": 8, "Actual Loops": 4, "Hash Buckets": 1024, "Original Hash Buckets": 1024, "Hash Batches": 1, "Original Hash Batches": 1, "Peak Memory Usage": 104, "Plans": [{"Node Type": "Hash Join", "Parent Relationship": "Outer", "Parallel Aware": true, "Join Type": "Inner", "Startup Cost": 381314.9, "Total Cost": 397156.37, "Plan Rows": 9, "Plan Width": 216, "Actual Startup Time": 2306.272, "Actual Total Time": 2372.793, "Actual Rows": 8, "Actual Loops": 4, "Inner Unique": false, "Hash Cond": "(mi_idx.movie_id = t.id)", "Plans": [{"Node Type": "Seq Scan", "Parent Relationship": "Outer", "Parallel Aware": true, "Relation Name": "movie_info_idx", "Alias": "mi_idx", "Startup Cost": 0.0, "Total Cost": 13685.15, "Plan Rows": 575015, "Plan Width": 25, "Actual Startup Time": 0.072, "Actual Total Time": 81.415, "Actual Rows": 345009, "Actual Loops": 4}, {"Node Type": "Hash", "Parent Relationship": "Inner", "Parallel Aware": true, "Startup Cost": 381314.77, "Total Cost": 381314.77, "Plan Rows": 10, "Plan Width": 191, "Actual Startup Time": 2217.245, "Actual Total Time": 2217.28, "Actual Rows": 3, "Actual Loops": 4, "Hash Buckets": 1024, "Original Hash Buckets": 1024, "Hash Batches": 1, "Original Hash Batches": 1, "Peak Memory Usage": 136, "Plans": [{"Node Type": "Hash Join", "Parent Relationship": "Outer", "Parallel Aware": true, "Join Type": "Inner", "Startup Cost": 343881.97, "Total Cost": 381314.77, "Plan Rows": 10, "Plan Width": 191, "Actual Startup Time": 2072.04, "Actual Total Time": 2217.098, "Actual Rows": 3, "Actual Loops": 4, "Inner Unique": false, "Hash Cond": "(mc.movie_id = t.id)", "Plans": [{"Node Type": "Seq Scan", "Parent Relationship": "Outer", "Parallel Aware": true, "Relation Name": "movie_companies", "Alias": "mc", "Startup Cost": 0.0, "Total Cost": 37034.53, "Plan Rows": 106200, "Plan Width": 40, "Actual Startup Time": 14.795, "Actual Total Time": 184.392, "Actual Rows": 105082, "Actual Loops": 4, "Filter": "(company_id > 80011)", "Rows Removed by Filter": 547200}, {"Node Type": "Hash", "Parent Relationship": "Inner", "Parallel Aware": true, "Startup Cost": 343881.49, "Total Cost": 343881.49, "Plan Rows": 39, "Plan Width": 151, "Actual Startup Time": 2018.233, "Actual Total Time": 2018.258, "Actual Rows": 6, "Actual Loops": 4, "Hash Buckets": 1024, "Original Hash Buckets": 1024, "Hash Batches": 1, "Original Hash Batches": 1, "Peak Memory Usage": 40, "Plans": [{"Node Type": "Nested Loop", "Parent Relationship": "Outer", "Parallel Aware": false, "Join Type": "Inner", "Startup Cost": 0.43, "Total Cost": 343881.49, "Plan Rows": 39, "Plan Width": 151, "Actual Startup Time": 1576.163, "Actual Total Time": 2017.906, "Actual Rows": 6, "Actual Loops": 4, "Inner Unique": true, "Plans": [{"Node Type": "Seq Scan", "Parent Relationship": "Outer", "Parallel Aware": true, "Relation Name": "cast_info", "Alias": "ci", "Startup Cost": 0.0, "Total Cost": 342649.36, "Plan Rows": 150, "Plan Width": 56, "Actual Startup Time": 692.625, "Actual Total Time": 2016.527, "Actual Rows": 68, "Actual Loops": 4, "Filter": "((person_id = 613664) AND (role_id = 1))", "Rows Removed by Filter": 9061018}, {"Node Type": "Index Scan", "Parent Relationship": "Inner", "Parallel Aware": false, "Scan Direction": "Forward", "Index Name": "title_pkey", "Relation Name": "title", "Alias": "t", "Startup Cost": 0.43, "Total Cost": 8.21, "Plan Rows": 1, "Plan Width": 95, "Actual Startup Time": 0.019, "Actual Total Time": 0.019, "Actual Rows": 0, "Actual Loops": 270, "Index Cond": "(id = ci.movie_id)", "Rows Removed by Index Recheck": 0, "Filter": "(kind_id < 2)", "Rows Removed by Filter": 1}]}]}]}]}]}]}]}]}, "Planning Time": 3.643, "Triggers": [], "Execution Time": 2785.116}