{"Plan": {"Node Type": "Gather", "Parallel Aware": false, "Startup Cost": 46657.37, "Total Cost": 250403.99, "Plan Rows": 38199, "Plan Width": 168, "Actual Startup Time": 153.463, "Actual Total Time": 823.349, "Actual Rows": 17266, "Actual Loops": 1, "Workers Planned": 5, "Workers Launched": 5, "Single Copy": false, "Plans": [{"Node Type": "Hash Join", "Parent Relationship": "Outer", "Parallel Aware": true, "Join Type": "Inner", "Startup Cost": 45657.37, "Total Cost": 245584.09, "Plan Rows": 7640, "Plan Width": 168, "Actual Startup Time": 147.819, "Actual Total Time": 809.271, "Actual Rows": 2878, "Actual Loops": 6, "Inner Unique": true, "Hash Cond": "(mi.movie_id = t.id)", "Plans": [{"Node Type": "Seq Scan", "Parent Relationship": "Outer", "Parallel Aware": true, "Relation Name": "movie_info", "Alias": "mi", "Startup Cost": 0.0, "Total Cost": 198938.07, "Plan Rows": 376630, "Plan Width": 73, "Actual Startup Time": 0.13, "Actual Total Time": 579.24, "Actual Rows": 310939, "Actual Loops": 6, "Filter": "(info_type_id > 17)", "Rows Removed by Filter": 2161681}, {"Node Type": "Hash", "Parent Relationship": "Inner", "Parallel Aware": true, "Startup Cost": 45497.09, "Total Cost": 45497.09, "Plan Rows": 12822, "Plan Width": 95, "Actual Startup Time": 146.87, "Actual Total Time": 146.871, "Actual Rows": 9499, "Actual Loops": 6, "Hash Buckets": 65536, "Original Hash Buckets": 65536, "Hash Batches": 1, "Original Hash Batches": 1, "Peak Memory Usage": 7328, "Plans": [{"Node Type": "Seq Scan", "Parent Relationship": "Outer", "Parallel Aware": true, "Relation Name": "title", "Alias": "t", "Startup Cost": 0.0, "Total Cost": 45497.09, "Plan Rows": 12822, "Plan Width": 95, "Actual Startup Time": 0.044, "Actual Total Time": 140.835, "Actual Rows": 9499, "Actual Loops": 6, "Filter": "((kind_id > 1) AND (production_year = 2003))", "Rows Removed by Filter": 411886}]}]}]}, "Planning Time": 1.476, "Triggers": [], "Execution Time": 824.583}