{"Plan": {"Node Type": "Gather", "Parallel Aware": false, "Startup Cost": 246858.52, "Total Cost": 287299.67, "Plan Rows": 21376, "Plan Width": 208, "Actual Startup Time": 1024.141, "Actual Total Time": 1309.822, "Actual Rows": 186944, "Actual Loops": 1, "Workers Planned": 4, "Workers Launched": 4, "Single Copy": false, "Plans": [{"Node Type": "Hash Join", "Parent Relationship": "Outer", "Parallel Aware": true, "Join Type": "Inner", "Startup Cost": 245858.52, "Total Cost": 284162.07, "Plan Rows": 5344, "Plan Width": 208, "Actual Startup Time": 1017.974, "Actual Total Time": 1259.182, "Actual Rows": 37389, "Actual Loops": 5, "Inner Unique": false, "Hash Cond": "(mc.movie_id = t.id)", "Plans": [{"Node Type": "Seq Scan", "Parent Relationship": "Outer", "Parallel Aware": true, "Relation Name": "movie_companies", "Alias": "mc", "Startup Cost": 0.0, "Total Cost": 37034.53, "Plan Rows": 335556, "Plan Width": 40, "Actual Startup Time": 6.132, "Actual Total Time": 139.394, "Actual Rows": 266977, "Actual Loops": 5, "Filter": "(company_type_id > 1)", "Rows Removed by Filter": 254849}, {"Node Type": "Hash", "Parent Relationship": "Inner", "Parallel Aware": true, "Startup Cost": 245757.86, "Total Cost": 245757.86, "Plan Rows": 8053, "Plan Width": 168, "Actual Startup Time": 1011.201, "Actual Total Time": 1011.666, "Actual Rows": 15656, "Actual Loops": 5, "Hash Buckets": 131072, "Original Hash Buckets": 65536, "Hash Batches": 1, "Original Hash Batches": 1, "Peak Memory Usage": 20480, "Plans": [{"Node Type": "Hash Join", "Parent Relationship": "Outer", "Parallel Aware": true, "Join Type": "Inner", "Startup Cost": 45638.47, "Total Cost": 245757.86, "Plan Rows": 8053, "Plan Width": 168, "Actual Startup Time": 169.294, "Actual Total Time": 982.338, "Actual Rows": 15656, "Actual Loops": 5, "Inner Unique": true, "Hash Cond": "(mi.movie_id = t.id)", "Plans": [{"Node Type": "Seq Scan", "Parent Relationship": "Outer", "Parallel Aware": true, "Relation Name": "movie_info", "Alias": "mi", "Startup Cost": 0.0, "Total Cost": 198938.07, "Plan Rows": 450028, "Plan Width": 73, "Actual Startup Time": 0.049, "Actual Total Time": 706.163, "Actual Rows": 446770, "Actual Loops": 5, "Filter": "(info_type_id > 16)", "Rows Removed by Filter": 2520374}, {"Node Type": "Hash", "Parent Relationship": "Inner", "Parallel Aware": true, "Startup Cost": 45497.09, "Total Cost": 45497.09, "Plan Rows": 11310, "Plan Width": 95, "Actual Startup Time": 168.828, "Actual Total Time": 168.83, "Actual Rows": 7098, "Actual Loops": 5, "Hash Buckets": 65536, "Original Hash Buckets": 65536, "Hash Batches": 1, "Original Hash Batches": 1, "Peak Memory Usage": 4608, "Plans": [{"Node Type": "Seq Scan", "Parent Relationship": "Outer", "Parallel Aware": true, "Relation Name": "title", "Alias": "t", "Startup Cost": 0.0, "Total Cost": 45497.09, "Plan Rows": 11310, "Plan Width": 95, "Actual Startup Time": 0.188, "Actual Total Time": 163.488, "Actual Rows": 7098, "Actual Loops": 5, "Filter": "((kind_id < 7) AND (production_year = 2007))", "Rows Removed by Filter": 498565}]}]}]}]}]}, "Planning Time": 1.833, "Triggers": [], "Execution Time": 1320.999}