{"Plan": {"Node Type": "Hash Join", "Parallel Aware": false, "Join Type": "Inner", "Startup Cost": 104914.9, "Total Cost": 247376.54, "Plan Rows": 2041480, "Plan Width": 107, "Actual Startup Time": 1472.272, "Actual Total Time": 5311.961, "Actual Rows": 1143082, "Actual Loops": 1, "Inner Unique": true, "Hash Cond": "(mk.movie_id = t.id)", "Plans": [{"Node Type": "Seq Scan", "Parent Relationship": "Outer", "Parallel Aware": false, "Relation Name": "movie_keyword", "Alias": "mk", "Startup Cost": 0.0, "Total Cost": 69693.3, "Plan Rows": 4523930, "Plan Width": 12, "Actual Startup Time": 0.056, "Actual Total Time": 938.066, "Actual Rows": 4523930, "Actual Loops": 1}, {"Node Type": "Hash", "Parent Relationship": "Inner", "Parallel Aware": false, "Startup Cost": 73940.36, "Total Cost": 73940.36, "Plan Rows": 1140923, "Plan Width": 95, "Actual Startup Time": 1464.766, "Actual Total Time": 1464.769, "Actual Rows": 1095581, "Actual Loops": 1, "Hash Buckets": 32768, "Original Hash Buckets": 32768, "Hash Batches": 64, "Original Hash Batches": 64, "Peak Memory Usage": 2210, "Plans": [{"Node Type": "Seq Scan", "Parent Relationship": "Outer", "Parallel Aware": false, "Relation Name": "title", "Alias": "t", "Startup Cost": 0.0, "Total Cost": 73940.36, "Plan Rows": 1140923, "Plan Width": 95, "Actual Startup Time": 0.09, "Actual Total Time": 969.054, "Actual Rows": 1095581, "Actual Loops": 1, "Filter": "((kind_id > 1) AND (production_year < 2007))", "Rows Removed by Filter": 1432731}]}]}, "Planning Time": 1.315, "Triggers": [], "Execution Time": 5374.195}