{"Plan": {"Node Type": "Hash Join", "Parallel Aware": false, "Join Type": "Inner", "Startup Cost": 129938.55, "Total Cost": 292723.19, "Plan Rows": 4523930, "Plan Width": 107, "Actual Startup Time": 2191.737, "Actual Total Time": 8068.331, "Actual Rows": 4523930, "Actual Loops": 1, "Inner Unique": true, "Hash Cond": "(mk.movie_id = t.id)", "Plans": [{"Node Type": "Seq Scan", "Parent Relationship": "Outer", "Parallel Aware": false, "Relation Name": "movie_keyword", "Alias": "mk", "Startup Cost": 0.0, "Total Cost": 69693.3, "Plan Rows": 4523930, "Plan Width": 12, "Actual Startup Time": 0.072, "Actual Total Time": 958.024, "Actual Rows": 4523930, "Actual Loops": 1}, {"Node Type": "Hash", "Parent Relationship": "Inner", "Parallel Aware": false, "Startup Cost": 61298.91, "Total Cost": 61298.91, "Plan Rows": 2528291, "Plan Width": 95, "Actual Startup Time": 2185.974, "Actual Total Time": 2185.975, "Actual Rows": 2528312, "Actual Loops": 1, "Hash Buckets": 32768, "Original Hash Buckets": 32768, "Hash Batches": 128, "Original Hash Batches": 128, "Peak Memory Usage": 2453, "Plans": [{"Node Type": "Seq Scan", "Parent Relationship": "Outer", "Parallel Aware": false, "Relation Name": "title", "Alias": "t", "Startup Cost": 0.0, "Total Cost": 61298.91, "Plan Rows": 2528291, "Plan Width": 95, "Actual Startup Time": 0.029, "Actual Total Time": 635.128, "Actual Rows": 2528312, "Actual Loops": 1}]}]}, "Planning Time": 1.333, "Triggers": [], "Execution Time": 8313.859}