{"Plan": {"Node Type": "Hash Join", "Parallel Aware": false, "Join Type": "Inner", "Startup Cost": 127885.52, "Total Cost": 884193.18, "Plan Rows": 12975058, "Plan Width": 168, "Actual Startup Time": 2108.972, "Actual Total Time": 25002.653, "Actual Rows": 13794786, "Actual Loops": 1, "Inner Unique": true, "Hash Cond": "(mi.movie_id = t.id)", "Plans": [{"Node Type": "Seq Scan", "Parent Relationship": "Outer", "Parallel Aware": false, "Relation Name": "movie_info", "Alias": "mi", "Startup Cost": 0.0, "Total Cost": 309773.27, "Plan Rows": 14778027, "Plan Width": 73, "Actual Startup Time": 0.053, "Actual Total Time": 4156.28, "Actual Rows": 14835720, "Actual Loops": 1}, {"Node Type": "Hash", "Parent Relationship": "Inner", "Parallel Aware": false, "Startup Cost": 67619.64, "Total Cost": 67619.64, "Plan Rows": 2219831, "Plan Width": 95, "Actual Startup Time": 2087.345, "Actual Total Time": 2087.348, "Actual Rows": 2224569, "Actual Loops": 1, "Hash Buckets": 32768, "Original Hash Buckets": 32768, "Hash Batches": 128, "Original Hash Batches": 128, "Peak Memory Usage": 2190, "Plans": [{"Node Type": "Seq Scan", "Parent Relationship": "Outer", "Parallel Aware": false, "Relation Name": "title", "Alias": "t", "Startup Cost": 0.0, "Total Cost": 67619.64, "Plan Rows": 2219831, "Plan Width": 95, "Actual Startup Time": 0.021, "Actual Total Time": 1082.093, "Actual Rows": 2224569, "Actual Loops": 1, "Filter": "(production_year < 2012)", "Rows Removed by Filter": 303743}]}]}, "Planning Time": 1.412, "Triggers": [], "Execution Time": 25753.865}