{"Plan": {"Node Type": "Gather", "Parallel Aware": false, "Startup Cost": 46628.2, "Total Cost": 87891.92, "Plan Rows": 18621, "Plan Width": 135, "Actual Startup Time": 179.662, "Actual Total Time": 368.074, "Actual Rows": 20567, "Actual Loops": 1, "Workers Planned": 4, "Workers Launched": 4, "Single Copy": false, "Plans": [{"Node Type": "Hash Join", "Parent Relationship": "Outer", "Parallel Aware": true, "Join Type": "Inner", "Startup Cost": 45628.2, "Total Cost": 85029.82, "Plan Rows": 4655, "Plan Width": 135, "Actual Startup Time": 174.115, "Actual Total Time": 354.225, "Actual Rows": 4113, "Actual Loops": 5, "Inner Unique": true, "Hash Cond": "(mc.movie_id = t.id)", "Plans": [{"Node Type": "Seq Scan", "Parent Relationship": "Outer", "Parallel Aware": true, "Relation Name": "movie_companies", "Alias": "mc", "Startup Cost": 0.0, "Total Cost": 38665.23, "Plan Rows": 280528, "Plan Width": 40, "Actual Startup Time": 6.506, "Actual Total Time": 139.424, "Actual Rows": 182055, "Actual Loops": 5, "Filter": "((company_id < 79751) AND (company_type_id > 1))", "Rows Removed by Filter": 339771}, {"Node Type": "Hash", "Parent Relationship": "Inner", "Parallel Aware": true, "Startup Cost": 45497.09, "Total Cost": 45497.09, "Plan Rows": 10489, "Plan Width": 95, "Actual Startup Time": 167.002, "Actual Total Time": 167.003, "Actual Rows": 6781, "Actual Loops": 5, "Hash Buckets": 65536, "Original Hash Buckets": 65536, "Hash Batches": 1, "Original Hash Batches": 1, "Peak Memory Usage": 4480, "Plans": [{"Node Type": "Seq Scan", "Parent Relationship": "Outer", "Parallel Aware": true, "Relation Name": "title", "Alias": "t", "Startup Cost": 0.0, "Total Cost": 45497.09, "Plan Rows": 10489, "Plan Width": 95, "Actual Startup Time": 0.103, "Actual Total Time": 162.438, "Actual Rows": 6781, "Actual Loops": 5, "Filter": "((kind_id < 7) AND (production_year = 2006))", "Rows Removed by Filter": 498881}]}]}]}, "Planning Time": 1.392, "Triggers": [], "Execution Time": 369.516}