{"Plan": {"Node Type": "Gather", "Parallel Aware": false, "Startup Cost": 43874.45, "Total Cost": 91671.79, "Plan Rows": 2675, "Plan Width": 147, "Actual Startup Time": 477.236, "Actual Total Time": 629.477, "Actual Rows": 8910, "Actual Loops": 1, "Workers Planned": 3, "Workers Launched": 3, "Single Copy": false, "Plans": [{"Node Type": "Nested Loop", "Parent Relationship": "Outer", "Parallel Aware": false, "Join Type": "Inner", "Startup Cost": 42874.45, "Total Cost": 90404.29, "Plan Rows": 863, "Plan Width": 147, "Actual Startup Time": 480.868, "Actual Total Time": 581.9, "Actual Rows": 2228, "Actual Loops": 4, "Inner Unique": true, "Plans": [{"Node Type": "Hash Join", "Parent Relationship": "Outer", "Parallel Aware": true, "Join Type": "Inner", "Startup Cost": 42874.02, "Total Cost": 87853.34, "Plan Rows": 4223, "Plan Width": 52, "Actual Startup Time": 480.797, "Actual Total Time": 562.116, "Actual Rows": 2228, "Actual Loops": 4, "Inner Unique": false, "Hash Cond": "(mk.movie_id = mc.movie_id)", "Plans": [{"Node Type": "Seq Scan", "Parent Relationship": "Outer", "Parallel Aware": true, "Relation Name": "movie_keyword", "Alias": "mk", "Startup Cost": 0.0, "Total Cost": 42695.65, "Plan Rows": 1897, "Plan Width": 12, "Actual Startup Time": 0.231, "Actual Total Time": 203.233, "Actual Rows": 1129, "Actual Loops": 4, "Filter": "(keyword_id = 115)", "Rows Removed by Filter": 1129853}, {"Node Type": "Hash", "Parent Relationship": "Inner", "Parallel Aware": true, "Startup Cost": 37034.53, "Total Cost": 37034.53, "Plan Rows": 287479, "Plan Width": 40, "Actual Startup Time": 262.954, "Actual Total Time": 262.955, "Actual Rows": 285144, "Actual Loops": 4, "Hash Buckets": 65536, "Original Hash Buckets": 65536, "Hash Batches": 32, "Original Hash Batches": 32, "Peak Memory Usage": 2560, "Plans": [{"Node Type": "Seq Scan", "Parent Relationship": "Outer", "Parallel Aware": true, "Relation Name": "movie_companies", "Alias": "mc", "Startup Cost": 0.0, "Total Cost": 37034.53, "Plan Rows": 287479, "Plan Width": 40, "Actual Startup Time": 0.061, "Actual Total Time": 179.591, "Actual Rows": 285144, "Actual Loops": 4, "Filter": "(company_id > 13331)", "Rows Removed by Filter": 367138}]}]}, {"Node Type": "Index Scan", "Parent Relationship": "Inner", "Parallel Aware": false, "Scan Direction": "Forward", "Index Name": "title_pkey", "Relation Name": "title", "Alias": "t", "Startup Cost": 0.43, "Total Cost": 0.6, "Plan Rows": 1, "Plan Width": 95, "Actual Startup Time": 0.008, "Actual Total Time": 0.008, "Actual Rows": 1, "Actual Loops": 8910, "Index Cond": "(id = mc.movie_id)", "Rows Removed by Index Recheck": 0}]}]}, "Planning Time": 1.81, "Triggers": [], "Execution Time": 630.264}