{"Plan": {"Node Type": "Hash Join", "Parallel Aware": false, "Join Type": "Inner", "Startup Cost": 129938.55, "Total Cost": 779341.54, "Plan Rows": 9482136, "Plan Width": 168, "Actual Startup Time": 2065.84, "Actual Total Time": 18223.726, "Actual Rows": 9565151, "Actual Loops": 1, "Inner Unique": true, "Hash Cond": "(mi.movie_id = t.id)", "Plans": [{"Node Type": "Seq Scan", "Parent Relationship": "Outer", "Parallel Aware": false, "Relation Name": "movie_info", "Alias": "mi", "Startup Cost": 0.0, "Total Cost": 346718.34, "Plan Rows": 9482136, "Plan Width": 73, "Actual Startup Time": 0.098, "Actual Total Time": 4530.656, "Actual Rows": 9565151, "Actual Loops": 1, "Filter": "(info_type_id < 16)", "Rows Removed by Filter": 5270569}, {"Node Type": "Hash", "Parent Relationship": "Inner", "Parallel Aware": false, "Startup Cost": 61298.91, "Total Cost": 61298.91, "Plan Rows": 2528291, "Plan Width": 95, "Actual Startup Time": 2049.195, "Actual Total Time": 2049.198, "Actual Rows": 2528312, "Actual Loops": 1, "Hash Buckets": 32768, "Original Hash Buckets": 32768, "Hash Batches": 128, "Original Hash Batches": 128, "Peak Memory Usage": 2453, "Plans": [{"Node Type": "Seq Scan", "Parent Relationship": "Outer", "Parallel Aware": false, "Relation Name": "title", "Alias": "t", "Startup Cost": 0.0, "Total Cost": 61298.91, "Plan Rows": 2528291, "Plan Width": 95, "Actual Startup Time": 0.036, "Actual Total Time": 708.424, "Actual Rows": 2528312, "Actual Loops": 1}]}]}, "Planning Time": 1.421, "Triggers": [], "Execution Time": 18745.819}