{"Plan": {"Node Type": "Gather", "Parallel Aware": false, "Startup Cost": 51078.95, "Total Cost": 195066.64, "Plan Rows": 919438, "Plan Width": 135, "Actual Startup Time": 632.195, "Actual Total Time": 1194.393, "Actual Rows": 709105, "Actual Loops": 1, "Workers Planned": 4, "Workers Launched": 4, "Single Copy": false, "Plans": [{"Node Type": "Hash Join", "Parent Relationship": "Outer", "Parallel Aware": true, "Join Type": "Inner", "Startup Cost": 50078.95, "Total Cost": 102122.84, "Plan Rows": 229860, "Plan Width": 135, "Actual Startup Time": 623.361, "Actual Total Time": 932.234, "Actual Rows": 141821, "Actual Loops": 5, "Inner Unique": true, "Hash Cond": "(mc.movie_id = t.id)", "Plans": [{"Node Type": "Seq Scan", "Parent Relationship": "Outer", "Parallel Aware": true, "Relation Name": "movie_companies", "Alias": "mc", "Startup Cost": 0.0, "Total Cost": 37034.53, "Plan Rows": 640138, "Plan Width": 40, "Actual Startup Time": 0.167, "Actual Total Time": 186.087, "Actual Rows": 511668, "Actual Loops": 5, "Filter": "(company_id < 190835)", "Rows Removed by Filter": 10158}, {"Node Type": "Hash", "Parent Relationship": "Inner", "Parallel Aware": true, "Startup Cost": 43916.91, "Total Cost": 43916.91, "Plan Rows": 226963, "Plan Width": 95, "Actual Startup Time": 272.179, "Actual Total Time": 272.181, "Actual Rows": 180898, "Actual Loops": 5, "Hash Buckets": 32768, "Original Hash Buckets": 32768, "Hash Batches": 32, "Original Hash Batches": 32, "Peak Memory Usage": 3680, "Plans": [{"Node Type": "Seq Scan", "Parent Relationship": "Outer", "Parallel Aware": true, "Relation Name": "title", "Alias": "t", "Startup Cost": 0.0, "Total Cost": 43916.91, "Plan Rows": 226963, "Plan Width": 95, "Actual Startup Time": 0.051, "Actual Total Time": 186.704, "Actual Rows": 180898, "Actual Loops": 5, "Filter": "(production_year > 2006)", "Rows Removed by Filter": 324764}]}]}]}, "Planning Time": 1.396, "Triggers": [], "Execution Time": 1236.646}