{"Plan": {"Node Type": "Gather", "Parallel Aware": false, "Startup Cost": 247266.16, "Total Cost": 582440.21, "Plan Rows": 204, "Plan Width": 264, "Actual Startup Time": 933.94, "Actual Total Time": 2677.427, "Actual Rows": 224, "Actual Loops": 1, "Workers Planned": 6, "Workers Launched": 6, "Single Copy": false, "Plans": [{"Node Type": "Hash Join", "Parent Relationship": "Outer", "Parallel Aware": true, "Join Type": "Inner", "Startup Cost": 246266.16, "Total Cost": 581419.81, "Plan Rows": 34, "Plan Width": 264, "Actual Startup Time": 908.625, "Actual Total Time": 2665.153, "Actual Rows": 32, "Actual Loops": 7, "Inner Unique": false, "Hash Cond": "(ci.movie_id = t.id)", "Plans": [{"Node Type": "Seq Scan", "Parent Relationship": "Outer", "Parallel Aware": true, "Relation Name": "cast_info", "Alias": "ci", "Startup Cost": 0.0, "Total Cost": 312666.24, "Plan Rows": 5996624, "Plan Width": 56, "Actual Startup Time": 0.039, "Actual Total Time": 881.821, "Actual Rows": 5177763, "Actual Loops": 7}, {"Node Type": "Hash", "Parent Relationship": "Inner", "Parallel Aware": true, "Startup Cost": 246266.12, "Total Cost": 246266.12, "Plan Rows": 3, "Plan Width": 208, "Actual Startup Time": 777.227, "Actual Total Time": 777.245, "Actual Rows": 2, "Actual Loops": 7, "Hash Buckets": 1024, "Original Hash Buckets": 1024, "Hash Batches": 1, "Original Hash Batches": 1, "Peak Memory Usage": 200, "Plans": [{"Node Type": "Nested Loop", "Parent Relationship": "Outer", "Parallel Aware": false, "Join Type": "Inner", "Startup Cost": 38676.61, "Total Cost": 246266.12, "Plan Rows": 3, "Plan Width": 208, "Actual Startup Time": 485.189, "Actual Total Time": 777.111, "Actual Rows": 2, "Actual Loops": 7, "Inner Unique": true, "Join Filter": "(mc.movie_id = t.id)", "Rows Removed by Join Filter": 0, "Plans": [{"Node Type": "Hash Join", "Parent Relationship": "Outer", "Parallel Aware": true, "Join Type": "Inner", "Startup Cost": 38676.18, "Total Cost": 242189.76, "Plan Rows": 8241, "Plan Width": 113, "Actual Startup Time": 86.727, "Actual Total Time": 771.825, "Actual Rows": 331, "Actual Loops": 7, "Inner Unique": false, "Hash Cond": "(mi.movie_id = mc.movie_id)", "Plans": [{"Node Type": "Seq Scan", "Parent Relationship": "Outer", "Parallel Aware": true, "Relation Name": "movie_info", "Alias": "mi", "Startup Cost": 0.0, "Total Cost": 198938.07, "Plan Rows": 1214643, "Plan Width": 73, "Actual Startup Time": 0.043, "Actual Total Time": 546.744, "Actual Rows": 869061, "Actual Loops": 7, "Filter": "(info_type_id > 9)", "Rows Removed by Filter": 1250327}, {"Node Type": "Hash", "Parent Relationship": "Inner", "Parallel Aware": true, "Startup Cost": 38665.23, "Total Cost": 38665.23, "Plan Rows": 876, "Plan Width": 40, "Actual Startup Time": 85.746, "Actual Total Time": 85.749, "Actual Rows": 352, "Actual Loops": 7, "Hash Buckets": 4096, "Original Hash Buckets": 4096, "Hash Batches": 1, "Original Hash Batches": 1, "Peak Memory Usage": 256, "Plans": [{"Node Type": "Seq Scan", "Parent Relationship": "Outer", "Parallel Aware": true, "Relation Name": "movie_companies", "Alias": "mc", "Startup Cost": 0.0, "Total Cost": 38665.23, "Plan Rows": 876, "Plan Width": 40, "Actual Startup Time": 0.228, "Actual Total Time": 85.456, "Actual Rows": 352, "Actual Loops": 7, "Filter": "((company_type_id < 2) AND (company_id = 7851))", "Rows Removed by Filter": 372381}]}]}, {"Node Type": "Index Scan", "Parent Relationship": "Inner", "Parallel Aware": false, "Scan Direction": "Forward", "Index Name": "title_pkey", "Relation Name": "title", "Alias": "t", "Startup Cost": 0.43, "Total Cost": 0.48, "Plan Rows": 1, "Plan Width": 95, "Actual Startup Time": 0.015, "Actual Total Time": 0.015, "Actual Rows": 0, "Actual Loops": 2317, "Index Cond": "(id = mi.movie_id)", "Rows Removed by Index Recheck": 0, "Filter": "((kind_id < 7) AND (production_year = 1959))", "Rows Removed by Filter": 1}]}]}]}]}, "Planning Time": 2.398, "Triggers": [], "Execution Time": 2677.785}