{"Plan": {"Node Type": "Hash Join", "Parallel Aware": false, "Join Type": "Inner", "Startup Cost": 129938.55, "Total Cost": 677368.97, "Plan Rows": 5842308, "Plan Width": 168, "Actual Startup Time": 2017.551, "Actual Total Time": 13482.24, "Actual Rows": 5884963, "Actual Loops": 1, "Inner Unique": true, "Hash Cond": "(mi.movie_id = t.id)", "Plans": [{"Node Type": "Seq Scan", "Parent Relationship": "Outer", "Parallel Aware": false, "Relation Name": "movie_info", "Alias": "mi", "Startup Cost": 0.0, "Total Cost": 346718.34, "Plan Rows": 5842308, "Plan Width": 73, "Actual Startup Time": 0.084, "Actual Total Time": 4008.562, "Actual Rows": 5884963, "Actual Loops": 1, "Filter": "(info_type_id < 7)", "Rows Removed by Filter": 8950757}, {"Node Type": "Hash", "Parent Relationship": "Inner", "Parallel Aware": false, "Startup Cost": 61298.91, "Total Cost": 61298.91, "Plan Rows": 2528291, "Plan Width": 95, "Actual Startup Time": 2008.151, "Actual Total Time": 2008.155, "Actual Rows": 2528312, "Actual Loops": 1, "Hash Buckets": 32768, "Original Hash Buckets": 32768, "Hash Batches": 128, "Original Hash Batches": 128, "Peak Memory Usage": 2453, "Plans": [{"Node Type": "Seq Scan", "Parent Relationship": "Outer", "Parallel Aware": false, "Relation Name": "title", "Alias": "t", "Startup Cost": 0.0, "Total Cost": 61298.91, "Plan Rows": 2528291, "Plan Width": 95, "Actual Startup Time": 0.029, "Actual Total Time": 684.782, "Actual Rows": 2528312, "Actual Loops": 1}]}]}, "Planning Time": 1.352, "Triggers": [], "Execution Time": 13805.772}