{"Plan": {"Node Type": "Gather", "Parallel Aware": false, "Startup Cost": 79444.22, "Total Cost": 206525.73, "Plan Rows": 647869, "Plan Width": 132, "Actual Startup Time": 1419.559, "Actual Total Time": 4397.721, "Actual Rows": 7549165, "Actual Loops": 1, "Workers Planned": 3, "Workers Launched": 3, "Single Copy": false, "Plans": [{"Node Type": "Hash Join", "Parent Relationship": "Outer", "Parallel Aware": true, "Join Type": "Inner", "Startup Cost": 78444.22, "Total Cost": 140738.83, "Plan Rows": 208990, "Plan Width": 132, "Actual Startup Time": 1411.915, "Actual Total Time": 2580.093, "Actual Rows": 1887291, "Actual Loops": 4, "Inner Unique": false, "Hash Cond": "(mk.movie_id = t.id)", "Plans": [{"Node Type": "Seq Scan", "Parent Relationship": "Outer", "Parallel Aware": true, "Relation Name": "movie_keyword", "Alias": "mk", "Startup Cost": 0.0, "Total Cost": 39047.32, "Plan Rows": 1459332, "Plan Width": 12, "Actual Startup Time": 0.055, "Actual Total Time": 248.898, "Actual Rows": 1130982, "Actual Loops": 4}, {"Node Type": "Hash", "Parent Relationship": "Inner", "Parallel Aware": true, "Startup Cost": 73906.41, "Total Cost": 73906.41, "Plan Rows": 150865, "Plan Width": 120, "Actual Startup Time": 852.476, "Actual Total Time": 852.496, "Actual Rows": 157475, "Actual Loops": 4, "Hash Buckets": 32768, "Original Hash Buckets": 32768, "Hash Batches": 32, "Original Hash Batches": 16, "Peak Memory Usage": 2912, "Plans": [{"Node Type": "Hash Join", "Parent Relationship": "Outer", "Parallel Aware": true, "Join Type": "Inner", "Startup Cost": 48419.85, "Total Cost": 73906.41, "Plan Rows": 150865, "Plan Width": 120, "Actual Startup Time": 482.47, "Actual Total Time": 702.998, "Actual Rows": 157475, "Actual Loops": 4, "Inner Unique": true, "Hash Cond": "(mi_idx.movie_id = t.id)", "Plans": [{"Node Type": "Seq Scan", "Parent Relationship": "Outer", "Parallel Aware": true, "Relation Name": "movie_info_idx", "Alias": "mi_idx", "Startup Cost": 0.0, "Total Cost": 13685.15, "Plan Rows": 575015, "Plan Width": 25, "Actual Startup Time": 0.056, "Actual Total Time": 81.3, "Actual Rows": 345009, "Actual Loops": 4}, {"Node Type": "Hash", "Parent Relationship": "Inner", "Parallel Aware": true, "Startup Cost": 43916.91, "Total Cost": 43916.91, "Plan Rows": 165835, "Plan Width": 95, "Actual Startup Time": 286.53, "Actual Total Time": 286.533, "Actual Rows": 165706, "Actual Loops": 4, "Hash Buckets": 32768, "Original Hash Buckets": 32768, "Hash Batches": 32, "Original Hash Batches": 32, "Peak Memory Usage": 2624, "Plans": [{"Node Type": "Seq Scan", "Parent Relationship": "Outer", "Parallel Aware": true, "Relation Name": "title", "Alias": "t", "Startup Cost": 0.0, "Total Cost": 43916.91, "Plan Rows": 165835, "Plan Width": 95, "Actual Startup Time": 69.458, "Actual Total Time": 210.648, "Actual Rows": 165706, "Actual Loops": 4, "Filter": "(kind_id = 1)", "Rows Removed by Filter": 466372}]}]}]}]}]}, "Planning Time": 1.753, "Triggers": [], "Execution Time": 4836.481}