{"Plan": {"Node Type": "Gather", "Parallel Aware": false, "Startup Cost": 207821.67, "Total Cost": 1030654.7, "Plan Rows": 5706059, "Plan Width": 205, "Actual Startup Time": 5353.909, "Actual Total Time": 48426.562, "Actual Rows": 130442932, "Actual Loops": 1, "Workers Planned": 5, "Workers Launched": 5, "Single Copy": false, "Plans": [{"Node Type": "Hash Join", "Parent Relationship": "Outer", "Parallel Aware": true, "Join Type": "Inner", "Startup Cost": 206821.67, "Total Cost": 459048.8, "Plan Rows": 1141212, "Plan Width": 205, "Actual Startup Time": 5345.375, "Actual Total Time": 20698.063, "Actual Rows": 21740489, "Actual Loops": 6, "Inner Unique": false, "Hash Cond": "(mi.movie_id = t.id)", "Plans": [{"Node Type": "Seq Scan", "Parent Relationship": "Outer", "Parallel Aware": true, "Relation Name": "movie_info", "Alias": "mi", "Startup Cost": 0.0, "Total Cost": 198938.07, "Plan Rows": 1168462, "Plan Width": 73, "Actual Startup Time": 0.116, "Actual Total Time": 702.078, "Actual Rows": 980827, "Actual Loops": 6, "Filter": "(info_type_id < 7)", "Rows Removed by Filter": 1491793}, {"Node Type": "Hash", "Parent Relationship": "Inner", "Parallel Aware": true, "Startup Cost": 181306.7, "Total Cost": 181306.7, "Plan Rows": 796558, "Plan Width": 132, "Actual Startup Time": 4125.105, "Actual Total Time": 4125.337, "Actual Rows": 1737438, "Actual Loops": 6, "Hash Buckets": 32768, "Original Hash Buckets": 32768, "Hash Batches": 512, "Original Hash Batches": 128, "Peak Memory Usage": 4128, "Plans": [{"Node Type": "Hash Join", "Parent Relationship": "Outer", "Parallel Aware": true, "Join Type": "Inner", "Startup Cost": 109107.89, "Total Cost": 181306.7, "Plan Rows": 796558, "Plan Width": 132, "Actual Startup Time": 1646.695, "Actual Total Time": 2779.141, "Actual Rows": 1737438, "Actual Loops": 6, "Inner Unique": false, "Hash Cond": "(mk.movie_id = t.id)", "Plans": [{"Node Type": "Seq Scan", "Parent Relationship": "Outer", "Parallel Aware": true, "Relation Name": "movie_keyword", "Alias": "mk", "Startup Cost": 0.0, "Total Cost": 39047.32, "Plan Rows": 1459332, "Plan Width": 12, "Actual Startup Time": 0.06, "Actual Total Time": 170.64, "Actual Rows": 753988, "Actual Loops": 6}, {"Node Type": "Hash", "Parent Relationship": "Inner", "Parallel Aware": true, "Startup Cost": 91812.2, "Total Cost": 91812.2, "Plan Rows": 575015, "Plan Width": 120, "Actual Startup Time": 1251.011, "Actual Total Time": 1251.164, "Actual Rows": 230006, "Actual Loops": 6, "Hash Buckets": 32768, "Original Hash Buckets": 32768, "Hash Batches": 64, "Original Hash Batches": 64, "Peak Memory Usage": 3296, "Plans": [{"Node Type": "Hash Join", "Parent Relationship": "Outer", "Parallel Aware": true, "Join Type": "Inner", "Startup Cost": 59496.64, "Total Cost": 91812.2, "Plan Rows": 575015, "Plan Width": 120, "Actual Startup Time": 680.866, "Actual Total Time": 1068.051, "Actual Rows": 230006, "Actual Loops": 6, "Inner Unique": true, "Hash Cond": "(mi_idx.movie_id = t.id)", "Plans": [{"Node Type": "Seq Scan", "Parent Relationship": "Outer", "Parallel Aware": true, "Relation Name": "movie_info_idx", "Alias": "mi_idx", "Startup Cost": 0.0, "Total Cost": 13685.15, "Plan Rows": 575015, "Plan Width": 25, "Actual Startup Time": 0.083, "Actual Total Time": 65.646, "Actual Rows": 230006, "Actual Loops": 6}, {"Node Type": "Hash", "Parent Relationship": "Inner", "Parallel Aware": true, "Startup Cost": 42336.73, "Total Cost": 42336.73, "Plan Rows": 632073, "Plan Width": 95, "Actual Startup Time": 468.424, "Actual Total Time": 468.43, "Actual Rows": 421385, "Actual Loops": 6, "Hash Buckets": 32768, "Original Hash Buckets": 32768, "Hash Batches": 128, "Original Hash Batches": 128, "Peak Memory Usage": 2688, "Plans": [{"Node Type": "Seq Scan", "Parent Relationship": "Outer", "Parallel Aware": true, "Relation Name": "title", "Alias": "t", "Startup Cost": 0.0, "Total Cost": 42336.73, "Plan Rows": 632073, "Plan Width": 95, "Actual Startup Time": 0.052, "Actual Total Time": 148.536, "Actual Rows": 421385, "Actual Loops": 6}]}]}]}]}]}]}]}, "Planning Time": 2.375, "Triggers": [], "Execution Time": 55953.865}