{"Plan": {"Node Type": "Gather", "Parallel Aware": false, "Startup Cost": 1000.0, "Total Cost": 58332.25, "Plan Rows": 146366, "Plan Width": 12, "Actual Startup Time": 0.774, "Actual Total Time": 239.798, "Actual Rows": 145378, "Actual Loops": 1, "Workers Planned": 3, "Workers Launched": 3, "Single Copy": false, "Plans": [{"Node Type": "Seq Scan", "Parent Relationship": "Outer", "Parallel Aware": true, "Relation Name": "movie_keyword", "Alias": "mk", "Startup Cost": 0.0, "Total Cost": 42695.65, "Plan Rows": 47215, "Plan Width": 12, "Actual Startup Time": 0.094, "Actual Total Time": 216.454, "Actual Rows": 36344, "Actual Loops": 4, "Filter": "(keyword_id > 74318)", "Rows Removed by Filter": 1094638}]}, "Planning Time": 0.606, "Triggers": [], "Execution Time": 248.414}