{"Plan": {"Node Type": "Gather", "Parallel Aware": false, "Startup Cost": 45958.15, "Total Cost": 131090.43, "Plan Rows": 274402, "Plan Width": 107, "Actual Startup Time": 768.76, "Actual Total Time": 1132.218, "Actual Rows": 440186, "Actual Loops": 1, "Workers Planned": 3, "Workers Launched": 3, "Single Copy": false, "Plans": [{"Node Type": "Hash Join", "Parent Relationship": "Outer", "Parallel Aware": true, "Join Type": "Inner", "Startup Cost": 44958.15, "Total Cost": 102650.23, "Plan Rows": 88517, "Plan Width": 107, "Actual Startup Time": 761.314, "Actual Total Time": 986.439, "Actual Rows": 110046, "Actual Loops": 4, "Inner Unique": true, "Hash Cond": "(mk.movie_id = t.id)", "Plans": [{"Node Type": "Seq Scan", "Parent Relationship": "Outer", "Parallel Aware": true, "Relation Name": "movie_keyword", "Alias": "mk", "Startup Cost": 0.0, "Total Cost": 39047.32, "Plan Rows": 1459332, "Plan Width": 12, "Actual Startup Time": 0.046, "Actual Total Time": 235.407, "Actual Rows": 1130982, "Actual Loops": 4}, {"Node Type": "Hash", "Parent Relationship": "Inner", "Parallel Aware": true, "Startup Cost": 43916.91, "Total Cost": 43916.91, "Plan Rows": 38339, "Plan Width": 95, "Actual Startup Time": 222.866, "Actual Total Time": 222.867, "Actual Rows": 38310, "Actual Loops": 4, "Hash Buckets": 32768, "Original Hash Buckets": 32768, "Hash Batches": 8, "Original Hash Batches": 8, "Peak Memory Usage": 2496, "Plans": [{"Node Type": "Seq Scan", "Parent Relationship": "Outer", "Parallel Aware": true, "Relation Name": "title", "Alias": "t", "Startup Cost": 0.0, "Total Cost": 43916.91, "Plan Rows": 38339, "Plan Width": 95, "Actual Startup Time": 9.087, "Actual Total Time": 203.209, "Actual Rows": 38310, "Actual Loops": 4, "Filter": "(production_year < 1946)", "Rows Removed by Filter": 593768}]}]}]}, "Planning Time": 1.502, "Triggers": [], "Execution Time": 1159.148}