{"Plan": {"Node Type": "Gather", "Parallel Aware": false, "Startup Cost": 1000.43, "Total Cost": 44389.58, "Plan Rows": 218, "Plan Width": 107, "Actual Startup Time": 25.073, "Actual Total Time": 216.822, "Actual Rows": 38, "Actual Loops": 1, "Workers Planned": 3, "Workers Launched": 3, "Single Copy": false, "Plans": [{"Node Type": "Nested Loop", "Parent Relationship": "Outer", "Parallel Aware": false, "Join Type": "Inner", "Startup Cost": 0.43, "Total Cost": 43367.78, "Plan Rows": 70, "Plan Width": 107, "Actual Startup Time": 29.967, "Actual Total Time": 208.589, "Actual Rows": 10, "Actual Loops": 4, "Inner Unique": true, "Plans": [{"Node Type": "Seq Scan", "Parent Relationship": "Outer", "Parallel Aware": true, "Relation Name": "movie_keyword", "Alias": "mk", "Startup Cost": 0.0, "Total Cost": 42695.65, "Plan Rows": 80, "Plan Width": 12, "Actual Startup Time": 29.819, "Actual Total Time": 207.871, "Actual Rows": 10, "Actual Loops": 4, "Filter": "(keyword_id = 14698)", "Rows Removed by Filter": 1130973}, {"Node Type": "Index Scan", "Parent Relationship": "Inner", "Parallel Aware": false, "Scan Direction": "Forward", "Index Name": "title_pkey", "Relation Name": "title", "Alias": "t", "Startup Cost": 0.43, "Total Cost": 8.4, "Plan Rows": 1, "Plan Width": 95, "Actual Startup Time": 0.064, "Actual Total Time": 0.064, "Actual Rows": 1, "Actual Loops": 39, "Index Cond": "(id = mk.movie_id)", "Rows Removed by Index Recheck": 0, "Filter": "(production_year < 2012)", "Rows Removed by Filter": 0}]}]}, "Planning Time": 1.332, "Triggers": [], "Execution Time": 217.003}