{"Plan": {"Node Type": "Gather", "Parallel Aware": false, "Startup Cost": 297476.38, "Total Cost": 589435.8, "Plan Rows": 2322085, "Plan Width": 208, "Actual Startup Time": 3021.207, "Actual Total Time": 10597.526, "Actual Rows": 20959155, "Actual Loops": 1, "Workers Planned": 4, "Workers Launched": 4, "Single Copy": false, "Plans": [{"Node Type": "Hash Join", "Parent Relationship": "Outer", "Parallel Aware": true, "Join Type": "Inner", "Startup Cost": 296476.38, "Total Cost": 356227.3, "Plan Rows": 580521, "Plan Width": 208, "Actual Startup Time": 3014.251, "Actual Total Time": 5729.726, "Actual Rows": 4191831, "Actual Loops": 5, "Inner Unique": false, "Hash Cond": "(mc.movie_id = t.id)", "Plans": [{"Node Type": "Seq Scan", "Parent Relationship": "Outer", "Parallel Aware": true, "Relation Name": "movie_companies", "Alias": "mc", "Startup Cost": 0.0, "Total Cost": 35403.82, "Plan Rows": 652282, "Plan Width": 40, "Actual Startup Time": 0.066, "Actual Total Time": 142.107, "Actual Rows": 521826, "Actual Loops": 5}, {"Node Type": "Hash", "Parent Relationship": "Inner", "Parallel Aware": true, "Startup Cost": 280303.03, "Total Cost": 280303.03, "Plan Rows": 450028, "Plan Width": 168, "Actual Startup Time": 2613.746, "Actual Total Time": 2613.852, "Actual Rows": 446770, "Actual Loops": 5, "Hash Buckets": 32768, "Original Hash Buckets": 32768, "Hash Batches": 256, "Original Hash Batches": 128, "Peak Memory Usage": 3104, "Plans": [{"Node Type": "Hash Join", "Parent Relationship": "Outer", "Parallel Aware": true, "Join Type": "Inner", "Startup Cost": 59496.64, "Total Cost": 280303.03, "Plan Rows": 450028, "Plan Width": 168, "Actual Startup Time": 1538.916, "Actual Total Time": 2171.991, "Actual Rows": 446770, "Actual Loops": 5, "Inner Unique": true, "Hash Cond": "(mi.movie_id = t.id)", "Plans": [{"Node Type": "Seq Scan", "Parent Relationship": "Outer", "Parallel Aware": true, "Relation Name": "movie_info", "Alias": "mi", "Startup Cost": 0.0, "Total Cost": 198938.07, "Plan Rows": 450028, "Plan Width": 73, "Actual Startup Time": 0.057, "Actual Total Time": 756.101, "Actual Rows": 446770, "Actual Loops": 5, "Filter": "(info_type_id > 16)", "Rows Removed by Filter": 2520374}, {"Node Type": "Hash", "Parent Relationship": "Inner", "Parallel Aware": true, "Startup Cost": 42336.73, "Total Cost": 42336.73, "Plan Rows": 632073, "Plan Width": 95, "Actual Startup Time": 472.738, "Actual Total Time": 472.741, "Actual Rows": 505662, "Actual Loops": 5, "Hash Buckets": 32768, "Original Hash Buckets": 32768, "Hash Batches": 128, "Original Hash Batches": 128, "Peak Memory Usage": 2624, "Plans": [{"Node Type": "Seq Scan", "Parent Relationship": "Outer", "Parallel Aware": true, "Relation Name": "title", "Alias": "t", "Startup Cost": 0.0, "Total Cost": 42336.73, "Plan Rows": 632073, "Plan Width": 95, "Actual Startup Time": 0.059, "Actual Total Time": 140.696, "Actual Rows": 505662, "Actual Loops": 5}]}]}]}]}]}, "Planning Time": 1.984, "Triggers": [], "Execution Time": 11811.977}