{"Plan": {"Node Type": "Gather", "Parallel Aware": false, "Startup Cost": 133242.55, "Total Cost": 761069.3, "Plan Rows": 3818779, "Plan Width": 180, "Actual Startup Time": 2445.112, "Actual Total Time": 21733.233, "Actual Rows": 60614648, "Actual Loops": 1, "Workers Planned": 5, "Workers Launched": 5, "Single Copy": false, "Plans": [{"Node Type": "Hash Join", "Parent Relationship": "Outer", "Parallel Aware": true, "Join Type": "Inner", "Startup Cost": 132242.55, "Total Cost": 378191.4, "Plan Rows": 763756, "Plan Width": 180, "Actual Startup Time": 2450.997, "Actual Total Time": 7869.26, "Actual Rows": 10102441, "Actual Loops": 6, "Inner Unique": false, "Hash Cond": "(mi.movie_id = t.id)", "Plans": [{"Node Type": "Seq Scan", "Parent Relationship": "Outer", "Parallel Aware": true, "Relation Name": "movie_info", "Alias": "mi", "Startup Cost": 0.0, "Total Cost": 198938.07, "Plan Rows": 1243214, "Plan Width": 73, "Actual Startup Time": 0.101, "Actual Total Time": 741.736, "Actual Rows": 1037249, "Actual Loops": 6, "Filter": "(info_type_id > 8)", "Rows Removed by Filter": 1435371}, {"Node Type": "Hash", "Parent Relationship": "Inner", "Parallel Aware": true, "Startup Cost": 117660.53, "Total Cost": 117660.53, "Plan Rows": 501042, "Plan Width": 107, "Actual Startup Time": 1197.681, "Actual Total Time": 1197.742, "Actual Rows": 257498, "Actual Loops": 6, "Hash Buckets": 32768, "Original Hash Buckets": 32768, "Hash Batches": 64, "Original Hash Batches": 64, "Peak Memory Usage": 3520, "Plans": [{"Node Type": "Hash Join", "Parent Relationship": "Outer", "Parallel Aware": true, "Join Type": "Inner", "Startup Cost": 59496.64, "Total Cost": 117660.53, "Plan Rows": 501042, "Plan Width": 107, "Actual Startup Time": 690.73, "Actual Total Time": 1029.758, "Actual Rows": 257498, "Actual Loops": 6, "Inner Unique": true, "Hash Cond": "(mk.movie_id = t.id)", "Plans": [{"Node Type": "Seq Scan", "Parent Relationship": "Outer", "Parallel Aware": true, "Relation Name": "movie_keyword", "Alias": "mk", "Startup Cost": 0.0, "Total Cost": 42695.65, "Plan Rows": 501042, "Plan Width": 12, "Actual Startup Time": 0.064, "Actual Total Time": 178.257, "Actual Rows": 257498, "Actual Loops": 6, "Filter": "(keyword_id > 10225)", "Rows Removed by Filter": 496490}, {"Node Type": "Hash", "Parent Relationship": "Inner", "Parallel Aware": true, "Startup Cost": 42336.73, "Total Cost": 42336.73, "Plan Rows": 632073, "Plan Width": 95, "Actual Startup Time": 399.612, "Actual Total Time": 399.616, "Actual Rows": 421385, "Actual Loops": 6, "Hash Buckets": 32768, "Original Hash Buckets": 32768, "Hash Batches": 128, "Original Hash Batches": 128, "Peak Memory Usage": 2656, "Plans": [{"Node Type": "Seq Scan", "Parent Relationship": "Outer", "Parallel Aware": true, "Relation Name": "title", "Alias": "t", "Startup Cost": 0.0, "Total Cost": 42336.73, "Plan Rows": 632073, "Plan Width": 95, "Actual Startup Time": 0.046, "Actual Total Time": 115.12, "Actual Rows": 421385, "Actual Loops": 6}]}]}]}]}]}, "Planning Time": 1.808, "Triggers": [], "Execution Time": 25221.965}