{"Plan": {"Node Type": "Gather", "Parallel Aware": false, "Startup Cost": 60598.54, "Total Cost": 103675.31, "Plan Rows": 295, "Plan Width": 132, "Actual Startup Time": 330.379, "Actual Total Time": 563.058, "Actual Rows": 1613, "Actual Loops": 1, "Workers Planned": 3, "Workers Launched": 3, "Single Copy": false, "Plans": [{"Node Type": "Hash Join", "Parent Relationship": "Outer", "Parallel Aware": true, "Join Type": "Inner", "Startup Cost": 59598.54, "Total Cost": 102645.81, "Plan Rows": 95, "Plan Width": 132, "Actual Startup Time": 328.076, "Actual Total Time": 551.538, "Actual Rows": 403, "Actual Loops": 4, "Inner Unique": false, "Hash Cond": "(mk.movie_id = t.id)", "Plans": [{"Node Type": "Seq Scan", "Parent Relationship": "Outer", "Parallel Aware": true, "Relation Name": "movie_keyword", "Alias": "mk", "Startup Cost": 0.0, "Total Cost": 42695.65, "Plan Rows": 93657, "Plan Width": 12, "Actual Startup Time": 0.057, "Actual Total Time": 213.57, "Actual Rows": 73715, "Actual Loops": 4, "Filter": "(keyword_id > 54529)", "Rows Removed by Filter": 1057268}, {"Node Type": "Hash", "Parent Relationship": "Inner", "Parallel Aware": true, "Startup Cost": 59585.17, "Total Cost": 59585.17, "Plan Rows": 1070, "Plan Width": 120, "Actual Startup Time": 321.666, "Actual Total Time": 321.67, "Actual Rows": 723, "Actual Loops": 4, "Hash Buckets": 4096, "Original Hash Buckets": 4096, "Hash Batches": 1, "Original Hash Batches": 1, "Peak Memory Usage": 512, "Plans": [{"Node Type": "Hash Join", "Parent Relationship": "Outer", "Parallel Aware": true, "Join Type": "Inner", "Startup Cost": 43961.16, "Total Cost": 59585.17, "Plan Rows": 1070, "Plan Width": 120, "Actual Startup Time": 209.195, "Actual Total Time": 320.521, "Actual Rows": 723, "Actual Loops": 4, "Inner Unique": true, "Hash Cond": "(mi_idx.movie_id = t.id)", "Plans": [{"Node Type": "Seq Scan", "Parent Relationship": "Outer", "Parallel Aware": true, "Relation Name": "movie_info_idx", "Alias": "mi_idx", "Startup Cost": 0.0, "Total Cost": 15122.68, "Plan Rows": 190982, "Plan Width": 25, "Actual Startup Time": 0.106, "Actual Total Time": 78.855, "Actual Rows": 115046, "Actual Loops": 4, "Filter": "(info_type_id > 100)", "Rows Removed by Filter": 229962}, {"Node Type": "Hash", "Parent Relationship": "Inner", "Parallel Aware": true, "Startup Cost": 43916.91, "Total Cost": 43916.91, "Plan Rows": 3540, "Plan Width": 95, "Actual Startup Time": 208.64, "Actual Total Time": 208.641, "Actual Rows": 3750, "Actual Loops": 4, "Hash Buckets": 16384, "Original Hash Buckets": 16384, "Hash Batches": 1, "Original Hash Batches": 1, "Peak Memory Usage": 1952, "Plans": [{"Node Type": "Seq Scan", "Parent Relationship": "Outer", "Parallel Aware": true, "Relation Name": "title", "Alias": "t", "Startup Cost": 0.0, "Total Cost": 43916.91, "Plan Rows": 3540, "Plan Width": 95, "Actual Startup Time": 0.238, "Actual Total Time": 205.563, "Actual Rows": 3750, "Actual Loops": 4, "Filter": "(production_year = 1970)", "Rows Removed by Filter": 628328}]}]}]}]}]}, "Planning Time": 1.713, "Triggers": [], "Execution Time": 563.385}