{"Plan": {"Node Type": "Gather", "Parallel Aware": false, "Startup Cost": 55037.91, "Total Cost": 290813.53, "Plan Rows": 286535, "Plan Width": 168, "Actual Startup Time": 928.215, "Actual Total Time": 1319.609, "Actual Rows": 363871, "Actual Loops": 1, "Workers Planned": 5, "Workers Launched": 5, "Single Copy": false, "Plans": [{"Node Type": "Hash Join", "Parent Relationship": "Outer", "Parallel Aware": true, "Join Type": "Inner", "Startup Cost": 54037.91, "Total Cost": 261160.03, "Plan Rows": 57307, "Plan Width": 168, "Actual Startup Time": 919.712, "Actual Total Time": 1099.961, "Actual Rows": 60645, "Actual Loops": 6, "Inner Unique": true, "Hash Cond": "(mi.movie_id = t.id)", "Plans": [{"Node Type": "Seq Scan", "Parent Relationship": "Outer", "Parallel Aware": true, "Relation Name": "movie_info", "Alias": "mi", "Startup Cost": 0.0, "Total Cost": 198938.07, "Plan Rows": 97162, "Plan Width": 73, "Actual Startup Time": 485.149, "Actual Total Time": 569.706, "Actual Rows": 77606, "Actual Loops": 6, "Filter": "(info_type_id > 103)", "Rows Removed by Filter": 2395014}, {"Node Type": "Hash", "Parent Relationship": "Inner", "Parallel Aware": true, "Startup Cost": 43916.91, "Total Cost": 43916.91, "Plan Rows": 372800, "Plan Width": 95, "Actual Startup Time": 299.582, "Actual Total Time": 299.585, "Actual Rows": 247505, "Actual Loops": 6, "Hash Buckets": 32768, "Original Hash Buckets": 32768, "Hash Batches": 64, "Original Hash Batches": 64, "Peak Memory Usage": 3072, "Plans": [{"Node Type": "Seq Scan", "Parent Relationship": "Outer", "Parallel Aware": true, "Relation Name": "title", "Alias": "t", "Startup Cost": 0.0, "Total Cost": 43916.91, "Plan Rows": 372800, "Plan Width": 95, "Actual Startup Time": 0.058, "Actual Total Time": 173.69, "Actual Rows": 247505, "Actual Loops": 6, "Filter": "(production_year > 1998)", "Rows Removed by Filter": 173880}]}]}]}, "Planning Time": 1.403, "Triggers": [], "Execution Time": 1340.931}