{"Plan": {"Node Type": "Gather", "Parallel Aware": false, "Startup Cost": 183681.24, "Total Cost": 1068212.5, "Plan Rows": 5009872, "Plan Width": 188, "Actual Startup Time": 4568.048, "Actual Total Time": 51169.762, "Actual Rows": 140436498, "Actual Loops": 1, "Workers Planned": 6, "Workers Launched": 6, "Single Copy": false, "Plans": [{"Node Type": "Hash Join", "Parent Relationship": "Outer", "Parallel Aware": true, "Join Type": "Inner", "Startup Cost": 182681.24, "Total Cost": 566225.3, "Plan Rows": 834979, "Plan Width": 188, "Actual Startup Time": 4558.941, "Actual Total Time": 20706.718, "Actual Rows": 20062357, "Actual Loops": 7, "Inner Unique": false, "Hash Cond": "(ci.movie_id = t.id)", "Plans": [{"Node Type": "Seq Scan", "Parent Relationship": "Outer", "Parallel Aware": true, "Relation Name": "cast_info", "Alias": "ci", "Startup Cost": 0.0, "Total Cost": 327657.8, "Plan Rows": 1998875, "Plan Width": 56, "Actual Startup Time": 0.075, "Actual Total Time": 1333.149, "Actual Rows": 2661974, "Actual Loops": 7, "Filter": "(person_id < 1855596)", "Rows Removed by Filter": 2515789}, {"Node Type": "Hash", "Parent Relationship": "Inner", "Parallel Aware": true, "Startup Cost": 171767.65, "Total Cost": 171767.65, "Plan Rows": 340687, "Plan Width": 132, "Actual Startup Time": 2186.69, "Actual Total Time": 2186.859, "Actual Rows": 632906, "Actual Loops": 7, "Hash Buckets": 32768, "Original Hash Buckets": 32768, "Hash Batches": 256, "Original Hash Batches": 64, "Peak Memory Usage": 3296, "Plans": [{"Node Type": "Hash Join", "Parent Relationship": "Outer", "Parallel Aware": true, "Join Type": "Inner", "Startup Cost": 109107.89, "Total Cost": 171767.65, "Plan Rows": 340687, "Plan Width": 132, "Actual Startup Time": 1222.616, "Actual Total Time": 1684.323, "Actual Rows": 632906, "Actual Loops": 7, "Inner Unique": false, "Hash Cond": "(mk.movie_id = t.id)", "Plans": [{"Node Type": "Seq Scan", "Parent Relationship": "Outer", "Parallel Aware": true, "Relation Name": "movie_keyword", "Alias": "mk", "Startup Cost": 0.0, "Total Cost": 42695.65, "Plan Rows": 624155, "Plan Width": 12, "Actual Startup Time": 0.065, "Actual Total Time": 159.917, "Actual Rows": 274308, "Actual Loops": 7, "Filter": "(keyword_id > 7024)", "Rows Removed by Filter": 371968}, {"Node Type": "Hash", "Parent Relationship": "Inner", "Parallel Aware": true, "Startup Cost": 91812.2, "Total Cost": 91812.2, "Plan Rows": 575015, "Plan Width": 120, "Actual Startup Time": 970.32, "Actual Total Time": 970.384, "Actual Rows": 197148, "Actual Loops": 7, "Hash Buckets": 32768, "Original Hash Buckets": 32768, "Hash Batches": 64, "Original Hash Batches": 64, "Peak Memory Usage": 3296, "Plans": [{"Node Type": "Hash Join", "Parent Relationship": "Outer", "Parallel Aware": true, "Join Type": "Inner", "Startup Cost": 59496.64, "Total Cost": 91812.2, "Plan Rows": 575015, "Plan Width": 120, "Actual Startup Time": 514.438, "Actual Total Time": 828.366, "Actual Rows": 197148, "Actual Loops": 7, "Inner Unique": true, "Hash Cond": "(mi_idx.movie_id = t.id)", "Plans": [{"Node Type": "Seq Scan", "Parent Relationship": "Outer", "Parallel Aware": true, "Relation Name": "movie_info_idx", "Alias": "mi_idx", "Startup Cost": 0.0, "Total Cost": 13685.15, "Plan Rows": 575015, "Plan Width": 25, "Actual Startup Time": 0.058, "Actual Total Time": 47.188, "Actual Rows": 197148, "Actual Loops": 7}, {"Node Type": "Hash", "Parent Relationship": "Inner", "Parallel Aware": true, "Startup Cost": 42336.73, "Total Cost": 42336.73, "Plan Rows": 632073, "Plan Width": 95, "Actual Startup Time": 343.941, "Actual Total Time": 343.943, "Actual Rows": 361187, "Actual Loops": 7, "Hash Buckets": 32768, "Original Hash Buckets": 32768, "Hash Batches": 128, "Original Hash Batches": 128, "Peak Memory Usage": 2624, "Plans": [{"Node Type": "Seq Scan", "Parent Relationship": "Outer", "Parallel Aware": true, "Relation Name": "title", "Alias": "t", "Startup Cost": 0.0, "Total Cost": 42336.73, "Plan Rows": 632073, "Plan Width": 95, "Actual Startup Time": 0.03, "Actual Total Time": 108.551, "Actual Rows": 361187, "Actual Loops": 7}]}]}]}]}]}]}]}, "Planning Time": 3.025, "Triggers": [], "Execution Time": 59285.385}