{"Plan": {"Node Type": "Gather", "Parallel Aware": false, "Startup Cost": 148861.41, "Total Cost": 276998.28, "Plan Rows": 664599, "Plan Width": 172, "Actual Startup Time": 2892.715, "Actual Total Time": 21071.34, "Actual Rows": 44243491, "Actual Loops": 1, "Workers Planned": 3, "Workers Launched": 3, "Single Copy": false, "Plans": [{"Node Type": "Hash Join", "Parent Relationship": "Outer", "Parallel Aware": true, "Join Type": "Inner", "Startup Cost": 147861.41, "Total Cost": 209538.38, "Plan Rows": 214387, "Plan Width": 172, "Actual Startup Time": 2885.271, "Actual Total Time": 9265.898, "Actual Rows": 11060873, "Actual Loops": 4, "Inner Unique": false, "Hash Cond": "(mk.movie_id = t.id)", "Plans": [{"Node Type": "Seq Scan", "Parent Relationship": "Outer", "Parallel Aware": true, "Relation Name": "movie_keyword", "Alias": "mk", "Startup Cost": 0.0, "Total Cost": 42695.65, "Plan Rows": 1172626, "Plan Width": 12, "Actual Startup Time": 0.078, "Actual Total Time": 325.302, "Actual Rows": 906978, "Actual Loops": 4, "Filter": "(keyword_id > 845)", "Rows Removed by Filter": 224004}, {"Node Type": "Hash", "Parent Relationship": "Inner", "Parallel Aware": true, "Startup Cost": 143820.91, "Total Cost": 143820.91, "Plan Rows": 115560, "Plan Width": 160, "Actual Startup Time": 2300.987, "Actual Total Time": 2301.135, "Actual Rows": 387254, "Actual Loops": 4, "Hash Buckets": 32768, "Original Hash Buckets": 32768, "Hash Batches": 128, "Original Hash Batches": 32, "Peak Memory Usage": 2528, "Plans": [{"Node Type": "Hash Join", "Parent Relationship": "Outer", "Parallel Aware": true, "Join Type": "Inner", "Startup Cost": 96305.76, "Total Cost": 143820.91, "Plan Rows": 115560, "Plan Width": 160, "Actual Startup Time": 1531.526, "Actual Total Time": 1953.9, "Actual Rows": 387254, "Actual Loops": 4, "Inner Unique": false, "Hash Cond": "(mc.movie_id = t.id)", "Plans": [{"Node Type": "Seq Scan", "Parent Relationship": "Outer", "Parallel Aware": true, "Relation Name": "movie_companies", "Alias": "mc", "Startup Cost": 0.0, "Total Cost": 37034.53, "Plan Rows": 316726, "Plan Width": 40, "Actual Startup Time": 0.146, "Actual Total Time": 199.71, "Actual Rows": 318562, "Actual Loops": 4, "Filter": "(company_type_id < 2)", "Rows Removed by Filter": 333721}, {"Node Type": "Hash", "Parent Relationship": "Inner", "Parallel Aware": true, "Startup Cost": 89369.07, "Total Cost": 89369.07, "Plan Rows": 230615, "Plan Width": 120, "Actual Startup Time": 1216.355, "Actual Total Time": 1216.392, "Actual Rows": 230028, "Actual Loops": 4, "Hash Buckets": 32768, "Original Hash Buckets": 32768, "Hash Batches": 64, "Original Hash Batches": 64, "Peak Memory Usage": 2240, "Plans": [{"Node Type": "Hash Join", "Parent Relationship": "Outer", "Parallel Aware": true, "Join Type": "Inner", "Startup Cost": 22555.17, "Total Cost": 89369.07, "Plan Rows": 230615, "Plan Width": 120, "Actual Startup Time": 663.08, "Actual Total Time": 1053.514, "Actual Rows": 230028, "Actual Loops": 4, "Inner Unique": false, "Hash Cond": "(t.id = mi_idx.movie_id)", "Plans": [{"Node Type": "Seq Scan", "Parent Relationship": "Outer", "Parallel Aware": true, "Relation Name": "title", "Alias": "t", "Startup Cost": 0.0, "Total Cost": 42336.73, "Plan Rows": 632073, "Plan Width": 95, "Actual Startup Time": 0.05, "Actual Total Time": 186.831, "Actual Rows": 632078, "Actual Loops": 4}, {"Node Type": "Hash", "Parent Relationship": "Inner", "Parallel Aware": true, "Startup Cost": 15122.68, "Total Cost": 15122.68, "Plan Rows": 384359, "Plan Width": 25, "Actual Startup Time": 160.431, "Actual Total Time": 160.434, "Actual Rows": 230028, "Actual Loops": 4, "Hash Buckets": 65536, "Original Hash Buckets": 65536, "Hash Batches": 32, "Original Hash Batches": 32, "Peak Memory Usage": 1920, "Plans": [{"Node Type": "Seq Scan", "Parent Relationship": "Outer", "Parallel Aware": true, "Relation Name": "movie_info_idx", "Alias": "mi_idx", "Startup Cost": 0.0, "Total Cost": 15122.68, "Plan Rows": 384359, "Plan Width": 25, "Actual Startup Time": 0.049, "Actual Total Time": 97.132, "Actual Rows": 230028, "Actual Loops": 4, "Filter": "(info_type_id > 99)", "Rows Removed by Filter": 114981}]}]}]}]}]}]}]}, "Planning Time": 2.377, "Triggers": [], "Execution Time": 23673.24}