{"Plan": {"Node Type": "Gather", "Parallel Aware": false, "Startup Cost": 88256.45, "Total Cost": 682423.03, "Plan Rows": 2170556, "Plan Width": 176, "Actual Startup Time": 3531.401, "Actual Total Time": 8756.051, "Actual Rows": 11460602, "Actual Loops": 1, "Workers Planned": 6, "Workers Launched": 6, "Single Copy": false, "Plans": [{"Node Type": "Hash Join", "Parent Relationship": "Outer", "Parallel Aware": true, "Join Type": "Inner", "Startup Cost": 87256.45, "Total Cost": 464367.43, "Plan Rows": 361759, "Plan Width": 176, "Actual Startup Time": 3530.648, "Actual Total Time": 6458.689, "Actual Rows": 1637229, "Actual Loops": 7, "Inner Unique": false, "Hash Cond": "(ci.movie_id = t.id)", "Plans": [{"Node Type": "Seq Scan", "Parent Relationship": "Outer", "Parallel Aware": true, "Relation Name": "cast_info", "Alias": "ci", "Startup Cost": 0.0, "Total Cost": 327657.8, "Plan Rows": 1998875, "Plan Width": 56, "Actual Startup Time": 0.052, "Actual Total Time": 1558.197, "Actual Rows": 4449165, "Actual Loops": 7, "Filter": "(person_id < 3157904)", "Rows Removed by Filter": 728598}, {"Node Type": "Hash", "Parent Relationship": "Inner", "Parallel Aware": true, "Startup Cost": 83815.52, "Total Cost": 83815.52, "Plan Rows": 114394, "Plan Width": 120, "Actual Startup Time": 597.357, "Actual Total Time": 597.382, "Actual Rows": 65704, "Actual Loops": 7, "Hash Buckets": 32768, "Original Hash Buckets": 32768, "Hash Batches": 32, "Original Hash Batches": 32, "Peak Memory Usage": 2336, "Plans": [{"Node Type": "Hash Join", "Parent Relationship": "Outer", "Parallel Aware": true, "Join Type": "Inner", "Startup Cost": 18809.88, "Total Cost": 83815.52, "Plan Rows": 114394, "Plan Width": 120, "Actual Startup Time": 359.032, "Actual Total Time": 541.429, "Actual Rows": 65704, "Actual Loops": 7, "Inner Unique": false, "Hash Cond": "(t.id = mi_idx.movie_id)", "Plans": [{"Node Type": "Seq Scan", "Parent Relationship": "Outer", "Parallel Aware": true, "Relation Name": "title", "Alias": "t", "Startup Cost": 0.0, "Total Cost": 42336.73, "Plan Rows": 632073, "Plan Width": 95, "Actual Startup Time": 0.04, "Actual Total Time": 101.614, "Actual Rows": 361187, "Actual Loops": 7}, {"Node Type": "Hash", "Parent Relationship": "Inner", "Parallel Aware": true, "Startup Cost": 15122.68, "Total Cost": 15122.68, "Plan Rows": 190656, "Plan Width": 25, "Actual Startup Time": 71.643, "Actual Total Time": 71.646, "Actual Rows": 65704, "Actual Loops": 7, "Hash Buckets": 65536, "Original Hash Buckets": 65536, "Hash Batches": 16, "Original Hash Batches": 16, "Peak Memory Usage": 2176, "Plans": [{"Node Type": "Seq Scan", "Parent Relationship": "Outer", "Parallel Aware": true, "Relation Name": "movie_info_idx", "Alias": "mi_idx", "Startup Cost": 0.0, "Total Cost": 15122.68, "Plan Rows": 190656, "Plan Width": 25, "Actual Startup Time": 0.056, "Actual Total Time": 50.212, "Actual Rows": 65704, "Actual Loops": 7, "Filter": "(info_type_id = 99)", "Rows Removed by Filter": 131444}]}]}]}]}]}, "Planning Time": 1.688, "Triggers": [], "Execution Time": 9429.692}