{"Plan": {"Node Type": "Hash Join", "Parallel Aware": false, "Join Type": "Inner", "Startup Cost": 424377.31, "Total Cost": 1121766.3, "Plan Rows": 9476061, "Plan Width": 180, "Actual Startup Time": 10679.324, "Actual Total Time": 70416.454, "Actual Rows": 121680445, "Actual Loops": 1, "Inner Unique": false, "Hash Cond": "(mi.movie_id = t.id)", "Plans": [{"Node Type": "Seq Scan", "Parent Relationship": "Outer", "Parallel Aware": false, "Relation Name": "movie_info", "Alias": "mi", "Startup Cost": 0.0, "Total Cost": 346718.34, "Plan Rows": 5295891, "Plan Width": 73, "Actual Startup Time": 0.042, "Actual Total Time": 4057.426, "Actual Rows": 5270569, "Actual Loops": 1, "Filter": "(info_type_id > 15)", "Rows Removed by Filter": 9565151}, {"Node Type": "Hash", "Parent Relationship": "Inner", "Parallel Aware": false, "Startup Cost": 292723.19, "Total Cost": 292723.19, "Plan Rows": 4523930, "Plan Width": 107, "Actual Startup Time": 10674.609, "Actual Total Time": 10674.626, "Actual Rows": 4523930, "Actual Loops": 1, "Hash Buckets": 32768, "Original Hash Buckets": 32768, "Hash Batches": 256, "Original Hash Batches": 256, "Peak Memory Usage": 2552, "Plans": [{"Node Type": "Hash Join", "Parent Relationship": "Outer", "Parallel Aware": false, "Join Type": "Inner", "Startup Cost": 129938.55, "Total Cost": 292723.19, "Plan Rows": 4523930, "Plan Width": 107, "Actual Startup Time": 2034.187, "Actual Total Time": 8001.194, "Actual Rows": 4523930, "Actual Loops": 1, "Inner Unique": true, "Hash Cond": "(mk.movie_id = t.id)", "Plans": [{"Node Type": "Seq Scan", "Parent Relationship": "Outer", "Parallel Aware": false, "Relation Name": "movie_keyword", "Alias": "mk", "Startup Cost": 0.0, "Total Cost": 69693.3, "Plan Rows": 4523930, "Plan Width": 12, "Actual Startup Time": 0.041, "Actual Total Time": 969.443, "Actual Rows": 4523930, "Actual Loops": 1}, {"Node Type": "Hash", "Parent Relationship": "Inner", "Parallel Aware": false, "Startup Cost": 61298.91, "Total Cost": 61298.91, "Plan Rows": 2528291, "Plan Width": 95, "Actual Startup Time": 2023.6, "Actual Total Time": 2023.603, "Actual Rows": 2528312, "Actual Loops": 1, "Hash Buckets": 32768, "Original Hash Buckets": 32768, "Hash Batches": 128, "Original Hash Batches": 128, "Peak Memory Usage": 2453, "Plans": [{"Node Type": "Seq Scan", "Parent Relationship": "Outer", "Parallel Aware": false, "Relation Name": "title", "Alias": "t", "Startup Cost": 0.0, "Total Cost": 61298.91, "Plan Rows": 2528291, "Plan Width": 95, "Actual Startup Time": 0.026, "Actual Total Time": 626.726, "Actual Rows": 2528312, "Actual Loops": 1}]}]}]}]}, "Planning Time": 1.719, "Triggers": [], "Execution Time": 77290.168}