{"Plan": {"Node Type": "Hash Join", "Parallel Aware": false, "Join Type": "Inner", "Startup Cost": 129938.55, "Total Cost": 285140.41, "Plan Rows": 2999134, "Plan Width": 107, "Actual Startup Time": 2061.765, "Actual Total Time": 6720.373, "Actual Rows": 2986860, "Actual Loops": 1, "Inner Unique": true, "Hash Cond": "(mk.movie_id = t.id)", "Plans": [{"Node Type": "Seq Scan", "Parent Relationship": "Outer", "Parallel Aware": false, "Relation Name": "movie_keyword", "Alias": "mk", "Startup Cost": 0.0, "Total Cost": 81003.12, "Plan Rows": 2999134, "Plan Width": 12, "Actual Startup Time": 0.071, "Actual Total Time": 1188.042, "Actual Rows": 2986860, "Actual Loops": 1, "Filter": "(keyword_id > 2242)", "Rows Removed by Filter": 1537070}, {"Node Type": "Hash", "Parent Relationship": "Inner", "Parallel Aware": false, "Startup Cost": 61298.91, "Total Cost": 61298.91, "Plan Rows": 2528291, "Plan Width": 95, "Actual Startup Time": 2055.804, "Actual Total Time": 2055.806, "Actual Rows": 2528312, "Actual Loops": 1, "Hash Buckets": 32768, "Original Hash Buckets": 32768, "Hash Batches": 128, "Original Hash Batches": 128, "Peak Memory Usage": 2453, "Plans": [{"Node Type": "Seq Scan", "Parent Relationship": "Outer", "Parallel Aware": false, "Relation Name": "title", "Alias": "t", "Startup Cost": 0.0, "Total Cost": 61298.91, "Plan Rows": 2528291, "Plan Width": 95, "Actual Startup Time": 0.032, "Actual Total Time": 638.672, "Actual Rows": 2528312, "Actual Loops": 1}]}]}, "Planning Time": 1.384, "Triggers": [], "Execution Time": 6882.665}