{"Plan": {"Node Type": "Gather", "Parallel Aware": false, "Startup Cost": 1000.0, "Total Cost": 349645.96, "Plan Rows": 59966, "Plan Width": 56, "Actual Startup Time": 1186.538, "Actual Total Time": 1190.275, "Actual Rows": 1, "Actual Loops": 1, "Workers Planned": 6, "Workers Launched": 6, "Single Copy": false, "Plans": [{"Node Type": "Seq Scan", "Parent Relationship": "Outer", "Parallel Aware": true, "Relation Name": "cast_info", "Alias": "ci", "Startup Cost": 0.0, "Total Cost": 342649.36, "Plan Rows": 9994, "Plan Width": 56, "Actual Startup Time": 1141.98, "Actual Total Time": 1180.469, "Actual Rows": 0, "Actual Loops": 7, "Filter": "((role_id > 2) AND (person_id = 3374181))", "Rows Removed by Filter": 5177763}]}, "Planning Time": 0.938, "Triggers": [], "Execution Time": 1190.412}