{"Plan": {"Node Type": "Gather", "Parallel Aware": false, "Startup Cost": 1000.0, "Total Cost": 743424.26, "Plan Rows": 3997749, "Plan Width": 56, "Actual Startup Time": 196.723, "Actual Total Time": 7305.75, "Actual Rows": 22605471, "Actual Loops": 1, "Workers Planned": 6, "Workers Launched": 6, "Single Copy": false, "Plans": [{"Node Type": "Seq Scan", "Parent Relationship": "Outer", "Parallel Aware": true, "Relation Name": "cast_info", "Alias": "ci", "Startup Cost": 0.0, "Total Cost": 342649.36, "Plan Rows": 666292, "Plan Width": 56, "Actual Startup Time": 190.705, "Actual Total Time": 1645.632, "Actual Rows": 3229353, "Actual Loops": 7, "Filter": "((person_id > 820744) AND (role_id < 9))", "Rows Removed by Filter": 1948410}]}, "Planning Time": 0.576, "Triggers": [], "Execution Time": 8594.121}