{"Plan": {"Node Type": "Gather", "Parallel Aware": false, "Startup Cost": 1000.43, "Total Cost": 77444.4, "Plan Rows": 1292, "Plan Width": 107, "Actual Startup Time": 1.149, "Actual Total Time": 297.862, "Actual Rows": 3461, "Actual Loops": 1, "Workers Planned": 3, "Workers Launched": 3, "Single Copy": false, "Plans": [{"Node Type": "Nested Loop", "Parent Relationship": "Outer", "Parallel Aware": false, "Join Type": "Inner", "Startup Cost": 0.43, "Total Cost": 76315.2, "Plan Rows": 417, "Plan Width": 107, "Actual Startup Time": 0.434, "Actual Total Time": 286.156, "Actual Rows": 865, "Actual Loops": 4, "Inner Unique": true, "Plans": [{"Node Type": "Seq Scan", "Parent Relationship": "Outer", "Parallel Aware": true, "Relation Name": "movie_keyword", "Alias": "mk", "Startup Cost": 0.0, "Total Cost": 42695.65, "Plan Rows": 6081, "Plan Width": 12, "Actual Startup Time": 0.191, "Actual Total Time": 209.079, "Actual Rows": 4882, "Actual Loops": 4, "Filter": "(keyword_id = 137)", "Rows Removed by Filter": 1126100}, {"Node Type": "Index Scan", "Parent Relationship": "Inner", "Parallel Aware": false, "Scan Direction": "Forward", "Index Name": "title_pkey", "Relation Name": "title", "Alias": "t", "Startup Cost": 0.43, "Total Cost": 5.53, "Plan Rows": 1, "Plan Width": 95, "Actual Startup Time": 0.015, "Actual Total Time": 0.015, "Actual Rows": 0, "Actual Loops": 19528, "Index Cond": "(id = mk.movie_id)", "Rows Removed by Index Recheck": 0, "Filter": "(production_year < 1952)", "Rows Removed by Filter": 1}]}]}, "Planning Time": 1.601, "Triggers": [], "Execution Time": 298.544}