{"Plan": {"Node Type": "Hash Join", "Parallel Aware": false, "Join Type": "Inner", "Startup Cost": 1847600.72, "Total Cost": 3654278.2, "Plan Rows": 62922928, "Plan Width": 236, "Actual Startup Time": 22135.337, "Actual Total Time": 72986.715, "Actual Rows": 56992293, "Actual Loops": 1, "Inner Unique": false, "Hash Cond": "(mi.movie_id = t.id)", "Plans": [{"Node Type": "Seq Scan", "Parent Relationship": "Outer", "Parallel Aware": false, "Relation Name": "movie_info", "Alias": "mi", "Startup Cost": 0.0, "Total Cost": 309773.27, "Plan Rows": 14778027, "Plan Width": 73, "Actual Startup Time": 0.05, "Actual Total Time": 4033.143, "Actual Rows": 14835720, "Actual Loops": 1}, {"Node Type": "Hash", "Parent Relationship": "Inner", "Parallel Aware": false, "Startup Cost": 1460728.52, "Total Cost": 1460728.52, "Plan Rows": 10765136, "Plan Width": 163, "Actual Startup Time": 22052.874, "Actual Total Time": 22052.892, "Actual Rows": 3861160, "Actual Loops": 1, "Hash Buckets": 32768, "Original Hash Buckets": 32768, "Hash Batches": 1024, "Original Hash Batches": 1024, "Peak Memory Usage": 2519, "Plans": [{"Node Type": "Hash Join", "Parent Relationship": "Outer", "Parallel Aware": false, "Join Type": "Inner", "Startup Cost": 318744.13, "Total Cost": 1460728.52, "Plan Rows": 10765136, "Plan Width": 163, "Actual Startup Time": 9561.353, "Actual Total Time": 18999.056, "Actual Rows": 3861160, "Actual Loops": 1, "Inner Unique": false, "Hash Cond": "(ci.movie_id = t.id)", "Plans": [{"Node Type": "Seq Scan", "Parent Relationship": "Outer", "Parallel Aware": false, "Relation Name": "cast_info", "Alias": "ci", "Startup Cost": 0.0, "Total Cost": 702446.8, "Plan Rows": 11993248, "Plan Width": 56, "Actual Startup Time": 4019.093, "Actual Total Time": 7210.334, "Actual Rows": 6715674, "Actual Loops": 1, "Filter": "(person_id > 2989235)", "Rows Removed by Filter": 29528670}, {"Node Type": "Hash", "Parent Relationship": "Inner", "Parallel Aware": false, "Startup Cost": 252700.72, "Total Cost": 252700.72, "Plan Rows": 2269393, "Plan Width": 107, "Actual Startup Time": 5535.973, "Actual Total Time": 5535.985, "Actual Rows": 551117, "Actual Loops": 1, "Hash Buckets": 32768, "Original Hash Buckets": 32768, "Hash Batches": 128, "Original Hash Batches": 128, "Peak Memory Usage": 881, "Plans": [{"Node Type": "Hash Join", "Parent Relationship": "Outer", "Parallel Aware": false, "Join Type": "Inner", "Startup Cost": 108373.08, "Total Cost": 252700.72, "Plan Rows": 2269393, "Plan Width": 107, "Actual Startup Time": 2470.256, "Actual Total Time": 5184.675, "Actual Rows": 551117, "Actual Loops": 1, "Inner Unique": true, "Hash Cond": "(mk.movie_id = t.id)", "Plans": [{"Node Type": "Seq Scan", "Parent Relationship": "Outer", "Parallel Aware": false, "Relation Name": "movie_keyword", "Alias": "mk", "Startup Cost": 0.0, "Total Cost": 69693.3, "Plan Rows": 4523930, "Plan Width": 12, "Actual Startup Time": 0.043, "Actual Total Time": 931.995, "Actual Rows": 4523930, "Actual Loops": 1}, {"Node Type": "Hash", "Parent Relationship": "Inner", "Parallel Aware": false, "Startup Cost": 73940.36, "Total Cost": 73940.36, "Plan Rows": 1268297, "Plan Width": 95, "Actual Startup Time": 1531.035, "Actual Total Time": 1531.038, "Actual Rows": 1221534, "Actual Loops": 1, "Hash Buckets": 32768, "Original Hash Buckets": 32768, "Hash Batches": 64, "Original Hash Batches": 64, "Peak Memory Usage": 2425, "Plans": [{"Node Type": "Seq Scan", "Parent Relationship": "Outer", "Parallel Aware": false, "Relation Name": "title", "Alias": "t", "Startup Cost": 0.0, "Total Cost": 73940.36, "Plan Rows": 1268297, "Plan Width": 95, "Actual Startup Time": 0.035, "Actual Total Time": 970.301, "Actual Rows": 1221534, "Actual Loops": 1, "Filter": "((production_year < 2011) AND (kind_id = 7))", "Rows Removed by Filter": 1306778}]}]}]}]}]}]}, "Planning Time": 2.425, "Triggers": [], "Execution Time": 76213.589}