{"Plan": {"Node Type": "Gather", "Parallel Aware": false, "Startup Cost": 50163.35, "Total Cost": 144245.04, "Plan Rows": 471755, "Plan Width": 135, "Actual Startup Time": 545.63, "Actual Total Time": 1031.238, "Actual Rows": 728512, "Actual Loops": 1, "Workers Planned": 4, "Workers Launched": 4, "Single Copy": false, "Plans": [{"Node Type": "Hash Join", "Parent Relationship": "Outer", "Parallel Aware": true, "Join Type": "Inner", "Startup Cost": 49163.35, "Total Cost": 96069.54, "Plan Rows": 117939, "Plan Width": 135, "Actual Startup Time": 537.181, "Actual Total Time": 788.35, "Actual Rows": 145702, "Actual Loops": 5, "Inner Unique": true, "Hash Cond": "(mc.movie_id = t.id)", "Plans": [{"Node Type": "Seq Scan", "Parent Relationship": "Outer", "Parallel Aware": true, "Relation Name": "movie_companies", "Alias": "mc", "Startup Cost": 0.0, "Total Cost": 37034.53, "Plan Rows": 385778, "Plan Width": 40, "Actual Startup Time": 0.056, "Actual Total Time": 162.361, "Actual Rows": 310535, "Actual Loops": 5, "Filter": "(company_id < 14821)", "Rows Removed by Filter": 211290}, {"Node Type": "Hash", "Parent Relationship": "Inner", "Parallel Aware": true, "Startup Cost": 43916.91, "Total Cost": 43916.91, "Plan Rows": 193235, "Plan Width": 95, "Actual Startup Time": 263.001, "Actual Total Time": 263.002, "Actual Rows": 156535, "Actual Loops": 5, "Hash Buckets": 32768, "Original Hash Buckets": 32768, "Hash Batches": 32, "Original Hash Batches": 32, "Peak Memory Usage": 3200, "Plans": [{"Node Type": "Seq Scan", "Parent Relationship": "Outer", "Parallel Aware": true, "Relation Name": "title", "Alias": "t", "Startup Cost": 0.0, "Total Cost": 43916.91, "Plan Rows": 193235, "Plan Width": 95, "Actual Startup Time": 0.056, "Actual Total Time": 186.97, "Actual Rows": 156535, "Actual Loops": 5, "Filter": "(production_year < 1994)", "Rows Removed by Filter": 349127}]}]}]}, "Planning Time": 1.373, "Triggers": [], "Execution Time": 1074.837}