{"Plan": {"Node Type": "Hash Join", "Parallel Aware": false, "Join Type": "Inner", "Startup Cost": 1109248.85, "Total Cost": 2186429.42, "Plan Rows": 18058760, "Plan Width": 224, "Actual Startup Time": 5932.847, "Actual Total Time": 44061.227, "Actual Rows": 43289689, "Actual Loops": 1, "Inner Unique": false, "Hash Cond": "(mi.movie_id = t.id)", "Plans": [{"Node Type": "Seq Scan", "Parent Relationship": "Outer", "Parallel Aware": false, "Relation Name": "movie_info", "Alias": "mi", "Startup Cost": 0.0, "Total Cost": 346718.34, "Plan Rows": 9940132, "Plan Width": 73, "Actual Startup Time": 0.067, "Actual Total Time": 4806.25, "Actual Rows": 9911754, "Actual Loops": 1, "Filter": "(info_type_id > 4)", "Rows Removed by Filter": 4923966}, {"Node Type": "Hash", "Parent Relationship": "Inner", "Parallel Aware": false, "Startup Cost": 953148.86, "Total Cost": 953148.86, "Plan Rows": 4593279, "Plan Width": 151, "Actual Startup Time": 5919.553, "Actual Total Time": 6581.372, "Actual Rows": 3451400, "Actual Loops": 1, "Hash Buckets": 32768, "Original Hash Buckets": 32768, "Hash Batches": 256, "Original Hash Batches": 256, "Peak Memory Usage": 2206, "Plans": [{"Node Type": "Gather", "Parent Relationship": "Outer", "Parallel Aware": false, "Startup Cost": 47108.56, "Total Cost": 953148.86, "Plan Rows": 4593279, "Plan Width": 151, "Actual Startup Time": 2983.529, "Actual Total Time": 4829.081, "Actual Rows": 3451400, "Actual Loops": 1, "Workers Planned": 6, "Workers Launched": 6, "Single Copy": false, "Plans": [{"Node Type": "Hash Join", "Parent Relationship": "Outer", "Parallel Aware": true, "Join Type": "Inner", "Startup Cost": 46108.56, "Total Cost": 492820.96, "Plan Rows": 765546, "Plan Width": 151, "Actual Startup Time": 2975.424, "Actual Total Time": 4759.09, "Actual Rows": 493057, "Actual Loops": 7, "Inner Unique": true, "Hash Cond": "(ci.movie_id = t.id)", "Plans": [{"Node Type": "Seq Scan", "Parent Relationship": "Outer", "Parallel Aware": true, "Relation Name": "cast_info", "Alias": "ci", "Startup Cost": 0.0, "Total Cost": 312666.24, "Plan Rows": 5996624, "Plan Width": 56, "Actual Startup Time": 0.05, "Actual Total Time": 1194.468, "Actual Rows": 5177763, "Actual Loops": 7}, {"Node Type": "Hash", "Parent Relationship": "Inner", "Parallel Aware": true, "Startup Cost": 43916.91, "Total Cost": 43916.91, "Plan Rows": 80692, "Plan Width": 95, "Actual Startup Time": 149.659, "Actual Total Time": 149.662, "Actual Rows": 46178, "Actual Loops": 7, "Hash Buckets": 32768, "Original Hash Buckets": 32768, "Hash Batches": 16, "Original Hash Batches": 16, "Peak Memory Usage": 2656, "Plans": [{"Node Type": "Seq Scan", "Parent Relationship": "Outer", "Parallel Aware": true, "Relation Name": "title", "Alias": "t", "Startup Cost": 0.0, "Total Cost": 43916.91, "Plan Rows": 80692, "Plan Width": 95, "Actual Startup Time": 0.053, "Actual Total Time": 124.886, "Actual Rows": 46178, "Actual Loops": 7, "Filter": "(production_year < 1967)", "Rows Removed by Filter": 315010}]}]}]}]}]}, "Planning Time": 2.266, "Triggers": [], "Execution Time": 46640.453}