{"Plan": {"Node Type": "Gather", "Parallel Aware": false, "Startup Cost": 104928.1, "Total Cost": 293468.59, "Plan Rows": 1253369, "Plan Width": 147, "Actual Startup Time": 1912.302, "Actual Total Time": 7132.59, "Actual Rows": 11847782, "Actual Loops": 1, "Workers Planned": 3, "Workers Launched": 3, "Single Copy": false, "Plans": [{"Node Type": "Hash Join", "Parent Relationship": "Outer", "Parallel Aware": true, "Join Type": "Inner", "Startup Cost": 103928.1, "Total Cost": 167131.69, "Plan Rows": 404313, "Plan Width": 147, "Actual Startup Time": 1912.582, "Actual Total Time": 3663.147, "Actual Rows": 2961946, "Actual Loops": 4, "Inner Unique": false, "Hash Cond": "(mk.movie_id = t.id)", "Plans": [{"Node Type": "Seq Scan", "Parent Relationship": "Outer", "Parallel Aware": true, "Relation Name": "movie_keyword", "Alias": "mk", "Startup Cost": 0.0, "Total Cost": 39047.32, "Plan Rows": 1459332, "Plan Width": 12, "Actual Startup Time": 0.077, "Actual Total Time": 252.789, "Actual Rows": 1130982, "Actual Loops": 4}, {"Node Type": "Hash", "Parent Relationship": "Inner", "Parallel Aware": true, "Startup Cost": 98318.12, "Total Cost": 98318.12, "Plan Rows": 175118, "Plan Width": 135, "Actual Startup Time": 1332.062, "Actual Total Time": 1332.504, "Actual Rows": 262925, "Actual Loops": 4, "Hash Buckets": 32768, "Original Hash Buckets": 32768, "Hash Batches": 64, "Original Hash Batches": 32, "Peak Memory Usage": 2752, "Plans": [{"Node Type": "Hash Join", "Parent Relationship": "Outer", "Parallel Aware": true, "Join Type": "Inner", "Startup Cost": 48524.06, "Total Cost": 98318.12, "Plan Rows": 175118, "Plan Width": 135, "Actual Startup Time": 705.882, "Actual Total Time": 1109.453, "Actual Rows": 262925, "Actual Loops": 4, "Inner Unique": true, "Hash Cond": "(mc.movie_id = t.id)", "Plans": [{"Node Type": "Seq Scan", "Parent Relationship": "Outer", "Parallel Aware": true, "Relation Name": "movie_companies", "Alias": "mc", "Startup Cost": 0.0, "Total Cost": 35403.82, "Plan Rows": 652282, "Plan Width": 40, "Actual Startup Time": 0.054, "Actual Total Time": 171.865, "Actual Rows": 652282, "Actual Loops": 4}, {"Node Type": "Hash", "Parent Relationship": "Inner", "Parallel Aware": true, "Startup Cost": 43916.91, "Total Cost": 43916.91, "Plan Rows": 169692, "Plan Width": 95, "Actual Startup Time": 316.325, "Actual Total Time": 316.329, "Actual Rows": 171036, "Actual Loops": 4, "Hash Buckets": 32768, "Original Hash Buckets": 32768, "Hash Batches": 32, "Original Hash Batches": 32, "Peak Memory Usage": 2784, "Plans": [{"Node Type": "Seq Scan", "Parent Relationship": "Outer", "Parallel Aware": true, "Relation Name": "title", "Alias": "t", "Startup Cost": 0.0, "Total Cost": 43916.91, "Plan Rows": 169692, "Plan Width": 95, "Actual Startup Time": 0.054, "Actual Total Time": 229.134, "Actual Rows": 171036, "Actual Loops": 4, "Filter": "(production_year < 1990)", "Rows Removed by Filter": 461042}]}]}]}]}]}, "Planning Time": 1.695, "Triggers": [], "Execution Time": 7830.777}