{"Plan": {"Node Type": "Gather", "Parallel Aware": false, "Startup Cost": 99521.12, "Total Cost": 299407.81, "Plan Rows": 6, "Plan Width": 245, "Actual Startup Time": 955.662, "Actual Total Time": 959.178, "Actual Rows": 24, "Actual Loops": 1, "Workers Planned": 5, "Workers Launched": 5, "Single Copy": false, "Plans": [{"Node Type": "Hash Join", "Parent Relationship": "Outer", "Parallel Aware": true, "Join Type": "Inner", "Startup Cost": 98521.12, "Total Cost": 298407.21, "Plan Rows": 1, "Plan Width": 245, "Actual Startup Time": 616.683, "Actual Total Time": 948.187, "Actual Rows": 4, "Actual Loops": 6, "Inner Unique": false, "Hash Cond": "(mi.movie_id = t.id)", "Plans": [{"Node Type": "Seq Scan", "Parent Relationship": "Outer", "Parallel Aware": true, "Relation Name": "movie_info", "Alias": "mi", "Startup Cost": 0.0, "Total Cost": 198938.07, "Plan Rows": 252803, "Plan Width": 73, "Actual Startup Time": 62.991, "Actual Total Time": 583.349, "Actual Rows": 220894, "Actual Loops": 6, "Filter": "(info_type_id = 8)", "Rows Removed by Filter": 2251726}, {"Node Type": "Hash", "Parent Relationship": "Inner", "Parallel Aware": true, "Startup Cost": 98521.06, "Total Cost": 98521.06, "Plan Rows": 5, "Plan Width": 172, "Actual Startup Time": 334.143, "Actual Total Time": 334.15, "Actual Rows": 2, "Actual Loops": 6, "Hash Buckets": 1024, "Original Hash Buckets": 1024, "Hash Batches": 1, "Original Hash Batches": 1, "Peak Memory Usage": 136, "Plans": [{"Node Type": "Hash Join", "Parent Relationship": "Outer", "Parallel Aware": true, "Join Type": "Inner", "Startup Cost": 82682.4, "Total Cost": 98521.06, "Plan Rows": 5, "Plan Width": 172, "Actual Startup Time": 306.519, "Actual Total Time": 334.029, "Actual Rows": 2, "Actual Loops": 6, "Inner Unique": false, "Hash Cond": "(mi_idx.movie_id = t.id)", "Plans": [{"Node Type": "Seq Scan", "Parent Relationship": "Outer", "Parallel Aware": true, "Relation Name": "movie_info_idx", "Alias": "mi_idx", "Startup Cost": 0.0, "Total Cost": 15122.68, "Plan Rows": 190924, "Plan Width": 25, "Actual Startup Time": 0.059, "Actual Total Time": 51.479, "Actual Rows": 76654, "Actual Loops": 6, "Filter": "(info_type_id = 101)", "Rows Removed by Filter": 153352}, {"Node Type": "Hash", "Parent Relationship": "Inner", "Parallel Aware": true, "Startup Cost": 82682.19, "Total Cost": 82682.19, "Plan Rows": 17, "Plan Width": 147, "Actual Startup Time": 272.161, "Actual Total Time": 272.166, "Actual Rows": 3, "Actual Loops": 6, "Hash Buckets": 1024, "Original Hash Buckets": 1024, "Hash Batches": 1, "Original Hash Batches": 1, "Peak Memory Usage": 104, "Plans": [{"Node Type": "Hash Join", "Parent Relationship": "Outer", "Parallel Aware": true, "Join Type": "Inner", "Startup Cost": 43368.58, "Total Cost": 82682.19, "Plan Rows": 17, "Plan Width": 147, "Actual Startup Time": 229.679, "Actual Total Time": 272.059, "Actual Rows": 3, "Actual Loops": 6, "Inner Unique": false, "Hash Cond": "(mc.movie_id = t.id)", "Plans": [{"Node Type": "Seq Scan", "Parent Relationship": "Outer", "Parallel Aware": true, "Relation Name": "movie_companies", "Alias": "mc", "Startup Cost": 0.0, "Total Cost": 38665.23, "Plan Rows": 172886, "Plan Width": 40, "Actual Startup Time": 5.476, "Actual Total Time": 114.353, "Actual Rows": 153159, "Actual Loops": 6, "Filter": "((company_id > 11203) AND (company_type_id = 2))", "Rows Removed by Filter": 281696}, {"Node Type": "Hash", "Parent Relationship": "Inner", "Parallel Aware": true, "Startup Cost": 43367.58, "Total Cost": 43367.58, "Plan Rows": 80, "Plan Width": 107, "Actual Startup Time": 137.203, "Actual Total Time": 137.205, "Actual Rows": 1, "Actual Loops": 6, "Hash Buckets": 1024, "Original Hash Buckets": 1024, "Hash Batches": 1, "Original Hash Batches": 1, "Peak Memory Usage": 136, "Plans": [{"Node Type": "Nested Loop", "Parent Relationship": "Outer", "Parallel Aware": false, "Join Type": "Inner", "Startup Cost": 0.43, "Total Cost": 43367.58, "Plan Rows": 80, "Plan Width": 107, "Actual Startup Time": 80.571, "Actual Total Time": 137.147, "Actual Rows": 1, "Actual Loops": 6, "Inner Unique": true, "Plans": [{"Node Type": "Seq Scan", "Parent Relationship": "Outer", "Parallel Aware": true, "Relation Name": "movie_keyword", "Alias": "mk", "Startup Cost": 0.0, "Total Cost": 42695.65, "Plan Rows": 80, "Plan Width": 12, "Actual Startup Time": 80.496, "Actual Total Time": 137.037, "Actual Rows": 1, "Actual Loops": 6, "Filter": "(keyword_id = 52288)", "Rows Removed by Filter": 753987}, {"Node Type": "Index Scan", "Parent Relationship": "Inner", "Parallel Aware": false, "Scan Direction": "Forward", "Index Name": "title_pkey", "Relation Name": "title", "Alias": "t", "Startup Cost": 0.43, "Total Cost": 8.4, "Plan Rows": 1, "Plan Width": 95, "Actual Startup Time": 0.07, "Actual Total Time": 0.07, "Actual Rows": 1, "Actual Loops": 8, "Index Cond": "(id = mk.movie_id)", "Rows Removed by Index Recheck": 0}]}]}]}]}]}]}]}]}, "Planning Time": 3.82, "Triggers": [], "Execution Time": 959.504}