{"Plan": {"Node Type": "Gather", "Parallel Aware": false, "Startup Cost": 52458.11, "Total Cost": 203334.85, "Plan Rows": 954313, "Plan Width": 107, "Actual Startup Time": 826.197, "Actual Total Time": 1465.356, "Actual Rows": 687170, "Actual Loops": 1, "Workers Planned": 3, "Workers Launched": 3, "Single Copy": false, "Plans": [{"Node Type": "Hash Join", "Parent Relationship": "Outer", "Parallel Aware": true, "Join Type": "Inner", "Startup Cost": 51458.11, "Total Cost": 106903.55, "Plan Rows": 307843, "Plan Width": 107, "Actual Startup Time": 828.347, "Actual Total Time": 1131.282, "Actual Rows": 171792, "Actual Loops": 4, "Inner Unique": true, "Hash Cond": "(mk.movie_id = t.id)", "Plans": [{"Node Type": "Seq Scan", "Parent Relationship": "Outer", "Parallel Aware": true, "Relation Name": "movie_keyword", "Alias": "mk", "Startup Cost": 0.0, "Total Cost": 42695.65, "Plan Rows": 700490, "Plan Width": 12, "Actual Startup Time": 0.07, "Actual Total Time": 287.331, "Actual Rows": 544767, "Actual Loops": 4, "Filter": "(keyword_id < 4297)", "Rows Removed by Filter": 586215}, {"Node Type": "Hash", "Parent Relationship": "Inner", "Parallel Aware": true, "Startup Cost": 43916.91, "Total Cost": 43916.91, "Plan Rows": 277776, "Plan Width": 95, "Actual Startup Time": 388.424, "Actual Total Time": 388.431, "Actual Rows": 276981, "Actual Loops": 4, "Hash Buckets": 32768, "Original Hash Buckets": 32768, "Hash Batches": 64, "Original Hash Batches": 64, "Peak Memory Usage": 2400, "Plans": [{"Node Type": "Seq Scan", "Parent Relationship": "Outer", "Parallel Aware": true, "Relation Name": "title", "Alias": "t", "Startup Cost": 0.0, "Total Cost": 43916.91, "Plan Rows": 277776, "Plan Width": 95, "Actual Startup Time": 0.072, "Actual Total Time": 254.5, "Actual Rows": 276981, "Actual Loops": 4, "Filter": "(production_year > 2004)", "Rows Removed by Filter": 355097}]}]}]}, "Planning Time": 1.34, "Triggers": [], "Execution Time": 1506.121}