{"Plan": {"Node Type": "Gather", "Parallel Aware": false, "Startup Cost": 94477.6, "Total Cost": 126207.46, "Plan Rows": 72974, "Plan Width": 160, "Actual Startup Time": 1194.951, "Actual Total Time": 1590.479, "Actual Rows": 344882, "Actual Loops": 1, "Workers Planned": 2, "Workers Launched": 2, "Single Copy": false, "Plans": [{"Node Type": "Hash Join", "Parent Relationship": "Outer", "Parallel Aware": true, "Join Type": "Inner", "Startup Cost": 93477.6, "Total Cost": 117910.06, "Plan Rows": 30406, "Plan Width": 160, "Actual Startup Time": 1186.235, "Actual Total Time": 1381.248, "Actual Rows": 114961, "Actual Loops": 3, "Inner Unique": false, "Hash Cond": "(mi_idx.movie_id = t.id)", "Plans": [{"Node Type": "Seq Scan", "Parent Relationship": "Outer", "Parallel Aware": true, "Relation Name": "movie_info_idx", "Alias": "mi_idx", "Startup Cost": 0.0, "Total Cost": 13685.15, "Plan Rows": 575015, "Plan Width": 25, "Actual Startup Time": 0.044, "Actual Total Time": 101.525, "Actual Rows": 460012, "Actual Loops": 3}, {"Node Type": "Hash", "Parent Relationship": "Inner", "Parallel Aware": true, "Startup Cost": 92406.81, "Total Cost": 92406.81, "Plan Rows": 33423, "Plan Width": 135, "Actual Startup Time": 935.892, "Actual Total Time": 936.107, "Actual Rows": 62575, "Actual Loops": 3, "Hash Buckets": 32768, "Original Hash Buckets": 32768, "Hash Batches": 8, "Original Hash Batches": 8, "Peak Memory Usage": 4032, "Plans": [{"Node Type": "Hash Join", "Parent Relationship": "Outer", "Parallel Aware": true, "Join Type": "Inner", "Startup Cost": 47568.58, "Total Cost": 92406.81, "Plan Rows": 33423, "Plan Width": 135, "Actual Startup Time": 721.88, "Actual Total Time": 887.163, "Actual Rows": 62575, "Actual Loops": 3, "Inner Unique": true, "Hash Cond": "(mc.movie_id = t.id)", "Plans": [{"Node Type": "Seq Scan", "Parent Relationship": "Outer", "Parallel Aware": true, "Relation Name": "movie_companies", "Alias": "mc", "Startup Cost": 0.0, "Total Cost": 38665.23, "Plan Rows": 276952, "Plan Width": 40, "Actual Startup Time": 0.051, "Actual Total Time": 263.921, "Actual Rows": 424749, "Actual Loops": 3, "Filter": "((company_id < 91092) AND (company_type_id = 1))", "Rows Removed by Filter": 444961}, {"Node Type": "Hash", "Parent Relationship": "Inner", "Parallel Aware": true, "Startup Cost": 45497.09, "Total Cost": 45497.09, "Plan Rows": 76279, "Plan Width": 95, "Actual Startup Time": 326.008, "Actual Total Time": 326.013, "Actual Rows": 88866, "Actual Loops": 3, "Hash Buckets": 32768, "Original Hash Buckets": 32768, "Hash Batches": 16, "Original Hash Batches": 16, "Peak Memory Usage": 2208, "Plans": [{"Node Type": "Seq Scan", "Parent Relationship": "Outer", "Parallel Aware": true, "Relation Name": "title", "Alias": "t", "Startup Cost": 0.0, "Total Cost": 45497.09, "Plan Rows": 76279, "Plan Width": 95, "Actual Startup Time": 0.119, "Actual Total Time": 284.725, "Actual Rows": 88866, "Actual Loops": 3, "Filter": "((kind_id < 7) AND (production_year > 2007))", "Rows Removed by Filter": 753904}]}]}]}]}]}, "Planning Time": 1.964, "Triggers": [], "Execution Time": 1611.191}