{"Plan": {"Node Type": "Gather", "Parallel Aware": false, "Startup Cost": 60496.64, "Total Cost": 329110.66, "Plan Rows": 572106, "Plan Width": 168, "Actual Startup Time": 1094.52, "Actual Total Time": 1698.045, "Actual Rows": 543367, "Actual Loops": 1, "Workers Planned": 5, "Workers Launched": 5, "Single Copy": false, "Plans": [{"Node Type": "Hash Join", "Parent Relationship": "Outer", "Parallel Aware": true, "Join Type": "Inner", "Startup Cost": 59496.64, "Total Cost": 270900.06, "Plan Rows": 114421, "Plan Width": 168, "Actual Startup Time": 1086.711, "Actual Total Time": 1346.525, "Actual Rows": 90561, "Actual Loops": 6, "Inner Unique": true, "Hash Cond": "(mi.movie_id = t.id)", "Plans": [{"Node Type": "Seq Scan", "Parent Relationship": "Outer", "Parallel Aware": true, "Relation Name": "movie_info", "Alias": "mi", "Startup Cost": 0.0, "Total Cost": 198938.07, "Plan Rows": 114421, "Plan Width": 73, "Actual Startup Time": 499.607, "Actual Total Time": 589.827, "Actual Rows": 90561, "Actual Loops": 6, "Filter": "(info_type_id > 98)", "Rows Removed by Filter": 2382059}, {"Node Type": "Hash", "Parent Relationship": "Inner", "Parallel Aware": true, "Startup Cost": 42336.73, "Total Cost": 42336.73, "Plan Rows": 632073, "Plan Width": 95, "Actual Startup Time": 415.345, "Actual Total Time": 415.349, "Actual Rows": 421385, "Actual Loops": 6, "Hash Buckets": 32768, "Original Hash Buckets": 32768, "Hash Batches": 128, "Original Hash Batches": 128, "Peak Memory Usage": 2624, "Plans": [{"Node Type": "Seq Scan", "Parent Relationship": "Outer", "Parallel Aware": true, "Relation Name": "title", "Alias": "t", "Startup Cost": 0.0, "Total Cost": 42336.73, "Plan Rows": 632073, "Plan Width": 95, "Actual Startup Time": 0.05, "Actual Total Time": 116.564, "Actual Rows": 421385, "Actual Loops": 6}]}]}]}, "Planning Time": 1.495, "Triggers": [], "Execution Time": 1729.385}