{"Plan": {"Node Type": "Gather", "Parallel Aware": false, "Startup Cost": 42491.36, "Total Cost": 144473.78, "Plan Rows": 412403, "Plan Width": 135, "Actual Startup Time": 544.971, "Actual Total Time": 853.353, "Actual Rows": 221798, "Actual Loops": 1, "Workers Planned": 4, "Workers Launched": 4, "Single Copy": false, "Plans": [{"Node Type": "Hash Join", "Parent Relationship": "Outer", "Parallel Aware": true, "Join Type": "Inner", "Startup Cost": 41491.36, "Total Cost": 102233.48, "Plan Rows": 103101, "Plan Width": 135, "Actual Startup Time": 537.609, "Actual Total Time": 704.353, "Actual Rows": 44360, "Actual Loops": 5, "Inner Unique": false, "Hash Cond": "(t.id = mc.movie_id)", "Plans": [{"Node Type": "Seq Scan", "Parent Relationship": "Outer", "Parallel Aware": true, "Relation Name": "title", "Alias": "t", "Startup Cost": 0.0, "Total Cost": 43916.91, "Plan Rows": 468390, "Plan Width": 95, "Actual Startup Time": 0.057, "Actual Total Time": 222.086, "Actual Rows": 374240, "Actual Loops": 5, "Filter": "(production_year > 1984)", "Rows Removed by Filter": 131423}, {"Node Type": "Hash", "Parent Relationship": "Inner", "Parallel Aware": true, "Startup Cost": 38665.23, "Total Cost": 38665.23, "Plan Rows": 139130, "Plan Width": 40, "Actual Startup Time": 156.932, "Actual Total Time": 156.946, "Actual Rows": 68422, "Actual Loops": 5, "Hash Buckets": 65536, "Original Hash Buckets": 65536, "Hash Batches": 16, "Original Hash Batches": 16, "Peak Memory Usage": 1632, "Plans": [{"Node Type": "Seq Scan", "Parent Relationship": "Outer", "Parallel Aware": true, "Relation Name": "movie_companies", "Alias": "mc", "Startup Cost": 0.0, "Total Cost": 38665.23, "Plan Rows": 139130, "Plan Width": 40, "Actual Startup Time": 6.865, "Actual Total Time": 133.395, "Actual Rows": 68422, "Actual Loops": 5, "Filter": "((company_id < 7179) AND (company_type_id = 2))", "Rows Removed by Filter": 453404}]}]}]}, "Planning Time": 1.367, "Triggers": [], "Execution Time": 867.002}