{"Plan": {"Node Type": "Gather", "Parallel Aware": false, "Startup Cost": 103899.73, "Total Cost": 142463.91, "Plan Rows": 3384, "Plan Width": 172, "Actual Startup Time": 649.708, "Actual Total Time": 996.56, "Actual Rows": 299494, "Actual Loops": 1, "Workers Planned": 4, "Workers Launched": 4, "Single Copy": false, "Plans": [{"Node Type": "Hash Join", "Parent Relationship": "Outer", "Parallel Aware": true, "Join Type": "Inner", "Startup Cost": 102899.73, "Total Cost": 141125.51, "Plan Rows": 846, "Plan Width": 172, "Actual Startup Time": 643.371, "Actual Total Time": 879.669, "Actual Rows": 59899, "Actual Loops": 5, "Inner Unique": false, "Hash Cond": "(mc.movie_id = t.id)", "Plans": [{"Node Type": "Seq Scan", "Parent Relationship": "Outer", "Parallel Aware": true, "Relation Name": "movie_companies", "Alias": "mc", "Startup Cost": 0.0, "Total Cost": 37034.53, "Plan Rows": 316726, "Plan Width": 40, "Actual Startup Time": 0.057, "Actual Total Time": 139.012, "Actual Rows": 254849, "Actual Loops": 5, "Filter": "(company_type_id < 2)", "Rows Removed by Filter": 266977}, {"Node Type": "Hash", "Parent Relationship": "Inner", "Parallel Aware": true, "Startup Cost": 102864.54, "Total Cost": 102864.54, "Plan Rows": 2815, "Plan Width": 132, "Actual Startup Time": 642.434, "Actual Total Time": 642.443, "Actual Rows": 8464, "Actual Loops": 5, "Hash Buckets": 65536, "Original Hash Buckets": 8192, "Hash Batches": 1, "Original Hash Batches": 1, "Peak Memory Usage": 7072, "Plans": [{"Node Type": "Hash Join", "Parent Relationship": "Outer", "Parallel Aware": true, "Join Type": "Inner", "Startup Cost": 87007.61, "Total Cost": 102864.54, "Plan Rows": 2815, "Plan Width": 132, "Actual Startup Time": 522.696, "Actual Total Time": 626.258, "Actual Rows": 8464, "Actual Loops": 5, "Inner Unique": false, "Hash Cond": "(mi_idx.movie_id = t.id)", "Plans": [{"Node Type": "Seq Scan", "Parent Relationship": "Outer", "Parallel Aware": true, "Relation Name": "movie_info_idx", "Alias": "mi_idx", "Startup Cost": 0.0, "Total Cost": 15122.68, "Plan Rows": 193378, "Plan Width": 25, "Actual Startup Time": 0.058, "Actual Total Time": 65.249, "Actual Rows": 91985, "Actual Loops": 5, "Filter": "(info_type_id = 100)", "Rows Removed by Filter": 184022}, {"Node Type": "Hash", "Parent Relationship": "Inner", "Parallel Aware": true, "Startup Cost": 86859.25, "Total Cost": 86859.25, "Plan Rows": 11869, "Plan Width": 107, "Actual Startup Time": 522.263, "Actual Total Time": 522.268, "Actual Rows": 10711, "Actual Loops": 5, "Hash Buckets": 65536, "Original Hash Buckets": 65536, "Hash Batches": 1, "Original Hash Batches": 1, "Peak Memory Usage": 7328, "Plans": [{"Node Type": "Hash Join", "Parent Relationship": "Outer", "Parallel Aware": true, "Join Type": "Inner", "Startup Cost": 43981.17, "Total Cost": 86859.25, "Plan Rows": 11869, "Plan Width": 107, "Actual Startup Time": 168.609, "Actual Total Time": 513.292, "Actual Rows": 10711, "Actual Loops": 5, "Inner Unique": true, "Hash Cond": "(mk.movie_id = t.id)", "Plans": [{"Node Type": "Seq Scan", "Parent Relationship": "Outer", "Parallel Aware": true, "Relation Name": "movie_keyword", "Alias": "mk", "Startup Cost": 0.0, "Total Cost": 39047.32, "Plan Rows": 1459332, "Plan Width": 12, "Actual Startup Time": 0.051, "Actual Total Time": 160.296, "Actual Rows": 904786, "Actual Loops": 5}, {"Node Type": "Hash", "Parent Relationship": "Inner", "Parallel Aware": true, "Startup Cost": 43916.91, "Total Cost": 43916.91, "Plan Rows": 5141, "Plan Width": 95, "Actual Startup Time": 167.769, "Actual Total Time": 167.771, "Actual Rows": 4608, "Actual Loops": 5, "Hash Buckets": 32768, "Original Hash Buckets": 32768, "Hash Batches": 1, "Original Hash Batches": 1, "Peak Memory Usage": 3040, "Plans": [{"Node Type": "Seq Scan", "Parent Relationship": "Outer", "Parallel Aware": true, "Relation Name": "title", "Alias": "t", "Startup Cost": 0.0, "Total Cost": 43916.91, "Plan Rows": 5141, "Plan Width": 95, "Actual Startup Time": 0.075, "Actual Total Time": 164.28, "Actual Rows": 4608, "Actual Loops": 5, "Filter": "(production_year = 1990)", "Rows Removed by Filter": 501054}]}]}]}]}]}]}]}, "Planning Time": 2.378, "Triggers": [], "Execution Time": 1014.388}