{"Plan": {"Node Type": "Gather", "Parallel Aware": false, "Startup Cost": 449811.67, "Total Cost": 955507.86, "Plan Rows": 4343731, "Plan Width": 163, "Actual Startup Time": 5810.518, "Actual Total Time": 14536.509, "Actual Rows": 16159297, "Actual Loops": 1, "Workers Planned": 3, "Workers Launched": 3, "Single Copy": false, "Plans": [{"Node Type": "Hash Join", "Parent Relationship": "Outer", "Parallel Aware": true, "Join Type": "Inner", "Startup Cost": 448811.67, "Total Cost": 520134.76, "Plan Rows": 1401204, "Plan Width": 163, "Actual Startup Time": 5802.736, "Actual Total Time": 8576.043, "Actual Rows": 4039824, "Actual Loops": 4, "Inner Unique": false, "Hash Cond": "(mk.movie_id = t.id)", "Plans": [{"Node Type": "Seq Scan", "Parent Relationship": "Outer", "Parallel Aware": true, "Relation Name": "movie_keyword", "Alias": "mk", "Startup Cost": 0.0, "Total Cost": 42695.65, "Plan Rows": 886161, "Plan Width": 12, "Actual Startup Time": 0.065, "Actual Total Time": 308.617, "Actual Rows": 687646, "Actual Loops": 4, "Filter": "(keyword_id < 7820)", "Rows Removed by Filter": 443336}, {"Node Type": "Hash", "Parent Relationship": "Inner", "Parallel Aware": true, "Startup Cost": 426168.02, "Total Cost": 426168.02, "Plan Rows": 666292, "Plan Width": 151, "Actual Startup Time": 5252.564, "Actual Total Time": 5252.611, "Actual Rows": 1068358, "Actual Loops": 4, "Hash Buckets": 32768, "Original Hash Buckets": 32768, "Hash Batches": 256, "Original Hash Batches": 256, "Peak Memory Usage": 2784, "Plans": [{"Node Type": "Hash Join", "Parent Relationship": "Outer", "Parallel Aware": true, "Join Type": "Inner", "Startup Cost": 59496.64, "Total Cost": 426168.02, "Plan Rows": 666292, "Plan Width": 151, "Actual Startup Time": 3132.034, "Actual Total Time": 4405.488, "Actual Rows": 1068358, "Actual Loops": 4, "Inner Unique": true, "Hash Cond": "(ci.movie_id = t.id)", "Plans": [{"Node Type": "Seq Scan", "Parent Relationship": "Outer", "Parallel Aware": true, "Relation Name": "cast_info", "Alias": "ci", "Startup Cost": 0.0, "Total Cost": 342649.36, "Plan Rows": 666292, "Plan Width": 56, "Actual Startup Time": 0.065, "Actual Total Time": 2215.372, "Actual Rows": 1068358, "Actual Loops": 4, "Filter": "((person_id < 571794) AND (role_id < 2))", "Rows Removed by Filter": 7992728}, {"Node Type": "Hash", "Parent Relationship": "Inner", "Parallel Aware": true, "Startup Cost": 42336.73, "Total Cost": 42336.73, "Plan Rows": 632073, "Plan Width": 95, "Actual Startup Time": 550.81, "Actual Total Time": 550.814, "Actual Rows": 632078, "Actual Loops": 4, "Hash Buckets": 32768, "Original Hash Buckets": 32768, "Hash Batches": 128, "Original Hash Batches": 128, "Peak Memory Usage": 2624, "Plans": [{"Node Type": "Seq Scan", "Parent Relationship": "Outer", "Parallel Aware": true, "Relation Name": "title", "Alias": "t", "Startup Cost": 0.0, "Total Cost": 42336.73, "Plan Rows": 632073, "Plan Width": 95, "Actual Startup Time": 0.049, "Actual Total Time": 180.987, "Actual Rows": 632078, "Actual Loops": 4}]}]}]}]}]}, "Planning Time": 1.769, "Triggers": [], "Execution Time": 15494.039}