{"Plan": {"Node Type": "Hash Join", "Parallel Aware": false, "Join Type": "Inner", "Startup Cost": 816920.47, "Total Cost": 1637610.08, "Plan Rows": 11059492, "Plan Width": 224, "Actual Startup Time": 9292.937, "Actual Total Time": 44784.59, "Actual Rows": 28697712, "Actual Loops": 1, "Inner Unique": false, "Hash Cond": "(mi.movie_id = t.id)", "Plans": [{"Node Type": "Seq Scan", "Parent Relationship": "Outer", "Parallel Aware": false, "Relation Name": "movie_info", "Alias": "mi", "Startup Cost": 0.0, "Total Cost": 346718.34, "Plan Rows": 9482136, "Plan Width": 73, "Actual Startup Time": 0.085, "Actual Total Time": 4713.931, "Actual Rows": 9565151, "Actual Loops": 1, "Filter": "(info_type_id < 16)", "Rows Removed by Filter": 5270569}, {"Node Type": "Hash", "Parent Relationship": "Inner", "Parallel Aware": false, "Startup Cost": 716704.56, "Total Cost": 716704.56, "Plan Rows": 2948873, "Plan Width": 151, "Actual Startup Time": 9288.069, "Actual Total Time": 9672.168, "Actual Rows": 8858733, "Actual Loops": 1, "Hash Buckets": 32768, "Original Hash Buckets": 32768, "Hash Batches": 512, "Original Hash Batches": 256, "Peak Memory Usage": 3841, "Plans": [{"Node Type": "Gather", "Parent Relationship": "Outer", "Parallel Aware": false, "Startup Cost": 57574.88, "Total Cost": 716704.56, "Plan Rows": 2948873, "Plan Width": 151, "Actual Startup Time": 2363.51, "Actual Total Time": 5813.988, "Actual Rows": 8858733, "Actual Loops": 1, "Workers Planned": 6, "Workers Launched": 6, "Single Copy": false, "Plans": [{"Node Type": "Hash Join", "Parent Relationship": "Outer", "Parallel Aware": true, "Join Type": "Inner", "Startup Cost": 56574.88, "Total Cost": 420817.26, "Plan Rows": 491479, "Plan Width": 151, "Actual Startup Time": 2373.843, "Actual Total Time": 4127.418, "Actual Rows": 1265533, "Actual Loops": 7, "Inner Unique": true, "Hash Cond": "(ci.movie_id = t.id)", "Plans": [{"Node Type": "Seq Scan", "Parent Relationship": "Outer", "Parallel Aware": true, "Relation Name": "cast_info", "Alias": "ci", "Startup Cost": 0.0, "Total Cost": 342649.36, "Plan Rows": 666292, "Plan Width": 56, "Actual Startup Time": 0.063, "Actual Total Time": 1499.073, "Actual Rows": 1810098, "Actual Loops": 7, "Filter": "((person_id < 3326509) AND (role_id < 2))", "Rows Removed by Filter": 3367665}, {"Node Type": "Hash", "Parent Relationship": "Inner", "Parallel Aware": true, "Startup Cost": 43916.91, "Total Cost": 43916.91, "Plan Rows": 466238, "Plan Width": 95, "Actual Startup Time": 318.88, "Actual Total Time": 318.887, "Actual Rows": 266498, "Actual Loops": 7, "Hash Buckets": 32768, "Original Hash Buckets": 32768, "Hash Batches": 64, "Original Hash Batches": 64, "Peak Memory Usage": 3840, "Plans": [{"Node Type": "Seq Scan", "Parent Relationship": "Outer", "Parallel Aware": true, "Relation Name": "title", "Alias": "t", "Startup Cost": 0.0, "Total Cost": 43916.91, "Plan Rows": 466238, "Plan Width": 95, "Actual Startup Time": 0.05, "Actual Total Time": 164.04, "Actual Rows": 266498, "Actual Loops": 7, "Filter": "(kind_id > 1)", "Rows Removed by Filter": 94689}]}]}]}]}]}, "Planning Time": 1.792, "Triggers": [], "Execution Time": 46488.376}