{"Plan": {"Node Type": "Gather", "Parallel Aware": false, "Startup Cost": 88382.68, "Total Cost": 640730.62, "Plan Rows": 2712730, "Plan Width": 193, "Actual Startup Time": 2364.261, "Actual Total Time": 5654.284, "Actual Rows": 6930334, "Actual Loops": 1, "Workers Planned": 5, "Workers Launched": 5, "Single Copy": false, "Plans": [{"Node Type": "Hash Join", "Parent Relationship": "Outer", "Parallel Aware": true, "Join Type": "Inner", "Startup Cost": 87382.68, "Total Cost": 368457.62, "Plan Rows": 542546, "Plan Width": 193, "Actual Startup Time": 2362.812, "Actual Total Time": 3913.413, "Actual Rows": 1155056, "Actual Loops": 6, "Inner Unique": false, "Hash Cond": "(mi.movie_id = t.id)", "Plans": [{"Node Type": "Seq Scan", "Parent Relationship": "Outer", "Parallel Aware": true, "Relation Name": "movie_info", "Alias": "mi", "Startup Cost": 0.0, "Total Cost": 191549.05, "Plan Rows": 2955605, "Plan Width": 73, "Actual Startup Time": 0.046, "Actual Total Time": 721.083, "Actual Rows": 2472620, "Actual Loops": 6}, {"Node Type": "Hash", "Parent Relationship": "Inner", "Parallel Aware": true, "Startup Cost": 83892.36, "Total Cost": 83892.36, "Plan Rows": 116026, "Plan Width": 120, "Actual Startup Time": 681.333, "Actual Total Time": 681.352, "Actual Rows": 76654, "Actual Loops": 6, "Hash Buckets": 32768, "Original Hash Buckets": 32768, "Hash Batches": 32, "Original Hash Batches": 32, "Peak Memory Usage": 2208, "Plans": [{"Node Type": "Hash Join", "Parent Relationship": "Outer", "Parallel Aware": true, "Join Type": "Inner", "Startup Cost": 18861.91, "Total Cost": 83892.36, "Plan Rows": 116026, "Plan Width": 120, "Actual Startup Time": 409.973, "Actual Total Time": 620.505, "Actual Rows": 76654, "Actual Loops": 6, "Inner Unique": false, "Hash Cond": "(t.id = mi_idx.movie_id)", "Plans": [{"Node Type": "Seq Scan", "Parent Relationship": "Outer", "Parallel Aware": true, "Relation Name": "title", "Alias": "t", "Startup Cost": 0.0, "Total Cost": 42336.73, "Plan Rows": 632073, "Plan Width": 95, "Actual Startup Time": 0.045, "Actual Total Time": 113.865, "Actual Rows": 421385, "Actual Loops": 6}, {"Node Type": "Hash", "Parent Relationship": "Inner", "Parallel Aware": true, "Startup Cost": 15122.68, "Total Cost": 15122.68, "Plan Rows": 193378, "Plan Width": 25, "Actual Startup Time": 79.911, "Actual Total Time": 79.916, "Actual Rows": 76654, "Actual Loops": 6, "Hash Buckets": 65536, "Original Hash Buckets": 65536, "Hash Batches": 16, "Original Hash Batches": 16, "Peak Memory Usage": 1984, "Plans": [{"Node Type": "Seq Scan", "Parent Relationship": "Outer", "Parallel Aware": true, "Relation Name": "movie_info_idx", "Alias": "mi_idx", "Startup Cost": 0.0, "Total Cost": 15122.68, "Plan Rows": 193378, "Plan Width": 25, "Actual Startup Time": 0.056, "Actual Total Time": 57.292, "Actual Rows": 76654, "Actual Loops": 6, "Filter": "(info_type_id = 100)", "Rows Removed by Filter": 153352}]}]}]}]}]}, "Planning Time": 1.914, "Triggers": [], "Execution Time": 6058.765}