{"Plan": {"Node Type": "Gather", "Parallel Aware": false, "Startup Cost": 427132.78, "Total Cost": 465059.78, "Plan Rows": 765, "Plan Width": 228, "Actual Startup Time": 3549.657, "Actual Total Time": 3798.991, "Actual Rows": 3212, "Actual Loops": 1, "Workers Planned": 4, "Workers Launched": 4, "Single Copy": false, "Plans": [{"Node Type": "Hash Join", "Parent Relationship": "Outer", "Parallel Aware": true, "Join Type": "Inner", "Startup Cost": 426132.78, "Total Cost": 463983.28, "Plan Rows": 191, "Plan Width": 228, "Actual Startup Time": 3541.44, "Actual Total Time": 3734.484, "Actual Rows": 642, "Actual Loops": 5, "Inner Unique": false, "Hash Cond": "(mc.movie_id = t.id)", "Plans": [{"Node Type": "Seq Scan", "Parent Relationship": "Outer", "Parallel Aware": true, "Relation Name": "movie_companies", "Alias": "mc", "Startup Cost": 0.0, "Total Cost": 35403.82, "Plan Rows": 652282, "Plan Width": 40, "Actual Startup Time": 0.048, "Actual Total Time": 103.377, "Actual Rows": 521826, "Actual Loops": 5}, {"Node Type": "Hash", "Parent Relationship": "Inner", "Parallel Aware": true, "Startup Cost": 426129.79, "Total Cost": 426129.79, "Plan Rows": 239, "Plan Width": 188, "Actual Startup Time": 3522.351, "Actual Total Time": 3522.376, "Actual Rows": 229, "Actual Loops": 5, "Hash Buckets": 1024, "Original Hash Buckets": 1024, "Hash Batches": 1, "Original Hash Batches": 1, "Peak Memory Usage": 328, "Plans": [{"Node Type": "Hash Join", "Parent Relationship": "Outer", "Parallel Aware": true, "Join Type": "Inner", "Startup Cost": 381079.6, "Total Cost": 426129.79, "Plan Rows": 239, "Plan Width": 188, "Actual Startup Time": 3381.568, "Actual Total Time": 3521.984, "Actual Rows": 229, "Actual Loops": 5, "Inner Unique": false, "Hash Cond": "(mk.movie_id = t.id)", "Plans": [{"Node Type": "Seq Scan", "Parent Relationship": "Outer", "Parallel Aware": true, "Relation Name": "movie_keyword", "Alias": "mk", "Startup Cost": 0.0, "Total Cost": 42695.65, "Plan Rows": 627770, "Plan Width": 12, "Actual Startup Time": 0.089, "Actual Total Time": 199.494, "Actual Rows": 386519, "Actual Loops": 5, "Filter": "(keyword_id > 6898)", "Rows Removed by Filter": 518267}, {"Node Type": "Hash", "Parent Relationship": "Inner", "Parallel Aware": true, "Startup Cost": 381077.6, "Total Cost": 381077.6, "Plan Rows": 160, "Plan Width": 176, "Actual Startup Time": 3264.683, "Actual Total Time": 3264.7, "Actual Rows": 134, "Actual Loops": 5, "Hash Buckets": 1024, "Original Hash Buckets": 1024, "Hash Batches": 1, "Original Hash Batches": 1, "Peak Memory Usage": 168, "Plans": [{"Node Type": "Nested Loop", "Parent Relationship": "Outer", "Parallel Aware": false, "Join Type": "Inner", "Startup Cost": 22555.6, "Total Cost": 381077.6, "Plan Rows": 160, "Plan Width": 176, "Actual Startup Time": 2016.661, "Actual Total Time": 3261.864, "Actual Rows": 134, "Actual Loops": 5, "Inner Unique": true, "Join Filter": "(ci.movie_id = t.id)", "Rows Removed by Join Filter": 0, "Plans": [{"Node Type": "Hash Join", "Parent Relationship": "Outer", "Parallel Aware": true, "Join Type": "Inner", "Startup Cost": 22555.17, "Total Cost": 368147.61, "Plan Rows": 19586, "Plan Width": 81, "Actual Startup Time": 1980.538, "Actual Total Time": 2171.478, "Actual Rows": 126668, "Actual Loops": 5, "Inner Unique": false, "Hash Cond": "(ci.movie_id = mi_idx.movie_id)", "Plans": [{"Node Type": "Seq Scan", "Parent Relationship": "Outer", "Parallel Aware": true, "Relation Name": "cast_info", "Alias": "ci", "Startup Cost": 0.0, "Total Cost": 342649.36, "Plan Rows": 9994, "Plan Width": 56, "Actual Startup Time": 1272.241, "Actual Total Time": 1734.569, "Actual Rows": 170959, "Actual Loops": 5, "Filter": "((person_id > 335383) AND (role_id = 5))", "Rows Removed by Filter": 7077910}, {"Node Type": "Hash", "Parent Relationship": "Inner", "Parallel Aware": true, "Startup Cost": 15122.68, "Total Cost": 15122.68, "Plan Rows": 384359, "Plan Width": 25, "Actual Startup Time": 184.708, "Actual Total Time": 184.71, "Actual Rows": 184022, "Actual Loops": 5, "Hash Buckets": 65536, "Original Hash Buckets": 65536, "Hash Batches": 32, "Original Hash Batches": 32, "Peak Memory Usage": 1952, "Plans": [{"Node Type": "Seq Scan", "Parent Relationship": "Outer", "Parallel Aware": true, "Relation Name": "movie_info_idx", "Alias": "mi_idx", "Startup Cost": 0.0, "Total Cost": 15122.68, "Plan Rows": 384359, "Plan Width": 25, "Actual Startup Time": 0.066, "Actual Total Time": 100.024, "Actual Rows": 184022, "Actual Loops": 5, "Filter": "(info_type_id > 99)", "Rows Removed by Filter": 91985}]}]}, {"Node Type": "Index Scan", "Parent Relationship": "Inner", "Parallel Aware": false, "Scan Direction": "Forward", "Index Name": "title_pkey", "Relation Name": "title", "Alias": "t", "Startup Cost": 0.43, "Total Cost": 0.65, "Plan Rows": 1, "Plan Width": 95, "Actual Startup Time": 0.008, "Actual Total Time": 0.008, "Actual Rows": 0, "Actual Loops": 633339, "Index Cond": "(id = mi_idx.movie_id)", "Rows Removed by Index Recheck": 0, "Filter": "((production_year < 1953) AND (kind_id = 7))", "Rows Removed by Filter": 1}]}]}]}]}]}]}, "Planning Time": 3.502, "Triggers": [], "Execution Time": 3799.544}