{"Plan": {"Node Type": "Gather", "Parallel Aware": false, "Startup Cost": 1000.43, "Total Cost": 381928.01, "Plan Rows": 59966, "Plan Width": 151, "Actual Startup Time": 1.071, "Actual Total Time": 26184.563, "Actual Rows": 12670688, "Actual Loops": 1, "Workers Planned": 6, "Workers Launched": 6, "Single Copy": false, "Plans": [{"Node Type": "Nested Loop", "Parent Relationship": "Outer", "Parallel Aware": false, "Join Type": "Inner", "Startup Cost": 0.43, "Total Cost": 374931.41, "Plan Rows": 9994, "Plan Width": 151, "Actual Startup Time": 0.127, "Actual Total Time": 24056.35, "Actual Rows": 1810098, "Actual Loops": 7, "Inner Unique": true, "Plans": [{"Node Type": "Seq Scan", "Parent Relationship": "Outer", "Parallel Aware": true, "Relation Name": "cast_info", "Alias": "ci", "Startup Cost": 0.0, "Total Cost": 342649.36, "Plan Rows": 9994, "Plan Width": 56, "Actual Startup Time": 0.046, "Actual Total Time": 1564.276, "Actual Rows": 1810098, "Actual Loops": 7, "Filter": "((person_id < 2681287) AND (role_id = 1))", "Rows Removed by Filter": 3367665}, {"Node Type": "Index Scan", "Parent Relationship": "Inner", "Parallel Aware": false, "Scan Direction": "Forward", "Index Name": "title_pkey", "Relation Name": "title", "Alias": "t", "Startup Cost": 0.43, "Total Cost": 3.23, "Plan Rows": 1, "Plan Width": 95, "Actual Startup Time": 0.011, "Actual Total Time": 0.011, "Actual Rows": 1, "Actual Loops": 12670688, "Index Cond": "(id = ci.movie_id)", "Rows Removed by Index Recheck": 0}]}]}, "Planning Time": 1.746, "Triggers": [], "Execution Time": 26948.302}