{"Plan": {"Node Type": "Gather", "Parallel Aware": false, "Startup Cost": 60209.73, "Total Cost": 262863.29, "Plan Rows": 208, "Plan Width": 205, "Actual Startup Time": 233.127, "Actual Total Time": 1301.009, "Actual Rows": 124927, "Actual Loops": 1, "Workers Planned": 5, "Workers Launched": 5, "Single Copy": false, "Plans": [{"Node Type": "Hash Join", "Parent Relationship": "Outer", "Parallel Aware": true, "Join Type": "Inner", "Startup Cost": 59209.73, "Total Cost": 261842.49, "Plan Rows": 42, "Plan Width": 205, "Actual Startup Time": 226.36, "Actual Total Time": 1269.799, "Actual Rows": 20821, "Actual Loops": 6, "Inner Unique": false, "Hash Cond": "(mi.movie_id = t.id)", "Plans": [{"Node Type": "Seq Scan", "Parent Relationship": "Outer", "Parallel Aware": true, "Relation Name": "movie_info", "Alias": "mi", "Startup Cost": 0.0, "Total Cost": 191549.05, "Plan Rows": 2955605, "Plan Width": 73, "Actual Startup Time": 0.039, "Actual Total Time": 528.407, "Actual Rows": 2472620, "Actual Loops": 6}, {"Node Type": "Hash", "Parent Relationship": "Inner", "Parallel Aware": true, "Startup Cost": 59209.55, "Total Cost": 59209.55, "Plan Rows": 15, "Plan Width": 132, "Actual Startup Time": 225.791, "Actual Total Time": 225.832, "Actual Rows": 248, "Actual Loops": 6, "Hash Buckets": 2048, "Original Hash Buckets": 1024, "Hash Batches": 1, "Original Hash Batches": 1, "Peak Memory Usage": 408, "Plans": [{"Node Type": "Hash Join", "Parent Relationship": "Outer", "Parallel Aware": true, "Join Type": "Inner", "Startup Cost": 43368.04, "Total Cost": 59209.55, "Plan Rows": 15, "Plan Width": 132, "Actual Startup Time": 140.961, "Actual Total Time": 224.421, "Actual Rows": 248, "Actual Loops": 6, "Inner Unique": false, "Hash Cond": "(mi_idx.movie_id = t.id)", "Plans": [{"Node Type": "Seq Scan", "Parent Relationship": "Outer", "Parallel Aware": true, "Relation Name": "movie_info_idx", "Alias": "mi_idx", "Startup Cost": 0.0, "Total Cost": 13685.15, "Plan Rows": 575015, "Plan Width": 25, "Actual Startup Time": 0.037, "Actual Total Time": 40.187, "Actual Rows": 230006, "Actual Loops": 6}, {"Node Type": "Hash", "Parent Relationship": "Inner", "Parallel Aware": true, "Startup Cost": 43367.78, "Total Cost": 43367.78, "Plan Rows": 21, "Plan Width": 107, "Actual Startup Time": 140.068, "Actual Total Time": 140.085, "Actual Rows": 93, "Actual Loops": 6, "Hash Buckets": 1024, "Original Hash Buckets": 1024, "Hash Batches": 1, "Original Hash Batches": 1, "Peak Memory Usage": 200, "Plans": [{"Node Type": "Nested Loop", "Parent Relationship": "Outer", "Parallel Aware": false, "Join Type": "Inner", "Startup Cost": 0.43, "Total Cost": 43367.78, "Plan Rows": 21, "Plan Width": 107, "Actual Startup Time": 2.624, "Actual Total Time": 139.819, "Actual Rows": 93, "Actual Loops": 6, "Inner Unique": true, "Plans": [{"Node Type": "Seq Scan", "Parent Relationship": "Outer", "Parallel Aware": true, "Relation Name": "movie_keyword", "Alias": "mk", "Startup Cost": 0.0, "Total Cost": 42695.65, "Plan Rows": 80, "Plan Width": 12, "Actual Startup Time": 2.198, "Actual Total Time": 135.884, "Actual Rows": 123, "Actual Loops": 6, "Filter": "(keyword_id = 1118)", "Rows Removed by Filter": 753865}, {"Node Type": "Index Scan", "Parent Relationship": "Inner", "Parallel Aware": false, "Scan Direction": "Forward", "Index Name": "title_pkey", "Relation Name": "title", "Alias": "t", "Startup Cost": 0.43, "Total Cost": 8.4, "Plan Rows": 1, "Plan Width": 95, "Actual Startup Time": 0.029, "Actual Total Time": 0.029, "Actual Rows": 1, "Actual Loops": 740, "Index Cond": "(id = mk.movie_id)", "Rows Removed by Index Recheck": 0, "Filter": "(kind_id = 1)", "Rows Removed by Filter": 0}]}]}]}]}]}]}, "Planning Time": 3.045, "Triggers": [], "Execution Time": 1308.763}