{"Plan": {"Node Type": "Gather", "Parallel Aware": false, "Startup Cost": 440816.11, "Total Cost": 684367.43, "Plan Rows": 407828, "Plan Width": 261, "Actual Startup Time": 4562.646, "Actual Total Time": 7327.046, "Actual Rows": 5030235, "Actual Loops": 1, "Workers Planned": 5, "Workers Launched": 5, "Single Copy": false, "Plans": [{"Node Type": "Hash Join", "Parent Relationship": "Outer", "Parallel Aware": true, "Join Type": "Inner", "Startup Cost": 439816.11, "Total Cost": 642584.63, "Plan Rows": 81566, "Plan Width": 261, "Actual Startup Time": 4557.239, "Actual Total Time": 5877.515, "Actual Rows": 838372, "Actual Loops": 6, "Inner Unique": false, "Hash Cond": "(mi.movie_id = t.id)", "Plans": [{"Node Type": "Seq Scan", "Parent Relationship": "Outer", "Parallel Aware": true, "Relation Name": "movie_info", "Alias": "mi", "Startup Cost": 0.0, "Total Cost": 191549.05, "Plan Rows": 2955605, "Plan Width": 73, "Actual Startup Time": 0.093, "Actual Total Time": 730.375, "Actual Rows": 2472620, "Actual Loops": 6}, {"Node Type": "Hash", "Parent Relationship": "Inner", "Parallel Aware": true, "Startup Cost": 439670.75, "Total Cost": 439670.75, "Plan Rows": 11629, "Plan Width": 188, "Actual Startup Time": 2825.327, "Actual Total Time": 2825.38, "Actual Rows": 55348, "Actual Loops": 6, "Hash Buckets": 16384, "Original Hash Buckets": 131072, "Hash Batches": 64, "Original Hash Batches": 1, "Peak Memory Usage": 3456, "Plans": [{"Node Type": "Hash Join", "Parent Relationship": "Outer", "Parallel Aware": true, "Join Type": "Inner", "Startup Cost": 104468.72, "Total Cost": 439670.75, "Plan Rows": 11629, "Plan Width": 188, "Actual Startup Time": 520.91, "Actual Total Time": 2626.124, "Actual Rows": 55348, "Actual Loops": 6, "Inner Unique": false, "Hash Cond": "(ci.movie_id = t.id)", "Plans": [{"Node Type": "Seq Scan", "Parent Relationship": "Outer", "Parallel Aware": true, "Relation Name": "cast_info", "Alias": "ci", "Startup Cost": 0.0, "Total Cost": 327657.8, "Plan Rows": 1998875, "Plan Width": 56, "Actual Startup Time": 0.069, "Actual Total Time": 1311.584, "Actual Rows": 3046740, "Actual Loops": 6, "Filter": "(person_id < 1816925)", "Rows Removed by Filter": 2993984}, {"Node Type": "Hash", "Parent Relationship": "Inner", "Parallel Aware": true, "Startup Cost": 104392.12, "Total Cost": 104392.12, "Plan Rows": 6128, "Plan Width": 132, "Actual Startup Time": 518.89, "Actual Total Time": 518.928, "Actual Rows": 2702, "Actual Loops": 6, "Hash Buckets": 16384, "Original Hash Buckets": 16384, "Hash Batches": 1, "Original Hash Batches": 1, "Peak Memory Usage": 2848, "Plans": [{"Node Type": "Hash Join", "Parent Relationship": "Outer", "Parallel Aware": true, "Join Type": "Inner", "Startup Cost": 88530.9, "Total Cost": 104392.12, "Plan Rows": 6128, "Plan Width": 132, "Actual Startup Time": 464.678, "Actual Total Time": 516.299, "Actual Rows": 2702, "Actual Loops": 6, "Inner Unique": false, "Hash Cond": "(mi_idx.movie_id = t.id)", "Plans": [{"Node Type": "Seq Scan", "Parent Relationship": "Outer", "Parallel Aware": true, "Relation Name": "movie_info_idx", "Alias": "mi_idx", "Startup Cost": 0.0, "Total Cost": 13685.15, "Plan Rows": 575015, "Plan Width": 25, "Actual Startup Time": 0.052, "Actual Total Time": 43.136, "Actual Rows": 230006, "Actual Loops": 6}, {"Node Type": "Hash", "Parent Relationship": "Inner", "Parallel Aware": true, "Startup Cost": 88422.23, "Total Cost": 88422.23, "Plan Rows": 8693, "Plan Width": 107, "Actual Startup Time": 425.335, "Actual Total Time": 425.357, "Actual Rows": 1254, "Actual Loops": 6, "Hash Buckets": 32768, "Original Hash Buckets": 32768, "Hash Batches": 1, "Original Hash Batches": 1, "Peak Memory Usage": 1376, "Plans": [{"Node Type": "Hash Join", "Parent Relationship": "Outer", "Parallel Aware": true, "Join Type": "Inner", "Startup Cost": 45544.15, "Total Cost": 88422.23, "Plan Rows": 8693, "Plan Width": 107, "Actual Startup Time": 258.834, "Actual Total Time": 424.134, "Actual Rows": 1254, "Actual Loops": 6, "Inner Unique": true, "Hash Cond": "(mk.movie_id = t.id)", "Plans": [{"Node Type": "Seq Scan", "Parent Relationship": "Outer", "Parallel Aware": true, "Relation Name": "movie_keyword", "Alias": "mk", "Startup Cost": 0.0, "Total Cost": 39047.32, "Plan Rows": 1459332, "Plan Width": 12, "Actual Startup Time": 0.052, "Actual Total Time": 132.192, "Actual Rows": 753988, "Actual Loops": 6}, {"Node Type": "Hash", "Parent Relationship": "Inner", "Parallel Aware": true, "Startup Cost": 45497.09, "Total Cost": 45497.09, "Plan Rows": 3765, "Plan Width": 95, "Actual Startup Time": 141.509, "Actual Total Time": 141.512, "Actual Rows": 2453, "Actual Loops": 6, "Hash Buckets": 16384, "Original Hash Buckets": 16384, "Hash Batches": 1, "Original Hash Batches": 1, "Peak Memory Usage": 2016, "Plans": [{"Node Type": "Seq Scan", "Parent Relationship": "Outer", "Parallel Aware": true, "Relation Name": "title", "Alias": "t", "Startup Cost": 0.0, "Total Cost": 45497.09, "Plan Rows": 3765, "Plan Width": 95, "Actual Startup Time": 0.157, "Actual Total Time": 139.704, "Actual Rows": 2453, "Actual Loops": 6, "Filter": "((kind_id = 7) AND (production_year = 1992))", "Rows Removed by Filter": 418932}]}]}]}]}]}]}]}]}]}, "Planning Time": 3.567, "Triggers": [], "Execution Time": 7622.157}