{"Plan": {"Node Type": "Gather", "Parallel Aware": false, "Startup Cost": 1000.0, "Total Cost": 324861.67, "Plan Rows": 1249236, "Plan Width": 73, "Actual Startup Time": 26.054, "Actual Total Time": 825.899, "Actual Rows": 1288928, "Actual Loops": 1, "Workers Planned": 5, "Workers Launched": 5, "Single Copy": false, "Plans": [{"Node Type": "Seq Scan", "Parent Relationship": "Outer", "Parallel Aware": true, "Relation Name": "movie_info", "Alias": "mi", "Startup Cost": 0.0, "Total Cost": 198938.07, "Plan Rows": 249847, "Plan Width": 73, "Actual Startup Time": 20.362, "Actual Total Time": 578.113, "Actual Rows": 214821, "Actual Loops": 6, "Filter": "(info_type_id = 2)", "Rows Removed by Filter": 2257799}]}, "Planning Time": 0.82, "Triggers": [], "Execution Time": 898.769}