{"Plan": {"Node Type": "Gather", "Parallel Aware": false, "Startup Cost": 51540.13, "Total Cost": 131430.89, "Plan Rows": 532602, "Plan Width": 120, "Actual Startup Time": 704.824, "Actual Total Time": 1637.065, "Actual Rows": 954317, "Actual Loops": 1, "Workers Planned": 2, "Workers Launched": 2, "Single Copy": false, "Plans": [{"Node Type": "Hash Join", "Parent Relationship": "Outer", "Parallel Aware": true, "Join Type": "Inner", "Startup Cost": 50540.13, "Total Cost": 77170.69, "Plan Rows": 221918, "Plan Width": 120, "Actual Startup Time": 705.339, "Actual Total Time": 1110.73, "Actual Rows": 318106, "Actual Loops": 3, "Inner Unique": true, "Hash Cond": "(mi_idx.movie_id = t.id)", "Plans": [{"Node Type": "Seq Scan", "Parent Relationship": "Outer", "Parallel Aware": true, "Relation Name": "movie_info_idx", "Alias": "mi_idx", "Startup Cost": 0.0, "Total Cost": 13685.15, "Plan Rows": 575015, "Plan Width": 25, "Actual Startup Time": 0.054, "Actual Total Time": 108.923, "Actual Rows": 460012, "Actual Loops": 3}, {"Node Type": "Hash", "Parent Relationship": "Inner", "Parallel Aware": true, "Startup Cost": 43916.91, "Total Cost": 43916.91, "Plan Rows": 243938, "Plan Width": 95, "Actual Startup Time": 442.624, "Actual Total Time": 442.629, "Actual Rows": 328349, "Actual Loops": 3, "Hash Buckets": 32768, "Original Hash Buckets": 32768, "Hash Batches": 64, "Original Hash Batches": 64, "Peak Memory Usage": 2048, "Plans": [{"Node Type": "Seq Scan", "Parent Relationship": "Outer", "Parallel Aware": true, "Relation Name": "title", "Alias": "t", "Startup Cost": 0.0, "Total Cost": 43916.91, "Plan Rows": 243938, "Plan Width": 95, "Actual Startup Time": 0.052, "Actual Total Time": 284.911, "Actual Rows": 328349, "Actual Loops": 3, "Filter": "(kind_id < 7)", "Rows Removed by Filter": 514421}]}]}]}, "Planning Time": 1.372, "Triggers": [], "Execution Time": 1693.296}