{"Plan": {"Node Type": "Gather", "Parallel Aware": false, "Startup Cost": 1000.0, "Total Cost": 43720.45, "Plan Rows": 248, "Plan Width": 12, "Actual Startup Time": 0.865, "Actual Total Time": 211.595, "Actual Rows": 1068, "Actual Loops": 1, "Workers Planned": 3, "Workers Launched": 3, "Single Copy": false, "Plans": [{"Node Type": "Seq Scan", "Parent Relationship": "Outer", "Parallel Aware": true, "Relation Name": "movie_keyword", "Alias": "mk", "Startup Cost": 0.0, "Total Cost": 42695.65, "Plan Rows": 80, "Plan Width": 12, "Actual Startup Time": 1.269, "Actual Total Time": 203.878, "Actual Rows": 267, "Actual Loops": 4, "Filter": "(keyword_id = 4964)", "Rows Removed by Filter": 1130716}]}, "Planning Time": 0.651, "Triggers": [], "Execution Time": 211.796}