{"Plan": {"Node Type": "Gather", "Parallel Aware": false, "Startup Cost": 1000.0, "Total Cost": 39670.53, "Plan Rows": 53, "Plan Width": 40, "Actual Startup Time": 123.391, "Actual Total Time": 126.196, "Actual Rows": 6, "Actual Loops": 1, "Workers Planned": 4, "Workers Launched": 4, "Single Copy": false, "Plans": [{"Node Type": "Seq Scan", "Parent Relationship": "Outer", "Parallel Aware": true, "Relation Name": "movie_companies", "Alias": "mc", "Startup Cost": 0.0, "Total Cost": 38665.23, "Plan Rows": 13, "Plan Width": 40, "Actual Startup Time": 97.47, "Actual Total Time": 118.246, "Actual Rows": 1, "Actual Loops": 5, "Filter": "((company_type_id > 1) AND (company_id = 81280))", "Rows Removed by Filter": 521825}]}, "Planning Time": 0.886, "Triggers": [], "Execution Time": 126.307}