{"Plan": {"Node Type": "Gather", "Parallel Aware": false, "Startup Cost": 60496.64, "Total Cost": 208973.4, "Plan Rows": 928122, "Plan Width": 107, "Actual Startup Time": 943.951, "Actual Total Time": 1907.683, "Actual Rows": 931394, "Actual Loops": 1, "Workers Planned": 3, "Workers Launched": 3, "Single Copy": false, "Plans": [{"Node Type": "Hash Join", "Parent Relationship": "Outer", "Parallel Aware": true, "Join Type": "Inner", "Startup Cost": 59496.64, "Total Cost": 115161.2, "Plan Rows": 299394, "Plan Width": 107, "Actual Startup Time": 935.533, "Actual Total Time": 1372.159, "Actual Rows": 232848, "Actual Loops": 4, "Inner Unique": true, "Hash Cond": "(mk.movie_id = t.id)", "Plans": [{"Node Type": "Seq Scan", "Parent Relationship": "Outer", "Parallel Aware": true, "Relation Name": "movie_keyword", "Alias": "mk", "Startup Cost": 0.0, "Total Cost": 42695.65, "Plan Rows": 299394, "Plan Width": 12, "Actual Startup Time": 0.063, "Actual Total Time": 250.977, "Actual Rows": 232848, "Actual Loops": 4, "Filter": "(keyword_id > 20319)", "Rows Removed by Filter": 898134}, {"Node Type": "Hash", "Parent Relationship": "Inner", "Parallel Aware": true, "Startup Cost": 42336.73, "Total Cost": 42336.73, "Plan Rows": 632073, "Plan Width": 95, "Actual Startup Time": 581.118, "Actual Total Time": 581.127, "Actual Rows": 632078, "Actual Loops": 4, "Hash Buckets": 32768, "Original Hash Buckets": 32768, "Hash Batches": 128, "Original Hash Batches": 128, "Peak Memory Usage": 2624, "Plans": [{"Node Type": "Seq Scan", "Parent Relationship": "Outer", "Parallel Aware": true, "Relation Name": "title", "Alias": "t", "Startup Cost": 0.0, "Total Cost": 42336.73, "Plan Rows": 632073, "Plan Width": 95, "Actual Startup Time": 0.051, "Actual Total Time": 196.65, "Actual Rows": 632078, "Actual Loops": 4}]}]}]}, "Planning Time": 1.432, "Triggers": [], "Execution Time": 1963.229}