{"Plan": {"Node Type": "Gather", "Parallel Aware": false, "Startup Cost": 125132.64, "Total Cost": 217799.83, "Plan Rows": 326084, "Plan Width": 172, "Actual Startup Time": 2353.202, "Actual Total Time": 16957.505, "Actual Rows": 31857545, "Actual Loops": 1, "Workers Planned": 3, "Workers Launched": 3, "Single Copy": false, "Plans": [{"Node Type": "Hash Join", "Parent Relationship": "Outer", "Parallel Aware": true, "Join Type": "Inner", "Startup Cost": 124132.64, "Total Cost": 184191.43, "Plan Rows": 105188, "Plan Width": 172, "Actual Startup Time": 2344.177, "Actual Total Time": 7055.853, "Actual Rows": 7964386, "Actual Loops": 4, "Inner Unique": false, "Hash Cond": "(mk.movie_id = t.id)", "Plans": [{"Node Type": "Seq Scan", "Parent Relationship": "Outer", "Parallel Aware": true, "Relation Name": "movie_keyword", "Alias": "mk", "Startup Cost": 0.0, "Total Cost": 39047.32, "Plan Rows": 1459332, "Plan Width": 12, "Actual Startup Time": 0.083, "Actual Total Time": 265.195, "Actual Rows": 1130982, "Actual Loops": 4}, {"Node Type": "Hash", "Parent Relationship": "Inner", "Parallel Aware": true, "Startup Cost": 122539.14, "Total Cost": 122539.14, "Plan Rows": 45560, "Plan Width": 160, "Actual Startup Time": 1741.507, "Actual Total Time": 1741.551, "Actual Rows": 264498, "Actual Loops": 4, "Hash Buckets": 32768, "Original Hash Buckets": 32768, "Hash Batches": 64, "Original Hash Batches": 16, "Peak Memory Usage": 3200, "Plans": [{"Node Type": "Hash Join", "Parent Relationship": "Outer", "Parallel Aware": true, "Join Type": "Inner", "Startup Cost": 73606.36, "Total Cost": 122539.14, "Plan Rows": 45560, "Plan Width": 160, "Actual Startup Time": 1090.722, "Actual Total Time": 1481.529, "Actual Rows": 264498, "Actual Loops": 4, "Inner Unique": false, "Hash Cond": "(mc.movie_id = t.id)", "Plans": [{"Node Type": "Seq Scan", "Parent Relationship": "Outer", "Parallel Aware": true, "Relation Name": "movie_companies", "Alias": "mc", "Startup Cost": 0.0, "Total Cost": 35403.82, "Plan Rows": 652282, "Plan Width": 40, "Actual Startup Time": 0.052, "Actual Total Time": 166.23, "Actual Rows": 652282, "Actual Loops": 4}, {"Node Type": "Hash", "Parent Relationship": "Inner", "Parallel Aware": true, "Startup Cost": 72277.51, "Total Cost": 72277.51, "Plan Rows": 44148, "Plan Width": 120, "Actual Startup Time": 716.139, "Actual Total Time": 716.168, "Actual Rows": 79505, "Actual Loops": 4, "Hash Buckets": 32768, "Original Hash Buckets": 32768, "Hash Batches": 16, "Original Hash Batches": 8, "Peak Memory Usage": 3008, "Plans": [{"Node Type": "Hash Join", "Parent Relationship": "Outer", "Parallel Aware": true, "Join Type": "Inner", "Startup Cost": 18809.88, "Total Cost": 72277.51, "Plan Rows": 44148, "Plan Width": 120, "Actual Startup Time": 457.511, "Actual Total Time": 633.659, "Actual Rows": 79505, "Actual Loops": 4, "Inner Unique": false, "Hash Cond": "(t.id = mi_idx.movie_id)", "Plans": [{"Node Type": "Seq Scan", "Parent Relationship": "Outer", "Parallel Aware": true, "Relation Name": "title", "Alias": "t", "Startup Cost": 0.0, "Total Cost": 43916.91, "Plan Rows": 243938, "Plan Width": 95, "Actual Startup Time": 0.06, "Actual Total Time": 229.831, "Actual Rows": 246262, "Actual Loops": 4, "Filter": "(kind_id < 7)", "Rows Removed by Filter": 385816}, {"Node Type": "Hash", "Parent Relationship": "Inner", "Parallel Aware": true, "Startup Cost": 15122.68, "Total Cost": 15122.68, "Plan Rows": 190656, "Plan Width": 25, "Actual Startup Time": 120.058, "Actual Total Time": 120.063, "Actual Rows": 114981, "Actual Loops": 4, "Hash Buckets": 65536, "Original Hash Buckets": 65536, "Hash Batches": 16, "Original Hash Batches": 16, "Peak Memory Usage": 2144, "Plans": [{"Node Type": "Seq Scan", "Parent Relationship": "Outer", "Parallel Aware": true, "Relation Name": "movie_info_idx", "Alias": "mi_idx", "Startup Cost": 0.0, "Total Cost": 15122.68, "Plan Rows": 190656, "Plan Width": 25, "Actual Startup Time": 0.068, "Actual Total Time": 87.121, "Actual Rows": 114981, "Actual Loops": 4, "Filter": "(info_type_id = 99)", "Rows Removed by Filter": 230028}]}]}]}]}]}]}]}, "Planning Time": 2.487, "Triggers": [], "Execution Time": 18862.936}