{"Plan": {"Node Type": "Gather", "Parallel Aware": false, "Startup Cost": 88314.35, "Total Cost": 466330.84, "Plan Rows": 426337, "Plan Width": 163, "Actual Startup Time": 395.755, "Actual Total Time": 3403.548, "Actual Rows": 3436506, "Actual Loops": 1, "Workers Planned": 6, "Workers Launched": 6, "Single Copy": false, "Plans": [{"Node Type": "Hash Join", "Parent Relationship": "Outer", "Parallel Aware": true, "Join Type": "Inner", "Startup Cost": 87314.35, "Total Cost": 422697.14, "Plan Rows": 71056, "Plan Width": 163, "Actual Startup Time": 388.981, "Actual Total Time": 3064.941, "Actual Rows": 490929, "Actual Loops": 7, "Inner Unique": false, "Hash Cond": "(ci.movie_id = t.id)", "Plans": [{"Node Type": "Seq Scan", "Parent Relationship": "Outer", "Parallel Aware": true, "Relation Name": "cast_info", "Alias": "ci", "Startup Cost": 0.0, "Total Cost": 327657.8, "Plan Rows": 1998875, "Plan Width": 56, "Actual Startup Time": 0.055, "Actual Total Time": 1210.84, "Actual Rows": 3271777, "Actual Loops": 7, "Filter": "(person_id < 2338395)", "Rows Removed by Filter": 1905987}, {"Node Type": "Hash", "Parent Relationship": "Inner", "Parallel Aware": true, "Startup Cost": 86951.95, "Total Cost": 86951.95, "Plan Rows": 28992, "Plan Width": 107, "Actual Startup Time": 388.083, "Actual Total Time": 388.193, "Actual Rows": 15542, "Actual Loops": 7, "Hash Buckets": 131072, "Original Hash Buckets": 131072, "Hash Batches": 1, "Original Hash Batches": 1, "Peak Memory Usage": 14816, "Plans": [{"Node Type": "Hash Join", "Parent Relationship": "Outer", "Parallel Aware": true, "Join Type": "Inner", "Startup Cost": 44073.87, "Total Cost": 86951.95, "Plan Rows": 28992, "Plan Width": 107, "Actual Startup Time": 120.657, "Actual Total Time": 375.657, "Actual Rows": 15542, "Actual Loops": 7, "Inner Unique": true, "Hash Cond": "(mk.movie_id = t.id)", "Plans": [{"Node Type": "Seq Scan", "Parent Relationship": "Outer", "Parallel Aware": true, "Relation Name": "movie_keyword", "Alias": "mk", "Startup Cost": 0.0, "Total Cost": 39047.32, "Plan Rows": 1459332, "Plan Width": 12, "Actual Startup Time": 0.057, "Actual Total Time": 115.46, "Actual Rows": 646276, "Actual Loops": 7}, {"Node Type": "Hash", "Parent Relationship": "Inner", "Parallel Aware": true, "Startup Cost": 43916.91, "Total Cost": 43916.91, "Plan Rows": 12557, "Plan Width": 95, "Actual Startup Time": 119.973, "Actual Total Time": 119.975, "Actual Rows": 7573, "Actual Loops": 7, "Hash Buckets": 65536, "Original Hash Buckets": 65536, "Hash Batches": 1, "Original Hash Batches": 1, "Peak Memory Usage": 6848, "Plans": [{"Node Type": "Seq Scan", "Parent Relationship": "Outer", "Parallel Aware": true, "Relation Name": "title", "Alias": "t", "Startup Cost": 0.0, "Total Cost": 43916.91, "Plan Rows": 12557, "Plan Width": 95, "Actual Startup Time": 0.066, "Actual Total Time": 114.908, "Actual Rows": 7573, "Actual Loops": 7, "Filter": "(production_year = 2000)", "Rows Removed by Filter": 353614}]}]}]}]}]}, "Planning Time": 1.747, "Triggers": [], "Execution Time": 3601.095}