{"Plan": {"Node Type": "Gather", "Parallel Aware": false, "Startup Cost": 49792.22, "Total Cost": 101125.98, "Plan Rows": 264992, "Plan Width": 120, "Actual Startup Time": 631.266, "Actual Total Time": 888.829, "Actual Rows": 115854, "Actual Loops": 1, "Workers Planned": 2, "Workers Launched": 2, "Single Copy": false, "Plans": [{"Node Type": "Hash Join", "Parent Relationship": "Outer", "Parallel Aware": true, "Join Type": "Inner", "Startup Cost": 48792.22, "Total Cost": 73626.78, "Plan Rows": 110413, "Plan Width": 120, "Actual Startup Time": 631.561, "Actual Total Time": 796.88, "Actual Rows": 38618, "Actual Loops": 3, "Inner Unique": true, "Hash Cond": "(mi_idx.movie_id = t.id)", "Plans": [{"Node Type": "Seq Scan", "Parent Relationship": "Outer", "Parallel Aware": true, "Relation Name": "movie_info_idx", "Alias": "mi_idx", "Startup Cost": 0.0, "Total Cost": 13685.15, "Plan Rows": 575015, "Plan Width": 25, "Actual Startup Time": 0.052, "Actual Total Time": 107.391, "Actual Rows": 460012, "Actual Loops": 3}, {"Node Type": "Hash", "Parent Relationship": "Inner", "Parallel Aware": true, "Startup Cost": 45497.09, "Total Cost": 45497.09, "Plan Rows": 121370, "Plan Width": 95, "Actual Startup Time": 378.515, "Actual Total Time": 378.517, "Actual Rows": 172776, "Actual Loops": 3, "Hash Buckets": 32768, "Original Hash Buckets": 32768, "Hash Batches": 32, "Original Hash Batches": 32, "Peak Memory Usage": 2240, "Plans": [{"Node Type": "Seq Scan", "Parent Relationship": "Outer", "Parallel Aware": true, "Relation Name": "title", "Alias": "t", "Startup Cost": 0.0, "Total Cost": 45497.09, "Plan Rows": 121370, "Plan Width": 95, "Actual Startup Time": 0.045, "Actual Total Time": 295.594, "Actual Rows": 172776, "Actual Loops": 3, "Filter": "((production_year > 2007) AND (kind_id = 7))", "Rows Removed by Filter": 669995}]}]}]}, "Planning Time": 1.498, "Triggers": [], "Execution Time": 895.725}