{"Plan": {"Node Type": "Gather", "Parallel Aware": false, "Startup Cost": 509506.28, "Total Cost": 689198.7, "Plan Rows": 1152720, "Plan Width": 228, "Actual Startup Time": 5247.386, "Actual Total Time": 57096.307, "Actual Rows": 109819837, "Actual Loops": 1, "Workers Planned": 3, "Workers Launched": 3, "Single Copy": false, "Plans": [{"Node Type": "Hash Join", "Parent Relationship": "Outer", "Parallel Aware": true, "Join Type": "Inner", "Startup Cost": 508506.28, "Total Cost": 572926.7, "Plan Rows": 371845, "Plan Width": 228, "Actual Startup Time": 5246.201, "Actual Total Time": 23727.634, "Actual Rows": 27454959, "Actual Loops": 4, "Inner Unique": false, "Hash Cond": "(mk.movie_id = t.id)", "Plans": [{"Node Type": "Seq Scan", "Parent Relationship": "Outer", "Parallel Aware": true, "Relation Name": "movie_keyword", "Alias": "mk", "Startup Cost": 0.0, "Total Cost": 39047.32, "Plan Rows": 1459332, "Plan Width": 12, "Actual Startup Time": 0.072, "Actual Total Time": 255.28, "Actual Rows": 1130982, "Actual Loops": 4}, {"Node Type": "Hash", "Parent Relationship": "Inner", "Parallel Aware": true, "Startup Cost": 501774.09, "Total Cost": 501774.09, "Plan Rows": 161055, "Plan Width": 216, "Actual Startup Time": 4649.275, "Actual Total Time": 4649.371, "Actual Rows": 381441, "Actual Loops": 4, "Hash Buckets": 16384, "Original Hash Buckets": 16384, "Hash Batches": 128, "Original Hash Batches": 64, "Peak Memory Usage": 3680, "Plans": [{"Node Type": "Hash Join", "Parent Relationship": "Outer", "Parallel Aware": true, "Join Type": "Inner", "Startup Cost": 451674.94, "Total Cost": 501774.09, "Plan Rows": 161055, "Plan Width": 216, "Actual Startup Time": 3769.664, "Actual Total Time": 4180.519, "Actual Rows": 381441, "Actual Loops": 4, "Inner Unique": false, "Hash Cond": "(mc.movie_id = t.id)", "Plans": [{"Node Type": "Seq Scan", "Parent Relationship": "Outer", "Parallel Aware": true, "Relation Name": "movie_companies", "Alias": "mc", "Startup Cost": 0.0, "Total Cost": 37034.53, "Plan Rows": 483517, "Plan Width": 40, "Actual Startup Time": 0.06, "Actual Total Time": 218.354, "Actual Rows": 486740, "Actual Loops": 4, "Filter": "(company_id < 52087)", "Rows Removed by Filter": 165542}, {"Node Type": "Hash", "Parent Relationship": "Inner", "Parallel Aware": true, "Startup Cost": 446493.45, "Total Cost": 446493.45, "Plan Rows": 140359, "Plan Width": 176, "Actual Startup Time": 3392.684, "Actual Total Time": 3392.755, "Actual Rows": 75241, "Actual Loops": 4, "Hash Buckets": 32768, "Original Hash Buckets": 32768, "Hash Batches": 64, "Original Hash Batches": 64, "Peak Memory Usage": 1088, "Plans": [{"Node Type": "Hash Join", "Parent Relationship": "Outer", "Parallel Aware": true, "Join Type": "Inner", "Startup Cost": 83845.67, "Total Cost": 446493.45, "Plan Rows": 140359, "Plan Width": 176, "Actual Startup Time": 3129.152, "Actual Total Time": 3328.133, "Actual Rows": 75241, "Actual Loops": 4, "Inner Unique": false, "Hash Cond": "(ci.movie_id = t.id)", "Plans": [{"Node Type": "Seq Scan", "Parent Relationship": "Outer", "Parallel Aware": true, "Relation Name": "cast_info", "Alias": "ci", "Startup Cost": 0.0, "Total Cost": 342649.36, "Plan Rows": 666292, "Plan Width": 56, "Actual Startup Time": 705.176, "Actual Total Time": 2029.843, "Actual Rows": 113062, "Actual Loops": 4, "Filter": "((person_id < 158834) AND (role_id > 1))", "Rows Removed by Filter": 8948024}, {"Node Type": "Hash", "Parent Relationship": "Inner", "Parallel Aware": true, "Startup Cost": 77170.69, "Total Cost": 77170.69, "Plan Rows": 221918, "Plan Width": 120, "Actual Startup Time": 1052.389, "Actual Total Time": 1052.42, "Actual Rows": 238579, "Actual Loops": 4, "Hash Buckets": 32768, "Original Hash Buckets": 32768, "Hash Batches": 32, "Original Hash Batches": 32, "Peak Memory Usage": 4288, "Plans": [{"Node Type": "Hash Join", "Parent Relationship": "Outer", "Parallel Aware": true, "Join Type": "Inner", "Startup Cost": 50540.13, "Total Cost": 77170.69, "Plan Rows": 221918, "Plan Width": 120, "Actual Startup Time": 577.557, "Actual Total Time": 884.072, "Actual Rows": 238579, "Actual Loops": 4, "Inner Unique": true, "Hash Cond": "(mi_idx.movie_id = t.id)", "Plans": [{"Node Type": "Seq Scan", "Parent Relationship": "Outer", "Parallel Aware": true, "Relation Name": "movie_info_idx", "Alias": "mi_idx", "Startup Cost": 0.0, "Total Cost": 13685.15, "Plan Rows": 575015, "Plan Width": 25, "Actual Startup Time": 0.067, "Actual Total Time": 84.521, "Actual Rows": 345009, "Actual Loops": 4}, {"Node Type": "Hash", "Parent Relationship": "Inner", "Parallel Aware": true, "Startup Cost": 43916.91, "Total Cost": 43916.91, "Plan Rows": 243938, "Plan Width": 95, "Actual Startup Time": 367.304, "Actual Total Time": 367.307, "Actual Rows": 246262, "Actual Loops": 4, "Hash Buckets": 32768, "Original Hash Buckets": 32768, "Hash Batches": 64, "Original Hash Batches": 64, "Peak Memory Usage": 2080, "Plans": [{"Node Type": "Seq Scan", "Parent Relationship": "Outer", "Parallel Aware": true, "Relation Name": "title", "Alias": "t", "Startup Cost": 0.0, "Total Cost": 43916.91, "Plan Rows": 243938, "Plan Width": 95, "Actual Startup Time": 0.06, "Actual Total Time": 231.616, "Actual Rows": 246262, "Actual Loops": 4, "Filter": "(kind_id < 7)", "Rows Removed by Filter": 385816}]}]}]}]}]}]}]}]}]}, "Planning Time": 3.545, "Triggers": [], "Execution Time": 63640.719}