{"Plan": {"Node Type": "Gather", "Parallel Aware": false, "Startup Cost": 158195.06, "Total Cost": 923515.82, "Plan Rows": 4793814, "Plan Width": 205, "Actual Startup Time": 3977.509, "Actual Total Time": 75804.603, "Actual Rows": 242786845, "Actual Loops": 1, "Workers Planned": 5, "Workers Launched": 5, "Single Copy": false, "Plans": [{"Node Type": "Hash Join", "Parent Relationship": "Outer", "Parallel Aware": true, "Join Type": "Inner", "Startup Cost": 157195.06, "Total Cost": 443134.42, "Plan Rows": 958763, "Plan Width": 205, "Actual Startup Time": 3976.107, "Actual Total Time": 28178.544, "Actual Rows": 40464474, "Actual Loops": 6, "Inner Unique": false, "Hash Cond": "(mi.movie_id = t.id)", "Plans": [{"Node Type": "Seq Scan", "Parent Relationship": "Outer", "Parallel Aware": true, "Relation Name": "movie_info", "Alias": "mi", "Startup Cost": 0.0, "Total Cost": 191549.05, "Plan Rows": 2955605, "Plan Width": 73, "Actual Startup Time": 0.077, "Actual Total Time": 743.565, "Actual Rows": 2472620, "Actual Loops": 6}, {"Node Type": "Hash", "Parent Relationship": "Inner", "Parallel Aware": true, "Startup Cost": 148720.01, "Total Cost": 148720.01, "Plan Rows": 264564, "Plan Width": 132, "Actual Startup Time": 2064.31, "Actual Total Time": 2064.791, "Actual Rows": 583507, "Actual Loops": 6, "Hash Buckets": 32768, "Original Hash Buckets": 32768, "Hash Batches": 256, "Original Hash Batches": 64, "Peak Memory Usage": 2560, "Plans": [{"Node Type": "Hash Join", "Parent Relationship": "Outer", "Parallel Aware": true, "Join Type": "Inner", "Startup Cost": 87271.78, "Total Cost": 148720.01, "Plan Rows": 264564, "Plan Width": 132, "Actual Startup Time": 1072.614, "Actual Total Time": 1553.519, "Actual Rows": 583507, "Actual Loops": 6, "Inner Unique": false, "Hash Cond": "(mk.movie_id = t.id)", "Plans": [{"Node Type": "Seq Scan", "Parent Relationship": "Outer", "Parallel Aware": true, "Relation Name": "movie_keyword", "Alias": "mk", "Startup Cost": 0.0, "Total Cost": 39047.32, "Plan Rows": 1459332, "Plan Width": 12, "Actual Startup Time": 0.057, "Actual Total Time": 169.598, "Actual Rows": 753988, "Actual Loops": 6}, {"Node Type": "Hash", "Parent Relationship": "Inner", "Parallel Aware": true, "Startup Cost": 83824.42, "Total Cost": 83824.42, "Plan Rows": 114589, "Plan Width": 120, "Actual Startup Time": 691.765, "Actual Total Time": 692.225, "Actual Rows": 76698, "Actual Loops": 6, "Hash Buckets": 32768, "Original Hash Buckets": 32768, "Hash Batches": 32, "Original Hash Batches": 32, "Peak Memory Usage": 2208, "Plans": [{"Node Type": "Hash Join", "Parent Relationship": "Outer", "Parallel Aware": true, "Join Type": "Inner", "Startup Cost": 18815.96, "Total Cost": 83824.42, "Plan Rows": 114589, "Plan Width": 120, "Actual Startup Time": 421.353, "Actual Total Time": 631.786, "Actual Rows": 76698, "Actual Loops": 6, "Inner Unique": false, "Hash Cond": "(t.id = mi_idx.movie_id)", "Plans": [{"Node Type": "Seq Scan", "Parent Relationship": "Outer", "Parallel Aware": true, "Relation Name": "title", "Alias": "t", "Startup Cost": 0.0, "Total Cost": 42336.73, "Plan Rows": 632073, "Plan Width": 95, "Actual Startup Time": 0.049, "Actual Total Time": 119.05, "Actual Rows": 421385, "Actual Loops": 6}, {"Node Type": "Hash", "Parent Relationship": "Inner", "Parallel Aware": true, "Startup Cost": 15122.68, "Total Cost": 15122.68, "Plan Rows": 190982, "Plan Width": 25, "Actual Startup Time": 88.037, "Actual Total Time": 88.048, "Actual Rows": 76698, "Actual Loops": 6, "Hash Buckets": 65536, "Original Hash Buckets": 65536, "Hash Batches": 16, "Original Hash Batches": 16, "Peak Memory Usage": 1984, "Plans": [{"Node Type": "Seq Scan", "Parent Relationship": "Outer", "Parallel Aware": true, "Relation Name": "movie_info_idx", "Alias": "mi_idx", "Startup Cost": 0.0, "Total Cost": 15122.68, "Plan Rows": 190982, "Plan Width": 25, "Actual Startup Time": 0.066, "Actual Total Time": 59.61, "Actual Rows": 76698, "Actual Loops": 6, "Filter": "(info_type_id > 100)", "Rows Removed by Filter": 153308}]}]}]}]}]}]}]}, "Planning Time": 2.372, "Triggers": [], "Execution Time": 89756.06}