{"Plan": {"Node Type": "Gather", "Parallel Aware": false, "Startup Cost": 1000.0, "Total Cost": 42770.23, "Plan Rows": 31050, "Plan Width": 40, "Actual Startup Time": 11.524, "Actual Total Time": 125.805, "Actual Rows": 6578, "Actual Loops": 1, "Workers Planned": 4, "Workers Launched": 4, "Single Copy": false, "Plans": [{"Node Type": "Seq Scan", "Parent Relationship": "Outer", "Parallel Aware": true, "Relation Name": "movie_companies", "Alias": "mc", "Startup Cost": 0.0, "Total Cost": 38665.23, "Plan Rows": 7762, "Plan Width": 40, "Actual Startup Time": 6.657, "Actual Total Time": 117.401, "Actual Rows": 1316, "Actual Loops": 5, "Filter": "((company_type_id > 1) AND (company_id = 6))", "Rows Removed by Filter": 520510}]}, "Planning Time": 0.793, "Triggers": [], "Execution Time": 126.299}