{"Plan": {"Node Type": "Gather", "Parallel Aware": false, "Startup Cost": 94817.87, "Total Cost": 594114.05, "Plan Rows": 1339967, "Plan Width": 176, "Actual Startup Time": 3466.81, "Actual Total Time": 7144.455, "Actual Rows": 10068462, "Actual Loops": 1, "Workers Planned": 6, "Workers Launched": 6, "Single Copy": false, "Plans": [{"Node Type": "Hash Join", "Parent Relationship": "Outer", "Parallel Aware": true, "Join Type": "Inner", "Startup Cost": 93817.87, "Total Cost": 459117.35, "Plan Rows": 223328, "Plan Width": 176, "Actual Startup Time": 3459.862, "Actual Total Time": 5389.807, "Actual Rows": 1438352, "Actual Loops": 7, "Inner Unique": false, "Hash Cond": "(ci.movie_id = t.id)", "Plans": [{"Node Type": "Seq Scan", "Parent Relationship": "Outer", "Parallel Aware": true, "Relation Name": "cast_info", "Alias": "ci", "Startup Cost": 0.0, "Total Cost": 342649.36, "Plan Rows": 666292, "Plan Width": 56, "Actual Startup Time": 275.372, "Actual Total Time": 1762.809, "Actual Rows": 3417210, "Actual Loops": 7, "Filter": "((person_id > 1187578) AND (role_id < 11))", "Rows Removed by Filter": 1760554}, {"Node Type": "Hash", "Parent Relationship": "Inner", "Parallel Aware": true, "Startup Cost": 83197.16, "Total Cost": 83197.16, "Plan Rows": 353097, "Plan Width": 120, "Actual Startup Time": 681.04, "Actual Total Time": 681.08, "Actual Rows": 60817, "Actual Loops": 7, "Hash Buckets": 32768, "Original Hash Buckets": 32768, "Hash Batches": 64, "Original Hash Batches": 64, "Peak Memory Usage": 1280, "Plans": [{"Node Type": "Hash Join", "Parent Relationship": "Outer", "Parallel Aware": true, "Join Type": "Inner", "Startup Cost": 54454.6, "Total Cost": 83197.16, "Plan Rows": 353097, "Plan Width": 120, "Actual Startup Time": 402.088, "Actual Total Time": 620.947, "Actual Rows": 60817, "Actual Loops": 7, "Inner Unique": true, "Hash Cond": "(mi_idx.movie_id = t.id)", "Plans": [{"Node Type": "Seq Scan", "Parent Relationship": "Outer", "Parallel Aware": true, "Relation Name": "movie_info_idx", "Alias": "mi_idx", "Startup Cost": 0.0, "Total Cost": 13685.15, "Plan Rows": 575015, "Plan Width": 25, "Actual Startup Time": 0.061, "Actual Total Time": 48.217, "Actual Rows": 197148, "Actual Loops": 7}, {"Node Type": "Hash", "Parent Relationship": "Inner", "Parallel Aware": true, "Startup Cost": 43916.91, "Total Cost": 43916.91, "Plan Rows": 388135, "Plan Width": 95, "Actual Startup Time": 259.746, "Actual Total Time": 259.751, "Actual Rows": 220466, "Actual Loops": 7, "Hash Buckets": 32768, "Original Hash Buckets": 32768, "Hash Batches": 64, "Original Hash Batches": 64, "Peak Memory Usage": 3232, "Plans": [{"Node Type": "Seq Scan", "Parent Relationship": "Outer", "Parallel Aware": true, "Relation Name": "title", "Alias": "t", "Startup Cost": 0.0, "Total Cost": 43916.91, "Plan Rows": 388135, "Plan Width": 95, "Actual Startup Time": 0.038, "Actual Total Time": 146.075, "Actual Rows": 220466, "Actual Loops": 7, "Filter": "(kind_id = 7)", "Rows Removed by Filter": 140721}]}]}]}]}]}, "Planning Time": 1.702, "Triggers": [], "Execution Time": 7725.245}