{"Plan": {"Node Type": "Gather", "Parallel Aware": false, "Startup Cost": 344719.93, "Total Cost": 426376.6, "Plan Rows": 217306, "Plan Width": 245, "Actual Startup Time": 3661.548, "Actual Total Time": 10579.022, "Actual Rows": 12033433, "Actual Loops": 1, "Workers Planned": 3, "Workers Launched": 3, "Single Copy": false, "Plans": [{"Node Type": "Hash Join", "Parent Relationship": "Outer", "Parallel Aware": true, "Join Type": "Inner", "Startup Cost": 343719.93, "Total Cost": 403646.0, "Plan Rows": 70099, "Plan Width": 245, "Actual Startup Time": 3663.037, "Actual Total Time": 5908.035, "Actual Rows": 3008358, "Actual Loops": 4, "Inner Unique": false, "Hash Cond": "(mk.movie_id = t.id)", "Plans": [{"Node Type": "Seq Scan", "Parent Relationship": "Outer", "Parallel Aware": true, "Relation Name": "movie_keyword", "Alias": "mk", "Startup Cost": 0.0, "Total Cost": 39047.32, "Plan Rows": 1459332, "Plan Width": 12, "Actual Startup Time": 0.086, "Actual Total Time": 255.24, "Actual Rows": 1130982, "Actual Loops": 4}, {"Node Type": "Hash", "Parent Relationship": "Inner", "Parallel Aware": true, "Startup Cost": 342361.4, "Total Cost": 342361.4, "Plan Rows": 30362, "Plan Width": 233, "Actual Startup Time": 3092.177, "Actual Total Time": 3092.244, "Actual Rows": 168688, "Actual Loops": 4, "Hash Buckets": 16384, "Original Hash Buckets": 16384, "Hash Batches": 32, "Original Hash Batches": 16, "Peak Memory Usage": 4064, "Plans": [{"Node Type": "Hash Join", "Parent Relationship": "Outer", "Parallel Aware": true, "Join Type": "Inner", "Startup Cost": 297511.82, "Total Cost": 342361.4, "Plan Rows": 30362, "Plan Width": 233, "Actual Startup Time": 2629.81, "Actual Total Time": 2895.674, "Actual Rows": 168688, "Actual Loops": 4, "Inner Unique": false, "Hash Cond": "(mc.movie_id = t.id)", "Plans": [{"Node Type": "Seq Scan", "Parent Relationship": "Outer", "Parallel Aware": true, "Relation Name": "movie_companies", "Alias": "mc", "Startup Cost": 0.0, "Total Cost": 37034.53, "Plan Rows": 335556, "Plan Width": 40, "Actual Startup Time": 7.792, "Actual Total Time": 193.658, "Actual Rows": 333721, "Actual Loops": 4, "Filter": "(company_type_id = 2)", "Rows Removed by Filter": 318562}, {"Node Type": "Hash", "Parent Relationship": "Inner", "Parallel Aware": true, "Startup Cost": 295687.91, "Total Cost": 295687.91, "Plan Rows": 45753, "Plan Width": 193, "Actual Startup Time": 2338.608, "Actual Total Time": 2338.649, "Actual Rows": 106249, "Actual Loops": 4, "Hash Buckets": 32768, "Original Hash Buckets": 32768, "Hash Batches": 32, "Original Hash Batches": 16, "Peak Memory Usage": 2400, "Plans": [{"Node Type": "Hash Join", "Parent Relationship": "Outer", "Parallel Aware": true, "Join Type": "Inner", "Startup Cost": 87256.45, "Total Cost": 295687.91, "Plan Rows": 45753, "Plan Width": 193, "Actual Startup Time": 1990.508, "Actual Total Time": 2218.905, "Actual Rows": 106249, "Actual Loops": 4, "Inner Unique": false, "Hash Cond": "(mi.movie_id = t.id)", "Plans": [{"Node Type": "Seq Scan", "Parent Relationship": "Outer", "Parallel Aware": true, "Relation Name": "movie_info", "Alias": "mi", "Startup Cost": 0.0, "Total Cost": 198938.07, "Plan Rows": 252803, "Plan Width": 73, "Actual Startup Time": 94.145, "Actual Total Time": 879.511, "Actual Rows": 331340, "Actual Loops": 4, "Filter": "(info_type_id = 8)", "Rows Removed by Filter": 3377590}, {"Node Type": "Hash", "Parent Relationship": "Inner", "Parallel Aware": true, "Startup Cost": 83815.52, "Total Cost": 83815.52, "Plan Rows": 114394, "Plan Width": 120, "Actual Startup Time": 1011.721, "Actual Total Time": 1011.74, "Actual Rows": 114981, "Actual Loops": 4, "Hash Buckets": 32768, "Original Hash Buckets": 32768, "Hash Batches": 32, "Original Hash Batches": 32, "Peak Memory Usage": 2336, "Plans": [{"Node Type": "Hash Join", "Parent Relationship": "Outer", "Parallel Aware": true, "Join Type": "Inner", "Startup Cost": 18809.88, "Total Cost": 83815.52, "Plan Rows": 114394, "Plan Width": 120, "Actual Startup Time": 611.341, "Actual Total Time": 922.86, "Actual Rows": 114981, "Actual Loops": 4, "Inner Unique": false, "Hash Cond": "(t.id = mi_idx.movie_id)", "Plans": [{"Node Type": "Seq Scan", "Parent Relationship": "Outer", "Parallel Aware": true, "Relation Name": "title", "Alias": "t", "Startup Cost": 0.0, "Total Cost": 42336.73, "Plan Rows": 632073, "Plan Width": 95, "Actual Startup Time": 0.05, "Actual Total Time": 173.847, "Actual Rows": 632078, "Actual Loops": 4}, {"Node Type": "Hash", "Parent Relationship": "Inner", "Parallel Aware": true, "Startup Cost": 15122.68, "Total Cost": 15122.68, "Plan Rows": 190656, "Plan Width": 25, "Actual Startup Time": 123.993, "Actual Total Time": 123.997, "Actual Rows": 114981, "Actual Loops": 4, "Hash Buckets": 65536, "Original Hash Buckets": 65536, "Hash Batches": 16, "Original Hash Batches": 16, "Peak Memory Usage": 2176, "Plans": [{"Node Type": "Seq Scan", "Parent Relationship": "Outer", "Parallel Aware": true, "Relation Name": "movie_info_idx", "Alias": "mi_idx", "Startup Cost": 0.0, "Total Cost": 15122.68, "Plan Rows": 190656, "Plan Width": 25, "Actual Startup Time": 0.062, "Actual Total Time": 89.373, "Actual Rows": 114981, "Actual Loops": 4, "Filter": "(info_type_id < 100)", "Rows Removed by Filter": 230028}]}]}]}]}]}]}]}]}]}, "Planning Time": 3.901, "Triggers": [], "Execution Time": 11302.006}