{"Plan": {"Node Type": "Gather", "Parallel Aware": false, "Startup Cost": 158159.95, "Total Cost": 1787006.86, "Plan Rows": 11651481, "Plan Width": 188, "Actual Startup Time": 5120.555, "Actual Total Time": 67759.188, "Actual Rows": 200542501, "Actual Loops": 1, "Workers Planned": 6, "Workers Launched": 6, "Single Copy": false, "Plans": [{"Node Type": "Hash Join", "Parent Relationship": "Outer", "Parallel Aware": true, "Join Type": "Inner", "Startup Cost": 157159.95, "Total Cost": 620858.76, "Plan Rows": 1941914, "Plan Width": 188, "Actual Startup Time": 5112.316, "Actual Total Time": 28068.129, "Actual Rows": 28648929, "Actual Loops": 7, "Inner Unique": false, "Hash Cond": "(ci.movie_id = t.id)", "Plans": [{"Node Type": "Seq Scan", "Parent Relationship": "Outer", "Parallel Aware": true, "Relation Name": "cast_info", "Alias": "ci", "Startup Cost": 0.0, "Total Cost": 312666.24, "Plan Rows": 5996624, "Plan Width": 56, "Actual Startup Time": 0.081, "Actual Total Time": 1311.501, "Actual Rows": 5177763, "Actual Loops": 7}, {"Node Type": "Hash", "Parent Relationship": "Inner", "Parallel Aware": true, "Startup Cost": 148699.55, "Total Cost": 148699.55, "Plan Rows": 264112, "Plan Width": 132, "Actual Startup Time": 1831.273, "Actual Total Time": 1831.353, "Actual Rows": 494542, "Actual Loops": 7, "Hash Buckets": 32768, "Original Hash Buckets": 32768, "Hash Batches": 256, "Original Hash Batches": 64, "Peak Memory Usage": 2688, "Plans": [{"Node Type": "Hash Join", "Parent Relationship": "Outer", "Parallel Aware": true, "Join Type": "Inner", "Startup Cost": 87256.45, "Total Cost": 148699.55, "Plan Rows": 264112, "Plan Width": 132, "Actual Startup Time": 959.739, "Actual Total Time": 1367.085, "Actual Rows": 494542, "Actual Loops": 7, "Inner Unique": false, "Hash Cond": "(mk.movie_id = t.id)", "Plans": [{"Node Type": "Seq Scan", "Parent Relationship": "Outer", "Parallel Aware": true, "Relation Name": "movie_keyword", "Alias": "mk", "Startup Cost": 0.0, "Total Cost": 39047.32, "Plan Rows": 1459332, "Plan Width": 12, "Actual Startup Time": 0.07, "Actual Total Time": 145.968, "Actual Rows": 646276, "Actual Loops": 7}, {"Node Type": "Hash", "Parent Relationship": "Inner", "Parallel Aware": true, "Startup Cost": 83815.52, "Total Cost": 83815.52, "Plan Rows": 114394, "Plan Width": 120, "Actual Startup Time": 632.255, "Actual Total Time": 632.272, "Actual Rows": 65704, "Actual Loops": 7, "Hash Buckets": 32768, "Original Hash Buckets": 32768, "Hash Batches": 32, "Original Hash Batches": 32, "Peak Memory Usage": 2336, "Plans": [{"Node Type": "Hash Join", "Parent Relationship": "Outer", "Parallel Aware": true, "Join Type": "Inner", "Startup Cost": 18809.88, "Total Cost": 83815.52, "Plan Rows": 114394, "Plan Width": 120, "Actual Startup Time": 392.95, "Actual Total Time": 580.277, "Actual Rows": 65704, "Actual Loops": 7, "Inner Unique": false, "Hash Cond": "(t.id = mi_idx.movie_id)", "Plans": [{"Node Type": "Seq Scan", "Parent Relationship": "Outer", "Parallel Aware": true, "Relation Name": "title", "Alias": "t", "Startup Cost": 0.0, "Total Cost": 42336.73, "Plan Rows": 632073, "Plan Width": 95, "Actual Startup Time": 0.046, "Actual Total Time": 102.028, "Actual Rows": 361187, "Actual Loops": 7}, {"Node Type": "Hash", "Parent Relationship": "Inner", "Parallel Aware": true, "Startup Cost": 15122.68, "Total Cost": 15122.68, "Plan Rows": 190656, "Plan Width": 25, "Actual Startup Time": 99.952, "Actual Total Time": 99.954, "Actual Rows": 65704, "Actual Loops": 7, "Hash Buckets": 65536, "Original Hash Buckets": 65536, "Hash Batches": 16, "Original Hash Batches": 16, "Peak Memory Usage": 2144, "Plans": [{"Node Type": "Seq Scan", "Parent Relationship": "Outer", "Parallel Aware": true, "Relation Name": "movie_info_idx", "Alias": "mi_idx", "Startup Cost": 0.0, "Total Cost": 15122.68, "Plan Rows": 190656, "Plan Width": 25, "Actual Startup Time": 0.078, "Actual Total Time": 72.664, "Actual Rows": 65704, "Actual Loops": 7, "Filter": "(info_type_id < 100)", "Rows Removed by Filter": 131444}]}]}]}]}]}]}]}, "Planning Time": 2.261, "Triggers": [], "Execution Time": 79309.514}