{"Plan": {"Node Type": "Gather", "Parallel Aware": false, "Startup Cost": 268272.37, "Total Cost": 615696.88, "Plan Rows": 121863, "Plan Width": 249, "Actual Startup Time": 1776.12, "Actual Total Time": 2879.904, "Actual Rows": 46899, "Actual Loops": 1, "Workers Planned": 6, "Workers Launched": 6, "Single Copy": false, "Plans": [{"Node Type": "Hash Join", "Parent Relationship": "Outer", "Parallel Aware": true, "Join Type": "Inner", "Startup Cost": 267272.37, "Total Cost": 602510.58, "Plan Rows": 20310, "Plan Width": 249, "Actual Startup Time": 1755.573, "Actual Total Time": 2848.924, "Actual Rows": 6700, "Actual Loops": 7, "Inner Unique": false, "Hash Cond": "(ci.movie_id = t.id)", "Plans": [{"Node Type": "Seq Scan", "Parent Relationship": "Outer", "Parallel Aware": true, "Relation Name": "cast_info", "Alias": "ci", "Startup Cost": 0.0, "Total Cost": 327657.8, "Plan Rows": 1998875, "Plan Width": 56, "Actual Startup Time": 638.304, "Actual Total Time": 1347.234, "Actual Rows": 2303098, "Actual Loops": 7, "Filter": "(role_id > 2)", "Rows Removed by Filter": 2874666}, {"Node Type": "Hash", "Parent Relationship": "Inner", "Parallel Aware": true, "Startup Cost": 267138.57, "Total Cost": 267138.57, "Plan Rows": 10704, "Plan Width": 193, "Actual Startup Time": 1097.45, "Actual Total Time": 1097.463, "Actual Rows": 1206, "Actual Loops": 7, "Hash Buckets": 32768, "Original Hash Buckets": 32768, "Hash Batches": 1, "Original Hash Batches": 1, "Peak Memory Usage": 1920, "Plans": [{"Node Type": "Hash Join", "Parent Relationship": "Outer", "Parallel Aware": true, "Join Type": "Inner", "Startup Cost": 251275.71, "Total Cost": 267138.57, "Plan Rows": 10704, "Plan Width": 193, "Actual Startup Time": 1016.445, "Actual Total Time": 1095.776, "Actual Rows": 1206, "Actual Loops": 7, "Inner Unique": false, "Hash Cond": "(mi_idx.movie_id = t.id)", "Plans": [{"Node Type": "Seq Scan", "Parent Relationship": "Outer", "Parallel Aware": true, "Relation Name": "movie_info_idx", "Alias": "mi_idx", "Startup Cost": 0.0, "Total Cost": 13685.15, "Plan Rows": 575015, "Plan Width": 25, "Actual Startup Time": 0.06, "Actual Total Time": 37.616, "Actual Rows": 197148, "Actual Loops": 7}, {"Node Type": "Hash", "Parent Relationship": "Inner", "Parallel Aware": true, "Startup Cost": 251158.05, "Total Cost": 251158.05, "Plan Rows": 9413, "Plan Width": 168, "Actual Startup Time": 1015.077, "Actual Total Time": 1015.084, "Actual Rows": 1910, "Actual Loops": 7, "Hash Buckets": 65536, "Original Hash Buckets": 65536, "Hash Batches": 1, "Original Hash Batches": 1, "Peak Memory Usage": 2592, "Plans": [{"Node Type": "Hash Join", "Parent Relationship": "Outer", "Parallel Aware": true, "Join Type": "Inner", "Startup Cost": 45526.25, "Total Cost": 251158.05, "Plan Rows": 9413, "Plan Width": 168, "Actual Startup Time": 119.587, "Actual Total Time": 1011.6, "Actual Rows": 1910, "Actual Loops": 7, "Inner Unique": true, "Hash Cond": "(mi.movie_id = t.id)", "Plans": [{"Node Type": "Seq Scan", "Parent Relationship": "Outer", "Parallel Aware": true, "Relation Name": "movie_info", "Alias": "mi", "Startup Cost": 0.0, "Total Cost": 198938.07, "Plan Rows": 2549986, "Plan Width": 73, "Actual Startup Time": 0.054, "Actual Total Time": 620.892, "Actual Rows": 1820665, "Actual Loops": 7, "Filter": "(info_type_id > 2)", "Rows Removed by Filter": 298724}, {"Node Type": "Hash", "Parent Relationship": "Inner", "Parallel Aware": true, "Startup Cost": 45497.09, "Total Cost": 45497.09, "Plan Rows": 2333, "Plan Width": 95, "Actual Startup Time": 116.312, "Actual Total Time": 116.314, "Actual Rows": 384, "Actual Loops": 7, "Hash Buckets": 16384, "Original Hash Buckets": 16384, "Hash Batches": 1, "Original Hash Batches": 1, "Peak Memory Usage": 576, "Plans": [{"Node Type": "Seq Scan", "Parent Relationship": "Outer", "Parallel Aware": true, "Relation Name": "title", "Alias": "t", "Startup Cost": 0.0, "Total Cost": 45497.09, "Plan Rows": 2333, "Plan Width": 95, "Actual Startup Time": 70.026, "Actual Total Time": 115.208, "Actual Rows": 384, "Actual Loops": 7, "Filter": "((production_year < 1960) AND (kind_id = 3))", "Rows Removed by Filter": 360803}]}]}]}]}]}]}]}, "Planning Time": 2.364, "Triggers": [], "Execution Time": 2882.926}