{"Plan": {"Node Type": "Gather", "Parallel Aware": false, "Startup Cost": 44013.9, "Total Cost": 168564.03, "Plan Rows": 631571, "Plan Width": 135, "Actual Startup Time": 640.02, "Actual Total Time": 1330.402, "Actual Rows": 587070, "Actual Loops": 1, "Workers Planned": 4, "Workers Launched": 4, "Single Copy": false, "Plans": [{"Node Type": "Hash Join", "Parent Relationship": "Outer", "Parallel Aware": true, "Join Type": "Inner", "Startup Cost": 43013.9, "Total Cost": 104406.93, "Plan Rows": 157893, "Plan Width": 135, "Actual Startup Time": 631.54, "Actual Total Time": 943.329, "Actual Rows": 117414, "Actual Loops": 5, "Inner Unique": false, "Hash Cond": "(t.id = mc.movie_id)", "Plans": [{"Node Type": "Seq Scan", "Parent Relationship": "Outer", "Parallel Aware": true, "Relation Name": "title", "Alias": "t", "Startup Cost": 0.0, "Total Cost": 43916.91, "Plan Rows": 466238, "Plan Width": 95, "Actual Startup Time": 0.057, "Actual Total Time": 219.662, "Actual Rows": 373097, "Actual Loops": 5, "Filter": "(kind_id > 1)", "Rows Removed by Filter": 132565}, {"Node Type": "Hash", "Parent Relationship": "Inner", "Parallel Aware": true, "Startup Cost": 38665.23, "Total Cost": 38665.23, "Plan Rows": 214053, "Plan Width": 40, "Actual Startup Time": 238.921, "Actual Total Time": 238.925, "Actual Rows": 237017, "Actual Loops": 5, "Hash Buckets": 65536, "Original Hash Buckets": 65536, "Hash Batches": 32, "Original Hash Batches": 32, "Peak Memory Usage": 3328, "Plans": [{"Node Type": "Seq Scan", "Parent Relationship": "Outer", "Parallel Aware": true, "Relation Name": "movie_companies", "Alias": "mc", "Startup Cost": 0.0, "Total Cost": 38665.23, "Plan Rows": 214053, "Plan Width": 40, "Actual Startup Time": 0.05, "Actual Total Time": 158.466, "Actual Rows": 237017, "Actual Loops": 5, "Filter": "((company_id < 26309) AND (company_type_id = 1))", "Rows Removed by Filter": 284809}]}]}]}, "Planning Time": 1.433, "Triggers": [], "Execution Time": 1365.556}