{"Plan": {"Node Type": "Gather", "Parallel Aware": false, "Startup Cost": 19809.88, "Total Cost": 130572.92, "Plan Rows": 457574, "Plan Width": 120, "Actual Startup Time": 504.782, "Actual Total Time": 989.603, "Actual Rows": 459925, "Actual Loops": 1, "Workers Planned": 4, "Workers Launched": 4, "Single Copy": false, "Plans": [{"Node Type": "Hash Join", "Parent Relationship": "Outer", "Parallel Aware": true, "Join Type": "Inner", "Startup Cost": 18809.88, "Total Cost": 83815.52, "Plan Rows": 114394, "Plan Width": 120, "Actual Startup Time": 497.678, "Actual Total Time": 766.028, "Actual Rows": 91985, "Actual Loops": 5, "Inner Unique": false, "Hash Cond": "(t.id = mi_idx.movie_id)", "Plans": [{"Node Type": "Seq Scan", "Parent Relationship": "Outer", "Parallel Aware": true, "Relation Name": "title", "Alias": "t", "Startup Cost": 0.0, "Total Cost": 42336.73, "Plan Rows": 632073, "Plan Width": 95, "Actual Startup Time": 0.056, "Actual Total Time": 141.949, "Actual Rows": 505662, "Actual Loops": 5}, {"Node Type": "Hash", "Parent Relationship": "Inner", "Parallel Aware": true, "Startup Cost": 15122.68, "Total Cost": 15122.68, "Plan Rows": 190656, "Plan Width": 25, "Actual Startup Time": 99.075, "Actual Total Time": 99.076, "Actual Rows": 91985, "Actual Loops": 5, "Hash Buckets": 65536, "Original Hash Buckets": 65536, "Hash Batches": 16, "Original Hash Batches": 16, "Peak Memory Usage": 2176, "Plans": [{"Node Type": "Seq Scan", "Parent Relationship": "Outer", "Parallel Aware": true, "Relation Name": "movie_info_idx", "Alias": "mi_idx", "Startup Cost": 0.0, "Total Cost": 15122.68, "Plan Rows": 190656, "Plan Width": 25, "Actual Startup Time": 0.059, "Actual Total Time": 71.713, "Actual Rows": 91985, "Actual Loops": 5, "Filter": "(info_type_id = 99)", "Rows Removed by Filter": 184022}]}]}]}, "Planning Time": 1.378, "Triggers": [], "Execution Time": 1017.147}