{"Plan": {"Node Type": "Hash Join", "Parallel Aware": false, "Join Type": "Inner", "Startup Cost": 129938.55, "Total Cost": 1576648.97, "Plan Rows": 35979744, "Plan Width": 151, "Actual Startup Time": 2091.098, "Actual Total Time": 55429.007, "Actual Rows": 36244344, "Actual Loops": 1, "Inner Unique": true, "Hash Cond": "(ci.movie_id = t.id)", "Plans": [{"Node Type": "Seq Scan", "Parent Relationship": "Outer", "Parallel Aware": false, "Relation Name": "cast_info", "Alias": "ci", "Startup Cost": 0.0, "Total Cost": 612497.44, "Plan Rows": 35979744, "Plan Width": 56, "Actual Startup Time": 1.173, "Actual Total Time": 8253.281, "Actual Rows": 36244344, "Actual Loops": 1}, {"Node Type": "Hash", "Parent Relationship": "Inner", "Parallel Aware": false, "Startup Cost": 61298.91, "Total Cost": 61298.91, "Plan Rows": 2528291, "Plan Width": 95, "Actual Startup Time": 2087.244, "Actual Total Time": 2087.247, "Actual Rows": 2528312, "Actual Loops": 1, "Hash Buckets": 32768, "Original Hash Buckets": 32768, "Hash Batches": 128, "Original Hash Batches": 128, "Peak Memory Usage": 2453, "Plans": [{"Node Type": "Seq Scan", "Parent Relationship": "Outer", "Parallel Aware": false, "Relation Name": "title", "Alias": "t", "Startup Cost": 0.0, "Total Cost": 61298.91, "Plan Rows": 2528291, "Plan Width": 95, "Actual Startup Time": 0.031, "Actual Total Time": 641.792, "Actual Rows": 2528312, "Actual Loops": 1}]}]}, "Planning Time": 1.274, "Triggers": [], "Execution Time": 57412.487}