{"Plan": {"Node Type": "Hash Join", "Parallel Aware": false, "Join Type": "Inner", "Startup Cost": 129938.55, "Total Cost": 299617.53, "Plan Rows": 4167555, "Plan Width": 107, "Actual Startup Time": 2053.592, "Actual Total Time": 7769.451, "Actual Rows": 4169130, "Actual Loops": 1, "Inner Unique": true, "Hash Cond": "(mk.movie_id = t.id)", "Plans": [{"Node Type": "Seq Scan", "Parent Relationship": "Outer", "Parallel Aware": false, "Relation Name": "movie_keyword", "Alias": "mk", "Startup Cost": 0.0, "Total Cost": 81003.12, "Plan Rows": 4167555, "Plan Width": 12, "Actual Startup Time": 0.061, "Actual Total Time": 1297.698, "Actual Rows": 4169130, "Actual Loops": 1, "Filter": "(keyword_id > 315)", "Rows Removed by Filter": 354800}, {"Node Type": "Hash", "Parent Relationship": "Inner", "Parallel Aware": false, "Startup Cost": 61298.91, "Total Cost": 61298.91, "Plan Rows": 2528291, "Plan Width": 95, "Actual Startup Time": 2047.022, "Actual Total Time": 2047.024, "Actual Rows": 2528312, "Actual Loops": 1, "Hash Buckets": 32768, "Original Hash Buckets": 32768, "Hash Batches": 128, "Original Hash Batches": 128, "Peak Memory Usage": 2453, "Plans": [{"Node Type": "Seq Scan", "Parent Relationship": "Outer", "Parallel Aware": false, "Relation Name": "title", "Alias": "t", "Startup Cost": 0.0, "Total Cost": 61298.91, "Plan Rows": 2528291, "Plan Width": 95, "Actual Startup Time": 0.023, "Actual Total Time": 646.814, "Actual Rows": 2528312, "Actual Loops": 1}]}]}, "Planning Time": 1.404, "Triggers": [], "Execution Time": 7996.001}