{"Plan": {"Node Type": "Gather", "Parallel Aware": false, "Startup Cost": 61840.56, "Total Cost": 403500.02, "Plan Rows": 64610, "Plan Width": 176, "Actual Startup Time": 215.923, "Actual Total Time": 1348.632, "Actual Rows": 25626, "Actual Loops": 1, "Workers Planned": 6, "Workers Launched": 6, "Single Copy": false, "Plans": [{"Node Type": "Hash Join", "Parent Relationship": "Outer", "Parallel Aware": true, "Join Type": "Inner", "Startup Cost": 60840.56, "Total Cost": 396039.02, "Plan Rows": 10768, "Plan Width": 176, "Actual Startup Time": 209.777, "Actual Total Time": 1328.565, "Actual Rows": 3661, "Actual Loops": 7, "Inner Unique": false, "Hash Cond": "(ci.movie_id = t.id)", "Plans": [{"Node Type": "Seq Scan", "Parent Relationship": "Outer", "Parallel Aware": true, "Relation Name": "cast_info", "Alias": "ci", "Startup Cost": 0.0, "Total Cost": 327657.8, "Plan Rows": 1998875, "Plan Width": 56, "Actual Startup Time": 0.451, "Actual Total Time": 980.836, "Actual Rows": 653641, "Actual Loops": 7, "Filter": "(person_id < 441861)", "Rows Removed by Filter": 4524123}, {"Node Type": "Hash", "Parent Relationship": "Inner", "Parallel Aware": true, "Startup Cost": 60769.63, "Total Cost": 60769.63, "Plan Rows": 5675, "Plan Width": 120, "Actual Startup Time": 208.14, "Actual Total Time": 208.153, "Actual Rows": 935, "Actual Loops": 7, "Hash Buckets": 16384, "Original Hash Buckets": 16384, "Hash Batches": 1, "Original Hash Batches": 1, "Peak Memory Usage": 1120, "Plans": [{"Node Type": "Hash Join", "Parent Relationship": "Outer", "Parallel Aware": true, "Join Type": "Inner", "Startup Cost": 45575.07, "Total Cost": 60769.63, "Plan Rows": 5675, "Plan Width": 120, "Actual Startup Time": 121.292, "Actual Total Time": 206.901, "Actual Rows": 935, "Actual Loops": 7, "Inner Unique": true, "Hash Cond": "(mi_idx.movie_id = t.id)", "Plans": [{"Node Type": "Seq Scan", "Parent Relationship": "Outer", "Parallel Aware": true, "Relation Name": "movie_info_idx", "Alias": "mi_idx", "Startup Cost": 0.0, "Total Cost": 13685.15, "Plan Rows": 575015, "Plan Width": 25, "Actual Startup Time": 0.059, "Actual Total Time": 37.436, "Actual Rows": 197148, "Actual Loops": 7}, {"Node Type": "Hash", "Parent Relationship": "Inner", "Parallel Aware": true, "Startup Cost": 45497.09, "Total Cost": 45497.09, "Plan Rows": 6238, "Plan Width": 95, "Actual Startup Time": 120.341, "Actual Total Time": 120.345, "Actual Rows": 3869, "Actual Loops": 7, "Hash Buckets": 32768, "Original Hash Buckets": 32768, "Hash Batches": 1, "Original Hash Batches": 1, "Peak Memory Usage": 3424, "Plans": [{"Node Type": "Seq Scan", "Parent Relationship": "Outer", "Parallel Aware": true, "Relation Name": "title", "Alias": "t", "Startup Cost": 0.0, "Total Cost": 45497.09, "Plan Rows": 6238, "Plan Width": 95, "Actual Startup Time": 0.292, "Actual Total Time": 117.639, "Actual Rows": 3869, "Actual Loops": 7, "Filter": "((kind_id < 7) AND (production_year > 2012))", "Rows Removed by Filter": 357318}]}]}]}]}]}, "Planning Time": 1.684, "Triggers": [], "Execution Time": 1350.445}