{"Plan": {"Node Type": "Gather", "Parallel Aware": false, "Startup Cost": 51540.13, "Total Cost": 388664.92, "Plan Rows": 1175457, "Plan Width": 168, "Actual Startup Time": 1085.679, "Actual Total Time": 1760.053, "Actual Rows": 1394915, "Actual Loops": 1, "Workers Planned": 5, "Workers Launched": 5, "Single Copy": false, "Plans": [{"Node Type": "Hash Join", "Parent Relationship": "Outer", "Parallel Aware": true, "Join Type": "Inner", "Startup Cost": 50540.13, "Total Cost": 270119.22, "Plan Rows": 235091, "Plan Width": 168, "Actual Startup Time": 1078.161, "Actual Total Time": 1418.409, "Actual Rows": 232486, "Actual Loops": 6, "Inner Unique": true, "Hash Cond": "(mi.movie_id = t.id)", "Plans": [{"Node Type": "Seq Scan", "Parent Relationship": "Outer", "Parallel Aware": true, "Relation Name": "movie_info", "Alias": "mi", "Startup Cost": 0.0, "Total Cost": 198938.07, "Plan Rows": 609150, "Plan Width": 73, "Actual Startup Time": 309.691, "Actual Total Time": 646.119, "Actual Rows": 506120, "Actual Loops": 6, "Filter": "(info_type_id = 16)", "Rows Removed by Filter": 1966500}, {"Node Type": "Hash", "Parent Relationship": "Inner", "Parallel Aware": true, "Startup Cost": 43916.91, "Total Cost": 43916.91, "Plan Rows": 243938, "Plan Width": 95, "Actual Startup Time": 240.107, "Actual Total Time": 240.11, "Actual Rows": 164175, "Actual Loops": 6, "Hash Buckets": 32768, "Original Hash Buckets": 32768, "Hash Batches": 64, "Original Hash Batches": 64, "Peak Memory Usage": 2080, "Plans": [{"Node Type": "Seq Scan", "Parent Relationship": "Outer", "Parallel Aware": true, "Relation Name": "title", "Alias": "t", "Startup Cost": 0.0, "Total Cost": 43916.91, "Plan Rows": 243938, "Plan Width": 95, "Actual Startup Time": 0.052, "Actual Total Time": 153.507, "Actual Rows": 164175, "Actual Loops": 6, "Filter": "(kind_id < 7)", "Rows Removed by Filter": 257211}]}]}]}, "Planning Time": 1.54, "Triggers": [], "Execution Time": 1842.0}