{"Plan": {"Node Type": "Gather", "Parallel Aware": false, "Startup Cost": 82219.47, "Total Cost": 288713.74, "Plan Rows": 1006, "Plan Width": 220, "Actual Startup Time": 328.305, "Actual Total Time": 1353.52, "Actual Rows": 45071, "Actual Loops": 1, "Workers Planned": 5, "Workers Launched": 5, "Single Copy": false, "Plans": [{"Node Type": "Hash Join", "Parent Relationship": "Outer", "Parallel Aware": true, "Join Type": "Inner", "Startup Cost": 81219.47, "Total Cost": 287613.14, "Plan Rows": 201, "Plan Width": 220, "Actual Startup Time": 316.307, "Actual Total Time": 1233.211, "Actual Rows": 7512, "Actual Loops": 6, "Inner Unique": false, "Hash Cond": "(mi.movie_id = t.id)", "Plans": [{"Node Type": "Seq Scan", "Parent Relationship": "Outer", "Parallel Aware": true, "Relation Name": "movie_info", "Alias": "mi", "Startup Cost": 0.0, "Total Cost": 198938.07, "Plan Rows": 1988026, "Plan Width": 73, "Actual Startup Time": 0.05, "Actual Total Time": 689.221, "Actual Rows": 1651959, "Actual Loops": 6, "Filter": "(info_type_id > 4)", "Rows Removed by Filter": 820661}, {"Node Type": "Hash", "Parent Relationship": "Inner", "Parallel Aware": true, "Startup Cost": 81218.67, "Total Cost": 81218.67, "Plan Rows": 64, "Plan Width": 147, "Actual Startup Time": 300.299, "Actual Total Time": 300.33, "Actual Rows": 56, "Actual Loops": 6, "Hash Buckets": 1024, "Original Hash Buckets": 1024, "Hash Batches": 1, "Original Hash Batches": 1, "Peak Memory Usage": 200, "Plans": [{"Node Type": "Hash Join", "Parent Relationship": "Outer", "Parallel Aware": true, "Join Type": "Inner", "Startup Cost": 43368.58, "Total Cost": 81218.67, "Plan Rows": 64, "Plan Width": 147, "Actual Startup Time": 182.794, "Actual Total Time": 300.116, "Actual Rows": 56, "Actual Loops": 6, "Inner Unique": false, "Hash Cond": "(mc.movie_id = t.id)", "Plans": [{"Node Type": "Seq Scan", "Parent Relationship": "Outer", "Parallel Aware": true, "Relation Name": "movie_companies", "Alias": "mc", "Startup Cost": 0.0, "Total Cost": 35403.82, "Plan Rows": 652282, "Plan Width": 40, "Actual Startup Time": 0.041, "Actual Total Time": 84.275, "Actual Rows": 434855, "Actual Loops": 6}, {"Node Type": "Hash", "Parent Relationship": "Inner", "Parallel Aware": true, "Startup Cost": 43367.58, "Total Cost": 43367.58, "Plan Rows": 80, "Plan Width": 107, "Actual Startup Time": 139.051, "Actual Total Time": 139.066, "Actual Rows": 5, "Actual Loops": 6, "Hash Buckets": 1024, "Original Hash Buckets": 1024, "Hash Batches": 1, "Original Hash Batches": 1, "Peak Memory Usage": 200, "Plans": [{"Node Type": "Nested Loop", "Parent Relationship": "Outer", "Parallel Aware": false, "Join Type": "Inner", "Startup Cost": 0.43, "Total Cost": 43367.58, "Plan Rows": 80, "Plan Width": 107, "Actual Startup Time": 41.226, "Actual Total Time": 138.973, "Actual Rows": 5, "Actual Loops": 6, "Inner Unique": true, "Plans": [{"Node Type": "Seq Scan", "Parent Relationship": "Outer", "Parallel Aware": true, "Relation Name": "movie_keyword", "Alias": "mk", "Startup Cost": 0.0, "Total Cost": 42695.65, "Plan Rows": 80, "Plan Width": 12, "Actual Startup Time": 41.083, "Actual Total Time": 138.557, "Actual Rows": 5, "Actual Loops": 6, "Filter": "(keyword_id = 51157)", "Rows Removed by Filter": 753984}, {"Node Type": "Index Scan", "Parent Relationship": "Inner", "Parallel Aware": false, "Scan Direction": "Forward", "Index Name": "title_pkey", "Relation Name": "title", "Alias": "t", "Startup Cost": 0.43, "Total Cost": 8.4, "Plan Rows": 1, "Plan Width": 95, "Actual Startup Time": 0.074, "Actual Total Time": 0.075, "Actual Rows": 1, "Actual Loops": 28, "Index Cond": "(id = mk.movie_id)", "Rows Removed by Index Recheck": 0}]}]}]}]}]}]}, "Planning Time": 2.516, "Triggers": [], "Execution Time": 1356.487}