{"Plan": {"Node Type": "Gather", "Parallel Aware": false, "Startup Cost": 399027.23, "Total Cost": 476604.6, "Plan Rows": 175704, "Plan Width": 188, "Actual Startup Time": 20880.502, "Actual Total Time": 43670.941, "Actual Rows": 43343044, "Actual Loops": 1, "Workers Planned": 3, "Workers Launched": 3, "Single Copy": false, "Plans": [{"Node Type": "Hash Join", "Parent Relationship": "Outer", "Parallel Aware": true, "Join Type": "Inner", "Startup Cost": 398027.23, "Total Cost": 458034.2, "Plan Rows": 56679, "Plan Width": 188, "Actual Startup Time": 20881.667, "Actual Total Time": 27964.728, "Actual Rows": 10835761, "Actual Loops": 4, "Inner Unique": false, "Hash Cond": "(mk.movie_id = t.id)", "Plans": [{"Node Type": "Seq Scan", "Parent Relationship": "Outer", "Parallel Aware": true, "Relation Name": "movie_keyword", "Alias": "mk", "Startup Cost": 0.0, "Total Cost": 39047.32, "Plan Rows": 1459332, "Plan Width": 12, "Actual Startup Time": 0.068, "Actual Total Time": 254.404, "Actual Rows": 1130982, "Actual Loops": 4}, {"Node Type": "Hash", "Parent Relationship": "Inner", "Parallel Aware": true, "Startup Cost": 396516.79, "Total Cost": 396516.79, "Plan Rows": 40915, "Plan Width": 176, "Actual Startup Time": 20237.987, "Actual Total Time": 20238.149, "Actual Rows": 1143962, "Actual Loops": 4, "Hash Buckets": 32768, "Original Hash Buckets": 32768, "Hash Batches": 256, "Original Hash Batches": 8, "Peak Memory Usage": 4320, "Plans": [{"Node Type": "Hash Join", "Parent Relationship": "Outer", "Parallel Aware": true, "Join Type": "Inner", "Startup Cost": 372100.15, "Total Cost": 396516.79, "Plan Rows": 40915, "Plan Width": 176, "Actual Startup Time": 17400.795, "Actual Total Time": 18727.907, "Actual Rows": 1143962, "Actual Loops": 4, "Inner Unique": false, "Hash Cond": "(mi_idx.movie_id = t.id)", "Plans": [{"Node Type": "Seq Scan", "Parent Relationship": "Outer", "Parallel Aware": true, "Relation Name": "movie_info_idx", "Alias": "mi_idx", "Startup Cost": 0.0, "Total Cost": 13685.15, "Plan Rows": 575015, "Plan Width": 25, "Actual Startup Time": 0.059, "Actual Total Time": 82.916, "Actual Rows": 345009, "Actual Loops": 4}, {"Node Type": "Hash", "Parent Relationship": "Inner", "Parallel Aware": true, "Startup Cost": 371080.36, "Total Cost": 371080.36, "Plan Rows": 29983, "Plan Width": 151, "Actual Startup Time": 17141.698, "Actual Total Time": 17141.715, "Actual Rows": 1002009, "Actual Loops": 4, "Hash Buckets": 32768, "Original Hash Buckets": 32768, "Hash Batches": 256, "Original Hash Batches": 16, "Peak Memory Usage": 2912, "Plans": [{"Node Type": "Nested Loop", "Parent Relationship": "Outer", "Parallel Aware": false, "Join Type": "Inner", "Startup Cost": 0.43, "Total Cost": 371080.36, "Plan Rows": 29983, "Plan Width": 151, "Actual Startup Time": 1112.627, "Actual Total Time": 14847.509, "Actual Rows": 1002009, "Actual Loops": 4, "Inner Unique": true, "Plans": [{"Node Type": "Seq Scan", "Parent Relationship": "Outer", "Parallel Aware": true, "Relation Name": "cast_info", "Alias": "ci", "Startup Cost": 0.0, "Total Cost": 327657.8, "Plan Rows": 29983, "Plan Width": 56, "Actual Startup Time": 1112.438, "Actual Total Time": 2219.814, "Actual Rows": 1002009, "Actual Loops": 4, "Filter": "(role_id = 3)", "Rows Removed by Filter": 8059077}, {"Node Type": "Index Scan", "Parent Relationship": "Inner", "Parallel Aware": false, "Scan Direction": "Forward", "Index Name": "title_pkey", "Relation Name": "title", "Alias": "t", "Startup Cost": 0.43, "Total Cost": 1.45, "Plan Rows": 1, "Plan Width": 95, "Actual Startup Time": 0.012, "Actual Total Time": 0.012, "Actual Rows": 1, "Actual Loops": 4008037, "Index Cond": "(id = ci.movie_id)", "Rows Removed by Index Recheck": 0}]}]}]}]}]}]}, "Planning Time": 2.331, "Triggers": [], "Execution Time": 46229.449}