{"Plan": {"Node Type": "Gather", "Parallel Aware": false, "Startup Cost": 1000.43, "Total Cost": 38256.53, "Plan Rows": 23, "Plan Width": 135, "Actual Startup Time": 1.003, "Actual Total Time": 122.412, "Actual Rows": 735, "Actual Loops": 1, "Workers Planned": 4, "Workers Launched": 4, "Single Copy": false, "Plans": [{"Node Type": "Nested Loop", "Parent Relationship": "Outer", "Parallel Aware": false, "Join Type": "Inner", "Startup Cost": 0.43, "Total Cost": 37254.23, "Plan Rows": 6, "Plan Width": 135, "Actual Startup Time": 0.269, "Actual Total Time": 113.41, "Actual Rows": 147, "Actual Loops": 5, "Inner Unique": true, "Plans": [{"Node Type": "Seq Scan", "Parent Relationship": "Outer", "Parallel Aware": true, "Relation Name": "movie_companies", "Alias": "mc", "Startup Cost": 0.0, "Total Cost": 37034.53, "Plan Rows": 26, "Plan Width": 40, "Actual Startup Time": 0.154, "Actual Total Time": 108.816, "Actual Rows": 158, "Actual Loops": 5, "Filter": "(company_id = 1129)", "Rows Removed by Filter": 521668}, {"Node Type": "Index Scan", "Parent Relationship": "Inner", "Parallel Aware": false, "Scan Direction": "Forward", "Index Name": "title_pkey", "Relation Name": "title", "Alias": "t", "Startup Cost": 0.43, "Total Cost": 8.45, "Plan Rows": 1, "Plan Width": 95, "Actual Startup Time": 0.028, "Actual Total Time": 0.028, "Actual Rows": 1, "Actual Loops": 788, "Index Cond": "(id = mc.movie_id)", "Rows Removed by Index Recheck": 0, "Filter": "(production_year < 1984)", "Rows Removed by Filter": 0}]}]}, "Planning Time": 1.901, "Triggers": [], "Execution Time": 122.641}