{"Plan": {"Node Type": "Hash Join", "Parallel Aware": false, "Join Type": "Inner", "Startup Cost": 129938.55, "Total Cost": 281047.49, "Plan Rows": 2668878, "Plan Width": 107, "Actual Startup Time": 2128.103, "Actual Total Time": 6542.137, "Actual Rows": 2678174, "Actual Loops": 1, "Inner Unique": true, "Hash Cond": "(mk.movie_id = t.id)", "Plans": [{"Node Type": "Seq Scan", "Parent Relationship": "Outer", "Parallel Aware": false, "Relation Name": "movie_keyword", "Alias": "mk", "Startup Cost": 0.0, "Total Cost": 81003.12, "Plan Rows": 2668878, "Plan Width": 12, "Actual Startup Time": 0.041, "Actual Total Time": 1159.887, "Actual Rows": 2678174, "Actual Loops": 1, "Filter": "(keyword_id < 7511)", "Rows Removed by Filter": 1845756}, {"Node Type": "Hash", "Parent Relationship": "Inner", "Parallel Aware": false, "Startup Cost": 61298.91, "Total Cost": 61298.91, "Plan Rows": 2528291, "Plan Width": 95, "Actual Startup Time": 2108.366, "Actual Total Time": 2108.369, "Actual Rows": 2528312, "Actual Loops": 1, "Hash Buckets": 32768, "Original Hash Buckets": 32768, "Hash Batches": 128, "Original Hash Batches": 128, "Peak Memory Usage": 2453, "Plans": [{"Node Type": "Seq Scan", "Parent Relationship": "Outer", "Parallel Aware": false, "Relation Name": "title", "Alias": "t", "Startup Cost": 0.0, "Total Cost": 61298.91, "Plan Rows": 2528291, "Plan Width": 95, "Actual Startup Time": 0.025, "Actual Total Time": 683.302, "Actual Rows": 2528312, "Actual Loops": 1}]}]}, "Planning Time": 1.397, "Triggers": [], "Execution Time": 6687.715}