{"Plan": {"Node Type": "Gather", "Parallel Aware": false, "Startup Cost": 453406.26, "Total Cost": 1164440.13, "Plan Rows": 4289385, "Plan Width": 249, "Actual Startup Time": 7850.393, "Actual Total Time": 52387.106, "Actual Rows": 144474509, "Actual Loops": 1, "Workers Planned": 5, "Workers Launched": 5, "Single Copy": false, "Plans": [{"Node Type": "Hash Join", "Parent Relationship": "Outer", "Parallel Aware": true, "Join Type": "Inner", "Startup Cost": 452406.26, "Total Cost": 734501.63, "Plan Rows": 857877, "Plan Width": 249, "Actual Startup Time": 7840.205, "Actual Total Time": 26713.015, "Actual Rows": 24079085, "Actual Loops": 6, "Inner Unique": false, "Hash Cond": "(mi.movie_id = t.id)", "Plans": [{"Node Type": "Seq Scan", "Parent Relationship": "Outer", "Parallel Aware": true, "Relation Name": "movie_info", "Alias": "mi", "Startup Cost": 0.0, "Total Cost": 191549.05, "Plan Rows": 2955605, "Plan Width": 73, "Actual Startup Time": 0.067, "Actual Total Time": 731.666, "Actual Rows": 2472620, "Actual Loops": 6}, {"Node Type": "Hash", "Parent Relationship": "Inner", "Parallel Aware": true, "Startup Cost": 447890.41, "Total Cost": 447890.41, "Plan Rows": 122308, "Plan Width": 176, "Actual Startup Time": 5950.121, "Actual Total Time": 5950.523, "Actual Rows": 950469, "Actual Loops": 6, "Hash Buckets": 32768, "Original Hash Buckets": 32768, "Hash Batches": 256, "Original Hash Batches": 64, "Peak Memory Usage": 4288, "Plans": [{"Node Type": "Hash Join", "Parent Relationship": "Outer", "Parallel Aware": true, "Join Type": "Inner", "Startup Cost": 87382.68, "Total Cost": 447890.41, "Plan Rows": 122308, "Plan Width": 176, "Actual Startup Time": 3249.921, "Actual Total Time": 4970.202, "Actual Rows": 950469, "Actual Loops": 6, "Inner Unique": false, "Hash Cond": "(ci.movie_id = t.id)", "Plans": [{"Node Type": "Seq Scan", "Parent Relationship": "Outer", "Parallel Aware": true, "Relation Name": "cast_info", "Alias": "ci", "Startup Cost": 0.0, "Total Cost": 342649.36, "Plan Rows": 666292, "Plan Width": 56, "Actual Startup Time": 497.971, "Actual Total Time": 1830.917, "Actual Rows": 2608734, "Actual Loops": 6, "Filter": "((person_id < 2887164) AND (role_id > 1))", "Rows Removed by Filter": 3431990}, {"Node Type": "Hash", "Parent Relationship": "Inner", "Parallel Aware": true, "Startup Cost": 83892.36, "Total Cost": 83892.36, "Plan Rows": 116026, "Plan Width": 120, "Actual Startup Time": 689.871, "Actual Total Time": 690.185, "Actual Rows": 76654, "Actual Loops": 6, "Hash Buckets": 32768, "Original Hash Buckets": 32768, "Hash Batches": 32, "Original Hash Batches": 32, "Peak Memory Usage": 2208, "Plans": [{"Node Type": "Hash Join", "Parent Relationship": "Outer", "Parallel Aware": true, "Join Type": "Inner", "Startup Cost": 18861.91, "Total Cost": 83892.36, "Plan Rows": 116026, "Plan Width": 120, "Actual Startup Time": 409.773, "Actual Total Time": 627.928, "Actual Rows": 76654, "Actual Loops": 6, "Inner Unique": false, "Hash Cond": "(t.id = mi_idx.movie_id)", "Plans": [{"Node Type": "Seq Scan", "Parent Relationship": "Outer", "Parallel Aware": true, "Relation Name": "title", "Alias": "t", "Startup Cost": 0.0, "Total Cost": 42336.73, "Plan Rows": 632073, "Plan Width": 95, "Actual Startup Time": 0.044, "Actual Total Time": 118.777, "Actual Rows": 421385, "Actual Loops": 6}, {"Node Type": "Hash", "Parent Relationship": "Inner", "Parallel Aware": true, "Startup Cost": 15122.68, "Total Cost": 15122.68, "Plan Rows": 193378, "Plan Width": 25, "Actual Startup Time": 79.768, "Actual Total Time": 79.772, "Actual Rows": 76654, "Actual Loops": 6, "Hash Buckets": 65536, "Original Hash Buckets": 65536, "Hash Batches": 16, "Original Hash Batches": 16, "Peak Memory Usage": 2016, "Plans": [{"Node Type": "Seq Scan", "Parent Relationship": "Outer", "Parallel Aware": true, "Relation Name": "movie_info_idx", "Alias": "mi_idx", "Startup Cost": 0.0, "Total Cost": 15122.68, "Plan Rows": 193378, "Plan Width": 25, "Actual Startup Time": 0.059, "Actual Total Time": 56.474, "Actual Rows": 76654, "Actual Loops": 6, "Filter": "(info_type_id = 100)", "Rows Removed by Filter": 153352}]}]}]}]}]}]}]}, "Planning Time": 2.44, "Triggers": [], "Execution Time": 60778.644}