{"Plan": {"Node Type": "Gather", "Parallel Aware": false, "Startup Cost": 44368.72, "Total Cost": 83502.91, "Plan Rows": 46, "Plan Width": 147, "Actual Startup Time": 184.914, "Actual Total Time": 326.641, "Actual Rows": 149, "Actual Loops": 1, "Workers Planned": 4, "Workers Launched": 4, "Single Copy": false, "Plans": [{"Node Type": "Hash Join", "Parent Relationship": "Outer", "Parallel Aware": true, "Join Type": "Inner", "Startup Cost": 43368.72, "Total Cost": 82498.31, "Plan Rows": 12, "Plan Width": 147, "Actual Startup Time": 189.721, "Actual Total Time": 304.009, "Actual Rows": 30, "Actual Loops": 5, "Inner Unique": false, "Hash Cond": "(mc.movie_id = t.id)", "Plans": [{"Node Type": "Seq Scan", "Parent Relationship": "Outer", "Parallel Aware": true, "Relation Name": "movie_companies", "Alias": "mc", "Startup Cost": 0.0, "Total Cost": 38665.23, "Plan Rows": 123819, "Plan Width": 40, "Actual Startup Time": 6.353, "Actual Total Time": 126.18, "Actual Rows": 57768, "Actual Loops": 5, "Filter": "((company_id < 4226) AND (company_type_id = 2))", "Rows Removed by Filter": 464058}, {"Node Type": "Hash", "Parent Relationship": "Inner", "Parallel Aware": true, "Startup Cost": 43367.78, "Total Cost": 43367.78, "Plan Rows": 75, "Plan Width": 107, "Actual Startup Time": 168.501, "Actual Total Time": 168.503, "Actual Rows": 75, "Actual Loops": 5, "Hash Buckets": 1024, "Original Hash Buckets": 1024, "Hash Batches": 1, "Original Hash Batches": 1, "Peak Memory Usage": 168, "Plans": [{"Node Type": "Nested Loop", "Parent Relationship": "Outer", "Parallel Aware": false, "Join Type": "Inner", "Startup Cost": 0.43, "Total Cost": 43367.78, "Plan Rows": 75, "Plan Width": 107, "Actual Startup Time": 2.231, "Actual Total Time": 168.203, "Actual Rows": 75, "Actual Loops": 5, "Inner Unique": true, "Plans": [{"Node Type": "Seq Scan", "Parent Relationship": "Outer", "Parallel Aware": true, "Relation Name": "movie_keyword", "Alias": "mk", "Startup Cost": 0.0, "Total Cost": 42695.65, "Plan Rows": 80, "Plan Width": 12, "Actual Startup Time": 2.132, "Actual Total Time": 164.835, "Actual Rows": 76, "Actual Loops": 5, "Filter": "(keyword_id = 2198)", "Rows Removed by Filter": 904710}, {"Node Type": "Index Scan", "Parent Relationship": "Inner", "Parallel Aware": false, "Scan Direction": "Forward", "Index Name": "title_pkey", "Relation Name": "title", "Alias": "t", "Startup Cost": 0.43, "Total Cost": 8.4, "Plan Rows": 1, "Plan Width": 95, "Actual Startup Time": 0.04, "Actual Total Time": 0.04, "Actual Rows": 1, "Actual Loops": 379, "Index Cond": "(id = mk.movie_id)", "Rows Removed by Index Recheck": 0, "Filter": "(production_year < 2013)", "Rows Removed by Filter": 0}]}]}]}]}, "Planning Time": 1.859, "Triggers": [], "Execution Time": 326.879}