{"Plan": {"Node Type": "Gather", "Parallel Aware": false, "Startup Cost": 19815.23, "Total Cost": 124029.71, "Plan Rows": 402314, "Plan Width": 120, "Actual Startup Time": 508.744, "Actual Total Time": 966.399, "Actual Rows": 436710, "Actual Loops": 1, "Workers Planned": 4, "Workers Launched": 4, "Single Copy": false, "Plans": [{"Node Type": "Hash Join", "Parent Relationship": "Outer", "Parallel Aware": true, "Join Type": "Inner", "Startup Cost": 18815.23, "Total Cost": 82798.31, "Plan Rows": 100578, "Plan Width": 120, "Actual Startup Time": 511.055, "Actual Total Time": 737.886, "Actual Rows": 87342, "Actual Loops": 5, "Inner Unique": false, "Hash Cond": "(t.id = mi_idx.movie_id)", "Plans": [{"Node Type": "Seq Scan", "Parent Relationship": "Outer", "Parallel Aware": true, "Relation Name": "title", "Alias": "t", "Startup Cost": 0.0, "Total Cost": 43916.91, "Plan Rows": 554958, "Plan Width": 95, "Actual Startup Time": 0.033, "Actual Total Time": 228.437, "Actual Rows": 444914, "Actual Loops": 5, "Filter": "(production_year < 2012)", "Rows Removed by Filter": 60749}, {"Node Type": "Hash", "Parent Relationship": "Inner", "Parallel Aware": true, "Startup Cost": 15122.68, "Total Cost": 15122.68, "Plan Rows": 190924, "Plan Width": 25, "Actual Startup Time": 93.137, "Actual Total Time": 93.138, "Actual Rows": 91985, "Actual Loops": 5, "Hash Buckets": 65536, "Original Hash Buckets": 65536, "Hash Batches": 16, "Original Hash Batches": 16, "Peak Memory Usage": 1952, "Plans": [{"Node Type": "Seq Scan", "Parent Relationship": "Outer", "Parallel Aware": true, "Relation Name": "movie_info_idx", "Alias": "mi_idx", "Startup Cost": 0.0, "Total Cost": 15122.68, "Plan Rows": 190924, "Plan Width": 25, "Actual Startup Time": 0.053, "Actual Total Time": 67.347, "Actual Rows": 91985, "Actual Loops": 5, "Filter": "(info_type_id = 101)", "Rows Removed by Filter": 184022}]}]}]}, "Planning Time": 1.411, "Triggers": [], "Execution Time": 992.579}