{"Plan": {"Node Type": "Gather", "Parallel Aware": false, "Startup Cost": 60496.64, "Total Cost": 350944.91, "Plan Rows": 778863, "Plan Width": 168, "Actual Startup Time": 1109.252, "Actual Total Time": 1785.02, "Actual Rows": 802140, "Actual Loops": 1, "Workers Planned": 5, "Workers Launched": 5, "Single Copy": false, "Plans": [{"Node Type": "Hash Join", "Parent Relationship": "Outer", "Parallel Aware": true, "Join Type": "Inner", "Startup Cost": 59496.64, "Total Cost": 272058.61, "Plan Rows": 155773, "Plan Width": 168, "Actual Startup Time": 1100.63, "Actual Total Time": 1419.087, "Actual Rows": 133690, "Actual Loops": 6, "Inner Unique": true, "Hash Cond": "(mi.movie_id = t.id)", "Plans": [{"Node Type": "Seq Scan", "Parent Relationship": "Outer", "Parallel Aware": true, "Relation Name": "movie_info", "Alias": "mi", "Startup Cost": 0.0, "Total Cost": 198938.07, "Plan Rows": 155773, "Plan Width": 73, "Actual Startup Time": 223.38, "Actual Total Time": 582.443, "Actual Rows": 133690, "Actual Loops": 6, "Filter": "(info_type_id < 2)", "Rows Removed by Filter": 2338930}, {"Node Type": "Hash", "Parent Relationship": "Inner", "Parallel Aware": true, "Startup Cost": 42336.73, "Total Cost": 42336.73, "Plan Rows": 632073, "Plan Width": 95, "Actual Startup Time": 415.715, "Actual Total Time": 415.72, "Actual Rows": 421385, "Actual Loops": 6, "Hash Buckets": 32768, "Original Hash Buckets": 32768, "Hash Batches": 128, "Original Hash Batches": 128, "Peak Memory Usage": 2624, "Plans": [{"Node Type": "Seq Scan", "Parent Relationship": "Outer", "Parallel Aware": true, "Relation Name": "title", "Alias": "t", "Startup Cost": 0.0, "Total Cost": 42336.73, "Plan Rows": 632073, "Plan Width": 95, "Actual Startup Time": 0.037, "Actual Total Time": 117.497, "Actual Rows": 421385, "Actual Loops": 6}]}]}]}, "Planning Time": 1.495, "Triggers": [], "Execution Time": 1831.114}