{"Plan": {"Node Type": "Gather", "Parallel Aware": false, "Startup Cost": 109460.84, "Total Cost": 344632.29, "Plan Rows": 323770, "Plan Width": 233, "Actual Startup Time": 2666.458, "Actual Total Time": 11532.806, "Actual Rows": 26591968, "Actual Loops": 1, "Workers Planned": 5, "Workers Launched": 5, "Single Copy": false, "Plans": [{"Node Type": "Hash Join", "Parent Relationship": "Outer", "Parallel Aware": true, "Join Type": "Inner", "Startup Cost": 108460.84, "Total Cost": 311255.29, "Plan Rows": 64754, "Plan Width": 233, "Actual Startup Time": 2654.634, "Actual Total Time": 6256.793, "Actual Rows": 4431995, "Actual Loops": 6, "Inner Unique": false, "Hash Cond": "(mi.movie_id = t.id)", "Plans": [{"Node Type": "Seq Scan", "Parent Relationship": "Outer", "Parallel Aware": true, "Relation Name": "movie_info", "Alias": "mi", "Startup Cost": 0.0, "Total Cost": 191549.05, "Plan Rows": 2955605, "Plan Width": 73, "Actual Startup Time": 0.05, "Actual Total Time": 711.773, "Actual Rows": 2472620, "Actual Loops": 6}, {"Node Type": "Hash", "Parent Relationship": "Inner", "Parallel Aware": true, "Startup Cost": 108287.74, "Total Cost": 108287.74, "Plan Rows": 13848, "Plan Width": 160, "Actual Startup Time": 974.848, "Actual Total Time": 975.045, "Actual Rows": 97894, "Actual Loops": 6, "Hash Buckets": 32768, "Original Hash Buckets": 65536, "Hash Batches": 32, "Original Hash Batches": 1, "Peak Memory Usage": 3328, "Plans": [{"Node Type": "Hash Join", "Parent Relationship": "Outer", "Parallel Aware": true, "Join Type": "Inner", "Startup Cost": 69487.4, "Total Cost": 108287.74, "Plan Rows": 13848, "Plan Width": 160, "Actual Startup Time": 698.584, "Actual Total Time": 847.609, "Actual Rows": 97894, "Actual Loops": 6, "Inner Unique": false, "Hash Cond": "(mc.movie_id = t.id)", "Plans": [{"Node Type": "Seq Scan", "Parent Relationship": "Outer", "Parallel Aware": true, "Relation Name": "movie_companies", "Alias": "mc", "Startup Cost": 0.0, "Total Cost": 37034.53, "Plan Rows": 455496, "Plan Width": 40, "Actual Startup Time": 0.054, "Actual Total Time": 136.819, "Actual Rows": 301786, "Actual Loops": 6, "Filter": "(company_id > 1736)", "Rows Removed by Filter": 133069}, {"Node Type": "Hash", "Parent Relationship": "Inner", "Parallel Aware": true, "Startup Cost": 69087.07, "Total Cost": 69087.07, "Plan Rows": 32027, "Plan Width": 120, "Actual Startup Time": 466.72, "Actual Total Time": 466.886, "Actual Rows": 34588, "Actual Loops": 6, "Hash Buckets": 32768, "Original Hash Buckets": 131072, "Hash Batches": 16, "Original Hash Batches": 1, "Peak Memory Usage": 1984, "Plans": [{"Node Type": "Hash Join", "Parent Relationship": "Outer", "Parallel Aware": true, "Join Type": "Inner", "Startup Cost": 46927.44, "Total Cost": 69087.07, "Plan Rows": 32027, "Plan Width": 120, "Actual Startup Time": 322.392, "Actual Total Time": 407.79, "Actual Rows": 34588, "Actual Loops": 6, "Inner Unique": true, "Hash Cond": "(mi_idx.movie_id = t.id)", "Plans": [{"Node Type": "Seq Scan", "Parent Relationship": "Outer", "Parallel Aware": true, "Relation Name": "movie_info_idx", "Alias": "mi_idx", "Startup Cost": 0.0, "Total Cost": 15122.68, "Plan Rows": 384359, "Plan Width": 25, "Actual Startup Time": 0.065, "Actual Total Time": 65.687, "Actual Rows": 153352, "Actual Loops": 6, "Filter": "(info_type_id > 99)", "Rows Removed by Filter": 76654}, {"Node Type": "Hash", "Parent Relationship": "Inner", "Parallel Aware": true, "Startup Cost": 45497.09, "Total Cost": 45497.09, "Plan Rows": 52668, "Plan Width": 95, "Actual Startup Time": 202.35, "Actual Total Time": 202.353, "Actual Rows": 56938, "Actual Loops": 6, "Hash Buckets": 32768, "Original Hash Buckets": 32768, "Hash Batches": 16, "Original Hash Batches": 8, "Peak Memory Usage": 2784, "Plans": [{"Node Type": "Seq Scan", "Parent Relationship": "Outer", "Parallel Aware": true, "Relation Name": "title", "Alias": "t", "Startup Cost": 0.0, "Total Cost": 45497.09, "Plan Rows": 52668, "Plan Width": 95, "Actual Startup Time": 84.633, "Actual Total Time": 155.589, "Actual Rows": 56938, "Actual Loops": 6, "Filter": "((production_year < 1995) AND (kind_id = 1))", "Rows Removed by Filter": 364448}]}]}]}]}]}]}]}, "Planning Time": 2.618, "Triggers": [], "Execution Time": 13072.733}