{"Plan": {"Node Type": "Gather", "Parallel Aware": false, "Startup Cost": 382732.72, "Total Cost": 427296.38, "Plan Rows": 435, "Plan Width": 203, "Actual Startup Time": 2704.731, "Actual Total Time": 2708.346, "Actual Rows": 2, "Actual Loops": 1, "Workers Planned": 3, "Workers Launched": 3, "Single Copy": false, "Plans": [{"Node Type": "Hash Join", "Parent Relationship": "Outer", "Parallel Aware": true, "Join Type": "Inner", "Startup Cost": 381732.72, "Total Cost": 426252.88, "Plan Rows": 140, "Plan Width": 203, "Actual Startup Time": 2626.144, "Actual Total Time": 2698.563, "Actual Rows": 0, "Actual Loops": 4, "Inner Unique": false, "Hash Cond": "(mk.movie_id = t.id)", "Plans": [{"Node Type": "Seq Scan", "Parent Relationship": "Outer", "Parallel Aware": true, "Relation Name": "movie_keyword", "Alias": "mk", "Startup Cost": 0.0, "Total Cost": 39047.32, "Plan Rows": 1459332, "Plan Width": 12, "Actual Startup Time": 0.069, "Actual Total Time": 198.173, "Actual Rows": 1130982, "Actual Loops": 4}, {"Node Type": "Hash", "Parent Relationship": "Inner", "Parallel Aware": true, "Startup Cost": 381731.95, "Total Cost": 381731.95, "Plan Rows": 61, "Plan Width": 191, "Actual Startup Time": 2307.077, "Actual Total Time": 2307.089, "Actual Rows": 0, "Actual Loops": 4, "Hash Buckets": 1024, "Original Hash Buckets": 1024, "Hash Batches": 1, "Original Hash Batches": 1, "Peak Memory Usage": 72, "Plans": [{"Node Type": "Hash Join", "Parent Relationship": "Outer", "Parallel Aware": true, "Join Type": "Inner", "Startup Cost": 343881.97, "Total Cost": 381731.95, "Plan Rows": 61, "Plan Width": 191, "Actual Startup Time": 2273.94, "Actual Total Time": 2306.948, "Actual Rows": 0, "Actual Loops": 4, "Inner Unique": false, "Hash Cond": "(mc.movie_id = t.id)", "Plans": [{"Node Type": "Seq Scan", "Parent Relationship": "Outer", "Parallel Aware": true, "Relation Name": "movie_companies", "Alias": "mc", "Startup Cost": 0.0, "Total Cost": 35403.82, "Plan Rows": 652282, "Plan Width": 40, "Actual Startup Time": 0.059, "Actual Total Time": 126.092, "Actual Rows": 652282, "Actual Loops": 4}, {"Node Type": "Hash", "Parent Relationship": "Inner", "Parallel Aware": true, "Startup Cost": 343881.49, "Total Cost": 343881.49, "Plan Rows": 39, "Plan Width": 151, "Actual Startup Time": 2063.695, "Actual Total Time": 2063.702, "Actual Rows": 0, "Actual Loops": 4, "Hash Buckets": 1024, "Original Hash Buckets": 1024, "Hash Batches": 1, "Original Hash Batches": 1, "Peak Memory Usage": 40, "Plans": [{"Node Type": "Nested Loop", "Parent Relationship": "Outer", "Parallel Aware": false, "Join Type": "Inner", "Startup Cost": 0.43, "Total Cost": 343881.49, "Plan Rows": 39, "Plan Width": 151, "Actual Startup Time": 1727.731, "Actual Total Time": 2063.621, "Actual Rows": 0, "Actual Loops": 4, "Inner Unique": true, "Plans": [{"Node Type": "Seq Scan", "Parent Relationship": "Outer", "Parallel Aware": true, "Relation Name": "cast_info", "Alias": "ci", "Startup Cost": 0.0, "Total Cost": 342649.36, "Plan Rows": 150, "Plan Width": 56, "Actual Startup Time": 1727.688, "Actual Total Time": 2063.572, "Actual Rows": 0, "Actual Loops": 4, "Filter": "((role_id = 1) AND (person_id = 1675060))", "Rows Removed by Filter": 9061086}, {"Node Type": "Index Scan", "Parent Relationship": "Inner", "Parallel Aware": false, "Scan Direction": "Forward", "Index Name": "title_pkey", "Relation Name": "title", "Alias": "t", "Startup Cost": 0.43, "Total Cost": 8.21, "Plan Rows": 1, "Plan Width": 95, "Actual Startup Time": 0.139, "Actual Total Time": 0.14, "Actual Rows": 1, "Actual Loops": 1, "Index Cond": "(id = ci.movie_id)", "Rows Removed by Index Recheck": 0, "Filter": "(kind_id = 1)", "Rows Removed by Filter": 0}]}]}]}]}]}]}, "Planning Time": 2.279, "Triggers": [], "Execution Time": 2708.615}