{"Plan": {"Node Type": "Gather", "Parallel Aware": false, "Startup Cost": 48568.58, "Total Cost": 358470.28, "Plan Rows": 750162, "Plan Width": 168, "Actual Startup Time": 1349.749, "Actual Total Time": 2308.792, "Actual Rows": 943298, "Actual Loops": 1, "Workers Planned": 5, "Workers Launched": 5, "Single Copy": false, "Plans": [{"Node Type": "Hash Join", "Parent Relationship": "Outer", "Parallel Aware": true, "Join Type": "Inner", "Startup Cost": 47568.58, "Total Cost": 282454.08, "Plan Rows": 150032, "Plan Width": 168, "Actual Startup Time": 1342.425, "Actual Total Time": 1775.449, "Actual Rows": 157216, "Actual Loops": 6, "Inner Unique": true, "Hash Cond": "(mi.movie_id = t.id)", "Plans": [{"Node Type": "Seq Scan", "Parent Relationship": "Outer", "Parallel Aware": true, "Relation Name": "movie_info", "Alias": "mi", "Startup Cost": 0.0, "Total Cost": 198938.07, "Plan Rows": 1243214, "Plan Width": 73, "Actual Startup Time": 0.055, "Actual Total Time": 713.107, "Actual Rows": 1037249, "Actual Loops": 6, "Filter": "(info_type_id > 8)", "Rows Removed by Filter": 1435371}, {"Node Type": "Hash", "Parent Relationship": "Inner", "Parallel Aware": true, "Startup Cost": 45497.09, "Total Cost": 45497.09, "Plan Rows": 76279, "Plan Width": 95, "Actual Startup Time": 170.556, "Actual Total Time": 170.559, "Actual Rows": 44433, "Actual Loops": 6, "Hash Buckets": 32768, "Original Hash Buckets": 32768, "Hash Batches": 16, "Original Hash Batches": 16, "Peak Memory Usage": 2272, "Plans": [{"Node Type": "Seq Scan", "Parent Relationship": "Outer", "Parallel Aware": true, "Relation Name": "title", "Alias": "t", "Startup Cost": 0.0, "Total Cost": 45497.09, "Plan Rows": 76279, "Plan Width": 95, "Actual Startup Time": 0.069, "Actual Total Time": 148.371, "Actual Rows": 44433, "Actual Loops": 6, "Filter": "((kind_id < 7) AND (production_year > 2007))", "Rows Removed by Filter": 376952}]}]}]}, "Planning Time": 1.43, "Triggers": [], "Execution Time": 2368.447}