{"Plan": {"Node Type": "Gather", "Parallel Aware": false, "Startup Cost": 1000.0, "Total Cost": 39670.23, "Plan Rows": 50, "Plan Width": 40, "Actual Startup Time": 3.41, "Actual Total Time": 125.222, "Actual Rows": 176, "Actual Loops": 1, "Workers Planned": 4, "Workers Launched": 4, "Single Copy": false, "Plans": [{"Node Type": "Seq Scan", "Parent Relationship": "Outer", "Parallel Aware": true, "Relation Name": "movie_companies", "Alias": "mc", "Startup Cost": 0.0, "Total Cost": 38665.23, "Plan Rows": 12, "Plan Width": 40, "Actual Startup Time": 2.106, "Actual Total Time": 116.953, "Actual Rows": 35, "Actual Loops": 5, "Filter": "((company_id = 16041) AND (company_type_id = 1))", "Rows Removed by Filter": 521791}]}, "Planning Time": 0.775, "Triggers": [], "Execution Time": 125.357}