{"Plan": {"Node Type": "Gather", "Parallel Aware": false, "Startup Cost": 275738.6, "Total Cost": 496759.39, "Plan Rows": 1571183, "Plan Width": 180, "Actual Startup Time": 2558.141, "Actual Total Time": 3597.276, "Actual Rows": 1226219, "Actual Loops": 1, "Workers Planned": 3, "Workers Launched": 3, "Single Copy": false, "Plans": [{"Node Type": "Hash Join", "Parent Relationship": "Outer", "Parallel Aware": true, "Join Type": "Inner", "Startup Cost": 274738.6, "Total Cost": 338641.09, "Plan Rows": 506833, "Plan Width": 180, "Actual Startup Time": 2551.302, "Actual Total Time": 2953.732, "Actual Rows": 306555, "Actual Loops": 4, "Inner Unique": false, "Hash Cond": "(mk.movie_id = t.id)", "Plans": [{"Node Type": "Seq Scan", "Parent Relationship": "Outer", "Parallel Aware": true, "Relation Name": "movie_keyword", "Alias": "mk", "Startup Cost": 0.0, "Total Cost": 39047.32, "Plan Rows": 1459332, "Plan Width": 12, "Actual Startup Time": 0.073, "Actual Total Time": 252.905, "Actual Rows": 1130982, "Actual Loops": 4}, {"Node Type": "Hash", "Parent Relationship": "Inner", "Parallel Aware": true, "Startup Cost": 268426.38, "Total Cost": 268426.38, "Plan Rows": 175618, "Plan Width": 168, "Actual Startup Time": 1981.774, "Actual Total Time": 1981.811, "Actual Rows": 143919, "Actual Loops": 4, "Hash Buckets": 32768, "Original Hash Buckets": 32768, "Hash Batches": 64, "Original Hash Batches": 64, "Peak Memory Usage": 1536, "Plans": [{"Node Type": "Hash Join", "Parent Relationship": "Outer", "Parallel Aware": true, "Join Type": "Inner", "Startup Cost": 55979.46, "Total Cost": 268426.38, "Plan Rows": 175618, "Plan Width": 168, "Actual Startup Time": 1504.089, "Actual Total Time": 1871.285, "Actual Rows": 143919, "Actual Loops": 4, "Inner Unique": true, "Hash Cond": "(mi.movie_id = t.id)", "Plans": [{"Node Type": "Seq Scan", "Parent Relationship": "Outer", "Parallel Aware": true, "Relation Name": "movie_info", "Alias": "mi", "Startup Cost": 0.0, "Total Cost": 198938.07, "Plan Rows": 249847, "Plan Width": 73, "Actual Startup Time": 32.633, "Actual Total Time": 896.047, "Actual Rows": 322232, "Actual Loops": 4, "Filter": "(info_type_id = 2)", "Rows Removed by Filter": 3386698}, {"Node Type": "Hash", "Parent Relationship": "Inner", "Parallel Aware": true, "Startup Cost": 43916.91, "Total Cost": 43916.91, "Plan Rows": 444284, "Plan Width": 95, "Actual Startup Time": 489.311, "Actual Total Time": 489.314, "Actual Rows": 443659, "Actual Loops": 4, "Hash Buckets": 32768, "Original Hash Buckets": 32768, "Hash Batches": 64, "Original Hash Batches": 64, "Peak Memory Usage": 3616, "Plans": [{"Node Type": "Seq Scan", "Parent Relationship": "Outer", "Parallel Aware": true, "Relation Name": "title", "Alias": "t", "Startup Cost": 0.0, "Total Cost": 43916.91, "Plan Rows": 444284, "Plan Width": 95, "Actual Startup Time": 0.052, "Actual Total Time": 265.916, "Actual Rows": 443659, "Actual Loops": 4, "Filter": "(kind_id > 2)", "Rows Removed by Filter": 188419}]}]}]}]}]}, "Planning Time": 1.871, "Triggers": [], "Execution Time": 3670.316}