{"Plan": {"Node Type": "Gather", "Parallel Aware": false, "Startup Cost": 383894.83, "Total Cost": 399750.18, "Plan Rows": 138, "Plan Width": 216, "Actual Startup Time": 4037.176, "Actual Total Time": 4179.305, "Actual Rows": 24879, "Actual Loops": 1, "Workers Planned": 2, "Workers Launched": 2, "Single Copy": false, "Plans": [{"Node Type": "Hash Join", "Parent Relationship": "Outer", "Parallel Aware": true, "Join Type": "Inner", "Startup Cost": 382894.83, "Total Cost": 398736.38, "Plan Rows": 58, "Plan Width": 216, "Actual Startup Time": 4032.215, "Actual Total Time": 4150.396, "Actual Rows": 8293, "Actual Loops": 3, "Inner Unique": false, "Hash Cond": "(mi_idx.movie_id = t.id)", "Plans": [{"Node Type": "Seq Scan", "Parent Relationship": "Outer", "Parallel Aware": true, "Relation Name": "movie_info_idx", "Alias": "mi_idx", "Startup Cost": 0.0, "Total Cost": 13685.15, "Plan Rows": 575015, "Plan Width": 25, "Actual Startup Time": 0.059, "Actual Total Time": 85.053, "Actual Rows": 460012, "Actual Loops": 3}, {"Node Type": "Hash", "Parent Relationship": "Inner", "Parallel Aware": true, "Startup Cost": 382894.3, "Total Cost": 382894.3, "Plan Rows": 42, "Plan Width": 191, "Actual Startup Time": 3946.267, "Actual Total Time": 3946.281, "Actual Rows": 4532, "Actual Loops": 3, "Hash Buckets": 16384, "Original Hash Buckets": 1024, "Hash Batches": 1, "Original Hash Batches": 1, "Peak Memory Usage": 2744, "Plans": [{"Node Type": "Nested Loop", "Parent Relationship": "Outer", "Parallel Aware": false, "Join Type": "Inner", "Startup Cost": 37185.26, "Total Cost": 382894.3, "Plan Rows": 42, "Plan Width": 191, "Actual Startup Time": 198.056, "Actual Total Time": 3872.885, "Actual Rows": 4532, "Actual Loops": 3, "Inner Unique": true, "Join Filter": "(mc.movie_id = t.id)", "Rows Removed by Join Filter": 0, "Plans": [{"Node Type": "Hash Join", "Parent Relationship": "Outer", "Parallel Aware": true, "Join Type": "Inner", "Startup Cost": 37184.83, "Total Cost": 379874.0, "Plan Rows": 930, "Plan Width": 96, "Actual Startup Time": 195.379, "Actual Total Time": 3452.622, "Actual Rows": 43063, "Actual Loops": 3, "Inner Unique": false, "Hash Cond": "(ci.movie_id = mc.movie_id)", "Plans": [{"Node Type": "Seq Scan", "Parent Relationship": "Outer", "Parallel Aware": true, "Relation Name": "cast_info", "Alias": "ci", "Startup Cost": 0.0, "Total Cost": 342649.36, "Plan Rows": 9994, "Plan Width": 56, "Actual Startup Time": 0.047, "Actual Total Time": 2836.854, "Actual Rows": 1229908, "Actual Loops": 3, "Filter": "((person_id < 493729) AND (role_id = 1))", "Rows Removed by Filter": 10851540}, {"Node Type": "Hash", "Parent Relationship": "Inner", "Parallel Aware": true, "Startup Cost": 37034.53, "Total Cost": 37034.53, "Plan Rows": 12024, "Plan Width": 40, "Actual Startup Time": 195.103, "Actual Total Time": 195.105, "Actual Rows": 15751, "Actual Loops": 3, "Hash Buckets": 65536, "Original Hash Buckets": 65536, "Hash Batches": 1, "Original Hash Batches": 1, "Peak Memory Usage": 3904, "Plans": [{"Node Type": "Seq Scan", "Parent Relationship": "Outer", "Parallel Aware": true, "Relation Name": "movie_companies", "Alias": "mc", "Startup Cost": 0.0, "Total Cost": 37034.53, "Plan Rows": 12024, "Plan Width": 40, "Actual Startup Time": 0.069, "Actual Total Time": 188.304, "Actual Rows": 15751, "Actual Loops": 3, "Filter": "(company_id = 19)", "Rows Removed by Filter": 853959}]}]}, {"Node Type": "Index Scan", "Parent Relationship": "Inner", "Parallel Aware": false, "Scan Direction": "Forward", "Index Name": "title_pkey", "Relation Name": "title", "Alias": "t", "Startup Cost": 0.43, "Total Cost": 3.24, "Plan Rows": 1, "Plan Width": 95, "Actual Startup Time": 0.009, "Actual Total Time": 0.009, "Actual Rows": 0, "Actual Loops": 129188, "Index Cond": "(id = ci.movie_id)", "Rows Removed by Index Recheck": 0, "Filter": "((production_year > 2006) AND (kind_id = 7))", "Rows Removed by Filter": 1}]}]}]}]}, "Planning Time": 2.35, "Triggers": [], "Execution Time": 4181.062}