{"Plan": {"Node Type": "Gather", "Parallel Aware": false, "Startup Cost": 158292.11, "Total Cost": 1000043.85, "Plan Rows": 5559524, "Plan Width": 233, "Actual Startup Time": 3793.449, "Actual Total Time": 38688.499, "Actual Rows": 115968104, "Actual Loops": 1, "Workers Planned": 5, "Workers Launched": 5, "Single Copy": false, "Plans": [{"Node Type": "Hash Join", "Parent Relationship": "Outer", "Parallel Aware": true, "Join Type": "Inner", "Startup Cost": 157292.11, "Total Cost": 443091.45, "Plan Rows": 1111905, "Plan Width": 233, "Actual Startup Time": 3791.024, "Actual Total Time": 17194.573, "Actual Rows": 19328017, "Actual Loops": 6, "Inner Unique": false, "Hash Cond": "(mi.movie_id = t.id)", "Plans": [{"Node Type": "Seq Scan", "Parent Relationship": "Outer", "Parallel Aware": true, "Relation Name": "movie_info", "Alias": "mi", "Startup Cost": 0.0, "Total Cost": 191549.05, "Plan Rows": 2955605, "Plan Width": 73, "Actual Startup Time": 0.066, "Actual Total Time": 739.052, "Actual Rows": 2472620, "Actual Loops": 6}, {"Node Type": "Hash", "Parent Relationship": "Inner", "Parallel Aware": true, "Startup Cost": 148978.78, "Total Cost": 148978.78, "Plan Rows": 237787, "Plan Width": 160, "Actual Startup Time": 2001.753, "Actual Total Time": 2001.897, "Actual Rows": 451628, "Actual Loops": 6, "Hash Buckets": 32768, "Original Hash Buckets": 32768, "Hash Batches": 128, "Original Hash Batches": 64, "Peak Memory Usage": 4032, "Plans": [{"Node Type": "Hash Join", "Parent Relationship": "Outer", "Parallel Aware": true, "Join Type": "Inner", "Startup Cost": 96291.43, "Total Cost": 148978.78, "Plan Rows": 237787, "Plan Width": 160, "Actual Startup Time": 1145.161, "Actual Total Time": 1628.267, "Actual Rows": 451628, "Actual Loops": 6, "Inner Unique": false, "Hash Cond": "(mc.movie_id = t.id)", "Plans": [{"Node Type": "Seq Scan", "Parent Relationship": "Outer", "Parallel Aware": true, "Relation Name": "movie_companies", "Alias": "mc", "Startup Cost": 0.0, "Total Cost": 35403.82, "Plan Rows": 652282, "Plan Width": 40, "Actual Startup Time": 0.067, "Actual Total Time": 122.398, "Actual Rows": 434855, "Actual Loops": 6}, {"Node Type": "Hash", "Parent Relationship": "Inner", "Parallel Aware": true, "Startup Cost": 89360.18, "Total Cost": 89360.18, "Plan Rows": 230420, "Plan Width": 120, "Actual Startup Time": 860.265, "Actual Total Time": 860.317, "Actual Rows": 153308, "Actual Loops": 6, "Hash Buckets": 32768, "Original Hash Buckets": 32768, "Hash Batches": 64, "Original Hash Batches": 64, "Peak Memory Usage": 2304, "Plans": [{"Node Type": "Hash Join", "Parent Relationship": "Outer", "Parallel Aware": true, "Join Type": "Inner", "Startup Cost": 22549.09, "Total Cost": 89360.18, "Plan Rows": 230420, "Plan Width": 120, "Actual Startup Time": 462.719, "Actual Total Time": 738.477, "Actual Rows": 153308, "Actual Loops": 6, "Inner Unique": false, "Hash Cond": "(t.id = mi_idx.movie_id)", "Plans": [{"Node Type": "Seq Scan", "Parent Relationship": "Outer", "Parallel Aware": true, "Relation Name": "title", "Alias": "t", "Startup Cost": 0.0, "Total Cost": 42336.73, "Plan Rows": 632073, "Plan Width": 95, "Actual Startup Time": 0.044, "Actual Total Time": 124.41, "Actual Rows": 421385, "Actual Loops": 6}, {"Node Type": "Hash", "Parent Relationship": "Inner", "Parallel Aware": true, "Startup Cost": 15122.68, "Total Cost": 15122.68, "Plan Rows": 384033, "Plan Width": 25, "Actual Startup Time": 114.246, "Actual Total Time": 114.249, "Actual Rows": 153308, "Actual Loops": 6, "Hash Buckets": 65536, "Original Hash Buckets": 65536, "Hash Batches": 32, "Original Hash Batches": 32, "Peak Memory Usage": 2048, "Plans": [{"Node Type": "Seq Scan", "Parent Relationship": "Outer", "Parallel Aware": true, "Relation Name": "movie_info_idx", "Alias": "mi_idx", "Startup Cost": 0.0, "Total Cost": 15122.68, "Plan Rows": 384033, "Plan Width": 25, "Actual Startup Time": 0.051, "Actual Total Time": 67.059, "Actual Rows": 153308, "Actual Loops": 6, "Filter": "(info_type_id < 101)", "Rows Removed by Filter": 76698}]}]}]}]}]}]}]}, "Planning Time": 2.405, "Triggers": [], "Execution Time": 45373.24}