{"Plan": {"Node Type": "Gather", "Parallel Aware": false, "Startup Cost": 122586.56, "Total Cost": 254959.46, "Plan Rows": 762380, "Plan Width": 147, "Actual Startup Time": 2024.355, "Actual Total Time": 5660.845, "Actual Rows": 9094502, "Actual Loops": 1, "Workers Planned": 3, "Workers Launched": 3, "Single Copy": false, "Plans": [{"Node Type": "Hash Join", "Parent Relationship": "Outer", "Parallel Aware": true, "Join Type": "Inner", "Startup Cost": 121586.56, "Total Cost": 177721.46, "Plan Rows": 245929, "Plan Width": 147, "Actual Startup Time": 2016.565, "Actual Total Time": 3364.337, "Actual Rows": 2273626, "Actual Loops": 4, "Inner Unique": false, "Hash Cond": "(mk.movie_id = t.id)", "Plans": [{"Node Type": "Seq Scan", "Parent Relationship": "Outer", "Parallel Aware": true, "Relation Name": "movie_keyword", "Alias": "mk", "Startup Cost": 0.0, "Total Cost": 42695.65, "Plan Rows": 494514, "Plan Width": 12, "Actual Startup Time": 0.122, "Actual Total Time": 265.78, "Actual Rows": 381892, "Actual Loops": 4, "Filter": "(keyword_id > 10495)", "Rows Removed by Filter": 749091}, {"Node Type": "Hash", "Parent Relationship": "Inner", "Parallel Aware": true, "Startup Cost": 111517.32, "Total Cost": 111517.32, "Plan Rows": 314339, "Plan Width": 135, "Actual Startup Time": 1636.318, "Actual Total Time": 1636.34, "Actual Rows": 318562, "Actual Loops": 4, "Hash Buckets": 32768, "Original Hash Buckets": 32768, "Hash Batches": 64, "Original Hash Batches": 64, "Peak Memory Usage": 3488, "Plans": [{"Node Type": "Hash Join", "Parent Relationship": "Outer", "Parallel Aware": true, "Join Type": "Inner", "Startup Cost": 45050.47, "Total Cost": 111517.32, "Plan Rows": 314339, "Plan Width": 135, "Actual Startup Time": 831.69, "Actual Total Time": 1384.651, "Actual Rows": 318562, "Actual Loops": 4, "Inner Unique": false, "Hash Cond": "(t.id = mc.movie_id)", "Plans": [{"Node Type": "Seq Scan", "Parent Relationship": "Outer", "Parallel Aware": true, "Relation Name": "title", "Alias": "t", "Startup Cost": 0.0, "Total Cost": 42336.73, "Plan Rows": 632073, "Plan Width": 95, "Actual Startup Time": 0.042, "Actual Total Time": 193.747, "Actual Rows": 632078, "Actual Loops": 4}, {"Node Type": "Hash", "Parent Relationship": "Inner", "Parallel Aware": true, "Startup Cost": 38665.23, "Total Cost": 38665.23, "Plan Rows": 314339, "Plan Width": 40, "Actual Startup Time": 303.261, "Actual Total Time": 303.265, "Actual Rows": 318562, "Actual Loops": 4, "Hash Buckets": 65536, "Original Hash Buckets": 65536, "Hash Batches": 32, "Original Hash Batches": 32, "Peak Memory Usage": 3520, "Plans": [{"Node Type": "Seq Scan", "Parent Relationship": "Outer", "Parallel Aware": true, "Relation Name": "movie_companies", "Alias": "mc", "Startup Cost": 0.0, "Total Cost": 38665.23, "Plan Rows": 314339, "Plan Width": 40, "Actual Startup Time": 0.048, "Actual Total Time": 197.371, "Actual Rows": 318562, "Actual Loops": 4, "Filter": "((company_id < 217207) AND (company_type_id = 1))", "Rows Removed by Filter": 333721}]}]}]}]}]}, "Planning Time": 1.757, "Triggers": [], "Execution Time": 6194.709}