{"Plan": {"Node Type": "Gather", "Parallel Aware": false, "Startup Cost": 1000.43, "Total Cost": 16612.45, "Plan Rows": 12, "Plan Width": 120, "Actual Startup Time": 42.61, "Actual Total Time": 98.133, "Actual Rows": 120, "Actual Loops": 1, "Workers Planned": 2, "Workers Launched": 2, "Single Copy": false, "Plans": [{"Node Type": "Nested Loop", "Parent Relationship": "Outer", "Parallel Aware": false, "Join Type": "Inner", "Startup Cost": 0.43, "Total Cost": 15611.25, "Plan Rows": 5, "Plan Width": 120, "Actual Startup Time": 55.714, "Actual Total Time": 90.84, "Actual Rows": 40, "Actual Loops": 3, "Inner Unique": true, "Plans": [{"Node Type": "Seq Scan", "Parent Relationship": "Outer", "Parallel Aware": true, "Relation Name": "movie_info_idx", "Alias": "mi_idx", "Startup Cost": 0.0, "Total Cost": 15122.68, "Plan Rows": 58, "Plan Width": 25, "Actual Startup Time": 55.593, "Actual Total Time": 88.185, "Actual Rows": 87, "Actual Loops": 3, "Filter": "(info_type_id > 101)", "Rows Removed by Filter": 459925}, {"Node Type": "Index Scan", "Parent Relationship": "Inner", "Parallel Aware": false, "Scan Direction": "Forward", "Index Name": "title_pkey", "Relation Name": "title", "Alias": "t", "Startup Cost": 0.43, "Total Cost": 8.42, "Plan Rows": 1, "Plan Width": 95, "Actual Startup Time": 0.03, "Actual Total Time": 0.03, "Actual Rows": 0, "Actual Loops": 260, "Index Cond": "(id = mi_idx.movie_id)", "Rows Removed by Index Recheck": 0, "Filter": "((kind_id < 7) AND (production_year < 1984))", "Rows Removed by Filter": 1}]}]}, "Planning Time": 1.358, "Triggers": [], "Execution Time": 98.278}