{"Plan": {"Node Type": "Gather", "Parallel Aware": false, "Startup Cost": 87220.68, "Total Cost": 1342802.03, "Plan Rows": 7937089, "Plan Width": 176, "Actual Startup Time": 3468.102, "Actual Total Time": 7769.849, "Actual Rows": 10216806, "Actual Loops": 1, "Workers Planned": 6, "Workers Launched": 6, "Single Copy": false, "Plans": [{"Node Type": "Hash Join", "Parent Relationship": "Outer", "Parallel Aware": true, "Join Type": "Inner", "Startup Cost": 86220.68, "Total Cost": 548093.13, "Plan Rows": 1322848, "Plan Width": 176, "Actual Startup Time": 3460.449, "Actual Total Time": 5853.532, "Actual Rows": 1459544, "Actual Loops": 7, "Inner Unique": false, "Hash Cond": "(ci.movie_id = t.id)", "Plans": [{"Node Type": "Seq Scan", "Parent Relationship": "Outer", "Parallel Aware": true, "Relation Name": "cast_info", "Alias": "ci", "Startup Cost": 0.0, "Total Cost": 312666.24, "Plan Rows": 5996624, "Plan Width": 56, "Actual Startup Time": 0.052, "Actual Total Time": 1246.245, "Actual Rows": 5177763, "Actual Loops": 7}, {"Node Type": "Hash", "Parent Relationship": "Inner", "Parallel Aware": true, "Startup Cost": 79230.79, "Total Cost": 79230.79, "Plan Rows": 232391, "Plan Width": 120, "Actual Startup Time": 527.781, "Actual Total Time": 527.814, "Actual Rows": 44245, "Actual Loops": 7, "Hash Buckets": 32768, "Original Hash Buckets": 32768, "Hash Batches": 32, "Original Hash Batches": 32, "Peak Memory Usage": 1728, "Plans": [{"Node Type": "Hash Join", "Parent Relationship": "Outer", "Parallel Aware": true, "Join Type": "Inner", "Startup Cost": 52432.23, "Total Cost": 79230.79, "Plan Rows": 232391, "Plan Width": 120, "Actual Startup Time": 366.451, "Actual Total Time": 492.357, "Actual Rows": 44245, "Actual Loops": 7, "Inner Unique": true, "Hash Cond": "(mi_idx.movie_id = t.id)", "Plans": [{"Node Type": "Seq Scan", "Parent Relationship": "Outer", "Parallel Aware": true, "Relation Name": "movie_info_idx", "Alias": "mi_idx", "Startup Cost": 0.0, "Total Cost": 13685.15, "Plan Rows": 575015, "Plan Width": 25, "Actual Startup Time": 0.069, "Actual Total Time": 48.094, "Actual Rows": 197148, "Actual Loops": 7}, {"Node Type": "Hash", "Parent Relationship": "Inner", "Parallel Aware": true, "Startup Cost": 45497.09, "Total Cost": 45497.09, "Plan Rows": 255451, "Plan Width": 95, "Actual Startup Time": 222.936, "Actual Total Time": 222.939, "Actual Rows": 137159, "Actual Loops": 7, "Hash Buckets": 32768, "Original Hash Buckets": 32768, "Hash Batches": 64, "Original Hash Batches": 64, "Peak Memory Usage": 2176, "Plans": [{"Node Type": "Seq Scan", "Parent Relationship": "Outer", "Parallel Aware": true, "Relation Name": "title", "Alias": "t", "Startup Cost": 0.0, "Total Cost": 45497.09, "Plan Rows": 255451, "Plan Width": 95, "Actual Startup Time": 0.045, "Actual Total Time": 149.356, "Actual Rows": 137159, "Actual Loops": 7, "Filter": "((production_year < 2008) AND (kind_id = 7))", "Rows Removed by Filter": 224028}]}]}]}]}]}, "Planning Time": 1.767, "Triggers": [], "Execution Time": 8362.874}