{"Plan": {"Node Type": "Gather", "Parallel Aware": false, "Startup Cost": 1000.43, "Total Cost": 44392.38, "Plan Rows": 248, "Plan Width": 107, "Actual Startup Time": 11.737, "Actual Total Time": 214.785, "Actual Rows": 16, "Actual Loops": 1, "Workers Planned": 3, "Workers Launched": 3, "Single Copy": false, "Plans": [{"Node Type": "Nested Loop", "Parent Relationship": "Outer", "Parallel Aware": false, "Join Type": "Inner", "Startup Cost": 0.43, "Total Cost": 43367.58, "Plan Rows": 80, "Plan Width": 107, "Actual Startup Time": 14.352, "Actual Total Time": 206.568, "Actual Rows": 4, "Actual Loops": 4, "Inner Unique": true, "Plans": [{"Node Type": "Seq Scan", "Parent Relationship": "Outer", "Parallel Aware": true, "Relation Name": "movie_keyword", "Alias": "mk", "Startup Cost": 0.0, "Total Cost": 42695.65, "Plan Rows": 80, "Plan Width": 12, "Actual Startup Time": 14.227, "Actual Total Time": 206.187, "Actual Rows": 4, "Actual Loops": 4, "Filter": "(keyword_id = 19480)", "Rows Removed by Filter": 1130978}, {"Node Type": "Index Scan", "Parent Relationship": "Inner", "Parallel Aware": false, "Scan Direction": "Forward", "Index Name": "title_pkey", "Relation Name": "title", "Alias": "t", "Startup Cost": 0.43, "Total Cost": 8.4, "Plan Rows": 1, "Plan Width": 95, "Actual Startup Time": 0.082, "Actual Total Time": 0.082, "Actual Rows": 1, "Actual Loops": 16, "Index Cond": "(id = mk.movie_id)", "Rows Removed by Index Recheck": 0}]}]}, "Planning Time": 1.507, "Triggers": [], "Execution Time": 214.941}