{"Plan": {"Node Type": "Gather", "Parallel Aware": false, "Startup Cost": 38040.27, "Total Cost": 239480.97, "Plan Rows": 46, "Plan Width": 208, "Actual Startup Time": 346.465, "Actual Total Time": 810.998, "Actual Rows": 211, "Actual Loops": 1, "Workers Planned": 5, "Workers Launched": 5, "Single Copy": false, "Plans": [{"Node Type": "Nested Loop", "Parent Relationship": "Outer", "Parallel Aware": false, "Join Type": "Inner", "Startup Cost": 37040.27, "Total Cost": 238476.37, "Plan Rows": 9, "Plan Width": 208, "Actual Startup Time": 334.925, "Actual Total Time": 800.211, "Actual Rows": 35, "Actual Loops": 6, "Inner Unique": true, "Join Filter": "(mc.movie_id = t.id)", "Rows Removed by Join Filter": 0, "Plans": [{"Node Type": "Hash Join", "Parent Relationship": "Outer", "Parallel Aware": true, "Join Type": "Inner", "Startup Cost": 37039.84, "Total Cost": 237669.21, "Plan Rows": 1481, "Plan Width": 113, "Actual Startup Time": 129.94, "Actual Total Time": 778.979, "Actual Rows": 2042, "Actual Loops": 6, "Inner Unique": false, "Hash Cond": "(mi.movie_id = mc.movie_id)", "Plans": [{"Node Type": "Seq Scan", "Parent Relationship": "Outer", "Parallel Aware": true, "Relation Name": "movie_info", "Alias": "mi", "Startup Cost": 0.0, "Total Cost": 198938.07, "Plan Rows": 450028, "Plan Width": 73, "Actual Startup Time": 0.049, "Actual Total Time": 585.545, "Actual Rows": 372308, "Actual Loops": 6, "Filter": "(info_type_id > 16)", "Rows Removed by Filter": 2100312}, {"Node Type": "Hash", "Parent Relationship": "Inner", "Parallel Aware": true, "Startup Cost": 37034.53, "Total Cost": 37034.53, "Plan Rows": 425, "Plan Width": 40, "Actual Startup Time": 128.033, "Actual Total Time": 128.034, "Actual Rows": 785, "Actual Loops": 6, "Hash Buckets": 8192, "Original Hash Buckets": 2048, "Hash Batches": 1, "Original Hash Batches": 1, "Peak Memory Usage": 624, "Plans": [{"Node Type": "Seq Scan", "Parent Relationship": "Outer", "Parallel Aware": true, "Relation Name": "movie_companies", "Alias": "mc", "Startup Cost": 0.0, "Total Cost": 37034.53, "Plan Rows": 425, "Plan Width": 40, "Actual Startup Time": 0.328, "Actual Total Time": 94.731, "Actual Rows": 785, "Actual Loops": 6, "Filter": "(company_id < 6)", "Rows Removed by Filter": 434070}]}]}, {"Node Type": "Index Scan", "Parent Relationship": "Inner", "Parallel Aware": false, "Scan Direction": "Forward", "Index Name": "title_pkey", "Relation Name": "title", "Alias": "t", "Startup Cost": 0.43, "Total Cost": 0.53, "Plan Rows": 1, "Plan Width": 95, "Actual Startup Time": 0.01, "Actual Total Time": 0.01, "Actual Rows": 0, "Actual Loops": 12253, "Index Cond": "(id = mi.movie_id)", "Rows Removed by Index Recheck": 0, "Filter": "((kind_id > 3) AND (production_year = 2007))", "Rows Removed by Filter": 1}]}]}, "Planning Time": 1.822, "Triggers": [], "Execution Time": 811.252}