{"Plan": {"Node Type": "Gather", "Parallel Aware": false, "Startup Cost": 1000.0, "Total Cost": 349645.96, "Plan Rows": 59966, "Plan Width": 56, "Actual Startup Time": 803.777, "Actual Total Time": 1326.735, "Actual Rows": 813698, "Actual Loops": 1, "Workers Planned": 6, "Workers Launched": 6, "Single Copy": false, "Plans": [{"Node Type": "Seq Scan", "Parent Relationship": "Outer", "Parallel Aware": true, "Relation Name": "cast_info", "Alias": "ci", "Startup Cost": 0.0, "Total Cost": 342649.36, "Plan Rows": 9994, "Plan Width": 56, "Actual Startup Time": 797.718, "Actual Total Time": 1207.276, "Actual Rows": 116243, "Actual Loops": 7, "Filter": "((person_id < 1139765) AND (role_id = 4))", "Rows Removed by Filter": 5061521}]}, "Planning Time": 0.711, "Triggers": [], "Execution Time": 1372.933}