{"Plan": {"Node Type": "Gather", "Parallel Aware": false, "Startup Cost": 1000.0, "Total Cost": 46535.01, "Plan Rows": 16181, "Plan Width": 95, "Actual Startup Time": 0.783, "Actual Total Time": 173.23, "Actual Rows": 16571, "Actual Loops": 1, "Workers Planned": 4, "Workers Launched": 4, "Single Copy": false, "Plans": [{"Node Type": "Seq Scan", "Parent Relationship": "Outer", "Parallel Aware": true, "Relation Name": "title", "Alias": "t", "Startup Cost": 0.0, "Total Cost": 43916.91, "Plan Rows": 4045, "Plan Width": 95, "Actual Startup Time": 0.084, "Actual Total Time": 161.706, "Actual Rows": 3314, "Actual Loops": 5, "Filter": "(production_year = 1984)", "Rows Removed by Filter": 502348}]}, "Planning Time": 0.811, "Triggers": [], "Execution Time": 174.41}