{"Plan": {"Node Type": "Gather", "Parallel Aware": false, "Startup Cost": 44367.82, "Total Cost": 60215.88, "Plan Rows": 2, "Plan Width": 132, "Actual Startup Time": 405.965, "Actual Total Time": 408.791, "Actual Rows": 1, "Actual Loops": 1, "Workers Planned": 2, "Workers Launched": 2, "Single Copy": false, "Plans": [{"Node Type": "Hash Join", "Parent Relationship": "Outer", "Parallel Aware": true, "Join Type": "Inner", "Startup Cost": 43367.82, "Total Cost": 59215.68, "Plan Rows": 1, "Plan Width": 132, "Actual Startup Time": 387.068, "Actual Total Time": 401.11, "Actual Rows": 0, "Actual Loops": 3, "Inner Unique": false, "Hash Cond": "(mi_idx.movie_id = t.id)", "Plans": [{"Node Type": "Seq Scan", "Parent Relationship": "Outer", "Parallel Aware": true, "Relation Name": "movie_info_idx", "Alias": "mi_idx", "Startup Cost": 0.0, "Total Cost": 15122.68, "Plan Rows": 193378, "Plan Width": 25, "Actual Startup Time": 0.051, "Actual Total Time": 105.148, "Actual Rows": 153308, "Actual Loops": 3, "Filter": "(info_type_id = 100)", "Rows Removed by Filter": 306703}, {"Node Type": "Hash", "Parent Relationship": "Inner", "Parallel Aware": true, "Startup Cost": 43367.78, "Total Cost": 43367.78, "Plan Rows": 3, "Plan Width": 107, "Actual Startup Time": 274.649, "Actual Total Time": 274.652, "Actual Rows": 0, "Actual Loops": 3, "Hash Buckets": 1024, "Original Hash Buckets": 1024, "Hash Batches": 1, "Original Hash Batches": 1, "Peak Memory Usage": 40, "Plans": [{"Node Type": "Nested Loop", "Parent Relationship": "Outer", "Parallel Aware": false, "Join Type": "Inner", "Startup Cost": 0.43, "Total Cost": 43367.78, "Plan Rows": 3, "Plan Width": 107, "Actual Startup Time": 231.134, "Actual Total Time": 274.596, "Actual Rows": 0, "Actual Loops": 3, "Inner Unique": true, "Plans": [{"Node Type": "Seq Scan", "Parent Relationship": "Outer", "Parallel Aware": true, "Relation Name": "movie_keyword", "Alias": "mk", "Startup Cost": 0.0, "Total Cost": 42695.65, "Plan Rows": 80, "Plan Width": 12, "Actual Startup Time": 144.191, "Actual Total Time": 274.284, "Actual Rows": 5, "Actual Loops": 3, "Filter": "(keyword_id = 57196)", "Rows Removed by Filter": 1507971}, {"Node Type": "Index Scan", "Parent Relationship": "Inner", "Parallel Aware": false, "Scan Direction": "Forward", "Index Name": "title_pkey", "Relation Name": "title", "Alias": "t", "Startup Cost": 0.43, "Total Cost": 8.4, "Plan Rows": 1, "Plan Width": 95, "Actual Startup Time": 0.053, "Actual Total Time": 0.053, "Actual Rows": 0, "Actual Loops": 16, "Index Cond": "(id = mk.movie_id)", "Rows Removed by Index Recheck": 0, "Filter": "(production_year = 2004)", "Rows Removed by Filter": 1}]}]}]}]}, "Planning Time": 1.828, "Triggers": [], "Execution Time": 408.997}