{"Plan": {"Node Type": "Gather", "Parallel Aware": false, "Startup Cost": 1000.0, "Total Cost": 249493.77, "Plan Rows": 495557, "Plan Width": 73, "Actual Startup Time": 0.739, "Actual Total Time": 662.957, "Actual Rows": 486554, "Actual Loops": 1, "Workers Planned": 5, "Workers Launched": 5, "Single Copy": false, "Plans": [{"Node Type": "Seq Scan", "Parent Relationship": "Outer", "Parallel Aware": true, "Relation Name": "movie_info", "Alias": "mi", "Startup Cost": 0.0, "Total Cost": 198938.07, "Plan Rows": 99111, "Plan Width": 73, "Actual Startup Time": 0.067, "Actual Total Time": 563.03, "Actual Rows": 81092, "Actual Loops": 6, "Filter": "(info_type_id = 5)", "Rows Removed by Filter": 2391528}]}, "Planning Time": 0.849, "Triggers": [], "Execution Time": 690.778}