{"Plan": {"Node Type": "Gather", "Parallel Aware": false, "Startup Cost": 253601.98, "Total Cost": 634706.22, "Plan Rows": 457980, "Plan Width": 224, "Actual Startup Time": 1204.367, "Actual Total Time": 2536.208, "Actual Rows": 410328, "Actual Loops": 1, "Workers Planned": 6, "Workers Launched": 6, "Single Copy": false, "Plans": [{"Node Type": "Hash Join", "Parent Relationship": "Outer", "Parallel Aware": true, "Join Type": "Inner", "Startup Cost": 252601.98, "Total Cost": 587908.22, "Plan Rows": 76330, "Plan Width": 224, "Actual Startup Time": 1197.641, "Actual Total Time": 2403.061, "Actual Rows": 58618, "Actual Loops": 7, "Inner Unique": false, "Hash Cond": "(ci.movie_id = t.id)", "Plans": [{"Node Type": "Seq Scan", "Parent Relationship": "Outer", "Parallel Aware": true, "Relation Name": "cast_info", "Alias": "ci", "Startup Cost": 0.0, "Total Cost": 327657.8, "Plan Rows": 1998875, "Plan Width": 56, "Actual Startup Time": 428.166, "Actual Total Time": 1088.503, "Actual Rows": 1971002, "Actual Loops": 7, "Filter": "(person_id > 2289189)", "Rows Removed by Filter": 3206762}, {"Node Type": "Hash", "Parent Relationship": "Inner", "Parallel Aware": true, "Startup Cost": 252360.61, "Total Cost": 252360.61, "Plan Rows": 19309, "Plan Width": 168, "Actual Startup Time": 768.308, "Actual Total Time": 768.329, "Actual Rows": 3074, "Actual Loops": 7, "Hash Buckets": 131072, "Original Hash Buckets": 131072, "Hash Batches": 1, "Original Hash Batches": 1, "Peak Memory Usage": 4288, "Plans": [{"Node Type": "Hash Join", "Parent Relationship": "Outer", "Parallel Aware": true, "Join Type": "Inner", "Startup Cost": 48840.38, "Total Cost": 252360.61, "Plan Rows": 19309, "Plan Width": 168, "Actual Startup Time": 705.783, "Actual Total Time": 756.635, "Actual Rows": 3074, "Actual Loops": 7, "Inner Unique": true, "Hash Cond": "(mi.movie_id = t.id)", "Plans": [{"Node Type": "Seq Scan", "Parent Relationship": "Outer", "Parallel Aware": true, "Relation Name": "movie_info", "Alias": "mi", "Startup Cost": 0.0, "Total Cost": 198938.07, "Plan Rows": 99111, "Plan Width": 73, "Actual Startup Time": 0.083, "Actual Total Time": 489.743, "Actual Rows": 69508, "Actual Loops": 7, "Filter": "(info_type_id = 5)", "Rows Removed by Filter": 2049881}, {"Node Type": "Hash", "Parent Relationship": "Inner", "Parallel Aware": true, "Startup Cost": 45497.09, "Total Cost": 45497.09, "Plan Rows": 123143, "Plan Width": 95, "Actual Startup Time": 175.805, "Actual Total Time": 175.808, "Actual Rows": 71683, "Actual Loops": 7, "Hash Buckets": 32768, "Original Hash Buckets": 32768, "Hash Batches": 32, "Original Hash Batches": 32, "Peak Memory Usage": 2304, "Plans": [{"Node Type": "Seq Scan", "Parent Relationship": "Outer", "Parallel Aware": true, "Relation Name": "title", "Alias": "t", "Startup Cost": 0.0, "Total Cost": 45497.09, "Plan Rows": 123143, "Plan Width": 95, "Actual Startup Time": 0.049, "Actual Total Time": 136.06, "Actual Rows": 71683, "Actual Loops": 7, "Filter": "((kind_id > 1) AND (production_year > 2008))", "Rows Removed by Filter": 289505}]}]}]}]}]}, "Planning Time": 1.719, "Triggers": [], "Execution Time": 2560.496}