{"Plan": {"Node Type": "Gather", "Parallel Aware": false, "Startup Cost": 113807.08, "Total Cost": 1714567.52, "Plan Rows": 11398246, "Plan Width": 191, "Actual Startup Time": 4206.586, "Actual Total Time": 14421.185, "Actual Rows": 27039480, "Actual Loops": 1, "Workers Planned": 6, "Workers Launched": 6, "Single Copy": false, "Plans": [{"Node Type": "Hash Join", "Parent Relationship": "Outer", "Parallel Aware": true, "Join Type": "Inner", "Startup Cost": 112807.08, "Total Cost": 573742.92, "Plan Rows": 1899708, "Plan Width": 191, "Actual Startup Time": 4199.085, "Actual Total Time": 8941.207, "Actual Rows": 3862783, "Actual Loops": 7, "Inner Unique": false, "Hash Cond": "(ci.movie_id = t.id)", "Plans": [{"Node Type": "Seq Scan", "Parent Relationship": "Outer", "Parallel Aware": true, "Relation Name": "cast_info", "Alias": "ci", "Startup Cost": 0.0, "Total Cost": 312666.24, "Plan Rows": 5996624, "Plan Width": 56, "Actual Startup Time": 0.06, "Actual Total Time": 1444.847, "Actual Rows": 5177763, "Actual Loops": 7}, {"Node Type": "Hash", "Parent Relationship": "Inner", "Parallel Aware": true, "Startup Cost": 106393.1, "Total Cost": 106393.1, "Plan Rows": 200238, "Plan Width": 135, "Actual Startup Time": 789.63, "Actual Total Time": 789.661, "Actual Rows": 116084, "Actual Loops": 7, "Hash Buckets": 32768, "Original Hash Buckets": 32768, "Hash Batches": 64, "Original Hash Batches": 64, "Peak Memory Usage": 2272, "Plans": [{"Node Type": "Hash Join", "Parent Relationship": "Outer", "Parallel Aware": true, "Join Type": "Inner", "Startup Cost": 41102.5, "Total Cost": 106393.1, "Plan Rows": 200238, "Plan Width": 135, "Actual Startup Time": 447.53, "Actual Total Time": 690.768, "Actual Rows": 116084, "Actual Loops": 7, "Inner Unique": false, "Hash Cond": "(t.id = mc.movie_id)", "Plans": [{"Node Type": "Seq Scan", "Parent Relationship": "Outer", "Parallel Aware": true, "Relation Name": "title", "Alias": "t", "Startup Cost": 0.0, "Total Cost": 42336.73, "Plan Rows": 632073, "Plan Width": 95, "Actual Startup Time": 0.047, "Actual Total Time": 107.033, "Actual Rows": 361187, "Actual Loops": 7}, {"Node Type": "Hash", "Parent Relationship": "Inner", "Parallel Aware": true, "Startup Cost": 37034.53, "Total Cost": 37034.53, "Plan Rows": 200238, "Plan Width": 40, "Actual Startup Time": 141.29, "Actual Total Time": 141.297, "Actual Rows": 116084, "Actual Loops": 7, "Hash Buckets": 65536, "Original Hash Buckets": 65536, "Hash Batches": 32, "Original Hash Batches": 32, "Peak Memory Usage": 2336, "Plans": [{"Node Type": "Seq Scan", "Parent Relationship": "Outer", "Parallel Aware": true, "Relation Name": "movie_companies", "Alias": "mc", "Startup Cost": 0.0, "Total Cost": 37034.53, "Plan Rows": 200238, "Plan Width": 40, "Actual Startup Time": 0.05, "Actual Total Time": 98.709, "Actual Rows": 116084, "Actual Loops": 7, "Filter": "(company_id < 1886)", "Rows Removed by Filter": 256648}]}]}]}]}]}, "Planning Time": 1.713, "Triggers": [], "Execution Time": 15991.346}