{"Plan": {"Node Type": "Gather", "Parallel Aware": false, "Startup Cost": 382078.91, "Total Cost": 594573.61, "Plan Rows": 41469, "Plan Width": 249, "Actual Startup Time": 6350.439, "Actual Total Time": 9237.056, "Actual Rows": 5500892, "Actual Loops": 1, "Workers Planned": 5, "Workers Launched": 5, "Single Copy": false, "Plans": [{"Node Type": "Hash Join", "Parent Relationship": "Outer", "Parallel Aware": true, "Join Type": "Inner", "Startup Cost": 381078.91, "Total Cost": 589426.71, "Plan Rows": 8294, "Plan Width": 249, "Actual Startup Time": 6342.533, "Actual Total Time": 7667.034, "Actual Rows": 916815, "Actual Loops": 6, "Inner Unique": false, "Hash Cond": "(mi.movie_id = t.id)", "Plans": [{"Node Type": "Seq Scan", "Parent Relationship": "Outer", "Parallel Aware": true, "Relation Name": "movie_info", "Alias": "mi", "Startup Cost": 0.0, "Total Cost": 198938.07, "Plan Rows": 2505577, "Plan Width": 73, "Actual Startup Time": 0.088, "Actual Total Time": 893.854, "Actual Rows": 2100312, "Actual Loops": 6, "Filter": "(info_type_id < 17)", "Rows Removed by Filter": 372308}, {"Node Type": "Hash", "Parent Relationship": "Inner", "Parallel Aware": true, "Startup Cost": 381061.47, "Total Cost": 381061.47, "Plan Rows": 1395, "Plan Width": 176, "Actual Startup Time": 4746.385, "Actual Total Time": 4746.446, "Actual Rows": 117195, "Actual Loops": 6, "Hash Buckets": 16384, "Original Hash Buckets": 16384, "Hash Batches": 64, "Original Hash Batches": 1, "Peak Memory Usage": 2304, "Plans": [{"Node Type": "Nested Loop", "Parent Relationship": "Outer", "Parallel Aware": false, "Join Type": "Inner", "Startup Cost": 22549.52, "Total Cost": 381061.47, "Plan Rows": 1395, "Plan Width": 176, "Actual Startup Time": 1693.657, "Actual Total Time": 4425.783, "Actual Rows": 117195, "Actual Loops": 6, "Inner Unique": true, "Join Filter": "(ci.movie_id = t.id)", "Rows Removed by Join Filter": 0, "Plans": [{"Node Type": "Hash Join", "Parent Relationship": "Outer", "Parallel Aware": true, "Join Type": "Inner", "Startup Cost": 22549.09, "Total Cost": 368139.46, "Plan Rows": 19569, "Plan Width": 81, "Actual Startup Time": 1693.477, "Actual Total Time": 2062.209, "Actual Rows": 283537, "Actual Loops": 6, "Inner Unique": false, "Hash Cond": "(ci.movie_id = mi_idx.movie_id)", "Plans": [{"Node Type": "Seq Scan", "Parent Relationship": "Outer", "Parallel Aware": true, "Relation Name": "cast_info", "Alias": "ci", "Startup Cost": 0.0, "Total Cost": 342649.36, "Plan Rows": 9994, "Plan Width": 56, "Actual Startup Time": 747.95, "Actual Total Time": 1442.759, "Actual Rows": 406088, "Actual Loops": 6, "Filter": "((person_id > 2375987) AND (role_id = 3))", "Rows Removed by Filter": 5634636}, {"Node Type": "Hash", "Parent Relationship": "Inner", "Parallel Aware": true, "Startup Cost": 15122.68, "Total Cost": 15122.68, "Plan Rows": 384033, "Plan Width": 25, "Actual Startup Time": 113.095, "Actual Total Time": 113.096, "Actual Rows": 153308, "Actual Loops": 6, "Hash Buckets": 65536, "Original Hash Buckets": 65536, "Hash Batches": 32, "Original Hash Batches": 32, "Peak Memory Usage": 2080, "Plans": [{"Node Type": "Seq Scan", "Parent Relationship": "Outer", "Parallel Aware": true, "Relation Name": "movie_info_idx", "Alias": "mi_idx", "Startup Cost": 0.0, "Total Cost": 15122.68, "Plan Rows": 384033, "Plan Width": 25, "Actual Startup Time": 0.063, "Actual Total Time": 66.986, "Actual Rows": 153308, "Actual Loops": 6, "Filter": "(info_type_id < 101)", "Rows Removed by Filter": 76698}]}]}, {"Node Type": "Index Scan", "Parent Relationship": "Inner", "Parallel Aware": false, "Scan Direction": "Forward", "Index Name": "title_pkey", "Relation Name": "title", "Alias": "t", "Startup Cost": 0.43, "Total Cost": 0.65, "Plan Rows": 1, "Plan Width": 95, "Actual Startup Time": 0.008, "Actual Total Time": 0.008, "Actual Rows": 0, "Actual Loops": 1701220, "Index Cond": "(id = mi_idx.movie_id)", "Rows Removed by Index Recheck": 0, "Filter": "((production_year > 1996) AND (kind_id = 7))", "Rows Removed by Filter": 1}]}]}]}]}, "Planning Time": 2.637, "Triggers": [], "Execution Time": 9558.547}