{"Plan": {"Node Type": "Gather", "Parallel Aware": false, "Startup Cost": 89617.14, "Total Cost": 560930.69, "Plan Rows": 2114222, "Plan Width": 193, "Actual Startup Time": 2096.264, "Actual Total Time": 3595.214, "Actual Rows": 1866714, "Actual Loops": 1, "Workers Planned": 5, "Workers Launched": 5, "Single Copy": false, "Plans": [{"Node Type": "Hash Join", "Parent Relationship": "Outer", "Parallel Aware": true, "Join Type": "Inner", "Startup Cost": 88617.14, "Total Cost": 348508.49, "Plan Rows": 422844, "Plan Width": 193, "Actual Startup Time": 2092.939, "Actual Total Time": 2724.488, "Actual Rows": 311119, "Actual Loops": 6, "Inner Unique": false, "Hash Cond": "(mi.movie_id = t.id)", "Plans": [{"Node Type": "Seq Scan", "Parent Relationship": "Outer", "Parallel Aware": true, "Relation Name": "movie_info", "Alias": "mi", "Startup Cost": 0.0, "Total Cost": 198938.07, "Plan Rows": 1888915, "Plan Width": 73, "Actual Startup Time": 0.062, "Actual Total Time": 802.623, "Actual Rows": 1570867, "Actual Loops": 6, "Filter": "(info_type_id > 5)", "Rows Removed by Filter": 901753}, {"Node Type": "Hash", "Parent Relationship": "Inner", "Parallel Aware": true, "Startup Cost": 81523.37, "Total Cost": 81523.37, "Plan Rows": 235822, "Plan Width": 120, "Actual Startup Time": 652.633, "Actual Total Time": 652.68, "Actual Rows": 47302, "Actual Loops": 6, "Hash Buckets": 32768, "Original Hash Buckets": 32768, "Hash Batches": 32, "Original Hash Batches": 32, "Peak Memory Usage": 1600, "Plans": [{"Node Type": "Hash Join", "Parent Relationship": "Outer", "Parallel Aware": true, "Join Type": "Inner", "Startup Cost": 54454.6, "Total Cost": 81523.37, "Plan Rows": 235822, "Plan Width": 120, "Actual Startup Time": 436.996, "Actual Total Time": 614.674, "Actual Rows": 47302, "Actual Loops": 6, "Inner Unique": true, "Hash Cond": "(mi_idx.movie_id = t.id)", "Plans": [{"Node Type": "Seq Scan", "Parent Relationship": "Outer", "Parallel Aware": true, "Relation Name": "movie_info_idx", "Alias": "mi_idx", "Startup Cost": 0.0, "Total Cost": 15122.68, "Plan Rows": 384033, "Plan Width": 25, "Actual Startup Time": 0.074, "Actual Total Time": 67.061, "Actual Rows": 153308, "Actual Loops": 6, "Filter": "(info_type_id < 101)", "Rows Removed by Filter": 76698}, {"Node Type": "Hash", "Parent Relationship": "Inner", "Parallel Aware": true, "Startup Cost": 43916.91, "Total Cost": 43916.91, "Plan Rows": 388135, "Plan Width": 95, "Actual Startup Time": 294.519, "Actual Total Time": 294.525, "Actual Rows": 257211, "Actual Loops": 6, "Hash Buckets": 32768, "Original Hash Buckets": 32768, "Hash Batches": 64, "Original Hash Batches": 64, "Peak Memory Usage": 3264, "Plans": [{"Node Type": "Seq Scan", "Parent Relationship": "Outer", "Parallel Aware": true, "Relation Name": "title", "Alias": "t", "Startup Cost": 0.0, "Total Cost": 43916.91, "Plan Rows": 388135, "Plan Width": 95, "Actual Startup Time": 0.045, "Actual Total Time": 162.122, "Actual Rows": 257211, "Actual Loops": 6, "Filter": "(kind_id = 7)", "Rows Removed by Filter": 164175}]}]}]}]}]}, "Planning Time": 2.376, "Triggers": [], "Execution Time": 3706.302}