{"Plan": {"Node Type": "Gather", "Parallel Aware": false, "Startup Cost": 44468.6, "Total Cost": 200810.45, "Plan Rows": 938827, "Plan Width": 135, "Actual Startup Time": 650.41, "Actual Total Time": 1270.714, "Actual Rows": 785208, "Actual Loops": 1, "Workers Planned": 4, "Workers Launched": 4, "Single Copy": false, "Plans": [{"Node Type": "Hash Join", "Parent Relationship": "Outer", "Parallel Aware": true, "Join Type": "Inner", "Startup Cost": 43468.6, "Total Cost": 105927.74, "Plan Rows": 234707, "Plan Width": 135, "Actual Startup Time": 641.704, "Actual Total Time": 971.423, "Actual Rows": 157042, "Actual Loops": 5, "Inner Unique": false, "Hash Cond": "(t.id = mc.movie_id)", "Plans": [{"Node Type": "Seq Scan", "Parent Relationship": "Outer", "Parallel Aware": true, "Relation Name": "title", "Alias": "t", "Startup Cost": 0.0, "Total Cost": 43916.91, "Plan Rows": 468390, "Plan Width": 95, "Actual Startup Time": 0.062, "Actual Total Time": 228.163, "Actual Rows": 374240, "Actual Loops": 5, "Filter": "(production_year > 1984)", "Rows Removed by Filter": 131423}, {"Node Type": "Hash", "Parent Relationship": "Inner", "Parallel Aware": true, "Startup Cost": 37034.53, "Total Cost": 37034.53, "Plan Rows": 316726, "Plan Width": 40, "Actual Startup Time": 239.974, "Actual Total Time": 239.976, "Actual Rows": 254849, "Actual Loops": 5, "Hash Buckets": 65536, "Original Hash Buckets": 65536, "Hash Batches": 32, "Original Hash Batches": 32, "Peak Memory Usage": 3520, "Plans": [{"Node Type": "Seq Scan", "Parent Relationship": "Outer", "Parallel Aware": true, "Relation Name": "movie_companies", "Alias": "mc", "Startup Cost": 0.0, "Total Cost": 37034.53, "Plan Rows": 316726, "Plan Width": 40, "Actual Startup Time": 0.053, "Actual Total Time": 153.921, "Actual Rows": 254849, "Actual Loops": 5, "Filter": "(company_type_id = 1)", "Rows Removed by Filter": 266977}]}]}]}, "Planning Time": 1.374, "Triggers": [], "Execution Time": 1317.634}