{"Plan": {"Node Type": "Gather", "Parallel Aware": false, "Startup Cost": 100219.32, "Total Cost": 985316.56, "Plan Rows": 5950043, "Plan Width": 193, "Actual Startup Time": 2558.174, "Actual Total Time": 5739.724, "Actual Rows": 7246866, "Actual Loops": 1, "Workers Planned": 5, "Workers Launched": 5, "Single Copy": false, "Plans": [{"Node Type": "Hash Join", "Parent Relationship": "Outer", "Parallel Aware": true, "Join Type": "Inner", "Startup Cost": 99219.32, "Total Cost": 389312.26, "Plan Rows": 1190009, "Plan Width": 193, "Actual Startup Time": 2551.151, "Actual Total Time": 4089.499, "Actual Rows": 1207811, "Actual Loops": 6, "Inner Unique": false, "Hash Cond": "(mi.movie_id = t.id)", "Plans": [{"Node Type": "Seq Scan", "Parent Relationship": "Outer", "Parallel Aware": true, "Relation Name": "movie_info", "Alias": "mi", "Startup Cost": 0.0, "Total Cost": 191549.05, "Plan Rows": 2955605, "Plan Width": 73, "Actual Startup Time": 0.05, "Actual Total Time": 724.012, "Actual Rows": 2472620, "Actual Loops": 6}, {"Node Type": "Hash", "Parent Relationship": "Inner", "Parallel Aware": true, "Startup Cost": 86461.44, "Total Cost": 86461.44, "Plan Rows": 424150, "Plan Width": 120, "Actual Startup Time": 833.822, "Actual Total Time": 833.875, "Actual Rows": 125022, "Actual Loops": 6, "Hash Buckets": 32768, "Original Hash Buckets": 32768, "Hash Batches": 64, "Original Hash Batches": 64, "Peak Memory Usage": 1984, "Plans": [{"Node Type": "Hash Join", "Parent Relationship": "Outer", "Parallel Aware": true, "Join Type": "Inner", "Startup Cost": 56574.88, "Total Cost": 86461.44, "Plan Rows": 424150, "Plan Width": 120, "Actual Startup Time": 490.864, "Actual Total Time": 740.648, "Actual Rows": 125022, "Actual Loops": 6, "Inner Unique": true, "Hash Cond": "(mi_idx.movie_id = t.id)", "Plans": [{"Node Type": "Seq Scan", "Parent Relationship": "Outer", "Parallel Aware": true, "Relation Name": "movie_info_idx", "Alias": "mi_idx", "Startup Cost": 0.0, "Total Cost": 13685.15, "Plan Rows": 575015, "Plan Width": 25, "Actual Startup Time": 0.062, "Actual Total Time": 55.902, "Actual Rows": 230006, "Actual Loops": 6}, {"Node Type": "Hash", "Parent Relationship": "Inner", "Parallel Aware": true, "Startup Cost": 43916.91, "Total Cost": 43916.91, "Plan Rows": 466238, "Plan Width": 95, "Actual Startup Time": 331.28, "Actual Total Time": 331.287, "Actual Rows": 310914, "Actual Loops": 6, "Hash Buckets": 32768, "Original Hash Buckets": 32768, "Hash Batches": 64, "Original Hash Batches": 64, "Peak Memory Usage": 3872, "Plans": [{"Node Type": "Seq Scan", "Parent Relationship": "Outer", "Parallel Aware": true, "Relation Name": "title", "Alias": "t", "Startup Cost": 0.0, "Total Cost": 43916.91, "Plan Rows": 466238, "Plan Width": 95, "Actual Startup Time": 0.04, "Actual Total Time": 174.665, "Actual Rows": 310914, "Actual Loops": 6, "Filter": "(kind_id > 1)", "Rows Removed by Filter": 110471}]}]}]}]}]}, "Planning Time": 1.801, "Triggers": [], "Execution Time": 6158.976}