{"Plan": {"Node Type": "Gather", "Parallel Aware": false, "Startup Cost": 46627.69, "Total Cost": 270363.52, "Plan Rows": 244283, "Plan Width": 168, "Actual Startup Time": 198.659, "Actual Total Time": 1999.354, "Actual Rows": 1835628, "Actual Loops": 1, "Workers Planned": 5, "Workers Launched": 5, "Single Copy": false, "Plans": [{"Node Type": "Hash Join", "Parent Relationship": "Outer", "Parallel Aware": true, "Join Type": "Inner", "Startup Cost": 45627.69, "Total Cost": 244935.22, "Plan Rows": 48857, "Plan Width": 168, "Actual Startup Time": 189.388, "Actual Total Time": 1734.923, "Actual Rows": 305938, "Actual Loops": 6, "Inner Unique": true, "Hash Cond": "(mi.movie_id = t.id)", "Plans": [{"Node Type": "Seq Scan", "Parent Relationship": "Outer", "Parallel Aware": true, "Relation Name": "movie_info", "Alias": "mi", "Startup Cost": 0.0, "Total Cost": 191549.05, "Plan Rows": 2955605, "Plan Width": 73, "Actual Startup Time": 0.041, "Actual Total Time": 557.847, "Actual Rows": 2472620, "Actual Loops": 6}, {"Node Type": "Hash", "Parent Relationship": "Inner", "Parallel Aware": true, "Startup Cost": 45497.09, "Total Cost": 45497.09, "Plan Rows": 10448, "Plan Width": 95, "Actual Startup Time": 188.87, "Actual Total Time": 188.874, "Actual Rows": 26123, "Actual Loops": 6, "Hash Buckets": 262144, "Original Hash Buckets": 65536, "Hash Batches": 1, "Original Hash Batches": 1, "Peak Memory Usage": 21472, "Plans": [{"Node Type": "Seq Scan", "Parent Relationship": "Outer", "Parallel Aware": true, "Relation Name": "title", "Alias": "t", "Startup Cost": 0.0, "Total Cost": 45497.09, "Plan Rows": 10448, "Plan Width": 95, "Actual Startup Time": 91.875, "Actual Total Time": 158.707, "Actual Rows": 26123, "Actual Loops": 6, "Filter": "((production_year < 1948) AND (kind_id = 1))", "Rows Removed by Filter": 395262}]}]}]}, "Planning Time": 1.414, "Triggers": [], "Execution Time": 2108.777}