{"Plan": {"Node Type": "Gather", "Parallel Aware": false, "Startup Cost": 1000.0, "Total Cost": 16136.48, "Plan Rows": 138, "Plan Width": 25, "Actual Startup Time": 95.015, "Actual Total Time": 97.891, "Actual Rows": 260, "Actual Loops": 1, "Workers Planned": 2, "Workers Launched": 2, "Single Copy": false, "Plans": [{"Node Type": "Seq Scan", "Parent Relationship": "Outer", "Parallel Aware": true, "Relation Name": "movie_info_idx", "Alias": "mi_idx", "Startup Cost": 0.0, "Total Cost": 15122.68, "Plan Rows": 58, "Plan Width": 25, "Actual Startup Time": 55.744, "Actual Total Time": 90.699, "Actual Rows": 87, "Actual Loops": 3, "Filter": "(info_type_id > 101)", "Rows Removed by Filter": 459925}]}, "Planning Time": 0.6, "Triggers": [], "Execution Time": 98.007}