{"Plan": {"Node Type": "Gather", "Parallel Aware": false, "Startup Cost": 107336.59, "Total Cost": 304346.46, "Plan Rows": 1335173, "Plan Width": 147, "Actual Startup Time": 1953.546, "Actual Total Time": 10963.404, "Actual Rows": 23512458, "Actual Loops": 1, "Workers Planned": 3, "Workers Launched": 3, "Single Copy": false, "Plans": [{"Node Type": "Hash Join", "Parent Relationship": "Outer", "Parallel Aware": true, "Join Type": "Inner", "Startup Cost": 106336.59, "Total Cost": 169829.16, "Plan Rows": 430701, "Plan Width": 147, "Actual Startup Time": 1945.866, "Actual Total Time": 5069.879, "Actual Rows": 5878114, "Actual Loops": 4, "Inner Unique": false, "Hash Cond": "(mk.movie_id = t.id)", "Plans": [{"Node Type": "Seq Scan", "Parent Relationship": "Outer", "Parallel Aware": true, "Relation Name": "movie_keyword", "Alias": "mk", "Startup Cost": 0.0, "Total Cost": 39047.32, "Plan Rows": 1459332, "Plan Width": 12, "Actual Startup Time": 0.135, "Actual Total Time": 264.393, "Actual Rows": 1130982, "Actual Loops": 4}, {"Node Type": "Hash", "Parent Relationship": "Inner", "Parallel Aware": true, "Startup Cost": 100360.75, "Total Cost": 100360.75, "Plan Rows": 186547, "Plan Width": 135, "Actual Startup Time": 1358.369, "Actual Total Time": 1358.397, "Actual Rows": 295207, "Actual Loops": 4, "Hash Buckets": 32768, "Original Hash Buckets": 32768, "Hash Batches": 64, "Original Hash Batches": 64, "Peak Memory Usage": 3040, "Plans": [{"Node Type": "Hash Join", "Parent Relationship": "Outer", "Parallel Aware": true, "Join Type": "Inner", "Startup Cost": 50404.69, "Total Cost": 100360.75, "Plan Rows": 186547, "Plan Width": 135, "Actual Startup Time": 730.387, "Actual Total Time": 1136.426, "Actual Rows": 295207, "Actual Loops": 4, "Inner Unique": true, "Hash Cond": "(mc.movie_id = t.id)", "Plans": [{"Node Type": "Seq Scan", "Parent Relationship": "Outer", "Parallel Aware": true, "Relation Name": "movie_companies", "Alias": "mc", "Startup Cost": 0.0, "Total Cost": 35403.82, "Plan Rows": 652282, "Plan Width": 40, "Actual Startup Time": 0.057, "Actual Total Time": 183.568, "Actual Rows": 652282, "Actual Loops": 4}, {"Node Type": "Hash", "Parent Relationship": "Inner", "Parallel Aware": true, "Startup Cost": 45497.09, "Total Cost": 45497.09, "Plan Rows": 180768, "Plan Width": 95, "Actual Startup Time": 328.929, "Actual Total Time": 328.932, "Actual Rows": 158978, "Actual Loops": 4, "Hash Buckets": 32768, "Original Hash Buckets": 32768, "Hash Batches": 32, "Original Hash Batches": 32, "Peak Memory Usage": 2592, "Plans": [{"Node Type": "Seq Scan", "Parent Relationship": "Outer", "Parallel Aware": true, "Relation Name": "title", "Alias": "t", "Startup Cost": 0.0, "Total Cost": 45497.09, "Plan Rows": 180768, "Plan Width": 95, "Actual Startup Time": 0.057, "Actual Total Time": 239.143, "Actual Rows": 158978, "Actual Loops": 4, "Filter": "((kind_id < 7) AND (production_year > 1984))", "Rows Removed by Filter": 473100}]}]}]}]}]}, "Planning Time": 1.75, "Triggers": [], "Execution Time": 12325.293}