{"Plan": {"Node Type": "Gather", "Parallel Aware": false, "Startup Cost": 1000.0, "Total Cost": 331905.87, "Plan Rows": 1319678, "Plan Width": 73, "Actual Startup Time": 160.127, "Actual Total Time": 941.572, "Actual Rows": 1298989, "Actual Loops": 1, "Workers Planned": 5, "Workers Launched": 5, "Single Copy": false, "Plans": [{"Node Type": "Seq Scan", "Parent Relationship": "Outer", "Parallel Aware": true, "Relation Name": "movie_info", "Alias": "mi", "Startup Cost": 0.0, "Total Cost": 198938.07, "Plan Rows": 263936, "Plan Width": 73, "Actual Startup Time": 154.557, "Actual Total Time": 591.323, "Actual Rows": 216498, "Actual Loops": 6, "Filter": "(info_type_id = 4)", "Rows Removed by Filter": 2256122}]}, "Planning Time": 0.837, "Triggers": [], "Execution Time": 1016.053}