{"Plan": {"Node Type": "Gather", "Parallel Aware": false, "Startup Cost": 46617.8, "Total Cost": 268503.63, "Plan Rows": 225783, "Plan Width": 168, "Actual Startup Time": 147.927, "Actual Total Time": 1469.326, "Actual Rows": 378799, "Actual Loops": 1, "Workers Planned": 5, "Workers Launched": 5, "Single Copy": false, "Plans": [{"Node Type": "Hash Join", "Parent Relationship": "Outer", "Parallel Aware": true, "Join Type": "Inner", "Startup Cost": 45617.8, "Total Cost": 244925.33, "Plan Rows": 45157, "Plan Width": 168, "Actual Startup Time": 141.729, "Actual Total Time": 1401.238, "Actual Rows": 63133, "Actual Loops": 6, "Inner Unique": true, "Hash Cond": "(mi.movie_id = t.id)", "Plans": [{"Node Type": "Seq Scan", "Parent Relationship": "Outer", "Parallel Aware": true, "Relation Name": "movie_info", "Alias": "mi", "Startup Cost": 0.0, "Total Cost": 191549.05, "Plan Rows": 2955605, "Plan Width": 73, "Actual Startup Time": 0.238, "Actual Total Time": 548.649, "Actual Rows": 2472620, "Actual Loops": 6}, {"Node Type": "Hash", "Parent Relationship": "Inner", "Parallel Aware": true, "Startup Cost": 45497.09, "Total Cost": 45497.09, "Plan Rows": 9657, "Plan Width": 95, "Actual Startup Time": 140.917, "Actual Total Time": 140.923, "Actual Rows": 5532, "Actual Loops": 6, "Hash Buckets": 65536, "Original Hash Buckets": 65536, "Hash Batches": 1, "Original Hash Batches": 1, "Peak Memory Usage": 4256, "Plans": [{"Node Type": "Seq Scan", "Parent Relationship": "Outer", "Parallel Aware": true, "Relation Name": "title", "Alias": "t", "Startup Cost": 0.0, "Total Cost": 45497.09, "Plan Rows": 9657, "Plan Width": 95, "Actual Startup Time": 76.905, "Actual Total Time": 137.136, "Actual Rows": 5532, "Actual Loops": 6, "Filter": "((kind_id = 1) AND (production_year = 2010))", "Rows Removed by Filter": 415854}]}]}]}, "Planning Time": 1.436, "Triggers": [], "Execution Time": 1491.861}