{"Plan": {"Node Type": "Gather", "Parallel Aware": false, "Startup Cost": 1000.0, "Total Cost": 743424.26, "Plan Rows": 3997749, "Plan Width": 56, "Actual Startup Time": 866.218, "Actual Total Time": 2440.671, "Actual Rows": 5637455, "Actual Loops": 1, "Workers Planned": 6, "Workers Launched": 6, "Single Copy": false, "Plans": [{"Node Type": "Seq Scan", "Parent Relationship": "Outer", "Parallel Aware": true, "Relation Name": "cast_info", "Alias": "ci", "Startup Cost": 0.0, "Total Cost": 342649.36, "Plan Rows": 666292, "Plan Width": 56, "Actual Startup Time": 860.094, "Actual Total Time": 1283.853, "Actual Rows": 805351, "Actual Loops": 7, "Filter": "((person_id > 2911291) AND (role_id > 4))", "Rows Removed by Filter": 4372413}]}, "Planning Time": 0.58, "Triggers": [], "Execution Time": 2759.62}