{"Plan": {"Node Type": "Gather", "Parallel Aware": false, "Startup Cost": 51187.63, "Total Cost": 731997.16, "Plan Rows": 4039250, "Plan Width": 168, "Actual Startup Time": 1923.078, "Actual Total Time": 3691.392, "Actual Rows": 2055671, "Actual Loops": 1, "Workers Planned": 5, "Workers Launched": 5, "Single Copy": false, "Plans": [{"Node Type": "Hash Join", "Parent Relationship": "Outer", "Parallel Aware": true, "Join Type": "Inner", "Startup Cost": 50187.63, "Total Cost": 327072.16, "Plan Rows": 807850, "Plan Width": 168, "Actual Startup Time": 1914.62, "Actual Total Time": 2858.442, "Actual Rows": 342612, "Actual Loops": 6, "Inner Unique": true, "Hash Cond": "(mi.movie_id = t.id)", "Plans": [{"Node Type": "Seq Scan", "Parent Relationship": "Outer", "Parallel Aware": true, "Relation Name": "movie_info", "Alias": "mi", "Startup Cost": 0.0, "Total Cost": 191549.05, "Plan Rows": 2955605, "Plan Width": 73, "Actual Startup Time": 0.051, "Actual Total Time": 709.254, "Actual Rows": 2472620, "Actual Loops": 6}, {"Node Type": "Hash", "Parent Relationship": "Inner", "Parallel Aware": true, "Startup Cost": 45497.09, "Total Cost": 45497.09, "Plan Rows": 172763, "Plan Width": 95, "Actual Startup Time": 232.735, "Actual Total Time": 232.74, "Actual Rows": 99416, "Actual Loops": 6, "Hash Buckets": 32768, "Original Hash Buckets": 32768, "Hash Batches": 32, "Original Hash Batches": 32, "Peak Memory Usage": 2592, "Plans": [{"Node Type": "Seq Scan", "Parent Relationship": "Outer", "Parallel Aware": true, "Relation Name": "title", "Alias": "t", "Startup Cost": 0.0, "Total Cost": 45497.09, "Plan Rows": 172763, "Plan Width": 95, "Actual Startup Time": 0.055, "Actual Total Time": 156.692, "Actual Rows": 99416, "Actual Loops": 6, "Filter": "((production_year < 2002) AND (kind_id = 7))", "Rows Removed by Filter": 321970}]}]}]}, "Planning Time": 1.41, "Triggers": [], "Execution Time": 3815.658}