{"Plan": {"Node Type": "Gather", "Parallel Aware": false, "Startup Cost": 1000.0, "Total Cost": 38044.83, "Plan Rows": 103, "Plan Width": 40, "Actual Startup Time": 9.53, "Actual Total Time": 120.246, "Actual Rows": 29, "Actual Loops": 1, "Workers Planned": 4, "Workers Launched": 4, "Single Copy": false, "Plans": [{"Node Type": "Seq Scan", "Parent Relationship": "Outer", "Parallel Aware": true, "Relation Name": "movie_companies", "Alias": "mc", "Startup Cost": 0.0, "Total Cost": 37034.53, "Plan Rows": 26, "Plan Width": 40, "Actual Startup Time": 21.038, "Actual Total Time": 112.109, "Actual Rows": 6, "Actual Loops": 5, "Filter": "(company_id = 18737)", "Rows Removed by Filter": 521820}]}, "Planning Time": 0.797, "Triggers": [], "Execution Time": 120.376}