{"Plan": {"Node Type": "Gather", "Parallel Aware": false, "Startup Cost": 19815.96, "Total Cost": 130660.02, "Plan Rows": 458356, "Plan Width": 120, "Actual Startup Time": 493.718, "Actual Total Time": 958.701, "Actual Rows": 460185, "Actual Loops": 1, "Workers Planned": 4, "Workers Launched": 4, "Single Copy": false, "Plans": [{"Node Type": "Hash Join", "Parent Relationship": "Outer", "Parallel Aware": true, "Join Type": "Inner", "Startup Cost": 18815.96, "Total Cost": 83824.42, "Plan Rows": 114589, "Plan Width": 120, "Actual Startup Time": 486.09, "Actual Total Time": 739.705, "Actual Rows": 92037, "Actual Loops": 5, "Inner Unique": false, "Hash Cond": "(t.id = mi_idx.movie_id)", "Plans": [{"Node Type": "Seq Scan", "Parent Relationship": "Outer", "Parallel Aware": true, "Relation Name": "title", "Alias": "t", "Startup Cost": 0.0, "Total Cost": 42336.73, "Plan Rows": 632073, "Plan Width": 95, "Actual Startup Time": 0.05, "Actual Total Time": 143.484, "Actual Rows": 505662, "Actual Loops": 5}, {"Node Type": "Hash", "Parent Relationship": "Inner", "Parallel Aware": true, "Startup Cost": 15122.68, "Total Cost": 15122.68, "Plan Rows": 190982, "Plan Width": 25, "Actual Startup Time": 94.55, "Actual Total Time": 94.551, "Actual Rows": 92037, "Actual Loops": 5, "Hash Buckets": 65536, "Original Hash Buckets": 65536, "Hash Batches": 16, "Original Hash Batches": 16, "Peak Memory Usage": 1984, "Plans": [{"Node Type": "Seq Scan", "Parent Relationship": "Outer", "Parallel Aware": true, "Relation Name": "movie_info_idx", "Alias": "mi_idx", "Startup Cost": 0.0, "Total Cost": 15122.68, "Plan Rows": 190982, "Plan Width": 25, "Actual Startup Time": 0.056, "Actual Total Time": 68.159, "Actual Rows": 92037, "Actual Loops": 5, "Filter": "(info_type_id > 100)", "Rows Removed by Filter": 183970}]}]}]}, "Planning Time": 1.455, "Triggers": [], "Execution Time": 986.441}