{"Plan": {"Node Type": "Gather", "Parallel Aware": false, "Startup Cost": 44850.98, "Total Cost": 245759.17, "Plan Rows": 1342223, "Plan Width": 135, "Actual Startup Time": 642.911, "Actual Total Time": 1440.744, "Actual Rows": 1334883, "Actual Loops": 1, "Workers Planned": 4, "Workers Launched": 4, "Single Copy": false, "Plans": [{"Node Type": "Hash Join", "Parent Relationship": "Outer", "Parallel Aware": true, "Join Type": "Inner", "Startup Cost": 43850.98, "Total Cost": 110536.87, "Plan Rows": 335556, "Plan Width": 135, "Actual Startup Time": 634.937, "Actual Total Time": 1057.104, "Actual Rows": 266977, "Actual Loops": 5, "Inner Unique": false, "Hash Cond": "(t.id = mc.movie_id)", "Plans": [{"Node Type": "Seq Scan", "Parent Relationship": "Outer", "Parallel Aware": true, "Relation Name": "title", "Alias": "t", "Startup Cost": 0.0, "Total Cost": 42336.73, "Plan Rows": 632073, "Plan Width": 95, "Actual Startup Time": 0.041, "Actual Total Time": 149.928, "Actual Rows": 505662, "Actual Loops": 5}, {"Node Type": "Hash", "Parent Relationship": "Inner", "Parallel Aware": true, "Startup Cost": 37034.53, "Total Cost": 37034.53, "Plan Rows": 335556, "Plan Width": 40, "Actual Startup Time": 226.083, "Actual Total Time": 226.093, "Actual Rows": 266977, "Actual Loops": 5, "Hash Buckets": 65536, "Original Hash Buckets": 65536, "Hash Batches": 32, "Original Hash Batches": 32, "Peak Memory Usage": 2624, "Plans": [{"Node Type": "Seq Scan", "Parent Relationship": "Outer", "Parallel Aware": true, "Relation Name": "movie_companies", "Alias": "mc", "Startup Cost": 0.0, "Total Cost": 37034.53, "Plan Rows": 335556, "Plan Width": 40, "Actual Startup Time": 6.334, "Actual Total Time": 150.894, "Actual Rows": 266977, "Actual Loops": 5, "Filter": "(company_type_id > 1)", "Rows Removed by Filter": 254849}]}]}]}, "Planning Time": 1.781, "Triggers": [], "Execution Time": 1519.341}