{"Plan": {"Node Type": "Gather", "Parallel Aware": false, "Startup Cost": 53037.98, "Total Cost": 642622.18, "Plan Rows": 3453727, "Plan Width": 168, "Actual Startup Time": 1378.765, "Actual Total Time": 2725.239, "Actual Rows": 2591194, "Actual Loops": 1, "Workers Planned": 5, "Workers Launched": 5, "Single Copy": false, "Plans": [{"Node Type": "Hash Join", "Parent Relationship": "Outer", "Parallel Aware": true, "Join Type": "Inner", "Startup Cost": 52037.98, "Total Cost": 296249.48, "Plan Rows": 690745, "Plan Width": 168, "Actual Startup Time": 1383.771, "Actual Total Time": 2077.567, "Actual Rows": 431866, "Actual Loops": 6, "Inner Unique": true, "Hash Cond": "(mi.movie_id = t.id)", "Plans": [{"Node Type": "Seq Scan", "Parent Relationship": "Outer", "Parallel Aware": true, "Relation Name": "movie_info", "Alias": "mi", "Startup Cost": 0.0, "Total Cost": 198938.07, "Plan Rows": 1459589, "Plan Width": 73, "Actual Startup Time": 0.092, "Actual Total Time": 738.744, "Actual Rows": 1214478, "Actual Loops": 6, "Filter": "(info_type_id < 8)", "Rows Removed by Filter": 1258142}, {"Node Type": "Hash", "Parent Relationship": "Inner", "Parallel Aware": true, "Startup Cost": 43916.91, "Total Cost": 43916.91, "Plan Rows": 299126, "Plan Width": 95, "Actual Startup Time": 268.301, "Actual Total Time": 268.305, "Actual Rows": 198753, "Actual Loops": 6, "Hash Buckets": 32768, "Original Hash Buckets": 32768, "Hash Batches": 64, "Original Hash Batches": 64, "Peak Memory Usage": 2560, "Plans": [{"Node Type": "Seq Scan", "Parent Relationship": "Outer", "Parallel Aware": true, "Relation Name": "title", "Alias": "t", "Startup Cost": 0.0, "Total Cost": 43916.91, "Plan Rows": 299126, "Plan Width": 95, "Actual Startup Time": 0.047, "Actual Total Time": 164.739, "Actual Rows": 198753, "Actual Loops": 6, "Filter": "(production_year > 2003)", "Rows Removed by Filter": 222632}]}]}]}, "Planning Time": 1.558, "Triggers": [], "Execution Time": 2878.935}