{"Plan": {"Node Type": "Gather", "Parallel Aware": false, "Startup Cost": 1000.0, "Total Cost": 43720.45, "Plan Rows": 248, "Plan Width": 12, "Actual Startup Time": 4.027, "Actual Total Time": 214.683, "Actual Rows": 992, "Actual Loops": 1, "Workers Planned": 3, "Workers Launched": 3, "Single Copy": false, "Plans": [{"Node Type": "Seq Scan", "Parent Relationship": "Outer", "Parallel Aware": true, "Relation Name": "movie_keyword", "Alias": "mk", "Startup Cost": 0.0, "Total Cost": 42695.65, "Plan Rows": 80, "Plan Width": 12, "Actual Startup Time": 1.329, "Actual Total Time": 206.775, "Actual Rows": 248, "Actual Loops": 4, "Filter": "(keyword_id = 1114)", "Rows Removed by Filter": 1130734}]}, "Planning Time": 0.65, "Triggers": [], "Execution Time": 214.886}