{"Plan": {"Node Type": "Gather", "Parallel Aware": false, "Startup Cost": 62030.75, "Total Cost": 108984.63, "Plan Rows": 21296, "Plan Width": 132, "Actual Startup Time": 395.2, "Actual Total Time": 767.662, "Actual Rows": 102118, "Actual Loops": 1, "Workers Planned": 3, "Workers Launched": 3, "Single Copy": false, "Plans": [{"Node Type": "Hash Join", "Parent Relationship": "Outer", "Parallel Aware": true, "Join Type": "Inner", "Startup Cost": 61030.75, "Total Cost": 105855.03, "Plan Rows": 6870, "Plan Width": 132, "Actual Startup Time": 389.427, "Actual Total Time": 737.959, "Actual Rows": 25530, "Actual Loops": 4, "Inner Unique": false, "Hash Cond": "(mk.movie_id = t.id)", "Plans": [{"Node Type": "Seq Scan", "Parent Relationship": "Outer", "Parallel Aware": true, "Relation Name": "movie_keyword", "Alias": "mk", "Startup Cost": 0.0, "Total Cost": 42695.65, "Plan Rows": 560001, "Plan Width": 12, "Actual Startup Time": 0.06, "Actual Total Time": 252.027, "Actual Rows": 435530, "Actual Loops": 4, "Filter": "(keyword_id < 2849)", "Rows Removed by Filter": 695453}, {"Node Type": "Hash", "Parent Relationship": "Inner", "Parallel Aware": true, "Startup Cost": 60869.21, "Total Cost": 60869.21, "Plan Rows": 12923, "Plan Width": 120, "Actual Startup Time": 388.663, "Actual Total Time": 388.667, "Actual Rows": 9845, "Actual Loops": 4, "Hash Buckets": 65536, "Original Hash Buckets": 32768, "Hash Batches": 1, "Original Hash Batches": 1, "Peak Memory Usage": 6016, "Plans": [{"Node Type": "Hash Join", "Parent Relationship": "Outer", "Parallel Aware": true, "Join Type": "Inner", "Startup Cost": 45674.65, "Total Cost": 60869.21, "Plan Rows": 12923, "Plan Width": 120, "Actual Startup Time": 216.237, "Actual Total Time": 376.602, "Actual Rows": 9845, "Actual Loops": 4, "Inner Unique": true, "Hash Cond": "(mi_idx.movie_id = t.id)", "Plans": [{"Node Type": "Seq Scan", "Parent Relationship": "Outer", "Parallel Aware": true, "Relation Name": "movie_info_idx", "Alias": "mi_idx", "Startup Cost": 0.0, "Total Cost": 13685.15, "Plan Rows": 575015, "Plan Width": 25, "Actual Startup Time": 0.058, "Actual Total Time": 65.099, "Actual Rows": 345009, "Actual Loops": 4}, {"Node Type": "Hash", "Parent Relationship": "Inner", "Parallel Aware": true, "Startup Cost": 45497.09, "Total Cost": 45497.09, "Plan Rows": 14205, "Plan Width": 95, "Actual Startup Time": 215.964, "Actual Total Time": 215.965, "Actual Rows": 12269, "Actual Loops": 4, "Hash Buckets": 65536, "Original Hash Buckets": 65536, "Hash Batches": 1, "Original Hash Batches": 1, "Peak Memory Usage": 6112, "Plans": [{"Node Type": "Seq Scan", "Parent Relationship": "Outer", "Parallel Aware": true, "Relation Name": "title", "Alias": "t", "Startup Cost": 0.0, "Total Cost": 45497.09, "Plan Rows": 14205, "Plan Width": 95, "Actual Startup Time": 0.211, "Actual Total Time": 207.972, "Actual Rows": 12269, "Actual Loops": 4, "Filter": "((kind_id < 7) AND (production_year = 2010))", "Rows Removed by Filter": 619809}]}]}]}]}]}, "Planning Time": 1.759, "Triggers": [], "Execution Time": 773.718}