{"Plan": {"Node Type": "Gather", "Parallel Aware": false, "Startup Cost": 1000.0, "Total Cost": 349645.96, "Plan Rows": 59966, "Plan Width": 56, "Actual Startup Time": 1183.007, "Actual Total Time": 1187.964, "Actual Rows": 127, "Actual Loops": 1, "Workers Planned": 6, "Workers Launched": 6, "Single Copy": false, "Plans": [{"Node Type": "Seq Scan", "Parent Relationship": "Outer", "Parallel Aware": true, "Relation Name": "cast_info", "Alias": "ci", "Startup Cost": 0.0, "Total Cost": 342649.36, "Plan Rows": 9994, "Plan Width": 56, "Actual Startup Time": 999.267, "Actual Total Time": 1177.069, "Actual Rows": 18, "Actual Loops": 7, "Filter": "((role_id > 2) AND (person_id = 983649))", "Rows Removed by Filter": 5177745}]}, "Planning Time": 0.679, "Triggers": [], "Execution Time": 1188.074}