{"Plan": {"Node Type": "Gather", "Parallel Aware": false, "Startup Cost": 88269.47, "Total Cost": 637132.59, "Plan Rows": 2678314, "Plan Width": 193, "Actual Startup Time": 2352.057, "Actual Total Time": 5710.458, "Actual Rows": 6930334, "Actual Loops": 1, "Workers Planned": 5, "Workers Launched": 5, "Single Copy": false, "Plans": [{"Node Type": "Hash Join", "Parent Relationship": "Outer", "Parallel Aware": true, "Join Type": "Inner", "Startup Cost": 87269.47, "Total Cost": 368301.19, "Plan Rows": 535663, "Plan Width": 193, "Actual Startup Time": 2355.071, "Actual Total Time": 3927.927, "Actual Rows": 1155056, "Actual Loops": 6, "Inner Unique": false, "Hash Cond": "(mi.movie_id = t.id)", "Plans": [{"Node Type": "Seq Scan", "Parent Relationship": "Outer", "Parallel Aware": true, "Relation Name": "movie_info", "Alias": "mi", "Startup Cost": 0.0, "Total Cost": 191549.05, "Plan Rows": 2955605, "Plan Width": 73, "Actual Startup Time": 0.057, "Actual Total Time": 708.08, "Actual Rows": 2472620, "Actual Loops": 6}, {"Node Type": "Hash", "Parent Relationship": "Inner", "Parallel Aware": true, "Startup Cost": 83823.54, "Total Cost": 83823.54, "Plan Rows": 114554, "Plan Width": 120, "Actual Startup Time": 682.287, "Actual Total Time": 682.311, "Actual Rows": 76654, "Actual Loops": 6, "Hash Buckets": 32768, "Original Hash Buckets": 32768, "Hash Batches": 32, "Original Hash Batches": 32, "Peak Memory Usage": 2208, "Plans": [{"Node Type": "Hash Join", "Parent Relationship": "Outer", "Parallel Aware": true, "Join Type": "Inner", "Startup Cost": 18815.23, "Total Cost": 83823.54, "Plan Rows": 114554, "Plan Width": 120, "Actual Startup Time": 407.246, "Actual Total Time": 619.427, "Actual Rows": 76654, "Actual Loops": 6, "Inner Unique": false, "Hash Cond": "(t.id = mi_idx.movie_id)", "Plans": [{"Node Type": "Seq Scan", "Parent Relationship": "Outer", "Parallel Aware": true, "Relation Name": "title", "Alias": "t", "Startup Cost": 0.0, "Total Cost": 42336.73, "Plan Rows": 632073, "Plan Width": 95, "Actual Startup Time": 0.044, "Actual Total Time": 118.659, "Actual Rows": 421385, "Actual Loops": 6}, {"Node Type": "Hash", "Parent Relationship": "Inner", "Parallel Aware": true, "Startup Cost": 15122.68, "Total Cost": 15122.68, "Plan Rows": 190924, "Plan Width": 25, "Actual Startup Time": 79.405, "Actual Total Time": 79.411, "Actual Rows": 76654, "Actual Loops": 6, "Hash Buckets": 65536, "Original Hash Buckets": 65536, "Hash Batches": 16, "Original Hash Batches": 16, "Peak Memory Usage": 1984, "Plans": [{"Node Type": "Seq Scan", "Parent Relationship": "Outer", "Parallel Aware": true, "Relation Name": "movie_info_idx", "Alias": "mi_idx", "Startup Cost": 0.0, "Total Cost": 15122.68, "Plan Rows": 190924, "Plan Width": 25, "Actual Startup Time": 0.059, "Actual Total Time": 57.544, "Actual Rows": 76654, "Actual Loops": 6, "Filter": "(info_type_id = 101)", "Rows Removed by Filter": 153352}]}]}]}]}]}, "Planning Time": 1.853, "Triggers": [], "Execution Time": 6115.521}