{"Plan": {"Node Type": "Gather", "Parallel Aware": false, "Startup Cost": 1000.0, "Total Cost": 349645.96, "Plan Rows": 59966, "Plan Width": 56, "Actual Startup Time": 1017.293, "Actual Total Time": 1206.305, "Actual Rows": 387833, "Actual Loops": 1, "Workers Planned": 6, "Workers Launched": 6, "Single Copy": false, "Plans": [{"Node Type": "Seq Scan", "Parent Relationship": "Outer", "Parallel Aware": true, "Relation Name": "cast_info", "Alias": "ci", "Startup Cost": 0.0, "Total Cost": 342649.36, "Plan Rows": 9994, "Plan Width": 56, "Actual Startup Time": 1011.397, "Actual Total Time": 1175.743, "Actual Rows": 55405, "Actual Loops": 7, "Filter": "((person_id < 975780) AND (role_id = 10))", "Rows Removed by Filter": 5122359}]}, "Planning Time": 0.692, "Triggers": [], "Execution Time": 1228.251}