{"Plan": {"Node Type": "Gather", "Parallel Aware": false, "Startup Cost": 1000.43, "Total Cost": 344883.26, "Plan Rows": 14, "Plan Width": 151, "Actual Startup Time": 1161.569, "Actual Total Time": 1167.625, "Actual Rows": 8, "Actual Loops": 1, "Workers Planned": 6, "Workers Launched": 6, "Single Copy": false, "Plans": [{"Node Type": "Nested Loop", "Parent Relationship": "Outer", "Parallel Aware": false, "Join Type": "Inner", "Startup Cost": 0.43, "Total Cost": 343881.86, "Plan Rows": 2, "Plan Width": 151, "Actual Startup Time": 1016.896, "Actual Total Time": 1154.941, "Actual Rows": 1, "Actual Loops": 7, "Inner Unique": true, "Plans": [{"Node Type": "Seq Scan", "Parent Relationship": "Outer", "Parallel Aware": true, "Relation Name": "cast_info", "Alias": "ci", "Startup Cost": 0.0, "Total Cost": 342649.36, "Plan Rows": 150, "Plan Width": 56, "Actual Startup Time": 602.695, "Actual Total Time": 1153.323, "Actual Rows": 80, "Actual Loops": 7, "Filter": "((person_id = 802024) AND (role_id = 1))", "Rows Removed by Filter": 5177684}, {"Node Type": "Index Scan", "Parent Relationship": "Inner", "Parallel Aware": false, "Scan Direction": "Forward", "Index Name": "title_pkey", "Relation Name": "title", "Alias": "t", "Startup Cost": 0.43, "Total Cost": 8.22, "Plan Rows": 1, "Plan Width": 95, "Actual Startup Time": 0.02, "Actual Total Time": 0.02, "Actual Rows": 0, "Actual Loops": 558, "Index Cond": "(id = ci.movie_id)", "Rows Removed by Index Recheck": 0, "Filter": "((production_year > 2012) AND (kind_id = 7))", "Rows Removed by Filter": 1}]}]}, "Planning Time": 1.355, "Triggers": [], "Execution Time": 1167.905}