{"Plan": {"Node Type": "Gather", "Parallel Aware": false, "Startup Cost": 182188.77, "Total Cost": 774475.01, "Plan Rows": 2251890, "Plan Width": 216, "Actual Startup Time": 3926.353, "Actual Total Time": 11339.601, "Actual Rows": 21509570, "Actual Loops": 1, "Workers Planned": 6, "Workers Launched": 6, "Single Copy": false, "Plans": [{"Node Type": "Hash Join", "Parent Relationship": "Outer", "Parallel Aware": true, "Join Type": "Inner", "Startup Cost": 181188.77, "Total Cost": 548286.01, "Plan Rows": 375315, "Plan Width": 216, "Actual Startup Time": 3917.745, "Actual Total Time": 6963.54, "Actual Rows": 3072796, "Actual Loops": 7, "Inner Unique": false, "Hash Cond": "(ci.movie_id = t.id)", "Plans": [{"Node Type": "Seq Scan", "Parent Relationship": "Outer", "Parallel Aware": true, "Relation Name": "cast_info", "Alias": "ci", "Startup Cost": 0.0, "Total Cost": 342649.36, "Plan Rows": 666292, "Plan Width": 56, "Actual Startup Time": 266.29, "Actual Total Time": 1296.438, "Actual Rows": 604621, "Actual Loops": 7, "Filter": "((person_id > 1148661) AND (role_id < 2))", "Rows Removed by Filter": 4573143}, {"Node Type": "Hash", "Parent Relationship": "Inner", "Parallel Aware": true, "Startup Cost": 168741.27, "Total Cost": 168741.27, "Plan Rows": 356040, "Plan Width": 160, "Actual Startup Time": 2314.981, "Actual Total Time": 2315.109, "Actual Rows": 581868, "Actual Loops": 7, "Hash Buckets": 32768, "Original Hash Buckets": 32768, "Hash Batches": 256, "Original Hash Batches": 128, "Peak Memory Usage": 3200, "Plans": [{"Node Type": "Hash Join", "Parent Relationship": "Outer", "Parallel Aware": true, "Join Type": "Inner", "Startup Cost": 109107.89, "Total Cost": 168741.27, "Plan Rows": 356040, "Plan Width": 160, "Actual Startup Time": 1242.247, "Actual Total Time": 1809.482, "Actual Rows": 581868, "Actual Loops": 7, "Inner Unique": false, "Hash Cond": "(mc.movie_id = t.id)", "Plans": [{"Node Type": "Seq Scan", "Parent Relationship": "Outer", "Parallel Aware": true, "Relation Name": "movie_companies", "Alias": "mc", "Startup Cost": 0.0, "Total Cost": 35403.82, "Plan Rows": 652282, "Plan Width": 40, "Actual Startup Time": 0.054, "Actual Total Time": 102.886, "Actual Rows": 372733, "Actual Loops": 7}, {"Node Type": "Hash", "Parent Relationship": "Inner", "Parallel Aware": true, "Startup Cost": 91812.2, "Total Cost": 91812.2, "Plan Rows": 575015, "Plan Width": 120, "Actual Startup Time": 991.512, "Actual Total Time": 991.568, "Actual Rows": 197148, "Actual Loops": 7, "Hash Buckets": 32768, "Original Hash Buckets": 32768, "Hash Batches": 64, "Original Hash Batches": 64, "Peak Memory Usage": 3296, "Plans": [{"Node Type": "Hash Join", "Parent Relationship": "Outer", "Parallel Aware": true, "Join Type": "Inner", "Startup Cost": 59496.64, "Total Cost": 91812.2, "Plan Rows": 575015, "Plan Width": 120, "Actual Startup Time": 532.222, "Actual Total Time": 849.601, "Actual Rows": 197148, "Actual Loops": 7, "Inner Unique": true, "Hash Cond": "(mi_idx.movie_id = t.id)", "Plans": [{"Node Type": "Seq Scan", "Parent Relationship": "Outer", "Parallel Aware": true, "Relation Name": "movie_info_idx", "Alias": "mi_idx", "Startup Cost": 0.0, "Total Cost": 13685.15, "Plan Rows": 575015, "Plan Width": 25, "Actual Startup Time": 0.063, "Actual Total Time": 50.562, "Actual Rows": 197148, "Actual Loops": 7}, {"Node Type": "Hash", "Parent Relationship": "Inner", "Parallel Aware": true, "Startup Cost": 42336.73, "Total Cost": 42336.73, "Plan Rows": 632073, "Plan Width": 95, "Actual Startup Time": 345.907, "Actual Total Time": 345.91, "Actual Rows": 361187, "Actual Loops": 7, "Hash Buckets": 32768, "Original Hash Buckets": 32768, "Hash Batches": 128, "Original Hash Batches": 128, "Peak Memory Usage": 2688, "Plans": [{"Node Type": "Seq Scan", "Parent Relationship": "Outer", "Parallel Aware": true, "Relation Name": "title", "Alias": "t", "Startup Cost": 0.0, "Total Cost": 42336.73, "Plan Rows": 632073, "Plan Width": 95, "Actual Startup Time": 0.043, "Actual Total Time": 106.865, "Actual Rows": 361187, "Actual Loops": 7}]}]}]}]}]}]}]}, "Planning Time": 2.226, "Triggers": [], "Execution Time": 12585.052}