{"Plan": {"Node Type": "Gather", "Parallel Aware": false, "Startup Cost": 1000.0, "Total Cost": 346647.7, "Plan Rows": 179899, "Plan Width": 56, "Actual Startup Time": 624.614, "Actual Total Time": 947.823, "Actual Rows": 13, "Actual Loops": 1, "Workers Planned": 6, "Workers Launched": 6, "Single Copy": false, "Plans": [{"Node Type": "Seq Scan", "Parent Relationship": "Outer", "Parallel Aware": true, "Relation Name": "cast_info", "Alias": "ci", "Startup Cost": 0.0, "Total Cost": 327657.8, "Plan Rows": 29983, "Plan Width": 56, "Actual Startup Time": 837.32, "Actual Total Time": 936.111, "Actual Rows": 2, "Actual Loops": 7, "Filter": "(person_id = 3049090)", "Rows Removed by Filter": 5177762}]}, "Planning Time": 0.667, "Triggers": [], "Execution Time": 947.942}