{"Plan": {"Node Type": "Gather", "Parallel Aware": false, "Startup Cost": 1000.0, "Total Cost": 43720.45, "Plan Rows": 248, "Plan Width": 12, "Actual Startup Time": 4.855, "Actual Total Time": 212.471, "Actual Rows": 243, "Actual Loops": 1, "Workers Planned": 3, "Workers Launched": 3, "Single Copy": false, "Plans": [{"Node Type": "Seq Scan", "Parent Relationship": "Outer", "Parallel Aware": true, "Relation Name": "movie_keyword", "Alias": "mk", "Startup Cost": 0.0, "Total Cost": 42695.65, "Plan Rows": 80, "Plan Width": 12, "Actual Startup Time": 2.455, "Actual Total Time": 205.123, "Actual Rows": 61, "Actual Loops": 4, "Filter": "(keyword_id = 5703)", "Rows Removed by Filter": 1130922}]}, "Planning Time": 0.673, "Triggers": [], "Execution Time": 212.6}