{"Plan": {"Node Type": "Gather", "Parallel Aware": false, "Startup Cost": 1000.43, "Total Cost": 44392.38, "Plan Rows": 248, "Plan Width": 107, "Actual Startup Time": 4.428, "Actual Total Time": 224.842, "Actual Rows": 1365, "Actual Loops": 1, "Workers Planned": 3, "Workers Launched": 3, "Single Copy": false, "Plans": [{"Node Type": "Nested Loop", "Parent Relationship": "Outer", "Parallel Aware": false, "Join Type": "Inner", "Startup Cost": 0.43, "Total Cost": 43367.58, "Plan Rows": 80, "Plan Width": 107, "Actual Startup Time": 1.502, "Actual Total Time": 215.911, "Actual Rows": 341, "Actual Loops": 4, "Inner Unique": true, "Plans": [{"Node Type": "Seq Scan", "Parent Relationship": "Outer", "Parallel Aware": true, "Relation Name": "movie_keyword", "Alias": "mk", "Startup Cost": 0.0, "Total Cost": 42695.65, "Plan Rows": 80, "Plan Width": 12, "Actual Startup Time": 1.423, "Actual Total Time": 205.533, "Actual Rows": 341, "Actual Loops": 4, "Filter": "(keyword_id = 4618)", "Rows Removed by Filter": 1130641}, {"Node Type": "Index Scan", "Parent Relationship": "Inner", "Parallel Aware": false, "Scan Direction": "Forward", "Index Name": "title_pkey", "Relation Name": "title", "Alias": "t", "Startup Cost": 0.43, "Total Cost": 8.4, "Plan Rows": 1, "Plan Width": 95, "Actual Startup Time": 0.028, "Actual Total Time": 0.028, "Actual Rows": 1, "Actual Loops": 1365, "Index Cond": "(id = mk.movie_id)", "Rows Removed by Index Recheck": 0}]}]}, "Planning Time": 1.434, "Triggers": [], "Execution Time": 225.117}