{"Plan": {"Node Type": "Gather", "Parallel Aware": false, "Startup Cost": 57574.88, "Total Cost": 441930.18, "Plan Rows": 1659779, "Plan Width": 168, "Actual Startup Time": 1231.478, "Actual Total Time": 1998.704, "Actual Rows": 687938, "Actual Loops": 1, "Workers Planned": 5, "Workers Launched": 5, "Single Copy": false, "Plans": [{"Node Type": "Hash Join", "Parent Relationship": "Outer", "Parallel Aware": true, "Join Type": "Inner", "Startup Cost": 56574.88, "Total Cost": 274952.28, "Plan Rows": 331956, "Plan Width": 168, "Actual Startup Time": 1222.834, "Actual Total Time": 1573.007, "Actual Rows": 114656, "Actual Loops": 6, "Inner Unique": true, "Hash Cond": "(mi.movie_id = t.id)", "Plans": [{"Node Type": "Seq Scan", "Parent Relationship": "Outer", "Parallel Aware": true, "Relation Name": "movie_info", "Alias": "mi", "Startup Cost": 0.0, "Total Cost": 198938.07, "Plan Rows": 450028, "Plan Width": 73, "Actual Startup Time": 0.054, "Actual Total Time": 634.574, "Actual Rows": 372308, "Actual Loops": 6, "Filter": "(info_type_id > 16)", "Rows Removed by Filter": 2100312}, {"Node Type": "Hash", "Parent Relationship": "Inner", "Parallel Aware": true, "Startup Cost": 43916.91, "Total Cost": 43916.91, "Plan Rows": 466238, "Plan Width": 95, "Actual Startup Time": 332.89, "Actual Total Time": 332.894, "Actual Rows": 310914, "Actual Loops": 6, "Hash Buckets": 32768, "Original Hash Buckets": 32768, "Hash Batches": 64, "Original Hash Batches": 64, "Peak Memory Usage": 3872, "Plans": [{"Node Type": "Seq Scan", "Parent Relationship": "Outer", "Parallel Aware": true, "Relation Name": "title", "Alias": "t", "Startup Cost": 0.0, "Total Cost": 43916.91, "Plan Rows": 466238, "Plan Width": 95, "Actual Startup Time": 0.042, "Actual Total Time": 176.366, "Actual Rows": 310914, "Actual Loops": 6, "Filter": "(kind_id > 1)", "Rows Removed by Filter": 110471}]}]}]}, "Planning Time": 1.508, "Triggers": [], "Execution Time": 2039.997}