{"Plan": {"Node Type": "Gather", "Parallel Aware": false, "Startup Cost": 45183.7, "Total Cost": 91109.96, "Plan Rows": 88102, "Plan Width": 135, "Actual Startup Time": 181.387, "Actual Total Time": 478.371, "Actual Rows": 75723, "Actual Loops": 1, "Workers Planned": 4, "Workers Launched": 4, "Single Copy": false, "Plans": [{"Node Type": "Hash Join", "Parent Relationship": "Outer", "Parallel Aware": true, "Join Type": "Inner", "Startup Cost": 44183.7, "Total Cost": 81299.76, "Plan Rows": 22026, "Plan Width": 135, "Actual Startup Time": 175.757, "Actual Total Time": 454.601, "Actual Rows": 15145, "Actual Loops": 5, "Inner Unique": true, "Hash Cond": "(mc.movie_id = t.id)", "Plans": [{"Node Type": "Seq Scan", "Parent Relationship": "Outer", "Parallel Aware": true, "Relation Name": "movie_companies", "Alias": "mc", "Startup Cost": 0.0, "Total Cost": 35403.82, "Plan Rows": 652282, "Plan Width": 40, "Actual Startup Time": 0.049, "Actual Total Time": 106.154, "Actual Rows": 521826, "Actual Loops": 5}, {"Node Type": "Hash", "Parent Relationship": "Inner", "Parallel Aware": true, "Startup Cost": 43916.91, "Total Cost": 43916.91, "Plan Rows": 21343, "Plan Width": 95, "Actual Startup Time": 174.86, "Actual Total Time": 174.862, "Actual Rows": 16919, "Actual Loops": 5, "Hash Buckets": 131072, "Original Hash Buckets": 131072, "Hash Batches": 1, "Original Hash Batches": 1, "Peak Memory Usage": 10944, "Plans": [{"Node Type": "Seq Scan", "Parent Relationship": "Outer", "Parallel Aware": true, "Relation Name": "title", "Alias": "t", "Startup Cost": 0.0, "Total Cost": 43916.91, "Plan Rows": 21343, "Plan Width": 95, "Actual Startup Time": 0.051, "Actual Total Time": 164.41, "Actual Rows": 16919, "Actual Loops": 5, "Filter": "(production_year = 2004)", "Rows Removed by Filter": 488744}]}]}]}, "Planning Time": 1.414, "Triggers": [], "Execution Time": 483.029}