{"Plan": {"Node Type": "Gather", "Parallel Aware": false, "Startup Cost": 19815.23, "Total Cost": 95777.81, "Plan Rows": 198857, "Plan Width": 120, "Actual Startup Time": 393.534, "Actual Total Time": 604.064, "Actual Rows": 109567, "Actual Loops": 1, "Workers Planned": 4, "Workers Launched": 4, "Single Copy": false, "Plans": [{"Node Type": "Hash Join", "Parent Relationship": "Outer", "Parallel Aware": true, "Join Type": "Inner", "Startup Cost": 18815.23, "Total Cost": 74892.11, "Plan Rows": 49714, "Plan Width": 120, "Actual Startup Time": 395.874, "Actual Total Time": 506.364, "Actual Rows": 21913, "Actual Loops": 5, "Inner Unique": false, "Hash Cond": "(t.id = mi_idx.movie_id)", "Plans": [{"Node Type": "Seq Scan", "Parent Relationship": "Outer", "Parallel Aware": true, "Relation Name": "title", "Alias": "t", "Startup Cost": 0.0, "Total Cost": 45497.09, "Plan Rows": 274306, "Plan Width": 95, "Actual Startup Time": 0.09, "Actual Total Time": 205.194, "Actual Rows": 208844, "Actual Loops": 5, "Filter": "((production_year < 2009) AND (kind_id = 7))", "Rows Removed by Filter": 296818}, {"Node Type": "Hash", "Parent Relationship": "Inner", "Parallel Aware": true, "Startup Cost": 15122.68, "Total Cost": 15122.68, "Plan Rows": 190924, "Plan Width": 25, "Actual Startup Time": 95.105, "Actual Total Time": 95.106, "Actual Rows": 91985, "Actual Loops": 5, "Hash Buckets": 65536, "Original Hash Buckets": 65536, "Hash Batches": 16, "Original Hash Batches": 16, "Peak Memory Usage": 1952, "Plans": [{"Node Type": "Seq Scan", "Parent Relationship": "Outer", "Parallel Aware": true, "Relation Name": "movie_info_idx", "Alias": "mi_idx", "Startup Cost": 0.0, "Total Cost": 15122.68, "Plan Rows": 190924, "Plan Width": 25, "Actual Startup Time": 0.059, "Actual Total Time": 69.325, "Actual Rows": 91985, "Actual Loops": 5, "Filter": "(info_type_id = 101)", "Rows Removed by Filter": 184022}]}]}]}, "Planning Time": 1.419, "Triggers": [], "Execution Time": 610.85}