{"Plan": {"Node Type": "Gather", "Parallel Aware": false, "Startup Cost": 121602.52, "Total Cost": 337642.26, "Plan Rows": 146949, "Plan Width": 233, "Actual Startup Time": 1670.781, "Actual Total Time": 2922.656, "Actual Rows": 3363280, "Actual Loops": 1, "Workers Planned": 5, "Workers Launched": 5, "Single Copy": false, "Plans": [{"Node Type": "Hash Join", "Parent Relationship": "Outer", "Parallel Aware": true, "Join Type": "Inner", "Startup Cost": 120602.52, "Total Cost": 321947.36, "Plan Rows": 29390, "Plan Width": 233, "Actual Startup Time": 1662.765, "Actual Total Time": 2141.067, "Actual Rows": 560547, "Actual Loops": 6, "Inner Unique": false, "Hash Cond": "(mi.movie_id = t.id)", "Plans": [{"Node Type": "Seq Scan", "Parent Relationship": "Outer", "Parallel Aware": true, "Relation Name": "movie_info", "Alias": "mi", "Startup Cost": 0.0, "Total Cost": 198938.07, "Plan Rows": 609150, "Plan Width": 73, "Actual Startup Time": 271.119, "Actual Total Time": 636.459, "Actual Rows": 506120, "Actual Loops": 6, "Filter": "(info_type_id = 16)", "Rows Removed by Filter": 1966500}, {"Node Type": "Hash", "Parent Relationship": "Inner", "Parallel Aware": true, "Startup Cost": 119967.19, "Total Cost": 119967.19, "Plan Rows": 50826, "Plan Width": 160, "Actual Startup Time": 862.199, "Actual Total Time": 862.339, "Actual Rows": 43440, "Actual Loops": 6, "Hash Buckets": 32768, "Original Hash Buckets": 131072, "Hash Batches": 16, "Original Hash Batches": 1, "Peak Memory Usage": 3392, "Plans": [{"Node Type": "Hash Join", "Parent Relationship": "Outer", "Parallel Aware": true, "Join Type": "Inner", "Startup Cost": 96391.32, "Total Cost": 119967.19, "Plan Rows": 50826, "Plan Width": 160, "Actual Startup Time": 712.902, "Actual Total Time": 796.819, "Actual Rows": 43440, "Actual Loops": 6, "Inner Unique": false, "Hash Cond": "(mi_idx.movie_id = t.id)", "Plans": [{"Node Type": "Seq Scan", "Parent Relationship": "Outer", "Parallel Aware": true, "Relation Name": "movie_info_idx", "Alias": "mi_idx", "Startup Cost": 0.0, "Total Cost": 15122.68, "Plan Rows": 384033, "Plan Width": 25, "Actual Startup Time": 0.233, "Actual Total Time": 67.481, "Actual Rows": 153308, "Actual Loops": 6, "Filter": "(info_type_id < 101)", "Rows Removed by Filter": 76698}, {"Node Type": "Hash", "Parent Relationship": "Inner", "Parallel Aware": true, "Startup Cost": 93711.64, "Total Cost": 93711.64, "Plan Rows": 83654, "Plan Width": 135, "Actual Startup Time": 595.74, "Actual Total Time": 595.865, "Actual Rows": 37579, "Actual Loops": 6, "Hash Buckets": 32768, "Original Hash Buckets": 32768, "Hash Batches": 16, "Original Hash Batches": 16, "Peak Memory Usage": 2624, "Plans": [{"Node Type": "Hash Join", "Parent Relationship": "Outer", "Parallel Aware": true, "Join Type": "Inner", "Startup Cost": 48449.71, "Total Cost": 93711.64, "Plan Rows": 83654, "Plan Width": 135, "Actual Startup Time": 430.267, "Actual Total Time": 560.059, "Actual Rows": 37579, "Actual Loops": 6, "Inner Unique": true, "Hash Cond": "(mc.movie_id = t.id)", "Plans": [{"Node Type": "Seq Scan", "Parent Relationship": "Outer", "Parallel Aware": true, "Relation Name": "movie_companies", "Alias": "mc", "Startup Cost": 0.0, "Total Cost": 37034.53, "Plan Rows": 316726, "Plan Width": 40, "Actual Startup Time": 0.06, "Actual Total Time": 131.199, "Actual Rows": 212374, "Actual Loops": 6, "Filter": "(company_type_id = 1)", "Rows Removed by Filter": 222480}, {"Node Type": "Hash", "Parent Relationship": "Inner", "Parallel Aware": true, "Startup Cost": 43916.91, "Total Cost": 43916.91, "Plan Rows": 166944, "Plan Width": 95, "Actual Startup Time": 214.023, "Actual Total Time": 214.026, "Actual Rows": 110344, "Actual Loops": 6, "Hash Buckets": 32768, "Original Hash Buckets": 32768, "Hash Batches": 32, "Original Hash Batches": 32, "Peak Memory Usage": 2816, "Plans": [{"Node Type": "Seq Scan", "Parent Relationship": "Outer", "Parallel Aware": true, "Relation Name": "title", "Alias": "t", "Startup Cost": 0.0, "Total Cost": 43916.91, "Plan Rows": 166944, "Plan Width": 95, "Actual Startup Time": 0.055, "Actual Total Time": 159.108, "Actual Rows": 110344, "Actual Loops": 6, "Filter": "(production_year > 2008)", "Rows Removed by Filter": 311041}]}]}]}]}]}]}]}, "Planning Time": 2.459, "Triggers": [], "Execution Time": 3123.686}