{"Plan": {"Node Type": "Gather", "Parallel Aware": false, "Startup Cost": 1000.43, "Total Cost": 39780.35, "Plan Rows": 53, "Plan Width": 135, "Actual Startup Time": 32.35, "Actual Total Time": 135.762, "Actual Rows": 1208, "Actual Loops": 1, "Workers Planned": 4, "Workers Launched": 4, "Single Copy": false, "Plans": [{"Node Type": "Nested Loop", "Parent Relationship": "Outer", "Parallel Aware": false, "Join Type": "Inner", "Startup Cost": 0.43, "Total Cost": 38775.05, "Plan Rows": 13, "Plan Width": 135, "Actual Startup Time": 26.611, "Actual Total Time": 126.254, "Actual Rows": 242, "Actual Loops": 5, "Inner Unique": true, "Plans": [{"Node Type": "Seq Scan", "Parent Relationship": "Outer", "Parallel Aware": true, "Relation Name": "movie_companies", "Alias": "mc", "Startup Cost": 0.0, "Total Cost": 38665.23, "Plan Rows": 13, "Plan Width": 40, "Actual Startup Time": 26.483, "Actual Total Time": 120.488, "Actual Rows": 242, "Actual Loops": 5, "Filter": "((company_type_id > 1) AND (company_id = 14328))", "Rows Removed by Filter": 521584}, {"Node Type": "Index Scan", "Parent Relationship": "Inner", "Parallel Aware": false, "Scan Direction": "Forward", "Index Name": "title_pkey", "Relation Name": "title", "Alias": "t", "Startup Cost": 0.43, "Total Cost": 8.45, "Plan Rows": 1, "Plan Width": 95, "Actual Startup Time": 0.022, "Actual Total Time": 0.022, "Actual Rows": 1, "Actual Loops": 1208, "Index Cond": "(id = mc.movie_id)", "Rows Removed by Index Recheck": 0}]}]}, "Planning Time": 1.437, "Triggers": [], "Execution Time": 136.019}