{"Plan": {"Node Type": "Gather", "Parallel Aware": false, "Startup Cost": 60496.64, "Total Cost": 422413.52, "Plan Rows": 1455636, "Plan Width": 168, "Actual Startup Time": 1152.552, "Actual Total Time": 2110.987, "Actual Rows": 1401902, "Actual Loops": 1, "Workers Planned": 5, "Workers Launched": 5, "Single Copy": false, "Plans": [{"Node Type": "Hash Join", "Parent Relationship": "Outer", "Parallel Aware": true, "Join Type": "Inner", "Startup Cost": 59496.64, "Total Cost": 275849.92, "Plan Rows": 291127, "Plan Width": 168, "Actual Startup Time": 1144.26, "Actual Total Time": 1517.698, "Actual Rows": 233650, "Actual Loops": 6, "Inner Unique": true, "Hash Cond": "(mi.movie_id = t.id)", "Plans": [{"Node Type": "Seq Scan", "Parent Relationship": "Outer", "Parallel Aware": true, "Relation Name": "movie_info", "Alias": "mi", "Startup Cost": 0.0, "Total Cost": 198938.07, "Plan Rows": 291127, "Plan Width": 73, "Actual Startup Time": 226.4, "Actual Total Time": 603.475, "Actual Rows": 233650, "Actual Loops": 6, "Filter": "(info_type_id = 7)", "Rows Removed by Filter": 2238970}, {"Node Type": "Hash", "Parent Relationship": "Inner", "Parallel Aware": true, "Startup Cost": 42336.73, "Total Cost": 42336.73, "Plan Rows": 632073, "Plan Width": 95, "Actual Startup Time": 409.831, "Actual Total Time": 409.834, "Actual Rows": 421385, "Actual Loops": 6, "Hash Buckets": 32768, "Original Hash Buckets": 32768, "Hash Batches": 128, "Original Hash Batches": 128, "Peak Memory Usage": 2624, "Plans": [{"Node Type": "Seq Scan", "Parent Relationship": "Outer", "Parallel Aware": true, "Relation Name": "title", "Alias": "t", "Startup Cost": 0.0, "Total Cost": 42336.73, "Plan Rows": 632073, "Plan Width": 95, "Actual Startup Time": 0.037, "Actual Total Time": 121.551, "Actual Rows": 421385, "Actual Loops": 6}]}]}]}, "Planning Time": 1.45, "Triggers": [], "Execution Time": 2194.52}