{"Plan": {"Node Type": "Gather", "Parallel Aware": false, "Startup Cost": 60206.52, "Total Cost": 98061.05, "Plan Rows": 46, "Plan Width": 172, "Actual Startup Time": 261.276, "Actual Total Time": 473.132, "Actual Rows": 4898, "Actual Loops": 1, "Workers Planned": 4, "Workers Launched": 4, "Single Copy": false, "Plans": [{"Node Type": "Hash Join", "Parent Relationship": "Outer", "Parallel Aware": true, "Join Type": "Inner", "Startup Cost": 59206.52, "Total Cost": 97056.45, "Plan Rows": 12, "Plan Width": 172, "Actual Startup Time": 253.741, "Actual Total Time": 462.089, "Actual Rows": 980, "Actual Loops": 5, "Inner Unique": false, "Hash Cond": "(mc.movie_id = t.id)", "Plans": [{"Node Type": "Seq Scan", "Parent Relationship": "Outer", "Parallel Aware": true, "Relation Name": "movie_companies", "Alias": "mc", "Startup Cost": 0.0, "Total Cost": 35403.82, "Plan Rows": 652282, "Plan Width": 40, "Actual Startup Time": 0.045, "Actual Total Time": 102.874, "Actual Rows": 521826, "Actual Loops": 5}, {"Node Type": "Hash", "Parent Relationship": "Inner", "Parallel Aware": true, "Startup Cost": 59206.28, "Total Cost": 59206.28, "Plan Rows": 19, "Plan Width": 132, "Actual Startup Time": 251.953, "Actual Total Time": 251.957, "Actual Rows": 128, "Actual Loops": 5, "Hash Buckets": 1024, "Original Hash Buckets": 1024, "Hash Batches": 1, "Original Hash Batches": 1, "Peak Memory Usage": 168, "Plans": [{"Node Type": "Hash Join", "Parent Relationship": "Outer", "Parallel Aware": true, "Join Type": "Inner", "Startup Cost": 43368.58, "Total Cost": 59206.28, "Plan Rows": 19, "Plan Width": 132, "Actual Startup Time": 172.449, "Actual Total Time": 251.613, "Actual Rows": 128, "Actual Loops": 5, "Inner Unique": false, "Hash Cond": "(mi_idx.movie_id = t.id)", "Plans": [{"Node Type": "Seq Scan", "Parent Relationship": "Outer", "Parallel Aware": true, "Relation Name": "movie_info_idx", "Alias": "mi_idx", "Startup Cost": 0.0, "Total Cost": 15122.68, "Plan Rows": 190656, "Plan Width": 25, "Actual Startup Time": 0.048, "Actual Total Time": 63.134, "Actual Rows": 91985, "Actual Loops": 5, "Filter": "(info_type_id = 99)", "Rows Removed by Filter": 184022}, {"Node Type": "Hash", "Parent Relationship": "Inner", "Parallel Aware": true, "Startup Cost": 43367.58, "Total Cost": 43367.58, "Plan Rows": 80, "Plan Width": 107, "Actual Startup Time": 171.993, "Actual Total Time": 171.995, "Actual Rows": 183, "Actual Loops": 5, "Hash Buckets": 1024, "Original Hash Buckets": 1024, "Hash Batches": 1, "Original Hash Batches": 1, "Peak Memory Usage": 168, "Plans": [{"Node Type": "Nested Loop", "Parent Relationship": "Outer", "Parallel Aware": false, "Join Type": "Inner", "Startup Cost": 0.43, "Total Cost": 43367.58, "Plan Rows": 80, "Plan Width": 107, "Actual Startup Time": 0.672, "Actual Total Time": 171.544, "Actual Rows": 183, "Actual Loops": 5, "Inner Unique": true, "Plans": [{"Node Type": "Seq Scan", "Parent Relationship": "Outer", "Parallel Aware": true, "Relation Name": "movie_keyword", "Alias": "mk", "Startup Cost": 0.0, "Total Cost": 42695.65, "Plan Rows": 80, "Plan Width": 12, "Actual Startup Time": 0.592, "Actual Total Time": 165.285, "Actual Rows": 183, "Actual Loops": 5, "Filter": "(keyword_id = 3305)", "Rows Removed by Filter": 904603}, {"Node Type": "Index Scan", "Parent Relationship": "Inner", "Parallel Aware": false, "Scan Direction": "Forward", "Index Name": "title_pkey", "Relation Name": "title", "Alias": "t", "Startup Cost": 0.43, "Total Cost": 8.4, "Plan Rows": 1, "Plan Width": 95, "Actual Startup Time": 0.031, "Actual Total Time": 0.031, "Actual Rows": 1, "Actual Loops": 917, "Index Cond": "(id = mk.movie_id)", "Rows Removed by Index Recheck": 0}]}]}]}]}]}]}, "Planning Time": 2.521, "Triggers": [], "Execution Time": 473.684}