{"Plan": {"Node Type": "Gather", "Parallel Aware": false, "Startup Cost": 328022.18, "Total Cost": 1820713.54, "Plan Rows": 10250901, "Plan Width": 249, "Actual Startup Time": 5062.652, "Actual Total Time": 18850.81, "Actual Rows": 40701900, "Actual Loops": 1, "Workers Planned": 6, "Workers Launched": 6, "Single Copy": false, "Plans": [{"Node Type": "Hash Join", "Parent Relationship": "Outer", "Parallel Aware": true, "Join Type": "Inner", "Startup Cost": 327022.18, "Total Cost": 794623.44, "Plan Rows": 1708484, "Plan Width": 249, "Actual Startup Time": 5053.913, "Actual Total Time": 11985.462, "Actual Rows": 5814557, "Actual Loops": 7, "Inner Unique": false, "Hash Cond": "(ci.movie_id = t.id)", "Plans": [{"Node Type": "Seq Scan", "Parent Relationship": "Outer", "Parallel Aware": true, "Relation Name": "cast_info", "Alias": "ci", "Startup Cost": 0.0, "Total Cost": 312666.24, "Plan Rows": 5996624, "Plan Width": 56, "Actual Startup Time": 0.066, "Actual Total Time": 1278.321, "Actual Rows": 5177763, "Actual Loops": 7}, {"Node Type": "Hash", "Parent Relationship": "Inner", "Parallel Aware": true, "Startup Cost": 315063.47, "Total Cost": 315063.47, "Plan Rows": 300137, "Plan Width": 193, "Actual Startup Time": 2035.767, "Actual Total Time": 2035.854, "Actual Rows": 183229, "Actual Loops": 7, "Hash Buckets": 32768, "Original Hash Buckets": 32768, "Hash Batches": 64, "Original Hash Batches": 64, "Peak Memory Usage": 3456, "Plans": [{"Node Type": "Hash Join", "Parent Relationship": "Outer", "Parallel Aware": true, "Join Type": "Inner", "Startup Cost": 284573.74, "Total Cost": 315063.47, "Plan Rows": 300137, "Plan Width": 193, "Actual Startup Time": 1645.356, "Actual Total Time": 1889.858, "Actual Rows": 183229, "Actual Loops": 7, "Inner Unique": false, "Hash Cond": "(mi_idx.movie_id = t.id)", "Plans": [{"Node Type": "Seq Scan", "Parent Relationship": "Outer", "Parallel Aware": true, "Relation Name": "movie_info_idx", "Alias": "mi_idx", "Startup Cost": 0.0, "Total Cost": 13685.15, "Plan Rows": 575015, "Plan Width": 25, "Actual Startup Time": 0.263, "Actual Total Time": 47.781, "Actual Rows": 197148, "Actual Loops": 7}, {"Node Type": "Hash", "Parent Relationship": "Inner", "Parallel Aware": true, "Startup Cost": 275088.54, "Total Cost": 275088.54, "Plan Rows": 263936, "Plan Width": 168, "Actual Startup Time": 1490.757, "Actual Total Time": 1490.803, "Actual Rows": 185570, "Actual Loops": 7, "Hash Buckets": 32768, "Original Hash Buckets": 32768, "Hash Batches": 128, "Original Hash Batches": 128, "Peak Memory Usage": 1696, "Plans": [{"Node Type": "Hash Join", "Parent Relationship": "Outer", "Parallel Aware": true, "Join Type": "Inner", "Startup Cost": 59496.64, "Total Cost": 275088.54, "Plan Rows": 263936, "Plan Width": 168, "Actual Startup Time": 994.8, "Actual Total Time": 1345.9, "Actual Rows": 185570, "Actual Loops": 7, "Inner Unique": true, "Hash Cond": "(mi.movie_id = t.id)", "Plans": [{"Node Type": "Seq Scan", "Parent Relationship": "Outer", "Parallel Aware": true, "Relation Name": "movie_info", "Alias": "mi", "Startup Cost": 0.0, "Total Cost": 198938.07, "Plan Rows": 263936, "Plan Width": 73, "Actual Startup Time": 106.124, "Actual Total Time": 523.251, "Actual Rows": 185570, "Actual Loops": 7, "Filter": "(info_type_id = 4)", "Rows Removed by Filter": 1933819}, {"Node Type": "Hash", "Parent Relationship": "Inner", "Parallel Aware": true, "Startup Cost": 42336.73, "Total Cost": 42336.73, "Plan Rows": 632073, "Plan Width": 95, "Actual Startup Time": 360.186, "Actual Total Time": 360.19, "Actual Rows": 361187, "Actual Loops": 7, "Hash Buckets": 32768, "Original Hash Buckets": 32768, "Hash Batches": 128, "Original Hash Batches": 128, "Peak Memory Usage": 2688, "Plans": [{"Node Type": "Seq Scan", "Parent Relationship": "Outer", "Parallel Aware": true, "Relation Name": "title", "Alias": "t", "Startup Cost": 0.0, "Total Cost": 42336.73, "Plan Rows": 632073, "Plan Width": 95, "Actual Startup Time": 0.048, "Actual Total Time": 109.537, "Actual Rows": 361187, "Actual Loops": 7}]}]}]}]}]}]}]}, "Planning Time": 2.414, "Triggers": [], "Execution Time": 21195.936}