{"Plan": {"Node Type": "Gather", "Parallel Aware": false, "Startup Cost": 414125.39, "Total Cost": 464258.27, "Plan Rows": 49506, "Plan Width": 203, "Actual Startup Time": 2711.918, "Actual Total Time": 2716.106, "Actual Rows": 48, "Actual Loops": 1, "Workers Planned": 3, "Workers Launched": 3, "Single Copy": false, "Plans": [{"Node Type": "Hash Join", "Parent Relationship": "Outer", "Parallel Aware": true, "Join Type": "Inner", "Startup Cost": 413125.39, "Total Cost": 458307.67, "Plan Rows": 15970, "Plan Width": 203, "Actual Startup Time": 2675.238, "Actual Total Time": 2705.915, "Actual Rows": 12, "Actual Loops": 4, "Inner Unique": false, "Hash Cond": "(mk.movie_id = t.id)", "Plans": [{"Node Type": "Seq Scan", "Parent Relationship": "Outer", "Parallel Aware": true, "Relation Name": "movie_keyword", "Alias": "mk", "Startup Cost": 0.0, "Total Cost": 42695.65, "Plan Rows": 652457, "Plan Width": 12, "Actual Startup Time": 0.087, "Actual Total Time": 256.499, "Actual Rows": 506883, "Actual Loops": 4, "Filter": "(keyword_id < 3636)", "Rows Removed by Filter": 624099}, {"Node Type": "Hash", "Parent Relationship": "Inner", "Parallel Aware": true, "Startup Cost": 412932.0, "Total Cost": 412932.0, "Plan Rows": 15471, "Plan Width": 191, "Actual Startup Time": 2369.5, "Actual Total Time": 2369.533, "Actual Rows": 11, "Actual Loops": 4, "Hash Buckets": 65536, "Original Hash Buckets": 65536, "Hash Batches": 1, "Original Hash Batches": 1, "Peak Memory Usage": 576, "Plans": [{"Node Type": "Hash Join", "Parent Relationship": "Outer", "Parallel Aware": true, "Join Type": "Inner", "Startup Cost": 375056.34, "Total Cost": 412932.0, "Plan Rows": 15471, "Plan Width": 191, "Actual Startup Time": 2287.167, "Actual Total Time": 2369.366, "Actual Rows": 11, "Actual Loops": 4, "Inner Unique": false, "Hash Cond": "(mc.movie_id = t.id)", "Plans": [{"Node Type": "Seq Scan", "Parent Relationship": "Outer", "Parallel Aware": true, "Relation Name": "movie_companies", "Alias": "mc", "Startup Cost": 0.0, "Total Cost": 35403.82, "Plan Rows": 652282, "Plan Width": 40, "Actual Startup Time": 0.067, "Actual Total Time": 129.05, "Actual Rows": 652282, "Actual Loops": 4}, {"Node Type": "Hash", "Parent Relationship": "Inner", "Parallel Aware": true, "Startup Cost": 374931.41, "Total Cost": 374931.41, "Plan Rows": 9994, "Plan Width": 151, "Actual Startup Time": 2090.032, "Actual Total Time": 2090.054, "Actual Rows": 5, "Actual Loops": 4, "Hash Buckets": 65536, "Original Hash Buckets": 65536, "Hash Batches": 1, "Original Hash Batches": 1, "Peak Memory Usage": 544, "Plans": [{"Node Type": "Nested Loop", "Parent Relationship": "Outer", "Parallel Aware": false, "Join Type": "Inner", "Startup Cost": 0.43, "Total Cost": 374931.41, "Plan Rows": 9994, "Plan Width": 151, "Actual Startup Time": 1973.686, "Actual Total Time": 2089.762, "Actual Rows": 5, "Actual Loops": 4, "Inner Unique": true, "Plans": [{"Node Type": "Seq Scan", "Parent Relationship": "Outer", "Parallel Aware": true, "Relation Name": "cast_info", "Alias": "ci", "Startup Cost": 0.0, "Total Cost": 342649.36, "Plan Rows": 9994, "Plan Width": 56, "Actual Startup Time": 1973.62, "Actual Total Time": 2089.593, "Actual Rows": 5, "Actual Loops": 4, "Filter": "((role_id > 1) AND (person_id = 1395474))", "Rows Removed by Filter": 9061081}, {"Node Type": "Index Scan", "Parent Relationship": "Inner", "Parallel Aware": false, "Scan Direction": "Forward", "Index Name": "title_pkey", "Relation Name": "title", "Alias": "t", "Startup Cost": 0.43, "Total Cost": 3.23, "Plan Rows": 1, "Plan Width": 95, "Actual Startup Time": 0.024, "Actual Total Time": 0.024, "Actual Rows": 1, "Actual Loops": 21, "Index Cond": "(id = ci.movie_id)", "Rows Removed by Index Recheck": 0}]}]}]}]}]}]}, "Planning Time": 2.335, "Triggers": [], "Execution Time": 2716.478}