{"Plan": {"Node Type": "Gather", "Parallel Aware": false, "Startup Cost": 376039.58, "Total Cost": 425585.07, "Plan Rows": 49988, "Plan Width": 163, "Actual Startup Time": 15753.734, "Actual Total Time": 17511.024, "Actual Rows": 2255207, "Actual Loops": 1, "Workers Planned": 3, "Workers Launched": 3, "Single Copy": false, "Plans": [{"Node Type": "Hash Join", "Parent Relationship": "Outer", "Parallel Aware": true, "Join Type": "Inner", "Startup Cost": 375039.58, "Total Cost": 419586.27, "Plan Rows": 16125, "Plan Width": 163, "Actual Startup Time": 15745.913, "Actual Total Time": 16444.419, "Actual Rows": 563802, "Actual Loops": 4, "Inner Unique": false, "Hash Cond": "(mk.movie_id = t.id)", "Plans": [{"Node Type": "Seq Scan", "Parent Relationship": "Outer", "Parallel Aware": true, "Relation Name": "movie_keyword", "Alias": "mk", "Startup Cost": 0.0, "Total Cost": 39047.32, "Plan Rows": 1459332, "Plan Width": 12, "Actual Startup Time": 0.062, "Actual Total Time": 254.558, "Actual Rows": 1130982, "Actual Loops": 4}, {"Node Type": "Hash", "Parent Relationship": "Inner", "Parallel Aware": true, "Startup Cost": 374981.38, "Total Cost": 374981.38, "Plan Rows": 4656, "Plan Width": 151, "Actual Startup Time": 15148.343, "Actual Total Time": 15148.349, "Actual Rows": 432938, "Actual Loops": 4, "Hash Buckets": 32768, "Original Hash Buckets": 32768, "Hash Batches": 128, "Original Hash Batches": 1, "Peak Memory Usage": 2560, "Plans": [{"Node Type": "Nested Loop", "Parent Relationship": "Outer", "Parallel Aware": false, "Join Type": "Inner", "Startup Cost": 0.43, "Total Cost": 374981.38, "Plan Rows": 4656, "Plan Width": 151, "Actual Startup Time": 1181.075, "Actual Total Time": 13769.911, "Actual Rows": 432938, "Actual Loops": 4, "Inner Unique": true, "Plans": [{"Node Type": "Seq Scan", "Parent Relationship": "Outer", "Parallel Aware": true, "Relation Name": "cast_info", "Alias": "ci", "Startup Cost": 0.0, "Total Cost": 342649.36, "Plan Rows": 9994, "Plan Width": 56, "Actual Startup Time": 1179.068, "Actual Total Time": 2293.495, "Actual Rows": 953452, "Actual Loops": 4, "Filter": "((person_id > 240473) AND (role_id = 3))", "Rows Removed by Filter": 8107634}, {"Node Type": "Index Scan", "Parent Relationship": "Inner", "Parallel Aware": false, "Scan Direction": "Forward", "Index Name": "title_pkey", "Relation Name": "title", "Alias": "t", "Startup Cost": 0.43, "Total Cost": 3.24, "Plan Rows": 1, "Plan Width": 95, "Actual Startup Time": 0.011, "Actual Total Time": 0.011, "Actual Rows": 0, "Actual Loops": 3813806, "Index Cond": "(id = ci.movie_id)", "Rows Removed by Index Recheck": 0, "Filter": "((production_year < 2010) AND (kind_id = 7))", "Rows Removed by Filter": 1}]}]}]}]}, "Planning Time": 1.773, "Triggers": [], "Execution Time": 17643.936}