{"Plan": {"Node Type": "Gather", "Parallel Aware": false, "Startup Cost": 46527.82, "Total Cost": 91165.3, "Plan Rows": 17594, "Plan Width": 107, "Actual Startup Time": 219.6, "Actual Total Time": 646.082, "Actual Rows": 6815, "Actual Loops": 1, "Workers Planned": 3, "Workers Launched": 3, "Single Copy": false, "Plans": [{"Node Type": "Hash Join", "Parent Relationship": "Outer", "Parallel Aware": true, "Join Type": "Inner", "Startup Cost": 45527.82, "Total Cost": 88405.9, "Plan Rows": 5675, "Plan Width": 107, "Actual Startup Time": 212.132, "Actual Total Time": 634.351, "Actual Rows": 1704, "Actual Loops": 4, "Inner Unique": true, "Hash Cond": "(mk.movie_id = t.id)", "Plans": [{"Node Type": "Seq Scan", "Parent Relationship": "Outer", "Parallel Aware": true, "Relation Name": "movie_keyword", "Alias": "mk", "Startup Cost": 0.0, "Total Cost": 39047.32, "Plan Rows": 1459332, "Plan Width": 12, "Actual Startup Time": 0.048, "Actual Total Time": 201.652, "Actual Rows": 1130982, "Actual Loops": 4}, {"Node Type": "Hash", "Parent Relationship": "Inner", "Parallel Aware": true, "Startup Cost": 45497.09, "Total Cost": 45497.09, "Plan Rows": 2458, "Plan Width": 95, "Actual Startup Time": 210.094, "Actual Total Time": 210.095, "Actual Rows": 2448, "Actual Loops": 4, "Hash Buckets": 16384, "Original Hash Buckets": 16384, "Hash Batches": 1, "Original Hash Batches": 1, "Peak Memory Usage": 1376, "Plans": [{"Node Type": "Seq Scan", "Parent Relationship": "Outer", "Parallel Aware": true, "Relation Name": "title", "Alias": "t", "Startup Cost": 0.0, "Total Cost": 45497.09, "Plan Rows": 2458, "Plan Width": 95, "Actual Startup Time": 0.09, "Actual Total Time": 207.839, "Actual Rows": 2448, "Actual Loops": 4, "Filter": "((kind_id > 2) AND (production_year = 1979))", "Rows Removed by Filter": 629630}]}]}]}, "Planning Time": 1.828, "Triggers": [], "Execution Time": 646.713}