{"Plan": {"Node Type": "Gather", "Parallel Aware": false, "Startup Cost": 141941.09, "Total Cost": 483496.33, "Plan Rows": 63575, "Plan Width": 228, "Actual Startup Time": 674.412, "Actual Total Time": 4753.725, "Actual Rows": 4018376, "Actual Loops": 1, "Workers Planned": 6, "Workers Launched": 6, "Single Copy": false, "Plans": [{"Node Type": "Hash Join", "Parent Relationship": "Outer", "Parallel Aware": true, "Join Type": "Inner", "Startup Cost": 140941.09, "Total Cost": 476138.83, "Plan Rows": 10596, "Plan Width": 228, "Actual Startup Time": 665.815, "Actual Total Time": 3914.084, "Actual Rows": 574054, "Actual Loops": 7, "Inner Unique": false, "Hash Cond": "(ci.movie_id = t.id)", "Plans": [{"Node Type": "Seq Scan", "Parent Relationship": "Outer", "Parallel Aware": true, "Relation Name": "cast_info", "Alias": "ci", "Startup Cost": 0.0, "Total Cost": 312666.24, "Plan Rows": 5996624, "Plan Width": 56, "Actual Startup Time": 0.049, "Actual Total Time": 946.274, "Actual Rows": 5177763, "Actual Loops": 7}, {"Node Type": "Hash", "Parent Relationship": "Inner", "Parallel Aware": true, "Startup Cost": 140917.81, "Total Cost": 140917.81, "Plan Rows": 1862, "Plan Width": 172, "Actual Startup Time": 664.519, "Actual Total Time": 664.55, "Actual Rows": 13366, "Actual Loops": 7, "Hash Buckets": 131072, "Original Hash Buckets": 8192, "Hash Batches": 1, "Original Hash Batches": 1, "Peak Memory Usage": 18688, "Plans": [{"Node Type": "Hash Join", "Parent Relationship": "Outer", "Parallel Aware": true, "Join Type": "Inner", "Startup Cost": 125071.71, "Total Cost": 140917.81, "Plan Rows": 1862, "Plan Width": 172, "Actual Startup Time": 512.436, "Actual Total Time": 607.486, "Actual Rows": 13366, "Actual Loops": 7, "Inner Unique": false, "Hash Cond": "(mi_idx.movie_id = t.id)", "Plans": [{"Node Type": "Seq Scan", "Parent Relationship": "Outer", "Parallel Aware": true, "Relation Name": "movie_info_idx", "Alias": "mi_idx", "Startup Cost": 0.0, "Total Cost": 13685.15, "Plan Rows": 575015, "Plan Width": 25, "Actual Startup Time": 0.049, "Actual Total Time": 37.068, "Actual Rows": 197148, "Actual Loops": 7}, {"Node Type": "Hash", "Parent Relationship": "Inner", "Parallel Aware": true, "Startup Cost": 125046.14, "Total Cost": 125046.14, "Plan Rows": 2046, "Plan Width": 147, "Actual Startup Time": 511.673, "Actual Total Time": 511.694, "Actual Rows": 4697, "Actual Loops": 7, "Hash Buckets": 32768, "Original Hash Buckets": 8192, "Hash Batches": 1, "Original Hash Batches": 1, "Peak Memory Usage": 5728, "Plans": [{"Node Type": "Hash Join", "Parent Relationship": "Outer", "Parallel Aware": true, "Join Type": "Inner", "Startup Cost": 86896.08, "Total Cost": 125046.14, "Plan Rows": 2046, "Plan Width": 147, "Actual Startup Time": 362.439, "Actual Total Time": 496.026, "Actual Rows": 4697, "Actual Loops": 7, "Inner Unique": false, "Hash Cond": "(mc.movie_id = t.id)", "Plans": [{"Node Type": "Seq Scan", "Parent Relationship": "Outer", "Parallel Aware": true, "Relation Name": "movie_companies", "Alias": "mc", "Startup Cost": 0.0, "Total Cost": 37034.53, "Plan Rows": 295715, "Plan Width": 40, "Actual Startup Time": 0.049, "Actual Total Time": 95.543, "Actual Rows": 167633, "Actual Loops": 7, "Filter": "(company_id > 12740)", "Rows Removed by Filter": 205100}, {"Node Type": "Hash", "Parent Relationship": "Inner", "Parallel Aware": true, "Startup Cost": 86825.54, "Total Cost": 86825.54, "Plan Rows": 5643, "Plan Width": 107, "Actual Startup Time": 361.37, "Actual Total Time": 361.381, "Actual Rows": 2597, "Actual Loops": 7, "Hash Buckets": 32768, "Original Hash Buckets": 32768, "Hash Batches": 1, "Original Hash Batches": 1, "Peak Memory Usage": 2688, "Plans": [{"Node Type": "Hash Join", "Parent Relationship": "Outer", "Parallel Aware": true, "Join Type": "Inner", "Startup Cost": 43947.46, "Total Cost": 86825.54, "Plan Rows": 5643, "Plan Width": 107, "Actual Startup Time": 118.508, "Actual Total Time": 358.699, "Actual Rows": 2597, "Actual Loops": 7, "Inner Unique": true, "Hash Cond": "(mk.movie_id = t.id)", "Plans": [{"Node Type": "Seq Scan", "Parent Relationship": "Outer", "Parallel Aware": true, "Relation Name": "movie_keyword", "Alias": "mk", "Startup Cost": 0.0, "Total Cost": 39047.32, "Plan Rows": 1459332, "Plan Width": 12, "Actual Startup Time": 0.05, "Actual Total Time": 114.839, "Actual Rows": 646276, "Actual Loops": 7}, {"Node Type": "Hash", "Parent Relationship": "Inner", "Parallel Aware": true, "Startup Cost": 43916.91, "Total Cost": 43916.91, "Plan Rows": 2444, "Plan Width": 95, "Actual Startup Time": 117.599, "Actual Total Time": 117.6, "Actual Rows": 1395, "Actual Loops": 7, "Hash Buckets": 16384, "Original Hash Buckets": 16384, "Hash Batches": 1, "Original Hash Batches": 1, "Peak Memory Usage": 1440, "Plans": [{"Node Type": "Seq Scan", "Parent Relationship": "Outer", "Parallel Aware": true, "Relation Name": "title", "Alias": "t", "Startup Cost": 0.0, "Total Cost": 43916.91, "Plan Rows": 2444, "Plan Width": 95, "Actual Startup Time": 0.15, "Actual Total Time": 115.798, "Actual Rows": 1395, "Actual Loops": 7, "Filter": "(production_year = 1958)", "Rows Removed by Filter": 359792}]}]}]}]}]}]}]}]}]}, "Planning Time": 3.453, "Triggers": [], "Execution Time": 4990.638}