{"Plan": {"Node Type": "Gather", "Parallel Aware": false, "Startup Cost": 1000.0, "Total Cost": 346647.7, "Plan Rows": 179899, "Plan Width": 56, "Actual Startup Time": 0.713, "Actual Total Time": 4070.695, "Actual Rows": 12670688, "Actual Loops": 1, "Workers Planned": 6, "Workers Launched": 6, "Single Copy": false, "Plans": [{"Node Type": "Seq Scan", "Parent Relationship": "Outer", "Parallel Aware": true, "Relation Name": "cast_info", "Alias": "ci", "Startup Cost": 0.0, "Total Cost": 327657.8, "Plan Rows": 29983, "Plan Width": 56, "Actual Startup Time": 0.053, "Actual Total Time": 1383.391, "Actual Rows": 1810098, "Actual Loops": 7, "Filter": "(role_id = 1)", "Rows Removed by Filter": 3367665}]}, "Planning Time": 0.646, "Triggers": [], "Execution Time": 4793.676}