{"Plan": {"Node Type": "Gather", "Parallel Aware": false, "Startup Cost": 51140.28, "Total Cost": 314383.26, "Plan Rows": 527907, "Plan Width": 168, "Actual Startup Time": 940.16, "Actual Total Time": 1424.952, "Actual Rows": 1097116, "Actual Loops": 1, "Workers Planned": 5, "Workers Launched": 5, "Single Copy": false, "Plans": [{"Node Type": "Hash Join", "Parent Relationship": "Outer", "Parallel Aware": true, "Join Type": "Inner", "Startup Cost": 50140.28, "Total Cost": 260592.56, "Plan Rows": 105581, "Plan Width": 168, "Actual Startup Time": 930.678, "Actual Total Time": 1155.641, "Actual Rows": 182853, "Actual Loops": 6, "Inner Unique": true, "Hash Cond": "(mi.movie_id = t.id)", "Plans": [{"Node Type": "Seq Scan", "Parent Relationship": "Outer", "Parallel Aware": true, "Relation Name": "movie_info", "Alias": "mi", "Startup Cost": 0.0, "Total Cost": 198938.07, "Plan Rows": 291127, "Plan Width": 73, "Actual Startup Time": 224.345, "Actual Total Time": 600.048, "Actual Rows": 233650, "Actual Loops": 6, "Filter": "(info_type_id = 7)", "Rows Removed by Filter": 2238970}, {"Node Type": "Hash", "Parent Relationship": "Inner", "Parallel Aware": true, "Startup Cost": 43916.91, "Total Cost": 43916.91, "Plan Rows": 229230, "Plan Width": 95, "Actual Startup Time": 237.673, "Actual Total Time": 237.676, "Actual Rows": 154101, "Actual Loops": 6, "Hash Buckets": 32768, "Original Hash Buckets": 32768, "Hash Batches": 32, "Original Hash Batches": 32, "Peak Memory Usage": 3712, "Plans": [{"Node Type": "Seq Scan", "Parent Relationship": "Outer", "Parallel Aware": true, "Relation Name": "title", "Alias": "t", "Startup Cost": 0.0, "Total Cost": 43916.91, "Plan Rows": 229230, "Plan Width": 95, "Actual Startup Time": 0.041, "Actual Total Time": 161.372, "Actual Rows": 154101, "Actual Loops": 6, "Filter": "(production_year < 1998)", "Rows Removed by Filter": 267284}]}]}]}, "Planning Time": 1.404, "Triggers": [], "Execution Time": 1489.263}