{"Plan": {"Node Type": "Gather", "Parallel Aware": false, "Startup Cost": 70758.34, "Total Cost": 302537.29, "Plan Rows": 289055, "Plan Width": 193, "Actual Startup Time": 269.892, "Actual Total Time": 1618.565, "Actual Rows": 580834, "Actual Loops": 1, "Workers Planned": 5, "Workers Launched": 5, "Single Copy": false, "Plans": [{"Node Type": "Hash Join", "Parent Relationship": "Outer", "Parallel Aware": true, "Join Type": "Inner", "Startup Cost": 69758.34, "Total Cost": 272631.79, "Plan Rows": 57811, "Plan Width": 193, "Actual Startup Time": 263.566, "Actual Total Time": 1527.744, "Actual Rows": 96806, "Actual Loops": 6, "Inner Unique": false, "Hash Cond": "(mi.movie_id = t.id)", "Plans": [{"Node Type": "Seq Scan", "Parent Relationship": "Outer", "Parallel Aware": true, "Relation Name": "movie_info", "Alias": "mi", "Startup Cost": 0.0, "Total Cost": 191549.05, "Plan Rows": 2955605, "Plan Width": 73, "Actual Startup Time": 0.058, "Actual Total Time": 544.268, "Actual Rows": 2472620, "Actual Loops": 6}, {"Node Type": "Hash", "Parent Relationship": "Inner", "Parallel Aware": true, "Startup Cost": 69500.78, "Total Cost": 69500.78, "Plan Rows": 20605, "Plan Width": 120, "Actual Startup Time": 262.954, "Actual Total Time": 263.176, "Actual Rows": 6435, "Actual Loops": 6, "Hash Buckets": 65536, "Original Hash Buckets": 65536, "Hash Batches": 1, "Original Hash Batches": 1, "Peak Memory Usage": 5664, "Plans": [{"Node Type": "Hash Join", "Parent Relationship": "Outer", "Parallel Aware": true, "Join Type": "Inner", "Startup Cost": 46112.22, "Total Cost": 69500.78, "Plan Rows": 20605, "Plan Width": 120, "Actual Startup Time": 148.924, "Actual Total Time": 256.322, "Actual Rows": 6435, "Actual Loops": 6, "Inner Unique": true, "Hash Cond": "(mi_idx.movie_id = t.id)", "Plans": [{"Node Type": "Seq Scan", "Parent Relationship": "Outer", "Parallel Aware": true, "Relation Name": "movie_info_idx", "Alias": "mi_idx", "Startup Cost": 0.0, "Total Cost": 13685.15, "Plan Rows": 575015, "Plan Width": 25, "Actual Startup Time": 0.055, "Actual Total Time": 43.577, "Actual Rows": 230006, "Actual Loops": 6}, {"Node Type": "Hash", "Parent Relationship": "Inner", "Parallel Aware": true, "Startup Cost": 45497.09, "Total Cost": 45497.09, "Plan Rows": 22650, "Plan Width": 95, "Actual Startup Time": 148.517, "Actual Total Time": 148.52, "Actual Rows": 13498, "Actual Loops": 6, "Hash Buckets": 131072, "Original Hash Buckets": 131072, "Hash Batches": 1, "Original Hash Batches": 1, "Peak Memory Usage": 10208, "Plans": [{"Node Type": "Seq Scan", "Parent Relationship": "Outer", "Parallel Aware": true, "Relation Name": "title", "Alias": "t", "Startup Cost": 0.0, "Total Cost": 45497.09, "Plan Rows": 22650, "Plan Width": 95, "Actual Startup Time": 0.141, "Actual Total Time": 139.469, "Actual Rows": 13498, "Actual Loops": 6, "Filter": "((kind_id < 7) AND (production_year > 2011))", "Rows Removed by Filter": 407887}]}]}]}]}]}, "Planning Time": 1.752, "Triggers": [], "Execution Time": 1652.686}