{"Plan": {"Node Type": "Gather", "Parallel Aware": false, "Startup Cost": 278656.77, "Total Cost": 348878.71, "Plan Rows": 425132, "Plan Width": 193, "Actual Startup Time": 3103.293, "Actual Total Time": 4150.736, "Actual Rows": 993826, "Actual Loops": 1, "Workers Planned": 2, "Workers Launched": 2, "Single Copy": false, "Plans": [{"Node Type": "Hash Join", "Parent Relationship": "Outer", "Parallel Aware": true, "Join Type": "Inner", "Startup Cost": 277656.77, "Total Cost": 305365.51, "Plan Rows": 177138, "Plan Width": 193, "Actual Startup Time": 3097.155, "Actual Total Time": 3529.281, "Actual Rows": 331275, "Actual Loops": 3, "Inner Unique": false, "Hash Cond": "(mi_idx.movie_id = t.id)", "Plans": [{"Node Type": "Seq Scan", "Parent Relationship": "Outer", "Parallel Aware": true, "Relation Name": "movie_info_idx", "Alias": "mi_idx", "Startup Cost": 0.0, "Total Cost": 13685.15, "Plan Rows": 575015, "Plan Width": 25, "Actual Startup Time": 0.09, "Actual Total Time": 112.339, "Actual Rows": 460012, "Actual Loops": 3}, {"Node Type": "Hash", "Parent Relationship": "Inner", "Parallel Aware": true, "Startup Cost": 272058.61, "Total Cost": 272058.61, "Plan Rows": 155773, "Plan Width": 168, "Actual Startup Time": 2829.739, "Actual Total Time": 2829.79, "Actual Rows": 267380, "Actual Loops": 3, "Hash Buckets": 32768, "Original Hash Buckets": 32768, "Hash Batches": 64, "Original Hash Batches": 64, "Peak Memory Usage": 2016, "Plans": [{"Node Type": "Hash Join", "Parent Relationship": "Outer", "Parallel Aware": true, "Join Type": "Inner", "Startup Cost": 59496.64, "Total Cost": 272058.61, "Plan Rows": 155773, "Plan Width": 168, "Actual Startup Time": 2018.276, "Actual Total Time": 2622.753, "Actual Rows": 267380, "Actual Loops": 3, "Inner Unique": true, "Hash Cond": "(mi.movie_id = t.id)", "Plans": [{"Node Type": "Seq Scan", "Parent Relationship": "Outer", "Parallel Aware": true, "Relation Name": "movie_info", "Alias": "mi", "Startup Cost": 0.0, "Total Cost": 198938.07, "Plan Rows": 155773, "Plan Width": 73, "Actual Startup Time": 367.128, "Actual Total Time": 1168.814, "Actual Rows": 267380, "Actual Loops": 3, "Filter": "(info_type_id < 2)", "Rows Removed by Filter": 4677860}, {"Node Type": "Hash", "Parent Relationship": "Inner", "Parallel Aware": true, "Startup Cost": 42336.73, "Total Cost": 42336.73, "Plan Rows": 632073, "Plan Width": 95, "Actual Startup Time": 736.48, "Actual Total Time": 736.49, "Actual Rows": 842771, "Actual Loops": 3, "Hash Buckets": 32768, "Original Hash Buckets": 32768, "Hash Batches": 128, "Original Hash Batches": 128, "Peak Memory Usage": 2624, "Plans": [{"Node Type": "Seq Scan", "Parent Relationship": "Outer", "Parallel Aware": true, "Relation Name": "title", "Alias": "t", "Startup Cost": 0.0, "Total Cost": 42336.73, "Plan Rows": 632073, "Plan Width": 95, "Actual Startup Time": 0.04, "Actual Total Time": 240.537, "Actual Rows": 842771, "Actual Loops": 3}]}]}]}]}]}, "Planning Time": 1.843, "Triggers": [], "Execution Time": 4209.938}