{"Plan": {"Node Type": "Gather", "Parallel Aware": false, "Startup Cost": 1000.0, "Total Cost": 43720.45, "Plan Rows": 248, "Plan Width": 12, "Actual Startup Time": 1.601, "Actual Total Time": 217.776, "Actual Rows": 1423, "Actual Loops": 1, "Workers Planned": 3, "Workers Launched": 3, "Single Copy": false, "Plans": [{"Node Type": "Seq Scan", "Parent Relationship": "Outer", "Parallel Aware": true, "Relation Name": "movie_keyword", "Alias": "mk", "Startup Cost": 0.0, "Total Cost": 42695.65, "Plan Rows": 80, "Plan Width": 12, "Actual Startup Time": 0.981, "Actual Total Time": 209.724, "Actual Rows": 356, "Actual Loops": 4, "Filter": "(keyword_id = 1615)", "Rows Removed by Filter": 1130627}]}, "Planning Time": 0.601, "Triggers": [], "Execution Time": 217.99}