{"Plan": {"Node Type": "Gather", "Parallel Aware": false, "Startup Cost": 1000.0, "Total Cost": 232991.57, "Plan Rows": 330535, "Plan Width": 73, "Actual Startup Time": 0.684, "Actual Total Time": 635.735, "Actual Rows": 328857, "Actual Loops": 1, "Workers Planned": 5, "Workers Launched": 5, "Single Copy": false, "Plans": [{"Node Type": "Seq Scan", "Parent Relationship": "Outer", "Parallel Aware": true, "Relation Name": "movie_info", "Alias": "mi", "Startup Cost": 0.0, "Total Cost": 198938.07, "Plan Rows": 66107, "Plan Width": 73, "Actual Startup Time": 0.059, "Actual Total Time": 562.784, "Actual Rows": 54810, "Actual Loops": 6, "Filter": "(info_type_id = 98)", "Rows Removed by Filter": 2417810}]}, "Planning Time": 0.805, "Triggers": [], "Execution Time": 654.853}