{"Plan": {"Node Type": "Gather", "Parallel Aware": false, "Startup Cost": 1000.0, "Total Cost": 310110.17, "Plan Rows": 1101721, "Plan Width": 73, "Actual Startup Time": 452.645, "Actual Total Time": 833.254, "Actual Rows": 1065990, "Actual Loops": 1, "Workers Planned": 5, "Workers Launched": 5, "Single Copy": false, "Plans": [{"Node Type": "Seq Scan", "Parent Relationship": "Outer", "Parallel Aware": true, "Relation Name": "movie_info", "Alias": "mi", "Startup Cost": 0.0, "Total Cost": 198938.07, "Plan Rows": 220344, "Plan Width": 73, "Actual Startup Time": 446.973, "Actual Total Time": 585.867, "Actual Rows": 177665, "Actual Loops": 6, "Filter": "(info_type_id > 75)", "Rows Removed by Filter": 2294955}]}, "Planning Time": 0.743, "Triggers": [], "Execution Time": 894.055}