{"Plan": {"Node Type": "Gather", "Parallel Aware": false, "Startup Cost": 90065.46, "Total Cost": 596125.47, "Plan Rows": 1699925, "Plan Width": 163, "Actual Startup Time": 406.419, "Actual Total Time": 3104.453, "Actual Rows": 1331546, "Actual Loops": 1, "Workers Planned": 6, "Workers Launched": 6, "Single Copy": false, "Plans": [{"Node Type": "Hash Join", "Parent Relationship": "Outer", "Parallel Aware": true, "Join Type": "Inner", "Startup Cost": 89065.46, "Total Cost": 425132.97, "Plan Rows": 283321, "Plan Width": 163, "Actual Startup Time": 398.021, "Actual Total Time": 2947.351, "Actual Rows": 190221, "Actual Loops": 7, "Inner Unique": false, "Hash Cond": "(ci.movie_id = t.id)", "Plans": [{"Node Type": "Seq Scan", "Parent Relationship": "Outer", "Parallel Aware": true, "Relation Name": "cast_info", "Alias": "ci", "Startup Cost": 0.0, "Total Cost": 312666.24, "Plan Rows": 5996624, "Plan Width": 56, "Actual Startup Time": 0.051, "Actual Total Time": 925.149, "Actual Rows": 5177763, "Actual Loops": 7}, {"Node Type": "Hash", "Parent Relationship": "Inner", "Parallel Aware": true, "Startup Cost": 88583.8, "Total Cost": 88583.8, "Plan Rows": 38533, "Plan Width": 107, "Actual Startup Time": 396.773, "Actual Total Time": 397.031, "Actual Rows": 4659, "Actual Loops": 7, "Hash Buckets": 131072, "Original Hash Buckets": 131072, "Hash Batches": 1, "Original Hash Batches": 1, "Peak Memory Usage": 5600, "Plans": [{"Node Type": "Hash Join", "Parent Relationship": "Outer", "Parallel Aware": true, "Join Type": "Inner", "Startup Cost": 45705.72, "Total Cost": 88583.8, "Plan Rows": 38533, "Plan Width": 107, "Actual Startup Time": 239.199, "Actual Total Time": 386.86, "Actual Rows": 4659, "Actual Loops": 7, "Inner Unique": true, "Hash Cond": "(mk.movie_id = t.id)", "Plans": [{"Node Type": "Seq Scan", "Parent Relationship": "Outer", "Parallel Aware": true, "Relation Name": "movie_keyword", "Alias": "mk", "Startup Cost": 0.0, "Total Cost": 39047.32, "Plan Rows": 1459332, "Plan Width": 12, "Actual Startup Time": 0.053, "Actual Total Time": 116.735, "Actual Rows": 646276, "Actual Loops": 7}, {"Node Type": "Hash", "Parent Relationship": "Inner", "Parallel Aware": true, "Startup Cost": 45497.09, "Total Cost": 45497.09, "Plan Rows": 16690, "Plan Width": 95, "Actual Startup Time": 132.607, "Actual Total Time": 132.61, "Actual Rows": 10646, "Actual Loops": 7, "Hash Buckets": 131072, "Original Hash Buckets": 131072, "Hash Batches": 1, "Original Hash Batches": 1, "Peak Memory Usage": 9984, "Plans": [{"Node Type": "Seq Scan", "Parent Relationship": "Outer", "Parallel Aware": true, "Relation Name": "title", "Alias": "t", "Startup Cost": 0.0, "Total Cost": 45497.09, "Plan Rows": 16690, "Plan Width": 95, "Actual Startup Time": 0.053, "Actual Total Time": 121.752, "Actual Rows": 10646, "Actual Loops": 7, "Filter": "((kind_id = 7) AND (production_year = 2006))", "Rows Removed by Filter": 350541}]}]}]}]}]}, "Planning Time": 1.642, "Triggers": [], "Execution Time": 3184.877}