{"Plan": {"Node Type": "Gather", "Parallel Aware": false, "Startup Cost": 313694.31, "Total Cost": 1022542.36, "Plan Rows": 6295228, "Plan Width": 180, "Actual Startup Time": 4258.648, "Actual Total Time": 11825.938, "Actual Rows": 17797517, "Actual Loops": 1, "Workers Planned": 3, "Workers Launched": 3, "Single Copy": false, "Plans": [{"Node Type": "Hash Join", "Parent Relationship": "Outer", "Parallel Aware": true, "Join Type": "Inner", "Startup Cost": 312694.31, "Total Cost": 392019.56, "Plan Rows": 2030719, "Plan Width": 180, "Actual Startup Time": 4251.367, "Actual Total Time": 7065.651, "Actual Rows": 4449379, "Actual Loops": 4, "Inner Unique": false, "Hash Cond": "(mk.movie_id = t.id)", "Plans": [{"Node Type": "Seq Scan", "Parent Relationship": "Outer", "Parallel Aware": true, "Relation Name": "movie_keyword", "Alias": "mk", "Startup Cost": 0.0, "Total Cost": 39047.32, "Plan Rows": 1459332, "Plan Width": 12, "Actual Startup Time": 0.109, "Actual Total Time": 264.344, "Actual Rows": 1130982, "Actual Loops": 4}, {"Node Type": "Hash", "Parent Relationship": "Inner", "Parallel Aware": true, "Startup Cost": 287406.77, "Total Cost": 287406.77, "Plan Rows": 703643, "Plan Width": 168, "Actual Startup Time": 3601.516, "Actual Total Time": 3601.58, "Actual Rows": 906244, "Actual Loops": 4, "Hash Buckets": 32768, "Original Hash Buckets": 32768, "Hash Batches": 256, "Original Hash Batches": 256, "Peak Memory Usage": 2240, "Plans": [{"Node Type": "Hash Join", "Parent Relationship": "Outer", "Parallel Aware": true, "Join Type": "Inner", "Startup Cost": 59496.64, "Total Cost": 287406.77, "Plan Rows": 703643, "Plan Width": 168, "Actual Startup Time": 1842.669, "Actual Total Time": 2918.461, "Actual Rows": 906244, "Actual Loops": 4, "Inner Unique": true, "Hash Cond": "(mi.movie_id = t.id)", "Plans": [{"Node Type": "Seq Scan", "Parent Relationship": "Outer", "Parallel Aware": true, "Relation Name": "movie_info", "Alias": "mi", "Startup Cost": 0.0, "Total Cost": 198938.07, "Plan Rows": 703643, "Plan Width": 73, "Actual Startup Time": 0.075, "Actual Total Time": 986.128, "Actual Rows": 906244, "Actual Loops": 4, "Filter": "(info_type_id < 4)", "Rows Removed by Filter": 2802686}, {"Node Type": "Hash", "Parent Relationship": "Inner", "Parallel Aware": true, "Startup Cost": 42336.73, "Total Cost": 42336.73, "Plan Rows": 632073, "Plan Width": 95, "Actual Startup Time": 553.929, "Actual Total Time": 553.932, "Actual Rows": 632078, "Actual Loops": 4, "Hash Buckets": 32768, "Original Hash Buckets": 32768, "Hash Batches": 128, "Original Hash Batches": 128, "Peak Memory Usage": 2624, "Plans": [{"Node Type": "Seq Scan", "Parent Relationship": "Outer", "Parallel Aware": true, "Relation Name": "title", "Alias": "t", "Startup Cost": 0.0, "Total Cost": 42336.73, "Plan Rows": 632073, "Plan Width": 95, "Actual Startup Time": 0.025, "Actual Total Time": 170.761, "Actual Rows": 632078, "Actual Loops": 4}]}]}]}]}]}, "Planning Time": 1.711, "Triggers": [], "Execution Time": 12867.034}