{"Plan": {"Node Type": "Gather", "Parallel Aware": false, "Startup Cost": 101435.3, "Total Cost": 125790.09, "Plan Rows": 45931, "Plan Width": 160, "Actual Startup Time": 1181.302, "Actual Total Time": 1352.187, "Actual Rows": 41224, "Actual Loops": 1, "Workers Planned": 2, "Workers Launched": 2, "Single Copy": false, "Plans": [{"Node Type": "Hash Join", "Parent Relationship": "Outer", "Parallel Aware": true, "Join Type": "Inner", "Startup Cost": 100435.3, "Total Cost": 120196.99, "Plan Rows": 19138, "Plan Width": 160, "Actual Startup Time": 1178.515, "Actual Total Time": 1241.892, "Actual Rows": 13741, "Actual Loops": 3, "Inner Unique": false, "Hash Cond": "(mi_idx.movie_id = t.id)", "Plans": [{"Node Type": "Seq Scan", "Parent Relationship": "Outer", "Parallel Aware": true, "Relation Name": "movie_info_idx", "Alias": "mi_idx", "Startup Cost": 0.0, "Total Cost": 15122.68, "Plan Rows": 193378, "Plan Width": 25, "Actual Startup Time": 0.083, "Actual Total Time": 113.913, "Actual Rows": 153308, "Actual Loops": 3, "Filter": "(info_type_id = 100)", "Rows Removed by Filter": 306703}, {"Node Type": "Hash", "Parent Relationship": "Inner", "Parallel Aware": true, "Startup Cost": 98431.38, "Total Cost": 98431.38, "Plan Rows": 62554, "Plan Width": 135, "Actual Startup Time": 1017.178, "Actual Total Time": 1017.401, "Actual Rows": 40164, "Actual Loops": 3, "Hash Buckets": 32768, "Original Hash Buckets": 32768, "Hash Batches": 16, "Original Hash Batches": 16, "Peak Memory Usage": 1376, "Plans": [{"Node Type": "Hash Join", "Parent Relationship": "Outer", "Parallel Aware": true, "Join Type": "Inner", "Startup Cost": 40734.58, "Total Cost": 98431.38, "Plan Rows": 62554, "Plan Width": 135, "Actual Startup Time": 778.586, "Actual Total Time": 981.308, "Actual Rows": 40164, "Actual Loops": 3, "Inner Unique": false, "Hash Cond": "(t.id = mc.movie_id)", "Plans": [{"Node Type": "Seq Scan", "Parent Relationship": "Outer", "Parallel Aware": true, "Relation Name": "title", "Alias": "t", "Startup Cost": 0.0, "Total Cost": 43916.91, "Plan Rows": 388135, "Plan Width": 95, "Actual Startup Time": 0.031, "Actual Total Time": 336.87, "Actual Rows": 514421, "Actual Loops": 3, "Filter": "(kind_id = 7)", "Rows Removed by Filter": 328349}, {"Node Type": "Hash", "Parent Relationship": "Inner", "Parallel Aware": true, "Startup Cost": 38665.23, "Total Cost": 38665.23, "Plan Rows": 101868, "Plan Width": 40, "Actual Startup Time": 235.334, "Actual Total Time": 235.336, "Actual Rows": 77521, "Actual Loops": 3, "Hash Buckets": 65536, "Original Hash Buckets": 65536, "Hash Batches": 16, "Original Hash Batches": 16, "Peak Memory Usage": 1280, "Plans": [{"Node Type": "Seq Scan", "Parent Relationship": "Outer", "Parallel Aware": true, "Relation Name": "movie_companies", "Alias": "mc", "Startup Cost": 0.0, "Total Cost": 38665.23, "Plan Rows": 101868, "Plan Width": 40, "Actual Startup Time": 10.786, "Actual Total Time": 210.69, "Actual Rows": 77521, "Actual Loops": 3, "Filter": "((company_id < 1772) AND (company_type_id = 2))", "Rows Removed by Filter": 792189}]}]}]}]}]}, "Planning Time": 1.837, "Triggers": [], "Execution Time": 1354.876}