{"Plan": {"Node Type": "Gather", "Parallel Aware": false, "Startup Cost": 1000.43, "Total Cost": 344909.59, "Plan Rows": 281, "Plan Width": 151, "Actual Startup Time": 1162.545, "Actual Total Time": 1167.249, "Actual Rows": 9, "Actual Loops": 1, "Workers Planned": 6, "Workers Launched": 6, "Single Copy": false, "Plans": [{"Node Type": "Nested Loop", "Parent Relationship": "Outer", "Parallel Aware": false, "Join Type": "Inner", "Startup Cost": 0.43, "Total Cost": 343881.49, "Plan Rows": 47, "Plan Width": 151, "Actual Startup Time": 1047.385, "Actual Total Time": 1156.221, "Actual Rows": 1, "Actual Loops": 7, "Inner Unique": true, "Plans": [{"Node Type": "Seq Scan", "Parent Relationship": "Outer", "Parallel Aware": true, "Relation Name": "cast_info", "Alias": "ci", "Startup Cost": 0.0, "Total Cost": 342649.36, "Plan Rows": 150, "Plan Width": 56, "Actual Startup Time": 1047.336, "Actual Total Time": 1156.106, "Actual Rows": 3, "Actual Loops": 7, "Filter": "((person_id = 1699564) AND (role_id = 1))", "Rows Removed by Filter": 5177760}, {"Node Type": "Index Scan", "Parent Relationship": "Inner", "Parallel Aware": false, "Scan Direction": "Forward", "Index Name": "title_pkey", "Relation Name": "title", "Alias": "t", "Startup Cost": 0.43, "Total Cost": 8.21, "Plan Rows": 1, "Plan Width": 95, "Actual Startup Time": 0.027, "Actual Total Time": 0.027, "Actual Rows": 0, "Actual Loops": 24, "Index Cond": "(id = ci.movie_id)", "Rows Removed by Index Recheck": 0, "Filter": "(production_year > 2007)", "Rows Removed by Filter": 1}]}]}, "Planning Time": 1.275, "Triggers": [], "Execution Time": 1167.409}