{"Plan": {"Node Type": "Gather", "Parallel Aware": false, "Startup Cost": 60496.64, "Total Cost": 402178.72, "Plan Rows": 1264014, "Plan Width": 168, "Actual Startup Time": 1122.277, "Actual Total Time": 2001.707, "Actual Rows": 1325361, "Actual Loops": 1, "Workers Planned": 5, "Workers Launched": 5, "Single Copy": false, "Plans": [{"Node Type": "Hash Join", "Parent Relationship": "Outer", "Parallel Aware": true, "Join Type": "Inner", "Startup Cost": 59496.64, "Total Cost": 274777.32, "Plan Rows": 252803, "Plan Width": 168, "Actual Startup Time": 1127.987, "Actual Total Time": 1544.564, "Actual Rows": 220894, "Actual Loops": 6, "Inner Unique": true, "Hash Cond": "(mi.movie_id = t.id)", "Plans": [{"Node Type": "Seq Scan", "Parent Relationship": "Outer", "Parallel Aware": true, "Relation Name": "movie_info", "Alias": "mi", "Startup Cost": 0.0, "Total Cost": 198938.07, "Plan Rows": 252803, "Plan Width": 73, "Actual Startup Time": 22.409, "Actual Total Time": 603.107, "Actual Rows": 220894, "Actual Loops": 6, "Filter": "(info_type_id = 8)", "Rows Removed by Filter": 2251726}, {"Node Type": "Hash", "Parent Relationship": "Inner", "Parallel Aware": true, "Startup Cost": 42336.73, "Total Cost": 42336.73, "Plan Rows": 632073, "Plan Width": 95, "Actual Startup Time": 388.058, "Actual Total Time": 388.063, "Actual Rows": 421385, "Actual Loops": 6, "Hash Buckets": 32768, "Original Hash Buckets": 32768, "Hash Batches": 128, "Original Hash Batches": 128, "Peak Memory Usage": 2624, "Plans": [{"Node Type": "Seq Scan", "Parent Relationship": "Outer", "Parallel Aware": true, "Relation Name": "title", "Alias": "t", "Startup Cost": 0.0, "Total Cost": 42336.73, "Plan Rows": 632073, "Plan Width": 95, "Actual Startup Time": 0.03, "Actual Total Time": 115.292, "Actual Rows": 421385, "Actual Loops": 6}]}]}]}, "Planning Time": 1.401, "Triggers": [], "Execution Time": 2078.889}