{"Plan": {"Node Type": "Gather", "Parallel Aware": false, "Startup Cost": 104689.8, "Total Cost": 697892.69, "Plan Rows": 3113655, "Plan Width": 208, "Actual Startup Time": 2419.848, "Actual Total Time": 4982.593, "Actual Rows": 4230738, "Actual Loops": 1, "Workers Planned": 5, "Workers Launched": 5, "Single Copy": false, "Plans": [{"Node Type": "Hash Join", "Parent Relationship": "Outer", "Parallel Aware": true, "Join Type": "Inner", "Startup Cost": 103689.8, "Total Cost": 385527.19, "Plan Rows": 622731, "Plan Width": 208, "Actual Startup Time": 2412.635, "Actual Total Time": 3604.016, "Actual Rows": 705123, "Actual Loops": 6, "Inner Unique": false, "Hash Cond": "(mi.movie_id = t.id)", "Plans": [{"Node Type": "Seq Scan", "Parent Relationship": "Outer", "Parallel Aware": true, "Relation Name": "movie_info", "Alias": "mi", "Startup Cost": 0.0, "Total Cost": 191549.05, "Plan Rows": 2955605, "Plan Width": 73, "Actual Startup Time": 0.06, "Actual Total Time": 716.844, "Actual Rows": 2472620, "Actual Loops": 6}, {"Node Type": "Hash", "Parent Relationship": "Inner", "Parallel Aware": true, "Startup Cost": 99423.13, "Total Cost": 99423.13, "Plan Rows": 133174, "Plan Width": 135, "Actual Startup Time": 736.462, "Actual Total Time": 736.618, "Actual Rows": 56894, "Actual Loops": 6, "Hash Buckets": 32768, "Original Hash Buckets": 32768, "Hash Batches": 32, "Original Hash Batches": 32, "Peak Memory Usage": 2048, "Plans": [{"Node Type": "Hash Join", "Parent Relationship": "Outer", "Parallel Aware": true, "Join Type": "Inner", "Startup Cost": 52713.19, "Total Cost": 99423.13, "Plan Rows": 133174, "Plan Width": 135, "Actual Startup Time": 504.328, "Actual Total Time": 687.746, "Actual Rows": 56894, "Actual Loops": 6, "Inner Unique": true, "Hash Cond": "(mc.movie_id = t.id)", "Plans": [{"Node Type": "Seq Scan", "Parent Relationship": "Outer", "Parallel Aware": true, "Relation Name": "movie_companies", "Alias": "mc", "Startup Cost": 0.0, "Total Cost": 37034.53, "Plan Rows": 316726, "Plan Width": 40, "Actual Startup Time": 0.061, "Actual Total Time": 134.528, "Actual Rows": 212374, "Actual Loops": 6, "Filter": "(company_type_id < 2)", "Rows Removed by Filter": 222480}, {"Node Type": "Hash", "Parent Relationship": "Inner", "Parallel Aware": true, "Startup Cost": 45497.09, "Total Cost": 45497.09, "Plan Rows": 265768, "Plan Width": 95, "Actual Startup Time": 272.182, "Actual Total Time": 272.189, "Actual Rows": 192058, "Actual Loops": 6, "Hash Buckets": 32768, "Original Hash Buckets": 32768, "Hash Batches": 64, "Original Hash Batches": 64, "Peak Memory Usage": 2528, "Plans": [{"Node Type": "Seq Scan", "Parent Relationship": "Outer", "Parallel Aware": true, "Relation Name": "title", "Alias": "t", "Startup Cost": 0.0, "Total Cost": 45497.09, "Plan Rows": 265768, "Plan Width": 95, "Actual Startup Time": 0.038, "Actual Total Time": 168.881, "Actual Rows": 192058, "Actual Loops": 6, "Filter": "((kind_id > 1) AND (production_year > 1999))", "Rows Removed by Filter": 229327}]}]}]}]}]}, "Planning Time": 1.913, "Triggers": [], "Execution Time": 5231.641}