{"Plan": {"Node Type": "Gather", "Parallel Aware": false, "Startup Cost": 256728.7, "Total Cost": 303368.53, "Plan Rows": 1, "Plan Width": 245, "Actual Startup Time": 1839.675, "Actual Total Time": 2070.127, "Actual Rows": 233863, "Actual Loops": 1, "Workers Planned": 3, "Workers Launched": 3, "Single Copy": false, "Plans": [{"Node Type": "Hash Join", "Parent Relationship": "Outer", "Parallel Aware": true, "Join Type": "Inner", "Startup Cost": 255728.7, "Total Cost": 302368.43, "Plan Rows": 1, "Plan Width": 245, "Actual Startup Time": 1899.403, "Actual Total Time": 1963.362, "Actual Rows": 58466, "Actual Loops": 4, "Inner Unique": false, "Hash Cond": "(mk.movie_id = t.id)", "Plans": [{"Node Type": "Seq Scan", "Parent Relationship": "Outer", "Parallel Aware": true, "Relation Name": "movie_keyword", "Alias": "mk", "Startup Cost": 0.0, "Total Cost": 42695.65, "Plan Rows": 1051752, "Plan Width": 12, "Actual Startup Time": 0.085, "Actual Total Time": 281.123, "Actual Rows": 814960, "Actual Loops": 4, "Filter": "(keyword_id > 1614)", "Rows Removed by Filter": 316023}, {"Node Type": "Hash", "Parent Relationship": "Inner", "Parallel Aware": true, "Startup Cost": 255728.69, "Total Cost": 255728.69, "Plan Rows": 1, "Plan Width": 233, "Actual Startup Time": 1491.828, "Actual Total Time": 1491.88, "Actual Rows": 568, "Actual Loops": 4, "Hash Buckets": 4096, "Original Hash Buckets": 1024, "Hash Batches": 1, "Original Hash Batches": 1, "Peak Memory Usage": 600, "Plans": [{"Node Type": "Hash Join", "Parent Relationship": "Outer", "Parallel Aware": true, "Join Type": "Inner", "Startup Cost": 54506.3, "Total Cost": 255728.69, "Plan Rows": 1, "Plan Width": 233, "Actual Startup Time": 1235.063, "Actual Total Time": 1389.528, "Actual Rows": 568, "Actual Loops": 4, "Inner Unique": false, "Hash Cond": "(mi.movie_id = t.id)", "Plans": [{"Node Type": "Seq Scan", "Parent Relationship": "Outer", "Parallel Aware": true, "Relation Name": "movie_info", "Alias": "mi", "Startup Cost": 0.0, "Total Cost": 198938.07, "Plan Rows": 609150, "Plan Width": 73, "Actual Startup Time": 428.886, "Actual Total Time": 936.481, "Actual Rows": 759180, "Actual Loops": 4, "Filter": "(info_type_id = 16)", "Rows Removed by Filter": 2949750}, {"Node Type": "Hash", "Parent Relationship": "Inner", "Parallel Aware": true, "Startup Cost": 54506.28, "Total Cost": 54506.28, "Plan Rows": 1, "Plan Width": 160, "Actual Startup Time": 349.844, "Actual Total Time": 349.877, "Actual Rows": 15, "Actual Loops": 4, "Hash Buckets": 1024, "Original Hash Buckets": 1024, "Hash Batches": 1, "Original Hash Batches": 1, "Peak Memory Usage": 136, "Plans": [{"Node Type": "Nested Loop", "Parent Relationship": "Outer", "Parallel Aware": false, "Join Type": "Inner", "Startup Cost": 15123.84, "Total Cost": 54506.28, "Plan Rows": 1, "Plan Width": 160, "Actual Startup Time": 124.827, "Actual Total Time": 349.756, "Actual Rows": 15, "Actual Loops": 4, "Inner Unique": true, "Plans": [{"Node Type": "Hash Join", "Parent Relationship": "Outer", "Parallel Aware": true, "Join Type": "Inner", "Startup Cost": 15123.41, "Total Cost": 54421.42, "Plan Rows": 161, "Plan Width": 65, "Actual Startup Time": 69.142, "Actual Total Time": 339.021, "Actual Rows": 2071, "Actual Loops": 4, "Inner Unique": false, "Hash Cond": "(mc.movie_id = mi_idx.movie_id)", "Plans": [{"Node Type": "Seq Scan", "Parent Relationship": "Outer", "Parallel Aware": true, "Relation Name": "movie_companies", "Alias": "mc", "Startup Cost": 0.0, "Total Cost": 37034.53, "Plan Rows": 603415, "Plan Width": 40, "Actual Startup Time": 0.065, "Actual Total Time": 184.6, "Actual Rows": 603597, "Actual Loops": 4, "Filter": "(company_id < 115151)", "Rows Removed by Filter": 48685}, {"Node Type": "Hash", "Parent Relationship": "Inner", "Parallel Aware": true, "Startup Cost": 15122.68, "Total Cost": 15122.68, "Plan Rows": 58, "Plan Width": 25, "Actual Startup Time": 68.287, "Actual Total Time": 68.293, "Actual Rows": 65, "Actual Loops": 4, "Hash Buckets": 1024, "Original Hash Buckets": 1024, "Hash Batches": 1, "Original Hash Batches": 1, "Peak Memory Usage": 72, "Plans": [{"Node Type": "Seq Scan", "Parent Relationship": "Outer", "Parallel Aware": true, "Relation Name": "movie_info_idx", "Alias": "mi_idx", "Startup Cost": 0.0, "Total Cost": 15122.68, "Plan Rows": 58, "Plan Width": 25, "Actual Startup Time": 48.845, "Actual Total Time": 68.218, "Actual Rows": 65, "Actual Loops": 4, "Filter": "(info_type_id > 101)", "Rows Removed by Filter": 344944}]}]}, {"Node Type": "Index Scan", "Parent Relationship": "Inner", "Parallel Aware": false, "Scan Direction": "Forward", "Index Name": "title_pkey", "Relation Name": "title", "Alias": "t", "Startup Cost": 0.43, "Total Cost": 0.53, "Plan Rows": 1, "Plan Width": 95, "Actual Startup Time": 0.005, "Actual Total Time": 0.005, "Actual Rows": 0, "Actual Loops": 8285, "Index Cond": "(id = mc.movie_id)", "Rows Removed by Index Recheck": 0, "Filter": "((kind_id < 7) AND (production_year = 1969))", "Rows Removed by Filter": 1}]}]}]}]}]}]}, "Planning Time": 3.789, "Triggers": [], "Execution Time": 2084.389}