{"Plan": {"Node Type": "Gather", "Parallel Aware": false, "Startup Cost": 83676.13, "Total Cost": 99517.69, "Plan Rows": 1, "Plan Width": 172, "Actual Startup Time": 541.16, "Actual Total Time": 707.155, "Actual Rows": 57, "Actual Loops": 1, "Workers Planned": 2, "Workers Launched": 2, "Single Copy": false, "Plans": [{"Node Type": "Hash Join", "Parent Relationship": "Outer", "Parallel Aware": true, "Join Type": "Inner", "Startup Cost": 82676.13, "Total Cost": 98517.59, "Plan Rows": 1, "Plan Width": 172, "Actual Startup Time": 541.129, "Actual Total Time": 697.786, "Actual Rows": 19, "Actual Loops": 3, "Inner Unique": false, "Hash Cond": "(mi_idx.movie_id = t.id)", "Plans": [{"Node Type": "Seq Scan", "Parent Relationship": "Outer", "Parallel Aware": true, "Relation Name": "movie_info_idx", "Alias": "mi_idx", "Startup Cost": 0.0, "Total Cost": 13685.15, "Plan Rows": 575015, "Plan Width": 25, "Actual Startup Time": 0.052, "Actual Total Time": 85.251, "Actual Rows": 460012, "Actual Loops": 3}, {"Node Type": "Hash", "Parent Relationship": "Inner", "Parallel Aware": true, "Startup Cost": 82676.11, "Total Cost": 82676.11, "Plan Rows": 1, "Plan Width": 147, "Actual Startup Time": 529.551, "Actual Total Time": 529.556, "Actual Rows": 6, "Actual Loops": 3, "Hash Buckets": 1024, "Original Hash Buckets": 1024, "Hash Batches": 1, "Original Hash Batches": 1, "Peak Memory Usage": 104, "Plans": [{"Node Type": "Hash Join", "Parent Relationship": "Outer", "Parallel Aware": true, "Join Type": "Inner", "Startup Cost": 43368.0, "Total Cost": 82676.11, "Plan Rows": 1, "Plan Width": 147, "Actual Startup Time": 476.493, "Actual Total Time": 529.415, "Actual Rows": 6, "Actual Loops": 3, "Inner Unique": false, "Hash Cond": "(mc.movie_id = t.id)", "Plans": [{"Node Type": "Seq Scan", "Parent Relationship": "Outer", "Parallel Aware": true, "Relation Name": "movie_companies", "Alias": "mc", "Startup Cost": 0.0, "Total Cost": 38665.23, "Plan Rows": 171433, "Plan Width": 40, "Actual Startup Time": 0.055, "Actual Total Time": 215.238, "Actual Rows": 157057, "Actual Loops": 3, "Filter": "((company_id > 10922) AND (company_type_id < 2))", "Rows Removed by Filter": 712653}, {"Node Type": "Hash", "Parent Relationship": "Inner", "Parallel Aware": true, "Startup Cost": 43367.98, "Total Cost": 43367.98, "Plan Rows": 1, "Plan Width": 107, "Actual Startup Time": 293.107, "Actual Total Time": 293.11, "Actual Rows": 2, "Actual Loops": 3, "Hash Buckets": 1024, "Original Hash Buckets": 1024, "Hash Batches": 1, "Original Hash Batches": 1, "Peak Memory Usage": 104, "Plans": [{"Node Type": "Nested Loop", "Parent Relationship": "Outer", "Parallel Aware": false, "Join Type": "Inner", "Startup Cost": 0.43, "Total Cost": 43367.98, "Plan Rows": 1, "Plan Width": 107, "Actual Startup Time": 148.581, "Actual Total Time": 293.046, "Actual Rows": 2, "Actual Loops": 3, "Inner Unique": true, "Plans": [{"Node Type": "Seq Scan", "Parent Relationship": "Outer", "Parallel Aware": true, "Relation Name": "movie_keyword", "Alias": "mk", "Startup Cost": 0.0, "Total Cost": 42695.65, "Plan Rows": 80, "Plan Width": 12, "Actual Startup Time": 1.086, "Actual Total Time": 283.404, "Actual Rows": 308, "Actual Loops": 3, "Filter": "(keyword_id = 687)", "Rows Removed by Filter": 1507669}, {"Node Type": "Index Scan", "Parent Relationship": "Inner", "Parallel Aware": false, "Scan Direction": "Forward", "Index Name": "title_pkey", "Relation Name": "title", "Alias": "t", "Startup Cost": 0.43, "Total Cost": 8.4, "Plan Rows": 1, "Plan Width": 95, "Actual Startup Time": 0.03, "Actual Total Time": 0.03, "Actual Rows": 0, "Actual Loops": 923, "Index Cond": "(id = mk.movie_id)", "Rows Removed by Index Recheck": 0, "Filter": "((kind_id < 7) AND (production_year = 1997))", "Rows Removed by Filter": 1}]}]}]}]}]}]}, "Planning Time": 2.525, "Triggers": [], "Execution Time": 707.413}