{"Plan": {"Node Type": "Gather", "Parallel Aware": false, "Startup Cost": 1000.43, "Total Cost": 44389.98, "Plan Rows": 222, "Plan Width": 107, "Actual Startup Time": 1.433, "Actual Total Time": 228.811, "Actual Rows": 848, "Actual Loops": 1, "Workers Planned": 3, "Workers Launched": 3, "Single Copy": false, "Plans": [{"Node Type": "Nested Loop", "Parent Relationship": "Outer", "Parallel Aware": false, "Join Type": "Inner", "Startup Cost": 0.43, "Total Cost": 43367.78, "Plan Rows": 72, "Plan Width": 107, "Actual Startup Time": 0.783, "Actual Total Time": 219.504, "Actual Rows": 212, "Actual Loops": 4, "Inner Unique": true, "Plans": [{"Node Type": "Seq Scan", "Parent Relationship": "Outer", "Parallel Aware": true, "Relation Name": "movie_keyword", "Alias": "mk", "Startup Cost": 0.0, "Total Cost": 42695.65, "Plan Rows": 80, "Plan Width": 12, "Actual Startup Time": 0.714, "Actual Total Time": 211.377, "Actual Rows": 242, "Actual Loops": 4, "Filter": "(keyword_id = 2218)", "Rows Removed by Filter": 1130740}, {"Node Type": "Index Scan", "Parent Relationship": "Inner", "Parallel Aware": false, "Scan Direction": "Forward", "Index Name": "title_pkey", "Relation Name": "title", "Alias": "t", "Startup Cost": 0.43, "Total Cost": 8.4, "Plan Rows": 1, "Plan Width": 95, "Actual Startup Time": 0.031, "Actual Total Time": 0.031, "Actual Rows": 1, "Actual Loops": 970, "Index Cond": "(id = mk.movie_id)", "Rows Removed by Index Recheck": 0, "Filter": "(production_year > 1954)", "Rows Removed by Filter": 0}]}]}, "Planning Time": 1.383, "Triggers": [], "Execution Time": 229.057}