{"Plan": {"Node Type": "Gather", "Parallel Aware": false, "Startup Cost": 1000.0, "Total Cost": 53863.53, "Plan Rows": 141983, "Plan Width": 40, "Actual Startup Time": 0.655, "Actual Total Time": 150.38, "Actual Rows": 224384, "Actual Loops": 1, "Workers Planned": 4, "Workers Launched": 4, "Single Copy": false, "Plans": [{"Node Type": "Seq Scan", "Parent Relationship": "Outer", "Parallel Aware": true, "Relation Name": "movie_companies", "Alias": "mc", "Startup Cost": 0.0, "Total Cost": 38665.23, "Plan Rows": 35496, "Plan Width": 40, "Actual Startup Time": 0.049, "Actual Total Time": 122.345, "Actual Rows": 44877, "Actual Loops": 5, "Filter": "((company_id < 160) AND (company_type_id = 1))", "Rows Removed by Filter": 476949}]}, "Planning Time": 0.883, "Triggers": [], "Execution Time": 163.144}