{"Plan": {"Node Type": "Gather", "Parallel Aware": false, "Startup Cost": 110895.07, "Total Cost": 1248548.3, "Plan Rows": 6791702, "Plan Width": 163, "Actual Startup Time": 3592.985, "Actual Total Time": 24937.251, "Actual Rows": 53765709, "Actual Loops": 1, "Workers Planned": 6, "Workers Launched": 6, "Single Copy": false, "Plans": [{"Node Type": "Hash Join", "Parent Relationship": "Outer", "Parallel Aware": true, "Join Type": "Inner", "Startup Cost": 109895.07, "Total Cost": 568378.1, "Plan Rows": 1131950, "Plan Width": 163, "Actual Startup Time": 3585.225, "Actual Total Time": 10250.912, "Actual Rows": 7680816, "Actual Loops": 7, "Inner Unique": false, "Hash Cond": "(ci.movie_id = t.id)", "Plans": [{"Node Type": "Seq Scan", "Parent Relationship": "Outer", "Parallel Aware": true, "Relation Name": "cast_info", "Alias": "ci", "Startup Cost": 0.0, "Total Cost": 312666.24, "Plan Rows": 5996624, "Plan Width": 56, "Actual Startup Time": 0.043, "Actual Total Time": 1238.633, "Actual Rows": 5177763, "Actual Loops": 7}, {"Node Type": "Hash", "Parent Relationship": "Inner", "Parallel Aware": true, "Startup Cost": 105414.67, "Total Cost": 105414.67, "Plan Rows": 153952, "Plan Width": 107, "Actual Startup Time": 675.247, "Actual Total Time": 675.269, "Actual Rows": 97479, "Actual Loops": 7, "Hash Buckets": 32768, "Original Hash Buckets": 32768, "Hash Batches": 32, "Original Hash Batches": 32, "Peak Memory Usage": 3200, "Plans": [{"Node Type": "Hash Join", "Parent Relationship": "Outer", "Parallel Aware": true, "Join Type": "Inner", "Startup Cost": 47307.59, "Total Cost": 105414.67, "Plan Rows": 153952, "Plan Width": 107, "Actual Startup Time": 462.38, "Actual Total Time": 611.478, "Actual Rows": 97479, "Actual Loops": 7, "Inner Unique": true, "Hash Cond": "(mk.movie_id = t.id)", "Plans": [{"Node Type": "Seq Scan", "Parent Relationship": "Outer", "Parallel Aware": true, "Relation Name": "movie_keyword", "Alias": "mk", "Startup Cost": 0.0, "Total Cost": 39047.32, "Plan Rows": 1459332, "Plan Width": 12, "Actual Startup Time": 0.054, "Actual Total Time": 141.914, "Actual Rows": 646276, "Actual Loops": 7}, {"Node Type": "Hash", "Parent Relationship": "Inner", "Parallel Aware": true, "Startup Cost": 45497.09, "Total Cost": 45497.09, "Plan Rows": 66680, "Plan Width": 95, "Actual Startup Time": 143.93, "Actual Total Time": 143.933, "Actual Rows": 30897, "Actual Loops": 7, "Hash Buckets": 32768, "Original Hash Buckets": 32768, "Hash Batches": 16, "Original Hash Batches": 16, "Peak Memory Usage": 1888, "Plans": [{"Node Type": "Seq Scan", "Parent Relationship": "Outer", "Parallel Aware": true, "Relation Name": "title", "Alias": "t", "Startup Cost": 0.0, "Total Cost": 45497.09, "Plan Rows": 66680, "Plan Width": 95, "Actual Startup Time": 54.37, "Actual Total Time": 126.295, "Actual Rows": 30897, "Actual Loops": 7, "Filter": "((production_year > 2005) AND (kind_id = 1))", "Rows Removed by Filter": 330290}]}]}]}]}]}, "Planning Time": 1.75, "Triggers": [], "Execution Time": 28168.405}