{"Plan": {"Node Type": "Gather", "Parallel Aware": false, "Startup Cost": 418250.25, "Total Cost": 479033.14, "Plan Rows": 80729, "Plan Width": 203, "Actual Startup Time": 21387.872, "Actual Total Time": 61980.138, "Actual Rows": 90750250, "Actual Loops": 1, "Workers Planned": 3, "Workers Launched": 3, "Single Copy": false, "Plans": [{"Node Type": "Hash Join", "Parent Relationship": "Outer", "Parallel Aware": true, "Join Type": "Inner", "Startup Cost": 417250.25, "Total Cost": 469960.24, "Plan Rows": 26042, "Plan Width": 203, "Actual Startup Time": 21350.226, "Actual Total Time": 36113.839, "Actual Rows": 22687562, "Actual Loops": 4, "Inner Unique": false, "Hash Cond": "(mk.movie_id = t.id)", "Plans": [{"Node Type": "Seq Scan", "Parent Relationship": "Outer", "Parallel Aware": true, "Relation Name": "movie_keyword", "Alias": "mk", "Startup Cost": 0.0, "Total Cost": 42695.65, "Plan Rows": 689397, "Plan Width": 12, "Actual Startup Time": 0.091, "Actual Total Time": 291.513, "Actual Rows": 536237, "Actual Loops": 4, "Filter": "(keyword_id < 4030)", "Rows Removed by Filter": 594746}, {"Node Type": "Hash", "Parent Relationship": "Inner", "Parallel Aware": true, "Startup Cost": 416321.8, "Total Cost": 416321.8, "Plan Rows": 23876, "Plan Width": 191, "Actual Startup Time": 20829.232, "Actual Total Time": 20829.318, "Actual Rows": 1451409, "Actual Loops": 4, "Hash Buckets": 32768, "Original Hash Buckets": 32768, "Hash Batches": 32, "Original Hash Batches": 8, "Peak Memory Usage": 36352, "Plans": [{"Node Type": "Hash Join", "Parent Relationship": "Outer", "Parallel Aware": true, "Join Type": "Inner", "Startup Cost": 372100.15, "Total Cost": 416321.8, "Plan Rows": 23876, "Plan Width": 191, "Actual Startup Time": 17958.308, "Actual Total Time": 19582.8, "Actual Rows": 1451409, "Actual Loops": 4, "Inner Unique": false, "Hash Cond": "(mc.movie_id = t.id)", "Plans": [{"Node Type": "Seq Scan", "Parent Relationship": "Outer", "Parallel Aware": true, "Relation Name": "movie_companies", "Alias": "mc", "Startup Cost": 0.0, "Total Cost": 37034.53, "Plan Rows": 335556, "Plan Width": 40, "Actual Startup Time": 7.645, "Actual Total Time": 193.878, "Actual Rows": 333721, "Actual Loops": 4, "Filter": "(company_type_id = 2)", "Rows Removed by Filter": 318562}, {"Node Type": "Hash", "Parent Relationship": "Inner", "Parallel Aware": true, "Startup Cost": 371080.36, "Total Cost": 371080.36, "Plan Rows": 29983, "Plan Width": 151, "Actual Startup Time": 17599.045, "Actual Total Time": 17599.057, "Actual Rows": 1080754, "Actual Loops": 4, "Hash Buckets": 32768, "Original Hash Buckets": 32768, "Hash Batches": 256, "Original Hash Batches": 16, "Peak Memory Usage": 3328, "Plans": [{"Node Type": "Nested Loop", "Parent Relationship": "Outer", "Parallel Aware": false, "Join Type": "Inner", "Startup Cost": 0.43, "Total Cost": 371080.36, "Plan Rows": 29983, "Plan Width": 151, "Actual Startup Time": 1750.435, "Actual Total Time": 15229.85, "Actual Rows": 1080754, "Actual Loops": 4, "Inner Unique": true, "Plans": [{"Node Type": "Seq Scan", "Parent Relationship": "Outer", "Parallel Aware": true, "Relation Name": "cast_info", "Alias": "ci", "Startup Cost": 0.0, "Total Cost": 327657.8, "Plan Rows": 29983, "Plan Width": 56, "Actual Startup Time": 1750.247, "Actual Total Time": 2243.029, "Actual Rows": 1080754, "Actual Loops": 4, "Filter": "(role_id = 10)", "Rows Removed by Filter": 7980332}, {"Node Type": "Index Scan", "Parent Relationship": "Inner", "Parallel Aware": false, "Scan Direction": "Forward", "Index Name": "title_pkey", "Relation Name": "title", "Alias": "t", "Startup Cost": 0.43, "Total Cost": 1.45, "Plan Rows": 1, "Plan Width": 95, "Actual Startup Time": 0.011, "Actual Total Time": 0.011, "Actual Rows": 1, "Actual Loops": 4323018, "Index Cond": "(id = ci.movie_id)", "Rows Removed by Index Recheck": 0}]}]}]}]}]}]}, "Planning Time": 2.878, "Triggers": [], "Execution Time": 67313.116}