{"Plan": {"Node Type": "Gather", "Parallel Aware": false, "Startup Cost": 286929.27, "Total Cost": 622358.28, "Plan Rows": 2745, "Plan Width": 276, "Actual Startup Time": 1234.507, "Actual Total Time": 2980.041, "Actual Rows": 455, "Actual Loops": 1, "Workers Planned": 6, "Workers Launched": 6, "Single Copy": false, "Plans": [{"Node Type": "Hash Join", "Parent Relationship": "Outer", "Parallel Aware": true, "Join Type": "Inner", "Startup Cost": 285929.27, "Total Cost": 621083.78, "Plan Rows": 458, "Plan Width": 276, "Actual Startup Time": 2038.874, "Actual Total Time": 2966.45, "Actual Rows": 65, "Actual Loops": 7, "Inner Unique": false, "Hash Cond": "(ci.movie_id = t.id)", "Plans": [{"Node Type": "Seq Scan", "Parent Relationship": "Outer", "Parallel Aware": true, "Relation Name": "cast_info", "Alias": "ci", "Startup Cost": 0.0, "Total Cost": 312666.24, "Plan Rows": 5996624, "Plan Width": 56, "Actual Startup Time": 0.097, "Actual Total Time": 879.906, "Actual Rows": 5177763, "Actual Loops": 7}, {"Node Type": "Hash", "Parent Relationship": "Inner", "Parallel Aware": true, "Startup Cost": 285928.79, "Total Cost": 285928.79, "Plan Rows": 39, "Plan Width": 220, "Actual Startup Time": 1085.212, "Actual Total Time": 1085.255, "Actual Rows": 5, "Actual Loops": 7, "Hash Buckets": 1024, "Original Hash Buckets": 1024, "Hash Batches": 1, "Original Hash Batches": 1, "Peak Memory Usage": 168, "Plans": [{"Node Type": "Hash Join", "Parent Relationship": "Outer", "Parallel Aware": true, "Join Type": "Inner", "Startup Cost": 83296.08, "Total Cost": 285928.79, "Plan Rows": 39, "Plan Width": 220, "Actual Startup Time": 654.219, "Actual Total Time": 1085.131, "Actual Rows": 5, "Actual Loops": 7, "Inner Unique": false, "Hash Cond": "(mi.movie_id = t.id)", "Plans": [{"Node Type": "Seq Scan", "Parent Relationship": "Outer", "Parallel Aware": true, "Relation Name": "movie_info", "Alias": "mi", "Startup Cost": 0.0, "Total Cost": 191549.05, "Plan Rows": 2955605, "Plan Width": 73, "Actual Startup Time": 0.069, "Actual Total Time": 452.583, "Actual Rows": 2119389, "Actual Loops": 7}, {"Node Type": "Hash", "Parent Relationship": "Inner", "Parallel Aware": true, "Startup Cost": 83295.95, "Total Cost": 83295.95, "Plan Rows": 11, "Plan Width": 147, "Actual Startup Time": 257.347, "Actual Total Time": 257.376, "Actual Rows": 1, "Actual Loops": 7, "Hash Buckets": 1024, "Original Hash Buckets": 1024, "Hash Batches": 1, "Original Hash Batches": 1, "Peak Memory Usage": 40, "Plans": [{"Node Type": "Nested Loop", "Parent Relationship": "Outer", "Parallel Aware": false, "Join Type": "Inner", "Startup Cost": 38665.83, "Total Cost": 83295.95, "Plan Rows": 11, "Plan Width": 147, "Actual Startup Time": 235.508, "Actual Total Time": 257.166, "Actual Rows": 1, "Actual Loops": 7, "Inner Unique": true, "Join Filter": "(mc.movie_id = t.id)", "Rows Removed by Join Filter": 0, "Plans": [{"Node Type": "Hash Join", "Parent Relationship": "Outer", "Parallel Aware": true, "Join Type": "Inner", "Startup Cost": 38665.4, "Total Cost": 83266.08, "Plan Rows": 52, "Plan Width": 52, "Actual Startup Time": 235.49, "Actual Total Time": 257.138, "Actual Rows": 1, "Actual Loops": 7, "Inner Unique": false, "Hash Cond": "(mk.movie_id = mc.movie_id)", "Plans": [{"Node Type": "Seq Scan", "Parent Relationship": "Outer", "Parallel Aware": true, "Relation Name": "movie_keyword", "Alias": "mk", "Startup Cost": 0.0, "Total Cost": 42695.65, "Plan Rows": 507974, "Plan Width": 12, "Actual Startup Time": 0.057, "Actual Total Time": 140.307, "Actual Rows": 224096, "Actual Loops": 7, "Filter": "(keyword_id > 9986)", "Rows Removed by Filter": 422180}, {"Node Type": "Hash", "Parent Relationship": "Inner", "Parallel Aware": true, "Startup Cost": 38665.23, "Total Cost": 38665.23, "Plan Rows": 13, "Plan Width": 40, "Actual Startup Time": 86.82, "Actual Total Time": 86.828, "Actual Rows": 3, "Actual Loops": 7, "Hash Buckets": 1024, "Original Hash Buckets": 1024, "Hash Batches": 1, "Original Hash Batches": 1, "Peak Memory Usage": 232, "Plans": [{"Node Type": "Seq Scan", "Parent Relationship": "Outer", "Parallel Aware": true, "Relation Name": "movie_companies", "Alias": "mc", "Startup Cost": 0.0, "Total Cost": 38665.23, "Plan Rows": 13, "Plan Width": 40, "Actual Startup Time": 27.312, "Actual Total Time": 86.742, "Actual Rows": 3, "Actual Loops": 7, "Filter": "((company_type_id > 1) AND (company_id = 1627))", "Rows Removed by Filter": 372730}]}]}, {"Node Type": "Index Scan", "Parent Relationship": "Inner", "Parallel Aware": false, "Scan Direction": "Forward", "Index Name": "title_pkey", "Relation Name": "title", "Alias": "t", "Startup Cost": 0.43, "Total Cost": 0.56, "Plan Rows": 1, "Plan Width": 95, "Actual Startup Time": 0.024, "Actual Total Time": 0.024, "Actual Rows": 1, "Actual Loops": 5, "Index Cond": "(id = mk.movie_id)", "Rows Removed by Index Recheck": 0}]}]}]}]}]}]}, "Planning Time": 3.604, "Triggers": [], "Execution Time": 2980.421}