{"Plan": {"Node Type": "Gather", "Parallel Aware": false, "Startup Cost": 49597.72, "Total Cost": 190144.4, "Plan Rows": 817436, "Plan Width": 107, "Actual Startup Time": 813.502, "Actual Total Time": 1449.903, "Actual Rows": 1320062, "Actual Loops": 1, "Workers Planned": 3, "Workers Launched": 3, "Single Copy": false, "Plans": [{"Node Type": "Hash Join", "Parent Relationship": "Outer", "Parallel Aware": true, "Join Type": "Inner", "Startup Cost": 48597.72, "Total Cost": 107400.8, "Plan Rows": 263689, "Plan Width": 107, "Actual Startup Time": 805.767, "Actual Total Time": 1158.158, "Actual Rows": 330016, "Actual Loops": 4, "Inner Unique": true, "Hash Cond": "(mk.movie_id = t.id)", "Plans": [{"Node Type": "Seq Scan", "Parent Relationship": "Outer", "Parallel Aware": true, "Relation Name": "movie_keyword", "Alias": "mk", "Startup Cost": 0.0, "Total Cost": 39047.32, "Plan Rows": 1459332, "Plan Width": 12, "Actual Startup Time": 0.047, "Actual Total Time": 243.887, "Actual Rows": 1130982, "Actual Loops": 4}, {"Node Type": "Hash", "Parent Relationship": "Inner", "Parallel Aware": true, "Startup Cost": 45497.09, "Total Cost": 45497.09, "Plan Rows": 114210, "Plan Width": 95, "Actual Startup Time": 256.668, "Actual Total Time": 256.669, "Actual Rows": 88146, "Actual Loops": 4, "Hash Buckets": 32768, "Original Hash Buckets": 32768, "Hash Batches": 16, "Original Hash Batches": 16, "Peak Memory Usage": 2816, "Plans": [{"Node Type": "Seq Scan", "Parent Relationship": "Outer", "Parallel Aware": true, "Relation Name": "title", "Alias": "t", "Startup Cost": 0.0, "Total Cost": 45497.09, "Plan Rows": 114210, "Plan Width": 95, "Actual Startup Time": 0.053, "Actual Total Time": 214.282, "Actual Rows": 88146, "Actual Loops": 4, "Filter": "((kind_id < 3) AND (production_year > 1997))", "Rows Removed by Filter": 543932}]}]}]}, "Planning Time": 1.322, "Triggers": [], "Execution Time": 1527.652}