{"Plan": {"Node Type": "Gather", "Parallel Aware": false, "Startup Cost": 292886.01, "Total Cost": 667031.5, "Plan Rows": 387834, "Plan Width": 261, "Actual Startup Time": 1030.837, "Actual Total Time": 3020.036, "Actual Rows": 65833, "Actual Loops": 1, "Workers Planned": 6, "Workers Launched": 6, "Single Copy": false, "Plans": [{"Node Type": "Hash Join", "Parent Relationship": "Outer", "Parallel Aware": true, "Join Type": "Inner", "Startup Cost": 291886.01, "Total Cost": 627248.1, "Plan Rows": 64639, "Plan Width": 261, "Actual Startup Time": 1014.564, "Actual Total Time": 2959.1, "Actual Rows": 9405, "Actual Loops": 7, "Inner Unique": false, "Hash Cond": "(ci.movie_id = t.id)", "Plans": [{"Node Type": "Seq Scan", "Parent Relationship": "Outer", "Parallel Aware": true, "Relation Name": "cast_info", "Alias": "ci", "Startup Cost": 0.0, "Total Cost": 312666.24, "Plan Rows": 5996624, "Plan Width": 56, "Actual Startup Time": 0.049, "Actual Total Time": 893.965, "Actual Rows": 5177763, "Actual Loops": 7}, {"Node Type": "Hash", "Parent Relationship": "Inner", "Parallel Aware": true, "Startup Cost": 291776.12, "Total Cost": 291776.12, "Plan Rows": 8791, "Plan Width": 205, "Actual Startup Time": 1008.574, "Actual Total Time": 1008.631, "Actual Rows": 172, "Actual Loops": 7, "Hash Buckets": 32768, "Original Hash Buckets": 32768, "Hash Batches": 1, "Original Hash Batches": 1, "Peak Memory Usage": 608, "Plans": [{"Node Type": "Hash Join", "Parent Relationship": "Outer", "Parallel Aware": true, "Join Type": "Inner", "Startup Cost": 243812.77, "Total Cost": 291776.12, "Plan Rows": 8791, "Plan Width": 205, "Actual Startup Time": 861.809, "Actual Total Time": 1007.957, "Actual Rows": 172, "Actual Loops": 7, "Inner Unique": false, "Hash Cond": "(mk.movie_id = t.id)", "Plans": [{"Node Type": "Seq Scan", "Parent Relationship": "Outer", "Parallel Aware": true, "Relation Name": "movie_keyword", "Alias": "mk", "Startup Cost": 0.0, "Total Cost": 42695.65, "Plan Rows": 1400031, "Plan Width": 12, "Actual Startup Time": 0.047, "Actual Total Time": 165.734, "Actual Rows": 620110, "Actual Loops": 7, "Filter": "(keyword_id < 71574)", "Rows Removed by Filter": 26166}, {"Node Type": "Hash", "Parent Relationship": "Inner", "Parallel Aware": true, "Startup Cost": 243773.08, "Total Cost": 243773.08, "Plan Rows": 3175, "Plan Width": 193, "Actual Startup Time": 756.627, "Actual Total Time": 756.671, "Actual Rows": 17, "Actual Loops": 7, "Hash Buckets": 16384, "Original Hash Buckets": 16384, "Hash Batches": 1, "Original Hash Batches": 1, "Peak Memory Usage": 352, "Plans": [{"Node Type": "Nested Loop", "Parent Relationship": "Outer", "Parallel Aware": false, "Join Type": "Inner", "Startup Cost": 18810.31, "Total Cost": 243773.08, "Plan Rows": 3175, "Plan Width": 193, "Actual Startup Time": 586.92, "Actual Total Time": 755.175, "Actual Rows": 17, "Actual Loops": 7, "Inner Unique": true, "Join Filter": "(mi.movie_id = t.id)", "Rows Removed by Join Filter": 0, "Plans": [{"Node Type": "Hash Join", "Parent Relationship": "Outer", "Parallel Aware": true, "Join Type": "Inner", "Startup Cost": 18809.88, "Total Cost": 220000.81, "Plan Rows": 27773, "Plan Width": 98, "Actual Startup Time": 582.257, "Actual Total Time": 615.472, "Actual Rows": 13935, "Actual Loops": 7, "Inner Unique": false, "Hash Cond": "(mi.movie_id = mi_idx.movie_id)", "Plans": [{"Node Type": "Seq Scan", "Parent Relationship": "Outer", "Parallel Aware": true, "Relation Name": "movie_info", "Alias": "mi", "Startup Cost": 0.0, "Total Cost": 198938.07, "Plan Rows": 28571, "Plan Width": 73, "Actual Startup Time": 322.089, "Actual Total Time": 485.258, "Actual Rows": 20009, "Actual Loops": 7, "Filter": "(info_type_id = 9)", "Rows Removed by Filter": 2099379}, {"Node Type": "Hash", "Parent Relationship": "Inner", "Parallel Aware": true, "Startup Cost": 15122.68, "Total Cost": 15122.68, "Plan Rows": 190656, "Plan Width": 25, "Actual Startup Time": 72.082, "Actual Total Time": 72.087, "Actual Rows": 65704, "Actual Loops": 7, "Hash Buckets": 65536, "Original Hash Buckets": 65536, "Hash Batches": 16, "Original Hash Batches": 16, "Peak Memory Usage": 2176, "Plans": [{"Node Type": "Seq Scan", "Parent Relationship": "Outer", "Parallel Aware": true, "Relation Name": "movie_info_idx", "Alias": "mi_idx", "Startup Cost": 0.0, "Total Cost": 15122.68, "Plan Rows": 190656, "Plan Width": 25, "Actual Startup Time": 0.066, "Actual Total Time": 50.684, "Actual Rows": 65704, "Actual Loops": 7, "Filter": "(info_type_id < 100)", "Rows Removed by Filter": 131444}]}]}, {"Node Type": "Index Scan", "Parent Relationship": "Inner", "Parallel Aware": false, "Scan Direction": "Forward", "Index Name": "title_pkey", "Relation Name": "title", "Alias": "t", "Startup Cost": 0.43, "Total Cost": 0.84, "Plan Rows": 1, "Plan Width": 95, "Actual Startup Time": 0.01, "Actual Total Time": 0.01, "Actual Rows": 0, "Actual Loops": 97544, "Index Cond": "(id = mi_idx.movie_id)", "Rows Removed by Index Recheck": 0, "Filter": "(kind_id = 7)", "Rows Removed by Filter": 1}]}]}]}]}]}]}, "Planning Time": 3.66, "Triggers": [], "Execution Time": 3024.4}