{"Plan": {"Node Type": "Hash Join", "Parallel Aware": false, "Join Type": "Inner", "Startup Cost": 368430.7, "Total Cost": 1049273.17, "Plan Rows": 8204369, "Plan Width": 180, "Actual Startup Time": 8144.893, "Actual Total Time": 23319.153, "Actual Rows": 13613824, "Actual Loops": 1, "Inner Unique": false, "Hash Cond": "(mi.movie_id = t.id)", "Plans": [{"Node Type": "Seq Scan", "Parent Relationship": "Outer", "Parallel Aware": false, "Relation Name": "movie_info", "Alias": "mi", "Startup Cost": 0.0, "Total Cost": 346718.34, "Plan Rows": 6216069, "Plan Width": 73, "Actual Startup Time": 916.625, "Actual Total Time": 4170.884, "Actual Rows": 6223494, "Actual Loops": 1, "Filter": "(info_type_id > 8)", "Rows Removed by Filter": 8612226}, {"Node Type": "Hash", "Parent Relationship": "Inner", "Parallel Aware": false, "Startup Cost": 271318.18, "Total Cost": 271318.18, "Plan Rows": 3337002, "Plan Width": 107, "Actual Startup Time": 7227.65, "Actual Total Time": 7227.664, "Actual Rows": 1637255, "Actual Loops": 1, "Hash Buckets": 32768, "Original Hash Buckets": 32768, "Hash Batches": 128, "Original Hash Batches": 128, "Peak Memory Usage": 1956, "Plans": [{"Node Type": "Hash Join", "Parent Relationship": "Outer", "Parallel Aware": false, "Join Type": "Inner", "Startup Cost": 118250.54, "Total Cost": 271318.18, "Plan Rows": 3337002, "Plan Width": 107, "Actual Startup Time": 1812.42, "Actual Total Time": 6206.604, "Actual Rows": 1637255, "Actual Loops": 1, "Inner Unique": true, "Hash Cond": "(mk.movie_id = t.id)", "Plans": [{"Node Type": "Seq Scan", "Parent Relationship": "Outer", "Parallel Aware": false, "Relation Name": "movie_keyword", "Alias": "mk", "Startup Cost": 0.0, "Total Cost": 69693.3, "Plan Rows": 4523930, "Plan Width": 12, "Actual Startup Time": 0.053, "Actual Total Time": 932.398, "Actual Rows": 4523930, "Actual Loops": 1}, {"Node Type": "Hash", "Parent Relationship": "Inner", "Parallel Aware": false, "Startup Cost": 67619.64, "Total Cost": 67619.64, "Plan Rows": 1864952, "Plan Width": 95, "Actual Startup Time": 1807.78, "Actual Total Time": 1807.784, "Actual Rows": 1865487, "Actual Loops": 1, "Hash Buckets": 32768, "Original Hash Buckets": 32768, "Hash Batches": 64, "Original Hash Batches": 64, "Peak Memory Usage": 3598, "Plans": [{"Node Type": "Seq Scan", "Parent Relationship": "Outer", "Parallel Aware": false, "Relation Name": "title", "Alias": "t", "Startup Cost": 0.0, "Total Cost": 67619.64, "Plan Rows": 1864952, "Plan Width": 95, "Actual Startup Time": 0.028, "Actual Total Time": 971.03, "Actual Rows": 1865487, "Actual Loops": 1, "Filter": "(kind_id > 1)", "Rows Removed by Filter": 662825}]}]}]}]}, "Planning Time": 2.294, "Triggers": [], "Execution Time": 24084.18}