{"Plan": {"Node Type": "Gather", "Parallel Aware": false, "Startup Cost": 41601.94, "Total Cost": 392428.28, "Plan Rows": 12097, "Plan Width": 191, "Actual Startup Time": 1799.486, "Actual Total Time": 6946.965, "Actual Rows": 1124770, "Actual Loops": 1, "Workers Planned": 6, "Workers Launched": 6, "Single Copy": false, "Plans": [{"Node Type": "Nested Loop", "Parent Relationship": "Outer", "Parallel Aware": false, "Join Type": "Inner", "Startup Cost": 40601.94, "Total Cost": 390218.58, "Plan Rows": 2016, "Plan Width": 191, "Actual Startup Time": 1790.234, "Actual Total Time": 6582.548, "Actual Rows": 160681, "Actual Loops": 7, "Inner Unique": true, "Plans": [{"Node Type": "Hash Join", "Parent Relationship": "Outer", "Parallel Aware": true, "Join Type": "Inner", "Startup Cost": 40601.51, "Total Cost": 369758.05, "Plan Rows": 22125, "Plan Width": 96, "Actual Startup Time": 1789.995, "Actual Total Time": 2538.294, "Actual Rows": 458451, "Actual Loops": 7, "Inner Unique": false, "Hash Cond": "(ci.movie_id = mc.movie_id)", "Plans": [{"Node Type": "Seq Scan", "Parent Relationship": "Outer", "Parallel Aware": true, "Relation Name": "cast_info", "Alias": "ci", "Startup Cost": 0.0, "Total Cost": 327657.8, "Plan Rows": 29983, "Plan Width": 56, "Actual Startup Time": 406.041, "Actual Total Time": 1305.915, "Actual Rows": 1064568, "Actual Loops": 7, "Filter": "(role_id = 2)", "Rows Removed by Filter": 4113196}, {"Node Type": "Hash", "Parent Relationship": "Inner", "Parallel Aware": true, "Startup Cost": 38665.23, "Total Cost": 38665.23, "Plan Rows": 95302, "Plan Width": 40, "Actual Startup Time": 188.292, "Actual Total Time": 188.294, "Actual Rows": 80698, "Actual Loops": 7, "Hash Buckets": 65536, "Original Hash Buckets": 65536, "Hash Batches": 16, "Original Hash Batches": 8, "Peak Memory Usage": 3232, "Plans": [{"Node Type": "Seq Scan", "Parent Relationship": "Outer", "Parallel Aware": true, "Relation Name": "movie_companies", "Alias": "mc", "Startup Cost": 0.0, "Total Cost": 38665.23, "Plan Rows": 95302, "Plan Width": 40, "Actual Startup Time": 0.053, "Actual Total Time": 102.539, "Actual Rows": 80698, "Actual Loops": 7, "Filter": "((company_id < 1724) AND (company_type_id = 1))", "Rows Removed by Filter": 292035}]}]}, {"Node Type": "Index Scan", "Parent Relationship": "Inner", "Parallel Aware": false, "Scan Direction": "Forward", "Index Name": "title_pkey", "Relation Name": "title", "Alias": "t", "Startup Cost": 0.43, "Total Cost": 0.92, "Plan Rows": 1, "Plan Width": 95, "Actual Startup Time": 0.008, "Actual Total Time": 0.008, "Actual Rows": 0, "Actual Loops": 3209160, "Index Cond": "(id = mc.movie_id)", "Rows Removed by Index Recheck": 0, "Filter": "((production_year > 1986) AND (kind_id = 7))", "Rows Removed by Filter": 1}]}]}, "Planning Time": 1.771, "Triggers": [], "Execution Time": 7015.803}