{"Plan": {"Node Type": "Gather", "Parallel Aware": false, "Startup Cost": 1000.0, "Total Cost": 38044.83, "Plan Rows": 103, "Plan Width": 40, "Actual Startup Time": 0.713, "Actual Total Time": 119.444, "Actual Rows": 356, "Actual Loops": 1, "Workers Planned": 4, "Workers Launched": 4, "Single Copy": false, "Plans": [{"Node Type": "Seq Scan", "Parent Relationship": "Outer", "Parallel Aware": true, "Relation Name": "movie_companies", "Alias": "mc", "Startup Cost": 0.0, "Total Cost": 37034.53, "Plan Rows": 26, "Plan Width": 40, "Actual Startup Time": 0.343, "Actual Total Time": 111.192, "Actual Rows": 71, "Actual Loops": 5, "Filter": "(company_id = 12094)", "Rows Removed by Filter": 521755}]}, "Planning Time": 1.169, "Triggers": [], "Execution Time": 119.594}