{"Plan": {"Node Type": "Gather", "Parallel Aware": false, "Startup Cost": 47295.28, "Total Cost": 77196.44, "Plan Rows": 64136, "Plan Width": 120, "Actual Startup Time": 496.009, "Actual Total Time": 580.665, "Actual Rows": 198, "Actual Loops": 1, "Workers Planned": 2, "Workers Launched": 2, "Single Copy": false, "Plans": [{"Node Type": "Hash Join", "Parent Relationship": "Outer", "Parallel Aware": true, "Join Type": "Inner", "Startup Cost": 46295.28, "Total Cost": 69782.84, "Plan Rows": 26723, "Plan Width": 120, "Actual Startup Time": 490.72, "Actual Total Time": 555.362, "Actual Rows": 66, "Actual Loops": 3, "Inner Unique": true, "Hash Cond": "(mi_idx.movie_id = t.id)", "Plans": [{"Node Type": "Seq Scan", "Parent Relationship": "Outer", "Parallel Aware": true, "Relation Name": "movie_info_idx", "Alias": "mi_idx", "Startup Cost": 0.0, "Total Cost": 13685.15, "Plan Rows": 575015, "Plan Width": 25, "Actual Startup Time": 0.046, "Actual Total Time": 90.435, "Actual Rows": 460012, "Actual Loops": 3}, {"Node Type": "Hash", "Parent Relationship": "Inner", "Parallel Aware": true, "Startup Cost": 45497.09, "Total Cost": 45497.09, "Plan Rows": 29375, "Plan Width": 95, "Actual Startup Time": 268.996, "Actual Total Time": 268.997, "Actual Rows": 252, "Actual Loops": 3, "Hash Buckets": 32768, "Original Hash Buckets": 32768, "Hash Batches": 4, "Original Hash Batches": 4, "Peak Memory Usage": 352, "Plans": [{"Node Type": "Seq Scan", "Parent Relationship": "Outer", "Parallel Aware": true, "Relation Name": "title", "Alias": "t", "Startup Cost": 0.0, "Total Cost": 45497.09, "Plan Rows": 29375, "Plan Width": 95, "Actual Startup Time": 2.971, "Actual Total Time": 267.802, "Actual Rows": 252, "Actual Loops": 3, "Filter": "((kind_id > 1) AND (production_year < 1948))", "Rows Removed by Filter": 842518}]}]}]}, "Planning Time": 1.464, "Triggers": [], "Execution Time": 580.82}