{"Plan": {"Node Type": "Gather", "Parallel Aware": false, "Startup Cost": 46510.52, "Total Cost": 92188.42, "Plan Rows": 14830, "Plan Width": 107, "Actual Startup Time": 489.506, "Actual Total Time": 539.227, "Actual Rows": 4304, "Actual Loops": 1, "Workers Planned": 3, "Workers Launched": 3, "Single Copy": false, "Plans": [{"Node Type": "Hash Join", "Parent Relationship": "Outer", "Parallel Aware": true, "Join Type": "Inner", "Startup Cost": 45510.52, "Total Cost": 89705.42, "Plan Rows": 4784, "Plan Width": 107, "Actual Startup Time": 480.452, "Actual Total Time": 508.348, "Actual Rows": 1076, "Actual Loops": 4, "Inner Unique": true, "Hash Cond": "(mk.movie_id = t.id)", "Plans": [{"Node Type": "Seq Scan", "Parent Relationship": "Outer", "Parallel Aware": true, "Relation Name": "movie_keyword", "Alias": "mk", "Startup Cost": 0.0, "Total Cost": 42695.65, "Plan Rows": 51523, "Plan Width": 12, "Actual Startup Time": 0.082, "Actual Total Time": 214.135, "Actual Rows": 40952, "Actual Loops": 4, "Filter": "(keyword_id < 121)", "Rows Removed by Filter": 1090030}, {"Node Type": "Hash", "Parent Relationship": "Inner", "Parallel Aware": true, "Startup Cost": 43916.91, "Total Cost": 43916.91, "Plan Rows": 58689, "Plan Width": 95, "Actual Startup Time": 240.784, "Actual Total Time": 240.785, "Actual Rows": 57912, "Actual Loops": 4, "Hash Buckets": 32768, "Original Hash Buckets": 32768, "Hash Batches": 8, "Original Hash Batches": 8, "Peak Memory Usage": 3744, "Plans": [{"Node Type": "Seq Scan", "Parent Relationship": "Outer", "Parallel Aware": true, "Relation Name": "title", "Alias": "t", "Startup Cost": 0.0, "Total Cost": 43916.91, "Plan Rows": 58689, "Plan Width": 95, "Actual Startup Time": 0.047, "Actual Total Time": 211.74, "Actual Rows": 57912, "Actual Loops": 4, "Filter": "(production_year > 2011)", "Rows Removed by Filter": 574166}]}]}]}, "Planning Time": 1.38, "Triggers": [], "Execution Time": 539.636}