{"Plan": {"Node Type": "Gather", "Parallel Aware": false, "Startup Cost": 48558.28, "Total Cost": 187148.52, "Plan Rows": 790392, "Plan Width": 107, "Actual Startup Time": 858.983, "Actual Total Time": 1281.047, "Actual Rows": 378514, "Actual Loops": 1, "Workers Planned": 3, "Workers Launched": 3, "Single Copy": false, "Plans": [{"Node Type": "Hash Join", "Parent Relationship": "Outer", "Parallel Aware": true, "Join Type": "Inner", "Startup Cost": 47558.28, "Total Cost": 107109.32, "Plan Rows": 254965, "Plan Width": 107, "Actual Startup Time": 851.529, "Actual Total Time": 1096.824, "Actual Rows": 94628, "Actual Loops": 4, "Inner Unique": true, "Hash Cond": "(mk.movie_id = t.id)", "Plans": [{"Node Type": "Seq Scan", "Parent Relationship": "Outer", "Parallel Aware": true, "Relation Name": "movie_keyword", "Alias": "mk", "Startup Cost": 0.0, "Total Cost": 42695.65, "Plan Rows": 1201670, "Plan Width": 12, "Actual Startup Time": 0.061, "Actual Total Time": 324.31, "Actual Rows": 931296, "Actual Loops": 4, "Filter": "(keyword_id < 23175)", "Rows Removed by Filter": 199686}, {"Node Type": "Hash", "Parent Relationship": "Inner", "Parallel Aware": true, "Startup Cost": 43916.91, "Total Cost": 43916.91, "Plan Rows": 134110, "Plan Width": 95, "Actual Startup Time": 291.605, "Actual Total Time": 291.61, "Actual Rows": 133342, "Actual Loops": 4, "Hash Buckets": 32768, "Original Hash Buckets": 32768, "Hash Batches": 32, "Original Hash Batches": 32, "Peak Memory Usage": 2272, "Plans": [{"Node Type": "Seq Scan", "Parent Relationship": "Outer", "Parallel Aware": true, "Relation Name": "title", "Alias": "t", "Startup Cost": 0.0, "Total Cost": 43916.91, "Plan Rows": 134110, "Plan Width": 95, "Actual Startup Time": 0.057, "Actual Total Time": 225.761, "Actual Rows": 133342, "Actual Loops": 4, "Filter": "(production_year > 2009)", "Rows Removed by Filter": 498736}]}]}]}, "Planning Time": 1.401, "Triggers": [], "Execution Time": 1303.153}