{"Plan": {"Node Type": "Hash Join", "Parallel Aware": false, "Join Type": "Inner", "Startup Cost": 129938.55, "Total Cost": 890764.21, "Plan Rows": 14778027, "Plan Width": 168, "Actual Startup Time": 2114.116, "Actual Total Time": 25339.577, "Actual Rows": 14835720, "Actual Loops": 1, "Inner Unique": true, "Hash Cond": "(mi.movie_id = t.id)", "Plans": [{"Node Type": "Seq Scan", "Parent Relationship": "Outer", "Parallel Aware": false, "Relation Name": "movie_info", "Alias": "mi", "Startup Cost": 0.0, "Total Cost": 309773.27, "Plan Rows": 14778027, "Plan Width": 73, "Actual Startup Time": 0.036, "Actual Total Time": 4072.674, "Actual Rows": 14835720, "Actual Loops": 1}, {"Node Type": "Hash", "Parent Relationship": "Inner", "Parallel Aware": false, "Startup Cost": 61298.91, "Total Cost": 61298.91, "Plan Rows": 2528291, "Plan Width": 95, "Actual Startup Time": 2107.0, "Actual Total Time": 2107.002, "Actual Rows": 2528312, "Actual Loops": 1, "Hash Buckets": 32768, "Original Hash Buckets": 32768, "Hash Batches": 128, "Original Hash Batches": 128, "Peak Memory Usage": 2453, "Plans": [{"Node Type": "Seq Scan", "Parent Relationship": "Outer", "Parallel Aware": false, "Relation Name": "title", "Alias": "t", "Startup Cost": 0.0, "Total Cost": 61298.91, "Plan Rows": 2528291, "Plan Width": 95, "Actual Startup Time": 0.038, "Actual Total Time": 698.869, "Actual Rows": 2528312, "Actual Loops": 1}]}]}, "Planning Time": 1.501, "Triggers": [], "Execution Time": 26146.181}