{"Plan": {"Node Type": "Gather", "Parallel Aware": false, "Startup Cost": 275204.99, "Total Cost": 346389.13, "Plan Rows": 254984, "Plan Width": 208, "Actual Startup Time": 1859.377, "Actual Total Time": 2507.186, "Actual Rows": 899370, "Actual Loops": 1, "Workers Planned": 4, "Workers Launched": 4, "Single Copy": false, "Plans": [{"Node Type": "Hash Join", "Parent Relationship": "Outer", "Parallel Aware": true, "Join Type": "Inner", "Startup Cost": 274204.99, "Total Cost": 319890.73, "Plan Rows": 63746, "Plan Width": 208, "Actual Startup Time": 1851.711, "Actual Total Time": 2082.411, "Actual Rows": 179874, "Actual Loops": 5, "Inner Unique": false, "Hash Cond": "(mc.movie_id = t.id)", "Plans": [{"Node Type": "Seq Scan", "Parent Relationship": "Outer", "Parallel Aware": true, "Relation Name": "movie_companies", "Alias": "mc", "Startup Cost": 0.0, "Total Cost": 37034.53, "Plan Rows": 316726, "Plan Width": 40, "Actual Startup Time": 0.072, "Actual Total Time": 159.696, "Actual Rows": 254849, "Actual Loops": 5, "Filter": "(company_type_id < 2)", "Rows Removed by Filter": 266977}, {"Node Type": "Hash", "Parent Relationship": "Inner", "Parallel Aware": true, "Startup Cost": 270546.86, "Total Cost": 270546.86, "Plan Rows": 101771, "Plan Width": 168, "Actual Startup Time": 1598.222, "Actual Total Time": 1598.249, "Actual Rows": 94889, "Actual Loops": 5, "Hash Buckets": 32768, "Original Hash Buckets": 32768, "Hash Batches": 32, "Original Hash Batches": 32, "Peak Memory Usage": 2368, "Plans": [{"Node Type": "Hash Join", "Parent Relationship": "Outer", "Parallel Aware": true, "Join Type": "Inner", "Startup Cost": 59496.64, "Total Cost": 270546.86, "Plan Rows": 101771, "Plan Width": 168, "Actual Startup Time": 1206.756, "Actual Total Time": 1522.747, "Actual Rows": 94889, "Actual Loops": 5, "Inner Unique": true, "Hash Cond": "(mi.movie_id = t.id)", "Plans": [{"Node Type": "Seq Scan", "Parent Relationship": "Outer", "Parallel Aware": true, "Relation Name": "movie_info", "Alias": "mi", "Startup Cost": 0.0, "Total Cost": 198938.07, "Plan Rows": 101771, "Plan Width": 73, "Actual Startup Time": 247.603, "Actual Total Time": 683.248, "Actual Rows": 94889, "Actual Loops": 5, "Filter": "(info_type_id = 6)", "Rows Removed by Filter": 2872255}, {"Node Type": "Hash", "Parent Relationship": "Inner", "Parallel Aware": true, "Startup Cost": 42336.73, "Total Cost": 42336.73, "Plan Rows": 632073, "Plan Width": 95, "Actual Startup Time": 445.204, "Actual Total Time": 445.207, "Actual Rows": 505662, "Actual Loops": 5, "Hash Buckets": 32768, "Original Hash Buckets": 32768, "Hash Batches": 128, "Original Hash Batches": 128, "Peak Memory Usage": 2624, "Plans": [{"Node Type": "Seq Scan", "Parent Relationship": "Outer", "Parallel Aware": true, "Relation Name": "title", "Alias": "t", "Startup Cost": 0.0, "Total Cost": 42336.73, "Plan Rows": 632073, "Plan Width": 95, "Actual Startup Time": 0.031, "Actual Total Time": 152.515, "Actual Rows": 505662, "Actual Loops": 5}]}]}]}]}]}, "Planning Time": 1.874, "Triggers": [], "Execution Time": 2560.547}