{"Plan": {"Node Type": "Gather", "Parallel Aware": false, "Startup Cost": 1000.0, "Total Cost": 44751.25, "Plan Rows": 10556, "Plan Width": 12, "Actual Startup Time": 0.982, "Actual Total Time": 212.688, "Actual Rows": 10799, "Actual Loops": 1, "Workers Planned": 3, "Workers Launched": 3, "Single Copy": false, "Plans": [{"Node Type": "Seq Scan", "Parent Relationship": "Outer", "Parallel Aware": true, "Relation Name": "movie_keyword", "Alias": "mk", "Startup Cost": 0.0, "Total Cost": 42695.65, "Plan Rows": 3405, "Plan Width": 12, "Actual Startup Time": 0.324, "Actual Total Time": 204.162, "Actual Rows": 2700, "Actual Loops": 4, "Filter": "(keyword_id = 347)", "Rows Removed by Filter": 1128283}]}, "Planning Time": 0.672, "Triggers": [], "Execution Time": 213.499}