{"Plan": {"Node Type": "Gather", "Parallel Aware": false, "Startup Cost": 1000.0, "Total Cost": 43720.45, "Plan Rows": 248, "Plan Width": 12, "Actual Startup Time": 2.143, "Actual Total Time": 214.983, "Actual Rows": 107, "Actual Loops": 1, "Workers Planned": 3, "Workers Launched": 3, "Single Copy": false, "Plans": [{"Node Type": "Seq Scan", "Parent Relationship": "Outer", "Parallel Aware": true, "Relation Name": "movie_keyword", "Alias": "mk", "Startup Cost": 0.0, "Total Cost": 42695.65, "Plan Rows": 80, "Plan Width": 12, "Actual Startup Time": 7.349, "Actual Total Time": 207.388, "Actual Rows": 27, "Actual Loops": 4, "Filter": "(keyword_id = 13168)", "Rows Removed by Filter": 1130956}]}, "Planning Time": 0.609, "Triggers": [], "Execution Time": 215.099}