{"Plan": {"Node Type": "Gather", "Parallel Aware": false, "Startup Cost": 176443.96, "Total Cost": 1005215.94, "Plan Rows": 5411849, "Plan Width": 220, "Actual Startup Time": 3068.311, "Actual Total Time": 8643.819, "Actual Rows": 15169699, "Actual Loops": 1, "Workers Planned": 5, "Workers Launched": 5, "Single Copy": false, "Plans": [{"Node Type": "Hash Join", "Parent Relationship": "Outer", "Parallel Aware": true, "Join Type": "Inner", "Startup Cost": 175443.96, "Total Cost": 463031.04, "Plan Rows": 1082370, "Plan Width": 220, "Actual Startup Time": 3060.796, "Actual Total Time": 5454.798, "Actual Rows": 2528283, "Actual Loops": 6, "Inner Unique": false, "Hash Cond": "(mi.movie_id = t.id)", "Plans": [{"Node Type": "Seq Scan", "Parent Relationship": "Outer", "Parallel Aware": true, "Relation Name": "movie_info", "Alias": "mi", "Startup Cost": 0.0, "Total Cost": 191549.05, "Plan Rows": 2955605, "Plan Width": 73, "Actual Startup Time": 0.078, "Actual Total Time": 728.864, "Actual Rows": 2472620, "Actual Loops": 6}, {"Node Type": "Hash", "Parent Relationship": "Inner", "Parallel Aware": true, "Startup Cost": 165293.56, "Total Cost": 165293.56, "Plan Rows": 298672, "Plan Width": 147, "Actual Startup Time": 1340.009, "Actual Total Time": 1340.073, "Actual Rows": 114027, "Actual Loops": 6, "Hash Buckets": 32768, "Original Hash Buckets": 32768, "Hash Batches": 64, "Original Hash Batches": 64, "Peak Memory Usage": 2624, "Plans": [{"Node Type": "Hash Join", "Parent Relationship": "Outer", "Parallel Aware": true, "Join Type": "Inner", "Startup Cost": 103248.06, "Total Cost": 165293.56, "Plan Rows": 298672, "Plan Width": 147, "Actual Startup Time": 1066.378, "Actual Total Time": 1245.576, "Actual Rows": 114027, "Actual Loops": 6, "Inner Unique": false, "Hash Cond": "(mk.movie_id = t.id)", "Plans": [{"Node Type": "Seq Scan", "Parent Relationship": "Outer", "Parallel Aware": true, "Relation Name": "movie_keyword", "Alias": "mk", "Startup Cost": 0.0, "Total Cost": 39047.32, "Plan Rows": 1459332, "Plan Width": 12, "Actual Startup Time": 0.054, "Actual Total Time": 167.935, "Actual Rows": 753988, "Actual Loops": 6}, {"Node Type": "Hash", "Parent Relationship": "Inner", "Parallel Aware": true, "Startup Cost": 99104.04, "Total Cost": 99104.04, "Plan Rows": 129362, "Plan Width": 135, "Actual Startup Time": 689.029, "Actual Total Time": 689.068, "Actual Rows": 30184, "Actual Loops": 6, "Hash Buckets": 32768, "Original Hash Buckets": 32768, "Hash Batches": 32, "Original Hash Batches": 32, "Peak Memory Usage": 1248, "Plans": [{"Node Type": "Hash Join", "Parent Relationship": "Outer", "Parallel Aware": true, "Join Type": "Inner", "Startup Cost": 52506.1, "Total Cost": 99104.04, "Plan Rows": 129362, "Plan Width": 135, "Actual Startup Time": 513.852, "Actual Total Time": 661.762, "Actual Rows": 30184, "Actual Loops": 6, "Inner Unique": true, "Hash Cond": "(mc.movie_id = t.id)", "Plans": [{"Node Type": "Seq Scan", "Parent Relationship": "Outer", "Parallel Aware": true, "Relation Name": "movie_companies", "Alias": "mc", "Startup Cost": 0.0, "Total Cost": 37034.53, "Plan Rows": 316726, "Plan Width": 40, "Actual Startup Time": 0.064, "Actual Total Time": 135.108, "Actual Rows": 212374, "Actual Loops": 6, "Filter": "(company_type_id = 1)", "Rows Removed by Filter": 222480}, {"Node Type": "Hash", "Parent Relationship": "Inner", "Parallel Aware": true, "Startup Cost": 45497.09, "Total Cost": 45497.09, "Plan Rows": 258161, "Plan Width": 95, "Actual Startup Time": 275.659, "Actual Total Time": 275.664, "Actual Rows": 186330, "Actual Loops": 6, "Hash Buckets": 32768, "Original Hash Buckets": 32768, "Hash Batches": 64, "Original Hash Batches": 64, "Peak Memory Usage": 2432, "Plans": [{"Node Type": "Seq Scan", "Parent Relationship": "Outer", "Parallel Aware": true, "Relation Name": "title", "Alias": "t", "Startup Cost": 0.0, "Total Cost": 45497.09, "Plan Rows": 258161, "Plan Width": 95, "Actual Startup Time": 0.045, "Actual Total Time": 173.258, "Actual Rows": 186330, "Actual Loops": 6, "Filter": "((production_year > 1993) AND (kind_id = 7))", "Rows Removed by Filter": 235055}]}]}]}]}]}]}]}, "Planning Time": 2.494, "Triggers": [], "Execution Time": 9519.338}