{"Plan": {"Node Type": "Gather", "Parallel Aware": false, "Startup Cost": 244296.27, "Total Cost": 579537.33, "Plan Rows": 872, "Plan Width": 236, "Actual Startup Time": 663.109, "Actual Total Time": 2662.535, "Actual Rows": 44028, "Actual Loops": 1, "Workers Planned": 6, "Workers Launched": 6, "Single Copy": false, "Plans": [{"Node Type": "Hash Join", "Parent Relationship": "Outer", "Parallel Aware": true, "Join Type": "Inner", "Startup Cost": 243296.27, "Total Cost": 578450.13, "Plan Rows": 145, "Plan Width": 236, "Actual Startup Time": 655.929, "Actual Total Time": 2642.671, "Actual Rows": 6290, "Actual Loops": 7, "Inner Unique": false, "Hash Cond": "(ci.movie_id = t.id)", "Plans": [{"Node Type": "Seq Scan", "Parent Relationship": "Outer", "Parallel Aware": true, "Relation Name": "cast_info", "Alias": "ci", "Startup Cost": 0.0, "Total Cost": 312666.24, "Plan Rows": 5996624, "Plan Width": 56, "Actual Startup Time": 0.049, "Actual Total Time": 886.593, "Actual Rows": 5177763, "Actual Loops": 7}, {"Node Type": "Hash", "Parent Relationship": "Inner", "Parallel Aware": true, "Startup Cost": 243296.12, "Total Cost": 243296.12, "Plan Rows": 12, "Plan Width": 180, "Actual Startup Time": 654.961, "Actual Total Time": 654.989, "Actual Rows": 73, "Actual Loops": 7, "Hash Buckets": 1024, "Original Hash Buckets": 1024, "Hash Batches": 1, "Original Hash Batches": 1, "Peak Memory Usage": 232, "Plans": [{"Node Type": "Hash Join", "Parent Relationship": "Outer", "Parallel Aware": true, "Join Type": "Inner", "Startup Cost": 43368.26, "Total Cost": 243296.12, "Plan Rows": 12, "Plan Width": 180, "Actual Startup Time": 226.933, "Actual Total Time": 654.706, "Actual Rows": 73, "Actual Loops": 7, "Inner Unique": false, "Hash Cond": "(mi.movie_id = t.id)", "Plans": [{"Node Type": "Seq Scan", "Parent Relationship": "Outer", "Parallel Aware": true, "Relation Name": "movie_info", "Alias": "mi", "Startup Cost": 0.0, "Total Cost": 198938.07, "Plan Rows": 263936, "Plan Width": 73, "Actual Startup Time": 97.12, "Actual Total Time": 500.544, "Actual Rows": 185570, "Actual Loops": 7, "Filter": "(info_type_id = 4)", "Rows Removed by Filter": 1933819}, {"Node Type": "Hash", "Parent Relationship": "Inner", "Parallel Aware": true, "Startup Cost": 43367.78, "Total Cost": 43367.78, "Plan Rows": 38, "Plan Width": 107, "Actual Startup Time": 126.44, "Actual Total Time": 126.456, "Actual Rows": 60, "Actual Loops": 7, "Hash Buckets": 1024, "Original Hash Buckets": 1024, "Hash Batches": 1, "Original Hash Batches": 1, "Peak Memory Usage": 232, "Plans": [{"Node Type": "Nested Loop", "Parent Relationship": "Outer", "Parallel Aware": false, "Join Type": "Inner", "Startup Cost": 0.43, "Total Cost": 43367.78, "Plan Rows": 38, "Plan Width": 107, "Actual Startup Time": 2.916, "Actual Total Time": 126.218, "Actual Rows": 60, "Actual Loops": 7, "Inner Unique": true, "Plans": [{"Node Type": "Seq Scan", "Parent Relationship": "Outer", "Parallel Aware": true, "Relation Name": "movie_keyword", "Alias": "mk", "Startup Cost": 0.0, "Total Cost": 42695.65, "Plan Rows": 80, "Plan Width": 12, "Actual Startup Time": 1.019, "Actual Total Time": 119.853, "Actual Rows": 172, "Actual Loops": 7, "Filter": "(keyword_id = 1417)", "Rows Removed by Filter": 646104}, {"Node Type": "Index Scan", "Parent Relationship": "Inner", "Parallel Aware": false, "Scan Direction": "Forward", "Index Name": "title_pkey", "Relation Name": "title", "Alias": "t", "Startup Cost": 0.43, "Total Cost": 8.4, "Plan Rows": 1, "Plan Width": 95, "Actual Startup Time": 0.035, "Actual Total Time": 0.035, "Actual Rows": 0, "Actual Loops": 1201, "Index Cond": "(id = mk.movie_id)", "Rows Removed by Index Recheck": 0, "Filter": "(production_year > 2003)", "Rows Removed by Filter": 1}]}]}]}]}]}]}, "Planning Time": 2.368, "Triggers": [], "Execution Time": 2665.866}