{"Plan": {"Node Type": "Gather", "Parallel Aware": false, "Startup Cost": 115609.03, "Total Cost": 188055.41, "Plan Rows": 443163, "Plan Width": 160, "Actual Startup Time": 2283.798, "Actual Total Time": 4100.755, "Actual Rows": 2097160, "Actual Loops": 1, "Workers Planned": 2, "Workers Launched": 2, "Single Copy": false, "Plans": [{"Node Type": "Hash Join", "Parent Relationship": "Outer", "Parallel Aware": true, "Join Type": "Inner", "Startup Cost": 114609.03, "Total Cost": 142739.11, "Plan Rows": 184651, "Plan Width": 160, "Actual Startup Time": 2276.031, "Actual Total Time": 2996.657, "Actual Rows": 699053, "Actual Loops": 3, "Inner Unique": false, "Hash Cond": "(mi_idx.movie_id = t.id)", "Plans": [{"Node Type": "Seq Scan", "Parent Relationship": "Outer", "Parallel Aware": true, "Relation Name": "movie_info_idx", "Alias": "mi_idx", "Startup Cost": 0.0, "Total Cost": 13685.15, "Plan Rows": 575015, "Plan Width": 25, "Actual Startup Time": 0.068, "Actual Total Time": 109.683, "Actual Rows": 460012, "Actual Loops": 3}, {"Node Type": "Hash", "Parent Relationship": "Inner", "Parallel Aware": true, "Startup Cost": 108106.85, "Total Cost": 108106.85, "Plan Rows": 202974, "Plan Width": 135, "Actual Startup Time": 2012.599, "Actual Total Time": 2012.618, "Actual Rows": 379080, "Actual Loops": 3, "Hash Buckets": 32768, "Original Hash Buckets": 32768, "Hash Batches": 64, "Original Hash Batches": 64, "Peak Memory Usage": 3136, "Plans": [{"Node Type": "Hash Join", "Parent Relationship": "Outer", "Parallel Aware": true, "Join Type": "Inner", "Startup Cost": 42788.41, "Total Cost": 108106.85, "Plan Rows": 202974, "Plan Width": 135, "Actual Startup Time": 1050.978, "Actual Total Time": 1724.13, "Actual Rows": 379080, "Actual Loops": 3, "Inner Unique": false, "Hash Cond": "(t.id = mc.movie_id)", "Plans": [{"Node Type": "Seq Scan", "Parent Relationship": "Outer", "Parallel Aware": true, "Relation Name": "title", "Alias": "t", "Startup Cost": 0.0, "Total Cost": 42336.73, "Plan Rows": 632073, "Plan Width": 95, "Actual Startup Time": 0.279, "Actual Total Time": 248.129, "Actual Rows": 842771, "Actual Loops": 3}, {"Node Type": "Hash", "Parent Relationship": "Inner", "Parallel Aware": true, "Startup Cost": 38665.23, "Total Cost": 38665.23, "Plan Rows": 202974, "Plan Width": 40, "Actual Startup Time": 386.851, "Actual Total Time": 386.853, "Actual Rows": 379080, "Actual Loops": 3, "Hash Buckets": 65536, "Original Hash Buckets": 65536, "Hash Batches": 32, "Original Hash Batches": 32, "Peak Memory Usage": 3200, "Plans": [{"Node Type": "Seq Scan", "Parent Relationship": "Outer", "Parallel Aware": true, "Relation Name": "movie_companies", "Alias": "mc", "Startup Cost": 0.0, "Total Cost": 38665.23, "Plan Rows": 202974, "Plan Width": 40, "Actual Startup Time": 0.051, "Actual Total Time": 262.038, "Actual Rows": 379080, "Actual Loops": 3, "Filter": "((company_id < 19613) AND (company_type_id = 1))", "Rows Removed by Filter": 490630}]}]}]}]}]}, "Planning Time": 1.843, "Triggers": [], "Execution Time": 4225.844}