{"Plan": {"Node Type": "Gather", "Parallel Aware": false, "Startup Cost": 1000.0, "Total Cost": 47211.59, "Plan Rows": 7145, "Plan Width": 95, "Actual Startup Time": 165.641, "Actual Total Time": 169.947, "Actual Rows": 1, "Actual Loops": 1, "Workers Planned": 4, "Workers Launched": 4, "Single Copy": false, "Plans": [{"Node Type": "Seq Scan", "Parent Relationship": "Outer", "Parallel Aware": true, "Relation Name": "title", "Alias": "t", "Startup Cost": 0.0, "Total Cost": 45497.09, "Plan Rows": 1786, "Plan Width": 95, "Actual Startup Time": 150.11, "Actual Total Time": 160.332, "Actual Rows": 0, "Actual Loops": 5, "Filter": "((production_year < 1947) AND (kind_id = 4))", "Rows Removed by Filter": 505662}]}, "Planning Time": 0.896, "Triggers": [], "Execution Time": 170.081}