{"Plan": {"Node Type": "Gather", "Parallel Aware": false, "Startup Cost": 323187.98, "Total Cost": 815762.51, "Plan Rows": 1295019, "Plan Width": 249, "Actual Startup Time": 2991.79, "Actual Total Time": 3887.873, "Actual Rows": 1668276, "Actual Loops": 1, "Workers Planned": 6, "Workers Launched": 6, "Single Copy": false, "Plans": [{"Node Type": "Hash Join", "Parent Relationship": "Outer", "Parallel Aware": true, "Join Type": "Inner", "Startup Cost": 322187.98, "Total Cost": 685260.61, "Plan Rows": 215836, "Plan Width": 249, "Actual Startup Time": 2983.902, "Actual Total Time": 3286.663, "Actual Rows": 238325, "Actual Loops": 7, "Inner Unique": false, "Hash Cond": "(ci.movie_id = t.id)", "Plans": [{"Node Type": "Seq Scan", "Parent Relationship": "Outer", "Parallel Aware": true, "Relation Name": "cast_info", "Alias": "ci", "Startup Cost": 0.0, "Total Cost": 342649.36, "Plan Rows": 666292, "Plan Width": 56, "Actual Startup Time": 1035.581, "Actual Total Time": 1216.223, "Actual Rows": 125854, "Actual Loops": 7, "Filter": "((person_id < 2102346) AND (role_id > 9))", "Rows Removed by Filter": 5051909}, {"Node Type": "Hash", "Parent Relationship": "Inner", "Parallel Aware": true, "Startup Cost": 315661.47, "Total Cost": 315661.47, "Plan Rows": 163801, "Plan Width": 193, "Actual Startup Time": 1698.845, "Actual Total Time": 1698.911, "Actual Rows": 112644, "Actual Loops": 7, "Hash Buckets": 32768, "Original Hash Buckets": 32768, "Hash Batches": 64, "Original Hash Batches": 64, "Peak Memory Usage": 2592, "Plans": [{"Node Type": "Hash Join", "Parent Relationship": "Outer", "Parallel Aware": true, "Join Type": "Inner", "Startup Cost": 93308.59, "Total Cost": 315661.47, "Plan Rows": 163801, "Plan Width": 193, "Actual Startup Time": 1373.317, "Actual Total Time": 1595.031, "Actual Rows": 112644, "Actual Loops": 7, "Inner Unique": false, "Hash Cond": "(mi.movie_id = t.id)", "Plans": [{"Node Type": "Seq Scan", "Parent Relationship": "Outer", "Parallel Aware": true, "Relation Name": "movie_info", "Alias": "mi", "Startup Cost": 0.0, "Total Cost": 198938.07, "Plan Rows": 609150, "Plan Width": 73, "Actual Startup Time": 230.333, "Actual Total Time": 546.154, "Actual Rows": 433817, "Actual Loops": 7, "Filter": "(info_type_id = 16)", "Rows Removed by Filter": 1685572}, {"Node Type": "Hash", "Parent Relationship": "Inner", "Parallel Aware": true, "Startup Cost": 84787.65, "Total Cost": 84787.65, "Plan Rows": 283275, "Plan Width": 120, "Actual Startup Time": 677.881, "Actual Total Time": 677.923, "Actual Rows": 71441, "Actual Loops": 7, "Hash Buckets": 32768, "Original Hash Buckets": 32768, "Hash Batches": 32, "Original Hash Batches": 32, "Peak Memory Usage": 2560, "Plans": [{"Node Type": "Hash Join", "Parent Relationship": "Outer", "Parallel Aware": true, "Join Type": "Inner", "Startup Cost": 56574.88, "Total Cost": 84787.65, "Plan Rows": 283275, "Plan Width": 120, "Actual Startup Time": 424.219, "Actual Total Time": 622.594, "Actual Rows": 71441, "Actual Loops": 7, "Inner Unique": true, "Hash Cond": "(mi_idx.movie_id = t.id)", "Plans": [{"Node Type": "Seq Scan", "Parent Relationship": "Outer", "Parallel Aware": true, "Relation Name": "movie_info_idx", "Alias": "mi_idx", "Startup Cost": 0.0, "Total Cost": 15122.68, "Plan Rows": 384033, "Plan Width": 25, "Actual Startup Time": 0.077, "Actual Total Time": 58.138, "Actual Rows": 131407, "Actual Loops": 7, "Filter": "(info_type_id < 101)", "Rows Removed by Filter": 65741}, {"Node Type": "Hash", "Parent Relationship": "Inner", "Parallel Aware": true, "Startup Cost": 43916.91, "Total Cost": 43916.91, "Plan Rows": 466238, "Plan Width": 95, "Actual Startup Time": 290.488, "Actual Total Time": 290.495, "Actual Rows": 266498, "Actual Loops": 7, "Hash Buckets": 32768, "Original Hash Buckets": 32768, "Hash Batches": 64, "Original Hash Batches": 64, "Peak Memory Usage": 3840, "Plans": [{"Node Type": "Seq Scan", "Parent Relationship": "Outer", "Parallel Aware": true, "Relation Name": "title", "Alias": "t", "Startup Cost": 0.0, "Total Cost": 43916.91, "Plan Rows": 466238, "Plan Width": 95, "Actual Startup Time": 0.037, "Actual Total Time": 149.337, "Actual Rows": 266498, "Actual Loops": 7, "Filter": "(kind_id > 1)", "Rows Removed by Filter": 94689}]}]}]}]}]}]}]}, "Planning Time": 2.453, "Triggers": [], "Execution Time": 3984.699}