{"Plan": {"Node Type": "Gather", "Parallel Aware": false, "Startup Cost": 44956.41, "Total Cost": 60840.97, "Plan Rows": 6900, "Plan Width": 120, "Actual Startup Time": 273.298, "Actual Total Time": 478.856, "Actual Rows": 10183, "Actual Loops": 1, "Workers Planned": 2, "Workers Launched": 2, "Single Copy": false, "Plans": [{"Node Type": "Hash Join", "Parent Relationship": "Outer", "Parallel Aware": true, "Join Type": "Inner", "Startup Cost": 43956.41, "Total Cost": 59150.97, "Plan Rows": 2875, "Plan Width": 120, "Actual Startup Time": 269.08, "Actual Total Time": 466.096, "Actual Rows": 3394, "Actual Loops": 3, "Inner Unique": true, "Hash Cond": "(mi_idx.movie_id = t.id)", "Plans": [{"Node Type": "Seq Scan", "Parent Relationship": "Outer", "Parallel Aware": true, "Relation Name": "movie_info_idx", "Alias": "mi_idx", "Startup Cost": 0.0, "Total Cost": 13685.15, "Plan Rows": 575015, "Plan Width": 25, "Actual Startup Time": 0.044, "Actual Total Time": 84.924, "Actual Rows": 460012, "Actual Loops": 3}, {"Node Type": "Hash", "Parent Relationship": "Inner", "Parallel Aware": true, "Startup Cost": 43916.91, "Total Cost": 43916.91, "Plan Rows": 3160, "Plan Width": 95, "Actual Startup Time": 268.415, "Actual Total Time": 268.416, "Actual Rows": 4570, "Actual Loops": 3, "Hash Buckets": 16384, "Original Hash Buckets": 16384, "Hash Batches": 1, "Original Hash Batches": 1, "Peak Memory Usage": 1792, "Plans": [{"Node Type": "Seq Scan", "Parent Relationship": "Outer", "Parallel Aware": true, "Relation Name": "title", "Alias": "t", "Startup Cost": 0.0, "Total Cost": 43916.91, "Plan Rows": 3160, "Plan Width": 95, "Actual Startup Time": 0.079, "Actual Total Time": 265.026, "Actual Rows": 4570, "Actual Loops": 3, "Filter": "(production_year = 1966)", "Rows Removed by Filter": 838200}]}]}]}, "Planning Time": 1.351, "Triggers": [], "Execution Time": 479.635}