{"Plan": {"Node Type": "Gather", "Parallel Aware": false, "Startup Cost": 1000.0, "Total Cost": 47043.49, "Plan Rows": 5464, "Plan Width": 95, "Actual Startup Time": 1.025, "Actual Total Time": 177.873, "Actual Rows": 6232, "Actual Loops": 1, "Workers Planned": 4, "Workers Launched": 4, "Single Copy": false, "Plans": [{"Node Type": "Seq Scan", "Parent Relationship": "Outer", "Parallel Aware": true, "Relation Name": "title", "Alias": "t", "Startup Cost": 0.0, "Total Cost": 45497.09, "Plan Rows": 1366, "Plan Width": 95, "Actual Startup Time": 2.08, "Actual Total Time": 167.102, "Actual Rows": 1246, "Actual Loops": 5, "Filter": "((kind_id < 7) AND (production_year = 1970))", "Rows Removed by Filter": 504416}]}, "Planning Time": 0.887, "Triggers": [], "Execution Time": 178.418}