{"Plan": {"Node Type": "Gather", "Parallel Aware": false, "Startup Cost": 1000.0, "Total Cost": 43720.45, "Plan Rows": 248, "Plan Width": 12, "Actual Startup Time": 39.175, "Actual Total Time": 216.231, "Actual Rows": 29, "Actual Loops": 1, "Workers Planned": 3, "Workers Launched": 3, "Single Copy": false, "Plans": [{"Node Type": "Seq Scan", "Parent Relationship": "Outer", "Parallel Aware": true, "Relation Name": "movie_keyword", "Alias": "mk", "Startup Cost": 0.0, "Total Cost": 42695.65, "Plan Rows": 80, "Plan Width": 12, "Actual Startup Time": 23.269, "Actual Total Time": 208.427, "Actual Rows": 7, "Actual Loops": 4, "Filter": "(keyword_id = 87437)", "Rows Removed by Filter": 1130975}]}, "Planning Time": 0.62, "Triggers": [], "Execution Time": 216.339}