{"Plan": {"Node Type": "Gather", "Parallel Aware": false, "Startup Cost": 44367.84, "Total Cost": 82219.23, "Plan Rows": 15, "Plan Width": 147, "Actual Startup Time": 182.828, "Actual Total Time": 382.961, "Actual Rows": 179, "Actual Loops": 1, "Workers Planned": 4, "Workers Launched": 4, "Single Copy": false, "Plans": [{"Node Type": "Hash Join", "Parent Relationship": "Outer", "Parallel Aware": true, "Join Type": "Inner", "Startup Cost": 43367.84, "Total Cost": 81217.73, "Plan Rows": 4, "Plan Width": 147, "Actual Startup Time": 176.575, "Actual Total Time": 373.117, "Actual Rows": 36, "Actual Loops": 5, "Inner Unique": false, "Hash Cond": "(mc.movie_id = t.id)", "Plans": [{"Node Type": "Seq Scan", "Parent Relationship": "Outer", "Parallel Aware": true, "Relation Name": "movie_companies", "Alias": "mc", "Startup Cost": 0.0, "Total Cost": 35403.82, "Plan Rows": 652282, "Plan Width": 40, "Actual Startup Time": 0.045, "Actual Total Time": 103.156, "Actual Rows": 521826, "Actual Loops": 5}, {"Node Type": "Hash", "Parent Relationship": "Inner", "Parallel Aware": true, "Startup Cost": 43367.78, "Total Cost": 43367.78, "Plan Rows": 5, "Plan Width": 107, "Actual Startup Time": 175.573, "Actual Total Time": 175.575, "Actual Rows": 12, "Actual Loops": 5, "Hash Buckets": 1024, "Original Hash Buckets": 1024, "Hash Batches": 1, "Original Hash Batches": 1, "Peak Memory Usage": 168, "Plans": [{"Node Type": "Nested Loop", "Parent Relationship": "Outer", "Parallel Aware": false, "Join Type": "Inner", "Startup Cost": 0.43, "Total Cost": 43367.78, "Plan Rows": 5, "Plan Width": 107, "Actual Startup Time": 25.319, "Actual Total Time": 175.265, "Actual Rows": 12, "Actual Loops": 5, "Inner Unique": true, "Plans": [{"Node Type": "Seq Scan", "Parent Relationship": "Outer", "Parallel Aware": true, "Relation Name": "movie_keyword", "Alias": "mk", "Startup Cost": 0.0, "Total Cost": 42695.65, "Plan Rows": 80, "Plan Width": 12, "Actual Startup Time": 0.955, "Actual Total Time": 166.034, "Actual Rows": 303, "Actual Loops": 5, "Filter": "(keyword_id = 6226)", "Rows Removed by Filter": 904483}, {"Node Type": "Index Scan", "Parent Relationship": "Inner", "Parallel Aware": false, "Scan Direction": "Forward", "Index Name": "title_pkey", "Relation Name": "title", "Alias": "t", "Startup Cost": 0.43, "Total Cost": 8.4, "Plan Rows": 1, "Plan Width": 95, "Actual Startup Time": 0.029, "Actual Total Time": 0.029, "Actual Rows": 0, "Actual Loops": 1517, "Index Cond": "(id = mk.movie_id)", "Rows Removed by Index Recheck": 0, "Filter": "(production_year = 2010)", "Rows Removed by Filter": 1}]}]}]}]}, "Planning Time": 1.875, "Triggers": [], "Execution Time": 383.206}