{"Plan": {"Node Type": "Hash Join", "Parallel Aware": false, "Join Type": "Inner", "Startup Cost": 113237.41, "Total Cost": 263600.05, "Plan Rows": 3006604, "Plan Width": 107, "Actual Startup Time": 1731.478, "Actual Total Time": 5816.823, "Actual Rows": 1203219, "Actual Loops": 1, "Inner Unique": true, "Hash Cond": "(mk.movie_id = t.id)", "Plans": [{"Node Type": "Seq Scan", "Parent Relationship": "Outer", "Parallel Aware": false, "Relation Name": "movie_keyword", "Alias": "mk", "Startup Cost": 0.0, "Total Cost": 69693.3, "Plan Rows": 4523930, "Plan Width": 12, "Actual Startup Time": 0.056, "Actual Total Time": 940.701, "Actual Rows": 4523930, "Actual Loops": 1}, {"Node Type": "Hash", "Parent Relationship": "Inner", "Parallel Aware": false, "Startup Cost": 67619.64, "Total Cost": 67619.64, "Plan Rows": 1680302, "Plan Width": 95, "Actual Startup Time": 1726.561, "Actual Total Time": 1726.562, "Actual Rows": 1674098, "Actual Loops": 1, "Hash Buckets": 32768, "Original Hash Buckets": 32768, "Hash Batches": 64, "Original Hash Batches": 64, "Peak Memory Usage": 3250, "Plans": [{"Node Type": "Seq Scan", "Parent Relationship": "Outer", "Parallel Aware": false, "Relation Name": "title", "Alias": "t", "Startup Cost": 0.0, "Total Cost": 67619.64, "Plan Rows": 1680302, "Plan Width": 95, "Actual Startup Time": 0.021, "Actual Total Time": 952.986, "Actual Rows": 1674098, "Actual Loops": 1, "Filter": "(kind_id > 3)", "Rows Removed by Filter": 854214}]}]}, "Planning Time": 1.563, "Triggers": [], "Execution Time": 5882.33}