{"Plan": {"Node Type": "Hash Join", "Parallel Aware": false, "Join Type": "Inner", "Startup Cost": 97784.43, "Total Cost": 1523734.85, "Plan Rows": 15811946, "Plan Width": 151, "Actual Startup Time": 1434.375, "Actual Total Time": 42345.506, "Actual Rows": 17363029, "Actual Loops": 1, "Inner Unique": true, "Hash Cond": "(ci.movie_id = t.id)", "Plans": [{"Node Type": "Seq Scan", "Parent Relationship": "Outer", "Parallel Aware": false, "Relation Name": "cast_info", "Alias": "ci", "Startup Cost": 0.0, "Total Cost": 612497.44, "Plan Rows": 35979744, "Plan Width": 56, "Actual Startup Time": 0.13, "Actual Total Time": 8034.232, "Actual Rows": 36244344, "Actual Loops": 1}, {"Node Type": "Hash", "Parent Relationship": "Inner", "Parallel Aware": false, "Startup Cost": 67619.64, "Total Cost": 67619.64, "Plan Rows": 1111103, "Plan Width": 95, "Actual Startup Time": 1432.628, "Actual Total Time": 1432.63, "Actual Rows": 1107925, "Actual Loops": 1, "Hash Buckets": 32768, "Original Hash Buckets": 32768, "Hash Batches": 64, "Original Hash Batches": 64, "Peak Memory Usage": 2222, "Plans": [{"Node Type": "Seq Scan", "Parent Relationship": "Outer", "Parallel Aware": false, "Relation Name": "title", "Alias": "t", "Startup Cost": 0.0, "Total Cost": 67619.64, "Plan Rows": 1111103, "Plan Width": 95, "Actual Startup Time": 0.02, "Actual Total Time": 941.008, "Actual Rows": 1107925, "Actual Loops": 1, "Filter": "(production_year > 2004)", "Rows Removed by Filter": 1420387}]}]}, "Planning Time": 1.257, "Triggers": [], "Execution Time": 43281.348}