{"Plan": {"Node Type": "Gather", "Parallel Aware": false, "Startup Cost": 111580.3, "Total Cost": 351935.9, "Plan Rows": 1753834, "Plan Width": 147, "Actual Startup Time": 1747.798, "Actual Total Time": 2498.578, "Actual Rows": 819332, "Actual Loops": 1, "Workers Planned": 3, "Workers Launched": 3, "Single Copy": false, "Plans": [{"Node Type": "Hash Join", "Parent Relationship": "Outer", "Parallel Aware": true, "Join Type": "Inner", "Startup Cost": 110580.3, "Total Cost": 175552.5, "Plan Rows": 565753, "Plan Width": 147, "Actual Startup Time": 1741.644, "Actual Total Time": 2062.062, "Actual Rows": 204833, "Actual Loops": 4, "Inner Unique": false, "Hash Cond": "(mk.movie_id = t.id)", "Plans": [{"Node Type": "Seq Scan", "Parent Relationship": "Outer", "Parallel Aware": true, "Relation Name": "movie_keyword", "Alias": "mk", "Startup Cost": 0.0, "Total Cost": 39047.32, "Plan Rows": 1459332, "Plan Width": 12, "Actual Startup Time": 0.07, "Actual Total Time": 251.743, "Actual Rows": 1130982, "Actual Loops": 4}, {"Node Type": "Hash", "Parent Relationship": "Inner", "Parallel Aware": true, "Startup Cost": 102731.28, "Total Cost": 102731.28, "Plan Rows": 245042, "Plan Width": 135, "Actual Startup Time": 1172.684, "Actual Total Time": 1172.698, "Actual Rows": 116448, "Actual Loops": 4, "Hash Buckets": 32768, "Original Hash Buckets": 32768, "Hash Batches": 64, "Original Hash Batches": 64, "Peak Memory Usage": 1408, "Plans": [{"Node Type": "Hash Join", "Parent Relationship": "Outer", "Parallel Aware": true, "Join Type": "Inner", "Startup Cost": 51944.22, "Total Cost": 102731.28, "Plan Rows": 245042, "Plan Width": 135, "Actual Startup Time": 738.758, "Actual Total Time": 1076.95, "Actual Rows": 116448, "Actual Loops": 4, "Inner Unique": true, "Hash Cond": "(mc.movie_id = t.id)", "Plans": [{"Node Type": "Seq Scan", "Parent Relationship": "Outer", "Parallel Aware": true, "Relation Name": "movie_companies", "Alias": "mc", "Startup Cost": 0.0, "Total Cost": 35403.82, "Plan Rows": 652282, "Plan Width": 40, "Actual Startup Time": 0.06, "Actual Total Time": 173.479, "Actual Rows": 652282, "Actual Loops": 4}, {"Node Type": "Hash", "Parent Relationship": "Inner", "Parallel Aware": true, "Startup Cost": 45497.09, "Total Cost": 45497.09, "Plan Rows": 237450, "Plan Width": 95, "Actual Startup Time": 343.962, "Actual Total Time": 343.964, "Actual Rows": 219009, "Actual Loops": 4, "Hash Buckets": 32768, "Original Hash Buckets": 32768, "Hash Batches": 32, "Original Hash Batches": 32, "Peak Memory Usage": 3616, "Plans": [{"Node Type": "Seq Scan", "Parent Relationship": "Outer", "Parallel Aware": true, "Relation Name": "title", "Alias": "t", "Startup Cost": 0.0, "Total Cost": 45497.09, "Plan Rows": 237450, "Plan Width": 95, "Actual Startup Time": 0.039, "Actual Total Time": 243.588, "Actual Rows": 219009, "Actual Loops": 4, "Filter": "((production_year < 2007) AND (kind_id = 7))", "Rows Removed by Filter": 413069}]}]}]}]}]}, "Planning Time": 1.847, "Triggers": [], "Execution Time": 2546.952}