{"Plan": {"Node Type": "Gather", "Parallel Aware": false, "Startup Cost": 71094.47, "Total Cost": 113943.39, "Plan Rows": 48640, "Plan Width": 160, "Actual Startup Time": 451.897, "Actual Total Time": 697.806, "Actual Rows": 67492, "Actual Loops": 1, "Workers Planned": 4, "Workers Launched": 4, "Single Copy": false, "Plans": [{"Node Type": "Hash Join", "Parent Relationship": "Outer", "Parallel Aware": true, "Join Type": "Inner", "Startup Cost": 70094.47, "Total Cost": 108079.39, "Plan Rows": 12160, "Plan Width": 160, "Actual Startup Time": 445.487, "Actual Total Time": 636.962, "Actual Rows": 13498, "Actual Loops": 5, "Inner Unique": false, "Hash Cond": "(mc.movie_id = t.id)", "Plans": [{"Node Type": "Seq Scan", "Parent Relationship": "Outer", "Parallel Aware": true, "Relation Name": "movie_companies", "Alias": "mc", "Startup Cost": 0.0, "Total Cost": 37034.53, "Plan Rows": 239925, "Plan Width": 40, "Actual Startup Time": 0.049, "Actual Total Time": 129.361, "Actual Rows": 193929, "Actual Loops": 5, "Filter": "(company_id < 4155)", "Rows Removed by Filter": 327897}, {"Node Type": "Hash", "Parent Relationship": "Inner", "Parallel Aware": true, "Startup Cost": 69427.08, "Total Cost": 69427.08, "Plan Rows": 53391, "Plan Width": 120, "Actual Startup Time": 444.233, "Actual Total Time": 444.456, "Actual Rows": 13894, "Actual Loops": 5, "Hash Buckets": 131072, "Original Hash Buckets": 131072, "Hash Batches": 1, "Original Hash Batches": 1, "Peak Memory Usage": 10624, "Plans": [{"Node Type": "Hash Join", "Parent Relationship": "Outer", "Parallel Aware": true, "Join Type": "Inner", "Startup Cost": 45510.52, "Total Cost": 69427.08, "Plan Rows": 53391, "Plan Width": 120, "Actual Startup Time": 349.632, "Actual Total Time": 428.333, "Actual Rows": 13894, "Actual Loops": 5, "Inner Unique": true, "Hash Cond": "(mi_idx.movie_id = t.id)", "Plans": [{"Node Type": "Seq Scan", "Parent Relationship": "Outer", "Parallel Aware": true, "Relation Name": "movie_info_idx", "Alias": "mi_idx", "Startup Cost": 0.0, "Total Cost": 13685.15, "Plan Rows": 575015, "Plan Width": 25, "Actual Startup Time": 0.059, "Actual Total Time": 60.176, "Actual Rows": 276007, "Actual Loops": 5}, {"Node Type": "Hash", "Parent Relationship": "Inner", "Parallel Aware": true, "Startup Cost": 43916.91, "Total Cost": 43916.91, "Plan Rows": 58689, "Plan Width": 95, "Actual Startup Time": 197.123, "Actual Total Time": 197.124, "Actual Rows": 46330, "Actual Loops": 5, "Hash Buckets": 32768, "Original Hash Buckets": 32768, "Hash Batches": 8, "Original Hash Batches": 8, "Peak Memory Usage": 3744, "Plans": [{"Node Type": "Seq Scan", "Parent Relationship": "Outer", "Parallel Aware": true, "Relation Name": "title", "Alias": "t", "Startup Cost": 0.0, "Total Cost": 43916.91, "Plan Rows": 58689, "Plan Width": 95, "Actual Startup Time": 0.038, "Actual Total Time": 174.109, "Actual Rows": 46330, "Actual Loops": 5, "Filter": "(production_year > 2011)", "Rows Removed by Filter": 459333}]}]}]}]}]}, "Planning Time": 1.723, "Triggers": [], "Execution Time": 701.96}