{"Plan": {"Node Type": "Gather", "Parallel Aware": false, "Startup Cost": 386731.65, "Total Cost": 424582.14, "Plan Rows": 6, "Plan Width": 203, "Actual Startup Time": 3512.642, "Actual Total Time": 3834.714, "Actual Rows": 1086, "Actual Loops": 1, "Workers Planned": 4, "Workers Launched": 4, "Single Copy": false, "Plans": [{"Node Type": "Hash Join", "Parent Relationship": "Outer", "Parallel Aware": true, "Join Type": "Inner", "Startup Cost": 385731.65, "Total Cost": 423581.54, "Plan Rows": 2, "Plan Width": 203, "Actual Startup Time": 3409.439, "Actual Total Time": 3500.726, "Actual Rows": 217, "Actual Loops": 5, "Inner Unique": false, "Hash Cond": "(mc.movie_id = t.id)", "Plans": [{"Node Type": "Seq Scan", "Parent Relationship": "Outer", "Parallel Aware": true, "Relation Name": "movie_companies", "Alias": "mc", "Startup Cost": 0.0, "Total Cost": 35403.82, "Plan Rows": 652282, "Plan Width": 40, "Actual Startup Time": 0.051, "Actual Total Time": 102.297, "Actual Rows": 521826, "Actual Loops": 5}, {"Node Type": "Hash", "Parent Relationship": "Inner", "Parallel Aware": true, "Startup Cost": 385731.63, "Total Cost": 385731.63, "Plan Rows": 2, "Plan Width": 163, "Actual Startup Time": 3301.844, "Actual Total Time": 3301.875, "Actual Rows": 16, "Actual Loops": 5, "Hash Buckets": 1024, "Original Hash Buckets": 1024, "Hash Batches": 1, "Original Hash Batches": 1, "Peak Memory Usage": 136, "Plans": [{"Node Type": "Nested Loop", "Parent Relationship": "Outer", "Parallel Aware": false, "Join Type": "Inner", "Startup Cost": 342774.71, "Total Cost": 385731.63, "Plan Rows": 2, "Plan Width": 163, "Actual Startup Time": 3108.967, "Actual Total Time": 3301.725, "Actual Rows": 16, "Actual Loops": 5, "Inner Unique": true, "Plans": [{"Node Type": "Hash Join", "Parent Relationship": "Outer", "Parallel Aware": true, "Join Type": "Inner", "Startup Cost": 342774.28, "Total Cost": 385570.12, "Plan Rows": 50, "Plan Width": 68, "Actual Startup Time": 3108.84, "Actual Total Time": 3301.462, "Actual Rows": 16, "Actual Loops": 5, "Inner Unique": false, "Hash Cond": "(mk.movie_id = ci.movie_id)", "Plans": [{"Node Type": "Seq Scan", "Parent Relationship": "Outer", "Parallel Aware": true, "Relation Name": "movie_keyword", "Alias": "mk", "Startup Cost": 0.0, "Total Cost": 42695.65, "Plan Rows": 80, "Plan Width": 12, "Actual Startup Time": 132.89, "Actual Total Time": 166.493, "Actual Rows": 2, "Actual Loops": 5, "Filter": "(keyword_id = 53929)", "Rows Removed by Filter": 904784}, {"Node Type": "Hash", "Parent Relationship": "Inner", "Parallel Aware": true, "Startup Cost": 342649.36, "Total Cost": 342649.36, "Plan Rows": 9994, "Plan Width": 56, "Actual Startup Time": 2711.372, "Actual Total Time": 2711.374, "Actual Rows": 1489946, "Actual Loops": 5, "Hash Buckets": 65536, "Original Hash Buckets": 65536, "Hash Batches": 128, "Original Hash Batches": 1, "Peak Memory Usage": 3936, "Plans": [{"Node Type": "Seq Scan", "Parent Relationship": "Outer", "Parallel Aware": true, "Relation Name": "cast_info", "Alias": "ci", "Startup Cost": 0.0, "Total Cost": 342649.36, "Plan Rows": 9994, "Plan Width": 56, "Actual Startup Time": 573.706, "Actual Total Time": 1902.95, "Actual Rows": 1489946, "Actual Loops": 5, "Filter": "((person_id > 1323513) AND (role_id = 2))", "Rows Removed by Filter": 5758922}]}]}, {"Node Type": "Index Scan", "Parent Relationship": "Inner", "Parallel Aware": false, "Scan Direction": "Forward", "Index Name": "title_pkey", "Relation Name": "title", "Alias": "t", "Startup Cost": 0.43, "Total Cost": 3.23, "Plan Rows": 1, "Plan Width": 95, "Actual Startup Time": 0.012, "Actual Total Time": 0.012, "Actual Rows": 1, "Actual Loops": 82, "Index Cond": "(id = ci.movie_id)", "Rows Removed by Index Recheck": 0}]}]}]}]}, "Planning Time": 2.262, "Triggers": [], "Execution Time": 3835.077}