{"Plan": {"Node Type": "Gather", "Parallel Aware": false, "Startup Cost": 110107.89, "Total Cost": 429239.6, "Plan Rows": 2469329, "Plan Width": 132, "Actual Startup Time": 2184.01, "Actual Total Time": 7084.42, "Actual Rows": 10424626, "Actual Loops": 1, "Workers Planned": 3, "Workers Launched": 3, "Single Copy": false, "Plans": [{"Node Type": "Hash Join", "Parent Relationship": "Outer", "Parallel Aware": true, "Join Type": "Inner", "Startup Cost": 109107.89, "Total Cost": 181306.7, "Plan Rows": 796558, "Plan Width": 132, "Actual Startup Time": 2184.613, "Actual Total Time": 3796.188, "Actual Rows": 2606156, "Actual Loops": 4, "Inner Unique": false, "Hash Cond": "(mk.movie_id = t.id)", "Plans": [{"Node Type": "Seq Scan", "Parent Relationship": "Outer", "Parallel Aware": true, "Relation Name": "movie_keyword", "Alias": "mk", "Startup Cost": 0.0, "Total Cost": 39047.32, "Plan Rows": 1459332, "Plan Width": 12, "Actual Startup Time": 0.202, "Actual Total Time": 253.375, "Actual Rows": 1130982, "Actual Loops": 4}, {"Node Type": "Hash", "Parent Relationship": "Inner", "Parallel Aware": true, "Startup Cost": 91812.2, "Total Cost": 91812.2, "Plan Rows": 575015, "Plan Width": 120, "Actual Startup Time": 1608.824, "Actual Total Time": 1609.624, "Actual Rows": 345009, "Actual Loops": 4, "Hash Buckets": 32768, "Original Hash Buckets": 32768, "Hash Batches": 64, "Original Hash Batches": 64, "Peak Memory Usage": 3296, "Plans": [{"Node Type": "Hash Join", "Parent Relationship": "Outer", "Parallel Aware": true, "Join Type": "Inner", "Startup Cost": 59496.64, "Total Cost": 91812.2, "Plan Rows": 575015, "Plan Width": 120, "Actual Startup Time": 864.809, "Actual Total Time": 1361.608, "Actual Rows": 345009, "Actual Loops": 4, "Inner Unique": true, "Hash Cond": "(mi_idx.movie_id = t.id)", "Plans": [{"Node Type": "Seq Scan", "Parent Relationship": "Outer", "Parallel Aware": true, "Relation Name": "movie_info_idx", "Alias": "mi_idx", "Startup Cost": 0.0, "Total Cost": 13685.15, "Plan Rows": 575015, "Plan Width": 25, "Actual Startup Time": 0.076, "Actual Total Time": 87.958, "Actual Rows": 345009, "Actual Loops": 4}, {"Node Type": "Hash", "Parent Relationship": "Inner", "Parallel Aware": true, "Startup Cost": 42336.73, "Total Cost": 42336.73, "Plan Rows": 632073, "Plan Width": 95, "Actual Startup Time": 620.661, "Actual Total Time": 620.669, "Actual Rows": 632078, "Actual Loops": 4, "Hash Buckets": 32768, "Original Hash Buckets": 32768, "Hash Batches": 128, "Original Hash Batches": 128, "Peak Memory Usage": 2624, "Plans": [{"Node Type": "Seq Scan", "Parent Relationship": "Outer", "Parallel Aware": true, "Relation Name": "title", "Alias": "t", "Startup Cost": 0.0, "Total Cost": 42336.73, "Plan Rows": 632073, "Plan Width": 95, "Actual Startup Time": 0.04, "Actual Total Time": 215.409, "Actual Rows": 632078, "Actual Loops": 4}]}]}]}]}]}, "Planning Time": 1.71, "Triggers": [], "Execution Time": 7691.274}