{"Plan": {"Node Type": "Gather", "Parallel Aware": false, "Startup Cost": 90771.55, "Total Cost": 129945.96, "Plan Rows": 70, "Plan Width": 147, "Actual Startup Time": 501.186, "Actual Total Time": 583.994, "Actual Rows": 866, "Actual Loops": 1, "Workers Planned": 4, "Workers Launched": 4, "Single Copy": false, "Plans": [{"Node Type": "Hash Join", "Parent Relationship": "Outer", "Parallel Aware": true, "Join Type": "Inner", "Startup Cost": 89771.55, "Total Cost": 128938.96, "Plan Rows": 18, "Plan Width": 147, "Actual Startup Time": 495.922, "Actual Total Time": 572.93, "Actual Rows": 173, "Actual Loops": 5, "Inner Unique": false, "Hash Cond": "(mc.movie_id = t.id)", "Plans": [{"Node Type": "Seq Scan", "Parent Relationship": "Outer", "Parallel Aware": true, "Relation Name": "movie_companies", "Alias": "mc", "Startup Cost": 0.0, "Total Cost": 38665.23, "Plan Rows": 133899, "Plan Width": 40, "Actual Startup Time": 0.055, "Actual Total Time": 131.405, "Actual Rows": 151615, "Actual Loops": 5, "Filter": "((company_id < 7851) AND (company_type_id = 1))", "Rows Removed by Filter": 370211}, {"Node Type": "Hash", "Parent Relationship": "Inner", "Parallel Aware": true, "Startup Cost": 89770.22, "Total Cost": 89770.22, "Plan Rows": 106, "Plan Width": 107, "Actual Startup Time": 419.268, "Actual Total Time": 419.272, "Actual Rows": 50, "Actual Loops": 5, "Hash Buckets": 1024, "Original Hash Buckets": 1024, "Hash Batches": 1, "Original Hash Batches": 1, "Peak Memory Usage": 168, "Plans": [{"Node Type": "Hash Join", "Parent Relationship": "Outer", "Parallel Aware": true, "Join Type": "Inner", "Startup Cost": 45498.49, "Total Cost": 89770.22, "Plan Rows": 106, "Plan Width": 107, "Actual Startup Time": 273.04, "Actual Total Time": 419.07, "Actual Rows": 50, "Actual Loops": 5, "Inner Unique": true, "Hash Cond": "(mk.movie_id = t.id)", "Plans": [{"Node Type": "Seq Scan", "Parent Relationship": "Outer", "Parallel Aware": true, "Relation Name": "movie_keyword", "Alias": "mk", "Startup Cost": 0.0, "Total Cost": 42695.65, "Plan Rows": 600410, "Plan Width": 12, "Actual Startup Time": 0.063, "Actual Total Time": 199.742, "Actual Rows": 370365, "Actual Loops": 5, "Filter": "(keyword_id > 7473)", "Rows Removed by Filter": 534421}, {"Node Type": "Hash", "Parent Relationship": "Inner", "Parallel Aware": true, "Startup Cost": 45497.09, "Total Cost": 45497.09, "Plan Rows": 112, "Plan Width": 95, "Actual Startup Time": 164.935, "Actual Total Time": 164.936, "Actual Rows": 111, "Actual Loops": 5, "Hash Buckets": 1024, "Original Hash Buckets": 1024, "Hash Batches": 1, "Original Hash Batches": 1, "Peak Memory Usage": 168, "Plans": [{"Node Type": "Seq Scan", "Parent Relationship": "Outer", "Parallel Aware": true, "Relation Name": "title", "Alias": "t", "Startup Cost": 0.0, "Total Cost": 45497.09, "Plan Rows": 112, "Plan Width": 95, "Actual Startup Time": 1.581, "Actual Total Time": 164.701, "Actual Rows": 111, "Actual Loops": 5, "Filter": "((kind_id = 2) AND (production_year = 1971))", "Rows Removed by Filter": 505551}]}]}]}]}]}, "Planning Time": 1.816, "Triggers": [], "Execution Time": 584.288}