{"Plan": {"Node Type": "Gather", "Parallel Aware": false, "Startup Cost": 364022.42, "Total Cost": 489137.55, "Plan Rows": 609501, "Plan Width": 245, "Actual Startup Time": 3799.202, "Actual Total Time": 6802.395, "Actual Rows": 4495017, "Actual Loops": 1, "Workers Planned": 3, "Workers Launched": 3, "Single Copy": false, "Plans": [{"Node Type": "Hash Join", "Parent Relationship": "Outer", "Parallel Aware": true, "Join Type": "Inner", "Startup Cost": 363022.42, "Total Cost": 427187.45, "Plan Rows": 196613, "Plan Width": 245, "Actual Startup Time": 3791.424, "Actual Total Time": 4842.18, "Actual Rows": 1123754, "Actual Loops": 4, "Inner Unique": false, "Hash Cond": "(mk.movie_id = t.id)", "Plans": [{"Node Type": "Seq Scan", "Parent Relationship": "Outer", "Parallel Aware": true, "Relation Name": "movie_keyword", "Alias": "mk", "Startup Cost": 0.0, "Total Cost": 39047.32, "Plan Rows": 1459332, "Plan Width": 12, "Actual Startup Time": 0.095, "Actual Total Time": 260.727, "Actual Rows": 1130982, "Actual Loops": 4}, {"Node Type": "Hash", "Parent Relationship": "Inner", "Parallel Aware": true, "Startup Cost": 356674.29, "Total Cost": 356674.29, "Plan Rows": 141930, "Plan Width": 233, "Actual Startup Time": 3205.393, "Actual Total Time": 3205.61, "Actual Rows": 182640, "Actual Loops": 4, "Hash Buckets": 16384, "Original Hash Buckets": 16384, "Hash Batches": 64, "Original Hash Batches": 32, "Peak Memory Usage": 2816, "Plans": [{"Node Type": "Hash Join", "Parent Relationship": "Outer", "Parallel Aware": true, "Join Type": "Inner", "Startup Cost": 329151.98, "Total Cost": 356674.29, "Plan Rows": 141930, "Plan Width": 233, "Actual Startup Time": 2695.63, "Actual Total Time": 2947.623, "Actual Rows": 182640, "Actual Loops": 4, "Inner Unique": false, "Hash Cond": "(mi_idx.movie_id = t.id)", "Plans": [{"Node Type": "Seq Scan", "Parent Relationship": "Outer", "Parallel Aware": true, "Relation Name": "movie_info_idx", "Alias": "mi_idx", "Startup Cost": 0.0, "Total Cost": 13685.15, "Plan Rows": 575015, "Plan Width": 25, "Actual Startup Time": 0.063, "Actual Total Time": 81.705, "Actual Rows": 345009, "Actual Loops": 4}, {"Node Type": "Hash", "Parent Relationship": "Inner", "Parallel Aware": true, "Startup Cost": 324056.84, "Total Cost": 324056.84, "Plan Rows": 124811, "Plan Width": 208, "Actual Startup Time": 2496.139, "Actual Total Time": 2496.212, "Actual Rows": 102215, "Actual Loops": 4, "Hash Buckets": 32768, "Original Hash Buckets": 32768, "Hash Batches": 64, "Original Hash Batches": 64, "Peak Memory Usage": 1536, "Plans": [{"Node Type": "Hash Join", "Parent Relationship": "Outer", "Parallel Aware": true, "Join Type": "Inner", "Startup Cost": 109186.67, "Total Cost": 324056.84, "Plan Rows": 124811, "Plan Width": 208, "Actual Startup Time": 2176.875, "Actual Total Time": 2404.122, "Actual Rows": 102215, "Actual Loops": 4, "Inner Unique": false, "Hash Cond": "(mi.movie_id = t.id)", "Plans": [{"Node Type": "Seq Scan", "Parent Relationship": "Outer", "Parallel Aware": true, "Relation Name": "movie_info", "Alias": "mi", "Startup Cost": 0.0, "Total Cost": 198938.07, "Plan Rows": 405620, "Plan Width": 73, "Actual Startup Time": 0.083, "Actual Total Time": 910.381, "Actual Rows": 522767, "Actual Loops": 4, "Filter": "(info_type_id < 3)", "Rows Removed by Filter": 3186163}, {"Node Type": "Hash", "Parent Relationship": "Inner", "Parallel Aware": true, "Startup Cost": 102956.53, "Total Cost": 102956.53, "Plan Rows": 194491, "Plan Width": 135, "Actual Startup Time": 1107.097, "Actual Total Time": 1107.139, "Actual Rows": 79210, "Actual Loops": 4, "Hash Buckets": 32768, "Original Hash Buckets": 32768, "Hash Batches": 64, "Original Hash Batches": 64, "Peak Memory Usage": 1120, "Plans": [{"Node Type": "Hash Join", "Parent Relationship": "Outer", "Parallel Aware": true, "Join Type": "Inner", "Startup Cost": 54454.6, "Total Cost": 102956.53, "Plan Rows": 194491, "Plan Width": 135, "Actual Startup Time": 753.122, "Actual Total Time": 1039.957, "Actual Rows": 79210, "Actual Loops": 4, "Inner Unique": true, "Hash Cond": "(mc.movie_id = t.id)", "Plans": [{"Node Type": "Seq Scan", "Parent Relationship": "Outer", "Parallel Aware": true, "Relation Name": "movie_companies", "Alias": "mc", "Startup Cost": 0.0, "Total Cost": 37034.53, "Plan Rows": 316726, "Plan Width": 40, "Actual Startup Time": 0.058, "Actual Total Time": 197.309, "Actual Rows": 318562, "Actual Loops": 4, "Filter": "(company_type_id < 2)", "Rows Removed by Filter": 333721}, {"Node Type": "Hash", "Parent Relationship": "Inner", "Parallel Aware": true, "Startup Cost": 43916.91, "Total Cost": 43916.91, "Plan Rows": 388135, "Plan Width": 95, "Actual Startup Time": 430.869, "Actual Total Time": 430.875, "Actual Rows": 385816, "Actual Loops": 4, "Hash Buckets": 32768, "Original Hash Buckets": 32768, "Hash Batches": 64, "Original Hash Batches": 64, "Peak Memory Usage": 3200, "Plans": [{"Node Type": "Seq Scan", "Parent Relationship": "Outer", "Parallel Aware": true, "Relation Name": "title", "Alias": "t", "Startup Cost": 0.0, "Total Cost": 43916.91, "Plan Rows": 388135, "Plan Width": 95, "Actual Startup Time": 0.039, "Actual Total Time": 252.897, "Actual Rows": 385816, "Actual Loops": 4, "Filter": "(kind_id = 7)", "Rows Removed by Filter": 246262}]}]}]}]}]}]}]}]}]}, "Planning Time": 3.817, "Triggers": [], "Execution Time": 7068.84}