{"Plan": {"Node Type": "Gather", "Parallel Aware": false, "Startup Cost": 55540.35, "Total Cost": 102650.54, "Plan Rows": 10, "Plan Width": 172, "Actual Startup Time": 325.831, "Actual Total Time": 761.858, "Actual Rows": 567, "Actual Loops": 1, "Workers Planned": 3, "Workers Launched": 3, "Single Copy": false, "Plans": [{"Node Type": "Hash Join", "Parent Relationship": "Outer", "Parallel Aware": true, "Join Type": "Inner", "Startup Cost": 54540.35, "Total Cost": 101649.54, "Plan Rows": 3, "Plan Width": 172, "Actual Startup Time": 458.797, "Actual Total Time": 676.863, "Actual Rows": 142, "Actual Loops": 4, "Inner Unique": false, "Hash Cond": "(mk.movie_id = t.id)", "Plans": [{"Node Type": "Seq Scan", "Parent Relationship": "Outer", "Parallel Aware": true, "Relation Name": "movie_keyword", "Alias": "mk", "Startup Cost": 0.0, "Total Cost": 42695.65, "Plan Rows": 1176942, "Plan Width": 12, "Actual Startup Time": 0.048, "Actual Total Time": 280.073, "Actual Rows": 912650, "Actual Loops": 4, "Filter": "(keyword_id > 829)", "Rows Removed by Filter": 218333}, {"Node Type": "Hash", "Parent Relationship": "Inner", "Parallel Aware": true, "Startup Cost": 54540.31, "Total Cost": 54540.31, "Plan Rows": 3, "Plan Width": 160, "Actual Startup Time": 272.049, "Actual Total Time": 272.055, "Actual Rows": 9, "Actual Loops": 4, "Hash Buckets": 1024, "Original Hash Buckets": 1024, "Hash Batches": 1, "Original Hash Batches": 1, "Peak Memory Usage": 136, "Plans": [{"Node Type": "Nested Loop", "Parent Relationship": "Outer", "Parallel Aware": false, "Join Type": "Inner", "Startup Cost": 38665.81, "Total Cost": 54540.31, "Plan Rows": 3, "Plan Width": 160, "Actual Startup Time": 157.846, "Actual Total Time": 271.907, "Actual Rows": 9, "Actual Loops": 4, "Inner Unique": true, "Join Filter": "(mc.movie_id = t.id)", "Rows Removed by Join Filter": 0, "Plans": [{"Node Type": "Hash Join", "Parent Relationship": "Outer", "Parallel Aware": true, "Join Type": "Inner", "Startup Cost": 38665.38, "Total Cost": 54506.97, "Plan Rows": 56, "Plan Width": 65, "Actual Startup Time": 157.715, "Actual Total Time": 271.582, "Actual Rows": 9, "Actual Loops": 4, "Inner Unique": false, "Hash Cond": "(mi_idx.movie_id = mc.movie_id)", "Plans": [{"Node Type": "Seq Scan", "Parent Relationship": "Outer", "Parallel Aware": true, "Relation Name": "movie_info_idx", "Alias": "mi_idx", "Startup Cost": 0.0, "Total Cost": 13685.15, "Plan Rows": 575015, "Plan Width": 25, "Actual Startup Time": 0.038, "Actual Total Time": 62.767, "Actual Rows": 345009, "Actual Loops": 4}, {"Node Type": "Hash", "Parent Relationship": "Inner", "Parallel Aware": true, "Startup Cost": 38665.23, "Total Cost": 38665.23, "Plan Rows": 12, "Plan Width": 40, "Actual Startup Time": 142.691, "Actual Total Time": 142.692, "Actual Rows": 124, "Actual Loops": 4, "Hash Buckets": 1024, "Original Hash Buckets": 1024, "Hash Batches": 1, "Original Hash Batches": 1, "Peak Memory Usage": 136, "Plans": [{"Node Type": "Seq Scan", "Parent Relationship": "Outer", "Parallel Aware": true, "Relation Name": "movie_companies", "Alias": "mc", "Startup Cost": 0.0, "Total Cost": 38665.23, "Plan Rows": 12, "Plan Width": 40, "Actual Startup Time": 3.876, "Actual Total Time": 142.55, "Actual Rows": 124, "Actual Loops": 4, "Filter": "((company_id = 12591) AND (company_type_id = 1))", "Rows Removed by Filter": 652158}]}]}, {"Node Type": "Index Scan", "Parent Relationship": "Inner", "Parallel Aware": false, "Scan Direction": "Forward", "Index Name": "title_pkey", "Relation Name": "title", "Alias": "t", "Startup Cost": 0.43, "Total Cost": 0.58, "Plan Rows": 1, "Plan Width": 95, "Actual Startup Time": 0.031, "Actual Total Time": 0.031, "Actual Rows": 1, "Actual Loops": 36, "Index Cond": "(id = mi_idx.movie_id)", "Rows Removed by Index Recheck": 0, "Filter": "((kind_id < 7) AND (production_year < 2007))", "Rows Removed by Filter": 0}]}]}]}]}, "Planning Time": 2.372, "Triggers": [], "Execution Time": 762.15}