{"Plan": {"Node Type": "Gather", "Parallel Aware": false, "Startup Cost": 1000.0, "Total Cost": 43720.45, "Plan Rows": 248, "Plan Width": 12, "Actual Startup Time": 1.048, "Actual Total Time": 214.384, "Actual Rows": 1351, "Actual Loops": 1, "Workers Planned": 3, "Workers Launched": 3, "Single Copy": false, "Plans": [{"Node Type": "Seq Scan", "Parent Relationship": "Outer", "Parallel Aware": true, "Relation Name": "movie_keyword", "Alias": "mk", "Startup Cost": 0.0, "Total Cost": 42695.65, "Plan Rows": 80, "Plan Width": 12, "Actual Startup Time": 1.137, "Actual Total Time": 206.599, "Actual Rows": 338, "Actual Loops": 4, "Filter": "(keyword_id = 2810)", "Rows Removed by Filter": 1130645}]}, "Planning Time": 0.604, "Triggers": [], "Execution Time": 214.603}