{"Plan": {"Node Type": "Gather", "Parallel Aware": false, "Startup Cost": 45183.7, "Total Cost": 65038.16, "Plan Rows": 46599, "Plan Width": 120, "Actual Startup Time": 282.493, "Actual Total Time": 511.246, "Actual Rows": 51108, "Actual Loops": 1, "Workers Planned": 2, "Workers Launched": 2, "Single Copy": false, "Plans": [{"Node Type": "Hash Join", "Parent Relationship": "Outer", "Parallel Aware": true, "Join Type": "Inner", "Startup Cost": 44183.7, "Total Cost": 59378.26, "Plan Rows": 19416, "Plan Width": 120, "Actual Startup Time": 277.938, "Actual Total Time": 490.914, "Actual Rows": 17036, "Actual Loops": 3, "Inner Unique": true, "Hash Cond": "(mi_idx.movie_id = t.id)", "Plans": [{"Node Type": "Seq Scan", "Parent Relationship": "Outer", "Parallel Aware": true, "Relation Name": "movie_info_idx", "Alias": "mi_idx", "Startup Cost": 0.0, "Total Cost": 13685.15, "Plan Rows": 575015, "Plan Width": 25, "Actual Startup Time": 0.106, "Actual Total Time": 88.288, "Actual Rows": 460012, "Actual Loops": 3}, {"Node Type": "Hash", "Parent Relationship": "Inner", "Parallel Aware": true, "Startup Cost": 43916.91, "Total Cost": 43916.91, "Plan Rows": 21343, "Plan Width": 95, "Actual Startup Time": 276.883, "Actual Total Time": 276.884, "Actual Rows": 28198, "Actual Loops": 3, "Hash Buckets": 131072, "Original Hash Buckets": 131072, "Hash Batches": 1, "Original Hash Batches": 1, "Peak Memory Usage": 10944, "Plans": [{"Node Type": "Seq Scan", "Parent Relationship": "Outer", "Parallel Aware": true, "Relation Name": "title", "Alias": "t", "Startup Cost": 0.0, "Total Cost": 43916.91, "Plan Rows": 21343, "Plan Width": 95, "Actual Startup Time": 0.055, "Actual Total Time": 261.118, "Actual Rows": 28198, "Actual Loops": 3, "Filter": "(production_year = 2004)", "Rows Removed by Filter": 814573}]}]}]}, "Planning Time": 1.509, "Triggers": [], "Execution Time": 514.445}