{"Plan": {"Node Type": "Gather", "Parallel Aware": false, "Startup Cost": 1000.0, "Total Cost": 277824.37, "Plan Rows": 778863, "Plan Width": 73, "Actual Startup Time": 187.641, "Actual Total Time": 758.401, "Actual Rows": 802140, "Actual Loops": 1, "Workers Planned": 5, "Workers Launched": 5, "Single Copy": false, "Plans": [{"Node Type": "Seq Scan", "Parent Relationship": "Outer", "Parallel Aware": true, "Relation Name": "movie_info", "Alias": "mi", "Startup Cost": 0.0, "Total Cost": 198938.07, "Plan Rows": 155773, "Plan Width": 73, "Actual Startup Time": 181.975, "Actual Total Time": 579.254, "Actual Rows": 133690, "Actual Loops": 6, "Filter": "(info_type_id < 2)", "Rows Removed by Filter": 2338930}]}, "Planning Time": 0.877, "Triggers": [], "Execution Time": 804.154}