{"Plan": {"Node Type": "Hash Join", "Parallel Aware": false, "Join Type": "Inner", "Startup Cost": 129938.55, "Total Cost": 301673.2, "Plan Rows": 4333526, "Plan Width": 107, "Actual Startup Time": 2046.911, "Actual Total Time": 7885.214, "Actual Rows": 4331869, "Actual Loops": 1, "Inner Unique": true, "Hash Cond": "(mk.movie_id = t.id)", "Plans": [{"Node Type": "Seq Scan", "Parent Relationship": "Outer", "Parallel Aware": false, "Relation Name": "movie_keyword", "Alias": "mk", "Startup Cost": 0.0, "Total Cost": 81003.12, "Plan Rows": 4333526, "Plan Width": 12, "Actual Startup Time": 0.037, "Actual Total Time": 1295.211, "Actual Rows": 4331869, "Actual Loops": 1, "Filter": "(keyword_id < 70428)", "Rows Removed by Filter": 192061}, {"Node Type": "Hash", "Parent Relationship": "Inner", "Parallel Aware": false, "Startup Cost": 61298.91, "Total Cost": 61298.91, "Plan Rows": 2528291, "Plan Width": 95, "Actual Startup Time": 2040.923, "Actual Total Time": 2040.924, "Actual Rows": 2528312, "Actual Loops": 1, "Hash Buckets": 32768, "Original Hash Buckets": 32768, "Hash Batches": 128, "Original Hash Batches": 128, "Peak Memory Usage": 2453, "Plans": [{"Node Type": "Seq Scan", "Parent Relationship": "Outer", "Parallel Aware": false, "Relation Name": "title", "Alias": "t", "Startup Cost": 0.0, "Total Cost": 61298.91, "Plan Rows": 2528291, "Plan Width": 95, "Actual Startup Time": 0.037, "Actual Total Time": 690.614, "Actual Rows": 2528312, "Actual Loops": 1}]}]}, "Planning Time": 1.861, "Triggers": [], "Execution Time": 8120.784}