{"Plan": {"Node Type": "Gather", "Parallel Aware": false, "Startup Cost": 1000.43, "Total Cost": 38256.53, "Plan Rows": 23, "Plan Width": 135, "Actual Startup Time": 36.444, "Actual Total Time": 120.786, "Actual Rows": 4, "Actual Loops": 1, "Workers Planned": 4, "Workers Launched": 4, "Single Copy": false, "Plans": [{"Node Type": "Nested Loop", "Parent Relationship": "Outer", "Parallel Aware": false, "Join Type": "Inner", "Startup Cost": 0.43, "Total Cost": 37254.23, "Plan Rows": 6, "Plan Width": 135, "Actual Startup Time": 53.147, "Actual Total Time": 111.859, "Actual Rows": 1, "Actual Loops": 5, "Inner Unique": true, "Plans": [{"Node Type": "Seq Scan", "Parent Relationship": "Outer", "Parallel Aware": true, "Relation Name": "movie_companies", "Alias": "mc", "Startup Cost": 0.0, "Total Cost": 37034.53, "Plan Rows": 26, "Plan Width": 40, "Actual Startup Time": 31.388, "Actual Total Time": 111.636, "Actual Rows": 2, "Actual Loops": 5, "Filter": "(company_id = 37708)", "Rows Removed by Filter": 521823}, {"Node Type": "Index Scan", "Parent Relationship": "Inner", "Parallel Aware": false, "Scan Direction": "Forward", "Index Name": "title_pkey", "Relation Name": "title", "Alias": "t", "Startup Cost": 0.43, "Total Cost": 8.45, "Plan Rows": 1, "Plan Width": 95, "Actual Startup Time": 0.082, "Actual Total Time": 0.082, "Actual Rows": 0, "Actual Loops": 12, "Index Cond": "(id = mc.movie_id)", "Rows Removed by Index Recheck": 0, "Filter": "(production_year < 1984)", "Rows Removed by Filter": 1}]}]}, "Planning Time": 1.446, "Triggers": [], "Execution Time": 120.944}