{"Plan": {"Node Type": "Gather", "Parallel Aware": false, "Startup Cost": 133115.09, "Total Cost": 407957.45, "Plan Rows": 716130, "Plan Width": 205, "Actual Startup Time": 915.665, "Actual Total Time": 2656.328, "Actual Rows": 1039230, "Actual Loops": 1, "Workers Planned": 5, "Workers Launched": 5, "Single Copy": false, "Plans": [{"Node Type": "Hash Join", "Parent Relationship": "Outer", "Parallel Aware": true, "Join Type": "Inner", "Startup Cost": 132115.09, "Total Cost": 335344.45, "Plan Rows": 143226, "Plan Width": 205, "Actual Startup Time": 908.743, "Actual Total Time": 2272.808, "Actual Rows": 173205, "Actual Loops": 6, "Inner Unique": false, "Hash Cond": "(mi.movie_id = t.id)", "Plans": [{"Node Type": "Seq Scan", "Parent Relationship": "Outer", "Parallel Aware": true, "Relation Name": "movie_info", "Alias": "mi", "Startup Cost": 0.0, "Total Cost": 191549.05, "Plan Rows": 2955605, "Plan Width": 73, "Actual Startup Time": 0.059, "Actual Total Time": 558.599, "Actual Rows": 2472620, "Actual Loops": 6}, {"Node Type": "Hash", "Parent Relationship": "Inner", "Parallel Aware": true, "Startup Cost": 131476.97, "Total Cost": 131476.97, "Plan Rows": 51050, "Plan Width": 132, "Actual Startup Time": 848.561, "Actual Total Time": 849.018, "Actual Rows": 12228, "Actual Loops": 6, "Hash Buckets": 131072, "Original Hash Buckets": 131072, "Hash Batches": 1, "Original Hash Batches": 1, "Peak Memory Usage": 12640, "Plans": [{"Node Type": "Hash Join", "Parent Relationship": "Outer", "Parallel Aware": true, "Join Type": "Inner", "Startup Cost": 106405.85, "Total Cost": 131476.97, "Plan Rows": 51050, "Plan Width": 132, "Actual Startup Time": 788.769, "Actual Total Time": 838.792, "Actual Rows": 12228, "Actual Loops": 6, "Inner Unique": false, "Hash Cond": "(mi_idx.movie_id = t.id)", "Plans": [{"Node Type": "Seq Scan", "Parent Relationship": "Outer", "Parallel Aware": true, "Relation Name": "movie_info_idx", "Alias": "mi_idx", "Startup Cost": 0.0, "Total Cost": 13685.15, "Plan Rows": 575015, "Plan Width": 25, "Actual Startup Time": 0.057, "Actual Total Time": 53.93, "Actual Rows": 230006, "Actual Loops": 6}, {"Node Type": "Hash", "Parent Relationship": "Inner", "Parallel Aware": true, "Startup Cost": 104297.77, "Total Cost": 104297.77, "Plan Rows": 72406, "Plan Width": 107, "Actual Startup Time": 662.52, "Actual Total Time": 662.955, "Actual Rows": 8696, "Actual Loops": 6, "Hash Buckets": 32768, "Original Hash Buckets": 32768, "Hash Batches": 16, "Original Hash Batches": 16, "Peak Memory Usage": 768, "Plans": [{"Node Type": "Hash Join", "Parent Relationship": "Outer", "Parallel Aware": true, "Join Type": "Inner", "Startup Cost": 54454.6, "Total Cost": 104297.77, "Plan Rows": 72406, "Plan Width": 107, "Actual Startup Time": 496.475, "Actual Total Time": 654.429, "Actual Rows": 8696, "Actual Loops": 6, "Inner Unique": true, "Hash Cond": "(mk.movie_id = t.id)", "Plans": [{"Node Type": "Seq Scan", "Parent Relationship": "Outer", "Parallel Aware": true, "Relation Name": "movie_keyword", "Alias": "mk", "Startup Cost": 0.0, "Total Cost": 42695.65, "Plan Rows": 117913, "Plan Width": 12, "Actual Startup Time": 0.071, "Actual Total Time": 148.473, "Actual Rows": 60615, "Actual Loops": 6, "Filter": "(keyword_id < 335)", "Rows Removed by Filter": 693373}, {"Node Type": "Hash", "Parent Relationship": "Inner", "Parallel Aware": true, "Startup Cost": 43916.91, "Total Cost": 43916.91, "Plan Rows": 388135, "Plan Width": 95, "Actual Startup Time": 300.051, "Actual Total Time": 300.057, "Actual Rows": 257211, "Actual Loops": 6, "Hash Buckets": 32768, "Original Hash Buckets": 32768, "Hash Batches": 64, "Original Hash Batches": 64, "Peak Memory Usage": 3264, "Plans": [{"Node Type": "Seq Scan", "Parent Relationship": "Outer", "Parallel Aware": true, "Relation Name": "title", "Alias": "t", "Startup Cost": 0.0, "Total Cost": 43916.91, "Plan Rows": 388135, "Plan Width": 95, "Actual Startup Time": 0.044, "Actual Total Time": 166.03, "Actual Rows": 257211, "Actual Loops": 6, "Filter": "(kind_id = 7)", "Rows Removed by Filter": 164175}]}]}]}]}]}]}]}, "Planning Time": 2.53, "Triggers": [], "Execution Time": 2718.387}