{"Plan": {"Node Type": "Gather", "Parallel Aware": false, "Startup Cost": 83671.44, "Total Cost": 187014.41, "Plan Rows": 511384, "Plan Width": 160, "Actual Startup Time": 1011.951, "Actual Total Time": 1652.843, "Actual Rows": 1102769, "Actual Loops": 1, "Workers Planned": 4, "Workers Launched": 4, "Single Copy": false, "Plans": [{"Node Type": "Hash Join", "Parent Relationship": "Outer", "Parallel Aware": true, "Join Type": "Inner", "Startup Cost": 82671.44, "Total Cost": 134876.01, "Plan Rows": 127846, "Plan Width": 160, "Actual Startup Time": 1004.926, "Actual Total Time": 1285.761, "Actual Rows": 220554, "Actual Loops": 5, "Inner Unique": false, "Hash Cond": "(mc.movie_id = t.id)", "Plans": [{"Node Type": "Seq Scan", "Parent Relationship": "Outer", "Parallel Aware": true, "Relation Name": "movie_companies", "Alias": "mc", "Startup Cost": 0.0, "Total Cost": 35403.82, "Plan Rows": 652282, "Plan Width": 40, "Actual Startup Time": 0.049, "Actual Total Time": 138.615, "Actual Rows": 521826, "Actual Loops": 5}, {"Node Type": "Hash", "Parent Relationship": "Inner", "Parallel Aware": true, "Startup Cost": 76460.51, "Total Cost": 76460.51, "Plan Rows": 206475, "Plan Width": 120, "Actual Startup Time": 692.19, "Actual Total Time": 692.33, "Actual Rows": 73835, "Actual Loops": 5, "Hash Buckets": 32768, "Original Hash Buckets": 32768, "Hash Batches": 32, "Original Hash Batches": 32, "Peak Memory Usage": 1888, "Plans": [{"Node Type": "Hash Join", "Parent Relationship": "Outer", "Parallel Aware": true, "Join Type": "Inner", "Startup Cost": 50078.95, "Total Cost": 76460.51, "Plan Rows": 206475, "Plan Width": 120, "Actual Startup Time": 451.026, "Actual Total Time": 636.392, "Actual Rows": 73835, "Actual Loops": 5, "Inner Unique": true, "Hash Cond": "(mi_idx.movie_id = t.id)", "Plans": [{"Node Type": "Seq Scan", "Parent Relationship": "Outer", "Parallel Aware": true, "Relation Name": "movie_info_idx", "Alias": "mi_idx", "Startup Cost": 0.0, "Total Cost": 13685.15, "Plan Rows": 575015, "Plan Width": 25, "Actual Startup Time": 0.057, "Actual Total Time": 66.097, "Actual Rows": 276007, "Actual Loops": 5}, {"Node Type": "Hash", "Parent Relationship": "Inner", "Parallel Aware": true, "Startup Cost": 43916.91, "Total Cost": 43916.91, "Plan Rows": 226963, "Plan Width": 95, "Actual Startup Time": 283.701, "Actual Total Time": 283.705, "Actual Rows": 180898, "Actual Loops": 5, "Hash Buckets": 32768, "Original Hash Buckets": 32768, "Hash Batches": 32, "Original Hash Batches": 32, "Peak Memory Usage": 3648, "Plans": [{"Node Type": "Seq Scan", "Parent Relationship": "Outer", "Parallel Aware": true, "Relation Name": "title", "Alias": "t", "Startup Cost": 0.0, "Total Cost": 43916.91, "Plan Rows": 226963, "Plan Width": 95, "Actual Startup Time": 0.048, "Actual Total Time": 194.588, "Actual Rows": 180898, "Actual Loops": 5, "Filter": "(production_year > 2006)", "Rows Removed by Filter": 324764}]}]}]}]}]}, "Planning Time": 1.826, "Triggers": [], "Execution Time": 1718.091}