{"Plan": {"Node Type": "Gather", "Parallel Aware": false, "Startup Cost": 52312.3, "Total Cost": 191168.27, "Plan Rows": 884099, "Plan Width": 135, "Actual Startup Time": 617.401, "Actual Total Time": 1490.644, "Actual Rows": 1770929, "Actual Loops": 1, "Workers Planned": 4, "Workers Launched": 4, "Single Copy": false, "Plans": [{"Node Type": "Hash Join", "Parent Relationship": "Outer", "Parallel Aware": true, "Join Type": "Inner", "Startup Cost": 51312.3, "Total Cost": 101758.37, "Plan Rows": 221025, "Plan Width": 135, "Actual Startup Time": 608.553, "Actual Total Time": 1047.618, "Actual Rows": 354186, "Actual Loops": 5, "Inner Unique": true, "Hash Cond": "(mc.movie_id = t.id)", "Plans": [{"Node Type": "Seq Scan", "Parent Relationship": "Outer", "Parallel Aware": true, "Relation Name": "movie_companies", "Alias": "mc", "Startup Cost": 0.0, "Total Cost": 35403.82, "Plan Rows": 652282, "Plan Width": 40, "Actual Startup Time": 0.058, "Actual Total Time": 141.537, "Actual Rows": 521826, "Actual Loops": 5}, {"Node Type": "Hash", "Parent Relationship": "Inner", "Parallel Aware": true, "Startup Cost": 45497.09, "Total Cost": 45497.09, "Plan Rows": 214177, "Plan Width": 95, "Actual Startup Time": 279.507, "Actual Total Time": 279.51, "Actual Rows": 179358, "Actual Loops": 5, "Hash Buckets": 32768, "Original Hash Buckets": 32768, "Hash Batches": 32, "Original Hash Batches": 32, "Peak Memory Usage": 3520, "Plans": [{"Node Type": "Seq Scan", "Parent Relationship": "Outer", "Parallel Aware": true, "Relation Name": "title", "Alias": "t", "Startup Cost": 0.0, "Total Cost": 45497.09, "Plan Rows": 214177, "Plan Width": 95, "Actual Startup Time": 0.063, "Actual Total Time": 196.985, "Actual Rows": 179358, "Actual Loops": 5, "Filter": "((kind_id < 7) AND (production_year < 2012))", "Rows Removed by Filter": 326305}]}]}]}, "Planning Time": 1.394, "Triggers": [], "Execution Time": 1595.516}