{"Plan": {"Node Type": "Gather", "Parallel Aware": false, "Startup Cost": 1000.0, "Total Cost": 47474.49, "Plan Rows": 9774, "Plan Width": 95, "Actual Startup Time": 0.917, "Actual Total Time": 176.876, "Actual Rows": 8942, "Actual Loops": 1, "Workers Planned": 4, "Workers Launched": 4, "Single Copy": false, "Plans": [{"Node Type": "Seq Scan", "Parent Relationship": "Outer", "Parallel Aware": true, "Relation Name": "title", "Alias": "t", "Startup Cost": 0.0, "Total Cost": 45497.09, "Plan Rows": 2444, "Plan Width": 95, "Actual Startup Time": 0.279, "Actual Total Time": 166.064, "Actual Rows": 1788, "Actual Loops": 5, "Filter": "((kind_id > 2) AND (production_year = 1974))", "Rows Removed by Filter": 503874}]}, "Planning Time": 0.903, "Triggers": [], "Execution Time": 177.578}