{"Plan": {"Node Type": "Gather", "Parallel Aware": false, "Startup Cost": 47269.52, "Total Cost": 68048.62, "Plan Rows": 20878, "Plan Width": 120, "Actual Startup Time": 478.366, "Actual Total Time": 619.78, "Actual Rows": 62556, "Actual Loops": 1, "Workers Planned": 2, "Workers Launched": 2, "Single Copy": false, "Plans": [{"Node Type": "Hash Join", "Parent Relationship": "Outer", "Parallel Aware": true, "Join Type": "Inner", "Startup Cost": 46269.52, "Total Cost": 64960.82, "Plan Rows": 8699, "Plan Width": 120, "Actual Startup Time": 483.21, "Actual Total Time": 566.332, "Actual Rows": 20852, "Actual Loops": 3, "Inner Unique": true, "Hash Cond": "(mi_idx.movie_id = t.id)", "Plans": [{"Node Type": "Seq Scan", "Parent Relationship": "Outer", "Parallel Aware": true, "Relation Name": "movie_info_idx", "Alias": "mi_idx", "Startup Cost": 0.0, "Total Cost": 15122.68, "Plan Rows": 193378, "Plan Width": 25, "Actual Startup Time": 0.056, "Actual Total Time": 111.167, "Actual Rows": 153308, "Actual Loops": 3, "Filter": "(info_type_id = 100)", "Rows Removed by Filter": 306703}, {"Node Type": "Hash", "Parent Relationship": "Inner", "Parallel Aware": true, "Startup Cost": 45497.09, "Total Cost": 45497.09, "Plan Rows": 28434, "Plan Width": 95, "Actual Startup Time": 322.302, "Actual Total Time": 322.303, "Actual Rows": 82737, "Actual Loops": 3, "Hash Buckets": 32768, "Original Hash Buckets": 32768, "Hash Batches": 8, "Original Hash Batches": 4, "Peak Memory Usage": 3840, "Plans": [{"Node Type": "Seq Scan", "Parent Relationship": "Outer", "Parallel Aware": true, "Relation Name": "title", "Alias": "t", "Startup Cost": 0.0, "Total Cost": 45497.09, "Plan Rows": 28434, "Plan Width": 95, "Actual Startup Time": 137.695, "Actual Total Time": 269.728, "Actual Rows": 82737, "Actual Loops": 3, "Filter": "((production_year < 1975) AND (kind_id = 1))", "Rows Removed by Filter": 760034}]}]}]}, "Planning Time": 1.434, "Triggers": [], "Execution Time": 623.624}