{"Plan": {"Node Type": "Gather", "Parallel Aware": false, "Startup Cost": 49438.24, "Total Cost": 185691.92, "Plan Rows": 775366, "Plan Width": 107, "Actual Startup Time": 807.104, "Actual Total Time": 1623.545, "Actual Rows": 1341449, "Actual Loops": 1, "Workers Planned": 3, "Workers Launched": 3, "Single Copy": false, "Plans": [{"Node Type": "Hash Join", "Parent Relationship": "Outer", "Parallel Aware": true, "Join Type": "Inner", "Startup Cost": 48438.24, "Total Cost": 107155.32, "Plan Rows": 250118, "Plan Width": 107, "Actual Startup Time": 809.082, "Actual Total Time": 1157.094, "Actual Rows": 335362, "Actual Loops": 4, "Inner Unique": true, "Hash Cond": "(mk.movie_id = t.id)", "Plans": [{"Node Type": "Seq Scan", "Parent Relationship": "Outer", "Parallel Aware": true, "Relation Name": "movie_keyword", "Alias": "mk", "Startup Cost": 0.0, "Total Cost": 39047.32, "Plan Rows": 1459332, "Plan Width": 12, "Actual Startup Time": 0.048, "Actual Total Time": 246.836, "Actual Rows": 1130982, "Actual Loops": 4}, {"Node Type": "Hash", "Parent Relationship": "Inner", "Parallel Aware": true, "Startup Cost": 45497.09, "Total Cost": 45497.09, "Plan Rows": 108332, "Plan Width": 95, "Actual Startup Time": 255.561, "Actual Total Time": 255.572, "Actual Rows": 78671, "Actual Loops": 4, "Hash Buckets": 32768, "Original Hash Buckets": 32768, "Hash Batches": 16, "Original Hash Batches": 16, "Peak Memory Usage": 2464, "Plans": [{"Node Type": "Seq Scan", "Parent Relationship": "Outer", "Parallel Aware": true, "Relation Name": "title", "Alias": "t", "Startup Cost": 0.0, "Total Cost": 45497.09, "Plan Rows": 108332, "Plan Width": 95, "Actual Startup Time": 84.72, "Actual Total Time": 214.229, "Actual Rows": 78671, "Actual Loops": 4, "Filter": "((production_year > 1994) AND (kind_id = 1))", "Rows Removed by Filter": 553407}]}]}]}, "Planning Time": 1.375, "Triggers": [], "Execution Time": 1702.621}