{"Plan": {"Node Type": "Gather", "Parallel Aware": false, "Startup Cost": 1000.0, "Total Cost": 43720.45, "Plan Rows": 248, "Plan Width": 12, "Actual Startup Time": 1.534, "Actual Total Time": 212.038, "Actual Rows": 337, "Actual Loops": 1, "Workers Planned": 3, "Workers Launched": 3, "Single Copy": false, "Plans": [{"Node Type": "Seq Scan", "Parent Relationship": "Outer", "Parallel Aware": true, "Relation Name": "movie_keyword", "Alias": "mk", "Startup Cost": 0.0, "Total Cost": 42695.65, "Plan Rows": 80, "Plan Width": 12, "Actual Startup Time": 2.514, "Actual Total Time": 204.363, "Actual Rows": 84, "Actual Loops": 4, "Filter": "(keyword_id = 12828)", "Rows Removed by Filter": 1130898}]}, "Planning Time": 0.645, "Triggers": [], "Execution Time": 212.183}