{"Plan": {"Node Type": "Gather", "Parallel Aware": false, "Startup Cost": 81478.06, "Total Cost": 435261.6, "Plan Rows": 1086496, "Plan Width": 193, "Actual Startup Time": 1747.671, "Actual Total Time": 3965.85, "Actual Rows": 6348748, "Actual Loops": 1, "Workers Planned": 5, "Workers Launched": 5, "Single Copy": false, "Plans": [{"Node Type": "Hash Join", "Parent Relationship": "Outer", "Parallel Aware": true, "Join Type": "Inner", "Startup Cost": 80478.06, "Total Cost": 325612.0, "Plan Rows": 217299, "Plan Width": 193, "Actual Startup Time": 1738.803, "Actual Total Time": 2877.876, "Actual Rows": 1058125, "Actual Loops": 6, "Inner Unique": false, "Hash Cond": "(mi.movie_id = t.id)", "Plans": [{"Node Type": "Seq Scan", "Parent Relationship": "Outer", "Parallel Aware": true, "Relation Name": "movie_info", "Alias": "mi", "Startup Cost": 0.0, "Total Cost": 198938.07, "Plan Rows": 1459589, "Plan Width": 73, "Actual Startup Time": 0.072, "Actual Total Time": 732.365, "Actual Rows": 1214478, "Actual Loops": 6, "Filter": "(info_type_id < 8)", "Rows Removed by Filter": 1258142}, {"Node Type": "Hash", "Parent Relationship": "Inner", "Parallel Aware": true, "Startup Cost": 75760.63, "Total Cost": 75760.63, "Plan Rows": 156835, "Plan Width": 120, "Actual Startup Time": 655.516, "Actual Total Time": 655.61, "Actual Rows": 133101, "Actual Loops": 6, "Hash Buckets": 32768, "Original Hash Buckets": 32768, "Hash Batches": 32, "Original Hash Batches": 16, "Peak Memory Usage": 3648, "Plans": [{"Node Type": "Hash Join", "Parent Relationship": "Outer", "Parallel Aware": true, "Join Type": "Inner", "Startup Cost": 50178.07, "Total Cost": 75760.63, "Plan Rows": 156835, "Plan Width": 120, "Actual Startup Time": 356.648, "Actual Total Time": 538.434, "Actual Rows": 133101, "Actual Loops": 6, "Inner Unique": true, "Hash Cond": "(mi_idx.movie_id = t.id)", "Plans": [{"Node Type": "Seq Scan", "Parent Relationship": "Outer", "Parallel Aware": true, "Relation Name": "movie_info_idx", "Alias": "mi_idx", "Startup Cost": 0.0, "Total Cost": 13685.15, "Plan Rows": 575015, "Plan Width": 25, "Actual Startup Time": 0.062, "Actual Total Time": 54.466, "Actual Rows": 230006, "Actual Loops": 6}, {"Node Type": "Hash", "Parent Relationship": "Inner", "Parallel Aware": true, "Startup Cost": 45497.09, "Total Cost": 45497.09, "Plan Rows": 172398, "Plan Width": 95, "Actual Startup Time": 215.099, "Actual Total Time": 215.102, "Actual Rows": 124988, "Actual Loops": 6, "Hash Buckets": 32768, "Original Hash Buckets": 32768, "Hash Batches": 32, "Original Hash Batches": 32, "Peak Memory Usage": 3040, "Plans": [{"Node Type": "Seq Scan", "Parent Relationship": "Outer", "Parallel Aware": true, "Relation Name": "title", "Alias": "t", "Startup Cost": 0.0, "Total Cost": 45497.09, "Plan Rows": 172398, "Plan Width": 95, "Actual Startup Time": 0.062, "Actual Total Time": 152.697, "Actual Rows": 124988, "Actual Loops": 6, "Filter": "((kind_id < 7) AND (production_year < 2009))", "Rows Removed by Filter": 296397}]}]}]}]}]}, "Planning Time": 1.814, "Triggers": [], "Execution Time": 4332.957}