{"Plan": {"Node Type": "Hash Join", "Parallel Aware": false, "Join Type": "Inner", "Startup Cost": 109769.38, "Total Cost": 235101.64, "Plan Rows": 1602179, "Plan Width": 135, "Actual Startup Time": 1736.863, "Actual Total Time": 4800.951, "Actual Rows": 717308, "Actual Loops": 1, "Inner Unique": true, "Hash Cond": "(mc.movie_id = t.id)", "Plans": [{"Node Type": "Seq Scan", "Parent Relationship": "Outer", "Parallel Aware": false, "Relation Name": "movie_companies", "Alias": "mc", "Startup Cost": 0.0, "Total Cost": 54972.29, "Plan Rows": 2609129, "Plan Width": 40, "Actual Startup Time": 0.052, "Actual Total Time": 628.412, "Actual Rows": 2609129, "Actual Loops": 1}, {"Node Type": "Hash", "Parent Relationship": "Inner", "Parallel Aware": false, "Startup Cost": 67619.64, "Total Cost": 67619.64, "Plan Rows": 1552539, "Plan Width": 95, "Actual Startup Time": 1645.649, "Actual Total Time": 1645.659, "Actual Rows": 1543264, "Actual Loops": 1, "Hash Buckets": 32768, "Original Hash Buckets": 32768, "Hash Batches": 64, "Original Hash Batches": 64, "Peak Memory Usage": 3011, "Plans": [{"Node Type": "Seq Scan", "Parent Relationship": "Outer", "Parallel Aware": false, "Relation Name": "title", "Alias": "t", "Startup Cost": 0.0, "Total Cost": 67619.64, "Plan Rows": 1552539, "Plan Width": 95, "Actual Startup Time": 0.031, "Actual Total Time": 956.891, "Actual Rows": 1543264, "Actual Loops": 1, "Filter": "(kind_id = 7)", "Rows Removed by Filter": 985048}]}]}, "Planning Time": 1.384, "Triggers": [], "Execution Time": 4840.043}