{"Plan": {"Node Type": "Hash Join", "Parallel Aware": false, "Join Type": "Inner", "Startup Cost": 129938.55, "Total Cost": 1135147.68, "Plan Rows": 11993248, "Plan Width": 151, "Actual Startup Time": 7972.624, "Actual Total Time": 22896.604, "Actual Rows": 9384703, "Actual Loops": 1, "Inner Unique": true, "Hash Cond": "(ci.movie_id = t.id)", "Plans": [{"Node Type": "Seq Scan", "Parent Relationship": "Outer", "Parallel Aware": false, "Relation Name": "cast_info", "Alias": "ci", "Startup Cost": 0.0, "Total Cost": 702446.8, "Plan Rows": 11993248, "Plan Width": 56, "Actual Startup Time": 5903.766, "Actual Total Time": 9244.065, "Actual Rows": 9384703, "Actual Loops": 1, "Filter": "(role_id > 4)", "Rows Removed by Filter": 26859641}, {"Node Type": "Hash", "Parent Relationship": "Inner", "Parallel Aware": false, "Startup Cost": 61298.91, "Total Cost": 61298.91, "Plan Rows": 2528291, "Plan Width": 95, "Actual Startup Time": 2067.991, "Actual Total Time": 2067.994, "Actual Rows": 2528312, "Actual Loops": 1, "Hash Buckets": 32768, "Original Hash Buckets": 32768, "Hash Batches": 128, "Original Hash Batches": 128, "Peak Memory Usage": 2453, "Plans": [{"Node Type": "Seq Scan", "Parent Relationship": "Outer", "Parallel Aware": false, "Relation Name": "title", "Alias": "t", "Startup Cost": 0.0, "Total Cost": 61298.91, "Plan Rows": 2528291, "Plan Width": 95, "Actual Startup Time": 0.035, "Actual Total Time": 707.677, "Actual Rows": 2528312, "Actual Loops": 1}]}]}, "Planning Time": 1.263, "Triggers": [], "Execution Time": 23407.313}