{"Plan": {"Node Type": "Gather", "Parallel Aware": false, "Startup Cost": 89246.69, "Total Cost": 265304.83, "Plan Rows": 1112372, "Plan Width": 132, "Actual Startup Time": 1478.823, "Actual Total Time": 2221.363, "Actual Rows": 885780, "Actual Loops": 1, "Workers Planned": 3, "Workers Launched": 3, "Single Copy": false, "Plans": [{"Node Type": "Hash Join", "Parent Relationship": "Outer", "Parallel Aware": true, "Join Type": "Inner", "Startup Cost": 88246.69, "Total Cost": 153067.63, "Plan Rows": 358830, "Plan Width": 132, "Actual Startup Time": 1472.296, "Actual Total Time": 1781.678, "Actual Rows": 221445, "Actual Loops": 4, "Inner Unique": false, "Hash Cond": "(mk.movie_id = t.id)", "Plans": [{"Node Type": "Seq Scan", "Parent Relationship": "Outer", "Parallel Aware": true, "Relation Name": "movie_keyword", "Alias": "mk", "Startup Cost": 0.0, "Total Cost": 39047.32, "Plan Rows": 1459332, "Plan Width": 12, "Actual Startup Time": 0.058, "Actual Total Time": 249.298, "Actual Rows": 1130982, "Actual Loops": 4}, {"Node Type": "Hash", "Parent Relationship": "Inner", "Parallel Aware": true, "Startup Cost": 80454.81, "Total Cost": 80454.81, "Plan Rows": 259030, "Plan Width": 120, "Actual Startup Time": 913.949, "Actual Total Time": 913.99, "Actual Rows": 83314, "Actual Loops": 4, "Hash Buckets": 32768, "Original Hash Buckets": 32768, "Hash Batches": 32, "Original Hash Batches": 32, "Peak Memory Usage": 1824, "Plans": [{"Node Type": "Hash Join", "Parent Relationship": "Outer", "Parallel Aware": true, "Join Type": "Inner", "Startup Cost": 53227.25, "Total Cost": 80454.81, "Plan Rows": 259030, "Plan Width": 120, "Actual Startup Time": 611.635, "Actual Total Time": 849.764, "Actual Rows": 83314, "Actual Loops": 4, "Inner Unique": true, "Hash Cond": "(mi_idx.movie_id = t.id)", "Plans": [{"Node Type": "Seq Scan", "Parent Relationship": "Outer", "Parallel Aware": true, "Relation Name": "movie_info_idx", "Alias": "mi_idx", "Startup Cost": 0.0, "Total Cost": 13685.15, "Plan Rows": 575015, "Plan Width": 25, "Actual Startup Time": 0.088, "Actual Total Time": 83.508, "Actual Rows": 345009, "Actual Loops": 4}, {"Node Type": "Hash", "Parent Relationship": "Inner", "Parallel Aware": true, "Startup Cost": 45497.09, "Total Cost": 45497.09, "Plan Rows": 284733, "Plan Width": 95, "Actual Startup Time": 404.244, "Actual Total Time": 404.248, "Actual Rows": 306168, "Actual Loops": 4, "Hash Buckets": 32768, "Original Hash Buckets": 32768, "Hash Batches": 64, "Original Hash Batches": 64, "Peak Memory Usage": 2624, "Plans": [{"Node Type": "Seq Scan", "Parent Relationship": "Outer", "Parallel Aware": true, "Relation Name": "title", "Alias": "t", "Startup Cost": 0.0, "Total Cost": 45497.09, "Plan Rows": 284733, "Plan Width": 95, "Actual Startup Time": 0.047, "Actual Total Time": 256.247, "Actual Rows": 306168, "Actual Loops": 4, "Filter": "((production_year > 1985) AND (kind_id = 7))", "Rows Removed by Filter": 325910}]}]}]}]}]}, "Planning Time": 1.756, "Triggers": [], "Execution Time": 2273.741}