{"Plan": {"Node Type": "Gather", "Parallel Aware": false, "Startup Cost": 1000.0, "Total Cost": 43720.45, "Plan Rows": 248, "Plan Width": 12, "Actual Startup Time": 0.98, "Actual Total Time": 212.796, "Actual Rows": 1034, "Actual Loops": 1, "Workers Planned": 3, "Workers Launched": 3, "Single Copy": false, "Plans": [{"Node Type": "Seq Scan", "Parent Relationship": "Outer", "Parallel Aware": true, "Relation Name": "movie_keyword", "Alias": "mk", "Startup Cost": 0.0, "Total Cost": 42695.65, "Plan Rows": 80, "Plan Width": 12, "Actual Startup Time": 0.851, "Actual Total Time": 204.961, "Actual Rows": 258, "Actual Loops": 4, "Filter": "(keyword_id = 1069)", "Rows Removed by Filter": 1130724}]}, "Planning Time": 0.629, "Triggers": [], "Execution Time": 212.993}