{"Plan": {"Node Type": "Gather", "Parallel Aware": false, "Startup Cost": 46071.38, "Total Cost": 134255.46, "Plan Rows": 304310, "Plan Width": 107, "Actual Startup Time": 776.478, "Actual Total Time": 1053.579, "Actual Rows": 107578, "Actual Loops": 1, "Workers Planned": 3, "Workers Launched": 3, "Single Copy": false, "Plans": [{"Node Type": "Hash Join", "Parent Relationship": "Outer", "Parallel Aware": true, "Join Type": "Inner", "Startup Cost": 45071.38, "Total Cost": 102824.46, "Plan Rows": 98165, "Plan Width": 107, "Actual Startup Time": 768.644, "Actual Total Time": 962.59, "Actual Rows": 26894, "Actual Loops": 4, "Inner Unique": true, "Hash Cond": "(mk.movie_id = t.id)", "Plans": [{"Node Type": "Seq Scan", "Parent Relationship": "Outer", "Parallel Aware": true, "Relation Name": "movie_keyword", "Alias": "mk", "Startup Cost": 0.0, "Total Cost": 39047.32, "Plan Rows": 1459332, "Plan Width": 12, "Actual Startup Time": 0.057, "Actual Total Time": 234.503, "Actual Rows": 1130982, "Actual Loops": 4}, {"Node Type": "Hash", "Parent Relationship": "Inner", "Parallel Aware": true, "Startup Cost": 43916.91, "Total Cost": 43916.91, "Plan Rows": 42518, "Plan Width": 95, "Actual Startup Time": 230.508, "Actual Total Time": 230.509, "Actual Rows": 41077, "Actual Loops": 4, "Hash Buckets": 32768, "Original Hash Buckets": 32768, "Hash Batches": 8, "Original Hash Batches": 8, "Peak Memory Usage": 2784, "Plans": [{"Node Type": "Seq Scan", "Parent Relationship": "Outer", "Parallel Aware": true, "Relation Name": "title", "Alias": "t", "Startup Cost": 0.0, "Total Cost": 43916.91, "Plan Rows": 42518, "Plan Width": 95, "Actual Startup Time": 0.047, "Actual Total Time": 208.342, "Actual Rows": 41077, "Actual Loops": 4, "Filter": "(production_year = 2012)", "Rows Removed by Filter": 591001}]}]}]}, "Planning Time": 1.328, "Triggers": [], "Execution Time": 1060.055}