{"Plan": {"Node Type": "Gather", "Parallel Aware": false, "Startup Cost": 1000.0, "Total Cost": 46645.29, "Plan Rows": 1482, "Plan Width": 95, "Actual Startup Time": 2.752, "Actual Total Time": 184.775, "Actual Rows": 298, "Actual Loops": 1, "Workers Planned": 4, "Workers Launched": 4, "Single Copy": false, "Plans": [{"Node Type": "Seq Scan", "Parent Relationship": "Outer", "Parallel Aware": true, "Relation Name": "title", "Alias": "t", "Startup Cost": 0.0, "Total Cost": 45497.09, "Plan Rows": 370, "Plan Width": 95, "Actual Startup Time": 1.736, "Actual Total Time": 174.429, "Actual Rows": 60, "Actual Loops": 5, "Filter": "((kind_id > 1) AND (production_year > 2013))", "Rows Removed by Filter": 505603}]}, "Planning Time": 0.9, "Triggers": [], "Execution Time": 184.925}