{"Plan": {"Node Type": "Gather", "Parallel Aware": false, "Startup Cost": 1000.0, "Total Cost": 236636.87, "Plan Rows": 366988, "Plan Width": 73, "Actual Startup Time": 474.963, "Actual Total Time": 650.767, "Actual Rows": 368218, "Actual Loops": 1, "Workers Planned": 5, "Workers Launched": 5, "Single Copy": false, "Plans": [{"Node Type": "Seq Scan", "Parent Relationship": "Outer", "Parallel Aware": true, "Relation Name": "movie_info", "Alias": "mi", "Startup Cost": 0.0, "Total Cost": 198938.07, "Plan Rows": 73398, "Plan Width": 73, "Actual Startup Time": 468.913, "Actual Total Time": 568.822, "Actual Rows": 61370, "Actual Loops": 6, "Filter": "(info_type_id = 17)", "Rows Removed by Filter": 2411250}]}, "Planning Time": 0.796, "Triggers": [], "Execution Time": 671.99}