{"Plan": {"Node Type": "Gather", "Parallel Aware": false, "Startup Cost": 97291.43, "Total Cost": 920442.04, "Plan Rows": 5387274, "Plan Width": 193, "Actual Startup Time": 2562.907, "Actual Total Time": 7636.38, "Actual Rows": 13860668, "Actual Loops": 1, "Workers Planned": 5, "Workers Launched": 5, "Single Copy": false, "Plans": [{"Node Type": "Hash Join", "Parent Relationship": "Outer", "Parallel Aware": true, "Join Type": "Inner", "Startup Cost": 96291.43, "Total Cost": 380714.64, "Plan Rows": 1077455, "Plan Width": 193, "Actual Startup Time": 2562.225, "Actual Total Time": 4924.964, "Actual Rows": 2310111, "Actual Loops": 6, "Inner Unique": false, "Hash Cond": "(mi.movie_id = t.id)", "Plans": [{"Node Type": "Seq Scan", "Parent Relationship": "Outer", "Parallel Aware": true, "Relation Name": "movie_info", "Alias": "mi", "Startup Cost": 0.0, "Total Cost": 191549.05, "Plan Rows": 2955605, "Plan Width": 73, "Actual Startup Time": 0.052, "Actual Total Time": 730.867, "Actual Rows": 2472620, "Actual Loops": 6}, {"Node Type": "Hash", "Parent Relationship": "Inner", "Parallel Aware": true, "Startup Cost": 89360.18, "Total Cost": 89360.18, "Plan Rows": 230420, "Plan Width": 120, "Actual Startup Time": 834.768, "Actual Total Time": 834.813, "Actual Rows": 153308, "Actual Loops": 6, "Hash Buckets": 32768, "Original Hash Buckets": 32768, "Hash Batches": 64, "Original Hash Batches": 64, "Peak Memory Usage": 2304, "Plans": [{"Node Type": "Hash Join", "Parent Relationship": "Outer", "Parallel Aware": true, "Join Type": "Inner", "Startup Cost": 22549.09, "Total Cost": 89360.18, "Plan Rows": 230420, "Plan Width": 120, "Actual Startup Time": 461.407, "Actual Total Time": 724.477, "Actual Rows": 153308, "Actual Loops": 6, "Inner Unique": false, "Hash Cond": "(t.id = mi_idx.movie_id)", "Plans": [{"Node Type": "Seq Scan", "Parent Relationship": "Outer", "Parallel Aware": true, "Relation Name": "title", "Alias": "t", "Startup Cost": 0.0, "Total Cost": 42336.73, "Plan Rows": 632073, "Plan Width": 95, "Actual Startup Time": 0.036, "Actual Total Time": 124.89, "Actual Rows": 421385, "Actual Loops": 6}, {"Node Type": "Hash", "Parent Relationship": "Inner", "Parallel Aware": true, "Startup Cost": 15122.68, "Total Cost": 15122.68, "Plan Rows": 384033, "Plan Width": 25, "Actual Startup Time": 113.589, "Actual Total Time": 113.595, "Actual Rows": 153308, "Actual Loops": 6, "Hash Buckets": 65536, "Original Hash Buckets": 65536, "Hash Batches": 32, "Original Hash Batches": 32, "Peak Memory Usage": 2048, "Plans": [{"Node Type": "Seq Scan", "Parent Relationship": "Outer", "Parallel Aware": true, "Relation Name": "movie_info_idx", "Alias": "mi_idx", "Startup Cost": 0.0, "Total Cost": 15122.68, "Plan Rows": 384033, "Plan Width": 25, "Actual Startup Time": 0.061, "Actual Total Time": 67.058, "Actual Rows": 153308, "Actual Loops": 6, "Filter": "(info_type_id < 101)", "Rows Removed by Filter": 76698}]}]}]}]}]}, "Planning Time": 1.764, "Triggers": [], "Execution Time": 8436.195}