{"Plan": {"Node Type": "Gather", "Parallel Aware": false, "Startup Cost": 46519.45, "Total Cost": 250009.68, "Plan Rows": 41827, "Plan Width": 168, "Actual Startup Time": 145.71, "Actual Total Time": 1317.05, "Actual Rows": 85426, "Actual Loops": 1, "Workers Planned": 5, "Workers Launched": 5, "Single Copy": false, "Plans": [{"Node Type": "Hash Join", "Parent Relationship": "Outer", "Parallel Aware": true, "Join Type": "Inner", "Startup Cost": 45519.45, "Total Cost": 244826.98, "Plan Rows": 8365, "Plan Width": 168, "Actual Startup Time": 139.467, "Actual Total Time": 1291.241, "Actual Rows": 14238, "Actual Loops": 6, "Inner Unique": true, "Hash Cond": "(mi.movie_id = t.id)", "Plans": [{"Node Type": "Seq Scan", "Parent Relationship": "Outer", "Parallel Aware": true, "Relation Name": "movie_info", "Alias": "mi", "Startup Cost": 0.0, "Total Cost": 191549.05, "Plan Rows": 2955605, "Plan Width": 73, "Actual Startup Time": 0.043, "Actual Total Time": 536.586, "Actual Rows": 2472620, "Actual Loops": 6}, {"Node Type": "Hash", "Parent Relationship": "Inner", "Parallel Aware": true, "Startup Cost": 45497.09, "Total Cost": 45497.09, "Plan Rows": 1789, "Plan Width": 95, "Actual Startup Time": 138.39, "Actual Total Time": 138.392, "Actual Rows": 1309, "Actual Loops": 6, "Hash Buckets": 8192, "Original Hash Buckets": 8192, "Hash Batches": 1, "Original Hash Batches": 1, "Peak Memory Usage": 1024, "Plans": [{"Node Type": "Seq Scan", "Parent Relationship": "Outer", "Parallel Aware": true, "Relation Name": "title", "Alias": "t", "Startup Cost": 0.0, "Total Cost": 45497.09, "Plan Rows": 1789, "Plan Width": 95, "Actual Startup Time": 0.885, "Actual Total Time": 137.22, "Actual Rows": 1309, "Actual Loops": 6, "Filter": "((kind_id < 7) AND (production_year = 1986))", "Rows Removed by Filter": 420077}]}]}]}, "Planning Time": 1.459, "Triggers": [], "Execution Time": 1322.622}