{"Plan": {"Node Type": "Gather", "Parallel Aware": false, "Startup Cost": 1000.0, "Total Cost": 73482.05, "Plan Rows": 297864, "Plan Width": 12, "Actual Startup Time": 0.696, "Actual Total Time": 251.768, "Actual Rows": 297845, "Actual Loops": 1, "Workers Planned": 3, "Workers Launched": 3, "Single Copy": false, "Plans": [{"Node Type": "Seq Scan", "Parent Relationship": "Outer", "Parallel Aware": true, "Relation Name": "movie_keyword", "Alias": "mk", "Startup Cost": 0.0, "Total Cost": 42695.65, "Plan Rows": 96085, "Plan Width": 12, "Actual Startup Time": 0.059, "Actual Total Time": 215.57, "Actual Rows": 74461, "Actual Loops": 4, "Filter": "(keyword_id < 245)", "Rows Removed by Filter": 1056521}]}, "Planning Time": 0.697, "Triggers": [], "Execution Time": 269.142}