{"Plan": {"Node Type": "Gather", "Parallel Aware": false, "Startup Cost": 1000.43, "Total Cost": 39771.6, "Plan Rows": 50, "Plan Width": 135, "Actual Startup Time": 121.613, "Actual Total Time": 124.669, "Actual Rows": 1, "Actual Loops": 1, "Workers Planned": 4, "Workers Launched": 4, "Single Copy": false, "Plans": [{"Node Type": "Nested Loop", "Parent Relationship": "Outer", "Parallel Aware": false, "Join Type": "Inner", "Startup Cost": 0.43, "Total Cost": 38766.6, "Plan Rows": 12, "Plan Width": 135, "Actual Startup Time": 111.199, "Actual Total Time": 115.968, "Actual Rows": 0, "Actual Loops": 5, "Inner Unique": true, "Plans": [{"Node Type": "Seq Scan", "Parent Relationship": "Outer", "Parallel Aware": true, "Relation Name": "movie_companies", "Alias": "mc", "Startup Cost": 0.0, "Total Cost": 38665.23, "Plan Rows": 12, "Plan Width": 40, "Actual Startup Time": 111.163, "Actual Total Time": 115.931, "Actual Rows": 0, "Actual Loops": 5, "Filter": "((company_id = 31319) AND (company_type_id = 1))", "Rows Removed by Filter": 521826}, {"Node Type": "Index Scan", "Parent Relationship": "Inner", "Parallel Aware": false, "Scan Direction": "Forward", "Index Name": "title_pkey", "Relation Name": "title", "Alias": "t", "Startup Cost": 0.43, "Total Cost": 8.45, "Plan Rows": 1, "Plan Width": 95, "Actual Startup Time": 0.15, "Actual Total Time": 0.151, "Actual Rows": 1, "Actual Loops": 1, "Index Cond": "(id = mc.movie_id)", "Rows Removed by Index Recheck": 0}]}]}, "Planning Time": 1.385, "Triggers": [], "Execution Time": 124.82}