{"Plan": {"Node Type": "Hash Join", "Parallel Aware": false, "Join Type": "Inner", "Startup Cost": 129938.55, "Total Cost": 284947.88, "Plan Rows": 2983695, "Plan Width": 107, "Actual Startup Time": 2215.515, "Actual Total Time": 6909.3, "Actual Rows": 2973114, "Actual Loops": 1, "Inner Unique": true, "Hash Cond": "(mk.movie_id = t.id)", "Plans": [{"Node Type": "Seq Scan", "Parent Relationship": "Outer", "Parallel Aware": false, "Relation Name": "movie_keyword", "Alias": "mk", "Startup Cost": 0.0, "Total Cost": 81003.12, "Plan Rows": 2983695, "Plan Width": 12, "Actual Startup Time": 0.062, "Actual Total Time": 1195.119, "Actual Rows": 2973114, "Actual Loops": 1, "Filter": "(keyword_id > 2282)", "Rows Removed by Filter": 1550816}, {"Node Type": "Hash", "Parent Relationship": "Inner", "Parallel Aware": false, "Startup Cost": 61298.91, "Total Cost": 61298.91, "Plan Rows": 2528291, "Plan Width": 95, "Actual Startup Time": 2210.13, "Actual Total Time": 2210.139, "Actual Rows": 2528312, "Actual Loops": 1, "Hash Buckets": 32768, "Original Hash Buckets": 32768, "Hash Batches": 128, "Original Hash Batches": 128, "Peak Memory Usage": 2453, "Plans": [{"Node Type": "Seq Scan", "Parent Relationship": "Outer", "Parallel Aware": false, "Relation Name": "title", "Alias": "t", "Startup Cost": 0.0, "Total Cost": 61298.91, "Plan Rows": 2528291, "Plan Width": 95, "Actual Startup Time": 0.025, "Actual Total Time": 681.338, "Actual Rows": 2528312, "Actual Loops": 1}]}]}, "Planning Time": 1.359, "Triggers": [], "Execution Time": 7071.93}