{"Plan": {"Node Type": "Gather", "Parallel Aware": false, "Startup Cost": 349056.47, "Total Cost": 1077271.85, "Plan Rows": 3461806, "Plan Width": 236, "Actual Startup Time": 3678.239, "Actual Total Time": 9672.888, "Actual Rows": 19659246, "Actual Loops": 1, "Workers Planned": 6, "Workers Launched": 6, "Single Copy": false, "Plans": [{"Node Type": "Hash Join", "Parent Relationship": "Outer", "Parallel Aware": true, "Join Type": "Inner", "Startup Cost": 348056.47, "Total Cost": 730091.25, "Plan Rows": 576968, "Plan Width": 236, "Actual Startup Time": 3670.024, "Actual Total Time": 6276.512, "Actual Rows": 2808464, "Actual Loops": 7, "Inner Unique": false, "Hash Cond": "(ci.movie_id = t.id)", "Plans": [{"Node Type": "Seq Scan", "Parent Relationship": "Outer", "Parallel Aware": true, "Relation Name": "cast_info", "Alias": "ci", "Startup Cost": 0.0, "Total Cost": 327657.8, "Plan Rows": 1998875, "Plan Width": 56, "Actual Startup Time": 530.787, "Actual Total Time": 1142.663, "Actual Rows": 1335412, "Actual Loops": 7, "Filter": "(person_id > 2767669)", "Rows Removed by Filter": 3842352}, {"Node Type": "Hash", "Parent Relationship": "Inner", "Parallel Aware": true, "Startup Cost": 339135.8, "Total Cost": 339135.8, "Plan Rows": 235414, "Plan Width": 180, "Actual Startup Time": 2065.034, "Actual Total Time": 2065.136, "Actual Rows": 204261, "Actual Loops": 7, "Hash Buckets": 32768, "Original Hash Buckets": 32768, "Hash Batches": 64, "Original Hash Batches": 64, "Peak Memory Usage": 3776, "Plans": [{"Node Type": "Hash Join", "Parent Relationship": "Outer", "Parallel Aware": true, "Join Type": "Inner", "Startup Cost": 283672.64, "Total Cost": 339135.8, "Plan Rows": 235414, "Plan Width": 180, "Actual Startup Time": 1686.425, "Actual Total Time": 1917.21, "Actual Rows": 204261, "Actual Loops": 7, "Inner Unique": false, "Hash Cond": "(mk.movie_id = t.id)", "Plans": [{"Node Type": "Seq Scan", "Parent Relationship": "Outer", "Parallel Aware": true, "Relation Name": "movie_keyword", "Alias": "mk", "Startup Cost": 0.0, "Total Cost": 42695.65, "Plan Rows": 476446, "Plan Width": 12, "Actual Startup Time": 0.124, "Actual Total Time": 150.98, "Actual Rows": 210662, "Actual Loops": 7, "Filter": "(keyword_id > 11171)", "Rows Removed by Filter": 435614}, {"Node Type": "Hash", "Parent Relationship": "Inner", "Parallel Aware": true, "Startup Cost": 274693.56, "Total Cost": 274693.56, "Plan Rows": 249847, "Plan Width": 168, "Actual Startup Time": 1439.237, "Actual Total Time": 1439.292, "Actual Rows": 184133, "Actual Loops": 7, "Hash Buckets": 32768, "Original Hash Buckets": 32768, "Hash Batches": 128, "Original Hash Batches": 128, "Peak Memory Usage": 1696, "Plans": [{"Node Type": "Hash Join", "Parent Relationship": "Outer", "Parallel Aware": true, "Join Type": "Inner", "Startup Cost": 59496.64, "Total Cost": 274693.56, "Plan Rows": 249847, "Plan Width": 168, "Actual Startup Time": 964.102, "Actual Total Time": 1298.475, "Actual Rows": 184133, "Actual Loops": 7, "Inner Unique": true, "Hash Cond": "(mi.movie_id = t.id)", "Plans": [{"Node Type": "Seq Scan", "Parent Relationship": "Outer", "Parallel Aware": true, "Relation Name": "movie_info", "Alias": "mi", "Startup Cost": 0.0, "Total Cost": 198938.07, "Plan Rows": 249847, "Plan Width": 73, "Actual Startup Time": 18.732, "Actual Total Time": 504.73, "Actual Rows": 184133, "Actual Loops": 7, "Filter": "(info_type_id = 2)", "Rows Removed by Filter": 1935256}, {"Node Type": "Hash", "Parent Relationship": "Inner", "Parallel Aware": true, "Startup Cost": 42336.73, "Total Cost": 42336.73, "Plan Rows": 632073, "Plan Width": 95, "Actual Startup Time": 343.831, "Actual Total Time": 343.837, "Actual Rows": 361187, "Actual Loops": 7, "Hash Buckets": 32768, "Original Hash Buckets": 32768, "Hash Batches": 128, "Original Hash Batches": 128, "Peak Memory Usage": 2624, "Plans": [{"Node Type": "Seq Scan", "Parent Relationship": "Outer", "Parallel Aware": true, "Relation Name": "title", "Alias": "t", "Startup Cost": 0.0, "Total Cost": 42336.73, "Plan Rows": 632073, "Plan Width": 95, "Actual Startup Time": 0.035, "Actual Total Time": 103.214, "Actual Rows": 361187, "Actual Loops": 7}]}]}]}]}]}]}]}, "Planning Time": 2.366, "Triggers": [], "Execution Time": 10806.246}