{"Plan": {"Node Type": "Gather", "Parallel Aware": false, "Startup Cost": 173494.31, "Total Cost": 906264.23, "Plan Rows": 4451825, "Plan Width": 205, "Actual Startup Time": 3951.165, "Actual Total Time": 64418.2, "Actual Rows": 194081501, "Actual Loops": 1, "Workers Planned": 5, "Workers Launched": 5, "Single Copy": false, "Plans": [{"Node Type": "Hash Join", "Parent Relationship": "Outer", "Parallel Aware": true, "Join Type": "Inner", "Startup Cost": 172494.31, "Total Cost": 460081.73, "Plan Rows": 890365, "Plan Width": 205, "Actual Startup Time": 3942.171, "Actual Total Time": 23840.68, "Actual Rows": 32346917, "Actual Loops": 6, "Inner Unique": false, "Hash Cond": "(mi.movie_id = t.id)", "Plans": [{"Node Type": "Seq Scan", "Parent Relationship": "Outer", "Parallel Aware": true, "Relation Name": "movie_info", "Alias": "mi", "Startup Cost": 0.0, "Total Cost": 191549.05, "Plan Rows": 2955605, "Plan Width": 73, "Actual Startup Time": 0.052, "Actual Total Time": 733.701, "Actual Rows": 2472620, "Actual Loops": 6}, {"Node Type": "Hash", "Parent Relationship": "Inner", "Parallel Aware": true, "Startup Cost": 162328.44, "Total Cost": 162328.44, "Plan Rows": 317349, "Plan Width": 132, "Actual Startup Time": 2163.945, "Actual Total Time": 2164.164, "Actual Rows": 522914, "Actual Loops": 6, "Hash Buckets": 32768, "Original Hash Buckets": 32768, "Hash Batches": 128, "Original Hash Batches": 64, "Peak Memory Usage": 4224, "Plans": [{"Node Type": "Hash Join", "Parent Relationship": "Outer", "Parallel Aware": true, "Join Type": "Inner", "Startup Cost": 130128.28, "Total Cost": 162328.44, "Plan Rows": 317349, "Plan Width": 132, "Actual Startup Time": 1355.606, "Actual Total Time": 1789.143, "Actual Rows": 522914, "Actual Loops": 6, "Inner Unique": false, "Hash Cond": "(mi_idx.movie_id = t.id)", "Plans": [{"Node Type": "Seq Scan", "Parent Relationship": "Outer", "Parallel Aware": true, "Relation Name": "movie_info_idx", "Alias": "mi_idx", "Startup Cost": 0.0, "Total Cost": 13685.15, "Plan Rows": 575015, "Plan Width": 25, "Actual Startup Time": 0.073, "Actual Total Time": 56.583, "Actual Rows": 230006, "Actual Loops": 6}, {"Node Type": "Hash", "Parent Relationship": "Inner", "Parallel Aware": true, "Startup Cost": 117028.85, "Total Cost": 117028.85, "Plan Rows": 450115, "Plan Width": 107, "Actual Startup Time": 1205.506, "Actual Total Time": 1205.655, "Actual Rows": 232871, "Actual Loops": 6, "Hash Buckets": 32768, "Original Hash Buckets": 32768, "Hash Batches": 64, "Original Hash Batches": 64, "Peak Memory Usage": 3168, "Plans": [{"Node Type": "Hash Join", "Parent Relationship": "Outer", "Parallel Aware": true, "Join Type": "Inner", "Startup Cost": 59496.64, "Total Cost": 117028.85, "Plan Rows": 450115, "Plan Width": 107, "Actual Startup Time": 697.356, "Actual Total Time": 1050.038, "Actual Rows": 232871, "Actual Loops": 6, "Inner Unique": true, "Hash Cond": "(mk.movie_id = t.id)", "Plans": [{"Node Type": "Seq Scan", "Parent Relationship": "Outer", "Parallel Aware": true, "Relation Name": "movie_keyword", "Alias": "mk", "Startup Cost": 0.0, "Total Cost": 42695.65, "Plan Rows": 450115, "Plan Width": 12, "Actual Startup Time": 0.07, "Actual Total Time": 176.026, "Actual Rows": 232871, "Actual Loops": 6, "Filter": "(keyword_id < 1887)", "Rows Removed by Filter": 521117}, {"Node Type": "Hash", "Parent Relationship": "Inner", "Parallel Aware": true, "Startup Cost": 42336.73, "Total Cost": 42336.73, "Plan Rows": 632073, "Plan Width": 95, "Actual Startup Time": 409.268, "Actual Total Time": 409.271, "Actual Rows": 421385, "Actual Loops": 6, "Hash Buckets": 32768, "Original Hash Buckets": 32768, "Hash Batches": 128, "Original Hash Batches": 128, "Peak Memory Usage": 2656, "Plans": [{"Node Type": "Seq Scan", "Parent Relationship": "Outer", "Parallel Aware": true, "Relation Name": "title", "Alias": "t", "Startup Cost": 0.0, "Total Cost": 42336.73, "Plan Rows": 632073, "Plan Width": 95, "Actual Startup Time": 0.031, "Actual Total Time": 133.374, "Actual Rows": 421385, "Actual Loops": 6}]}]}]}]}]}]}]}, "Planning Time": 2.374, "Triggers": [], "Execution Time": 75582.451}