{"Plan": {"Node Type": "Gather", "Parallel Aware": false, "Startup Cost": 62067.46, "Total Cost": 112820.35, "Plan Rows": 61504, "Plan Width": 132, "Actual Startup Time": 404.262, "Actual Total Time": 876.643, "Actual Rows": 122028, "Actual Loops": 1, "Workers Planned": 3, "Workers Launched": 3, "Single Copy": false, "Plans": [{"Node Type": "Hash Join", "Parent Relationship": "Outer", "Parallel Aware": true, "Join Type": "Inner", "Startup Cost": 61067.46, "Total Cost": 105669.95, "Plan Rows": 19840, "Plan Width": 132, "Actual Startup Time": 399.136, "Actual Total Time": 842.268, "Actual Rows": 30507, "Actual Loops": 4, "Inner Unique": false, "Hash Cond": "(mk.movie_id = t.id)", "Plans": [{"Node Type": "Seq Scan", "Parent Relationship": "Outer", "Parallel Aware": true, "Relation Name": "movie_keyword", "Alias": "mk", "Startup Cost": 0.0, "Total Cost": 39047.32, "Plan Rows": 1459332, "Plan Width": 12, "Actual Startup Time": 0.064, "Actual Total Time": 202.751, "Actual Rows": 1130982, "Actual Loops": 4}, {"Node Type": "Hash", "Parent Relationship": "Inner", "Parallel Aware": true, "Startup Cost": 60888.44, "Total Cost": 60888.44, "Plan Rows": 14322, "Plan Width": 120, "Actual Startup Time": 397.691, "Actual Total Time": 398.155, "Actual Rows": 7902, "Actual Loops": 4, "Hash Buckets": 65536, "Original Hash Buckets": 65536, "Hash Batches": 1, "Original Hash Batches": 1, "Peak Memory Usage": 5024, "Plans": [{"Node Type": "Hash Join", "Parent Relationship": "Outer", "Parallel Aware": true, "Join Type": "Inner", "Startup Cost": 45693.88, "Total Cost": 60888.44, "Plan Rows": 14322, "Plan Width": 120, "Actual Startup Time": 228.022, "Actual Total Time": 389.197, "Actual Rows": 7902, "Actual Loops": 4, "Inner Unique": true, "Hash Cond": "(mi_idx.movie_id = t.id)", "Plans": [{"Node Type": "Seq Scan", "Parent Relationship": "Outer", "Parallel Aware": true, "Relation Name": "movie_info_idx", "Alias": "mi_idx", "Startup Cost": 0.0, "Total Cost": 13685.15, "Plan Rows": 575015, "Plan Width": 25, "Actual Startup Time": 0.081, "Actual Total Time": 64.783, "Actual Rows": 345009, "Actual Loops": 4}, {"Node Type": "Hash", "Parent Relationship": "Inner", "Parallel Aware": true, "Startup Cost": 45497.09, "Total Cost": 45497.09, "Plan Rows": 15743, "Plan Width": 95, "Actual Startup Time": 227.492, "Actual Total Time": 227.493, "Actual Rows": 17886, "Actual Loops": 4, "Hash Buckets": 131072, "Original Hash Buckets": 65536, "Hash Batches": 1, "Original Hash Batches": 1, "Peak Memory Usage": 9984, "Plans": [{"Node Type": "Seq Scan", "Parent Relationship": "Outer", "Parallel Aware": true, "Relation Name": "title", "Alias": "t", "Startup Cost": 0.0, "Total Cost": 45497.09, "Plan Rows": 15743, "Plan Width": 95, "Actual Startup Time": 0.059, "Actual Total Time": 209.979, "Actual Rows": 17886, "Actual Loops": 4, "Filter": "((kind_id > 1) AND (production_year = 2004))", "Rows Removed by Filter": 614192}]}]}]}]}]}, "Planning Time": 2.275, "Triggers": [], "Execution Time": 883.925}