{"Plan": {"Node Type": "Gather", "Parallel Aware": false, "Startup Cost": 376056.34, "Total Cost": 431363.75, "Plan Rows": 107299, "Plan Width": 163, "Actual Startup Time": 11472.31, "Actual Total Time": 26130.431, "Actual Rows": 33302158, "Actual Loops": 1, "Workers Planned": 3, "Workers Launched": 3, "Single Copy": false, "Plans": [{"Node Type": "Hash Join", "Parent Relationship": "Outer", "Parallel Aware": true, "Join Type": "Inner", "Startup Cost": 375056.34, "Total Cost": 419633.85, "Plan Rows": 34613, "Plan Width": 163, "Actual Startup Time": 11463.55, "Actual Total Time": 16176.414, "Actual Rows": 8325540, "Actual Loops": 4, "Inner Unique": false, "Hash Cond": "(mk.movie_id = t.id)", "Plans": [{"Node Type": "Seq Scan", "Parent Relationship": "Outer", "Parallel Aware": true, "Relation Name": "movie_keyword", "Alias": "mk", "Startup Cost": 0.0, "Total Cost": 39047.32, "Plan Rows": 1459332, "Plan Width": 12, "Actual Startup Time": 0.078, "Actual Total Time": 255.142, "Actual Rows": 1130982, "Actual Loops": 4}, {"Node Type": "Hash", "Parent Relationship": "Inner", "Parallel Aware": true, "Startup Cost": 374931.41, "Total Cost": 374931.41, "Plan Rows": 9994, "Plan Width": 151, "Actual Startup Time": 10862.168, "Actual Total Time": 10862.179, "Actual Rows": 610345, "Actual Loops": 4, "Hash Buckets": 32768, "Original Hash Buckets": 65536, "Hash Batches": 128, "Original Hash Batches": 1, "Peak Memory Usage": 3648, "Plans": [{"Node Type": "Nested Loop", "Parent Relationship": "Outer", "Parallel Aware": false, "Join Type": "Inner", "Startup Cost": 0.43, "Total Cost": 374931.41, "Plan Rows": 9994, "Plan Width": 151, "Actual Startup Time": 1738.961, "Actual Total Time": 9645.648, "Actual Rows": 610345, "Actual Loops": 4, "Inner Unique": true, "Plans": [{"Node Type": "Seq Scan", "Parent Relationship": "Outer", "Parallel Aware": true, "Relation Name": "cast_info", "Alias": "ci", "Startup Cost": 0.0, "Total Cost": 342649.36, "Plan Rows": 9994, "Plan Width": 56, "Actual Startup Time": 1738.778, "Actual Total Time": 2153.804, "Actual Rows": 610345, "Actual Loops": 4, "Filter": "((person_id > 3393072) AND (role_id = 10))", "Rows Removed by Filter": 8450741}, {"Node Type": "Index Scan", "Parent Relationship": "Inner", "Parallel Aware": false, "Scan Direction": "Forward", "Index Name": "title_pkey", "Relation Name": "title", "Alias": "t", "Startup Cost": 0.43, "Total Cost": 3.23, "Plan Rows": 1, "Plan Width": 95, "Actual Startup Time": 0.011, "Actual Total Time": 0.011, "Actual Rows": 1, "Actual Loops": 2441381, "Index Cond": "(id = ci.movie_id)", "Rows Removed by Index Recheck": 0}]}]}]}]}, "Planning Time": 1.683, "Triggers": [], "Execution Time": 28092.285}