{"Plan": {"Node Type": "Gather", "Parallel Aware": false, "Startup Cost": 162367.0, "Total Cost": 911794.65, "Plan Rows": 4637581, "Plan Width": 205, "Actual Startup Time": 4172.842, "Actual Total Time": 69827.259, "Actual Rows": 204544074, "Actual Loops": 1, "Workers Planned": 5, "Workers Launched": 5, "Single Copy": false, "Plans": [{"Node Type": "Hash Join", "Parent Relationship": "Outer", "Parallel Aware": true, "Join Type": "Inner", "Startup Cost": 161367.0, "Total Cost": 447036.55, "Plan Rows": 927516, "Plan Width": 205, "Actual Startup Time": 4164.383, "Actual Total Time": 24836.936, "Actual Rows": 34090679, "Actual Loops": 6, "Inner Unique": false, "Hash Cond": "(mi.movie_id = t.id)", "Plans": [{"Node Type": "Seq Scan", "Parent Relationship": "Outer", "Parallel Aware": true, "Relation Name": "movie_info", "Alias": "mi", "Startup Cost": 0.0, "Total Cost": 191549.05, "Plan Rows": 2955605, "Plan Width": 73, "Actual Startup Time": 0.08, "Actual Total Time": 710.452, "Actual Rows": 2472620, "Actual Loops": 6}, {"Node Type": "Hash", "Parent Relationship": "Inner", "Parallel Aware": true, "Startup Cost": 153168.74, "Total Cost": 153168.74, "Plan Rows": 255941, "Plan Width": 132, "Actual Startup Time": 2285.818, "Actual Total Time": 2285.938, "Actual Rows": 549448, "Actual Loops": 6, "Hash Buckets": 32768, "Original Hash Buckets": 32768, "Hash Batches": 256, "Original Hash Batches": 64, "Peak Memory Usage": 2528, "Plans": [{"Node Type": "Hash Join", "Parent Relationship": "Outer", "Parallel Aware": true, "Join Type": "Inner", "Startup Cost": 96291.43, "Total Cost": 153168.74, "Plan Rows": 255941, "Plan Width": 132, "Actual Startup Time": 1168.064, "Actual Total Time": 1592.059, "Actual Rows": 549448, "Actual Loops": 6, "Inner Unique": false, "Hash Cond": "(mk.movie_id = t.id)", "Plans": [{"Node Type": "Seq Scan", "Parent Relationship": "Outer", "Parallel Aware": true, "Relation Name": "movie_keyword", "Alias": "mk", "Startup Cost": 0.0, "Total Cost": 42695.65, "Plan Rows": 702082, "Plan Width": 12, "Actual Startup Time": 0.059, "Actual Total Time": 194.354, "Actual Rows": 364043, "Actual Loops": 6, "Filter": "(keyword_id < 4333)", "Rows Removed by Filter": 389945}, {"Node Type": "Hash", "Parent Relationship": "Inner", "Parallel Aware": true, "Startup Cost": 89360.18, "Total Cost": 89360.18, "Plan Rows": 230420, "Plan Width": 120, "Actual Startup Time": 864.488, "Actual Total Time": 864.52, "Actual Rows": 153308, "Actual Loops": 6, "Hash Buckets": 32768, "Original Hash Buckets": 32768, "Hash Batches": 64, "Original Hash Batches": 64, "Peak Memory Usage": 2304, "Plans": [{"Node Type": "Hash Join", "Parent Relationship": "Outer", "Parallel Aware": true, "Join Type": "Inner", "Startup Cost": 22549.09, "Total Cost": 89360.18, "Plan Rows": 230420, "Plan Width": 120, "Actual Startup Time": 467.079, "Actual Total Time": 753.355, "Actual Rows": 153308, "Actual Loops": 6, "Inner Unique": false, "Hash Cond": "(t.id = mi_idx.movie_id)", "Plans": [{"Node Type": "Seq Scan", "Parent Relationship": "Outer", "Parallel Aware": true, "Relation Name": "title", "Alias": "t", "Startup Cost": 0.0, "Total Cost": 42336.73, "Plan Rows": 632073, "Plan Width": 95, "Actual Startup Time": 0.023, "Actual Total Time": 128.665, "Actual Rows": 421385, "Actual Loops": 6}, {"Node Type": "Hash", "Parent Relationship": "Inner", "Parallel Aware": true, "Startup Cost": 15122.68, "Total Cost": 15122.68, "Plan Rows": 384033, "Plan Width": 25, "Actual Startup Time": 113.594, "Actual Total Time": 113.598, "Actual Rows": 153308, "Actual Loops": 6, "Hash Buckets": 65536, "Original Hash Buckets": 65536, "Hash Batches": 32, "Original Hash Batches": 32, "Peak Memory Usage": 2080, "Plans": [{"Node Type": "Seq Scan", "Parent Relationship": "Outer", "Parallel Aware": true, "Relation Name": "movie_info_idx", "Alias": "mi_idx", "Startup Cost": 0.0, "Total Cost": 15122.68, "Plan Rows": 384033, "Plan Width": 25, "Actual Startup Time": 0.061, "Actual Total Time": 67.009, "Actual Rows": 153308, "Actual Loops": 6, "Filter": "(info_type_id < 101)", "Rows Removed by Filter": 76698}]}]}]}]}]}]}]}, "Planning Time": 2.439, "Triggers": [], "Execution Time": 81636.584}