{"Plan": {"Node Type": "Gather", "Parallel Aware": false, "Startup Cost": 19861.91, "Total Cost": 131302.96, "Plan Rows": 464106, "Plan Width": 120, "Actual Startup Time": 497.019, "Actual Total Time": 940.461, "Actual Rows": 459925, "Actual Loops": 1, "Workers Planned": 4, "Workers Launched": 4, "Single Copy": false, "Plans": [{"Node Type": "Hash Join", "Parent Relationship": "Outer", "Parallel Aware": true, "Join Type": "Inner", "Startup Cost": 18861.91, "Total Cost": 83892.36, "Plan Rows": 116026, "Plan Width": 120, "Actual Startup Time": 489.375, "Actual Total Time": 740.068, "Actual Rows": 91985, "Actual Loops": 5, "Inner Unique": false, "Hash Cond": "(t.id = mi_idx.movie_id)", "Plans": [{"Node Type": "Seq Scan", "Parent Relationship": "Outer", "Parallel Aware": true, "Relation Name": "title", "Alias": "t", "Startup Cost": 0.0, "Total Cost": 42336.73, "Plan Rows": 632073, "Plan Width": 95, "Actual Startup Time": 0.021, "Actual Total Time": 141.727, "Actual Rows": 505662, "Actual Loops": 5}, {"Node Type": "Hash", "Parent Relationship": "Inner", "Parallel Aware": true, "Startup Cost": 15122.68, "Total Cost": 15122.68, "Plan Rows": 193378, "Plan Width": 25, "Actual Startup Time": 95.478, "Actual Total Time": 95.479, "Actual Rows": 91985, "Actual Loops": 5, "Hash Buckets": 65536, "Original Hash Buckets": 65536, "Hash Batches": 16, "Original Hash Batches": 16, "Peak Memory Usage": 1952, "Plans": [{"Node Type": "Seq Scan", "Parent Relationship": "Outer", "Parallel Aware": true, "Relation Name": "movie_info_idx", "Alias": "mi_idx", "Startup Cost": 0.0, "Total Cost": 15122.68, "Plan Rows": 193378, "Plan Width": 25, "Actual Startup Time": 0.063, "Actual Total Time": 69.032, "Actual Rows": 91985, "Actual Loops": 5, "Filter": "(info_type_id = 100)", "Rows Removed by Filter": 184022}]}]}]}, "Planning Time": 1.366, "Triggers": [], "Execution Time": 967.752}