{"Plan": {"Node Type": "Gather", "Parallel Aware": false, "Startup Cost": 60496.64, "Total Cost": 590335.83, "Plan Rows": 3045751, "Plan Width": 168, "Actual Startup Time": 1283.719, "Actual Total Time": 2572.494, "Actual Rows": 3036719, "Actual Loops": 1, "Workers Planned": 5, "Workers Launched": 5, "Single Copy": false, "Plans": [{"Node Type": "Hash Join", "Parent Relationship": "Outer", "Parallel Aware": true, "Join Type": "Inner", "Startup Cost": 59496.64, "Total Cost": 284760.73, "Plan Rows": 609150, "Plan Width": 168, "Actual Startup Time": 1275.756, "Actual Total Time": 1923.552, "Actual Rows": 506120, "Actual Loops": 6, "Inner Unique": true, "Hash Cond": "(mi.movie_id = t.id)", "Plans": [{"Node Type": "Seq Scan", "Parent Relationship": "Outer", "Parallel Aware": true, "Relation Name": "movie_info", "Alias": "mi", "Startup Cost": 0.0, "Total Cost": 198938.07, "Plan Rows": 609150, "Plan Width": 73, "Actual Startup Time": 314.907, "Actual Total Time": 651.157, "Actual Rows": 506120, "Actual Loops": 6, "Filter": "(info_type_id = 16)", "Rows Removed by Filter": 1966500}, {"Node Type": "Hash", "Parent Relationship": "Inner", "Parallel Aware": true, "Startup Cost": 42336.73, "Total Cost": 42336.73, "Plan Rows": 632073, "Plan Width": 95, "Actual Startup Time": 401.667, "Actual Total Time": 401.67, "Actual Rows": 421385, "Actual Loops": 6, "Hash Buckets": 32768, "Original Hash Buckets": 32768, "Hash Batches": 128, "Original Hash Batches": 128, "Peak Memory Usage": 2656, "Plans": [{"Node Type": "Seq Scan", "Parent Relationship": "Outer", "Parallel Aware": true, "Relation Name": "title", "Alias": "t", "Startup Cost": 0.0, "Total Cost": 42336.73, "Plan Rows": 632073, "Plan Width": 95, "Actual Startup Time": 0.023, "Actual Total Time": 116.491, "Actual Rows": 421385, "Actual Loops": 6}]}]}]}, "Planning Time": 1.588, "Triggers": [], "Execution Time": 2749.046}