{"Plan": {"Node Type": "Gather", "Parallel Aware": false, "Startup Cost": 1000.0, "Total Cost": 346647.7, "Plan Rows": 179899, "Plan Width": 56, "Actual Startup Time": 970.471, "Actual Total Time": 1407.302, "Actual Rows": 1093558, "Actual Loops": 1, "Workers Planned": 6, "Workers Launched": 6, "Single Copy": false, "Plans": [{"Node Type": "Seq Scan", "Parent Relationship": "Outer", "Parallel Aware": true, "Relation Name": "cast_info", "Alias": "ci", "Startup Cost": 0.0, "Total Cost": 327657.8, "Plan Rows": 29983, "Plan Width": 56, "Actual Startup Time": 964.264, "Actual Total Time": 1172.095, "Actual Rows": 156223, "Actual Loops": 7, "Filter": "(role_id = 9)", "Rows Removed by Filter": 5021541}]}, "Planning Time": 0.769, "Triggers": [], "Execution Time": 1469.861}