{"Plan": {"Node Type": "Gather", "Parallel Aware": false, "Startup Cost": 102823.2, "Total Cost": 447974.18, "Plan Rows": 30, "Plan Width": 228, "Actual Startup Time": 2262.906, "Actual Total Time": 2302.85, "Actual Rows": 72, "Actual Loops": 1, "Workers Planned": 6, "Workers Launched": 6, "Single Copy": false, "Plans": [{"Node Type": "Hash Join", "Parent Relationship": "Outer", "Parallel Aware": true, "Join Type": "Inner", "Startup Cost": 101823.2, "Total Cost": 446971.18, "Plan Rows": 5, "Plan Width": 228, "Actual Startup Time": 1065.042, "Actual Total Time": 2255.2, "Actual Rows": 10, "Actual Loops": 7, "Inner Unique": false, "Hash Cond": "(ci.movie_id = t.id)", "Plans": [{"Node Type": "Seq Scan", "Parent Relationship": "Outer", "Parallel Aware": true, "Relation Name": "cast_info", "Alias": "ci", "Startup Cost": 0.0, "Total Cost": 342649.36, "Plan Rows": 666292, "Plan Width": 56, "Actual Startup Time": 258.692, "Actual Total Time": 1462.275, "Actual Rows": 2971798, "Actual Loops": 7, "Filter": "((person_id > 1108086) AND (role_id < 10))", "Rows Removed by Filter": 2205966}, {"Node Type": "Hash", "Parent Relationship": "Inner", "Parallel Aware": true, "Startup Cost": 101823.1, "Total Cost": 101823.1, "Plan Rows": 8, "Plan Width": 172, "Actual Startup Time": 381.872, "Actual Total Time": 381.913, "Actual Rows": 1, "Actual Loops": 7, "Hash Buckets": 1024, "Original Hash Buckets": 1024, "Hash Batches": 1, "Original Hash Batches": 1, "Peak Memory Usage": 72, "Plans": [{"Node Type": "Hash Join", "Parent Relationship": "Outer", "Parallel Aware": true, "Join Type": "Inner", "Startup Cost": 85981.62, "Total Cost": 101823.1, "Plan Rows": 8, "Plan Width": 172, "Actual Startup Time": 371.966, "Actual Total Time": 381.613, "Actual Rows": 1, "Actual Loops": 7, "Inner Unique": false, "Hash Cond": "(mi_idx.movie_id = t.id)", "Plans": [{"Node Type": "Seq Scan", "Parent Relationship": "Outer", "Parallel Aware": true, "Relation Name": "movie_info_idx", "Alias": "mi_idx", "Startup Cost": 0.0, "Total Cost": 13685.15, "Plan Rows": 575015, "Plan Width": 25, "Actual Startup Time": 0.042, "Actual Total Time": 35.737, "Actual Rows": 197148, "Actual Loops": 7}, {"Node Type": "Hash", "Parent Relationship": "Inner", "Parallel Aware": true, "Startup Cost": 85981.48, "Total Cost": 85981.48, "Plan Rows": 11, "Plan Width": 147, "Actual Startup Time": 310.781, "Actual Total Time": 310.805, "Actual Rows": 0, "Actual Loops": 7, "Hash Buckets": 1024, "Original Hash Buckets": 1024, "Hash Batches": 1, "Original Hash Batches": 1, "Peak Memory Usage": 72, "Plans": [{"Node Type": "Nested Loop", "Parent Relationship": "Outer", "Parallel Aware": false, "Join Type": "Inner", "Startup Cost": 41142.23, "Total Cost": 85981.48, "Plan Rows": 11, "Plan Width": 147, "Actual Startup Time": 302.698, "Actual Total Time": 310.488, "Actual Rows": 0, "Actual Loops": 7, "Inner Unique": true, "Plans": [{"Node Type": "Hash Join", "Parent Relationship": "Outer", "Parallel Aware": true, "Join Type": "Inner", "Startup Cost": 41141.8, "Total Cost": 84815.66, "Plan Rows": 1423, "Plan Width": 52, "Actual Startup Time": 278.55, "Actual Total Time": 305.679, "Actual Rows": 220, "Actual Loops": 7, "Inner Unique": false, "Hash Cond": "(mk.movie_id = mc.movie_id)", "Plans": [{"Node Type": "Seq Scan", "Parent Relationship": "Outer", "Parallel Aware": true, "Relation Name": "movie_keyword", "Alias": "mk", "Startup Cost": 0.0, "Total Cost": 42695.65, "Plan Rows": 1508, "Plan Width": 12, "Actual Startup Time": 0.467, "Actual Total Time": 118.449, "Actual Rows": 593, "Actual Loops": 7, "Filter": "(keyword_id = 3644)", "Rows Removed by Filter": 645683}, {"Node Type": "Hash", "Parent Relationship": "Inner", "Parallel Aware": true, "Startup Cost": 38665.23, "Total Cost": 38665.23, "Plan Rows": 121885, "Plan Width": 40, "Actual Startup Time": 138.287, "Actual Total Time": 138.291, "Actual Rows": 113663, "Actual Loops": 7, "Hash Buckets": 65536, "Original Hash Buckets": 65536, "Hash Batches": 16, "Original Hash Batches": 16, "Peak Memory Usage": 3136, "Plans": [{"Node Type": "Seq Scan", "Parent Relationship": "Outer", "Parallel Aware": true, "Relation Name": "movie_companies", "Alias": "mc", "Startup Cost": 0.0, "Total Cost": 38665.23, "Plan Rows": 121885, "Plan Width": 40, "Actual Startup Time": 4.858, "Actual Total Time": 102.335, "Actual Rows": 113663, "Actual Loops": 7, "Filter": "((company_id > 19054) AND (company_type_id = 2))", "Rows Removed by Filter": 259070}]}]}, {"Node Type": "Index Scan", "Parent Relationship": "Inner", "Parallel Aware": false, "Scan Direction": "Forward", "Index Name": "title_pkey", "Relation Name": "title", "Alias": "t", "Startup Cost": 0.43, "Total Cost": 0.82, "Plan Rows": 1, "Plan Width": 95, "Actual Startup Time": 0.021, "Actual Total Time": 0.021, "Actual Rows": 0, "Actual Loops": 1538, "Index Cond": "(id = mc.movie_id)", "Rows Removed by Index Recheck": 0, "Filter": "(kind_id = 3)", "Rows Removed by Filter": 1}]}]}]}]}]}]}, "Planning Time": 3.438, "Triggers": [], "Execution Time": 2303.254}