{"Plan": {"Node Type": "Gather", "Parallel Aware": false, "Startup Cost": 82637.18, "Total Cost": 228734.49, "Plan Rows": 828213, "Plan Width": 132, "Actual Startup Time": 1505.794, "Actual Total Time": 4939.736, "Actual Rows": 8583388, "Actual Loops": 1, "Workers Planned": 3, "Workers Launched": 3, "Single Copy": false, "Plans": [{"Node Type": "Hash Join", "Parent Relationship": "Outer", "Parallel Aware": true, "Join Type": "Inner", "Startup Cost": 81637.18, "Total Cost": 144913.19, "Plan Rows": 267165, "Plan Width": 132, "Actual Startup Time": 1508.441, "Actual Total Time": 2869.756, "Actual Rows": 2145847, "Actual Loops": 4, "Inner Unique": false, "Hash Cond": "(mk.movie_id = t.id)", "Plans": [{"Node Type": "Seq Scan", "Parent Relationship": "Outer", "Parallel Aware": true, "Relation Name": "movie_keyword", "Alias": "mk", "Startup Cost": 0.0, "Total Cost": 39047.32, "Plan Rows": 1459332, "Plan Width": 12, "Actual Startup Time": 0.059, "Actual Total Time": 252.475, "Actual Rows": 1130982, "Actual Loops": 4}, {"Node Type": "Hash", "Parent Relationship": "Inner", "Parallel Aware": true, "Startup Cost": 75835.43, "Total Cost": 75835.43, "Plan Rows": 192860, "Plan Width": 120, "Actual Startup Time": 942.543, "Actual Total Time": 942.562, "Actual Rows": 213526, "Actual Loops": 4, "Hash Buckets": 32768, "Original Hash Buckets": 32768, "Hash Batches": 32, "Original Hash Batches": 32, "Peak Memory Usage": 3872, "Plans": [{"Node Type": "Hash Join", "Parent Relationship": "Outer", "Parallel Aware": true, "Join Type": "Inner", "Startup Cost": 49672.87, "Total Cost": 75835.43, "Plan Rows": 192860, "Plan Width": 120, "Actual Startup Time": 520.138, "Actual Total Time": 792.824, "Actual Rows": 213526, "Actual Loops": 4, "Inner Unique": true, "Hash Cond": "(mi_idx.movie_id = t.id)", "Plans": [{"Node Type": "Seq Scan", "Parent Relationship": "Outer", "Parallel Aware": true, "Relation Name": "movie_info_idx", "Alias": "mi_idx", "Startup Cost": 0.0, "Total Cost": 13685.15, "Plan Rows": 575015, "Plan Width": 25, "Actual Startup Time": 0.06, "Actual Total Time": 83.128, "Actual Rows": 345009, "Actual Loops": 4}, {"Node Type": "Hash", "Parent Relationship": "Inner", "Parallel Aware": true, "Startup Cost": 43916.91, "Total Cost": 43916.91, "Plan Rows": 211997, "Plan Width": 95, "Actual Startup Time": 318.083, "Actual Total Time": 318.086, "Actual Rows": 213554, "Actual Loops": 4, "Hash Buckets": 32768, "Original Hash Buckets": 32768, "Hash Batches": 32, "Original Hash Batches": 32, "Peak Memory Usage": 3360, "Plans": [{"Node Type": "Seq Scan", "Parent Relationship": "Outer", "Parallel Aware": true, "Relation Name": "title", "Alias": "t", "Startup Cost": 0.0, "Total Cost": 43916.91, "Plan Rows": 211997, "Plan Width": 95, "Actual Startup Time": 0.061, "Actual Total Time": 221.489, "Actual Rows": 213554, "Actual Loops": 4, "Filter": "(kind_id < 4)", "Rows Removed by Filter": 418524}]}]}]}]}]}, "Planning Time": 1.707, "Triggers": [], "Execution Time": 5447.542}