{
  "Plan": {
    "Node Type": "Nested Loop",
    "Parent Relationship": "Outer",
    "Parallel Aware": false,
    "Async Capable": false,
    "Join Type": "Inner",
    "Startup Cost": 1.73,
    "Total Cost": 653051.7,
    "Plan Rows": 1585,
    "Plan Width": 51,
    "Actual Startup Time": 0.515,
    "Actual Total Time": 3780.548,
    "Actual Rows": 426400,
    "Actual Loops": 1,
    "Inner Unique": false,
    "Plans": [
      {
        "Node Type": "Nested Loop",
        "Parent Relationship": "Outer",
        "Parallel Aware": false,
        "Async Capable": false,
        "Join Type": "Inner",
        "Startup Cost": 1.3,
        "Total Cost": 652698.66,
        "Plan Rows": 516,
        "Plan Width": 43,
        "Actual Startup Time": 0.473,
        "Actual Total Time": 2809.462,
        "Actual Rows": 255493,
        "Actual Loops": 1,
        "Inner Unique": true,
        "Plans": [
          {
            "Node Type": "Nested Loop",
            "Parent Relationship": "Outer",
            "Parallel Aware": false,
            "Async Capable": false,
            "Join Type": "Inner",
            "Startup Cost": 0.87,
            "Total Cost": 651975.81,
            "Plan Rows": 1063,
            "Plan Width": 31,
            "Actual Startup Time": 0.423,
            "Actual Total Time": 1953.435,
            "Actual Rows": 276005,
            "Actual Loops": 1,
            "Inner Unique": true,
            "Plans": [
              {
                "Node Type": "Nested Loop",
                "Parent Relationship": "Outer",
                "Parallel Aware": false,
                "Async Capable": false,
                "Join Type": "Inner",
                "Startup Cost": 0.44,
                "Total Cost": 648304.23,
                "Plan Rows": 4622,
                "Plan Width": 12,
                "Actual Startup Time": 0.362,
                "Actual Total Time": 1381.832,
                "Actual Rows": 276166,
                "Actual Loops": 1,
                "Inner Unique": false,
                "Plans": [
                  {
                    "Node Type": "Seq Scan",
                    "Parent Relationship": "Outer",
                    "Parallel Aware": false,
                    "Async Capable": false,
                    "Relation Name": "role_type",
                    "Alias": "rt",
                    "Startup Cost": 0.0,
                    "Total Cost": 18.88,
                    "Plan Rows": 4,
                    "Plan Width": 4,
                    "Actual Startup Time": 0.024,
                    "Actual Total Time": 0.038,
                    "Actual Rows": 1,
                    "Actual Loops": 1,
                    "Filter": "((role)::text = 'actress'::text)",
                    "Rows Removed by Filter": 11
                  },
                  {
                    "Node Type": "Index Scan",
                    "Parent Relationship": "Inner",
                    "Parallel Aware": false,
                    "Async Capable": false,
                    "Scan Direction": "Forward",
                    "Index Name": "role_id_cast_info",
                    "Relation Name": "cast_info",
                    "Alias": "ci",
                    "Startup Cost": 0.44,
                    "Total Cost": 161325.59,
                    "Plan Rows": 74575,
                    "Plan Width": 16,
                    "Actual Startup Time": 0.329,
                    "Actual Total Time": 1353.187,
                    "Actual Rows": 276166,
                    "Actual Loops": 1,
                    "Index Cond": "(role_id = rt.id)",
                    "Rows Removed by Index Recheck": 0,
                    "Filter": "((note)::text = ANY ('{(voice),\"(voice: Japanese version)\",\"(voice) (uncredited)\",\"(voice: English version)\"}'::text[]))",
                    "Rows Removed by Filter": 7175807
                  }
                ]
              },
              {
                "Node Type": "Index Scan",
                "Parent Relationship": "Inner",
                "Parallel Aware": false,
                "Async Capable": false,
                "Scan Direction": "Forward",
                "Index Name": "name_pkey",
                "Relation Name": "name",
                "Alias": "n",
                "Startup Cost": 0.43,
                "Total Cost": 0.79,
                "Plan Rows": 1,
                "Plan Width": 19,
                "Actual Startup Time": 0.002,
                "Actual Total Time": 0.002,
                "Actual Rows": 1,
                "Actual Loops": 276166,
                "Index Cond": "(id = ci.person_id)",
                "Rows Removed by Index Recheck": 0,
                "Filter": "((gender)::text = 'f'::text)",
                "Rows Removed by Filter": 0
              }
            ]
          },
          {
            "Node Type": "Index Scan",
            "Parent Relationship": "Inner",
            "Parallel Aware": false,
            "Async Capable": false,
            "Scan Direction": "Forward",
            "Index Name": "char_name_pkey",
            "Relation Name": "char_name",
            "Alias": "chn",
            "Startup Cost": 0.43,
            "Total Cost": 0.68,
            "Plan Rows": 1,
            "Plan Width": 20,
            "Actual Startup Time": 0.003,
            "Actual Total Time": 0.003,
            "Actual Rows": 1,
            "Actual Loops": 276005,
            "Index Cond": "(id = ci.person_role_id)",
            "Rows Removed by Index Recheck": 0
          }
        ]
      },
      {
        "Node Type": "Index Scan",
        "Parent Relationship": "Inner",
        "Parallel Aware": false,
        "Async Capable": false,
        "Scan Direction": "Forward",
        "Index Name": "movie_id_movie_companies",
        "Relation Name": "movie_companies",
        "Alias": "mc",
        "Startup Cost": 0.43,
        "Total Cost": 0.63,
        "Plan Rows": 5,
        "Plan Width": 8,
        "Actual Startup Time": 0.003,
        "Actual Total Time": 0.003,
        "Actual Rows": 2,
        "Actual Loops": 255493,
        "Index Cond": "(movie_id = ci.movie_id)",
        "Rows Removed by Index Recheck": 0
      }
    ]
  }
}