{
  "Plan": {
    "Node Type": "Nested Loop",
    "Parent Relationship": "Outer",
    "Parallel Aware": false,
    "Async Capable": false,
    "Join Type": "Inner",
    "Startup Cost": 5951.79,
    "Total Cost": 66394.02,
    "Plan Rows": 6786,
    "Plan Width": 29,
    "Actual Startup Time": 46.969,
    "Actual Total Time": 576.23,
    "Actual Rows": 4539,
    "Actual Loops": 1,
    "Inner Unique": true,
    "Plans": [
      {
        "Node Type": "Hash Join",
        "Parent Relationship": "Outer",
        "Parallel Aware": false,
        "Async Capable": false,
        "Join Type": "Inner",
        "Startup Cost": 5951.36,
        "Total Cost": 57681.74,
        "Plan Rows": 16787,
        "Plan Width": 8,
        "Actual Startup Time": 46.931,
        "Actual Total Time": 519.8,
        "Actual Rows": 8790,
        "Actual Loops": 1,
        "Inner Unique": true,
        "Hash Cond": "(mc.company_id = cn.id)",
        "Plans": [
          {
            "Node Type": "Seq Scan",
            "Parent Relationship": "Outer",
            "Parallel Aware": false,
            "Async Capable": false,
            "Relation Name": "movie_companies",
            "Alias": "mc",
            "Startup Cost": 0.0,
            "Total Cost": 44881.29,
            "Plan Rows": 2609129,
            "Plan Width": 12,
            "Actual Startup Time": 0.019,
            "Actual Total Time": 213.667,
            "Actual Rows": 2609129,
            "Actual Loops": 1
          },
          {
            "Node Type": "Hash",
            "Parent Relationship": "Inner",
            "Parallel Aware": false,
            "Async Capable": false,
            "Startup Cost": 5932.46,
            "Total Cost": 5932.46,
            "Plan Rows": 1512,
            "Plan Width": 4,
            "Actual Startup Time": 46.48,
            "Actual Total Time": 46.482,
            "Actual Rows": 1361,
            "Actual Loops": 1,
            "Hash Buckets": 2048,
            "Original Hash Buckets": 2048,
            "Hash Batches": 1,
            "Original Hash Batches": 1,
            "Peak Memory Usage": 64,
            "Plans": [
              {
                "Node Type": "Seq Scan",
                "Parent Relationship": "Outer",
                "Parallel Aware": false,
                "Async Capable": false,
                "Relation Name": "company_name",
                "Alias": "cn",
                "Startup Cost": 0.0,
                "Total Cost": 5932.46,
                "Plan Rows": 1512,
                "Plan Width": 4,
                "Actual Startup Time": 0.028,
                "Actual Total Time": 46.13,
                "Actual Rows": 1361,
                "Actual Loops": 1,
                "Filter": "((country_code)::text = '[ru]'::text)",
                "Rows Removed by Filter": 233636
              }
            ]
          }
        ]
      },
      {
        "Node Type": "Index Scan",
        "Parent Relationship": "Inner",
        "Parallel Aware": false,
        "Async Capable": false,
        "Scan Direction": "Forward",
        "Index Name": "title_pkey",
        "Relation Name": "title",
        "Alias": "t",
        "Startup Cost": 0.43,
        "Total Cost": 0.52,
        "Plan Rows": 1,
        "Plan Width": 21,
        "Actual Startup Time": 0.006,
        "Actual Total Time": 0.006,
        "Actual Rows": 1,
        "Actual Loops": 8790,
        "Index Cond": "(id = mc.movie_id)",
        "Rows Removed by Index Recheck": 0,
        "Filter": "(production_year > 2005)",
        "Rows Removed by Filter": 0
      }
    ]
  }
}