{
  "Plan": {
    "Node Type": "Hash Join",
    "Parent Relationship": "Outer",
    "Parallel Aware": false,
    "Async Capable": false,
    "Join Type": "Inner",
    "Startup Cost": 125531.03,
    "Total Cost": 870054.75,
    "Plan Rows": 757276,
    "Plan Width": 20,
    "Actual Startup Time": 1250.806,
    "Actual Total Time": 5388.662,
    "Actual Rows": 15,
    "Actual Loops": 1,
    "Inner Unique": true,
    "Hash Cond": "(ci.person_role_id = chn.id)",
    "Plans": [
      {
        "Node Type": "Hash Join",
        "Parent Relationship": "Outer",
        "Parallel Aware": false,
        "Async Capable": false,
        "Join Type": "Inner",
        "Startup Cost": 25.98,
        "Total Cost": 709882.2,
        "Plan Rows": 1558287,
        "Plan Width": 8,
        "Actual Startup Time": 255.335,
        "Actual Total Time": 4303.783,
        "Actual Rows": 1435439,
        "Actual Loops": 1,
        "Inner Unique": true,
        "Hash Cond": "(ci.role_id = rt.id)",
        "Plans": [
          {
            "Node Type": "Seq Scan",
            "Parent Relationship": "Outer",
            "Parallel Aware": false,
            "Async Capable": false,
            "Relation Name": "cast_info",
            "Alias": "ci",
            "Startup Cost": 0.0,
            "Total Cost": 705741.3,
            "Plan Rows": 1558287,
            "Plan Width": 12,
            "Actual Startup Time": 255.237,
            "Actual Total Time": 4072.96,
            "Actual Rows": 1435439,
            "Actual Loops": 1,
            "Filter": "((note)::text ~~ '%(producer)%'::text)",
            "Rows Removed by Filter": 34808905
          },
          {
            "Node Type": "Hash",
            "Parent Relationship": "Inner",
            "Parallel Aware": false,
            "Async Capable": false,
            "Startup Cost": 17.1,
            "Total Cost": 17.1,
            "Plan Rows": 710,
            "Plan Width": 4,
            "Actual Startup Time": 0.048,
            "Actual Total Time": 0.049,
            "Actual Rows": 12,
            "Actual Loops": 1,
            "Hash Buckets": 1024,
            "Original Hash Buckets": 1024,
            "Hash Batches": 1,
            "Original Hash Batches": 1,
            "Peak Memory Usage": 9,
            "Plans": [
              {
                "Node Type": "Seq Scan",
                "Parent Relationship": "Outer",
                "Parallel Aware": false,
                "Async Capable": false,
                "Relation Name": "role_type",
                "Alias": "rt",
                "Startup Cost": 0.0,
                "Total Cost": 17.1,
                "Plan Rows": 710,
                "Plan Width": 4,
                "Actual Startup Time": 0.037,
                "Actual Total Time": 0.038,
                "Actual Rows": 12,
                "Actual Loops": 1
              }
            ]
          }
        ]
      },
      {
        "Node Type": "Hash",
        "Parent Relationship": "Inner",
        "Parallel Aware": false,
        "Async Capable": false,
        "Startup Cost": 67850.69,
        "Total Cost": 67850.69,
        "Plan Rows": 3140269,
        "Plan Width": 20,
        "Actual Startup Time": 995.156,
        "Actual Total Time": 995.158,
        "Actual Rows": 3140339,
        "Actual Loops": 1,
        "Hash Buckets": 65536,
        "Original Hash Buckets": 65536,
        "Hash Batches": 64,
        "Original Hash Batches": 64,
        "Peak Memory Usage": 3098,
        "Plans": [
          {
            "Node Type": "Seq Scan",
            "Parent Relationship": "Outer",
            "Parallel Aware": false,
            "Async Capable": false,
            "Relation Name": "char_name",
            "Alias": "chn",
            "Startup Cost": 0.0,
            "Total Cost": 67850.69,
            "Plan Rows": 3140269,
            "Plan Width": 20,
            "Actual Startup Time": 0.017,
            "Actual Total Time": 406.37,
            "Actual Rows": 3140339,
            "Actual Loops": 1
          }
        ]
      }
    ]
  }
}