{
  "Plan": {
    "Node Type": "Nested Loop",
    "Parent Relationship": "Outer",
    "Parallel Aware": false,
    "Async Capable": false,
    "Join Type": "Inner",
    "Startup Cost": 8.06,
    "Total Cost": 3766.61,
    "Plan Rows": 2,
    "Plan Width": 29,
    "Actual Startup Time": 12.854,
    "Actual Total Time": 252.574,
    "Actual Rows": 25,
    "Actual Loops": 1,
    "Inner Unique": true,
    "Plans": [
      {
        "Node Type": "Nested Loop",
        "Parent Relationship": "Outer",
        "Parallel Aware": false,
        "Async Capable": false,
        "Join Type": "Inner",
        "Startup Cost": 7.64,
        "Total Cost": 3764.38,
        "Plan Rows": 5,
        "Plan Width": 33,
        "Actual Startup Time": 12.728,
        "Actual Total Time": 252.227,
        "Actual Rows": 54,
        "Actual Loops": 1,
        "Inner Unique": false,
        "Join Filter": "(t.id = mc.movie_id)",
        "Rows Removed by Join Filter": 0,
        "Plans": [
          {
            "Node Type": "Nested Loop",
            "Parent Relationship": "Outer",
            "Parallel Aware": false,
            "Async Capable": false,
            "Join Type": "Inner",
            "Startup Cost": 7.21,
            "Total Cost": 3763.78,
            "Plan Rows": 1,
            "Plan Width": 25,
            "Actual Startup Time": 10.694,
            "Actual Total Time": 251.71,
            "Actual Rows": 146,
            "Actual Loops": 1,
            "Inner Unique": true,
            "Plans": [
              {
                "Node Type": "Nested Loop",
                "Parent Relationship": "Outer",
                "Parallel Aware": false,
                "Async Capable": false,
                "Join Type": "Inner",
                "Startup Cost": 6.78,
                "Total Cost": 3747.04,
                "Plan Rows": 34,
                "Plan Width": 4,
                "Actual Startup Time": 5.274,
                "Actual Total Time": 74.064,
                "Actual Rows": 41840,
                "Actual Loops": 1,
                "Inner Unique": false,
                "Plans": [
                  {
                    "Node Type": "Seq Scan",
                    "Parent Relationship": "Outer",
                    "Parallel Aware": false,
                    "Async Capable": false,
                    "Relation Name": "keyword",
                    "Alias": "k",
                    "Startup Cost": 0.0,
                    "Total Cost": 2626.12,
                    "Plan Rows": 1,
                    "Plan Width": 4,
                    "Actual Startup Time": 0.613,
                    "Actual Total Time": 11.441,
                    "Actual Rows": 1,
                    "Actual Loops": 1,
                    "Filter": "((keyword)::text = 'character-name-in-title'::text)",
                    "Rows Removed by Filter": 134169
                  },
                  {
                    "Node Type": "Bitmap Heap Scan",
                    "Parent Relationship": "Inner",
                    "Parallel Aware": false,
                    "Async Capable": false,
                    "Relation Name": "movie_keyword",
                    "Alias": "mk",
                    "Startup Cost": 6.78,
                    "Total Cost": 1117.89,
                    "Plan Rows": 303,
                    "Plan Width": 8,
                    "Actual Startup Time": 4.657,
                    "Actual Total Time": 58.205,
                    "Actual Rows": 41840,
                    "Actual Loops": 1,
                    "Recheck Cond": "(keyword_id = k.id)",
                    "Rows Removed by Index Recheck": 0,
                    "Exact Heap Blocks": 11541,
                    "Lossy Heap Blocks": 0,
                    "Plans": [
                      {
                        "Node Type": "Bitmap Index Scan",
                        "Parent Relationship": "Outer",
                        "Parallel Aware": false,
                        "Async Capable": false,
                        "Index Name": "keyword_id_movie_keyword",
                        "Startup Cost": 0.0,
                        "Total Cost": 6.71,
                        "Plan Rows": 303,
                        "Plan Width": 0,
                        "Actual Startup Time": 2.91,
                        "Actual Total Time": 2.911,
                        "Actual Rows": 41840,
                        "Actual Loops": 1,
                        "Index Cond": "(keyword_id = k.id)"
                      }
                    ]
                  }
                ]
              },
              {
                "Node Type": "Index Scan",
                "Parent Relationship": "Inner",
                "Parallel Aware": false,
                "Async Capable": false,
                "Scan Direction": "Forward",
                "Index Name": "title_pkey",
                "Relation Name": "title",
                "Alias": "t",
                "Startup Cost": 0.43,
                "Total Cost": 0.49,
                "Plan Rows": 1,
                "Plan Width": 21,
                "Actual Startup Time": 0.004,
                "Actual Total Time": 0.004,
                "Actual Rows": 0,
                "Actual Loops": 41840,
                "Index Cond": "(id = mk.movie_id)",
                "Rows Removed by Index Recheck": 0,
                "Filter": "((episode_nr >= 50) AND (episode_nr < 100))",
                "Rows Removed by Filter": 1
              }
            ]
          },
          {
            "Node Type": "Index Scan",
            "Parent Relationship": "Inner",
            "Parallel Aware": false,
            "Async Capable": false,
            "Scan Direction": "Forward",
            "Index Name": "movie_id_movie_companies",
            "Relation Name": "movie_companies",
            "Alias": "mc",
            "Startup Cost": 0.43,
            "Total Cost": 0.54,
            "Plan Rows": 5,
            "Plan Width": 8,
            "Actual Startup Time": 0.003,
            "Actual Total Time": 0.003,
            "Actual Rows": 0,
            "Actual Loops": 146,
            "Index Cond": "(movie_id = mk.movie_id)",
            "Rows Removed by Index Recheck": 0
          }
        ]
      },
      {
        "Node Type": "Index Scan",
        "Parent Relationship": "Inner",
        "Parallel Aware": false,
        "Async Capable": false,
        "Scan Direction": "Forward",
        "Index Name": "company_name_pkey",
        "Relation Name": "company_name",
        "Alias": "cn",
        "Startup Cost": 0.42,
        "Total Cost": 0.45,
        "Plan Rows": 1,
        "Plan Width": 4,
        "Actual Startup Time": 0.006,
        "Actual Total Time": 0.006,
        "Actual Rows": 0,
        "Actual Loops": 54,
        "Index Cond": "(id = mc.company_id)",
        "Rows Removed by Index Recheck": 0,
        "Filter": "((country_code)::text = '[us]'::text)",
        "Rows Removed by Filter": 1
      }
    ]
  }
}