{
  "Plan": {
    "Node Type": "Nested Loop",
    "Parent Relationship": "Outer",
    "Parallel Aware": false,
    "Async Capable": false,
    "Join Type": "Inner",
    "Startup Cost": 22.82,
    "Total Cost": 246.88,
    "Plan Rows": 42,
    "Plan Width": 86,
    "Actual Startup Time": 0.087,
    "Actual Total Time": 0.91,
    "Actual Rows": 1158,
    "Actual Loops": 1,
    "Inner Unique": false,
    "Plans": [
      {
        "Node Type": "Seq Scan",
        "Parent Relationship": "Outer",
        "Parallel Aware": false,
        "Async Capable": false,
        "Relation Name": "link_type",
        "Alias": "lt",
        "Startup Cost": 0.0,
        "Total Cost": 18.88,
        "Plan Rows": 1,
        "Plan Width": 86,
        "Actual Startup Time": 0.005,
        "Actual Total Time": 0.008,
        "Actual Rows": 1,
        "Actual Loops": 1,
        "Filter": "((link)::text ~~ '%follows%'::text)",
        "Rows Removed by Filter": 17
      },
      {
        "Node Type": "Bitmap Heap Scan",
        "Parent Relationship": "Inner",
        "Parallel Aware": false,
        "Async Capable": false,
        "Relation Name": "movie_link",
        "Alias": "ml",
        "Startup Cost": 22.82,
        "Total Cost": 209.26,
        "Plan Rows": 1875,
        "Plan Width": 8,
        "Actual Startup Time": 0.079,
        "Actual Total Time": 0.769,
        "Actual Rows": 1158,
        "Actual Loops": 1,
        "Recheck Cond": "(link_type_id = lt.id)",
        "Rows Removed by Index Recheck": 0,
        "Exact Heap Blocks": 95,
        "Lossy Heap Blocks": 0,
        "Plans": [
          {
            "Node Type": "Bitmap Index Scan",
            "Parent Relationship": "Outer",
            "Parallel Aware": false,
            "Async Capable": false,
            "Index Name": "link_type_id_movie_link",
            "Startup Cost": 0.0,
            "Total Cost": 22.35,
            "Plan Rows": 1875,
            "Plan Width": 0,
            "Actual Startup Time": 0.055,
            "Actual Total Time": 0.055,
            "Actual Rows": 1158,
            "Actual Loops": 1,
            "Index Cond": "(link_type_id = lt.id)"
          }
        ]
      }
    ]
  }
}