{
  "Plan": {
    "Node Type": "Nested Loop",
    "Parent Relationship": "Outer",
    "Parallel Aware": false,
    "Async Capable": false,
    "Join Type": "Inner",
    "Startup Cost": 7.21,
    "Total Cost": 3762.53,
    "Plan Rows": 34,
    "Plan Width": 8,
    "Actual Startup Time": 5.203,
    "Actual Total Time": 195.913,
    "Actual Rows": 41840,
    "Actual Loops": 1,
    "Inner Unique": true,
    "Plans": [
      {
        "Node Type": "Nested Loop",
        "Parent Relationship": "Outer",
        "Parallel Aware": false,
        "Async Capable": false,
        "Join Type": "Inner",
        "Startup Cost": 6.78,
        "Total Cost": 3747.04,
        "Plan Rows": 34,
        "Plan Width": 4,
        "Actual Startup Time": 5.189,
        "Actual Total Time": 86.133,
        "Actual Rows": 41840,
        "Actual Loops": 1,
        "Inner Unique": false,
        "Plans": [
          {
            "Node Type": "Seq Scan",
            "Parent Relationship": "Outer",
            "Parallel Aware": false,
            "Async Capable": false,
            "Relation Name": "keyword",
            "Alias": "k",
            "Startup Cost": 0.0,
            "Total Cost": 2626.12,
            "Plan Rows": 1,
            "Plan Width": 4,
            "Actual Startup Time": 0.548,
            "Actual Total Time": 11.322,
            "Actual Rows": 1,
            "Actual Loops": 1,
            "Filter": "((keyword)::text = 'character-name-in-title'::text)",
            "Rows Removed by Filter": 134169
          },
          {
            "Node Type": "Bitmap Heap Scan",
            "Parent Relationship": "Inner",
            "Parallel Aware": false,
            "Async Capable": false,
            "Relation Name": "movie_keyword",
            "Alias": "mk",
            "Startup Cost": 6.78,
            "Total Cost": 1117.89,
            "Plan Rows": 303,
            "Plan Width": 8,
            "Actual Startup Time": 4.636,
            "Actual Total Time": 68.777,
            "Actual Rows": 41840,
            "Actual Loops": 1,
            "Recheck Cond": "(keyword_id = k.id)",
            "Rows Removed by Index Recheck": 0,
            "Exact Heap Blocks": 11541,
            "Lossy Heap Blocks": 0,
            "Plans": [
              {
                "Node Type": "Bitmap Index Scan",
                "Parent Relationship": "Outer",
                "Parallel Aware": false,
                "Async Capable": false,
                "Index Name": "keyword_id_movie_keyword",
                "Startup Cost": 0.0,
                "Total Cost": 6.71,
                "Plan Rows": 303,
                "Plan Width": 0,
                "Actual Startup Time": 2.878,
                "Actual Total Time": 2.879,
                "Actual Rows": 41840,
                "Actual Loops": 1,
                "Index Cond": "(keyword_id = k.id)"
              }
            ]
          }
        ]
      },
      {
        "Node Type": "Index Only Scan",
        "Parent Relationship": "Inner",
        "Parallel Aware": false,
        "Async Capable": false,
        "Scan Direction": "Forward",
        "Index Name": "title_pkey",
        "Relation Name": "title",
        "Alias": "t",
        "Startup Cost": 0.43,
        "Total Cost": 0.46,
        "Plan Rows": 1,
        "Plan Width": 4,
        "Actual Startup Time": 0.002,
        "Actual Total Time": 0.002,
        "Actual Rows": 1,
        "Actual Loops": 41840,
        "Index Cond": "(id = mk.movie_id)",
        "Rows Removed by Index Recheck": 0,
        "Heap Fetches": 0
      }
    ]
  }
}