{
  "Plan": {
    "Node Type": "Nested Loop",
    "Parent Relationship": "Outer",
    "Parallel Aware": false,
    "Async Capable": false,
    "Join Type": "Inner",
    "Startup Cost": 7.5,
    "Total Cost": 6173.08,
    "Plan Rows": 28,
    "Plan Width": 33,
    "Actual Startup Time": 5.307,
    "Actual Total Time": 176.924,
    "Actual Rows": 1460,
    "Actual Loops": 1,
    "Inner Unique": true,
    "Join Filter": "(ml.movie_id = t.id)",
    "Rows Removed by Join Filter": 0,
    "Plans": [
      {
        "Node Type": "Nested Loop",
        "Parent Relationship": "Outer",
        "Parallel Aware": false,
        "Async Capable": false,
        "Join Type": "Inner",
        "Startup Cost": 7.07,
        "Total Cost": 6157.51,
        "Plan Rows": 31,
        "Plan Width": 12,
        "Actual Startup Time": 5.272,
        "Actual Total Time": 172.545,
        "Actual Rows": 1460,
        "Actual Loops": 1,
        "Inner Unique": false,
        "Plans": [
          {
            "Node Type": "Nested Loop",
            "Parent Relationship": "Outer",
            "Parallel Aware": false,
            "Async Capable": false,
            "Join Type": "Inner",
            "Startup Cost": 6.78,
            "Total Cost": 6114.56,
            "Plan Rows": 101,
            "Plan Width": 4,
            "Actual Startup Time": 5.251,
            "Actual Total Time": 127.455,
            "Actual Rows": 47403,
            "Actual Loops": 1,
            "Inner Unique": false,
            "Plans": [
              {
                "Node Type": "Seq Scan",
                "Parent Relationship": "Outer",
                "Parallel Aware": false,
                "Async Capable": false,
                "Relation Name": "keyword",
                "Alias": "k",
                "Startup Cost": 0.0,
                "Total Cost": 2793.84,
                "Plan Rows": 3,
                "Plan Width": 4,
                "Actual Startup Time": 1.507,
                "Actual Total Time": 17.76,
                "Actual Rows": 3,
                "Actual Loops": 1,
                "Filter": "((keyword)::text = ANY ('{sequel,revenge,based-on-novel}'::text[]))",
                "Rows Removed by Filter": 134167
              },
              {
                "Node Type": "Bitmap Heap Scan",
                "Parent Relationship": "Inner",
                "Parallel Aware": false,
                "Async Capable": false,
                "Relation Name": "movie_keyword",
                "Alias": "mk",
                "Startup Cost": 6.78,
                "Total Cost": 1103.88,
                "Plan Rows": 303,
                "Plan Width": 8,
                "Actual Startup Time": 3.305,
                "Actual Total Time": 35.007,
                "Actual Rows": 15801,
                "Actual Loops": 3,
                "Recheck Cond": "(keyword_id = k.id)",
                "Rows Removed by Index Recheck": 0,
                "Exact Heap Blocks": 23953,
                "Lossy Heap Blocks": 0,
                "Plans": [
                  {
                    "Node Type": "Bitmap Index Scan",
                    "Parent Relationship": "Outer",
                    "Parallel Aware": false,
                    "Async Capable": false,
                    "Index Name": "keyword_id_movie_keyword",
                    "Startup Cost": 0.0,
                    "Total Cost": 6.71,
                    "Plan Rows": 303,
                    "Plan Width": 0,
                    "Actual Startup Time": 1.876,
                    "Actual Total Time": 1.876,
                    "Actual Rows": 15801,
                    "Actual Loops": 3,
                    "Index Cond": "(keyword_id = k.id)"
                  }
                ]
              }
            ]
          },
          {
            "Node Type": "Index Scan",
            "Parent Relationship": "Inner",
            "Parallel Aware": false,
            "Async Capable": false,
            "Scan Direction": "Forward",
            "Index Name": "movie_id_movie_link",
            "Relation Name": "movie_link",
            "Alias": "ml",
            "Startup Cost": 0.29,
            "Total Cost": 0.38,
            "Plan Rows": 5,
            "Plan Width": 8,
            "Actual Startup Time": 0.001,
            "Actual Total Time": 0.001,
            "Actual Rows": 0,
            "Actual Loops": 47403,
            "Index Cond": "(movie_id = mk.movie_id)",
            "Rows Removed by Index Recheck": 0
          }
        ]
      },
      {
        "Node Type": "Index Scan",
        "Parent Relationship": "Inner",
        "Parallel Aware": false,
        "Async Capable": false,
        "Scan Direction": "Forward",
        "Index Name": "title_pkey",
        "Relation Name": "title",
        "Alias": "t",
        "Startup Cost": 0.43,
        "Total Cost": 0.49,
        "Plan Rows": 1,
        "Plan Width": 21,
        "Actual Startup Time": 0.003,
        "Actual Total Time": 0.003,
        "Actual Rows": 1,
        "Actual Loops": 1460,
        "Index Cond": "(id = mk.movie_id)",
        "Rows Removed by Index Recheck": 0,
        "Filter": "(production_year > 1950)",
        "Rows Removed by Filter": 0
      }
    ]
  }
}