{
  "Plan": {
    "Node Type": "Nested Loop",
    "Parent Relationship": "Outer",
    "Parallel Aware": false,
    "Async Capable": false,
    "Join Type": "Inner",
    "Startup Cost": 3847.26,
    "Total Cost": 26697.96,
    "Plan Rows": 1,
    "Plan Width": 33,
    "Actual Startup Time": 0.395,
    "Actual Total Time": 0.618,
    "Actual Rows": 33,
    "Actual Loops": 1,
    "Inner Unique": true,
    "Plans": [
      {
        "Node Type": "Nested Loop",
        "Parent Relationship": "Outer",
        "Parallel Aware": false,
        "Async Capable": false,
        "Join Type": "Inner",
        "Startup Cost": 3847.11,
        "Total Cost": 26696.92,
        "Plan Rows": 6,
        "Plan Width": 37,
        "Actual Startup Time": 0.366,
        "Actual Total Time": 0.519,
        "Actual Rows": 33,
        "Actual Loops": 1,
        "Inner Unique": false,
        "Join Filter": "(t.id = mc.movie_id)",
        "Rows Removed by Join Filter": 0,
        "Plans": [
          {
            "Node Type": "Nested Loop",
            "Parent Relationship": "Outer",
            "Parallel Aware": false,
            "Async Capable": false,
            "Join Type": "Inner",
            "Startup Cost": 3846.68,
            "Total Cost": 26696.27,
            "Plan Rows": 1,
            "Plan Width": 25,
            "Actual Startup Time": 0.324,
            "Actual Total Time": 0.405,
            "Actual Rows": 2,
            "Actual Loops": 1,
            "Inner Unique": true,
            "Plans": [
              {
                "Node Type": "Nested Loop",
                "Parent Relationship": "Outer",
                "Parallel Aware": false,
                "Async Capable": false,
                "Join Type": "Inner",
                "Startup Cost": 3846.25,
                "Total Cost": 19546.36,
                "Plan Rows": 12213,
                "Plan Width": 4,
                "Actual Startup Time": 0.088,
                "Actual Total Time": 0.096,
                "Actual Rows": 10,
                "Actual Loops": 1,
                "Inner Unique": false,
                "Plans": [
                  {
                    "Node Type": "Seq Scan",
                    "Parent Relationship": "Outer",
                    "Parallel Aware": false,
                    "Async Capable": false,
                    "Relation Name": "info_type",
                    "Alias": "it2",
                    "Startup Cost": 0.0,
                    "Total Cost": 2.41,
                    "Plan Rows": 1,
                    "Plan Width": 4,
                    "Actual Startup Time": 0.023,
                    "Actual Total Time": 0.024,
                    "Actual Rows": 1,
                    "Actual Loops": 1,
                    "Filter": "((info)::text = 'bottom 10 rank'::text)",
                    "Rows Removed by Filter": 112
                  },
                  {
                    "Node Type": "Bitmap Heap Scan",
                    "Parent Relationship": "Inner",
                    "Parallel Aware": false,
                    "Async Capable": false,
                    "Relation Name": "movie_info_idx",
                    "Alias": "mi_idx",
                    "Startup Cost": 3846.25,
                    "Total Cost": 16093.86,
                    "Plan Rows": 345009,
                    "Plan Width": 8,
                    "Actual Startup Time": 0.059,
                    "Actual Total Time": 0.062,
                    "Actual Rows": 10,
                    "Actual Loops": 1,
                    "Recheck Cond": "(info_type_id = it2.id)",
                    "Rows Removed by Index Recheck": 0,
                    "Exact Heap Blocks": 1,
                    "Lossy Heap Blocks": 0,
                    "Plans": [
                      {
                        "Node Type": "Bitmap Index Scan",
                        "Parent Relationship": "Outer",
                        "Parallel Aware": false,
                        "Async Capable": false,
                        "Index Name": "info_type_id_movie_info_idx",
                        "Startup Cost": 0.0,
                        "Total Cost": 3759.99,
                        "Plan Rows": 345009,
                        "Plan Width": 0,
                        "Actual Startup Time": 0.039,
                        "Actual Total Time": 0.039,
                        "Actual Rows": 10,
                        "Actual Loops": 1,
                        "Index Cond": "(info_type_id = it2.id)"
                      }
                    ]
                  }
                ]
              },
              {
                "Node Type": "Index Scan",
                "Parent Relationship": "Inner",
                "Parallel Aware": false,
                "Async Capable": false,
                "Scan Direction": "Forward",
                "Index Name": "title_pkey",
                "Relation Name": "title",
                "Alias": "t",
                "Startup Cost": 0.43,
                "Total Cost": 0.59,
                "Plan Rows": 1,
                "Plan Width": 21,
                "Actual Startup Time": 0.03,
                "Actual Total Time": 0.03,
                "Actual Rows": 0,
                "Actual Loops": 10,
                "Index Cond": "(id = mi_idx.movie_id)",
                "Rows Removed by Index Recheck": 0,
                "Filter": "((production_year > 2000) AND (((title)::text ~~ 'Birdemic%'::text) OR ((title)::text ~~ '%Movie%'::text)))",
                "Rows Removed by Filter": 1
              }
            ]
          },
          {
            "Node Type": "Index Scan",
            "Parent Relationship": "Inner",
            "Parallel Aware": false,
            "Async Capable": false,
            "Scan Direction": "Forward",
            "Index Name": "movie_id_movie_companies",
            "Relation Name": "movie_companies",
            "Alias": "mc",
            "Startup Cost": 0.43,
            "Total Cost": 0.59,
            "Plan Rows": 5,
            "Plan Width": 12,
            "Actual Startup Time": 0.034,
            "Actual Total Time": 0.049,
            "Actual Rows": 16,
            "Actual Loops": 2,
            "Index Cond": "(movie_id = mi_idx.movie_id)",
            "Rows Removed by Index Recheck": 0
          }
        ]
      },
      {
        "Node Type": "Index Scan",
        "Parent Relationship": "Inner",
        "Parallel Aware": false,
        "Async Capable": false,
        "Scan Direction": "Forward",
        "Index Name": "company_type_pkey",
        "Relation Name": "company_type",
        "Alias": "ct",
        "Startup Cost": 0.15,
        "Total Cost": 0.17,
        "Plan Rows": 1,
        "Plan Width": 4,
        "Actual Startup Time": 0.002,
        "Actual Total Time": 0.002,
        "Actual Rows": 1,
        "Actual Loops": 33,
        "Index Cond": "(id = mc.company_type_id)",
        "Rows Removed by Index Recheck": 0,
        "Filter": "((kind IS NOT NULL) AND (((kind)::text = 'production companies'::text) OR ((kind)::text = 'distributors'::text)))",
        "Rows Removed by Filter": 0
      }
    ]
  }
}