{
  "Plan": {
    "Node Type": "Nested Loop",
    "Parent Relationship": "Outer",
    "Parallel Aware": false,
    "Async Capable": false,
    "Join Type": "Inner",
    "Startup Cost": 3792.5,
    "Total Cost": 19244.2,
    "Plan Rows": 5,
    "Plan Width": 46,
    "Actual Startup Time": 16.632,
    "Actual Total Time": 2085.501,
    "Actual Rows": 4711,
    "Actual Loops": 1,
    "Inner Unique": false,
    "Join Filter": "(t.id = mi.movie_id)",
    "Rows Removed by Join Filter": 0,
    "Plans": [
      {
        "Node Type": "Nested Loop",
        "Parent Relationship": "Outer",
        "Parallel Aware": false,
        "Async Capable": false,
        "Join Type": "Inner",
        "Startup Cost": 3792.06,
        "Total Cost": 19232.36,
        "Plan Rows": 7,
        "Plan Width": 54,
        "Actual Startup Time": 15.312,
        "Actual Total Time": 1457.536,
        "Actual Rows": 42332,
        "Actual Loops": 1,
        "Inner Unique": true,
        "Join Filter": "(mi_idx.movie_id = t.id)",
        "Rows Removed by Join Filter": 0,
        "Plans": [
          {
            "Node Type": "Nested Loop",
            "Parent Relationship": "Outer",
            "Parallel Aware": false,
            "Async Capable": false,
            "Join Type": "Inner",
            "Startup Cost": 3791.63,
            "Total Cost": 19223.28,
            "Plan Rows": 17,
            "Plan Width": 33,
            "Actual Startup Time": 15.299,
            "Actual Total Time": 1135.088,
            "Actual Rows": 91314,
            "Actual Loops": 1,
            "Inner Unique": true,
            "Plans": [
              {
                "Node Type": "Hash Join",
                "Parent Relationship": "Outer",
                "Parallel Aware": false,
                "Async Capable": false,
                "Join Type": "Inner",
                "Startup Cost": 3791.21,
                "Total Cost": 19201.43,
                "Plan Rows": 49,
                "Plan Width": 18,
                "Actual Startup Time": 15.287,
                "Actual Total Time": 626.812,
                "Actual Rows": 154495,
                "Actual Loops": 1,
                "Inner Unique": true,
                "Hash Cond": "(mc.company_type_id = ct.id)",
                "Plans": [
                  {
                    "Node Type": "Nested Loop",
                    "Parent Relationship": "Outer",
                    "Parallel Aware": false,
                    "Async Capable": false,
                    "Join Type": "Inner",
                    "Startup Cost": 3772.29,
                    "Total Cost": 19159.55,
                    "Plan Rows": 8693,
                    "Plan Width": 22,
                    "Actual Startup Time": 15.245,
                    "Actual Total Time": 574.94,
                    "Actual Rows": 383016,
                    "Actual Loops": 1,
                    "Inner Unique": false,
                    "Plans": [
                      {
                        "Node Type": "Nested Loop",
                        "Parent Relationship": "Outer",
                        "Parallel Aware": false,
                        "Async Capable": false,
                        "Join Type": "Inner",
                        "Startup Cost": 3771.86,
                        "Total Cost": 17358.94,
                        "Plan Rows": 1680,
                        "Plan Width": 10,
                        "Actual Startup Time": 15.229,
                        "Actual Total Time": 174.703,
                        "Actual Rows": 121572,
                        "Actual Loops": 1,
                        "Inner Unique": false,
                        "Plans": [
                          {
                            "Node Type": "Seq Scan",
                            "Parent Relationship": "Outer",
                            "Parallel Aware": false,
                            "Async Capable": false,
                            "Relation Name": "info_type",
                            "Alias": "it2",
                            "Startup Cost": 0.0,
                            "Total Cost": 2.41,
                            "Plan Rows": 1,
                            "Plan Width": 4,
                            "Actual Startup Time": 0.01,
                            "Actual Total Time": 0.021,
                            "Actual Rows": 1,
                            "Actual Loops": 1,
                            "Filter": "((info)::text = 'rating'::text)",
                            "Rows Removed by Filter": 112
                          },
                          {
                            "Node Type": "Bitmap Heap Scan",
                            "Parent Relationship": "Inner",
                            "Parallel Aware": false,
                            "Async Capable": false,
                            "Relation Name": "movie_info_idx",
                            "Alias": "mi_idx",
                            "Startup Cost": 3771.86,
                            "Total Cost": 16881.99,
                            "Plan Rows": 47453,
                            "Plan Width": 14,
                            "Actual Startup Time": 15.215,
                            "Actual Total Time": 163.119,
                            "Actual Rows": 121572,
                            "Actual Loops": 1,
                            "Recheck Cond": "(info_type_id = it2.id)",
                            "Rows Removed by Index Recheck": 0,
                            "Filter": "((info)::text > '7.0'::text)",
                            "Rows Removed by Filter": 338353,
                            "Exact Heap Blocks": 7934,
                            "Lossy Heap Blocks": 0,
                            "Plans": [
                              {
                                "Node Type": "Bitmap Index Scan",
                                "Parent Relationship": "Outer",
                                "Parallel Aware": false,
                                "Async Capable": false,
                                "Index Name": "info_type_id_movie_info_idx",
                                "Startup Cost": 0.0,
                                "Total Cost": 3759.99,
                                "Plan Rows": 345009,
                                "Plan Width": 0,
                                "Actual Startup Time": 14.011,
                                "Actual Total Time": 14.013,
                                "Actual Rows": 459925,
                                "Actual Loops": 1,
                                "Index Cond": "(info_type_id = it2.id)"
                              }
                            ]
                          }
                        ]
                      },
                      {
                        "Node Type": "Index Scan",
                        "Parent Relationship": "Inner",
                        "Parallel Aware": false,
                        "Async Capable": false,
                        "Scan Direction": "Forward",
                        "Index Name": "movie_id_movie_companies",
                        "Relation Name": "movie_companies",
                        "Alias": "mc",
                        "Startup Cost": 0.43,
                        "Total Cost": 1.02,
                        "Plan Rows": 5,
                        "Plan Width": 12,
                        "Actual Startup Time": 0.002,
                        "Actual Total Time": 0.003,
                        "Actual Rows": 3,
                        "Actual Loops": 121572,
                        "Index Cond": "(movie_id = mi_idx.movie_id)",
                        "Rows Removed by Index Recheck": 0
                      }
                    ]
                  },
                  {
                    "Node Type": "Hash",
                    "Parent Relationship": "Inner",
                    "Parallel Aware": false,
                    "Async Capable": false,
                    "Startup Cost": 18.88,
                    "Total Cost": 18.88,
                    "Plan Rows": 4,
                    "Plan Width": 4,
                    "Actual Startup Time": 0.016,
                    "Actual Total Time": 0.017,
                    "Actual Rows": 1,
                    "Actual Loops": 1,
                    "Hash Buckets": 1024,
                    "Original Hash Buckets": 1024,
                    "Hash Batches": 1,
                    "Original Hash Batches": 1,
                    "Peak Memory Usage": 9,
                    "Plans": [
                      {
                        "Node Type": "Seq Scan",
                        "Parent Relationship": "Outer",
                        "Parallel Aware": false,
                        "Async Capable": false,
                        "Relation Name": "company_type",
                        "Alias": "ct",
                        "Startup Cost": 0.0,
                        "Total Cost": 18.88,
                        "Plan Rows": 4,
                        "Plan Width": 4,
                        "Actual Startup Time": 0.011,
                        "Actual Total Time": 0.012,
                        "Actual Rows": 1,
                        "Actual Loops": 1,
                        "Filter": "((kind)::text = 'production companies'::text)",
                        "Rows Removed by Filter": 3
                      }
                    ]
                  }
                ]
              },
              {
                "Node Type": "Index Scan",
                "Parent Relationship": "Inner",
                "Parallel Aware": false,
                "Async Capable": false,
                "Scan Direction": "Forward",
                "Index Name": "company_name_pkey",
                "Relation Name": "company_name",
                "Alias": "cn",
                "Startup Cost": 0.42,
                "Total Cost": 0.45,
                "Plan Rows": 1,
                "Plan Width": 23,
                "Actual Startup Time": 0.003,
                "Actual Total Time": 0.003,
                "Actual Rows": 1,
                "Actual Loops": 154495,
                "Index Cond": "(id = mc.company_id)",
                "Rows Removed by Index Recheck": 0,
                "Filter": "((country_code)::text = '[us]'::text)",
                "Rows Removed by Filter": 0
              }
            ]
          },
          {
            "Node Type": "Index Scan",
            "Parent Relationship": "Inner",
            "Parallel Aware": false,
            "Async Capable": false,
            "Scan Direction": "Forward",
            "Index Name": "title_pkey",
            "Relation Name": "title",
            "Alias": "t",
            "Startup Cost": 0.43,
            "Total Cost": 0.52,
            "Plan Rows": 1,
            "Plan Width": 21,
            "Actual Startup Time": 0.003,
            "Actual Total Time": 0.003,
            "Actual Rows": 0,
            "Actual Loops": 91314,
            "Index Cond": "(id = mc.movie_id)",
            "Rows Removed by Index Recheck": 0,
            "Filter": "((production_year >= 2000) AND (production_year <= 2010))",
            "Rows Removed by Filter": 1
          }
        ]
      },
      {
        "Node Type": "Index Scan",
        "Parent Relationship": "Inner",
        "Parallel Aware": false,
        "Async Capable": false,
        "Scan Direction": "Forward",
        "Index Name": "movie_id_movie_info",
        "Relation Name": "movie_info",
        "Alias": "mi",
        "Startup Cost": 0.43,
        "Total Cost": 1.68,
        "Plan Rows": 1,
        "Plan Width": 8,
        "Actual Startup Time": 0.014,
        "Actual Total Time": 0.015,
        "Actual Rows": 0,
        "Actual Loops": 42332,
        "Index Cond": "(movie_id = mc.movie_id)",
        "Rows Removed by Index Recheck": 0,
        "Filter": "((info)::text = ANY ('{Drama,Horror,Western,Family}'::text[]))",
        "Rows Removed by Filter": 29
      }
    ]
  }
}