{
  "Plan": {
    "Node Type": "Hash Join",
    "Parent Relationship": "Outer",
    "Parallel Aware": false,
    "Async Capable": false,
    "Join Type": "Inner",
    "Startup Cost": 3869.49,
    "Total Cost": 26659.68,
    "Plan Rows": 60,
    "Plan Width": 31,
    "Actual Startup Time": 642.984,
    "Actual Total Time": 1868.347,
    "Actual Rows": 209880,
    "Actual Loops": 1,
    "Inner Unique": true,
    "Hash Cond": "(t.kind_id = kt.id)",
    "Plans": [
      {
        "Node Type": "Nested Loop",
        "Parent Relationship": "Outer",
        "Parallel Aware": false,
        "Async Capable": false,
        "Join Type": "Inner",
        "Startup Cost": 3846.68,
        "Total Cost": 26604.67,
        "Plan Rows": 12213,
        "Plan Width": 35,
        "Actual Startup Time": 25.181,
        "Actual Total Time": 1795.866,
        "Actual Rows": 459925,
        "Actual Loops": 1,
        "Inner Unique": true,
        "Plans": [
          {
            "Node Type": "Nested Loop",
            "Parent Relationship": "Outer",
            "Parallel Aware": false,
            "Async Capable": false,
            "Join Type": "Inner",
            "Startup Cost": 3846.25,
            "Total Cost": 19546.36,
            "Plan Rows": 12213,
            "Plan Width": 10,
            "Actual Startup Time": 25.166,
            "Actual Total Time": 177.596,
            "Actual Rows": 459925,
            "Actual Loops": 1,
            "Inner Unique": false,
            "Plans": [
              {
                "Node Type": "Seq Scan",
                "Parent Relationship": "Outer",
                "Parallel Aware": false,
                "Async Capable": false,
                "Relation Name": "info_type",
                "Alias": "it",
                "Startup Cost": 0.0,
                "Total Cost": 2.41,
                "Plan Rows": 1,
                "Plan Width": 4,
                "Actual Startup Time": 0.018,
                "Actual Total Time": 0.027,
                "Actual Rows": 1,
                "Actual Loops": 1,
                "Filter": "((info)::text = 'rating'::text)",
                "Rows Removed by Filter": 112
              },
              {
                "Node Type": "Bitmap Heap Scan",
                "Parent Relationship": "Inner",
                "Parallel Aware": false,
                "Async Capable": false,
                "Relation Name": "movie_info_idx",
                "Alias": "miidx",
                "Startup Cost": 3846.25,
                "Total Cost": 16093.86,
                "Plan Rows": 345009,
                "Plan Width": 14,
                "Actual Startup Time": 25.141,
                "Actual Total Time": 117.797,
                "Actual Rows": 459925,
                "Actual Loops": 1,
                "Recheck Cond": "(info_type_id = it.id)",
                "Rows Removed by Index Recheck": 0,
                "Exact Heap Blocks": 7934,
                "Lossy Heap Blocks": 0,
                "Plans": [
                  {
                    "Node Type": "Bitmap Index Scan",
                    "Parent Relationship": "Outer",
                    "Parallel Aware": false,
                    "Async Capable": false,
                    "Index Name": "info_type_id_movie_info_idx",
                    "Startup Cost": 0.0,
                    "Total Cost": 3759.99,
                    "Plan Rows": 345009,
                    "Plan Width": 0,
                    "Actual Startup Time": 23.133,
                    "Actual Total Time": 23.134,
                    "Actual Rows": 459925,
                    "Actual Loops": 1,
                    "Index Cond": "(info_type_id = it.id)"
                  }
                ]
              }
            ]
          },
          {
            "Node Type": "Index Scan",
            "Parent Relationship": "Inner",
            "Parallel Aware": false,
            "Async Capable": false,
            "Scan Direction": "Forward",
            "Index Name": "title_pkey",
            "Relation Name": "title",
            "Alias": "t",
            "Startup Cost": 0.43,
            "Total Cost": 0.58,
            "Plan Rows": 1,
            "Plan Width": 25,
            "Actual Startup Time": 0.003,
            "Actual Total Time": 0.003,
            "Actual Rows": 1,
            "Actual Loops": 459925,
            "Index Cond": "(id = miidx.movie_id)",
            "Rows Removed by Index Recheck": 0
          }
        ]
      },
      {
        "Node Type": "Hash",
        "Parent Relationship": "Inner",
        "Parallel Aware": false,
        "Async Capable": false,
        "Startup Cost": 22.75,
        "Total Cost": 22.75,
        "Plan Rows": 5,
        "Plan Width": 4,
        "Actual Startup Time": 0.013,
        "Actual Total Time": 0.014,
        "Actual Rows": 1,
        "Actual Loops": 1,
        "Hash Buckets": 1024,
        "Original Hash Buckets": 1024,
        "Hash Batches": 1,
        "Original Hash Batches": 1,
        "Peak Memory Usage": 9,
        "Plans": [
          {
            "Node Type": "Seq Scan",
            "Parent Relationship": "Outer",
            "Parallel Aware": false,
            "Async Capable": false,
            "Relation Name": "kind_type",
            "Alias": "kt",
            "Startup Cost": 0.0,
            "Total Cost": 22.75,
            "Plan Rows": 5,
            "Plan Width": 4,
            "Actual Startup Time": 0.006,
            "Actual Total Time": 0.007,
            "Actual Rows": 1,
            "Actual Loops": 1,
            "Filter": "((kind)::text = 'movie'::text)",
            "Rows Removed by Filter": 6
          }
        ]
      }
    ]
  }
}