{
  "Plan": {
    "Node Type": "Nested Loop",
    "Parent Relationship": "Outer",
    "Parallel Aware": false,
    "Async Capable": false,
    "Join Type": "Inner",
    "Startup Cost": 6.78,
    "Total Cost": 7361.15,
    "Plan Rows": 135,
    "Plan Width": 4,
    "Actual Startup Time": 6.907,
    "Actual Total Time": 147.606,
    "Actual Rows": 37091,
    "Actual Loops": 1,
    "Inner Unique": false,
    "Plans": [
      {
        "Node Type": "Seq Scan",
        "Parent Relationship": "Outer",
        "Parallel Aware": false,
        "Async Capable": false,
        "Relation Name": "keyword",
        "Alias": "k",
        "Startup Cost": 0.0,
        "Total Cost": 2961.55,
        "Plan Rows": 4,
        "Plan Width": 4,
        "Actual Startup Time": 1.859,
        "Actual Total Time": 19.85,
        "Actual Rows": 3,
        "Actual Loops": 1,
        "Filter": "((keyword)::text = ANY ('{murder,murder-in-title,blood,violence}'::text[]))",
        "Rows Removed by Filter": 134167
      },
      {
        "Node Type": "Bitmap Heap Scan",
        "Parent Relationship": "Inner",
        "Parallel Aware": false,
        "Async Capable": false,
        "Relation Name": "movie_keyword",
        "Alias": "mk",
        "Startup Cost": 6.78,
        "Total Cost": 1096.87,
        "Plan Rows": 303,
        "Plan Width": 8,
        "Actual Startup Time": 3.606,
        "Actual Total Time": 41.175,
        "Actual Rows": 12364,
        "Actual Loops": 3,
        "Recheck Cond": "(keyword_id = k.id)",
        "Rows Removed by Index Recheck": 0,
        "Exact Heap Blocks": 26312,
        "Lossy Heap Blocks": 0,
        "Plans": [
          {
            "Node Type": "Bitmap Index Scan",
            "Parent Relationship": "Outer",
            "Parallel Aware": false,
            "Async Capable": false,
            "Index Name": "keyword_id_movie_keyword",
            "Startup Cost": 0.0,
            "Total Cost": 6.71,
            "Plan Rows": 303,
            "Plan Width": 0,
            "Actual Startup Time": 2.017,
            "Actual Total Time": 2.017,
            "Actual Rows": 12364,
            "Actual Loops": 3,
            "Index Cond": "(keyword_id = k.id)"
          }
        ]
      }
    ]
  }
}