{
  "Plan": {
    "Node Type": "Nested Loop",
    "Parent Relationship": "Inner",
    "Parallel Aware": false,
    "Async Capable": false,
    "Join Type": "Inner",
    "Startup Cost": 7.21,
    "Total Cost": 16462.19,
    "Plan Rows": 500,
    "Plan Width": 18,
    "Actual Startup Time": 5.855,
    "Actual Total Time": 120.11,
    "Actual Rows": 8429,
    "Actual Loops": 1,
    "Inner Unique": false,
    "Plans": [
      {
        "Node Type": "Nested Loop",
        "Parent Relationship": "Outer",
        "Parallel Aware": false,
        "Async Capable": false,
        "Join Type": "Inner",
        "Startup Cost": 6.78,
        "Total Cost": 16240.14,
        "Plan Rows": 438,
        "Plan Width": 4,
        "Actual Startup Time": 5.819,
        "Actual Total Time": 61.87,
        "Actual Rows": 12951,
        "Actual Loops": 1,
        "Inner Unique": false,
        "Plans": [
          {
            "Node Type": "Seq Scan",
            "Parent Relationship": "Outer",
            "Parallel Aware": false,
            "Async Capable": false,
            "Relation Name": "keyword",
            "Alias": "k",
            "Startup Cost": 0.0,
            "Total Cost": 2626.12,
            "Plan Rows": 13,
            "Plan Width": 4,
            "Actual Startup Time": 2.123,
            "Actual Total Time": 21.054,
            "Actual Rows": 30,
            "Actual Loops": 1,
            "Filter": "((keyword)::text ~~ '%sequel%'::text)",
            "Rows Removed by Filter": 134140
          },
          {
            "Node Type": "Bitmap Heap Scan",
            "Parent Relationship": "Inner",
            "Parallel Aware": false,
            "Async Capable": false,
            "Relation Name": "movie_keyword",
            "Alias": "mk",
            "Startup Cost": 6.78,
            "Total Cost": 1044.2,
            "Plan Rows": 303,
            "Plan Width": 8,
            "Actual Startup Time": 0.143,
            "Actual Total Time": 1.298,
            "Actual Rows": 432,
            "Actual Loops": 30,
            "Recheck Cond": "(keyword_id = k.id)",
            "Rows Removed by Index Recheck": 0,
            "Exact Heap Blocks": 6979,
            "Lossy Heap Blocks": 0,
            "Plans": [
              {
                "Node Type": "Bitmap Index Scan",
                "Parent Relationship": "Outer",
                "Parallel Aware": false,
                "Async Capable": false,
                "Index Name": "keyword_id_movie_keyword",
                "Startup Cost": 0.0,
                "Total Cost": 6.71,
                "Plan Rows": 303,
                "Plan Width": 0,
                "Actual Startup Time": 0.082,
                "Actual Total Time": 0.082,
                "Actual Rows": 432,
                "Actual Loops": 30,
                "Index Cond": "(keyword_id = k.id)"
              }
            ]
          }
        ]
      },
      {
        "Node Type": "Index Scan",
        "Parent Relationship": "Inner",
        "Parallel Aware": false,
        "Async Capable": false,
        "Scan Direction": "Forward",
        "Index Name": "movie_id_movie_info_idx",
        "Relation Name": "movie_info_idx",
        "Alias": "mi_idx",
        "Startup Cost": 0.43,
        "Total Cost": 0.5,
        "Plan Rows": 1,
        "Plan Width": 14,
        "Actual Startup Time": 0.004,
        "Actual Total Time": 0.004,
        "Actual Rows": 1,
        "Actual Loops": 12951,
        "Index Cond": "(movie_id = mk.movie_id)",
        "Rows Removed by Index Recheck": 0,
        "Filter": "((info)::text > '5.0'::text)",
        "Rows Removed by Filter": 1
      }
    ]
  }
}