{
  "Plan": {
    "Node Type": "Nested Loop",
    "Parent Relationship": "Outer",
    "Parallel Aware": false,
    "Async Capable": false,
    "Join Type": "Inner",
    "Startup Cost": 7.21,
    "Total Cost": 4887.27,
    "Plan Rows": 1,
    "Plan Width": 29,
    "Actual Startup Time": 7.116,
    "Actual Total Time": 164.143,
    "Actual Rows": 15,
    "Actual Loops": 1,
    "Inner Unique": true,
    "Plans": [
      {
        "Node Type": "Nested Loop",
        "Parent Relationship": "Outer",
        "Parallel Aware": false,
        "Async Capable": false,
        "Join Type": "Inner",
        "Startup Cost": 6.78,
        "Total Cost": 4853.95,
        "Plan Rows": 67,
        "Plan Width": 4,
        "Actual Startup Time": 5.331,
        "Actual Total Time": 73.853,
        "Actual Rows": 19528,
        "Actual Loops": 1,
        "Inner Unique": false,
        "Plans": [
          {
            "Node Type": "Seq Scan",
            "Parent Relationship": "Outer",
            "Parallel Aware": false,
            "Async Capable": false,
            "Relation Name": "keyword",
            "Alias": "k",
            "Startup Cost": 0.0,
            "Total Cost": 2626.12,
            "Plan Rows": 2,
            "Plan Width": 4,
            "Actual Startup Time": 1.026,
            "Actual Total Time": 15.35,
            "Actual Rows": 1,
            "Actual Loops": 1,
            "Filter": "((keyword)::text = ANY ('{murder,murder-in-title}'::text[]))",
            "Rows Removed by Filter": 134169
          },
          {
            "Node Type": "Bitmap Heap Scan",
            "Parent Relationship": "Inner",
            "Parallel Aware": false,
            "Async Capable": false,
            "Relation Name": "movie_keyword",
            "Alias": "mk",
            "Startup Cost": 6.78,
            "Total Cost": 1110.88,
            "Plan Rows": 303,
            "Plan Width": 8,
            "Actual Startup Time": 4.301,
            "Actual Total Time": 56.597,
            "Actual Rows": 19528,
            "Actual Loops": 1,
            "Recheck Cond": "(keyword_id = k.id)",
            "Rows Removed by Index Recheck": 0,
            "Exact Heap Blocks": 12389,
            "Lossy Heap Blocks": 0,
            "Plans": [
              {
                "Node Type": "Bitmap Index Scan",
                "Parent Relationship": "Outer",
                "Parallel Aware": false,
                "Async Capable": false,
                "Index Name": "keyword_id_movie_keyword",
                "Startup Cost": 0.0,
                "Total Cost": 6.71,
                "Plan Rows": 303,
                "Plan Width": 0,
                "Actual Startup Time": 2.43,
                "Actual Total Time": 2.431,
                "Actual Rows": 19528,
                "Actual Loops": 1,
                "Index Cond": "(keyword_id = k.id)"
              }
            ]
          }
        ]
      },
      {
        "Node Type": "Index Scan",
        "Parent Relationship": "Inner",
        "Parallel Aware": false,
        "Async Capable": false,
        "Scan Direction": "Forward",
        "Index Name": "title_pkey",
        "Relation Name": "title",
        "Alias": "t",
        "Startup Cost": 0.43,
        "Total Cost": 0.5,
        "Plan Rows": 1,
        "Plan Width": 25,
        "Actual Startup Time": 0.004,
        "Actual Total Time": 0.004,
        "Actual Rows": 0,
        "Actual Loops": 19528,
        "Index Cond": "(id = mk.movie_id)",
        "Rows Removed by Index Recheck": 0,
        "Filter": "((production_year > 2010) AND (((title)::text ~~ '%murder%'::text) OR ((title)::text ~~ '%Murder%'::text) OR ((title)::text ~~ '%Mord%'::text)))",
        "Rows Removed by Filter": 1
      }
    ]
  }
}