{
  "Plan": {
    "Node Type": "Nested Loop",
    "Parent Relationship": "Outer",
    "Parallel Aware": false,
    "Async Capable": false,
    "Join Type": "Inner",
    "Startup Cost": 3846.68,
    "Total Cost": 27141.15,
    "Plan Rows": 232,
    "Plan Width": 36,
    "Actual Startup Time": 0.509,
    "Actual Total Time": 13.22,
    "Actual Rows": 23,
    "Actual Loops": 1,
    "Inner Unique": false,
    "Plans": [
      {
        "Node Type": "Nested Loop",
        "Parent Relationship": "Outer",
        "Parallel Aware": false,
        "Async Capable": false,
        "Join Type": "Inner",
        "Startup Cost": 3846.25,
        "Total Cost": 19546.36,
        "Plan Rows": 12213,
        "Plan Width": 4,
        "Actual Startup Time": 0.119,
        "Actual Total Time": 0.224,
        "Actual Rows": 250,
        "Actual Loops": 1,
        "Inner Unique": false,
        "Plans": [
          {
            "Node Type": "Seq Scan",
            "Parent Relationship": "Outer",
            "Parallel Aware": false,
            "Async Capable": false,
            "Relation Name": "info_type",
            "Alias": "it",
            "Startup Cost": 0.0,
            "Total Cost": 2.41,
            "Plan Rows": 1,
            "Plan Width": 4,
            "Actual Startup Time": 0.019,
            "Actual Total Time": 0.021,
            "Actual Rows": 1,
            "Actual Loops": 1,
            "Filter": "((info)::text = 'top 250 rank'::text)",
            "Rows Removed by Filter": 112
          },
          {
            "Node Type": "Bitmap Heap Scan",
            "Parent Relationship": "Inner",
            "Parallel Aware": false,
            "Async Capable": false,
            "Relation Name": "movie_info_idx",
            "Alias": "mi_idx",
            "Startup Cost": 3846.25,
            "Total Cost": 16093.86,
            "Plan Rows": 345009,
            "Plan Width": 8,
            "Actual Startup Time": 0.093,
            "Actual Total Time": 0.142,
            "Actual Rows": 250,
            "Actual Loops": 1,
            "Recheck Cond": "(info_type_id = it.id)",
            "Rows Removed by Index Recheck": 0,
            "Exact Heap Blocks": 2,
            "Lossy Heap Blocks": 0,
            "Plans": [
              {
                "Node Type": "Bitmap Index Scan",
                "Parent Relationship": "Outer",
                "Parallel Aware": false,
                "Async Capable": false,
                "Index Name": "info_type_id_movie_info_idx",
                "Startup Cost": 0.0,
                "Total Cost": 3759.99,
                "Plan Rows": 345009,
                "Plan Width": 0,
                "Actual Startup Time": 0.039,
                "Actual Total Time": 0.04,
                "Actual Rows": 250,
                "Actual Loops": 1,
                "Index Cond": "(info_type_id = it.id)"
              }
            ]
          }
        ]
      },
      {
        "Node Type": "Index Scan",
        "Parent Relationship": "Inner",
        "Parallel Aware": false,
        "Async Capable": false,
        "Scan Direction": "Forward",
        "Index Name": "movie_id_movie_companies",
        "Relation Name": "movie_companies",
        "Alias": "mc",
        "Startup Cost": 0.43,
        "Total Cost": 0.61,
        "Plan Rows": 1,
        "Plan Width": 32,
        "Actual Startup Time": 0.051,
        "Actual Total Time": 0.051,
        "Actual Rows": 0,
        "Actual Loops": 250,
        "Index Cond": "(movie_id = mi_idx.movie_id)",
        "Rows Removed by Index Recheck": 0,
        "Filter": "(((note)::text !~~ '%(as Metro-Goldwyn-Mayer Pictures)%'::text) AND ((note)::text ~~ '%(co-production)%'::text))",
        "Rows Removed by Filter": 33
      }
    ]
  }
}