{
  "Plan": {
    "Node Type": "Nested Loop",
    "Parent Relationship": "Outer",
    "Parallel Aware": false,
    "Async Capable": false,
    "Join Type": "Inner",
    "Startup Cost": 0.43,
    "Total Cost": 6877.5,
    "Plan Rows": 1,
    "Plan Width": 8,
    "Actual Startup Time": 7.795,
    "Actual Total Time": 51.16,
    "Actual Rows": 278,
    "Actual Loops": 1,
    "Inner Unique": false,
    "Plans": [
      {
        "Node Type": "Seq Scan",
        "Parent Relationship": "Outer",
        "Parallel Aware": false,
        "Async Capable": false,
        "Relation Name": "company_name",
        "Alias": "cn",
        "Startup Cost": 0.0,
        "Total Cost": 6519.95,
        "Plan Rows": 1,
        "Plan Width": 4,
        "Actual Startup Time": 7.703,
        "Actual Total Time": 44.445,
        "Actual Rows": 1,
        "Actual Loops": 1,
        "Filter": "(((country_code)::text = '[us]'::text) AND ((name)::text = 'YouTube'::text))",
        "Rows Removed by Filter": 234996
      },
      {
        "Node Type": "Index Scan",
        "Parent Relationship": "Inner",
        "Parallel Aware": false,
        "Async Capable": false,
        "Scan Direction": "Forward",
        "Index Name": "company_id_movie_companies",
        "Relation Name": "movie_companies",
        "Alias": "mc",
        "Startup Cost": 0.43,
        "Total Cost": 357.53,
        "Plan Rows": 1,
        "Plan Width": 12,
        "Actual Startup Time": 0.086,
        "Actual Total Time": 6.655,
        "Actual Rows": 278,
        "Actual Loops": 1,
        "Index Cond": "(company_id = cn.id)",
        "Rows Removed by Index Recheck": 0,
        "Filter": "(((note)::text ~~ '%(200%)%'::text) AND ((note)::text ~~ '%(worldwide)%'::text))",
        "Rows Removed by Filter": 1180
      }
    ]
  }
}