{
  "Plan": {
    "Node Type": "Nested Loop",
    "Parent Relationship": "Outer",
    "Parallel Aware": false,
    "Async Capable": false,
    "Join Type": "Inner",
    "Startup Cost": 7311.01,
    "Total Cost": 79190.74,
    "Plan Rows": 2,
    "Plan Width": 82,
    "Actual Startup Time": 57.663,
    "Actual Total Time": 755.471,
    "Actual Rows": 57,
    "Actual Loops": 1,
    "Inner Unique": false,
    "Plans": [
      {
        "Node Type": "Nested Loop",
        "Parent Relationship": "Outer",
        "Parallel Aware": false,
        "Async Capable": false,
        "Join Type": "Inner",
        "Startup Cost": 7310.58,
        "Total Cost": 74388.62,
        "Plan Rows": 2486,
        "Plan Width": 33,
        "Actual Startup Time": 51.743,
        "Actual Total Time": 576.574,
        "Actual Rows": 5134,
        "Actual Loops": 1,
        "Inner Unique": true,
        "Plans": [
          {
            "Node Type": "Nested Loop",
            "Parent Relationship": "Outer",
            "Parallel Aware": false,
            "Async Capable": false,
            "Join Type": "Inner",
            "Startup Cost": 7310.15,
            "Total Cost": 70108.51,
            "Plan Rows": 4515,
            "Plan Width": 12,
            "Actual Startup Time": 51.715,
            "Actual Total Time": 523.892,
            "Actual Rows": 13699,
            "Actual Loops": 1,
            "Inner Unique": false,
            "Plans": [
              {
                "Node Type": "Hash Join",
                "Parent Relationship": "Outer",
                "Parallel Aware": false,
                "Async Capable": false,
                "Join Type": "Inner",
                "Startup Cost": 7309.72,
                "Total Cost": 65784.94,
                "Plan Rows": 6298,
                "Plan Width": 8,
                "Actual Startup Time": 51.028,
                "Actual Total Time": 456.395,
                "Actual Rows": 43837,
                "Actual Loops": 1,
                "Inner Unique": true,
                "Hash Cond": "(mc.company_id = cn.id)",
                "Plans": [
                  {
                    "Node Type": "Seq Scan",
                    "Parent Relationship": "Outer",
                    "Parallel Aware": false,
                    "Async Capable": false,
                    "Relation Name": "movie_companies",
                    "Alias": "mc",
                    "Startup Cost": 0.0,
                    "Total Cost": 57926.93,
                    "Plan Rows": 17631,
                    "Plan Width": 12,
                    "Actual Startup Time": 0.021,
                    "Actual Total Time": 380.914,
                    "Actual Rows": 61664,
                    "Actual Loops": 1,
                    "Filter": "(((note)::text ~~ '%(200%)%'::text) AND ((note)::text ~~ '%(worldwide)%'::text))",
                    "Rows Removed by Filter": 2547465
                  },
                  {
                    "Node Type": "Hash",
                    "Parent Relationship": "Inner",
                    "Parallel Aware": false,
                    "Async Capable": false,
                    "Startup Cost": 5932.46,
                    "Total Cost": 5932.46,
                    "Plan Rows": 83941,
                    "Plan Width": 4,
                    "Actual Startup Time": 50.191,
                    "Actual Total Time": 50.193,
                    "Actual Rows": 84843,
                    "Actual Loops": 1,
                    "Hash Buckets": 131072,
                    "Original Hash Buckets": 131072,
                    "Hash Batches": 2,
                    "Original Hash Batches": 2,
                    "Peak Memory Usage": 2525,
                    "Plans": [
                      {
                        "Node Type": "Seq Scan",
                        "Parent Relationship": "Outer",
                        "Parallel Aware": false,
                        "Async Capable": false,
                        "Relation Name": "company_name",
                        "Alias": "cn",
                        "Startup Cost": 0.0,
                        "Total Cost": 5932.46,
                        "Plan Rows": 83941,
                        "Plan Width": 4,
                        "Actual Startup Time": 0.015,
                        "Actual Total Time": 36.19,
                        "Actual Rows": 84843,
                        "Actual Loops": 1,
                        "Filter": "((country_code)::text = '[us]'::text)",
                        "Rows Removed by Filter": 150154
                      }
                    ]
                  }
                ]
              },
              {
                "Node Type": "Index Only Scan",
                "Parent Relationship": "Inner",
                "Parallel Aware": false,
                "Async Capable": false,
                "Scan Direction": "Forward",
                "Index Name": "movie_id_aka_title",
                "Relation Name": "aka_title",
                "Alias": "at",
                "Startup Cost": 0.42,
                "Total Cost": 0.66,
                "Plan Rows": 3,
                "Plan Width": 4,
                "Actual Startup Time": 0.001,
                "Actual Total Time": 0.001,
                "Actual Rows": 0,
                "Actual Loops": 43837,
                "Index Cond": "(movie_id = mc.movie_id)",
                "Rows Removed by Index Recheck": 0,
                "Heap Fetches": 0
              }
            ]
          },
          {
            "Node Type": "Index Scan",
            "Parent Relationship": "Inner",
            "Parallel Aware": false,
            "Async Capable": false,
            "Scan Direction": "Forward",
            "Index Name": "title_pkey",
            "Relation Name": "title",
            "Alias": "t",
            "Startup Cost": 0.43,
            "Total Cost": 0.95,
            "Plan Rows": 1,
            "Plan Width": 21,
            "Actual Startup Time": 0.004,
            "Actual Total Time": 0.004,
            "Actual Rows": 0,
            "Actual Loops": 13699,
            "Index Cond": "(id = at.movie_id)",
            "Rows Removed by Index Recheck": 0,
            "Filter": "(production_year > 2000)",
            "Rows Removed by Filter": 1
          }
        ]
      },
      {
        "Node Type": "Index Scan",
        "Parent Relationship": "Inner",
        "Parallel Aware": false,
        "Async Capable": false,
        "Scan Direction": "Forward",
        "Index Name": "movie_id_movie_info",
        "Relation Name": "movie_info",
        "Alias": "mi",
        "Startup Cost": 0.43,
        "Total Cost": 1.92,
        "Plan Rows": 1,
        "Plan Width": 49,
        "Actual Startup Time": 0.034,
        "Actual Total Time": 0.035,
        "Actual Rows": 0,
        "Actual Loops": 5134,
        "Index Cond": "(movie_id = t.id)",
        "Rows Removed by Index Recheck": 0,
        "Filter": "(((note)::text ~~ '%internet%'::text) AND ((info)::text ~~ 'USA:% 200%'::text))",
        "Rows Removed by Filter": 72
      }
    ]
  }
}