{
  "Plan": {
    "Node Type": "Nested Loop",
    "Parent Relationship": "Outer",
    "Parallel Aware": false,
    "Async Capable": false,
    "Join Type": "Inner",
    "Startup Cost": 0.85,
    "Total Cost": 6904.16,
    "Plan Rows": 1,
    "Plan Width": 8,
    "Actual Startup Time": 8.622,
    "Actual Total Time": 52.749,
    "Actual Rows": 27,
    "Actual Loops": 1,
    "Inner Unique": true,
    "Join Filter": "(mc.company_type_id = ct.id)",
    "Rows Removed by Join Filter": 0,
    "Plans": [
      {
        "Node Type": "Nested Loop",
        "Parent Relationship": "Outer",
        "Parallel Aware": false,
        "Async Capable": false,
        "Join Type": "Inner",
        "Startup Cost": 0.85,
        "Total Cost": 6878.18,
        "Plan Rows": 1,
        "Plan Width": 12,
        "Actual Startup Time": 8.613,
        "Actual Total Time": 52.676,
        "Actual Rows": 27,
        "Actual Loops": 1,
        "Inner Unique": false,
        "Plans": [
          {
            "Node Type": "Nested Loop",
            "Parent Relationship": "Outer",
            "Parallel Aware": false,
            "Async Capable": false,
            "Join Type": "Inner",
            "Startup Cost": 0.43,
            "Total Cost": 6877.5,
            "Plan Rows": 1,
            "Plan Width": 8,
            "Actual Startup Time": 7.795,
            "Actual Total Time": 51.16,
            "Actual Rows": 278,
            "Actual Loops": 1,
            "Inner Unique": false,
            "Plans": [
              {
                "Node Type": "Seq Scan",
                "Parent Relationship": "Outer",
                "Parallel Aware": false,
                "Async Capable": false,
                "Relation Name": "company_name",
                "Alias": "cn",
                "Startup Cost": 0.0,
                "Total Cost": 6519.95,
                "Plan Rows": 1,
                "Plan Width": 4,
                "Actual Startup Time": 7.703,
                "Actual Total Time": 44.445,
                "Actual Rows": 1,
                "Actual Loops": 1,
                "Filter": "(((country_code)::text = '[us]'::text) AND ((name)::text = 'YouTube'::text))",
                "Rows Removed by Filter": 234996
              },
              {
                "Node Type": "Index Scan",
                "Parent Relationship": "Inner",
                "Parallel Aware": false,
                "Async Capable": false,
                "Scan Direction": "Forward",
                "Index Name": "company_id_movie_companies",
                "Relation Name": "movie_companies",
                "Alias": "mc",
                "Startup Cost": 0.43,
                "Total Cost": 357.53,
                "Plan Rows": 1,
                "Plan Width": 12,
                "Actual Startup Time": 0.086,
                "Actual Total Time": 6.655,
                "Actual Rows": 278,
                "Actual Loops": 1,
                "Index Cond": "(company_id = cn.id)",
                "Rows Removed by Index Recheck": 0,
                "Filter": "(((note)::text ~~ '%(200%)%'::text) AND ((note)::text ~~ '%(worldwide)%'::text))",
                "Rows Removed by Filter": 1180
              }
            ]
          },
          {
            "Node Type": "Index Only Scan",
            "Parent Relationship": "Inner",
            "Parallel Aware": false,
            "Async Capable": false,
            "Scan Direction": "Forward",
            "Index Name": "movie_id_aka_title",
            "Relation Name": "aka_title",
            "Alias": "at",
            "Startup Cost": 0.42,
            "Total Cost": 0.66,
            "Plan Rows": 3,
            "Plan Width": 4,
            "Actual Startup Time": 0.005,
            "Actual Total Time": 0.005,
            "Actual Rows": 0,
            "Actual Loops": 278,
            "Index Cond": "(movie_id = mc.movie_id)",
            "Rows Removed by Index Recheck": 0,
            "Heap Fetches": 0
          }
        ]
      },
      {
        "Node Type": "Seq Scan",
        "Parent Relationship": "Inner",
        "Parallel Aware": false,
        "Async Capable": false,
        "Relation Name": "company_type",
        "Alias": "ct",
        "Startup Cost": 0.0,
        "Total Cost": 17.1,
        "Plan Rows": 710,
        "Plan Width": 4,
        "Actual Startup Time": 0.001,
        "Actual Total Time": 0.001,
        "Actual Rows": 1,
        "Actual Loops": 27
      }
    ]
  }
}