{
  "Plan": {
    "Node Type": "Nested Loop",
    "Parent Relationship": "Outer",
    "Parallel Aware": false,
    "Async Capable": false,
    "Join Type": "Inner",
    "Startup Cost": 2309.98,
    "Total Cost": 394885.15,
    "Plan Rows": 2,
    "Plan Width": 45,
    "Actual Startup Time": 80.225,
    "Actual Total Time": 508.996,
    "Actual Rows": 1783,
    "Actual Loops": 1,
    "Inner Unique": false,
    "Plans": [
      {
        "Node Type": "Seq Scan",
        "Parent Relationship": "Outer",
        "Parallel Aware": false,
        "Async Capable": false,
        "Relation Name": "info_type",
        "Alias": "it1",
        "Startup Cost": 0.0,
        "Total Cost": 2.41,
        "Plan Rows": 1,
        "Plan Width": 4,
        "Actual Startup Time": 0.01,
        "Actual Total Time": 0.019,
        "Actual Rows": 1,
        "Actual Loops": 1,
        "Filter": "((info)::text = 'release dates'::text)",
        "Rows Removed by Filter": 112
      },
      {
        "Node Type": "Bitmap Heap Scan",
        "Parent Relationship": "Inner",
        "Parallel Aware": false,
        "Async Capable": false,
        "Relation Name": "movie_info",
        "Alias": "mi",
        "Startup Cost": 2309.98,
        "Total Cost": 394882.7,
        "Plan Rows": 4,
        "Plan Width": 49,
        "Actual Startup Time": 80.211,
        "Actual Total Time": 508.674,
        "Actual Rows": 1783,
        "Actual Loops": 1,
        "Recheck Cond": "(info_type_id = it1.id)",
        "Rows Removed by Index Recheck": 0,
        "Filter": "((info IS NOT NULL) AND ((note)::text ~~ '%internet%'::text) AND (((info)::text ~~ 'USA:% 199%'::text) OR ((info)::text ~~ 'USA:% 200%'::text)))",
        "Rows Removed by Filter": 3034936,
        "Exact Heap Blocks": 25448,
        "Lossy Heap Blocks": 0,
        "Plans": [
          {
            "Node Type": "Bitmap Index Scan",
            "Parent Relationship": "Outer",
            "Parallel Aware": false,
            "Async Capable": false,
            "Index Name": "info_type_id_movie_info",
            "Startup Cost": 0.0,
            "Total Cost": 2309.98,
            "Plan Rows": 211939,
            "Plan Width": 0,
            "Actual Startup Time": 75.822,
            "Actual Total Time": 75.822,
            "Actual Rows": 3036719,
            "Actual Loops": 1,
            "Index Cond": "(info_type_id = it1.id)"
          }
        ]
      }
    ]
  }
}