{
  "Plan": {
    "Node Type": "Nested Loop",
    "Parent Relationship": "Outer",
    "Parallel Aware": false,
    "Async Capable": false,
    "Join Type": "Inner",
    "Startup Cost": 7.65,
    "Total Cost": 4469.21,
    "Plan Rows": 1,
    "Plan Width": 23,
    "Actual Startup Time": 17.674,
    "Actual Total Time": 10675.006,
    "Actual Rows": 6642,
    "Actual Loops": 1,
    "Inner Unique": true,
    "Plans": [
      {
        "Node Type": "Nested Loop",
        "Parent Relationship": "Outer",
        "Parallel Aware": false,
        "Async Capable": false,
        "Join Type": "Inner",
        "Startup Cost": 7.22,
        "Total Cost": 3810.9,
        "Plan Rows": 1438,
        "Plan Width": 12,
        "Actual Startup Time": 9.593,
        "Actual Total Time": 3510.811,
        "Actual Rows": 1038393,
        "Actual Loops": 1,
        "Inner Unique": false,
        "Plans": [
          {
            "Node Type": "Nested Loop",
            "Parent Relationship": "Outer",
            "Parallel Aware": false,
            "Async Capable": false,
            "Join Type": "Inner",
            "Startup Cost": 6.78,
            "Total Cost": 3747.04,
            "Plan Rows": 34,
            "Plan Width": 4,
            "Actual Startup Time": 9.557,
            "Actual Total Time": 89.627,
            "Actual Rows": 41840,
            "Actual Loops": 1,
            "Inner Unique": false,
            "Plans": [
              {
                "Node Type": "Seq Scan",
                "Parent Relationship": "Outer",
                "Parallel Aware": false,
                "Async Capable": false,
                "Relation Name": "keyword",
                "Alias": "k",
                "Startup Cost": 0.0,
                "Total Cost": 2626.12,
                "Plan Rows": 1,
                "Plan Width": 4,
                "Actual Startup Time": 1.081,
                "Actual Total Time": 11.968,
                "Actual Rows": 1,
                "Actual Loops": 1,
                "Filter": "((keyword)::text = 'character-name-in-title'::text)",
                "Rows Removed by Filter": 134169
              },
              {
                "Node Type": "Bitmap Heap Scan",
                "Parent Relationship": "Inner",
                "Parallel Aware": false,
                "Async Capable": false,
                "Relation Name": "movie_keyword",
                "Alias": "mk",
                "Startup Cost": 6.78,
                "Total Cost": 1117.89,
                "Plan Rows": 303,
                "Plan Width": 8,
                "Actual Startup Time": 8.469,
                "Actual Total Time": 71.168,
                "Actual Rows": 41840,
                "Actual Loops": 1,
                "Recheck Cond": "(keyword_id = k.id)",
                "Rows Removed by Index Recheck": 0,
                "Exact Heap Blocks": 11541,
                "Lossy Heap Blocks": 0,
                "Plans": [
                  {
                    "Node Type": "Bitmap Index Scan",
                    "Parent Relationship": "Outer",
                    "Parallel Aware": false,
                    "Async Capable": false,
                    "Index Name": "keyword_id_movie_keyword",
                    "Startup Cost": 0.0,
                    "Total Cost": 6.71,
                    "Plan Rows": 303,
                    "Plan Width": 0,
                    "Actual Startup Time": 5.217,
                    "Actual Total Time": 5.219,
                    "Actual Rows": 41840,
                    "Actual Loops": 1,
                    "Index Cond": "(keyword_id = k.id)"
                  }
                ]
              }
            ]
          },
          {
            "Node Type": "Index Scan",
            "Parent Relationship": "Inner",
            "Parallel Aware": false,
            "Async Capable": false,
            "Scan Direction": "Forward",
            "Index Name": "movie_id_cast_info",
            "Relation Name": "cast_info",
            "Alias": "ci",
            "Startup Cost": 0.44,
            "Total Cost": 1.45,
            "Plan Rows": 43,
            "Plan Width": 8,
            "Actual Startup Time": 0.006,
            "Actual Total Time": 0.078,
            "Actual Rows": 25,
            "Actual Loops": 41840,
            "Index Cond": "(movie_id = mk.movie_id)",
            "Rows Removed by Index Recheck": 0
          }
        ]
      },
      {
        "Node Type": "Index Scan",
        "Parent Relationship": "Inner",
        "Parallel Aware": false,
        "Async Capable": false,
        "Scan Direction": "Forward",
        "Index Name": "name_pkey",
        "Relation Name": "name",
        "Alias": "n",
        "Startup Cost": 0.43,
        "Total Cost": 0.46,
        "Plan Rows": 1,
        "Plan Width": 19,
        "Actual Startup Time": 0.007,
        "Actual Total Time": 0.007,
        "Actual Rows": 0,
        "Actual Loops": 1038393,
        "Index Cond": "(id = ci.person_id)",
        "Rows Removed by Index Recheck": 0,
        "Filter": "((name)::text ~~ 'Z%'::text)",
        "Rows Removed by Filter": 1
      }
    ]
  }
}