{
  "Plan": {
    "Node Type": "Nested Loop",
    "Parent Relationship": "Outer",
    "Parallel Aware": false,
    "Async Capable": false,
    "Join Type": "Inner",
    "Startup Cost": 3849.55,
    "Total Cost": 115297.41,
    "Plan Rows": 9635,
    "Plan Width": 63,
    "Actual Startup Time": 14.356,
    "Actual Total Time": 10641.565,
    "Actual Rows": 107339,
    "Actual Loops": 1,
    "Inner Unique": false,
    "Plans": [
      {
        "Node Type": "Hash Join",
        "Parent Relationship": "Outer",
        "Parallel Aware": false,
        "Async Capable": false,
        "Join Type": "Inner",
        "Startup Cost": 3849.11,
        "Total Cost": 80574.86,
        "Plan Rows": 3519,
        "Plan Width": 55,
        "Actual Startup Time": 14.313,
        "Actual Total Time": 4538.823,
        "Actual Rows": 45431,
        "Actual Loops": 1,
        "Inner Unique": true,
        "Hash Cond": "(mi.info_type_id = it1.id)",
        "Plans": [
          {
            "Node Type": "Nested Loop",
            "Parent Relationship": "Outer",
            "Parallel Aware": false,
            "Async Capable": false,
            "Join Type": "Inner",
            "Startup Cost": 3846.68,
            "Total Cost": 79489.58,
            "Plan Rows": 397603,
            "Plan Width": 59,
            "Actual Startup Time": 14.212,
            "Actual Total Time": 4086.42,
            "Actual Rows": 6930334,
            "Actual Loops": 1,
            "Inner Unique": false,
            "Plans": [
              {
                "Node Type": "Nested Loop",
                "Parent Relationship": "Outer",
                "Parallel Aware": false,
                "Async Capable": false,
                "Join Type": "Inner",
                "Startup Cost": 3846.25,
                "Total Cost": 19546.36,
                "Plan Rows": 12213,
                "Plan Width": 10,
                "Actual Startup Time": 14.201,
                "Actual Total Time": 169.367,
                "Actual Rows": 459925,
                "Actual Loops": 1,
                "Inner Unique": false,
                "Plans": [
                  {
                    "Node Type": "Seq Scan",
                    "Parent Relationship": "Outer",
                    "Parallel Aware": false,
                    "Async Capable": false,
                    "Relation Name": "info_type",
                    "Alias": "it2",
                    "Startup Cost": 0.0,
                    "Total Cost": 2.41,
                    "Plan Rows": 1,
                    "Plan Width": 4,
                    "Actual Startup Time": 0.008,
                    "Actual Total Time": 0.019,
                    "Actual Rows": 1,
                    "Actual Loops": 1,
                    "Filter": "((info)::text = 'votes'::text)",
                    "Rows Removed by Filter": 112
                  },
                  {
                    "Node Type": "Bitmap Heap Scan",
                    "Parent Relationship": "Inner",
                    "Parallel Aware": false,
                    "Async Capable": false,
                    "Relation Name": "movie_info_idx",
                    "Alias": "mi_idx",
                    "Startup Cost": 3846.25,
                    "Total Cost": 16093.86,
                    "Plan Rows": 345009,
                    "Plan Width": 14,
                    "Actual Startup Time": 14.189,
                    "Actual Total Time": 107.928,
                    "Actual Rows": 459925,
                    "Actual Loops": 1,
                    "Recheck Cond": "(info_type_id = it2.id)",
                    "Rows Removed by Index Recheck": 0,
                    "Exact Heap Blocks": 7934,
                    "Lossy Heap Blocks": 0,
                    "Plans": [
                      {
                        "Node Type": "Bitmap Index Scan",
                        "Parent Relationship": "Outer",
                        "Parallel Aware": false,
                        "Async Capable": false,
                        "Index Name": "info_type_id_movie_info_idx",
                        "Startup Cost": 0.0,
                        "Total Cost": 3759.99,
                        "Plan Rows": 345009,
                        "Plan Width": 0,
                        "Actual Startup Time": 13.023,
                        "Actual Total Time": 13.023,
                        "Actual Rows": 459925,
                        "Actual Loops": 1,
                        "Index Cond": "(info_type_id = it2.id)"
                      }
                    ]
                  }
                ]
              },
              {
                "Node Type": "Index Scan",
                "Parent Relationship": "Inner",
                "Parallel Aware": false,
                "Async Capable": false,
                "Scan Direction": "Forward",
                "Index Name": "movie_id_movie_info",
                "Relation Name": "movie_info",
                "Alias": "mi",
                "Startup Cost": 0.43,
                "Total Cost": 4.48,
                "Plan Rows": 43,
                "Plan Width": 49,
                "Actual Startup Time": 0.002,
                "Actual Total Time": 0.007,
                "Actual Rows": 15,
                "Actual Loops": 459925,
                "Index Cond": "(movie_id = mi_idx.movie_id)",
                "Rows Removed by Index Recheck": 0
              }
            ]
          },
          {
            "Node Type": "Hash",
            "Parent Relationship": "Inner",
            "Parallel Aware": false,
            "Async Capable": false,
            "Startup Cost": 2.41,
            "Total Cost": 2.41,
            "Plan Rows": 1,
            "Plan Width": 4,
            "Actual Startup Time": 0.019,
            "Actual Total Time": 0.02,
            "Actual Rows": 1,
            "Actual Loops": 1,
            "Hash Buckets": 1024,
            "Original Hash Buckets": 1024,
            "Hash Batches": 1,
            "Original Hash Batches": 1,
            "Peak Memory Usage": 9,
            "Plans": [
              {
                "Node Type": "Seq Scan",
                "Parent Relationship": "Outer",
                "Parallel Aware": false,
                "Async Capable": false,
                "Relation Name": "info_type",
                "Alias": "it1",
                "Startup Cost": 0.0,
                "Total Cost": 2.41,
                "Plan Rows": 1,
                "Plan Width": 4,
                "Actual Startup Time": 0.014,
                "Actual Total Time": 0.015,
                "Actual Rows": 1,
                "Actual Loops": 1,
                "Filter": "((info)::text = 'budget'::text)",
                "Rows Removed by Filter": 112
              }
            ]
          }
        ]
      },
      {
        "Node Type": "Index Scan",
        "Parent Relationship": "Inner",
        "Parallel Aware": false,
        "Async Capable": false,
        "Scan Direction": "Forward",
        "Index Name": "movie_id_cast_info",
        "Relation Name": "cast_info",
        "Alias": "ci",
        "Startup Cost": 0.44,
        "Total Cost": 9.84,
        "Plan Rows": 3,
        "Plan Width": 8,
        "Actual Startup Time": 0.078,
        "Actual Total Time": 0.134,
        "Actual Rows": 2,
        "Actual Loops": 45431,
        "Index Cond": "(movie_id = mi.movie_id)",
        "Rows Removed by Index Recheck": 0,
        "Filter": "((note)::text = ANY ('{(producer),\"(executive producer)\"}'::text[]))",
        "Rows Removed by Filter": 38
      }
    ]
  }
}