{
  "Plan": {
    "Node Type": "Nested Loop",
    "Parent Relationship": "Outer",
    "Parallel Aware": false,
    "Async Capable": false,
    "Join Type": "Inner",
    "Startup Cost": 3846.68,
    "Total Cost": 78298.82,
    "Plan Rows": 5421,
    "Plan Width": 59,
    "Actual Startup Time": 15.032,
    "Actual Total Time": 4245.076,
    "Actual Rows": 104892,
    "Actual Loops": 1,
    "Inner Unique": false,
    "Plans": [
      {
        "Node Type": "Nested Loop",
        "Parent Relationship": "Outer",
        "Parallel Aware": false,
        "Async Capable": false,
        "Join Type": "Inner",
        "Startup Cost": 3846.25,
        "Total Cost": 19546.36,
        "Plan Rows": 12213,
        "Plan Width": 10,
        "Actual Startup Time": 14.647,
        "Actual Total Time": 163.64,
        "Actual Rows": 459925,
        "Actual Loops": 1,
        "Inner Unique": false,
        "Plans": [
          {
            "Node Type": "Seq Scan",
            "Parent Relationship": "Outer",
            "Parallel Aware": false,
            "Async Capable": false,
            "Relation Name": "info_type",
            "Alias": "it2",
            "Startup Cost": 0.0,
            "Total Cost": 2.41,
            "Plan Rows": 1,
            "Plan Width": 4,
            "Actual Startup Time": 0.009,
            "Actual Total Time": 0.021,
            "Actual Rows": 1,
            "Actual Loops": 1,
            "Filter": "((info)::text = 'votes'::text)",
            "Rows Removed by Filter": 112
          },
          {
            "Node Type": "Bitmap Heap Scan",
            "Parent Relationship": "Inner",
            "Parallel Aware": false,
            "Async Capable": false,
            "Relation Name": "movie_info_idx",
            "Alias": "mi_idx",
            "Startup Cost": 3846.25,
            "Total Cost": 16093.86,
            "Plan Rows": 345009,
            "Plan Width": 14,
            "Actual Startup Time": 14.635,
            "Actual Total Time": 104.885,
            "Actual Rows": 459925,
            "Actual Loops": 1,
            "Recheck Cond": "(info_type_id = it2.id)",
            "Rows Removed by Index Recheck": 0,
            "Exact Heap Blocks": 7934,
            "Lossy Heap Blocks": 0,
            "Plans": [
              {
                "Node Type": "Bitmap Index Scan",
                "Parent Relationship": "Outer",
                "Parallel Aware": false,
                "Async Capable": false,
                "Index Name": "info_type_id_movie_info_idx",
                "Startup Cost": 0.0,
                "Total Cost": 3759.99,
                "Plan Rows": 345009,
                "Plan Width": 0,
                "Actual Startup Time": 13.465,
                "Actual Total Time": 13.467,
                "Actual Rows": 459925,
                "Actual Loops": 1,
                "Index Cond": "(info_type_id = it2.id)"
              }
            ]
          }
        ]
      },
      {
        "Node Type": "Index Scan",
        "Parent Relationship": "Inner",
        "Parallel Aware": false,
        "Async Capable": false,
        "Scan Direction": "Forward",
        "Index Name": "movie_id_movie_info",
        "Relation Name": "movie_info",
        "Alias": "mi",
        "Startup Cost": 0.43,
        "Total Cost": 4.8,
        "Plan Rows": 1,
        "Plan Width": 49,
        "Actual Startup Time": 0.008,
        "Actual Total Time": 0.009,
        "Actual Rows": 0,
        "Actual Loops": 459925,
        "Index Cond": "(movie_id = mi_idx.movie_id)",
        "Rows Removed by Index Recheck": 0,
        "Filter": "((info)::text = ANY ('{Horror,Action,Sci-Fi,Thriller,Crime,War}'::text[]))",
        "Rows Removed by Filter": 15
      }
    ]
  }
}