{
  "Plan": {
    "Node Type": "Nested Loop",
    "Parent Relationship": "Outer",
    "Parallel Aware": false,
    "Async Capable": false,
    "Join Type": "Inner",
    "Startup Cost": 3846.25,
    "Total Cost": 19546.36,
    "Plan Rows": 12213,
    "Plan Width": 10,
    "Actual Startup Time": 14.201,
    "Actual Total Time": 169.367,
    "Actual Rows": 459925,
    "Actual Loops": 1,
    "Inner Unique": false,
    "Plans": [
      {
        "Node Type": "Seq Scan",
        "Parent Relationship": "Outer",
        "Parallel Aware": false,
        "Async Capable": false,
        "Relation Name": "info_type",
        "Alias": "it2",
        "Startup Cost": 0.0,
        "Total Cost": 2.41,
        "Plan Rows": 1,
        "Plan Width": 4,
        "Actual Startup Time": 0.008,
        "Actual Total Time": 0.019,
        "Actual Rows": 1,
        "Actual Loops": 1,
        "Filter": "((info)::text = 'votes'::text)",
        "Rows Removed by Filter": 112
      },
      {
        "Node Type": "Bitmap Heap Scan",
        "Parent Relationship": "Inner",
        "Parallel Aware": false,
        "Async Capable": false,
        "Relation Name": "movie_info_idx",
        "Alias": "mi_idx",
        "Startup Cost": 3846.25,
        "Total Cost": 16093.86,
        "Plan Rows": 345009,
        "Plan Width": 14,
        "Actual Startup Time": 14.189,
        "Actual Total Time": 107.928,
        "Actual Rows": 459925,
        "Actual Loops": 1,
        "Recheck Cond": "(info_type_id = it2.id)",
        "Rows Removed by Index Recheck": 0,
        "Exact Heap Blocks": 7934,
        "Lossy Heap Blocks": 0,
        "Plans": [
          {
            "Node Type": "Bitmap Index Scan",
            "Parent Relationship": "Outer",
            "Parallel Aware": false,
            "Async Capable": false,
            "Index Name": "info_type_id_movie_info_idx",
            "Startup Cost": 0.0,
            "Total Cost": 3759.99,
            "Plan Rows": 345009,
            "Plan Width": 0,
            "Actual Startup Time": 13.023,
            "Actual Total Time": 13.023,
            "Actual Rows": 459925,
            "Actual Loops": 1,
            "Index Cond": "(info_type_id = it2.id)"
          }
        ]
      }
    ]
  }
}