{
  "Plan": {
    "Node Type": "Nested Loop",
    "Parent Relationship": "Outer",
    "Parallel Aware": false,
    "Async Capable": false,
    "Join Type": "Inner",
    "Startup Cost": 3764.1,
    "Total Cost": 19311.68,
    "Plan Rows": 21,
    "Plan Width": 80,
    "Actual Startup Time": 37.29,
    "Actual Total Time": 366.349,
    "Actual Rows": 358,
    "Actual Loops": 1,
    "Inner Unique": false,
    "Plans": [
      {
        "Node Type": "Nested Loop",
        "Parent Relationship": "Outer",
        "Parallel Aware": false,
        "Async Capable": false,
        "Join Type": "Inner",
        "Startup Cost": 3763.66,
        "Total Cost": 18596.8,
        "Plan Rows": 144,
        "Plan Width": 31,
        "Actual Startup Time": 29.878,
        "Actual Total Time": 249.795,
        "Actual Rows": 6152,
        "Actual Loops": 1,
        "Inner Unique": true,
        "Plans": [
          {
            "Node Type": "Nested Loop",
            "Parent Relationship": "Outer",
            "Parallel Aware": false,
            "Async Capable": false,
            "Join Type": "Inner",
            "Startup Cost": 3763.23,
            "Total Cost": 17005.2,
            "Plan Rows": 458,
            "Plan Width": 10,
            "Actual Startup Time": 27.543,
            "Actual Total Time": 159.993,
            "Actual Rows": 15849,
            "Actual Loops": 1,
            "Inner Unique": false,
            "Plans": [
              {
                "Node Type": "Seq Scan",
                "Parent Relationship": "Outer",
                "Parallel Aware": false,
                "Async Capable": false,
                "Relation Name": "info_type",
                "Alias": "it2",
                "Startup Cost": 0.0,
                "Total Cost": 2.41,
                "Plan Rows": 1,
                "Plan Width": 4,
                "Actual Startup Time": 0.019,
                "Actual Total Time": 0.023,
                "Actual Rows": 1,
                "Actual Loops": 1,
                "Filter": "((info)::text = 'rating'::text)",
                "Rows Removed by Filter": 112
              },
              {
                "Node Type": "Bitmap Heap Scan",
                "Parent Relationship": "Inner",
                "Parallel Aware": false,
                "Async Capable": false,
                "Relation Name": "movie_info_idx",
                "Alias": "mi_idx",
                "Startup Cost": 3763.23,
                "Total Cost": 16873.37,
                "Plan Rows": 12942,
                "Plan Width": 14,
                "Actual Startup Time": 27.517,
                "Actual Total Time": 158.209,
                "Actual Rows": 15849,
                "Actual Loops": 1,
                "Recheck Cond": "(info_type_id = it2.id)",
                "Rows Removed by Index Recheck": 0,
                "Filter": "((info)::text > '8.0'::text)",
                "Rows Removed by Filter": 444076,
                "Exact Heap Blocks": 7934,
                "Lossy Heap Blocks": 0,
                "Plans": [
                  {
                    "Node Type": "Bitmap Index Scan",
                    "Parent Relationship": "Outer",
                    "Parallel Aware": false,
                    "Async Capable": false,
                    "Index Name": "info_type_id_movie_info_idx",
                    "Startup Cost": 0.0,
                    "Total Cost": 3759.99,
                    "Plan Rows": 345009,
                    "Plan Width": 0,
                    "Actual Startup Time": 25.395,
                    "Actual Total Time": 25.395,
                    "Actual Rows": 459925,
                    "Actual Loops": 1,
                    "Index Cond": "(info_type_id = it2.id)"
                  }
                ]
              }
            ]
          },
          {
            "Node Type": "Index Scan",
            "Parent Relationship": "Inner",
            "Parallel Aware": false,
            "Async Capable": false,
            "Scan Direction": "Forward",
            "Index Name": "title_pkey",
            "Relation Name": "title",
            "Alias": "t",
            "Startup Cost": 0.43,
            "Total Cost": 3.48,
            "Plan Rows": 1,
            "Plan Width": 21,
            "Actual Startup Time": 0.005,
            "Actual Total Time": 0.005,
            "Actual Rows": 0,
            "Actual Loops": 15849,
            "Index Cond": "(id = mi_idx.movie_id)",
            "Rows Removed by Index Recheck": 0,
            "Filter": "((production_year >= 2008) AND (production_year <= 2014))",
            "Rows Removed by Filter": 1
          }
        ]
      },
      {
        "Node Type": "Index Scan",
        "Parent Relationship": "Inner",
        "Parallel Aware": false,
        "Async Capable": false,
        "Scan Direction": "Forward",
        "Index Name": "movie_id_movie_info",
        "Relation Name": "movie_info",
        "Alias": "mi",
        "Startup Cost": 0.43,
        "Total Cost": 4.95,
        "Plan Rows": 1,
        "Plan Width": 49,
        "Actual Startup Time": 0.019,
        "Actual Total Time": 0.019,
        "Actual Rows": 0,
        "Actual Loops": 6152,
        "Index Cond": "(movie_id = t.id)",
        "Rows Removed by Index Recheck": 0,
        "Filter": "((note IS NULL) AND ((info)::text = ANY ('{Horror,Thriller}'::text[])))",
        "Rows Removed by Filter": 18
      }
    ]
  }
}