{
  "Plan": {
    "Node Type": "Nested Loop",
    "Parent Relationship": "Outer",
    "Parallel Aware": false,
    "Async Capable": false,
    "Join Type": "Inner",
    "Startup Cost": 2312.22,
    "Total Cost": 374880.38,
    "Plan Rows": 474,
    "Plan Width": 33,
    "Actual Startup Time": 90.035,
    "Actual Total Time": 3244.763,
    "Actual Rows": 124224,
    "Actual Loops": 1,
    "Inner Unique": false,
    "Plans": [
      {
        "Node Type": "Nested Loop",
        "Parent Relationship": "Outer",
        "Parallel Aware": false,
        "Async Capable": false,
        "Join Type": "Inner",
        "Startup Cost": 2311.79,
        "Total Cost": 372752.19,
        "Plan Rows": 787,
        "Plan Width": 25,
        "Actual Startup Time": 90.011,
        "Actual Total Time": 2481.558,
        "Actual Rows": 298255,
        "Actual Loops": 1,
        "Inner Unique": true,
        "Plans": [
          {
            "Node Type": "Nested Loop",
            "Parent Relationship": "Outer",
            "Parallel Aware": false,
            "Async Capable": false,
            "Join Type": "Inner",
            "Startup Cost": 2311.36,
            "Total Cost": 367202.59,
            "Plan Rows": 3425,
            "Plan Width": 4,
            "Actual Startup Time": 89.979,
            "Actual Total Time": 790.091,
            "Actual Rows": 451039,
            "Actual Loops": 1,
            "Inner Unique": false,
            "Plans": [
              {
                "Node Type": "Seq Scan",
                "Parent Relationship": "Outer",
                "Parallel Aware": false,
                "Async Capable": false,
                "Relation Name": "info_type",
                "Alias": "it",
                "Startup Cost": 0.0,
                "Total Cost": 2.41,
                "Plan Rows": 1,
                "Plan Width": 4,
                "Actual Startup Time": 0.007,
                "Actual Total Time": 0.024,
                "Actual Rows": 1,
                "Actual Loops": 1,
                "Filter": "((info)::text = 'release dates'::text)",
                "Rows Removed by Filter": 112
              },
              {
                "Node Type": "Bitmap Heap Scan",
                "Parent Relationship": "Inner",
                "Parallel Aware": false,
                "Async Capable": false,
                "Relation Name": "movie_info",
                "Alias": "mi",
                "Startup Cost": 2311.36,
                "Total Cost": 367144.88,
                "Plan Rows": 5529,
                "Plan Width": 8,
                "Actual Startup Time": 89.964,
                "Actual Total Time": 750.5,
                "Actual Rows": 451039,
                "Actual Loops": 1,
                "Recheck Cond": "(info_type_id = it.id)",
                "Rows Removed by Index Recheck": 0,
                "Filter": "((info IS NOT NULL) AND (((info)::text ~~ 'Japan:%200%'::text) OR ((info)::text ~~ 'USA:%200%'::text)))",
                "Rows Removed by Filter": 2585680,
                "Exact Heap Blocks": 25448,
                "Lossy Heap Blocks": 0,
                "Plans": [
                  {
                    "Node Type": "Bitmap Index Scan",
                    "Parent Relationship": "Outer",
                    "Parallel Aware": false,
                    "Async Capable": false,
                    "Index Name": "info_type_id_movie_info",
                    "Startup Cost": 0.0,
                    "Total Cost": 2309.98,
                    "Plan Rows": 211939,
                    "Plan Width": 0,
                    "Actual Startup Time": 85.782,
                    "Actual Total Time": 85.784,
                    "Actual Rows": 3036719,
                    "Actual Loops": 1,
                    "Index Cond": "(info_type_id = it.id)"
                  }
                ]
              }
            ]
          },
          {
            "Node Type": "Index Scan",
            "Parent Relationship": "Inner",
            "Parallel Aware": false,
            "Async Capable": false,
            "Scan Direction": "Forward",
            "Index Name": "title_pkey",
            "Relation Name": "title",
            "Alias": "t",
            "Startup Cost": 0.43,
            "Total Cost": 1.62,
            "Plan Rows": 1,
            "Plan Width": 21,
            "Actual Startup Time": 0.003,
            "Actual Total Time": 0.003,
            "Actual Rows": 1,
            "Actual Loops": 451039,
            "Index Cond": "(id = mi.movie_id)",
            "Rows Removed by Index Recheck": 0,
            "Filter": "((production_year >= 2005) AND (production_year <= 2009))",
            "Rows Removed by Filter": 0
          }
        ]
      },
      {
        "Node Type": "Index Scan",
        "Parent Relationship": "Inner",
        "Parallel Aware": false,
        "Async Capable": false,
        "Scan Direction": "Forward",
        "Index Name": "movie_id_movie_companies",
        "Relation Name": "movie_companies",
        "Alias": "mc",
        "Startup Cost": 0.43,
        "Total Cost": 2.69,
        "Plan Rows": 1,
        "Plan Width": 8,
        "Actual Startup Time": 0.002,
        "Actual Total Time": 0.002,
        "Actual Rows": 0,
        "Actual Loops": 298255,
        "Index Cond": "(movie_id = t.id)",
        "Rows Removed by Index Recheck": 0,
        "Filter": "((note IS NOT NULL) AND (((note)::text ~~ '%(USA)%'::text) OR ((note)::text ~~ '%(worldwide)%'::text)))",
        "Rows Removed by Filter": 1
      }
    ]
  }
}