{
  "Plan": {
    "Node Type": "Nested Loop",
    "Parent Relationship": "Outer",
    "Parallel Aware": false,
    "Async Capable": false,
    "Join Type": "Inner",
    "Startup Cost": 1.3,
    "Total Cost": 80769.08,
    "Plan Rows": 1,
    "Plan Width": 41,
    "Actual Startup Time": 261.013,
    "Actual Total Time": 322.838,
    "Actual Rows": 99,
    "Actual Loops": 1,
    "Inner Unique": true,
    "Plans": [
      {
        "Node Type": "Nested Loop",
        "Parent Relationship": "Outer",
        "Parallel Aware": false,
        "Async Capable": false,
        "Join Type": "Inner",
        "Startup Cost": 0.87,
        "Total Cost": 80768.16,
        "Plan Rows": 1,
        "Plan Width": 45,
        "Actual Startup Time": 260.977,
        "Actual Total Time": 322.2,
        "Actual Rows": 100,
        "Actual Loops": 1,
        "Inner Unique": false,
        "Join Filter": "(t.id = ci.movie_id)",
        "Rows Removed by Join Filter": 0,
        "Plans": [
          {
            "Node Type": "Nested Loop",
            "Parent Relationship": "Outer",
            "Parallel Aware": false,
            "Async Capable": false,
            "Join Type": "Inner",
            "Startup Cost": 0.43,
            "Total Cost": 80734.19,
            "Plan Rows": 1,
            "Plan Width": 29,
            "Actual Startup Time": 260.932,
            "Actual Total Time": 320.44,
            "Actual Rows": 4,
            "Actual Loops": 1,
            "Inner Unique": false,
            "Plans": [
              {
                "Node Type": "Seq Scan",
                "Parent Relationship": "Outer",
                "Parallel Aware": false,
                "Async Capable": false,
                "Relation Name": "title",
                "Alias": "t",
                "Startup Cost": 0.0,
                "Total Cost": 80243.46,
                "Plan Rows": 23,
                "Plan Width": 21,
                "Actual Startup Time": 26.775,
                "Actual Total Time": 320.255,
                "Actual Rows": 7,
                "Actual Loops": 1,
                "Filter": "((production_year >= 2007) AND (production_year <= 2008) AND ((title)::text ~~ '%Kung%Fu%Panda%'::text))",
                "Rows Removed by Filter": 2528305
              },
              {
                "Node Type": "Index Scan",
                "Parent Relationship": "Inner",
                "Parallel Aware": false,
                "Async Capable": false,
                "Scan Direction": "Forward",
                "Index Name": "movie_id_movie_companies",
                "Relation Name": "movie_companies",
                "Alias": "mc",
                "Startup Cost": 0.43,
                "Total Cost": 21.33,
                "Plan Rows": 1,
                "Plan Width": 8,
                "Actual Startup Time": 0.022,
                "Actual Total Time": 0.024,
                "Actual Rows": 1,
                "Actual Loops": 7,
                "Index Cond": "(movie_id = t.id)",
                "Rows Removed by Index Recheck": 0,
                "Filter": "(((note)::text ~~ '%(200%)%'::text) AND (((note)::text ~~ '%(USA)%'::text) OR ((note)::text ~~ '%(worldwide)%'::text)))",
                "Rows Removed by Filter": 6
              }
            ]
          },
          {
            "Node Type": "Index Scan",
            "Parent Relationship": "Inner",
            "Parallel Aware": false,
            "Async Capable": false,
            "Scan Direction": "Forward",
            "Index Name": "movie_id_cast_info",
            "Relation Name": "cast_info",
            "Alias": "ci",
            "Startup Cost": 0.44,
            "Total Cost": 33.95,
            "Plan Rows": 1,
            "Plan Width": 16,
            "Actual Startup Time": 0.013,
            "Actual Total Time": 0.434,
            "Actual Rows": 25,
            "Actual Loops": 4,
            "Index Cond": "(movie_id = mc.movie_id)",
            "Rows Removed by Index Recheck": 0,
            "Filter": "((note)::text = '(voice)'::text)",
            "Rows Removed by Filter": 127
          }
        ]
      },
      {
        "Node Type": "Index Only Scan",
        "Parent Relationship": "Inner",
        "Parallel Aware": false,
        "Async Capable": false,
        "Scan Direction": "Forward",
        "Index Name": "char_name_pkey",
        "Relation Name": "char_name",
        "Alias": "chn",
        "Startup Cost": 0.43,
        "Total Cost": 0.93,
        "Plan Rows": 1,
        "Plan Width": 4,
        "Actual Startup Time": 0.006,
        "Actual Total Time": 0.006,
        "Actual Rows": 1,
        "Actual Loops": 100,
        "Index Cond": "(id = ci.person_role_id)",
        "Rows Removed by Index Recheck": 0,
        "Heap Fetches": 0
      }
    ]
  }
}