{
  "Plan": {
    "Node Type": "Nested Loop",
    "Parent Relationship": "Outer",
    "Parallel Aware": false,
    "Async Capable": false,
    "Join Type": "Inner",
    "Startup Cost": 0.43,
    "Total Cost": 80734.19,
    "Plan Rows": 1,
    "Plan Width": 29,
    "Actual Startup Time": 260.932,
    "Actual Total Time": 320.44,
    "Actual Rows": 4,
    "Actual Loops": 1,
    "Inner Unique": false,
    "Plans": [
      {
        "Node Type": "Seq Scan",
        "Parent Relationship": "Outer",
        "Parallel Aware": false,
        "Async Capable": false,
        "Relation Name": "title",
        "Alias": "t",
        "Startup Cost": 0.0,
        "Total Cost": 80243.46,
        "Plan Rows": 23,
        "Plan Width": 21,
        "Actual Startup Time": 26.775,
        "Actual Total Time": 320.255,
        "Actual Rows": 7,
        "Actual Loops": 1,
        "Filter": "((production_year >= 2007) AND (production_year <= 2008) AND ((title)::text ~~ '%Kung%Fu%Panda%'::text))",
        "Rows Removed by Filter": 2528305
      },
      {
        "Node Type": "Index Scan",
        "Parent Relationship": "Inner",
        "Parallel Aware": false,
        "Async Capable": false,
        "Scan Direction": "Forward",
        "Index Name": "movie_id_movie_companies",
        "Relation Name": "movie_companies",
        "Alias": "mc",
        "Startup Cost": 0.43,
        "Total Cost": 21.33,
        "Plan Rows": 1,
        "Plan Width": 8,
        "Actual Startup Time": 0.022,
        "Actual Total Time": 0.024,
        "Actual Rows": 1,
        "Actual Loops": 7,
        "Index Cond": "(movie_id = t.id)",
        "Rows Removed by Index Recheck": 0,
        "Filter": "(((note)::text ~~ '%(200%)%'::text) AND (((note)::text ~~ '%(USA)%'::text) OR ((note)::text ~~ '%(worldwide)%'::text)))",
        "Rows Removed by Filter": 6
      }
    ]
  }
}