{
  "Plan": {
    "Node Type": "Hash Join",
    "Parent Relationship": "Outer",
    "Parallel Aware": false,
    "Async Capable": false,
    "Join Type": "Inner",
    "Startup Cost": 2331.15,
    "Total Cost": 424245.71,
    "Plan Rows": 10,
    "Plan Width": 37,
    "Actual Startup Time": 84.287,
    "Actual Total Time": 16628.831,
    "Actual Rows": 134654,
    "Actual Loops": 1,
    "Inner Unique": true,
    "Hash Cond": "(ci.role_id = rt.id)",
    "Plans": [
      {
        "Node Type": "Nested Loop",
        "Parent Relationship": "Outer",
        "Parallel Aware": false,
        "Async Capable": false,
        "Join Type": "Inner",
        "Startup Cost": 2312.23,
        "Total Cost": 424221.97,
        "Plan Rows": 1820,
        "Plan Width": 41,
        "Actual Startup Time": 81.838,
        "Actual Total Time": 16580.467,
        "Actual Rows": 374134,
        "Actual Loops": 1,
        "Inner Unique": false,
        "Plans": [
          {
            "Node Type": "Nested Loop",
            "Parent Relationship": "Outer",
            "Parallel Aware": false,
            "Async Capable": false,
            "Join Type": "Inner",
            "Startup Cost": 2311.79,
            "Total Cost": 372743.63,
            "Plan Rows": 1886,
            "Plan Width": 25,
            "Actual Startup Time": 79.386,
            "Actual Total Time": 2766.185,
            "Actual Rows": 424568,
            "Actual Loops": 1,
            "Inner Unique": true,
            "Plans": [
              {
                "Node Type": "Nested Loop",
                "Parent Relationship": "Outer",
                "Parallel Aware": false,
                "Async Capable": false,
                "Join Type": "Inner",
                "Startup Cost": 2311.36,
                "Total Cost": 367202.59,
                "Plan Rows": 3425,
                "Plan Width": 4,
                "Actual Startup Time": 79.353,
                "Actual Total Time": 803.641,
                "Actual Rows": 451039,
                "Actual Loops": 1,
                "Inner Unique": false,
                "Plans": [
                  {
                    "Node Type": "Seq Scan",
                    "Parent Relationship": "Outer",
                    "Parallel Aware": false,
                    "Async Capable": false,
                    "Relation Name": "info_type",
                    "Alias": "it",
                    "Startup Cost": 0.0,
                    "Total Cost": 2.41,
                    "Plan Rows": 1,
                    "Plan Width": 4,
                    "Actual Startup Time": 0.005,
                    "Actual Total Time": 0.022,
                    "Actual Rows": 1,
                    "Actual Loops": 1,
                    "Filter": "((info)::text = 'release dates'::text)",
                    "Rows Removed by Filter": 112
                  },
                  {
                    "Node Type": "Bitmap Heap Scan",
                    "Parent Relationship": "Inner",
                    "Parallel Aware": false,
                    "Async Capable": false,
                    "Relation Name": "movie_info",
                    "Alias": "mi",
                    "Startup Cost": 2311.36,
                    "Total Cost": 367144.88,
                    "Plan Rows": 5529,
                    "Plan Width": 8,
                    "Actual Startup Time": 79.345,
                    "Actual Total Time": 759.561,
                    "Actual Rows": 451039,
                    "Actual Loops": 1,
                    "Recheck Cond": "(info_type_id = it.id)",
                    "Rows Removed by Index Recheck": 0,
                    "Filter": "((info IS NOT NULL) AND (((info)::text ~~ 'Japan:%200%'::text) OR ((info)::text ~~ 'USA:%200%'::text)))",
                    "Rows Removed by Filter": 2585680,
                    "Exact Heap Blocks": 25448,
                    "Lossy Heap Blocks": 0,
                    "Plans": [
                      {
                        "Node Type": "Bitmap Index Scan",
                        "Parent Relationship": "Outer",
                        "Parallel Aware": false,
                        "Async Capable": false,
                        "Index Name": "info_type_id_movie_info",
                        "Startup Cost": 0.0,
                        "Total Cost": 2309.98,
                        "Plan Rows": 211939,
                        "Plan Width": 0,
                        "Actual Startup Time": 75.132,
                        "Actual Total Time": 75.134,
                        "Actual Rows": 3036719,
                        "Actual Loops": 1,
                        "Index Cond": "(info_type_id = it.id)"
                      }
                    ]
                  }
                ]
              },
              {
                "Node Type": "Index Scan",
                "Parent Relationship": "Inner",
                "Parallel Aware": false,
                "Async Capable": false,
                "Scan Direction": "Forward",
                "Index Name": "title_pkey",
                "Relation Name": "title",
                "Alias": "t",
                "Startup Cost": 0.43,
                "Total Cost": 1.62,
                "Plan Rows": 1,
                "Plan Width": 21,
                "Actual Startup Time": 0.004,
                "Actual Total Time": 0.004,
                "Actual Rows": 1,
                "Actual Loops": 451039,
                "Index Cond": "(id = mi.movie_id)",
                "Rows Removed by Index Recheck": 0,
                "Filter": "(production_year > 2000)",
                "Rows Removed by Filter": 0
              }
            ]
          },
          {
            "Node Type": "Index Scan",
            "Parent Relationship": "Inner",
            "Parallel Aware": false,
            "Async Capable": false,
            "Scan Direction": "Forward",
            "Index Name": "movie_id_cast_info",
            "Relation Name": "cast_info",
            "Alias": "ci",
            "Startup Cost": 0.44,
            "Total Cost": 27.28,
            "Plan Rows": 1,
            "Plan Width": 16,
            "Actual Startup Time": 0.028,
            "Actual Total Time": 0.032,
            "Actual Rows": 1,
            "Actual Loops": 424568,
            "Index Cond": "(movie_id = t.id)",
            "Rows Removed by Index Recheck": 0,
            "Filter": "((note)::text = ANY ('{(voice),\"(voice: Japanese version)\",\"(voice) (uncredited)\",\"(voice: English version)\"}'::text[]))",
            "Rows Removed by Filter": 21
          }
        ]
      },
      {
        "Node Type": "Hash",
        "Parent Relationship": "Inner",
        "Parallel Aware": false,
        "Async Capable": false,
        "Startup Cost": 18.88,
        "Total Cost": 18.88,
        "Plan Rows": 4,
        "Plan Width": 4,
        "Actual Startup Time": 0.014,
        "Actual Total Time": 0.015,
        "Actual Rows": 1,
        "Actual Loops": 1,
        "Hash Buckets": 1024,
        "Original Hash Buckets": 1024,
        "Hash Batches": 1,
        "Original Hash Batches": 1,
        "Peak Memory Usage": 9,
        "Plans": [
          {
            "Node Type": "Seq Scan",
            "Parent Relationship": "Outer",
            "Parallel Aware": false,
            "Async Capable": false,
            "Relation Name": "role_type",
            "Alias": "rt",
            "Startup Cost": 0.0,
            "Total Cost": 18.88,
            "Plan Rows": 4,
            "Plan Width": 4,
            "Actual Startup Time": 0.007,
            "Actual Total Time": 0.008,
            "Actual Rows": 1,
            "Actual Loops": 1,
            "Filter": "((role)::text = 'actress'::text)",
            "Rows Removed by Filter": 11
          }
        ]
      }
    ]
  }
}