{
  "Plan": {
    "Node Type": "Nested Loop",
    "Parent Relationship": "Outer",
    "Parallel Aware": false,
    "Async Capable": false,
    "Join Type": "Inner",
    "Startup Cost": 18.93,
    "Total Cost": 2485.89,
    "Plan Rows": 1,
    "Plan Width": 4,
    "Actual Startup Time": 0.09,
    "Actual Total Time": 95.754,
    "Actual Rows": 85941,
    "Actual Loops": 1,
    "Inner Unique": false,
    "Join Filter": "(cc.status_id = cct2.id)",
    "Rows Removed by Join Filter": 85941,
    "Plans": [
      {
        "Node Type": "Seq Scan",
        "Parent Relationship": "Outer",
        "Parallel Aware": false,
        "Async Capable": false,
        "Relation Name": "comp_cast_type",
        "Alias": "cct2",
        "Startup Cost": 0.0,
        "Total Cost": 18.88,
        "Plan Rows": 1,
        "Plan Width": 4,
        "Actual Startup Time": 0.016,
        "Actual Total Time": 0.023,
        "Actual Rows": 2,
        "Actual Loops": 1,
        "Filter": "((kind)::text ~~ '%complete%'::text)",
        "Rows Removed by Filter": 2
      },
      {
        "Node Type": "Hash Join",
        "Parent Relationship": "Inner",
        "Parallel Aware": false,
        "Async Capable": false,
        "Join Type": "Inner",
        "Startup Cost": 18.93,
        "Total Cost": 2457.5,
        "Plan Rows": 761,
        "Plan Width": 8,
        "Actual Startup Time": 0.036,
        "Actual Total Time": 39.564,
        "Actual Rows": 85941,
        "Actual Loops": 2,
        "Inner Unique": true,
        "Hash Cond": "(cc.subject_id = cct1.id)",
        "Plans": [
          {
            "Node Type": "Seq Scan",
            "Parent Relationship": "Outer",
            "Parallel Aware": false,
            "Async Capable": false,
            "Relation Name": "complete_cast",
            "Alias": "cc",
            "Startup Cost": 0.0,
            "Total Cost": 2081.86,
            "Plan Rows": 135086,
            "Plan Width": 12,
            "Actual Startup Time": 0.013,
            "Actual Total Time": 13.568,
            "Actual Rows": 135086,
            "Actual Loops": 2
          },
          {
            "Node Type": "Hash",
            "Parent Relationship": "Inner",
            "Parallel Aware": false,
            "Async Capable": false,
            "Startup Cost": 18.88,
            "Total Cost": 18.88,
            "Plan Rows": 4,
            "Plan Width": 4,
            "Actual Startup Time": 0.014,
            "Actual Total Time": 0.015,
            "Actual Rows": 1,
            "Actual Loops": 1,
            "Hash Buckets": 1024,
            "Original Hash Buckets": 1024,
            "Hash Batches": 1,
            "Original Hash Batches": 1,
            "Peak Memory Usage": 9,
            "Plans": [
              {
                "Node Type": "Seq Scan",
                "Parent Relationship": "Outer",
                "Parallel Aware": false,
                "Async Capable": false,
                "Relation Name": "comp_cast_type",
                "Alias": "cct1",
                "Startup Cost": 0.0,
                "Total Cost": 18.88,
                "Plan Rows": 4,
                "Plan Width": 4,
                "Actual Startup Time": 0.004,
                "Actual Total Time": 0.006,
                "Actual Rows": 1,
                "Actual Loops": 1,
                "Filter": "((kind)::text = 'cast'::text)",
                "Rows Removed by Filter": 3
              }
            ]
          }
        ]
      }
    ]
  }
}