{
  "Plan": {
    "Node Type": "Nested Loop",
    "Parent Relationship": "Outer",
    "Parallel Aware": false,
    "Async Capable": false,
    "Join Type": "Inner",
    "Startup Cost": 24.68,
    "Total Cost": 422.49,
    "Plan Rows": 1,
    "Plan Width": 134,
    "Actual Startup Time": 0.936,
    "Actual Total Time": 57.398,
    "Actual Rows": 442,
    "Actual Loops": 1,
    "Inner Unique": true,
    "Join Filter": "(ml.movie_id = t.id)",
    "Rows Removed by Join Filter": 0,
    "Plans": [
      {
        "Node Type": "Nested Loop",
        "Parent Relationship": "Outer",
        "Parallel Aware": false,
        "Async Capable": false,
        "Join Type": "Inner",
        "Startup Cost": 24.25,
        "Total Cost": 421.88,
        "Plan Rows": 1,
        "Plan Width": 113,
        "Actual Startup Time": 0.906,
        "Actual Total Time": 54.089,
        "Actual Rows": 1072,
        "Actual Loops": 1,
        "Inner Unique": false,
        "Join Filter": "(ml.movie_id = mi.movie_id)",
        "Rows Removed by Join Filter": 0,
        "Plans": [
          {
            "Node Type": "Nested Loop",
            "Parent Relationship": "Outer",
            "Parallel Aware": false,
            "Async Capable": false,
            "Join Type": "Inner",
            "Startup Cost": 23.82,
            "Total Cost": 420.0,
            "Plan Rows": 1,
            "Plan Width": 109,
            "Actual Startup Time": 0.813,
            "Actual Total Time": 39.108,
            "Actual Rows": 1152,
            "Actual Loops": 1,
            "Inner Unique": true,
            "Plans": [
              {
                "Node Type": "Nested Loop",
                "Parent Relationship": "Outer",
                "Parallel Aware": false,
                "Async Capable": false,
                "Join Type": "Inner",
                "Startup Cost": 23.4,
                "Total Cost": 419.55,
                "Plan Rows": 1,
                "Plan Width": 94,
                "Actual Startup Time": 0.2,
                "Actual Total Time": 23.374,
                "Actual Rows": 4393,
                "Actual Loops": 1,
                "Inner Unique": true,
                "Plans": [
                  {
                    "Node Type": "Nested Loop",
                    "Parent Relationship": "Outer",
                    "Parallel Aware": false,
                    "Async Capable": false,
                    "Join Type": "Inner",
                    "Startup Cost": 23.25,
                    "Total Cost": 401.52,
                    "Plan Rows": 106,
                    "Plan Width": 98,
                    "Actual Startup Time": 0.185,
                    "Actual Total Time": 15.4,
                    "Actual Rows": 5069,
                    "Actual Loops": 1,
                    "Inner Unique": false,
                    "Plans": [
                      {
                        "Node Type": "Nested Loop",
                        "Parent Relationship": "Outer",
                        "Parallel Aware": false,
                        "Async Capable": false,
                        "Join Type": "Inner",
                        "Startup Cost": 22.82,
                        "Total Cost": 246.88,
                        "Plan Rows": 42,
                        "Plan Width": 86,
                        "Actual Startup Time": 0.144,
                        "Actual Total Time": 2.22,
                        "Actual Rows": 2315,
                        "Actual Loops": 1,
                        "Inner Unique": false,
                        "Plans": [
                          {
                            "Node Type": "Seq Scan",
                            "Parent Relationship": "Outer",
                            "Parallel Aware": false,
                            "Async Capable": false,
                            "Relation Name": "link_type",
                            "Alias": "lt",
                            "Startup Cost": 0.0,
                            "Total Cost": 18.88,
                            "Plan Rows": 1,
                            "Plan Width": 86,
                            "Actual Startup Time": 0.012,
                            "Actual Total Time": 0.017,
                            "Actual Rows": 2,
                            "Actual Loops": 1,
                            "Filter": "((link)::text ~~ '%follow%'::text)",
                            "Rows Removed by Filter": 16
                          },
                          {
                            "Node Type": "Bitmap Heap Scan",
                            "Parent Relationship": "Inner",
                            "Parallel Aware": false,
                            "Async Capable": false,
                            "Relation Name": "movie_link",
                            "Alias": "ml",
                            "Startup Cost": 22.82,
                            "Total Cost": 209.26,
                            "Plan Rows": 1875,
                            "Plan Width": 8,
                            "Actual Startup Time": 0.096,
                            "Actual Total Time": 0.891,
                            "Actual Rows": 1158,
                            "Actual Loops": 2,
                            "Recheck Cond": "(link_type_id = lt.id)",
                            "Rows Removed by Index Recheck": 0,
                            "Exact Heap Blocks": 191,
                            "Lossy Heap Blocks": 0,
                            "Plans": [
                              {
                                "Node Type": "Bitmap Index Scan",
                                "Parent Relationship": "Outer",
                                "Parallel Aware": false,
                                "Async Capable": false,
                                "Index Name": "link_type_id_movie_link",
                                "Startup Cost": 0.0,
                                "Total Cost": 22.35,
                                "Plan Rows": 1875,
                                "Plan Width": 0,
                                "Actual Startup Time": 0.068,
                                "Actual Total Time": 0.068,
                                "Actual Rows": 1158,
                                "Actual Loops": 2,
                                "Index Cond": "(link_type_id = lt.id)"
                              }
                            ]
                          }
                        ]
                      },
                      {
                        "Node Type": "Index Scan",
                        "Parent Relationship": "Inner",
                        "Parallel Aware": false,
                        "Async Capable": false,
                        "Scan Direction": "Forward",
                        "Index Name": "movie_id_movie_companies",
                        "Relation Name": "movie_companies",
                        "Alias": "mc",
                        "Startup Cost": 0.43,
                        "Total Cost": 3.65,
                        "Plan Rows": 3,
                        "Plan Width": 12,
                        "Actual Startup Time": 0.004,
                        "Actual Total Time": 0.005,
                        "Actual Rows": 2,
                        "Actual Loops": 2315,
                        "Index Cond": "(movie_id = ml.movie_id)",
                        "Rows Removed by Index Recheck": 0,
                        "Filter": "(note IS NULL)",
                        "Rows Removed by Filter": 2
                      }
                    ]
                  },
                  {
                    "Node Type": "Index Scan",
                    "Parent Relationship": "Inner",
                    "Parallel Aware": false,
                    "Async Capable": false,
                    "Scan Direction": "Forward",
                    "Index Name": "company_type_pkey",
                    "Relation Name": "company_type",
                    "Alias": "ct",
                    "Startup Cost": 0.15,
                    "Total Cost": 0.17,
                    "Plan Rows": 1,
                    "Plan Width": 4,
                    "Actual Startup Time": 0.001,
                    "Actual Total Time": 0.001,
                    "Actual Rows": 1,
                    "Actual Loops": 5069,
                    "Index Cond": "(id = mc.company_type_id)",
                    "Rows Removed by Index Recheck": 0,
                    "Filter": "((kind)::text = 'production companies'::text)",
                    "Rows Removed by Filter": 0
                  }
                ]
              },
              {
                "Node Type": "Index Scan",
                "Parent Relationship": "Inner",
                "Parallel Aware": false,
                "Async Capable": false,
                "Scan Direction": "Forward",
                "Index Name": "company_name_pkey",
                "Relation Name": "company_name",
                "Alias": "cn",
                "Startup Cost": 0.42,
                "Total Cost": 0.46,
                "Plan Rows": 1,
                "Plan Width": 23,
                "Actual Startup Time": 0.003,
                "Actual Total Time": 0.003,
                "Actual Rows": 0,
                "Actual Loops": 4393,
                "Index Cond": "(id = mc.company_id)",
                "Rows Removed by Index Recheck": 0,
                "Filter": "(((country_code)::text <> '[pl]'::text) AND (((name)::text ~~ '%Film%'::text) OR ((name)::text ~~ '%Warner%'::text)))",
                "Rows Removed by Filter": 1
              }
            ]
          },
          {
            "Node Type": "Index Scan",
            "Parent Relationship": "Inner",
            "Parallel Aware": false,
            "Async Capable": false,
            "Scan Direction": "Forward",
            "Index Name": "movie_id_movie_info",
            "Relation Name": "movie_info",
            "Alias": "mi",
            "Startup Cost": 0.43,
            "Total Cost": 1.86,
            "Plan Rows": 1,
            "Plan Width": 4,
            "Actual Startup Time": 0.011,
            "Actual Total Time": 0.013,
            "Actual Rows": 1,
            "Actual Loops": 1152,
            "Index Cond": "(movie_id = mc.movie_id)",
            "Rows Removed by Index Recheck": 0,
            "Filter": "((info)::text = ANY ('{Germany,German}'::text[]))",
            "Rows Removed by Filter": 16
          }
        ]
      },
      {
        "Node Type": "Index Scan",
        "Parent Relationship": "Inner",
        "Parallel Aware": false,
        "Async Capable": false,
        "Scan Direction": "Forward",
        "Index Name": "title_pkey",
        "Relation Name": "title",
        "Alias": "t",
        "Startup Cost": 0.43,
        "Total Cost": 0.59,
        "Plan Rows": 1,
        "Plan Width": 21,
        "Actual Startup Time": 0.003,
        "Actual Total Time": 0.003,
        "Actual Rows": 0,
        "Actual Loops": 1072,
        "Index Cond": "(id = mc.movie_id)",
        "Rows Removed by Index Recheck": 0,
        "Filter": "((production_year >= 2000) AND (production_year <= 2010))",
        "Rows Removed by Filter": 1
      }
    ]
  }
}