{
  "Plan": {
    "Node Type": "Nested Loop",
    "Parent Relationship": "Outer",
    "Parallel Aware": false,
    "Async Capable": false,
    "Join Type": "Inner",
    "Startup Cost": 7.21,
    "Total Cost": 7454.4,
    "Plan Rows": 1,
    "Plan Width": 25,
    "Actual Startup Time": 3.792,
    "Actual Total Time": 330.009,
    "Actual Rows": 3517,
    "Actual Loops": 1,
    "Inner Unique": true,
    "Join Filter": "(t.kind_id = kt.id)",
    "Rows Removed by Join Filter": 1618,
    "Plans": [
      {
        "Node Type": "Nested Loop",
        "Parent Relationship": "Outer",
        "Parallel Aware": false,
        "Async Capable": false,
        "Join Type": "Inner",
        "Startup Cost": 7.21,
        "Total Cost": 7427.27,
        "Plan Rows": 29,
        "Plan Width": 29,
        "Actual Startup Time": 3.775,
        "Actual Total Time": 328.478,
        "Actual Rows": 4040,
        "Actual Loops": 1,
        "Inner Unique": true,
        "Plans": [
          {
            "Node Type": "Nested Loop",
            "Parent Relationship": "Outer",
            "Parallel Aware": false,
            "Async Capable": false,
            "Join Type": "Inner",
            "Startup Cost": 6.78,
            "Total Cost": 7361.15,
            "Plan Rows": 135,
            "Plan Width": 4,
            "Actual Startup Time": 3.71,
            "Actual Total Time": 142.889,
            "Actual Rows": 37091,
            "Actual Loops": 1,
            "Inner Unique": false,
            "Plans": [
              {
                "Node Type": "Seq Scan",
                "Parent Relationship": "Outer",
                "Parallel Aware": false,
                "Async Capable": false,
                "Relation Name": "keyword",
                "Alias": "k",
                "Startup Cost": 0.0,
                "Total Cost": 2961.55,
                "Plan Rows": 4,
                "Plan Width": 4,
                "Actual Startup Time": 0.982,
                "Actual Total Time": 19.33,
                "Actual Rows": 3,
                "Actual Loops": 1,
                "Filter": "((keyword)::text = ANY ('{murder,murder-in-title,blood,violence}'::text[]))",
                "Rows Removed by Filter": 134167
              },
              {
                "Node Type": "Bitmap Heap Scan",
                "Parent Relationship": "Inner",
                "Parallel Aware": false,
                "Async Capable": false,
                "Relation Name": "movie_keyword",
                "Alias": "mk",
                "Startup Cost": 6.78,
                "Total Cost": 1096.87,
                "Plan Rows": 303,
                "Plan Width": 8,
                "Actual Startup Time": 2.851,
                "Actual Total Time": 39.815,
                "Actual Rows": 12364,
                "Actual Loops": 3,
                "Recheck Cond": "(keyword_id = k.id)",
                "Rows Removed by Index Recheck": 0,
                "Exact Heap Blocks": 26312,
                "Lossy Heap Blocks": 0,
                "Plans": [
                  {
                    "Node Type": "Bitmap Index Scan",
                    "Parent Relationship": "Outer",
                    "Parallel Aware": false,
                    "Async Capable": false,
                    "Index Name": "keyword_id_movie_keyword",
                    "Startup Cost": 0.0,
                    "Total Cost": 6.71,
                    "Plan Rows": 303,
                    "Plan Width": 0,
                    "Actual Startup Time": 1.589,
                    "Actual Total Time": 1.589,
                    "Actual Rows": 12364,
                    "Actual Loops": 3,
                    "Index Cond": "(keyword_id = k.id)"
                  }
                ]
              }
            ]
          },
          {
            "Node Type": "Index Scan",
            "Parent Relationship": "Inner",
            "Parallel Aware": false,
            "Async Capable": false,
            "Scan Direction": "Forward",
            "Index Name": "title_pkey",
            "Relation Name": "title",
            "Alias": "t",
            "Startup Cost": 0.43,
            "Total Cost": 0.49,
            "Plan Rows": 1,
            "Plan Width": 25,
            "Actual Startup Time": 0.005,
            "Actual Total Time": 0.005,
            "Actual Rows": 0,
            "Actual Loops": 37091,
            "Index Cond": "(id = mk.movie_id)",
            "Rows Removed by Index Recheck": 0,
            "Filter": "(production_year > 2009)",
            "Rows Removed by Filter": 1
          }
        ]
      },
      {
        "Node Type": "Materialize",
        "Parent Relationship": "Inner",
        "Parallel Aware": false,
        "Async Capable": false,
        "Startup Cost": 0.0,
        "Total Cost": 22.8,
        "Plan Rows": 10,
        "Plan Width": 4,
        "Actual Startup Time": 0.0,
        "Actual Total Time": 0.0,
        "Actual Rows": 1,
        "Actual Loops": 4040,
        "Plans": [
          {
            "Node Type": "Seq Scan",
            "Parent Relationship": "Outer",
            "Parallel Aware": false,
            "Async Capable": false,
            "Relation Name": "kind_type",
            "Alias": "kt",
            "Startup Cost": 0.0,
            "Total Cost": 22.75,
            "Plan Rows": 10,
            "Plan Width": 4,
            "Actual Startup Time": 0.012,
            "Actual Total Time": 0.014,
            "Actual Rows": 2,
            "Actual Loops": 1,
            "Filter": "((kind)::text = ANY ('{movie,episode}'::text[]))",
            "Rows Removed by Filter": 5
          }
        ]
      }
    ]
  }
}