{
  "Plan": {
    "Node Type": "Nested Loop",
    "Parent Relationship": "Outer",
    "Parallel Aware": false,
    "Async Capable": false,
    "Join Type": "Inner",
    "Startup Cost": 19.36,
    "Total Cost": 3868.18,
    "Plan Rows": 2,
    "Plan Width": 73,
    "Actual Startup Time": 0.157,
    "Actual Total Time": 150.052,
    "Actual Rows": 1033,
    "Actual Loops": 1,
    "Inner Unique": true,
    "Join Filter": "(t.kind_id = kt.id)",
    "Rows Removed by Join Filter": 1050,
    "Plans": [
      {
        "Node Type": "Nested Loop",
        "Parent Relationship": "Outer",
        "Parallel Aware": false,
        "Async Capable": false,
        "Join Type": "Inner",
        "Startup Cost": 19.36,
        "Total Cost": 3813.99,
        "Plan Rows": 419,
        "Plan Width": 29,
        "Actual Startup Time": 0.142,
        "Actual Total Time": 149.304,
        "Actual Rows": 2083,
        "Actual Loops": 1,
        "Inner Unique": true,
        "Plans": [
          {
            "Node Type": "Hash Join",
            "Parent Relationship": "Outer",
            "Parallel Aware": false,
            "Async Capable": false,
            "Join Type": "Inner",
            "Startup Cost": 18.93,
            "Total Cost": 2457.5,
            "Plan Rows": 761,
            "Plan Width": 4,
            "Actual Startup Time": 0.065,
            "Actual Total Time": 26.133,
            "Actual Rows": 24592,
            "Actual Loops": 1,
            "Inner Unique": true,
            "Hash Cond": "(cc.status_id = cct1.id)",
            "Plans": [
              {
                "Node Type": "Seq Scan",
                "Parent Relationship": "Outer",
                "Parallel Aware": false,
                "Async Capable": false,
                "Relation Name": "complete_cast",
                "Alias": "cc",
                "Startup Cost": 0.0,
                "Total Cost": 2081.86,
                "Plan Rows": 135086,
                "Plan Width": 8,
                "Actual Startup Time": 0.018,
                "Actual Total Time": 10.583,
                "Actual Rows": 135086,
                "Actual Loops": 1
              },
              {
                "Node Type": "Hash",
                "Parent Relationship": "Inner",
                "Parallel Aware": false,
                "Async Capable": false,
                "Startup Cost": 18.88,
                "Total Cost": 18.88,
                "Plan Rows": 4,
                "Plan Width": 4,
                "Actual Startup Time": 0.022,
                "Actual Total Time": 0.023,
                "Actual Rows": 1,
                "Actual Loops": 1,
                "Hash Buckets": 1024,
                "Original Hash Buckets": 1024,
                "Hash Batches": 1,
                "Original Hash Batches": 1,
                "Peak Memory Usage": 9,
                "Plans": [
                  {
                    "Node Type": "Seq Scan",
                    "Parent Relationship": "Outer",
                    "Parallel Aware": false,
                    "Async Capable": false,
                    "Relation Name": "comp_cast_type",
                    "Alias": "cct1",
                    "Startup Cost": 0.0,
                    "Total Cost": 18.88,
                    "Plan Rows": 4,
                    "Plan Width": 4,
                    "Actual Startup Time": 0.012,
                    "Actual Total Time": 0.012,
                    "Actual Rows": 1,
                    "Actual Loops": 1,
                    "Filter": "((kind)::text = 'complete+verified'::text)",
                    "Rows Removed by Filter": 3
                  }
                ]
              }
            ]
          },
          {
            "Node Type": "Index Scan",
            "Parent Relationship": "Inner",
            "Parallel Aware": false,
            "Async Capable": false,
            "Scan Direction": "Forward",
            "Index Name": "title_pkey",
            "Relation Name": "title",
            "Alias": "t",
            "Startup Cost": 0.43,
            "Total Cost": 1.78,
            "Plan Rows": 1,
            "Plan Width": 25,
            "Actual Startup Time": 0.005,
            "Actual Total Time": 0.005,
            "Actual Rows": 0,
            "Actual Loops": 24592,
            "Index Cond": "(id = cc.movie_id)",
            "Rows Removed by Index Recheck": 0,
            "Filter": "(production_year > 2000)",
            "Rows Removed by Filter": 1
          }
        ]
      },
      {
        "Node Type": "Materialize",
        "Parent Relationship": "Inner",
        "Parallel Aware": false,
        "Async Capable": false,
        "Startup Cost": 0.0,
        "Total Cost": 22.77,
        "Plan Rows": 5,
        "Plan Width": 52,
        "Actual Startup Time": 0.0,
        "Actual Total Time": 0.0,
        "Actual Rows": 1,
        "Actual Loops": 2083,
        "Plans": [
          {
            "Node Type": "Seq Scan",
            "Parent Relationship": "Outer",
            "Parallel Aware": false,
            "Async Capable": false,
            "Relation Name": "kind_type",
            "Alias": "kt",
            "Startup Cost": 0.0,
            "Total Cost": 22.75,
            "Plan Rows": 5,
            "Plan Width": 52,
            "Actual Startup Time": 0.009,
            "Actual Total Time": 0.011,
            "Actual Rows": 1,
            "Actual Loops": 1,
            "Filter": "((kind)::text = 'movie'::text)",
            "Rows Removed by Filter": 6
          }
        ]
      }
    ]
  }
}