{
  "Plan": {
    "Node Type": "Nested Loop",
    "Parent Relationship": "Outer",
    "Parallel Aware": false,
    "Async Capable": false,
    "Join Type": "Inner",
    "Startup Cost": 45.34,
    "Total Cost": 3860.25,
    "Plan Rows": 1,
    "Plan Width": 81,
    "Actual Startup Time": 98.195,
    "Actual Total Time": 494.645,
    "Actual Rows": 6,
    "Actual Loops": 1,
    "Inner Unique": false,
    "Plans": [
      {
        "Node Type": "Hash Join",
        "Parent Relationship": "Outer",
        "Parallel Aware": false,
        "Async Capable": false,
        "Join Type": "Inner",
        "Startup Cost": 44.91,
        "Total Cost": 3840.94,
        "Plan Rows": 10,
        "Plan Width": 73,
        "Actual Startup Time": 0.191,
        "Actual Total Time": 165.488,
        "Actual Rows": 5053,
        "Actual Loops": 1,
        "Inner Unique": true,
        "Hash Cond": "(t.kind_id = kt.id)",
        "Plans": [
          {
            "Node Type": "Nested Loop",
            "Parent Relationship": "Outer",
            "Parallel Aware": false,
            "Async Capable": false,
            "Join Type": "Inner",
            "Startup Cost": 19.36,
            "Total Cost": 3813.99,
            "Plan Rows": 529,
            "Plan Width": 29,
            "Actual Startup Time": 0.144,
            "Actual Total Time": 163.328,
            "Actual Rows": 6424,
            "Actual Loops": 1,
            "Inner Unique": true,
            "Plans": [
              {
                "Node Type": "Hash Join",
                "Parent Relationship": "Outer",
                "Parallel Aware": false,
                "Async Capable": false,
                "Join Type": "Inner",
                "Startup Cost": 18.93,
                "Total Cost": 2457.5,
                "Plan Rows": 761,
                "Plan Width": 4,
                "Actual Startup Time": 0.074,
                "Actual Total Time": 27.631,
                "Actual Rows": 24592,
                "Actual Loops": 1,
                "Inner Unique": true,
                "Hash Cond": "(cc.status_id = cct1.id)",
                "Plans": [
                  {
                    "Node Type": "Seq Scan",
                    "Parent Relationship": "Outer",
                    "Parallel Aware": false,
                    "Async Capable": false,
                    "Relation Name": "complete_cast",
                    "Alias": "cc",
                    "Startup Cost": 0.0,
                    "Total Cost": 2081.86,
                    "Plan Rows": 135086,
                    "Plan Width": 8,
                    "Actual Startup Time": 0.02,
                    "Actual Total Time": 11.203,
                    "Actual Rows": 135086,
                    "Actual Loops": 1
                  },
                  {
                    "Node Type": "Hash",
                    "Parent Relationship": "Inner",
                    "Parallel Aware": false,
                    "Async Capable": false,
                    "Startup Cost": 18.88,
                    "Total Cost": 18.88,
                    "Plan Rows": 4,
                    "Plan Width": 4,
                    "Actual Startup Time": 0.025,
                    "Actual Total Time": 0.026,
                    "Actual Rows": 1,
                    "Actual Loops": 1,
                    "Hash Buckets": 1024,
                    "Original Hash Buckets": 1024,
                    "Hash Batches": 1,
                    "Original Hash Batches": 1,
                    "Peak Memory Usage": 9,
                    "Plans": [
                      {
                        "Node Type": "Seq Scan",
                        "Parent Relationship": "Outer",
                        "Parallel Aware": false,
                        "Async Capable": false,
                        "Relation Name": "comp_cast_type",
                        "Alias": "cct1",
                        "Startup Cost": 0.0,
                        "Total Cost": 18.88,
                        "Plan Rows": 4,
                        "Plan Width": 4,
                        "Actual Startup Time": 0.018,
                        "Actual Total Time": 0.019,
                        "Actual Rows": 1,
                        "Actual Loops": 1,
                        "Filter": "((kind)::text = 'complete+verified'::text)",
                        "Rows Removed by Filter": 3
                      }
                    ]
                  }
                ]
              },
              {
                "Node Type": "Index Scan",
                "Parent Relationship": "Inner",
                "Parallel Aware": false,
                "Async Capable": false,
                "Scan Direction": "Forward",
                "Index Name": "title_pkey",
                "Relation Name": "title",
                "Alias": "t",
                "Startup Cost": 0.43,
                "Total Cost": 1.78,
                "Plan Rows": 1,
                "Plan Width": 25,
                "Actual Startup Time": 0.005,
                "Actual Total Time": 0.005,
                "Actual Rows": 0,
                "Actual Loops": 24592,
                "Index Cond": "(id = cc.movie_id)",
                "Rows Removed by Index Recheck": 0,
                "Filter": "(production_year > 1990)",
                "Rows Removed by Filter": 1
              }
            ]
          },
          {
            "Node Type": "Hash",
            "Parent Relationship": "Inner",
            "Parallel Aware": false,
            "Async Capable": false,
            "Startup Cost": 25.3,
            "Total Cost": 25.3,
            "Plan Rows": 20,
            "Plan Width": 52,
            "Actual Startup Time": 0.02,
            "Actual Total Time": 0.021,
            "Actual Rows": 4,
            "Actual Loops": 1,
            "Hash Buckets": 1024,
            "Original Hash Buckets": 1024,
            "Hash Batches": 1,
            "Original Hash Batches": 1,
            "Peak Memory Usage": 9,
            "Plans": [
              {
                "Node Type": "Seq Scan",
                "Parent Relationship": "Outer",
                "Parallel Aware": false,
                "Async Capable": false,
                "Relation Name": "kind_type",
                "Alias": "kt",
                "Startup Cost": 0.0,
                "Total Cost": 25.3,
                "Plan Rows": 20,
                "Plan Width": 52,
                "Actual Startup Time": 0.012,
                "Actual Total Time": 0.015,
                "Actual Rows": 4,
                "Actual Loops": 1,
                "Filter": "((kind)::text = ANY ('{movie,\"tv movie\",\"video movie\",\"video game\"}'::text[]))",
                "Rows Removed by Filter": 3
              }
            ]
          }
        ]
      },
      {
        "Node Type": "Index Scan",
        "Parent Relationship": "Inner",
        "Parallel Aware": false,
        "Async Capable": false,
        "Scan Direction": "Forward",
        "Index Name": "movie_id_movie_info",
        "Relation Name": "movie_info",
        "Alias": "mi",
        "Startup Cost": 0.43,
        "Total Cost": 1.92,
        "Plan Rows": 1,
        "Plan Width": 8,
        "Actual Startup Time": 0.065,
        "Actual Total Time": 0.065,
        "Actual Rows": 0,
        "Actual Loops": 5053,
        "Index Cond": "(movie_id = t.id)",
        "Rows Removed by Index Recheck": 0,
        "Filter": "((info IS NOT NULL) AND ((note)::text ~~ '%internet%'::text) AND (((info)::text ~~ 'USA:% 199%'::text) OR ((info)::text ~~ 'USA:% 200%'::text)))",
        "Rows Removed by Filter": 123
      }
    ]
  }
}