{
  "Plan": {
    "Node Type": "Nested Loop",
    "Parent Relationship": "Outer",
    "Parallel Aware": false,
    "Async Capable": false,
    "Join Type": "Inner",
    "Startup Cost": 7.21,
    "Total Cost": 6276.51,
    "Plan Rows": 16,
    "Plan Width": 25,
    "Actual Startup Time": 1.059,
    "Actual Total Time": 112.596,
    "Actual Rows": 495,
    "Actual Loops": 1,
    "Inner Unique": true,
    "Plans": [
      {
        "Node Type": "Nested Loop",
        "Parent Relationship": "Outer",
        "Parallel Aware": false,
        "Async Capable": false,
        "Join Type": "Inner",
        "Startup Cost": 6.78,
        "Total Cost": 6114.56,
        "Plan Rows": 101,
        "Plan Width": 4,
        "Actual Startup Time": 0.867,
        "Actual Total Time": 52.054,
        "Actual Rows": 9696,
        "Actual Loops": 1,
        "Inner Unique": false,
        "Plans": [
          {
            "Node Type": "Seq Scan",
            "Parent Relationship": "Outer",
            "Parallel Aware": false,
            "Async Capable": false,
            "Relation Name": "keyword",
            "Alias": "k",
            "Startup Cost": 0.0,
            "Total Cost": 2793.84,
            "Plan Rows": 3,
            "Plan Width": 4,
            "Actual Startup Time": 0.011,
            "Actual Total Time": 17.025,
            "Actual Rows": 3,
            "Actual Loops": 1,
            "Filter": "((keyword)::text = ANY ('{hero,martial-arts,hand-to-hand-combat}'::text[]))",
            "Rows Removed by Filter": 134167
          },
          {
            "Node Type": "Bitmap Heap Scan",
            "Parent Relationship": "Inner",
            "Parallel Aware": false,
            "Async Capable": false,
            "Relation Name": "movie_keyword",
            "Alias": "mk",
            "Startup Cost": 6.78,
            "Total Cost": 1103.88,
            "Plan Rows": 303,
            "Plan Width": 8,
            "Actual Startup Time": 0.829,
            "Actual Total Time": 11.292,
            "Actual Rows": 3232,
            "Actual Loops": 3,
            "Recheck Cond": "(keyword_id = k.id)",
            "Rows Removed by Index Recheck": 0,
            "Exact Heap Blocks": 7446,
            "Lossy Heap Blocks": 0,
            "Plans": [
              {
                "Node Type": "Bitmap Index Scan",
                "Parent Relationship": "Outer",
                "Parallel Aware": false,
                "Async Capable": false,
                "Index Name": "keyword_id_movie_keyword",
                "Startup Cost": 0.0,
                "Total Cost": 6.71,
                "Plan Rows": 303,
                "Plan Width": 0,
                "Actual Startup Time": 0.48,
                "Actual Total Time": 0.48,
                "Actual Rows": 3232,
                "Actual Loops": 3,
                "Index Cond": "(keyword_id = k.id)"
              }
            ]
          }
        ]
      },
      {
        "Node Type": "Index Scan",
        "Parent Relationship": "Inner",
        "Parallel Aware": false,
        "Async Capable": false,
        "Scan Direction": "Forward",
        "Index Name": "title_pkey",
        "Relation Name": "title",
        "Alias": "t",
        "Startup Cost": 0.43,
        "Total Cost": 1.6,
        "Plan Rows": 1,
        "Plan Width": 21,
        "Actual Startup Time": 0.006,
        "Actual Total Time": 0.006,
        "Actual Rows": 0,
        "Actual Loops": 9696,
        "Index Cond": "(id = mk.movie_id)",
        "Rows Removed by Index Recheck": 0,
        "Filter": "(production_year > 2010)",
        "Rows Removed by Filter": 1
      }
    ]
  }
}