{
  "Plan": {
    "Node Type": "Nested Loop",
    "Parent Relationship": "Outer",
    "Parallel Aware": false,
    "Async Capable": false,
    "Join Type": "Inner",
    "Startup Cost": 6.78,
    "Total Cost": 6114.56,
    "Plan Rows": 101,
    "Plan Width": 4,
    "Actual Startup Time": 0.867,
    "Actual Total Time": 52.054,
    "Actual Rows": 9696,
    "Actual Loops": 1,
    "Inner Unique": false,
    "Plans": [
      {
        "Node Type": "Seq Scan",
        "Parent Relationship": "Outer",
        "Parallel Aware": false,
        "Async Capable": false,
        "Relation Name": "keyword",
        "Alias": "k",
        "Startup Cost": 0.0,
        "Total Cost": 2793.84,
        "Plan Rows": 3,
        "Plan Width": 4,
        "Actual Startup Time": 0.011,
        "Actual Total Time": 17.025,
        "Actual Rows": 3,
        "Actual Loops": 1,
        "Filter": "((keyword)::text = ANY ('{hero,martial-arts,hand-to-hand-combat}'::text[]))",
        "Rows Removed by Filter": 134167
      },
      {
        "Node Type": "Bitmap Heap Scan",
        "Parent Relationship": "Inner",
        "Parallel Aware": false,
        "Async Capable": false,
        "Relation Name": "movie_keyword",
        "Alias": "mk",
        "Startup Cost": 6.78,
        "Total Cost": 1103.88,
        "Plan Rows": 303,
        "Plan Width": 8,
        "Actual Startup Time": 0.829,
        "Actual Total Time": 11.292,
        "Actual Rows": 3232,
        "Actual Loops": 3,
        "Recheck Cond": "(keyword_id = k.id)",
        "Rows Removed by Index Recheck": 0,
        "Exact Heap Blocks": 7446,
        "Lossy Heap Blocks": 0,
        "Plans": [
          {
            "Node Type": "Bitmap Index Scan",
            "Parent Relationship": "Outer",
            "Parallel Aware": false,
            "Async Capable": false,
            "Index Name": "keyword_id_movie_keyword",
            "Startup Cost": 0.0,
            "Total Cost": 6.71,
            "Plan Rows": 303,
            "Plan Width": 0,
            "Actual Startup Time": 0.48,
            "Actual Total Time": 0.48,
            "Actual Rows": 3232,
            "Actual Loops": 3,
            "Index Cond": "(keyword_id = k.id)"
          }
        ]
      }
    ]
  }
}