{
  "Plan": {
    "Node Type": "Nested Loop",
    "Parent Relationship": "Outer",
    "Parallel Aware": false,
    "Async Capable": false,
    "Join Type": "Inner",
    "Startup Cost": 6.78,
    "Total Cost": 3747.04,
    "Plan Rows": 34,
    "Plan Width": 20,
    "Actual Startup Time": 0.748,
    "Actual Total Time": 18.707,
    "Actual Rows": 14,
    "Actual Loops": 1,
    "Inner Unique": false,
    "Plans": [
      {
        "Node Type": "Seq Scan",
        "Parent Relationship": "Outer",
        "Parallel Aware": false,
        "Async Capable": false,
        "Relation Name": "keyword",
        "Alias": "k",
        "Startup Cost": 0.0,
        "Total Cost": 2626.12,
        "Plan Rows": 1,
        "Plan Width": 20,
        "Actual Startup Time": 0.673,
        "Actual Total Time": 18.527,
        "Actual Rows": 1,
        "Actual Loops": 1,
        "Filter": "((keyword)::text = 'marvel-cinematic-universe'::text)",
        "Rows Removed by Filter": 134169
      },
      {
        "Node Type": "Bitmap Heap Scan",
        "Parent Relationship": "Inner",
        "Parallel Aware": false,
        "Async Capable": false,
        "Relation Name": "movie_keyword",
        "Alias": "mk",
        "Startup Cost": 6.78,
        "Total Cost": 1117.89,
        "Plan Rows": 303,
        "Plan Width": 8,
        "Actual Startup Time": 0.067,
        "Actual Total Time": 0.166,
        "Actual Rows": 14,
        "Actual Loops": 1,
        "Recheck Cond": "(keyword_id = k.id)",
        "Rows Removed by Index Recheck": 0,
        "Exact Heap Blocks": 12,
        "Lossy Heap Blocks": 0,
        "Plans": [
          {
            "Node Type": "Bitmap Index Scan",
            "Parent Relationship": "Outer",
            "Parallel Aware": false,
            "Async Capable": false,
            "Index Name": "keyword_id_movie_keyword",
            "Startup Cost": 0.0,
            "Total Cost": 6.71,
            "Plan Rows": 303,
            "Plan Width": 0,
            "Actual Startup Time": 0.044,
            "Actual Total Time": 0.044,
            "Actual Rows": 14,
            "Actual Loops": 1,
            "Index Cond": "(keyword_id = k.id)"
          }
        ]
      }
    ]
  }
}