{
  "Plan": {
    "Node Type": "Nested Loop",
    "Parent Relationship": "Outer",
    "Parallel Aware": false,
    "Async Capable": false,
    "Join Type": "Inner",
    "Startup Cost": 9.79,
    "Total Cost": 6605.34,
    "Plan Rows": 1,
    "Plan Width": 45,
    "Actual Startup Time": 2.121,
    "Actual Total Time": 501.794,
    "Actual Rows": 6518,
    "Actual Loops": 1,
    "Inner Unique": false,
    "Join Filter": "(t.id = mi.movie_id)",
    "Rows Removed by Join Filter": 0,
    "Plans": [
      {
        "Node Type": "Nested Loop",
        "Parent Relationship": "Outer",
        "Parallel Aware": false,
        "Async Capable": false,
        "Join Type": "Inner",
        "Startup Cost": 9.36,
        "Total Cost": 6577.13,
        "Plan Rows": 1,
        "Plan Width": 57,
        "Actual Startup Time": 2.084,
        "Actual Total Time": 427.247,
        "Actual Rows": 4044,
        "Actual Loops": 1,
        "Inner Unique": false,
        "Join Filter": "(ci.role_id = rt.id)",
        "Rows Removed by Join Filter": 16942,
        "Plans": [
          {
            "Node Type": "Seq Scan",
            "Parent Relationship": "Outer",
            "Parallel Aware": false,
            "Async Capable": false,
            "Relation Name": "role_type",
            "Alias": "rt",
            "Startup Cost": 0.0,
            "Total Cost": 18.88,
            "Plan Rows": 4,
            "Plan Width": 4,
            "Actual Startup Time": 0.006,
            "Actual Total Time": 0.008,
            "Actual Rows": 1,
            "Actual Loops": 1,
            "Filter": "((role)::text = 'actress'::text)",
            "Rows Removed by Filter": 11
          },
          {
            "Node Type": "Materialize",
            "Parent Relationship": "Inner",
            "Parallel Aware": false,
            "Async Capable": false,
            "Startup Cost": 9.36,
            "Total Cost": 6558.14,
            "Plan Rows": 2,
            "Plan Width": 61,
            "Actual Startup Time": 1.925,
            "Actual Total Time": 424.389,
            "Actual Rows": 20986,
            "Actual Loops": 1,
            "Plans": [
              {
                "Node Type": "Nested Loop",
                "Parent Relationship": "Outer",
                "Parallel Aware": false,
                "Async Capable": false,
                "Join Type": "Inner",
                "Startup Cost": 9.36,
                "Total Cost": 6558.13,
                "Plan Rows": 2,
                "Plan Width": 61,
                "Actual Startup Time": 1.922,
                "Actual Total Time": 415.334,
                "Actual Rows": 20986,
                "Actual Loops": 1,
                "Inner Unique": false,
                "Plans": [
                  {
                    "Node Type": "Nested Loop",
                    "Parent Relationship": "Outer",
                    "Parallel Aware": false,
                    "Async Capable": false,
                    "Join Type": "Inner",
                    "Startup Cost": 8.93,
                    "Total Cost": 6557.12,
                    "Plan Rows": 1,
                    "Plan Width": 57,
                    "Actual Startup Time": 1.904,
                    "Actual Total Time": 393.864,
                    "Actual Rows": 7195,
                    "Actual Loops": 1,
                    "Inner Unique": true,
                    "Plans": [
                      {
                        "Node Type": "Nested Loop",
                        "Parent Relationship": "Outer",
                        "Parallel Aware": false,
                        "Async Capable": false,
                        "Join Type": "Inner",
                        "Startup Cost": 8.5,
                        "Total Cost": 6553.62,
                        "Plan Rows": 2,
                        "Plan Width": 45,
                        "Actual Startup Time": 1.875,
                        "Actual Total Time": 366.233,
                        "Actual Rows": 7316,
                        "Actual Loops": 1,
                        "Inner Unique": false,
                        "Join Filter": "(t.id = ci.movie_id)",
                        "Rows Removed by Join Filter": 0,
                        "Plans": [
                          {
                            "Node Type": "Nested Loop",
                            "Parent Relationship": "Outer",
                            "Parallel Aware": false,
                            "Async Capable": false,
                            "Join Type": "Inner",
                            "Startup Cost": 8.06,
                            "Total Cost": 6356.16,
                            "Plan Rows": 6,
                            "Plan Width": 29,
                            "Actual Startup Time": 1.094,
                            "Actual Total Time": 151.257,
                            "Actual Rows": 1576,
                            "Actual Loops": 1,
                            "Inner Unique": true,
                            "Plans": [
                              {
                                "Node Type": "Nested Loop",
                                "Parent Relationship": "Outer",
                                "Parallel Aware": false,
                                "Async Capable": false,
                                "Join Type": "Inner",
                                "Startup Cost": 7.64,
                                "Total Cost": 6331.04,
                                "Plan Rows": 17,
                                "Plan Width": 33,
                                "Actual Startup Time": 1.077,
                                "Actual Total Time": 120.099,
                                "Actual Rows": 5566,
                                "Actual Loops": 1,
                                "Inner Unique": false,
                                "Join Filter": "(t.id = mc.movie_id)",
                                "Rows Removed by Join Filter": 0,
                                "Plans": [
                                  {
                                    "Node Type": "Nested Loop",
                                    "Parent Relationship": "Outer",
                                    "Parallel Aware": false,
                                    "Async Capable": false,
                                    "Join Type": "Inner",
                                    "Startup Cost": 7.21,
                                    "Total Cost": 6276.51,
                                    "Plan Rows": 16,
                                    "Plan Width": 25,
                                    "Actual Startup Time": 1.059,
                                    "Actual Total Time": 112.596,
                                    "Actual Rows": 495,
                                    "Actual Loops": 1,
                                    "Inner Unique": true,
                                    "Plans": [
                                      {
                                        "Node Type": "Nested Loop",
                                        "Parent Relationship": "Outer",
                                        "Parallel Aware": false,
                                        "Async Capable": false,
                                        "Join Type": "Inner",
                                        "Startup Cost": 6.78,
                                        "Total Cost": 6114.56,
                                        "Plan Rows": 101,
                                        "Plan Width": 4,
                                        "Actual Startup Time": 0.867,
                                        "Actual Total Time": 52.054,
                                        "Actual Rows": 9696,
                                        "Actual Loops": 1,
                                        "Inner Unique": false,
                                        "Plans": [
                                          {
                                            "Node Type": "Seq Scan",
                                            "Parent Relationship": "Outer",
                                            "Parallel Aware": false,
                                            "Async Capable": false,
                                            "Relation Name": "keyword",
                                            "Alias": "k",
                                            "Startup Cost": 0.0,
                                            "Total Cost": 2793.84,
                                            "Plan Rows": 3,
                                            "Plan Width": 4,
                                            "Actual Startup Time": 0.011,
                                            "Actual Total Time": 17.025,
                                            "Actual Rows": 3,
                                            "Actual Loops": 1,
                                            "Filter": "((keyword)::text = ANY ('{hero,martial-arts,hand-to-hand-combat}'::text[]))",
                                            "Rows Removed by Filter": 134167
                                          },
                                          {
                                            "Node Type": "Bitmap Heap Scan",
                                            "Parent Relationship": "Inner",
                                            "Parallel Aware": false,
                                            "Async Capable": false,
                                            "Relation Name": "movie_keyword",
                                            "Alias": "mk",
                                            "Startup Cost": 6.78,
                                            "Total Cost": 1103.88,
                                            "Plan Rows": 303,
                                            "Plan Width": 8,
                                            "Actual Startup Time": 0.829,
                                            "Actual Total Time": 11.292,
                                            "Actual Rows": 3232,
                                            "Actual Loops": 3,
                                            "Recheck Cond": "(keyword_id = k.id)",
                                            "Rows Removed by Index Recheck": 0,
                                            "Exact Heap Blocks": 7446,
                                            "Lossy Heap Blocks": 0,
                                            "Plans": [
                                              {
                                                "Node Type": "Bitmap Index Scan",
                                                "Parent Relationship": "Outer",
                                                "Parallel Aware": false,
                                                "Async Capable": false,
                                                "Index Name": "keyword_id_movie_keyword",
                                                "Startup Cost": 0.0,
                                                "Total Cost": 6.71,
                                                "Plan Rows": 303,
                                                "Plan Width": 0,
                                                "Actual Startup Time": 0.48,
                                                "Actual Total Time": 0.48,
                                                "Actual Rows": 3232,
                                                "Actual Loops": 3,
                                                "Index Cond": "(keyword_id = k.id)"
                                              }
                                            ]
                                          }
                                        ]
                                      },
                                      {
                                        "Node Type": "Index Scan",
                                        "Parent Relationship": "Inner",
                                        "Parallel Aware": false,
                                        "Async Capable": false,
                                        "Scan Direction": "Forward",
                                        "Index Name": "title_pkey",
                                        "Relation Name": "title",
                                        "Alias": "t",
                                        "Startup Cost": 0.43,
                                        "Total Cost": 1.6,
                                        "Plan Rows": 1,
                                        "Plan Width": 21,
                                        "Actual Startup Time": 0.006,
                                        "Actual Total Time": 0.006,
                                        "Actual Rows": 0,
                                        "Actual Loops": 9696,
                                        "Index Cond": "(id = mk.movie_id)",
                                        "Rows Removed by Index Recheck": 0,
                                        "Filter": "(production_year > 2010)",
                                        "Rows Removed by Filter": 1
                                      }
                                    ]
                                  },
                                  {
                                    "Node Type": "Index Scan",
                                    "Parent Relationship": "Inner",
                                    "Parallel Aware": false,
                                    "Async Capable": false,
                                    "Scan Direction": "Forward",
                                    "Index Name": "movie_id_movie_companies",
                                    "Relation Name": "movie_companies",
                                    "Alias": "mc",
                                    "Startup Cost": 0.43,
                                    "Total Cost": 3.35,
                                    "Plan Rows": 5,
                                    "Plan Width": 8,
                                    "Actual Startup Time": 0.008,
                                    "Actual Total Time": 0.013,
                                    "Actual Rows": 11,
                                    "Actual Loops": 495,
                                    "Index Cond": "(movie_id = mk.movie_id)",
                                    "Rows Removed by Index Recheck": 0
                                  }
                                ]
                              },
                              {
                                "Node Type": "Index Scan",
                                "Parent Relationship": "Inner",
                                "Parallel Aware": false,
                                "Async Capable": false,
                                "Scan Direction": "Forward",
                                "Index Name": "company_name_pkey",
                                "Relation Name": "company_name",
                                "Alias": "cn",
                                "Startup Cost": 0.42,
                                "Total Cost": 1.48,
                                "Plan Rows": 1,
                                "Plan Width": 4,
                                "Actual Startup Time": 0.005,
                                "Actual Total Time": 0.005,
                                "Actual Rows": 0,
                                "Actual Loops": 5566,
                                "Index Cond": "(id = mc.company_id)",
                                "Rows Removed by Index Recheck": 0,
                                "Filter": "((country_code)::text = '[us]'::text)",
                                "Rows Removed by Filter": 1
                              }
                            ]
                          },
                          {
                            "Node Type": "Index Scan",
                            "Parent Relationship": "Inner",
                            "Parallel Aware": false,
                            "Async Capable": false,
                            "Scan Direction": "Forward",
                            "Index Name": "movie_id_cast_info",
                            "Relation Name": "cast_info",
                            "Alias": "ci",
                            "Startup Cost": 0.44,
                            "Total Cost": 32.9,
                            "Plan Rows": 1,
                            "Plan Width": 16,
                            "Actual Startup Time": 0.088,
                            "Actual Total Time": 0.135,
                            "Actual Rows": 5,
                            "Actual Loops": 1576,
                            "Index Cond": "(movie_id = mk.movie_id)",
                            "Rows Removed by Index Recheck": 0,
                            "Filter": "((note)::text = ANY ('{(voice),\"(voice: Japanese version)\",\"(voice) (uncredited)\",\"(voice: English version)\"}'::text[]))",
                            "Rows Removed by Filter": 136
                          }
                        ]
                      },
                      {
                        "Node Type": "Index Scan",
                        "Parent Relationship": "Inner",
                        "Parallel Aware": false,
                        "Async Capable": false,
                        "Scan Direction": "Forward",
                        "Index Name": "char_name_pkey",
                        "Relation Name": "char_name",
                        "Alias": "chn",
                        "Startup Cost": 0.43,
                        "Total Cost": 1.75,
                        "Plan Rows": 1,
                        "Plan Width": 20,
                        "Actual Startup Time": 0.003,
                        "Actual Total Time": 0.003,
                        "Actual Rows": 1,
                        "Actual Loops": 7316,
                        "Index Cond": "(id = ci.person_role_id)",
                        "Rows Removed by Index Recheck": 0
                      }
                    ]
                  },
                  {
                    "Node Type": "Index Only Scan",
                    "Parent Relationship": "Inner",
                    "Parallel Aware": false,
                    "Async Capable": false,
                    "Scan Direction": "Forward",
                    "Index Name": "person_id_aka_name",
                    "Relation Name": "aka_name",
                    "Alias": "an",
                    "Startup Cost": 0.42,
                    "Total Cost": 0.99,
                    "Plan Rows": 2,
                    "Plan Width": 4,
                    "Actual Startup Time": 0.002,
                    "Actual Total Time": 0.002,
                    "Actual Rows": 3,
                    "Actual Loops": 7195,
                    "Index Cond": "(person_id = ci.person_id)",
                    "Rows Removed by Index Recheck": 0,
                    "Heap Fetches": 0
                  }
                ]
              }
            ]
          }
        ]
      },
      {
        "Node Type": "Index Scan",
        "Parent Relationship": "Inner",
        "Parallel Aware": false,
        "Async Capable": false,
        "Scan Direction": "Forward",
        "Index Name": "movie_id_movie_info",
        "Relation Name": "movie_info",
        "Alias": "mi",
        "Startup Cost": 0.43,
        "Total Cost": 28.2,
        "Plan Rows": 1,
        "Plan Width": 8,
        "Actual Startup Time": 0.004,
        "Actual Total Time": 0.018,
        "Actual Rows": 2,
        "Actual Loops": 4044,
        "Index Cond": "(movie_id = mk.movie_id)",
        "Rows Removed by Index Recheck": 0,
        "Filter": "((info IS NOT NULL) AND (((info)::text ~~ 'Japan:%201%'::text) OR ((info)::text ~~ 'USA:%201%'::text)))",
        "Rows Removed by Filter": 57
      }
    ]
  }
}