{
  "Plan": {
    "Node Type": "Nested Loop",
    "Parent Relationship": "Outer",
    "Parallel Aware": false,
    "Async Capable": false,
    "Join Type": "Inner",
    "Startup Cost": 0.86,
    "Total Cost": 6896.09,
    "Plan Rows": 1,
    "Plan Width": 25,
    "Actual Startup Time": 11.191,
    "Actual Total Time": 34.383,
    "Actual Rows": 4,
    "Actual Loops": 1,
    "Inner Unique": true,
    "Plans": [
      {
        "Node Type": "Nested Loop",
        "Parent Relationship": "Outer",
        "Parallel Aware": false,
        "Async Capable": false,
        "Join Type": "Inner",
        "Startup Cost": 0.43,
        "Total Cost": 6878.15,
        "Plan Rows": 11,
        "Plan Width": 4,
        "Actual Startup Time": 10.771,
        "Actual Total Time": 33.073,
        "Actual Rows": 99,
        "Actual Loops": 1,
        "Inner Unique": false,
        "Plans": [
          {
            "Node Type": "Seq Scan",
            "Parent Relationship": "Outer",
            "Parallel Aware": false,
            "Async Capable": false,
            "Relation Name": "company_name",
            "Alias": "cn",
            "Startup Cost": 0.0,
            "Total Cost": 6519.95,
            "Plan Rows": 1,
            "Plan Width": 4,
            "Actual Startup Time": 10.731,
            "Actual Total Time": 32.556,
            "Actual Rows": 1,
            "Actual Loops": 1,
            "Filter": "(((country_code)::text = '[us]'::text) AND ((name)::text = 'DreamWorks Animation'::text))",
            "Rows Removed by Filter": 234996
          },
          {
            "Node Type": "Index Scan",
            "Parent Relationship": "Inner",
            "Parallel Aware": false,
            "Async Capable": false,
            "Scan Direction": "Forward",
            "Index Name": "company_id_movie_companies",
            "Relation Name": "movie_companies",
            "Alias": "mc",
            "Startup Cost": 0.43,
            "Total Cost": 356.87,
            "Plan Rows": 133,
            "Plan Width": 8,
            "Actual Startup Time": 0.038,
            "Actual Total Time": 0.5,
            "Actual Rows": 99,
            "Actual Loops": 1,
            "Index Cond": "(company_id = cn.id)",
            "Rows Removed by Index Recheck": 0
          }
        ]
      },
      {
        "Node Type": "Index Scan",
        "Parent Relationship": "Inner",
        "Parallel Aware": false,
        "Async Capable": false,
        "Scan Direction": "Forward",
        "Index Name": "title_pkey",
        "Relation Name": "title",
        "Alias": "t",
        "Startup Cost": 0.43,
        "Total Cost": 1.62,
        "Plan Rows": 1,
        "Plan Width": 21,
        "Actual Startup Time": 0.013,
        "Actual Total Time": 0.013,
        "Actual Rows": 0,
        "Actual Loops": 99,
        "Index Cond": "(id = mc.movie_id)",
        "Rows Removed by Index Recheck": 0,
        "Filter": "((production_year > 2010) AND ((title)::text ~~ 'Kung Fu Panda%'::text))",
        "Rows Removed by Filter": 1
      }
    ]
  }
}