{
  "Plan": {
    "Node Type": "Nested Loop",
    "Parent Relationship": "Inner",
    "Parallel Aware": false,
    "Async Capable": false,
    "Join Type": "Inner",
    "Startup Cost": 7.21,
    "Total Cost": 8726.34,
    "Plan Rows": 512,
    "Plan Width": 18,
    "Actual Startup Time": 4.092,
    "Actual Total Time": 488.378,
    "Actual Rows": 152720,
    "Actual Loops": 1,
    "Inner Unique": false,
    "Plans": [
      {
        "Node Type": "Nested Loop",
        "Parent Relationship": "Outer",
        "Parallel Aware": false,
        "Async Capable": false,
        "Join Type": "Inner",
        "Startup Cost": 6.78,
        "Total Cost": 8593.71,
        "Plan Rows": 169,
        "Plan Width": 4,
        "Actual Startup Time": 4.068,
        "Actual Total Time": 230.518,
        "Actual Rows": 62096,
        "Actual Loops": 1,
        "Inner Unique": false,
        "Plans": [
          {
            "Node Type": "Seq Scan",
            "Parent Relationship": "Outer",
            "Parallel Aware": false,
            "Async Capable": false,
            "Relation Name": "keyword",
            "Alias": "k",
            "Startup Cost": 0.0,
            "Total Cost": 3129.26,
            "Plan Rows": 5,
            "Plan Width": 4,
            "Actual Startup Time": 0.783,
            "Actual Total Time": 21.197,
            "Actual Rows": 5,
            "Actual Loops": 1,
            "Filter": "((keyword)::text = ANY ('{murder,blood,gore,death,female-nudity}'::text[]))",
            "Rows Removed by Filter": 134165
          },
          {
            "Node Type": "Bitmap Heap Scan",
            "Parent Relationship": "Inner",
            "Parallel Aware": false,
            "Async Capable": false,
            "Relation Name": "movie_keyword",
            "Alias": "mk",
            "Startup Cost": 6.78,
            "Total Cost": 1089.86,
            "Plan Rows": 303,
            "Plan Width": 8,
            "Actual Startup Time": 2.758,
            "Actual Total Time": 40.195,
            "Actual Rows": 12419,
            "Actual Loops": 5,
            "Recheck Cond": "(keyword_id = k.id)",
            "Rows Removed by Index Recheck": 0,
            "Exact Heap Blocks": 41331,
            "Lossy Heap Blocks": 0,
            "Plans": [
              {
                "Node Type": "Bitmap Index Scan",
                "Parent Relationship": "Outer",
                "Parallel Aware": false,
                "Async Capable": false,
                "Index Name": "keyword_id_movie_keyword",
                "Startup Cost": 0.0,
                "Total Cost": 6.71,
                "Plan Rows": 303,
                "Plan Width": 0,
                "Actual Startup Time": 1.519,
                "Actual Total Time": 1.519,
                "Actual Rows": 12419,
                "Actual Loops": 5,
                "Index Cond": "(keyword_id = k.id)"
              }
            ]
          }
        ]
      },
      {
        "Node Type": "Index Scan",
        "Parent Relationship": "Inner",
        "Parallel Aware": false,
        "Async Capable": false,
        "Scan Direction": "Forward",
        "Index Name": "movie_id_movie_info_idx",
        "Relation Name": "movie_info_idx",
        "Alias": "mi_idx",
        "Startup Cost": 0.43,
        "Total Cost": 0.75,
        "Plan Rows": 3,
        "Plan Width": 14,
        "Actual Startup Time": 0.003,
        "Actual Total Time": 0.004,
        "Actual Rows": 2,
        "Actual Loops": 62096,
        "Index Cond": "(movie_id = mk.movie_id)",
        "Rows Removed by Index Recheck": 0
      }
    ]
  }
}