{
  "Plan": {
    "Node Type": "Nested Loop",
    "Parent Relationship": "Outer",
    "Parallel Aware": false,
    "Async Capable": false,
    "Join Type": "Inner",
    "Startup Cost": 8.08,
    "Total Cost": 3766.14,
    "Plan Rows": 1,
    "Plan Width": 48,
    "Actual Startup Time": 1.588,
    "Actual Total Time": 21.512,
    "Actual Rows": 2,
    "Actual Loops": 1,
    "Inner Unique": true,
    "Plans": [
      {
        "Node Type": "Nested Loop",
        "Parent Relationship": "Outer",
        "Parallel Aware": false,
        "Async Capable": false,
        "Join Type": "Inner",
        "Startup Cost": 7.65,
        "Total Cost": 3765.68,
        "Plan Rows": 1,
        "Plan Width": 37,
        "Actual Startup Time": 0.888,
        "Actual Total Time": 20.957,
        "Actual Rows": 33,
        "Actual Loops": 1,
        "Inner Unique": false,
        "Join Filter": "(t.id = ci.movie_id)",
        "Rows Removed by Join Filter": 0,
        "Plans": [
          {
            "Node Type": "Nested Loop",
            "Parent Relationship": "Outer",
            "Parallel Aware": false,
            "Async Capable": false,
            "Join Type": "Inner",
            "Startup Cost": 7.21,
            "Total Cost": 3763.7,
            "Plan Rows": 1,
            "Plan Width": 41,
            "Actual Startup Time": 0.843,
            "Actual Total Time": 20.635,
            "Actual Rows": 2,
            "Actual Loops": 1,
            "Inner Unique": true,
            "Plans": [
              {
                "Node Type": "Nested Loop",
                "Parent Relationship": "Outer",
                "Parallel Aware": false,
                "Async Capable": false,
                "Join Type": "Inner",
                "Startup Cost": 6.78,
                "Total Cost": 3747.04,
                "Plan Rows": 34,
                "Plan Width": 20,
                "Actual Startup Time": 0.735,
                "Actual Total Time": 20.256,
                "Actual Rows": 14,
                "Actual Loops": 1,
                "Inner Unique": false,
                "Plans": [
                  {
                    "Node Type": "Seq Scan",
                    "Parent Relationship": "Outer",
                    "Parallel Aware": false,
                    "Async Capable": false,
                    "Relation Name": "keyword",
                    "Alias": "k",
                    "Startup Cost": 0.0,
                    "Total Cost": 2626.12,
                    "Plan Rows": 1,
                    "Plan Width": 20,
                    "Actual Startup Time": 0.66,
                    "Actual Total Time": 20.032,
                    "Actual Rows": 1,
                    "Actual Loops": 1,
                    "Filter": "((keyword)::text = 'marvel-cinematic-universe'::text)",
                    "Rows Removed by Filter": 134169
                  },
                  {
                    "Node Type": "Bitmap Heap Scan",
                    "Parent Relationship": "Inner",
                    "Parallel Aware": false,
                    "Async Capable": false,
                    "Relation Name": "movie_keyword",
                    "Alias": "mk",
                    "Startup Cost": 6.78,
                    "Total Cost": 1117.89,
                    "Plan Rows": 303,
                    "Plan Width": 8,
                    "Actual Startup Time": 0.067,
                    "Actual Total Time": 0.211,
                    "Actual Rows": 14,
                    "Actual Loops": 1,
                    "Recheck Cond": "(keyword_id = k.id)",
                    "Rows Removed by Index Recheck": 0,
                    "Exact Heap Blocks": 12,
                    "Lossy Heap Blocks": 0,
                    "Plans": [
                      {
                        "Node Type": "Bitmap Index Scan",
                        "Parent Relationship": "Outer",
                        "Parallel Aware": false,
                        "Async Capable": false,
                        "Index Name": "keyword_id_movie_keyword",
                        "Startup Cost": 0.0,
                        "Total Cost": 6.71,
                        "Plan Rows": 303,
                        "Plan Width": 0,
                        "Actual Startup Time": 0.044,
                        "Actual Total Time": 0.044,
                        "Actual Rows": 14,
                        "Actual Loops": 1,
                        "Index Cond": "(keyword_id = k.id)"
                      }
                    ]
                  }
                ]
              },
              {
                "Node Type": "Index Scan",
                "Parent Relationship": "Inner",
                "Parallel Aware": false,
                "Async Capable": false,
                "Scan Direction": "Forward",
                "Index Name": "title_pkey",
                "Relation Name": "title",
                "Alias": "t",
                "Startup Cost": 0.43,
                "Total Cost": 0.49,
                "Plan Rows": 1,
                "Plan Width": 21,
                "Actual Startup Time": 0.026,
                "Actual Total Time": 0.026,
                "Actual Rows": 0,
                "Actual Loops": 14,
                "Index Cond": "(id = mk.movie_id)",
                "Rows Removed by Index Recheck": 0,
                "Filter": "(production_year > 2014)",
                "Rows Removed by Filter": 1
              }
            ]
          },
          {
            "Node Type": "Index Scan",
            "Parent Relationship": "Inner",
            "Parallel Aware": false,
            "Async Capable": false,
            "Scan Direction": "Forward",
            "Index Name": "movie_id_cast_info",
            "Relation Name": "cast_info",
            "Alias": "ci",
            "Startup Cost": 0.44,
            "Total Cost": 1.45,
            "Plan Rows": 43,
            "Plan Width": 8,
            "Actual Startup Time": 0.036,
            "Actual Total Time": 0.153,
            "Actual Rows": 16,
            "Actual Loops": 2,
            "Index Cond": "(movie_id = mk.movie_id)",
            "Rows Removed by Index Recheck": 0
          }
        ]
      },
      {
        "Node Type": "Index Scan",
        "Parent Relationship": "Inner",
        "Parallel Aware": false,
        "Async Capable": false,
        "Scan Direction": "Forward",
        "Index Name": "name_pkey",
        "Relation Name": "name",
        "Alias": "n",
        "Startup Cost": 0.43,
        "Total Cost": 0.46,
        "Plan Rows": 1,
        "Plan Width": 19,
        "Actual Startup Time": 0.016,
        "Actual Total Time": 0.016,
        "Actual Rows": 0,
        "Actual Loops": 33,
        "Index Cond": "(id = ci.person_id)",
        "Rows Removed by Index Recheck": 0,
        "Filter": "((name)::text ~~ '%Downey%Robert%'::text)",
        "Rows Removed by Filter": 1
      }
    ]
  }
}