{
  "Plan": {
    "Node Type": "Nested Loop",
    "Parent Relationship": "Outer",
    "Parallel Aware": false,
    "Async Capable": false,
    "Join Type": "Inner",
    "Startup Cost": 8.51,
    "Total Cost": 8771.17,
    "Plan Rows": 1,
    "Plan Width": 68,
    "Actual Startup Time": 102.485,
    "Actual Total Time": 517.695,
    "Actual Rows": 6,
    "Actual Loops": 1,
    "Inner Unique": true,
    "Join Filter": "(mi_idx.info_type_id = it2.id)",
    "Rows Removed by Join Filter": 12,
    "Plans": [
      {
        "Node Type": "Nested Loop",
        "Parent Relationship": "Outer",
        "Parallel Aware": false,
        "Async Capable": false,
        "Join Type": "Inner",
        "Startup Cost": 8.51,
        "Total Cost": 8768.75,
        "Plan Rows": 1,
        "Plan Width": 72,
        "Actual Startup Time": 102.459,
        "Actual Total Time": 517.517,
        "Actual Rows": 18,
        "Actual Loops": 1,
        "Inner Unique": false,
        "Join Filter": "(t.id = mi_idx.movie_id)",
        "Rows Removed by Join Filter": 0,
        "Plans": [
          {
            "Node Type": "Nested Loop",
            "Parent Relationship": "Outer",
            "Parallel Aware": false,
            "Async Capable": false,
            "Join Type": "Inner",
            "Startup Cost": 8.09,
            "Total Cost": 8767.96,
            "Plan Rows": 1,
            "Plan Width": 78,
            "Actual Startup Time": 102.433,
            "Actual Total Time": 517.428,
            "Actual Rows": 6,
            "Actual Loops": 1,
            "Inner Unique": true,
            "Join Filter": "(mi.info_type_id = it1.id)",
            "Rows Removed by Join Filter": 0,
            "Plans": [
              {
                "Node Type": "Nested Loop",
                "Parent Relationship": "Outer",
                "Parallel Aware": false,
                "Async Capable": false,
                "Join Type": "Inner",
                "Startup Cost": 8.09,
                "Total Cost": 8765.53,
                "Plan Rows": 1,
                "Plan Width": 82,
                "Actual Startup Time": 102.418,
                "Actual Total Time": 517.383,
                "Actual Rows": 6,
                "Actual Loops": 1,
                "Inner Unique": false,
                "Join Filter": "(t.id = mi.movie_id)",
                "Rows Removed by Join Filter": 0,
                "Plans": [
                  {
                    "Node Type": "Nested Loop",
                    "Parent Relationship": "Outer",
                    "Parallel Aware": false,
                    "Async Capable": false,
                    "Join Type": "Inner",
                    "Startup Cost": 7.65,
                    "Total Cost": 8753.56,
                    "Plan Rows": 1,
                    "Plan Width": 33,
                    "Actual Startup Time": 102.323,
                    "Actual Total Time": 517.076,
                    "Actual Rows": 6,
                    "Actual Loops": 1,
                    "Inner Unique": false,
                    "Join Filter": "(t.id = ci.movie_id)",
                    "Rows Removed by Join Filter": 0,
                    "Plans": [
                      {
                        "Node Type": "Nested Loop",
                        "Parent Relationship": "Outer",
                        "Parallel Aware": false,
                        "Async Capable": false,
                        "Join Type": "Inner",
                        "Startup Cost": 7.21,
                        "Total Cost": 8736.03,
                        "Plan Rows": 1,
                        "Plan Width": 25,
                        "Actual Startup Time": 102.214,
                        "Actual Total Time": 516.343,
                        "Actual Rows": 9,
                        "Actual Loops": 1,
                        "Inner Unique": true,
                        "Plans": [
                          {
                            "Node Type": "Nested Loop",
                            "Parent Relationship": "Outer",
                            "Parallel Aware": false,
                            "Async Capable": false,
                            "Join Type": "Inner",
                            "Startup Cost": 6.78,
                            "Total Cost": 8593.71,
                            "Plan Rows": 169,
                            "Plan Width": 4,
                            "Actual Startup Time": 6.31,
                            "Actual Total Time": 217.535,
                            "Actual Rows": 62096,
                            "Actual Loops": 1,
                            "Inner Unique": false,
                            "Plans": [
                              {
                                "Node Type": "Seq Scan",
                                "Parent Relationship": "Outer",
                                "Parallel Aware": false,
                                "Async Capable": false,
                                "Relation Name": "keyword",
                                "Alias": "k",
                                "Startup Cost": 0.0,
                                "Total Cost": 3129.26,
                                "Plan Rows": 5,
                                "Plan Width": 4,
                                "Actual Startup Time": 1.116,
                                "Actual Total Time": 21.449,
                                "Actual Rows": 5,
                                "Actual Loops": 1,
                                "Filter": "((keyword)::text = ANY ('{murder,blood,gore,death,female-nudity}'::text[]))",
                                "Rows Removed by Filter": 134165
                              },
                              {
                                "Node Type": "Bitmap Heap Scan",
                                "Parent Relationship": "Inner",
                                "Parallel Aware": false,
                                "Async Capable": false,
                                "Relation Name": "movie_keyword",
                                "Alias": "mk",
                                "Startup Cost": 6.78,
                                "Total Cost": 1089.86,
                                "Plan Rows": 303,
                                "Plan Width": 8,
                                "Actual Startup Time": 3.071,
                                "Actual Total Time": 37.816,
                                "Actual Rows": 12419,
                                "Actual Loops": 5,
                                "Recheck Cond": "(keyword_id = k.id)",
                                "Rows Removed by Index Recheck": 0,
                                "Exact Heap Blocks": 41331,
                                "Lossy Heap Blocks": 0,
                                "Plans": [
                                  {
                                    "Node Type": "Bitmap Index Scan",
                                    "Parent Relationship": "Outer",
                                    "Parallel Aware": false,
                                    "Async Capable": false,
                                    "Index Name": "keyword_id_movie_keyword",
                                    "Startup Cost": 0.0,
                                    "Total Cost": 6.71,
                                    "Plan Rows": 303,
                                    "Plan Width": 0,
                                    "Actual Startup Time": 1.657,
                                    "Actual Total Time": 1.657,
                                    "Actual Rows": 12419,
                                    "Actual Loops": 5,
                                    "Index Cond": "(keyword_id = k.id)"
                                  }
                                ]
                              }
                            ]
                          },
                          {
                            "Node Type": "Index Scan",
                            "Parent Relationship": "Inner",
                            "Parallel Aware": false,
                            "Async Capable": false,
                            "Scan Direction": "Forward",
                            "Index Name": "title_pkey",
                            "Relation Name": "title",
                            "Alias": "t",
                            "Startup Cost": 0.43,
                            "Total Cost": 0.84,
                            "Plan Rows": 1,
                            "Plan Width": 21,
                            "Actual Startup Time": 0.005,
                            "Actual Total Time": 0.005,
                            "Actual Rows": 0,
                            "Actual Loops": 62096,
                            "Index Cond": "(id = mk.movie_id)",
                            "Rows Removed by Index Recheck": 0,
                            "Filter": "((production_year > 2010) AND ((title)::text ~~ 'Vampire%'::text))",
                            "Rows Removed by Filter": 1
                          }
                        ]
                      },
                      {
                        "Node Type": "Index Scan",
                        "Parent Relationship": "Inner",
                        "Parallel Aware": false,
                        "Async Capable": false,
                        "Scan Direction": "Forward",
                        "Index Name": "movie_id_cast_info",
                        "Relation Name": "cast_info",
                        "Alias": "ci",
                        "Startup Cost": 0.44,
                        "Total Cost": 17.51,
                        "Plan Rows": 1,
                        "Plan Width": 8,
                        "Actual Startup Time": 0.069,
                        "Actual Total Time": 0.08,
                        "Actual Rows": 1,
                        "Actual Loops": 9,
                        "Index Cond": "(movie_id = mk.movie_id)",
                        "Rows Removed by Index Recheck": 0,
                        "Filter": "((note)::text = ANY ('{(writer),\"(head writer)\",\"(written by)\",(story),\"(story editor)\"}'::text[]))",
                        "Rows Removed by Filter": 21
                      }
                    ]
                  },
                  {
                    "Node Type": "Index Scan",
                    "Parent Relationship": "Inner",
                    "Parallel Aware": false,
                    "Async Capable": false,
                    "Scan Direction": "Forward",
                    "Index Name": "movie_id_movie_info",
                    "Relation Name": "movie_info",
                    "Alias": "mi",
                    "Startup Cost": 0.43,
                    "Total Cost": 11.96,
                    "Plan Rows": 1,
                    "Plan Width": 49,
                    "Actual Startup Time": 0.049,
                    "Actual Total Time": 0.049,
                    "Actual Rows": 1,
                    "Actual Loops": 6,
                    "Index Cond": "(movie_id = mk.movie_id)",
                    "Rows Removed by Index Recheck": 0,
                    "Filter": "((info)::text = 'Horror'::text)",
                    "Rows Removed by Filter": 20
                  }
                ]
              },
              {
                "Node Type": "Seq Scan",
                "Parent Relationship": "Inner",
                "Parallel Aware": false,
                "Async Capable": false,
                "Relation Name": "info_type",
                "Alias": "it1",
                "Startup Cost": 0.0,
                "Total Cost": 2.41,
                "Plan Rows": 1,
                "Plan Width": 4,
                "Actual Startup Time": 0.005,
                "Actual Total Time": 0.005,
                "Actual Rows": 1,
                "Actual Loops": 6,
                "Filter": "((info)::text = 'genres'::text)",
                "Rows Removed by Filter": 2
              }
            ]
          },
          {
            "Node Type": "Index Scan",
            "Parent Relationship": "Inner",
            "Parallel Aware": false,
            "Async Capable": false,
            "Scan Direction": "Forward",
            "Index Name": "movie_id_movie_info_idx",
            "Relation Name": "movie_info_idx",
            "Alias": "mi_idx",
            "Startup Cost": 0.43,
            "Total Cost": 0.75,
            "Plan Rows": 3,
            "Plan Width": 14,
            "Actual Startup Time": 0.012,
            "Actual Total Time": 0.012,
            "Actual Rows": 3,
            "Actual Loops": 6,
            "Index Cond": "(movie_id = mk.movie_id)",
            "Rows Removed by Index Recheck": 0
          }
        ]
      },
      {
        "Node Type": "Seq Scan",
        "Parent Relationship": "Inner",
        "Parallel Aware": false,
        "Async Capable": false,
        "Relation Name": "info_type",
        "Alias": "it2",
        "Startup Cost": 0.0,
        "Total Cost": 2.41,
        "Plan Rows": 1,
        "Plan Width": 4,
        "Actual Startup Time": 0.008,
        "Actual Total Time": 0.009,
        "Actual Rows": 1,
        "Actual Loops": 18,
        "Filter": "((info)::text = 'votes'::text)",
        "Rows Removed by Filter": 108
      }
    ]
  }
}