{
  "Plan": {
    "Node Type": "Nested Loop",
    "Parent Relationship": "Outer",
    "Parallel Aware": false,
    "Async Capable": false,
    "Join Type": "Inner",
    "Startup Cost": 8.08,
    "Total Cost": 8814.98,
    "Plan Rows": 1,
    "Plan Width": 67,
    "Actual Startup Time": 11.964,
    "Actual Total Time": 4098.008,
    "Actual Rows": 7112,
    "Actual Loops": 1,
    "Inner Unique": true,
    "Join Filter": "(mi.info_type_id = it1.id)",
    "Rows Removed by Join Filter": 628,
    "Plans": [
      {
        "Node Type": "Nested Loop",
        "Parent Relationship": "Outer",
        "Parallel Aware": false,
        "Async Capable": false,
        "Join Type": "Inner",
        "Startup Cost": 8.08,
        "Total Cost": 8812.55,
        "Plan Rows": 1,
        "Plan Width": 71,
        "Actual Startup Time": 11.957,
        "Actual Total Time": 4067.376,
        "Actual Rows": 7740,
        "Actual Loops": 1,
        "Inner Unique": false,
        "Join Filter": "(mi.movie_id = ci.movie_id)",
        "Rows Removed by Join Filter": 0,
        "Plans": [
          {
            "Node Type": "Nested Loop",
            "Parent Relationship": "Outer",
            "Parallel Aware": false,
            "Async Capable": false,
            "Join Type": "Inner",
            "Startup Cost": 7.64,
            "Total Cost": 8795.03,
            "Plan Rows": 1,
            "Plan Width": 63,
            "Actual Startup Time": 4.168,
            "Actual Total Time": 2232.185,
            "Actual Rows": 12260,
            "Actual Loops": 1,
            "Inner Unique": false,
            "Join Filter": "(mi_idx.movie_id = mi.movie_id)",
            "Rows Removed by Join Filter": 0,
            "Plans": [
              {
                "Node Type": "Nested Loop",
                "Parent Relationship": "Outer",
                "Parallel Aware": false,
                "Async Capable": false,
                "Join Type": "Inner",
                "Startup Cost": 7.21,
                "Total Cost": 8735.16,
                "Plan Rows": 5,
                "Plan Width": 14,
                "Actual Startup Time": 4.11,
                "Actual Total Time": 505.457,
                "Actual Rows": 50760,
                "Actual Loops": 1,
                "Inner Unique": false,
                "Join Filter": "(mi_idx.info_type_id = it2.id)",
                "Rows Removed by Join Filter": 101960,
                "Plans": [
                  {
                    "Node Type": "Seq Scan",
                    "Parent Relationship": "Outer",
                    "Parallel Aware": false,
                    "Async Capable": false,
                    "Relation Name": "info_type",
                    "Alias": "it2",
                    "Startup Cost": 0.0,
                    "Total Cost": 2.41,
                    "Plan Rows": 1,
                    "Plan Width": 4,
                    "Actual Startup Time": 0.014,
                    "Actual Total Time": 0.021,
                    "Actual Rows": 1,
                    "Actual Loops": 1,
                    "Filter": "((info)::text = 'votes'::text)",
                    "Rows Removed by Filter": 112
                  },
                  {
                    "Node Type": "Nested Loop",
                    "Parent Relationship": "Inner",
                    "Parallel Aware": false,
                    "Async Capable": false,
                    "Join Type": "Inner",
                    "Startup Cost": 7.21,
                    "Total Cost": 8726.34,
                    "Plan Rows": 512,
                    "Plan Width": 18,
                    "Actual Startup Time": 4.092,
                    "Actual Total Time": 488.378,
                    "Actual Rows": 152720,
                    "Actual Loops": 1,
                    "Inner Unique": false,
                    "Plans": [
                      {
                        "Node Type": "Nested Loop",
                        "Parent Relationship": "Outer",
                        "Parallel Aware": false,
                        "Async Capable": false,
                        "Join Type": "Inner",
                        "Startup Cost": 6.78,
                        "Total Cost": 8593.71,
                        "Plan Rows": 169,
                        "Plan Width": 4,
                        "Actual Startup Time": 4.068,
                        "Actual Total Time": 230.518,
                        "Actual Rows": 62096,
                        "Actual Loops": 1,
                        "Inner Unique": false,
                        "Plans": [
                          {
                            "Node Type": "Seq Scan",
                            "Parent Relationship": "Outer",
                            "Parallel Aware": false,
                            "Async Capable": false,
                            "Relation Name": "keyword",
                            "Alias": "k",
                            "Startup Cost": 0.0,
                            "Total Cost": 3129.26,
                            "Plan Rows": 5,
                            "Plan Width": 4,
                            "Actual Startup Time": 0.783,
                            "Actual Total Time": 21.197,
                            "Actual Rows": 5,
                            "Actual Loops": 1,
                            "Filter": "((keyword)::text = ANY ('{murder,blood,gore,death,female-nudity}'::text[]))",
                            "Rows Removed by Filter": 134165
                          },
                          {
                            "Node Type": "Bitmap Heap Scan",
                            "Parent Relationship": "Inner",
                            "Parallel Aware": false,
                            "Async Capable": false,
                            "Relation Name": "movie_keyword",
                            "Alias": "mk",
                            "Startup Cost": 6.78,
                            "Total Cost": 1089.86,
                            "Plan Rows": 303,
                            "Plan Width": 8,
                            "Actual Startup Time": 2.758,
                            "Actual Total Time": 40.195,
                            "Actual Rows": 12419,
                            "Actual Loops": 5,
                            "Recheck Cond": "(keyword_id = k.id)",
                            "Rows Removed by Index Recheck": 0,
                            "Exact Heap Blocks": 41331,
                            "Lossy Heap Blocks": 0,
                            "Plans": [
                              {
                                "Node Type": "Bitmap Index Scan",
                                "Parent Relationship": "Outer",
                                "Parallel Aware": false,
                                "Async Capable": false,
                                "Index Name": "keyword_id_movie_keyword",
                                "Startup Cost": 0.0,
                                "Total Cost": 6.71,
                                "Plan Rows": 303,
                                "Plan Width": 0,
                                "Actual Startup Time": 1.519,
                                "Actual Total Time": 1.519,
                                "Actual Rows": 12419,
                                "Actual Loops": 5,
                                "Index Cond": "(keyword_id = k.id)"
                              }
                            ]
                          }
                        ]
                      },
                      {
                        "Node Type": "Index Scan",
                        "Parent Relationship": "Inner",
                        "Parallel Aware": false,
                        "Async Capable": false,
                        "Scan Direction": "Forward",
                        "Index Name": "movie_id_movie_info_idx",
                        "Relation Name": "movie_info_idx",
                        "Alias": "mi_idx",
                        "Startup Cost": 0.43,
                        "Total Cost": 0.75,
                        "Plan Rows": 3,
                        "Plan Width": 14,
                        "Actual Startup Time": 0.003,
                        "Actual Total Time": 0.004,
                        "Actual Rows": 2,
                        "Actual Loops": 62096,
                        "Index Cond": "(movie_id = mk.movie_id)",
                        "Rows Removed by Index Recheck": 0
                      }
                    ]
                  }
                ]
              },
              {
                "Node Type": "Index Scan",
                "Parent Relationship": "Inner",
                "Parallel Aware": false,
                "Async Capable": false,
                "Scan Direction": "Forward",
                "Index Name": "movie_id_movie_info",
                "Relation Name": "movie_info",
                "Alias": "mi",
                "Startup Cost": 0.43,
                "Total Cost": 11.96,
                "Plan Rows": 1,
                "Plan Width": 49,
                "Actual Startup Time": 0.033,
                "Actual Total Time": 0.034,
                "Actual Rows": 0,
                "Actual Loops": 50760,
                "Index Cond": "(movie_id = mk.movie_id)",
                "Rows Removed by Index Recheck": 0,
                "Filter": "((info)::text = 'Horror'::text)",
                "Rows Removed by Filter": 56
              }
            ]
          },
          {
            "Node Type": "Index Scan",
            "Parent Relationship": "Inner",
            "Parallel Aware": false,
            "Async Capable": false,
            "Scan Direction": "Forward",
            "Index Name": "movie_id_cast_info",
            "Relation Name": "cast_info",
            "Alias": "ci",
            "Startup Cost": 0.44,
            "Total Cost": 17.51,
            "Plan Rows": 1,
            "Plan Width": 8,
            "Actual Startup Time": 0.122,
            "Actual Total Time": 0.149,
            "Actual Rows": 1,
            "Actual Loops": 12260,
            "Index Cond": "(movie_id = mk.movie_id)",
            "Rows Removed by Index Recheck": 0,
            "Filter": "((note)::text = ANY ('{(writer),\"(head writer)\",\"(written by)\",(story),\"(story editor)\"}'::text[]))",
            "Rows Removed by Filter": 47
          }
        ]
      },
      {
        "Node Type": "Seq Scan",
        "Parent Relationship": "Inner",
        "Parallel Aware": false,
        "Async Capable": false,
        "Relation Name": "info_type",
        "Alias": "it1",
        "Startup Cost": 0.0,
        "Total Cost": 2.41,
        "Plan Rows": 1,
        "Plan Width": 4,
        "Actual Startup Time": 0.002,
        "Actual Total Time": 0.003,
        "Actual Rows": 1,
        "Actual Loops": 7740,
        "Filter": "((info)::text = 'genres'::text)",
        "Rows Removed by Filter": 11
      }
    ]
  }
}