{
  "Plan": {
    "Node Type": "Nested Loop",
    "Parent Relationship": "Outer",
    "Parallel Aware": false,
    "Async Capable": false,
    "Join Type": "Inner",
    "Startup Cost": 6.78,
    "Total Cost": 12235.17,
    "Plan Rows": 270,
    "Plan Width": 20,
    "Actual Startup Time": 0.917,
    "Actual Total Time": 145.223,
    "Actual Rows": 35548,
    "Actual Loops": 1,
    "Inner Unique": false,
    "Plans": [
      {
        "Node Type": "Seq Scan",
        "Parent Relationship": "Outer",
        "Parallel Aware": false,
        "Async Capable": false,
        "Relation Name": "keyword",
        "Alias": "k",
        "Startup Cost": 0.0,
        "Total Cost": 3632.4,
        "Plan Rows": 8,
        "Plan Width": 20,
        "Actual Startup Time": 0.183,
        "Actual Total Time": 29.547,
        "Actual Rows": 8,
        "Actual Loops": 1,
        "Filter": "((keyword)::text = ANY ('{superhero,sequel,second-part,marvel-comics,based-on-comic,tv-special,fight,violence}'::text[]))",
        "Rows Removed by Filter": 134162
      },
      {
        "Node Type": "Bitmap Heap Scan",
        "Parent Relationship": "Inner",
        "Parallel Aware": false,
        "Async Capable": false,
        "Relation Name": "movie_keyword",
        "Alias": "mk",
        "Startup Cost": 6.78,
        "Total Cost": 1072.32,
        "Plan Rows": 303,
        "Plan Width": 8,
        "Actual Startup Time": 1.099,
        "Actual Total Time": 13.875,
        "Actual Rows": 4444,
        "Actual Loops": 8,
        "Recheck Cond": "(keyword_id = k.id)",
        "Rows Removed by Index Recheck": 0,
        "Exact Heap Blocks": 23488,
        "Lossy Heap Blocks": 0,
        "Plans": [
          {
            "Node Type": "Bitmap Index Scan",
            "Parent Relationship": "Outer",
            "Parallel Aware": false,
            "Async Capable": false,
            "Index Name": "keyword_id_movie_keyword",
            "Startup Cost": 0.0,
            "Total Cost": 6.71,
            "Plan Rows": 303,
            "Plan Width": 0,
            "Actual Startup Time": 0.638,
            "Actual Total Time": 0.638,
            "Actual Rows": 4444,
            "Actual Loops": 8,
            "Index Cond": "(keyword_id = k.id)"
          }
        ]
      }
    ]
  }
}