{
  "Plan": {
    "Node Type": "Nested Loop",
    "Parent Relationship": "Outer",
    "Parallel Aware": false,
    "Async Capable": false,
    "Join Type": "Inner",
    "Startup Cost": 8.51,
    "Total Cost": 11332.02,
    "Plan Rows": 1,
    "Plan Width": 78,
    "Actual Startup Time": 4.51,
    "Actual Total Time": 12280.766,
    "Actual Rows": 26153,
    "Actual Loops": 1,
    "Inner Unique": true,
    "Plans": [
      {
        "Node Type": "Nested Loop",
        "Parent Relationship": "Outer",
        "Parallel Aware": false,
        "Async Capable": false,
        "Join Type": "Inner",
        "Startup Cost": 8.08,
        "Total Cost": 11330.94,
        "Plan Rows": 1,
        "Plan Width": 67,
        "Actual Startup Time": 4.483,
        "Actual Total Time": 11961.108,
        "Actual Rows": 42900,
        "Actual Loops": 1,
        "Inner Unique": false,
        "Join Filter": "(mi.movie_id = ci.movie_id)",
        "Rows Removed by Join Filter": 0,
        "Plans": [
          {
            "Node Type": "Nested Loop",
            "Parent Relationship": "Outer",
            "Parallel Aware": false,
            "Async Capable": false,
            "Join Type": "Inner",
            "Startup Cost": 7.64,
            "Total Cost": 11313.42,
            "Plan Rows": 1,
            "Plan Width": 59,
            "Actual Startup Time": 4.053,
            "Actual Total Time": 3411.006,
            "Actual Rows": 63386,
            "Actual Loops": 1,
            "Inner Unique": false,
            "Join Filter": "(mi.info_type_id = it1.id)",
            "Rows Removed by Join Filter": 4346,
            "Plans": [
              {
                "Node Type": "Seq Scan",
                "Parent Relationship": "Outer",
                "Parallel Aware": false,
                "Async Capable": false,
                "Relation Name": "info_type",
                "Alias": "it1",
                "Startup Cost": 0.0,
                "Total Cost": 2.41,
                "Plan Rows": 1,
                "Plan Width": 4,
                "Actual Startup Time": 0.008,
                "Actual Total Time": 0.018,
                "Actual Rows": 1,
                "Actual Loops": 1,
                "Filter": "((info)::text = 'genres'::text)",
                "Rows Removed by Filter": 112
              },
              {
                "Node Type": "Nested Loop",
                "Parent Relationship": "Inner",
                "Parallel Aware": false,
                "Async Capable": false,
                "Join Type": "Inner",
                "Startup Cost": 7.64,
                "Total Cost": 11310.95,
                "Plan Rows": 4,
                "Plan Width": 63,
                "Actual Startup Time": 4.042,
                "Actual Total Time": 3396.423,
                "Actual Rows": 67732,
                "Actual Loops": 1,
                "Inner Unique": false,
                "Join Filter": "(mi_idx.movie_id = mi.movie_id)",
                "Rows Removed by Join Filter": 0,
                "Plans": [
                  {
                    "Node Type": "Nested Loop",
                    "Parent Relationship": "Outer",
                    "Parallel Aware": false,
                    "Async Capable": false,
                    "Join Type": "Inner",
                    "Startup Cost": 7.21,
                    "Total Cost": 11237.82,
                    "Plan Rows": 6,
                    "Plan Width": 14,
                    "Actual Startup Time": 3.987,
                    "Actual Total Time": 685.081,
                    "Actual Rows": 63701,
                    "Actual Loops": 1,
                    "Inner Unique": false,
                    "Join Filter": "(mi_idx.info_type_id = it2.id)",
                    "Rows Removed by Join Filter": 127988,
                    "Plans": [
                      {
                        "Node Type": "Seq Scan",
                        "Parent Relationship": "Outer",
                        "Parallel Aware": false,
                        "Async Capable": false,
                        "Relation Name": "info_type",
                        "Alias": "it2",
                        "Startup Cost": 0.0,
                        "Total Cost": 2.41,
                        "Plan Rows": 1,
                        "Plan Width": 4,
                        "Actual Startup Time": 0.015,
                        "Actual Total Time": 0.02,
                        "Actual Rows": 1,
                        "Actual Loops": 1,
                        "Filter": "((info)::text = 'votes'::text)",
                        "Rows Removed by Filter": 112
                      },
                      {
                        "Node Type": "Nested Loop",
                        "Parent Relationship": "Inner",
                        "Parallel Aware": false,
                        "Async Capable": false,
                        "Join Type": "Inner",
                        "Startup Cost": 7.21,
                        "Total Cost": 11226.47,
                        "Plan Rows": 715,
                        "Plan Width": 18,
                        "Actual Startup Time": 3.97,
                        "Actual Total Time": 661.373,
                        "Actual Rows": 191689,
                        "Actual Loops": 1,
                        "Inner Unique": false,
                        "Plans": [
                          {
                            "Node Type": "Nested Loop",
                            "Parent Relationship": "Outer",
                            "Parallel Aware": false,
                            "Async Capable": false,
                            "Join Type": "Inner",
                            "Startup Cost": 6.78,
                            "Total Cost": 11041.25,
                            "Plan Rows": 236,
                            "Plan Width": 4,
                            "Actual Startup Time": 3.95,
                            "Actual Total Time": 308.34,
                            "Actual Rows": 76714,
                            "Actual Loops": 1,
                            "Inner Unique": false,
                            "Plans": [
                              {
                                "Node Type": "Seq Scan",
                                "Parent Relationship": "Outer",
                                "Parallel Aware": false,
                                "Async Capable": false,
                                "Relation Name": "keyword",
                                "Alias": "k",
                                "Startup Cost": 0.0,
                                "Total Cost": 3464.69,
                                "Plan Rows": 7,
                                "Plan Width": 4,
                                "Actual Startup Time": 0.795,
                                "Actual Total Time": 26.633,
                                "Actual Rows": 7,
                                "Actual Loops": 1,
                                "Filter": "((keyword)::text = ANY ('{murder,violence,blood,gore,death,female-nudity,hospital}'::text[]))",
                                "Rows Removed by Filter": 134163
                              },
                              {
                                "Node Type": "Bitmap Heap Scan",
                                "Parent Relationship": "Inner",
                                "Parallel Aware": false,
                                "Async Capable": false,
                                "Relation Name": "movie_keyword",
                                "Alias": "mk",
                                "Startup Cost": 6.78,
                                "Total Cost": 1079.34,
                                "Plan Rows": 303,
                                "Plan Width": 8,
                                "Actual Startup Time": 2.489,
                                "Actual Total Time": 38.627,
                                "Actual Rows": 10959,
                                "Actual Loops": 7,
                                "Recheck Cond": "(keyword_id = k.id)",
                                "Rows Removed by Index Recheck": 0,
                                "Exact Heap Blocks": 53234,
                                "Lossy Heap Blocks": 0,
                                "Plans": [
                                  {
                                    "Node Type": "Bitmap Index Scan",
                                    "Parent Relationship": "Outer",
                                    "Parallel Aware": false,
                                    "Async Capable": false,
                                    "Index Name": "keyword_id_movie_keyword",
                                    "Startup Cost": 0.0,
                                    "Total Cost": 6.71,
                                    "Plan Rows": 303,
                                    "Plan Width": 0,
                                    "Actual Startup Time": 1.401,
                                    "Actual Total Time": 1.401,
                                    "Actual Rows": 10959,
                                    "Actual Loops": 7,
                                    "Index Cond": "(keyword_id = k.id)"
                                  }
                                ]
                              }
                            ]
                          },
                          {
                            "Node Type": "Index Scan",
                            "Parent Relationship": "Inner",
                            "Parallel Aware": false,
                            "Async Capable": false,
                            "Scan Direction": "Forward",
                            "Index Name": "movie_id_movie_info_idx",
                            "Relation Name": "movie_info_idx",
                            "Alias": "mi_idx",
                            "Startup Cost": 0.43,
                            "Total Cost": 0.75,
                            "Plan Rows": 3,
                            "Plan Width": 14,
                            "Actual Startup Time": 0.003,
                            "Actual Total Time": 0.004,
                            "Actual Rows": 2,
                            "Actual Loops": 76714,
                            "Index Cond": "(movie_id = mk.movie_id)",
                            "Rows Removed by Index Recheck": 0
                          }
                        ]
                      }
                    ]
                  },
                  {
                    "Node Type": "Index Scan",
                    "Parent Relationship": "Inner",
                    "Parallel Aware": false,
                    "Async Capable": false,
                    "Scan Direction": "Forward",
                    "Index Name": "movie_id_movie_info",
                    "Relation Name": "movie_info",
                    "Alias": "mi",
                    "Startup Cost": 0.43,
                    "Total Cost": 12.18,
                    "Plan Rows": 1,
                    "Plan Width": 49,
                    "Actual Startup Time": 0.04,
                    "Actual Total Time": 0.042,
                    "Actual Rows": 1,
                    "Actual Loops": 63701,
                    "Index Cond": "(movie_id = mk.movie_id)",
                    "Rows Removed by Index Recheck": 0,
                    "Filter": "((info)::text = ANY ('{Horror,Action,Sci-Fi,Thriller,Crime,War}'::text[]))",
                    "Rows Removed by Filter": 58
                  }
                ]
              }
            ]
          },
          {
            "Node Type": "Index Scan",
            "Parent Relationship": "Inner",
            "Parallel Aware": false,
            "Async Capable": false,
            "Scan Direction": "Forward",
            "Index Name": "movie_id_cast_info",
            "Relation Name": "cast_info",
            "Alias": "ci",
            "Startup Cost": 0.44,
            "Total Cost": 17.51,
            "Plan Rows": 1,
            "Plan Width": 8,
            "Actual Startup Time": 0.106,
            "Actual Total Time": 0.134,
            "Actual Rows": 1,
            "Actual Loops": 63386,
            "Index Cond": "(movie_id = mk.movie_id)",
            "Rows Removed by Index Recheck": 0,
            "Filter": "((note)::text = ANY ('{(writer),\"(head writer)\",\"(written by)\",(story),\"(story editor)\"}'::text[]))",
            "Rows Removed by Filter": 63
          }
        ]
      },
      {
        "Node Type": "Index Scan",
        "Parent Relationship": "Inner",
        "Parallel Aware": false,
        "Async Capable": false,
        "Scan Direction": "Forward",
        "Index Name": "name_pkey",
        "Relation Name": "name",
        "Alias": "n",
        "Startup Cost": 0.43,
        "Total Cost": 1.08,
        "Plan Rows": 1,
        "Plan Width": 19,
        "Actual Startup Time": 0.007,
        "Actual Total Time": 0.007,
        "Actual Rows": 1,
        "Actual Loops": 42900,
        "Index Cond": "(id = ci.person_id)",
        "Rows Removed by Index Recheck": 0,
        "Filter": "((gender)::text = 'm'::text)",
        "Rows Removed by Filter": 0
      }
    ]
  }
}