{
  "Plan": {
    "Node Type": "Nested Loop",
    "Parent Relationship": "Outer",
    "Parallel Aware": false,
    "Async Capable": false,
    "Join Type": "Inner",
    "Startup Cost": 25.11,
    "Total Cost": 444.24,
    "Plan Rows": 1,
    "Plan Width": 117,
    "Actual Startup Time": 3.082,
    "Actual Total Time": 77.434,
    "Actual Rows": 1100,
    "Actual Loops": 1,
    "Inner Unique": true,
    "Plans": [
      {
        "Node Type": "Nested Loop",
        "Parent Relationship": "Outer",
        "Parallel Aware": false,
        "Async Capable": false,
        "Join Type": "Inner",
        "Startup Cost": 24.69,
        "Total Cost": 423.92,
        "Plan Rows": 46,
        "Plan Width": 121,
        "Actual Startup Time": 0.56,
        "Actual Total Time": 46.458,
        "Actual Rows": 18839,
        "Actual Loops": 1,
        "Inner Unique": false,
        "Join Filter": "(ml.movie_id = mk.movie_id)",
        "Rows Removed by Join Filter": 0,
        "Plans": [
          {
            "Node Type": "Nested Loop",
            "Parent Relationship": "Outer",
            "Parallel Aware": false,
            "Async Capable": false,
            "Join Type": "Inner",
            "Startup Cost": 24.25,
            "Total Cost": 421.99,
            "Plan Rows": 1,
            "Plan Width": 113,
            "Actual Startup Time": 0.541,
            "Actual Total Time": 37.3,
            "Actual Rows": 2582,
            "Actual Loops": 1,
            "Inner Unique": false,
            "Join Filter": "(ml.movie_id = mi.movie_id)",
            "Rows Removed by Join Filter": 0,
            "Plans": [
              {
                "Node Type": "Nested Loop",
                "Parent Relationship": "Outer",
                "Parallel Aware": false,
                "Async Capable": false,
                "Join Type": "Inner",
                "Startup Cost": 23.82,
                "Total Cost": 420.0,
                "Plan Rows": 1,
                "Plan Width": 109,
                "Actual Startup Time": 0.485,
                "Actual Total Time": 26.156,
                "Actual Rows": 1152,
                "Actual Loops": 1,
                "Inner Unique": true,
                "Plans": [
                  {
                    "Node Type": "Nested Loop",
                    "Parent Relationship": "Outer",
                    "Parallel Aware": false,
                    "Async Capable": false,
                    "Join Type": "Inner",
                    "Startup Cost": 23.4,
                    "Total Cost": 419.55,
                    "Plan Rows": 1,
                    "Plan Width": 94,
                    "Actual Startup Time": 0.103,
                    "Actual Total Time": 15.548,
                    "Actual Rows": 4393,
                    "Actual Loops": 1,
                    "Inner Unique": true,
                    "Plans": [
                      {
                        "Node Type": "Nested Loop",
                        "Parent Relationship": "Outer",
                        "Parallel Aware": false,
                        "Async Capable": false,
                        "Join Type": "Inner",
                        "Startup Cost": 23.25,
                        "Total Cost": 401.52,
                        "Plan Rows": 106,
                        "Plan Width": 98,
                        "Actual Startup Time": 0.094,
                        "Actual Total Time": 10.224,
                        "Actual Rows": 5069,
                        "Actual Loops": 1,
                        "Inner Unique": false,
                        "Plans": [
                          {
                            "Node Type": "Nested Loop",
                            "Parent Relationship": "Outer",
                            "Parallel Aware": false,
                            "Async Capable": false,
                            "Join Type": "Inner",
                            "Startup Cost": 22.82,
                            "Total Cost": 246.88,
                            "Plan Rows": 42,
                            "Plan Width": 86,
                            "Actual Startup Time": 0.069,
                            "Actual Total Time": 1.449,
                            "Actual Rows": 2315,
                            "Actual Loops": 1,
                            "Inner Unique": false,
                            "Plans": [
                              {
                                "Node Type": "Seq Scan",
                                "Parent Relationship": "Outer",
                                "Parallel Aware": false,
                                "Async Capable": false,
                                "Relation Name": "link_type",
                                "Alias": "lt",
                                "Startup Cost": 0.0,
                                "Total Cost": 18.88,
                                "Plan Rows": 1,
                                "Plan Width": 86,
                                "Actual Startup Time": 0.006,
                                "Actual Total Time": 0.01,
                                "Actual Rows": 2,
                                "Actual Loops": 1,
                                "Filter": "((link)::text ~~ '%follow%'::text)",
                                "Rows Removed by Filter": 16
                              },
                              {
                                "Node Type": "Bitmap Heap Scan",
                                "Parent Relationship": "Inner",
                                "Parallel Aware": false,
                                "Async Capable": false,
                                "Relation Name": "movie_link",
                                "Alias": "ml",
                                "Startup Cost": 22.82,
                                "Total Cost": 209.26,
                                "Plan Rows": 1875,
                                "Plan Width": 8,
                                "Actual Startup Time": 0.052,
                                "Actual Total Time": 0.576,
                                "Actual Rows": 1158,
                                "Actual Loops": 2,
                                "Recheck Cond": "(link_type_id = lt.id)",
                                "Rows Removed by Index Recheck": 0,
                                "Exact Heap Blocks": 191,
                                "Lossy Heap Blocks": 0,
                                "Plans": [
                                  {
                                    "Node Type": "Bitmap Index Scan",
                                    "Parent Relationship": "Outer",
                                    "Parallel Aware": false,
                                    "Async Capable": false,
                                    "Index Name": "link_type_id_movie_link",
                                    "Startup Cost": 0.0,
                                    "Total Cost": 22.35,
                                    "Plan Rows": 1875,
                                    "Plan Width": 0,
                                    "Actual Startup Time": 0.037,
                                    "Actual Total Time": 0.037,
                                    "Actual Rows": 1158,
                                    "Actual Loops": 2,
                                    "Index Cond": "(link_type_id = lt.id)"
                                  }
                                ]
                              }
                            ]
                          },
                          {
                            "Node Type": "Index Scan",
                            "Parent Relationship": "Inner",
                            "Parallel Aware": false,
                            "Async Capable": false,
                            "Scan Direction": "Forward",
                            "Index Name": "movie_id_movie_companies",
                            "Relation Name": "movie_companies",
                            "Alias": "mc",
                            "Startup Cost": 0.43,
                            "Total Cost": 3.65,
                            "Plan Rows": 3,
                            "Plan Width": 12,
                            "Actual Startup Time": 0.003,
                            "Actual Total Time": 0.003,
                            "Actual Rows": 2,
                            "Actual Loops": 2315,
                            "Index Cond": "(movie_id = ml.movie_id)",
                            "Rows Removed by Index Recheck": 0,
                            "Filter": "(note IS NULL)",
                            "Rows Removed by Filter": 2
                          }
                        ]
                      },
                      {
                        "Node Type": "Index Scan",
                        "Parent Relationship": "Inner",
                        "Parallel Aware": false,
                        "Async Capable": false,
                        "Scan Direction": "Forward",
                        "Index Name": "company_type_pkey",
                        "Relation Name": "company_type",
                        "Alias": "ct",
                        "Startup Cost": 0.15,
                        "Total Cost": 0.17,
                        "Plan Rows": 1,
                        "Plan Width": 4,
                        "Actual Startup Time": 0.001,
                        "Actual Total Time": 0.001,
                        "Actual Rows": 1,
                        "Actual Loops": 5069,
                        "Index Cond": "(id = mc.company_type_id)",
                        "Rows Removed by Index Recheck": 0,
                        "Filter": "((kind)::text = 'production companies'::text)",
                        "Rows Removed by Filter": 0
                      }
                    ]
                  },
                  {
                    "Node Type": "Index Scan",
                    "Parent Relationship": "Inner",
                    "Parallel Aware": false,
                    "Async Capable": false,
                    "Scan Direction": "Forward",
                    "Index Name": "company_name_pkey",
                    "Relation Name": "company_name",
                    "Alias": "cn",
                    "Startup Cost": 0.42,
                    "Total Cost": 0.46,
                    "Plan Rows": 1,
                    "Plan Width": 23,
                    "Actual Startup Time": 0.002,
                    "Actual Total Time": 0.002,
                    "Actual Rows": 0,
                    "Actual Loops": 4393,
                    "Index Cond": "(id = mc.company_id)",
                    "Rows Removed by Index Recheck": 0,
                    "Filter": "(((country_code)::text <> '[pl]'::text) AND (((name)::text ~~ '%Film%'::text) OR ((name)::text ~~ '%Warner%'::text)))",
                    "Rows Removed by Filter": 1
                  }
                ]
              },
              {
                "Node Type": "Index Scan",
                "Parent Relationship": "Inner",
                "Parallel Aware": false,
                "Async Capable": false,
                "Scan Direction": "Forward",
                "Index Name": "movie_id_movie_info",
                "Relation Name": "movie_info",
                "Alias": "mi",
                "Startup Cost": 0.43,
                "Total Cost": 1.97,
                "Plan Rows": 1,
                "Plan Width": 4,
                "Actual Startup Time": 0.008,
                "Actual Total Time": 0.009,
                "Actual Rows": 2,
                "Actual Loops": 1152,
                "Index Cond": "(movie_id = mc.movie_id)",
                "Rows Removed by Index Recheck": 0,
                "Filter": "((info)::text = ANY ('{Sweden,Germany,Swedish,German}'::text[]))",
                "Rows Removed by Filter": 15
              }
            ]
          },
          {
            "Node Type": "Index Scan",
            "Parent Relationship": "Inner",
            "Parallel Aware": false,
            "Async Capable": false,
            "Scan Direction": "Forward",
            "Index Name": "movie_id_movie_keyword",
            "Relation Name": "movie_keyword",
            "Alias": "mk",
            "Startup Cost": 0.43,
            "Total Cost": 1.35,
            "Plan Rows": 47,
            "Plan Width": 8,
            "Actual Startup Time": 0.001,
            "Actual Total Time": 0.002,
            "Actual Rows": 7,
            "Actual Loops": 2582,
            "Index Cond": "(movie_id = mc.movie_id)",
            "Rows Removed by Index Recheck": 0
          }
        ]
      },
      {
        "Node Type": "Index Scan",
        "Parent Relationship": "Inner",
        "Parallel Aware": false,
        "Async Capable": false,
        "Scan Direction": "Forward",
        "Index Name": "keyword_pkey",
        "Relation Name": "keyword",
        "Alias": "k",
        "Startup Cost": 0.42,
        "Total Cost": 0.44,
        "Plan Rows": 1,
        "Plan Width": 4,
        "Actual Startup Time": 0.001,
        "Actual Total Time": 0.001,
        "Actual Rows": 0,
        "Actual Loops": 18839,
        "Index Cond": "(id = mk.keyword_id)",
        "Rows Removed by Index Recheck": 0,
        "Filter": "((keyword)::text = 'sequel'::text)",
        "Rows Removed by Filter": 1
      }
    ]
  }
}