{
  "Plan": {
    "Node Type": "Nested Loop",
    "Parent Relationship": "Outer",
    "Parallel Aware": false,
    "Async Capable": false,
    "Join Type": "Inner",
    "Startup Cost": 24.39,
    "Total Cost": 307.53,
    "Plan Rows": 1,
    "Plan Width": 94,
    "Actual Startup Time": 0.602,
    "Actual Total Time": 12.699,
    "Actual Rows": 77,
    "Actual Loops": 1,
    "Inner Unique": true,
    "Plans": [
      {
        "Node Type": "Nested Loop",
        "Parent Relationship": "Outer",
        "Parallel Aware": false,
        "Async Capable": false,
        "Join Type": "Inner",
        "Startup Cost": 23.97,
        "Total Cost": 287.2,
        "Plan Rows": 46,
        "Plan Width": 98,
        "Actual Startup Time": 0.551,
        "Actual Total Time": 7.491,
        "Actual Rows": 2350,
        "Actual Loops": 1,
        "Inner Unique": false,
        "Join Filter": "(ml.movie_id = mk.movie_id)",
        "Rows Removed by Join Filter": 0,
        "Plans": [
          {
            "Node Type": "Nested Loop",
            "Parent Relationship": "Outer",
            "Parallel Aware": false,
            "Async Capable": false,
            "Join Type": "Inner",
            "Startup Cost": 23.54,
            "Total Cost": 284.49,
            "Plan Rows": 1,
            "Plan Width": 90,
            "Actual Startup Time": 0.529,
            "Actual Total Time": 5.961,
            "Actual Rows": 189,
            "Actual Loops": 1,
            "Inner Unique": true,
            "Plans": [
              {
                "Node Type": "Nested Loop",
                "Parent Relationship": "Outer",
                "Parallel Aware": false,
                "Async Capable": false,
                "Join Type": "Inner",
                "Startup Cost": 23.39,
                "Total Cost": 284.31,
                "Plan Rows": 1,
                "Plan Width": 94,
                "Actual Startup Time": 0.521,
                "Actual Total Time": 5.702,
                "Actual Rows": 189,
                "Actual Loops": 1,
                "Inner Unique": true,
                "Plans": [
                  {
                    "Node Type": "Nested Loop",
                    "Parent Relationship": "Outer",
                    "Parallel Aware": false,
                    "Async Capable": false,
                    "Join Type": "Inner",
                    "Startup Cost": 23.24,
                    "Total Cost": 272.89,
                    "Plan Rows": 67,
                    "Plan Width": 98,
                    "Actual Startup Time": 0.507,
                    "Actual Total Time": 5.363,
                    "Actual Rows": 257,
                    "Actual Loops": 1,
                    "Inner Unique": false,
                    "Plans": [
                      {
                        "Node Type": "Nested Loop",
                        "Parent Relationship": "Outer",
                        "Parallel Aware": false,
                        "Async Capable": false,
                        "Join Type": "Inner",
                        "Startup Cost": 22.82,
                        "Total Cost": 246.88,
                        "Plan Rows": 42,
                        "Plan Width": 86,
                        "Actual Startup Time": 0.105,
                        "Actual Total Time": 1.455,
                        "Actual Rows": 2315,
                        "Actual Loops": 1,
                        "Inner Unique": false,
                        "Plans": [
                          {
                            "Node Type": "Seq Scan",
                            "Parent Relationship": "Outer",
                            "Parallel Aware": false,
                            "Async Capable": false,
                            "Relation Name": "link_type",
                            "Alias": "lt",
                            "Startup Cost": 0.0,
                            "Total Cost": 18.88,
                            "Plan Rows": 1,
                            "Plan Width": 86,
                            "Actual Startup Time": 0.014,
                            "Actual Total Time": 0.018,
                            "Actual Rows": 2,
                            "Actual Loops": 1,
                            "Filter": "((link)::text ~~ '%follow%'::text)",
                            "Rows Removed by Filter": 16
                          },
                          {
                            "Node Type": "Bitmap Heap Scan",
                            "Parent Relationship": "Inner",
                            "Parallel Aware": false,
                            "Async Capable": false,
                            "Relation Name": "movie_link",
                            "Alias": "ml",
                            "Startup Cost": 22.82,
                            "Total Cost": 209.26,
                            "Plan Rows": 1875,
                            "Plan Width": 8,
                            "Actual Startup Time": 0.07,
                            "Actual Total Time": 0.579,
                            "Actual Rows": 1158,
                            "Actual Loops": 2,
                            "Recheck Cond": "(link_type_id = lt.id)",
                            "Rows Removed by Index Recheck": 0,
                            "Exact Heap Blocks": 191,
                            "Lossy Heap Blocks": 0,
                            "Plans": [
                              {
                                "Node Type": "Bitmap Index Scan",
                                "Parent Relationship": "Outer",
                                "Parallel Aware": false,
                                "Async Capable": false,
                                "Index Name": "link_type_id_movie_link",
                                "Startup Cost": 0.0,
                                "Total Cost": 22.35,
                                "Plan Rows": 1875,
                                "Plan Width": 0,
                                "Actual Startup Time": 0.05,
                                "Actual Total Time": 0.05,
                                "Actual Rows": 1158,
                                "Actual Loops": 2,
                                "Index Cond": "(link_type_id = lt.id)"
                              }
                            ]
                          }
                        ]
                      },
                      {
                        "Node Type": "Index Scan",
                        "Parent Relationship": "Inner",
                        "Parallel Aware": false,
                        "Async Capable": false,
                        "Scan Direction": "Forward",
                        "Index Name": "movie_id_complete_cast",
                        "Relation Name": "complete_cast",
                        "Alias": "cc",
                        "Startup Cost": 0.42,
                        "Total Cost": 0.6,
                        "Plan Rows": 2,
                        "Plan Width": 12,
                        "Actual Startup Time": 0.001,
                        "Actual Total Time": 0.001,
                        "Actual Rows": 0,
                        "Actual Loops": 2315,
                        "Index Cond": "(movie_id = ml.movie_id)",
                        "Rows Removed by Index Recheck": 0
                      }
                    ]
                  },
                  {
                    "Node Type": "Index Scan",
                    "Parent Relationship": "Inner",
                    "Parallel Aware": false,
                    "Async Capable": false,
                    "Scan Direction": "Forward",
                    "Index Name": "comp_cast_type_pkey",
                    "Relation Name": "comp_cast_type",
                    "Alias": "cct2",
                    "Startup Cost": 0.15,
                    "Total Cost": 0.17,
                    "Plan Rows": 1,
                    "Plan Width": 4,
                    "Actual Startup Time": 0.001,
                    "Actual Total Time": 0.001,
                    "Actual Rows": 1,
                    "Actual Loops": 257,
                    "Index Cond": "(id = cc.status_id)",
                    "Rows Removed by Index Recheck": 0,
                    "Filter": "((kind)::text = 'complete'::text)",
                    "Rows Removed by Filter": 0
                  }
                ]
              },
              {
                "Node Type": "Index Scan",
                "Parent Relationship": "Inner",
                "Parallel Aware": false,
                "Async Capable": false,
                "Scan Direction": "Forward",
                "Index Name": "comp_cast_type_pkey",
                "Relation Name": "comp_cast_type",
                "Alias": "cct1",
                "Startup Cost": 0.15,
                "Total Cost": 0.17,
                "Plan Rows": 1,
                "Plan Width": 4,
                "Actual Startup Time": 0.001,
                "Actual Total Time": 0.001,
                "Actual Rows": 1,
                "Actual Loops": 189,
                "Index Cond": "(id = cc.subject_id)",
                "Rows Removed by Index Recheck": 0,
                "Filter": "((kind)::text = ANY ('{cast,crew}'::text[]))",
                "Rows Removed by Filter": 0
              }
            ]
          },
          {
            "Node Type": "Index Scan",
            "Parent Relationship": "Inner",
            "Parallel Aware": false,
            "Async Capable": false,
            "Scan Direction": "Forward",
            "Index Name": "movie_id_movie_keyword",
            "Relation Name": "movie_keyword",
            "Alias": "mk",
            "Startup Cost": 0.43,
            "Total Cost": 2.13,
            "Plan Rows": 47,
            "Plan Width": 8,
            "Actual Startup Time": 0.004,
            "Actual Total Time": 0.006,
            "Actual Rows": 12,
            "Actual Loops": 189,
            "Index Cond": "(movie_id = cc.movie_id)",
            "Rows Removed by Index Recheck": 0
          }
        ]
      },
      {
        "Node Type": "Index Scan",
        "Parent Relationship": "Inner",
        "Parallel Aware": false,
        "Async Capable": false,
        "Scan Direction": "Forward",
        "Index Name": "keyword_pkey",
        "Relation Name": "keyword",
        "Alias": "k",
        "Startup Cost": 0.42,
        "Total Cost": 0.44,
        "Plan Rows": 1,
        "Plan Width": 4,
        "Actual Startup Time": 0.002,
        "Actual Total Time": 0.002,
        "Actual Rows": 0,
        "Actual Loops": 2350,
        "Index Cond": "(id = mk.keyword_id)",
        "Rows Removed by Index Recheck": 0,
        "Filter": "((keyword)::text = 'sequel'::text)",
        "Rows Removed by Filter": 1
      }
    ]
  }
}