{
  "Plan": {
    "Node Type": "Nested Loop",
    "Parent Relationship": "Outer",
    "Parallel Aware": false,
    "Async Capable": false,
    "Join Type": "Inner",
    "Startup Cost": 25.86,
    "Total Cost": 461.99,
    "Plan Rows": 46,
    "Plan Width": 122,
    "Actual Startup Time": 2.016,
    "Actual Total Time": 57.966,
    "Actual Rows": 11620,
    "Actual Loops": 1,
    "Inner Unique": false,
    "Join Filter": "(ml.movie_id = mk.movie_id)",
    "Rows Removed by Join Filter": 0,
    "Plans": [
      {
        "Node Type": "Nested Loop",
        "Parent Relationship": "Outer",
        "Parallel Aware": false,
        "Async Capable": false,
        "Join Type": "Inner",
        "Startup Cost": 25.43,
        "Total Cost": 460.09,
        "Plan Rows": 1,
        "Plan Width": 138,
        "Actual Startup Time": 1.998,
        "Actual Total Time": 52.788,
        "Actual Rows": 1150,
        "Actual Loops": 1,
        "Inner Unique": true,
        "Plans": [
          {
            "Node Type": "Nested Loop",
            "Parent Relationship": "Outer",
            "Parallel Aware": false,
            "Async Capable": false,
            "Join Type": "Inner",
            "Startup Cost": 25.28,
            "Total Cost": 459.91,
            "Plan Rows": 1,
            "Plan Width": 142,
            "Actual Startup Time": 1.991,
            "Actual Total Time": 51.252,
            "Actual Rows": 1436,
            "Actual Loops": 1,
            "Inner Unique": true,
            "Plans": [
              {
                "Node Type": "Nested Loop",
                "Parent Relationship": "Outer",
                "Parallel Aware": false,
                "Async Capable": false,
                "Join Type": "Inner",
                "Startup Cost": 25.13,
                "Total Cost": 459.39,
                "Plan Rows": 3,
                "Plan Width": 146,
                "Actual Startup Time": 1.98,
                "Actual Total Time": 49.577,
                "Actual Rows": 1436,
                "Actual Loops": 1,
                "Inner Unique": false,
                "Join Filter": "(ml.movie_id = cc.movie_id)",
                "Rows Removed by Join Filter": 0,
                "Plans": [
                  {
                    "Node Type": "Nested Loop",
                    "Parent Relationship": "Outer",
                    "Parallel Aware": false,
                    "Async Capable": false,
                    "Join Type": "Inner",
                    "Startup Cost": 24.71,
                    "Total Cost": 458.43,
                    "Plan Rows": 2,
                    "Plan Width": 134,
                    "Actual Startup Time": 0.555,
                    "Actual Total Time": 43.396,
                    "Actual Rows": 3966,
                    "Actual Loops": 1,
                    "Inner Unique": true,
                    "Join Filter": "(ml.movie_id = t.id)",
                    "Rows Removed by Join Filter": 0,
                    "Plans": [
                      {
                        "Node Type": "Nested Loop",
                        "Parent Relationship": "Outer",
                        "Parallel Aware": false,
                        "Async Capable": false,
                        "Join Type": "Inner",
                        "Startup Cost": 24.28,
                        "Total Cost": 456.61,
                        "Plan Rows": 3,
                        "Plan Width": 113,
                        "Actual Startup Time": 0.533,
                        "Actual Total Time": 35.459,
                        "Actual Rows": 4015,
                        "Actual Loops": 1,
                        "Inner Unique": false,
                        "Join Filter": "(ml.movie_id = mi.movie_id)",
                        "Rows Removed by Join Filter": 0,
                        "Plans": [
                          {
                            "Node Type": "Nested Loop",
                            "Parent Relationship": "Outer",
                            "Parallel Aware": false,
                            "Async Capable": false,
                            "Join Type": "Inner",
                            "Startup Cost": 23.82,
                            "Total Cost": 454.58,
                            "Plan Rows": 1,
                            "Plan Width": 109,
                            "Actual Startup Time": 0.47,
                            "Actual Total Time": 24.227,
                            "Actual Rows": 1152,
                            "Actual Loops": 1,
                            "Inner Unique": true,
                            "Plans": [
                              {
                                "Node Type": "Nested Loop",
                                "Parent Relationship": "Outer",
                                "Parallel Aware": false,
                                "Async Capable": false,
                                "Join Type": "Inner",
                                "Startup Cost": 23.67,
                                "Total Cost": 449.98,
                                "Plan Rows": 27,
                                "Plan Width": 113,
                                "Actual Startup Time": 0.462,
                                "Actual Total Time": 22.742,
                                "Actual Rows": 1200,
                                "Actual Loops": 1,
                                "Inner Unique": true,
                                "Plans": [
                                  {
                                    "Node Type": "Nested Loop",
                                    "Parent Relationship": "Outer",
                                    "Parallel Aware": false,
                                    "Async Capable": false,
                                    "Join Type": "Inner",
                                    "Startup Cost": 23.25,
                                    "Total Cost": 401.52,
                                    "Plan Rows": 106,
                                    "Plan Width": 98,
                                    "Actual Startup Time": 0.117,
                                    "Actual Total Time": 10.382,
                                    "Actual Rows": 5069,
                                    "Actual Loops": 1,
                                    "Inner Unique": false,
                                    "Plans": [
                                      {
                                        "Node Type": "Nested Loop",
                                        "Parent Relationship": "Outer",
                                        "Parallel Aware": false,
                                        "Async Capable": false,
                                        "Join Type": "Inner",
                                        "Startup Cost": 22.82,
                                        "Total Cost": 246.88,
                                        "Plan Rows": 42,
                                        "Plan Width": 86,
                                        "Actual Startup Time": 0.092,
                                        "Actual Total Time": 1.52,
                                        "Actual Rows": 2315,
                                        "Actual Loops": 1,
                                        "Inner Unique": false,
                                        "Plans": [
                                          {
                                            "Node Type": "Seq Scan",
                                            "Parent Relationship": "Outer",
                                            "Parallel Aware": false,
                                            "Async Capable": false,
                                            "Relation Name": "link_type",
                                            "Alias": "lt",
                                            "Startup Cost": 0.0,
                                            "Total Cost": 18.88,
                                            "Plan Rows": 1,
                                            "Plan Width": 86,
                                            "Actual Startup Time": 0.013,
                                            "Actual Total Time": 0.018,
                                            "Actual Rows": 2,
                                            "Actual Loops": 1,
                                            "Filter": "((link)::text ~~ '%follow%'::text)",
                                            "Rows Removed by Filter": 16
                                          },
                                          {
                                            "Node Type": "Bitmap Heap Scan",
                                            "Parent Relationship": "Inner",
                                            "Parallel Aware": false,
                                            "Async Capable": false,
                                            "Relation Name": "movie_link",
                                            "Alias": "ml",
                                            "Startup Cost": 22.82,
                                            "Total Cost": 209.26,
                                            "Plan Rows": 1875,
                                            "Plan Width": 8,
                                            "Actual Startup Time": 0.059,
                                            "Actual Total Time": 0.612,
                                            "Actual Rows": 1158,
                                            "Actual Loops": 2,
                                            "Recheck Cond": "(link_type_id = lt.id)",
                                            "Rows Removed by Index Recheck": 0,
                                            "Exact Heap Blocks": 191,
                                            "Lossy Heap Blocks": 0,
                                            "Plans": [
                                              {
                                                "Node Type": "Bitmap Index Scan",
                                                "Parent Relationship": "Outer",
                                                "Parallel Aware": false,
                                                "Async Capable": false,
                                                "Index Name": "link_type_id_movie_link",
                                                "Startup Cost": 0.0,
                                                "Total Cost": 22.35,
                                                "Plan Rows": 1875,
                                                "Plan Width": 0,
                                                "Actual Startup Time": 0.04,
                                                "Actual Total Time": 0.04,
                                                "Actual Rows": 1158,
                                                "Actual Loops": 2,
                                                "Index Cond": "(link_type_id = lt.id)"
                                              }
                                            ]
                                          }
                                        ]
                                      },
                                      {
                                        "Node Type": "Index Scan",
                                        "Parent Relationship": "Inner",
                                        "Parallel Aware": false,
                                        "Async Capable": false,
                                        "Scan Direction": "Forward",
                                        "Index Name": "movie_id_movie_companies",
                                        "Relation Name": "movie_companies",
                                        "Alias": "mc",
                                        "Startup Cost": 0.43,
                                        "Total Cost": 3.65,
                                        "Plan Rows": 3,
                                        "Plan Width": 12,
                                        "Actual Startup Time": 0.003,
                                        "Actual Total Time": 0.003,
                                        "Actual Rows": 2,
                                        "Actual Loops": 2315,
                                        "Index Cond": "(movie_id = ml.movie_id)",
                                        "Rows Removed by Index Recheck": 0,
                                        "Filter": "(note IS NULL)",
                                        "Rows Removed by Filter": 2
                                      }
                                    ]
                                  },
                                  {
                                    "Node Type": "Index Scan",
                                    "Parent Relationship": "Inner",
                                    "Parallel Aware": false,
                                    "Async Capable": false,
                                    "Scan Direction": "Forward",
                                    "Index Name": "company_name_pkey",
                                    "Relation Name": "company_name",
                                    "Alias": "cn",
                                    "Startup Cost": 0.42,
                                    "Total Cost": 0.46,
                                    "Plan Rows": 1,
                                    "Plan Width": 23,
                                    "Actual Startup Time": 0.002,
                                    "Actual Total Time": 0.002,
                                    "Actual Rows": 0,
                                    "Actual Loops": 5069,
                                    "Index Cond": "(id = mc.company_id)",
                                    "Rows Removed by Index Recheck": 0,
                                    "Filter": "(((country_code)::text <> '[pl]'::text) AND (((name)::text ~~ '%Film%'::text) OR ((name)::text ~~ '%Warner%'::text)))",
                                    "Rows Removed by Filter": 1
                                  }
                                ]
                              },
                              {
                                "Node Type": "Index Scan",
                                "Parent Relationship": "Inner",
                                "Parallel Aware": false,
                                "Async Capable": false,
                                "Scan Direction": "Forward",
                                "Index Name": "company_type_pkey",
                                "Relation Name": "company_type",
                                "Alias": "ct",
                                "Startup Cost": 0.15,
                                "Total Cost": 0.17,
                                "Plan Rows": 1,
                                "Plan Width": 4,
                                "Actual Startup Time": 0.001,
                                "Actual Total Time": 0.001,
                                "Actual Rows": 1,
                                "Actual Loops": 1200,
                                "Index Cond": "(id = mc.company_type_id)",
                                "Rows Removed by Index Recheck": 0,
                                "Filter": "((kind)::text = 'production companies'::text)",
                                "Rows Removed by Filter": 0
                              }
                            ]
                          },
                          {
                            "Node Type": "Index Scan",
                            "Parent Relationship": "Inner",
                            "Parallel Aware": false,
                            "Async Capable": false,
                            "Scan Direction": "Forward",
                            "Index Name": "movie_id_movie_info",
                            "Relation Name": "movie_info",
                            "Alias": "mi",
                            "Startup Cost": 0.46,
                            "Total Cost": 1.99,
                            "Plan Rows": 3,
                            "Plan Width": 4,
                            "Actual Startup Time": 0.007,
                            "Actual Total Time": 0.009,
                            "Actual Rows": 3,
                            "Actual Loops": 1152,
                            "Index Cond": "(movie_id = mc.movie_id)",
                            "Rows Removed by Index Recheck": 0,
                            "Filter": "((info)::text = ANY ('{Sweden,Norway,Germany,Denmark,Swedish,Denish,Norwegian,German,English}'::text[]))",
                            "Rows Removed by Filter": 14
                          }
                        ]
                      },
                      {
                        "Node Type": "Index Scan",
                        "Parent Relationship": "Inner",
                        "Parallel Aware": false,
                        "Async Capable": false,
                        "Scan Direction": "Forward",
                        "Index Name": "title_pkey",
                        "Relation Name": "title",
                        "Alias": "t",
                        "Startup Cost": 0.43,
                        "Total Cost": 0.59,
                        "Plan Rows": 1,
                        "Plan Width": 21,
                        "Actual Startup Time": 0.002,
                        "Actual Total Time": 0.002,
                        "Actual Rows": 1,
                        "Actual Loops": 4015,
                        "Index Cond": "(id = mc.movie_id)",
                        "Rows Removed by Index Recheck": 0,
                        "Filter": "((production_year >= 1950) AND (production_year <= 2010))",
                        "Rows Removed by Filter": 0
                      }
                    ]
                  },
                  {
                    "Node Type": "Index Scan",
                    "Parent Relationship": "Inner",
                    "Parallel Aware": false,
                    "Async Capable": false,
                    "Scan Direction": "Forward",
                    "Index Name": "movie_id_complete_cast",
                    "Relation Name": "complete_cast",
                    "Alias": "cc",
                    "Startup Cost": 0.42,
                    "Total Cost": 0.46,
                    "Plan Rows": 2,
                    "Plan Width": 12,
                    "Actual Startup Time": 0.001,
                    "Actual Total Time": 0.001,
                    "Actual Rows": 0,
                    "Actual Loops": 3966,
                    "Index Cond": "(movie_id = t.id)",
                    "Rows Removed by Index Recheck": 0
                  }
                ]
              },
              {
                "Node Type": "Index Scan",
                "Parent Relationship": "Inner",
                "Parallel Aware": false,
                "Async Capable": false,
                "Scan Direction": "Forward",
                "Index Name": "comp_cast_type_pkey",
                "Relation Name": "comp_cast_type",
                "Alias": "cct2",
                "Startup Cost": 0.15,
                "Total Cost": 0.17,
                "Plan Rows": 1,
                "Plan Width": 4,
                "Actual Startup Time": 0.001,
                "Actual Total Time": 0.001,
                "Actual Rows": 1,
                "Actual Loops": 1436,
                "Index Cond": "(id = cc.status_id)",
                "Rows Removed by Index Recheck": 0,
                "Filter": "((kind)::text ~~ 'complete%'::text)",
                "Rows Removed by Filter": 0
              }
            ]
          },
          {
            "Node Type": "Index Scan",
            "Parent Relationship": "Inner",
            "Parallel Aware": false,
            "Async Capable": false,
            "Scan Direction": "Forward",
            "Index Name": "comp_cast_type_pkey",
            "Relation Name": "comp_cast_type",
            "Alias": "cct1",
            "Startup Cost": 0.15,
            "Total Cost": 0.17,
            "Plan Rows": 1,
            "Plan Width": 4,
            "Actual Startup Time": 0.001,
            "Actual Total Time": 0.001,
            "Actual Rows": 1,
            "Actual Loops": 1436,
            "Index Cond": "(id = cc.subject_id)",
            "Rows Removed by Index Recheck": 0,
            "Filter": "((kind)::text = 'cast'::text)",
            "Rows Removed by Filter": 0
          }
        ]
      },
      {
        "Node Type": "Index Scan",
        "Parent Relationship": "Inner",
        "Parallel Aware": false,
        "Async Capable": false,
        "Scan Direction": "Forward",
        "Index Name": "movie_id_movie_keyword",
        "Relation Name": "movie_keyword",
        "Alias": "mk",
        "Startup Cost": 0.43,
        "Total Cost": 1.32,
        "Plan Rows": 47,
        "Plan Width": 8,
        "Actual Startup Time": 0.002,
        "Actual Total Time": 0.003,
        "Actual Rows": 10,
        "Actual Loops": 1150,
        "Index Cond": "(movie_id = t.id)",
        "Rows Removed by Index Recheck": 0
      }
    ]
  }
}