{
  "Plan": {
    "Node Type": "Nested Loop",
    "Parent Relationship": "Outer",
    "Parallel Aware": false,
    "Async Capable": false,
    "Join Type": "Inner",
    "Startup Cost": 20.37,
    "Total Cost": 3172.15,
    "Plan Rows": 1,
    "Plan Width": 43,
    "Actual Startup Time": 13.549,
    "Actual Total Time": 1206.796,
    "Actual Rows": 3946,
    "Actual Loops": 1,
    "Inner Unique": true,
    "Plans": [
      {
        "Node Type": "Nested Loop",
        "Parent Relationship": "Outer",
        "Parallel Aware": false,
        "Async Capable": false,
        "Join Type": "Inner",
        "Startup Cost": 20.22,
        "Total Cost": 3171.98,
        "Plan Rows": 1,
        "Plan Width": 47,
        "Actual Startup Time": 13.536,
        "Actual Total Time": 1199.952,
        "Actual Rows": 4112,
        "Actual Loops": 1,
        "Inner Unique": true,
        "Join Filter": "(mi.movie_id = t.id)",
        "Rows Removed by Join Filter": 0,
        "Plans": [
          {
            "Node Type": "Nested Loop",
            "Parent Relationship": "Outer",
            "Parallel Aware": false,
            "Async Capable": false,
            "Join Type": "Inner",
            "Startup Cost": 19.79,
            "Total Cost": 3171.38,
            "Plan Rows": 1,
            "Plan Width": 22,
            "Actual Startup Time": 13.192,
            "Actual Total Time": 1069.434,
            "Actual Rows": 22651,
            "Actual Loops": 1,
            "Inner Unique": false,
            "Join Filter": "(it1.id = mi.info_type_id)",
            "Rows Removed by Join Filter": 8386,
            "Plans": [
              {
                "Node Type": "Seq Scan",
                "Parent Relationship": "Outer",
                "Parallel Aware": false,
                "Async Capable": false,
                "Relation Name": "info_type",
                "Alias": "it1",
                "Startup Cost": 0.0,
                "Total Cost": 2.41,
                "Plan Rows": 1,
                "Plan Width": 4,
                "Actual Startup Time": 0.009,
                "Actual Total Time": 0.02,
                "Actual Rows": 1,
                "Actual Loops": 1,
                "Filter": "((info)::text = 'countries'::text)",
                "Rows Removed by Filter": 112
              },
              {
                "Node Type": "Nested Loop",
                "Parent Relationship": "Inner",
                "Parallel Aware": false,
                "Async Capable": false,
                "Join Type": "Inner",
                "Startup Cost": 19.79,
                "Total Cost": 3168.58,
                "Plan Rows": 31,
                "Plan Width": 26,
                "Actual Startup Time": 13.179,
                "Actual Total Time": 1064.266,
                "Actual Rows": 31037,
                "Actual Loops": 1,
                "Inner Unique": false,
                "Plans": [
                  {
                    "Node Type": "Nested Loop",
                    "Parent Relationship": "Outer",
                    "Parallel Aware": false,
                    "Async Capable": false,
                    "Join Type": "Inner",
                    "Startup Cost": 19.35,
                    "Total Cost": 3122.92,
                    "Plan Rows": 20,
                    "Plan Width": 18,
                    "Actual Startup Time": 12.877,
                    "Actual Total Time": 202.113,
                    "Actual Rows": 33339,
                    "Actual Loops": 1,
                    "Inner Unique": false,
                    "Join Filter": "(it2.id = mi_idx.info_type_id)",
                    "Rows Removed by Join Filter": 65728,
                    "Plans": [
                      {
                        "Node Type": "Seq Scan",
                        "Parent Relationship": "Outer",
                        "Parallel Aware": false,
                        "Async Capable": false,
                        "Relation Name": "info_type",
                        "Alias": "it2",
                        "Startup Cost": 0.0,
                        "Total Cost": 2.41,
                        "Plan Rows": 1,
                        "Plan Width": 4,
                        "Actual Startup Time": 0.011,
                        "Actual Total Time": 0.02,
                        "Actual Rows": 1,
                        "Actual Loops": 1,
                        "Filter": "((info)::text = 'rating'::text)",
                        "Rows Removed by Filter": 112
                      },
                      {
                        "Node Type": "Nested Loop",
                        "Parent Relationship": "Inner",
                        "Parallel Aware": false,
                        "Async Capable": false,
                        "Join Type": "Inner",
                        "Startup Cost": 19.35,
                        "Total Cost": 3092.47,
                        "Plan Rows": 2243,
                        "Plan Width": 22,
                        "Actual Startup Time": 12.861,
                        "Actual Total Time": 192.537,
                        "Actual Rows": 99067,
                        "Actual Loops": 1,
                        "Inner Unique": false,
                        "Plans": [
                          {
                            "Node Type": "Hash Join",
                            "Parent Relationship": "Outer",
                            "Parallel Aware": false,
                            "Async Capable": false,
                            "Join Type": "Inner",
                            "Startup Cost": 18.93,
                            "Total Cost": 2457.5,
                            "Plan Rows": 761,
                            "Plan Width": 8,
                            "Actual Startup Time": 12.835,
                            "Actual Total Time": 32.51,
                            "Actual Rows": 49145,
                            "Actual Loops": 1,
                            "Inner Unique": true,
                            "Hash Cond": "(cc.subject_id = cct1.id)",
                            "Plans": [
                              {
                                "Node Type": "Seq Scan",
                                "Parent Relationship": "Outer",
                                "Parallel Aware": false,
                                "Async Capable": false,
                                "Relation Name": "complete_cast",
                                "Alias": "cc",
                                "Startup Cost": 0.0,
                                "Total Cost": 2081.86,
                                "Plan Rows": 135086,
                                "Plan Width": 12,
                                "Actual Startup Time": 0.016,
                                "Actual Total Time": 11.339,
                                "Actual Rows": 135086,
                                "Actual Loops": 1
                              },
                              {
                                "Node Type": "Hash",
                                "Parent Relationship": "Inner",
                                "Parallel Aware": false,
                                "Async Capable": false,
                                "Startup Cost": 18.88,
                                "Total Cost": 18.88,
                                "Plan Rows": 4,
                                "Plan Width": 4,
                                "Actual Startup Time": 0.011,
                                "Actual Total Time": 0.013,
                                "Actual Rows": 1,
                                "Actual Loops": 1,
                                "Hash Buckets": 1024,
                                "Original Hash Buckets": 1024,
                                "Hash Batches": 1,
                                "Original Hash Batches": 1,
                                "Peak Memory Usage": 9,
                                "Plans": [
                                  {
                                    "Node Type": "Seq Scan",
                                    "Parent Relationship": "Outer",
                                    "Parallel Aware": false,
                                    "Async Capable": false,
                                    "Relation Name": "comp_cast_type",
                                    "Alias": "cct1",
                                    "Startup Cost": 0.0,
                                    "Total Cost": 18.88,
                                    "Plan Rows": 4,
                                    "Plan Width": 4,
                                    "Actual Startup Time": 0.006,
                                    "Actual Total Time": 0.007,
                                    "Actual Rows": 1,
                                    "Actual Loops": 1,
                                    "Filter": "((kind)::text = 'crew'::text)",
                                    "Rows Removed by Filter": 3
                                  }
                                ]
                              }
                            ]
                          },
                          {
                            "Node Type": "Index Scan",
                            "Parent Relationship": "Inner",
                            "Parallel Aware": false,
                            "Async Capable": false,
                            "Scan Direction": "Forward",
                            "Index Name": "movie_id_movie_info_idx",
                            "Relation Name": "movie_info_idx",
                            "Alias": "mi_idx",
                            "Startup Cost": 0.43,
                            "Total Cost": 0.8,
                            "Plan Rows": 3,
                            "Plan Width": 14,
                            "Actual Startup Time": 0.002,
                            "Actual Total Time": 0.003,
                            "Actual Rows": 2,
                            "Actual Loops": 49145,
                            "Index Cond": "(movie_id = cc.movie_id)",
                            "Rows Removed by Index Recheck": 0,
                            "Filter": "((info)::text < '8.5'::text)",
                            "Rows Removed by Filter": 0
                          }
                        ]
                      }
                    ]
                  },
                  {
                    "Node Type": "Index Scan",
                    "Parent Relationship": "Inner",
                    "Parallel Aware": false,
                    "Async Capable": false,
                    "Scan Direction": "Forward",
                    "Index Name": "movie_id_movie_info",
                    "Relation Name": "movie_info",
                    "Alias": "mi",
                    "Startup Cost": 0.43,
                    "Total Cost": 2.26,
                    "Plan Rows": 2,
                    "Plan Width": 8,
                    "Actual Startup Time": 0.021,
                    "Actual Total Time": 0.025,
                    "Actual Rows": 1,
                    "Actual Loops": 33339,
                    "Index Cond": "(movie_id = mi_idx.movie_id)",
                    "Rows Removed by Index Recheck": 0,
                    "Filter": "((info)::text = ANY ('{Sweden,Norway,Germany,Denmark,Swedish,Danish,Norwegian,German,USA,American}'::text[]))",
                    "Rows Removed by Filter": 33
                  }
                ]
              }
            ]
          },
          {
            "Node Type": "Index Scan",
            "Parent Relationship": "Inner",
            "Parallel Aware": false,
            "Async Capable": false,
            "Scan Direction": "Forward",
            "Index Name": "title_pkey",
            "Relation Name": "title",
            "Alias": "t",
            "Startup Cost": 0.43,
            "Total Cost": 0.58,
            "Plan Rows": 1,
            "Plan Width": 25,
            "Actual Startup Time": 0.005,
            "Actual Total Time": 0.005,
            "Actual Rows": 0,
            "Actual Loops": 22651,
            "Index Cond": "(id = mi_idx.movie_id)",
            "Rows Removed by Index Recheck": 0,
            "Filter": "(production_year > 2000)",
            "Rows Removed by Filter": 1
          }
        ]
      },
      {
        "Node Type": "Index Scan",
        "Parent Relationship": "Inner",
        "Parallel Aware": false,
        "Async Capable": false,
        "Scan Direction": "Forward",
        "Index Name": "comp_cast_type_pkey",
        "Relation Name": "comp_cast_type",
        "Alias": "cct2",
        "Startup Cost": 0.15,
        "Total Cost": 0.17,
        "Plan Rows": 1,
        "Plan Width": 4,
        "Actual Startup Time": 0.001,
        "Actual Total Time": 0.001,
        "Actual Rows": 1,
        "Actual Loops": 4112,
        "Index Cond": "(id = cc.status_id)",
        "Rows Removed by Index Recheck": 0,
        "Filter": "((kind)::text <> 'complete+verified'::text)",
        "Rows Removed by Filter": 0
      }
    ]
  }
}