{
  "Plan": {
    "Node Type": "Nested Loop",
    "Parent Relationship": "Inner",
    "Parallel Aware": false,
    "Async Capable": false,
    "Join Type": "Inner",
    "Startup Cost": 19.35,
    "Total Cost": 3077.25,
    "Plan Rows": 502,
    "Plan Width": 22,
    "Actual Startup Time": 13.009,
    "Actual Total Time": 168.596,
    "Actual Rows": 24790,
    "Actual Loops": 1,
    "Inner Unique": false,
    "Plans": [
      {
        "Node Type": "Hash Join",
        "Parent Relationship": "Outer",
        "Parallel Aware": false,
        "Async Capable": false,
        "Join Type": "Inner",
        "Startup Cost": 18.93,
        "Total Cost": 2457.5,
        "Plan Rows": 761,
        "Plan Width": 8,
        "Actual Startup Time": 12.931,
        "Actual Total Time": 29.165,
        "Actual Rows": 49145,
        "Actual Loops": 1,
        "Inner Unique": true,
        "Hash Cond": "(cc.subject_id = cct1.id)",
        "Plans": [
          {
            "Node Type": "Seq Scan",
            "Parent Relationship": "Outer",
            "Parallel Aware": false,
            "Async Capable": false,
            "Relation Name": "complete_cast",
            "Alias": "cc",
            "Startup Cost": 0.0,
            "Total Cost": 2081.86,
            "Plan Rows": 135086,
            "Plan Width": 12,
            "Actual Startup Time": 0.012,
            "Actual Total Time": 10.896,
            "Actual Rows": 135086,
            "Actual Loops": 1
          },
          {
            "Node Type": "Hash",
            "Parent Relationship": "Inner",
            "Parallel Aware": false,
            "Async Capable": false,
            "Startup Cost": 18.88,
            "Total Cost": 18.88,
            "Plan Rows": 4,
            "Plan Width": 4,
            "Actual Startup Time": 0.014,
            "Actual Total Time": 0.015,
            "Actual Rows": 1,
            "Actual Loops": 1,
            "Hash Buckets": 1024,
            "Original Hash Buckets": 1024,
            "Hash Batches": 1,
            "Original Hash Batches": 1,
            "Peak Memory Usage": 9,
            "Plans": [
              {
                "Node Type": "Seq Scan",
                "Parent Relationship": "Outer",
                "Parallel Aware": false,
                "Async Capable": false,
                "Relation Name": "comp_cast_type",
                "Alias": "cct1",
                "Startup Cost": 0.0,
                "Total Cost": 18.88,
                "Plan Rows": 4,
                "Plan Width": 4,
                "Actual Startup Time": 0.008,
                "Actual Total Time": 0.008,
                "Actual Rows": 1,
                "Actual Loops": 1,
                "Filter": "((kind)::text = 'crew'::text)",
                "Rows Removed by Filter": 3
              }
            ]
          }
        ]
      },
      {
        "Node Type": "Index Scan",
        "Parent Relationship": "Inner",
        "Parallel Aware": false,
        "Async Capable": false,
        "Scan Direction": "Forward",
        "Index Name": "movie_id_movie_info_idx",
        "Relation Name": "movie_info_idx",
        "Alias": "mi_idx",
        "Startup Cost": 0.43,
        "Total Cost": 0.8,
        "Plan Rows": 1,
        "Plan Width": 14,
        "Actual Startup Time": 0.002,
        "Actual Total Time": 0.003,
        "Actual Rows": 1,
        "Actual Loops": 49145,
        "Index Cond": "(movie_id = cc.movie_id)",
        "Rows Removed by Index Recheck": 0,
        "Filter": "((info)::text > '6.5'::text)",
        "Rows Removed by Filter": 2
      }
    ]
  }
}