{
  "Plan": {
    "Node Type": "Nested Loop",
    "Parent Relationship": "Outer",
    "Parallel Aware": false,
    "Async Capable": false,
    "Join Type": "Inner",
    "Startup Cost": 20.8,
    "Total Cost": 3103.07,
    "Plan Rows": 1,
    "Plan Width": 59,
    "Actual Startup Time": 14.759,
    "Actual Total Time": 660.362,
    "Actual Rows": 268,
    "Actual Loops": 1,
    "Inner Unique": false,
    "Plans": [
      {
        "Node Type": "Nested Loop",
        "Parent Relationship": "Outer",
        "Parallel Aware": false,
        "Async Capable": false,
        "Join Type": "Inner",
        "Startup Cost": 20.37,
        "Total Cost": 3102.42,
        "Plan Rows": 1,
        "Plan Width": 47,
        "Actual Startup Time": 14.739,
        "Actual Total Time": 658.312,
        "Actual Rows": 222,
        "Actual Loops": 1,
        "Inner Unique": true,
        "Join Filter": "(mi.movie_id = t.id)",
        "Rows Removed by Join Filter": 0,
        "Plans": [
          {
            "Node Type": "Nested Loop",
            "Parent Relationship": "Outer",
            "Parallel Aware": false,
            "Async Capable": false,
            "Join Type": "Inner",
            "Startup Cost": 19.94,
            "Total Cost": 3101.36,
            "Plan Rows": 1,
            "Plan Width": 22,
            "Actual Startup Time": 14.722,
            "Actual Total Time": 652.053,
            "Actual Rows": 950,
            "Actual Loops": 1,
            "Inner Unique": true,
            "Plans": [
              {
                "Node Type": "Nested Loop",
                "Parent Relationship": "Outer",
                "Parallel Aware": false,
                "Async Capable": false,
                "Join Type": "Inner",
                "Startup Cost": 19.79,
                "Total Cost": 3101.19,
                "Plan Rows": 1,
                "Plan Width": 26,
                "Actual Startup Time": 14.706,
                "Actual Total Time": 649.923,
                "Actual Rows": 1346,
                "Actual Loops": 1,
                "Inner Unique": false,
                "Plans": [
                  {
                    "Node Type": "Nested Loop",
                    "Parent Relationship": "Outer",
                    "Parallel Aware": false,
                    "Async Capable": false,
                    "Join Type": "Inner",
                    "Startup Cost": 19.35,
                    "Total Cost": 3085.94,
                    "Plan Rows": 4,
                    "Plan Width": 18,
                    "Actual Startup Time": 13.027,
                    "Actual Total Time": 171.988,
                    "Actual Rows": 18297,
                    "Actual Loops": 1,
                    "Inner Unique": false,
                    "Join Filter": "(it2.id = mi_idx.info_type_id)",
                    "Rows Removed by Join Filter": 6493,
                    "Plans": [
                      {
                        "Node Type": "Seq Scan",
                        "Parent Relationship": "Outer",
                        "Parallel Aware": false,
                        "Async Capable": false,
                        "Relation Name": "info_type",
                        "Alias": "it2",
                        "Startup Cost": 0.0,
                        "Total Cost": 2.41,
                        "Plan Rows": 1,
                        "Plan Width": 4,
                        "Actual Startup Time": 0.013,
                        "Actual Total Time": 0.015,
                        "Actual Rows": 1,
                        "Actual Loops": 1,
                        "Filter": "((info)::text = 'rating'::text)",
                        "Rows Removed by Filter": 112
                      },
                      {
                        "Node Type": "Nested Loop",
                        "Parent Relationship": "Inner",
                        "Parallel Aware": false,
                        "Async Capable": false,
                        "Join Type": "Inner",
                        "Startup Cost": 19.35,
                        "Total Cost": 3077.25,
                        "Plan Rows": 502,
                        "Plan Width": 22,
                        "Actual Startup Time": 13.009,
                        "Actual Total Time": 168.596,
                        "Actual Rows": 24790,
                        "Actual Loops": 1,
                        "Inner Unique": false,
                        "Plans": [
                          {
                            "Node Type": "Hash Join",
                            "Parent Relationship": "Outer",
                            "Parallel Aware": false,
                            "Async Capable": false,
                            "Join Type": "Inner",
                            "Startup Cost": 18.93,
                            "Total Cost": 2457.5,
                            "Plan Rows": 761,
                            "Plan Width": 8,
                            "Actual Startup Time": 12.931,
                            "Actual Total Time": 29.165,
                            "Actual Rows": 49145,
                            "Actual Loops": 1,
                            "Inner Unique": true,
                            "Hash Cond": "(cc.subject_id = cct1.id)",
                            "Plans": [
                              {
                                "Node Type": "Seq Scan",
                                "Parent Relationship": "Outer",
                                "Parallel Aware": false,
                                "Async Capable": false,
                                "Relation Name": "complete_cast",
                                "Alias": "cc",
                                "Startup Cost": 0.0,
                                "Total Cost": 2081.86,
                                "Plan Rows": 135086,
                                "Plan Width": 12,
                                "Actual Startup Time": 0.012,
                                "Actual Total Time": 10.896,
                                "Actual Rows": 135086,
                                "Actual Loops": 1
                              },
                              {
                                "Node Type": "Hash",
                                "Parent Relationship": "Inner",
                                "Parallel Aware": false,
                                "Async Capable": false,
                                "Startup Cost": 18.88,
                                "Total Cost": 18.88,
                                "Plan Rows": 4,
                                "Plan Width": 4,
                                "Actual Startup Time": 0.014,
                                "Actual Total Time": 0.015,
                                "Actual Rows": 1,
                                "Actual Loops": 1,
                                "Hash Buckets": 1024,
                                "Original Hash Buckets": 1024,
                                "Hash Batches": 1,
                                "Original Hash Batches": 1,
                                "Peak Memory Usage": 9,
                                "Plans": [
                                  {
                                    "Node Type": "Seq Scan",
                                    "Parent Relationship": "Outer",
                                    "Parallel Aware": false,
                                    "Async Capable": false,
                                    "Relation Name": "comp_cast_type",
                                    "Alias": "cct1",
                                    "Startup Cost": 0.0,
                                    "Total Cost": 18.88,
                                    "Plan Rows": 4,
                                    "Plan Width": 4,
                                    "Actual Startup Time": 0.008,
                                    "Actual Total Time": 0.008,
                                    "Actual Rows": 1,
                                    "Actual Loops": 1,
                                    "Filter": "((kind)::text = 'crew'::text)",
                                    "Rows Removed by Filter": 3
                                  }
                                ]
                              }
                            ]
                          },
                          {
                            "Node Type": "Index Scan",
                            "Parent Relationship": "Inner",
                            "Parallel Aware": false,
                            "Async Capable": false,
                            "Scan Direction": "Forward",
                            "Index Name": "movie_id_movie_info_idx",
                            "Relation Name": "movie_info_idx",
                            "Alias": "mi_idx",
                            "Startup Cost": 0.43,
                            "Total Cost": 0.8,
                            "Plan Rows": 1,
                            "Plan Width": 14,
                            "Actual Startup Time": 0.002,
                            "Actual Total Time": 0.003,
                            "Actual Rows": 1,
                            "Actual Loops": 49145,
                            "Index Cond": "(movie_id = cc.movie_id)",
                            "Rows Removed by Index Recheck": 0,
                            "Filter": "((info)::text > '6.5'::text)",
                            "Rows Removed by Filter": 2
                          }
                        ]
                      }
                    ]
                  },
                  {
                    "Node Type": "Index Scan",
                    "Parent Relationship": "Inner",
                    "Parallel Aware": false,
                    "Async Capable": false,
                    "Scan Direction": "Forward",
                    "Index Name": "movie_id_movie_info",
                    "Relation Name": "movie_info",
                    "Alias": "mi",
                    "Startup Cost": 0.43,
                    "Total Cost": 3.8,
                    "Plan Rows": 1,
                    "Plan Width": 8,
                    "Actual Startup Time": 0.024,
                    "Actual Total Time": 0.026,
                    "Actual Rows": 0,
                    "Actual Loops": 18297,
                    "Index Cond": "(movie_id = mi_idx.movie_id)",
                    "Rows Removed by Index Recheck": 0,
                    "Filter": "((info)::text = ANY ('{Sweden,Germany,Swedish,German}'::text[]))",
                    "Rows Removed by Filter": 39
                  }
                ]
              },
              {
                "Node Type": "Index Scan",
                "Parent Relationship": "Inner",
                "Parallel Aware": false,
                "Async Capable": false,
                "Scan Direction": "Forward",
                "Index Name": "comp_cast_type_pkey",
                "Relation Name": "comp_cast_type",
                "Alias": "cct2",
                "Startup Cost": 0.15,
                "Total Cost": 0.17,
                "Plan Rows": 1,
                "Plan Width": 4,
                "Actual Startup Time": 0.001,
                "Actual Total Time": 0.001,
                "Actual Rows": 1,
                "Actual Loops": 1346,
                "Index Cond": "(id = cc.status_id)",
                "Rows Removed by Index Recheck": 0,
                "Filter": "((kind)::text <> 'complete+verified'::text)",
                "Rows Removed by Filter": 0
              }
            ]
          },
          {
            "Node Type": "Index Scan",
            "Parent Relationship": "Inner",
            "Parallel Aware": false,
            "Async Capable": false,
            "Scan Direction": "Forward",
            "Index Name": "title_pkey",
            "Relation Name": "title",
            "Alias": "t",
            "Startup Cost": 0.43,
            "Total Cost": 1.05,
            "Plan Rows": 1,
            "Plan Width": 25,
            "Actual Startup Time": 0.006,
            "Actual Total Time": 0.006,
            "Actual Rows": 0,
            "Actual Loops": 950,
            "Index Cond": "(id = mi_idx.movie_id)",
            "Rows Removed by Index Recheck": 0,
            "Filter": "(production_year > 2005)",
            "Rows Removed by Filter": 1
          }
        ]
      },
      {
        "Node Type": "Index Scan",
        "Parent Relationship": "Inner",
        "Parallel Aware": false,
        "Async Capable": false,
        "Scan Direction": "Forward",
        "Index Name": "movie_id_movie_companies",
        "Relation Name": "movie_companies",
        "Alias": "mc",
        "Startup Cost": 0.43,
        "Total Cost": 0.64,
        "Plan Rows": 1,
        "Plan Width": 12,
        "Actual Startup Time": 0.007,
        "Actual Total Time": 0.009,
        "Actual Rows": 1,
        "Actual Loops": 222,
        "Index Cond": "(movie_id = t.id)",
        "Rows Removed by Index Recheck": 0,
        "Filter": "(((note)::text !~~ '%(USA)%'::text) AND ((note)::text ~~ '%(200%)%'::text))",
        "Rows Removed by Filter": 5
      }
    ]
  }
}