{
  "Plan": {
    "Node Type": "Nested Loop",
    "Parent Relationship": "Outer",
    "Parallel Aware": false,
    "Async Capable": false,
    "Join Type": "Inner",
    "Startup Cost": 38.28,
    "Total Cost": 2481.77,
    "Plan Rows": 12,
    "Plan Width": 18,
    "Actual Startup Time": 0.097,
    "Actual Total Time": 254.113,
    "Actual Rows": 130197,
    "Actual Loops": 1,
    "Inner Unique": false,
    "Plans": [
      {
        "Node Type": "Hash Join",
        "Parent Relationship": "Outer",
        "Parallel Aware": false,
        "Async Capable": false,
        "Join Type": "Inner",
        "Startup Cost": 37.85,
        "Total Cost": 2478.43,
        "Plan Rows": 4,
        "Plan Width": 4,
        "Actual Startup Time": 0.068,
        "Actual Total Time": 55.497,
        "Actual Rows": 68062,
        "Actual Loops": 1,
        "Inner Unique": true,
        "Hash Cond": "(cc.subject_id = cct1.id)",
        "Plans": [
          {
            "Node Type": "Hash Join",
            "Parent Relationship": "Outer",
            "Parallel Aware": false,
            "Async Capable": false,
            "Join Type": "Inner",
            "Startup Cost": 18.93,
            "Total Cost": 2457.5,
            "Plan Rows": 761,
            "Plan Width": 8,
            "Actual Startup Time": 0.034,
            "Actual Total Time": 39.757,
            "Actual Rows": 110494,
            "Actual Loops": 1,
            "Inner Unique": true,
            "Hash Cond": "(cc.status_id = cct2.id)",
            "Plans": [
              {
                "Node Type": "Seq Scan",
                "Parent Relationship": "Outer",
                "Parallel Aware": false,
                "Async Capable": false,
                "Relation Name": "complete_cast",
                "Alias": "cc",
                "Startup Cost": 0.0,
                "Total Cost": 2081.86,
                "Plan Rows": 135086,
                "Plan Width": 12,
                "Actual Startup Time": 0.011,
                "Actual Total Time": 12.493,
                "Actual Rows": 135086,
                "Actual Loops": 1
              },
              {
                "Node Type": "Hash",
                "Parent Relationship": "Inner",
                "Parallel Aware": false,
                "Async Capable": false,
                "Startup Cost": 18.88,
                "Total Cost": 18.88,
                "Plan Rows": 4,
                "Plan Width": 4,
                "Actual Startup Time": 0.006,
                "Actual Total Time": 0.008,
                "Actual Rows": 1,
                "Actual Loops": 1,
                "Hash Buckets": 1024,
                "Original Hash Buckets": 1024,
                "Hash Batches": 1,
                "Original Hash Batches": 1,
                "Peak Memory Usage": 9,
                "Plans": [
                  {
                    "Node Type": "Seq Scan",
                    "Parent Relationship": "Outer",
                    "Parallel Aware": false,
                    "Async Capable": false,
                    "Relation Name": "comp_cast_type",
                    "Alias": "cct2",
                    "Startup Cost": 0.0,
                    "Total Cost": 18.88,
                    "Plan Rows": 4,
                    "Plan Width": 4,
                    "Actual Startup Time": 0.002,
                    "Actual Total Time": 0.003,
                    "Actual Rows": 1,
                    "Actual Loops": 1,
                    "Filter": "((kind)::text = 'complete'::text)",
                    "Rows Removed by Filter": 3
                  }
                ]
              }
            ]
          },
          {
            "Node Type": "Hash",
            "Parent Relationship": "Inner",
            "Parallel Aware": false,
            "Async Capable": false,
            "Startup Cost": 18.88,
            "Total Cost": 18.88,
            "Plan Rows": 4,
            "Plan Width": 4,
            "Actual Startup Time": 0.018,
            "Actual Total Time": 0.019,
            "Actual Rows": 1,
            "Actual Loops": 1,
            "Hash Buckets": 1024,
            "Original Hash Buckets": 1024,
            "Hash Batches": 1,
            "Original Hash Batches": 1,
            "Peak Memory Usage": 9,
            "Plans": [
              {
                "Node Type": "Seq Scan",
                "Parent Relationship": "Outer",
                "Parallel Aware": false,
                "Async Capable": false,
                "Relation Name": "comp_cast_type",
                "Alias": "cct1",
                "Startup Cost": 0.0,
                "Total Cost": 18.88,
                "Plan Rows": 4,
                "Plan Width": 4,
                "Actual Startup Time": 0.012,
                "Actual Total Time": 0.013,
                "Actual Rows": 1,
                "Actual Loops": 1,
                "Filter": "((kind)::text = 'cast'::text)",
                "Rows Removed by Filter": 3
              }
            ]
          }
        ]
      },
      {
        "Node Type": "Index Scan",
        "Parent Relationship": "Inner",
        "Parallel Aware": false,
        "Async Capable": false,
        "Scan Direction": "Forward",
        "Index Name": "movie_id_movie_info_idx",
        "Relation Name": "movie_info_idx",
        "Alias": "mi_idx",
        "Startup Cost": 0.43,
        "Total Cost": 0.8,
        "Plan Rows": 3,
        "Plan Width": 14,
        "Actual Startup Time": 0.002,
        "Actual Total Time": 0.003,
        "Actual Rows": 2,
        "Actual Loops": 68062,
        "Index Cond": "(movie_id = cc.movie_id)",
        "Rows Removed by Index Recheck": 0,
        "Filter": "((info)::text < '8.5'::text)",
        "Rows Removed by Filter": 0
      }
    ]
  }
}