{
  "Plan": {
    "Node Type": "Nested Loop",
    "Parent Relationship": "Outer",
    "Parallel Aware": false,
    "Async Capable": false,
    "Join Type": "Inner",
    "Startup Cost": 38.71,
    "Total Cost": 2496.05,
    "Plan Rows": 1,
    "Plan Width": 33,
    "Actual Startup Time": 77.938,
    "Actual Total Time": 121.15,
    "Actual Rows": 22,
    "Actual Loops": 1,
    "Inner Unique": false,
    "Join Filter": "(t.id = mc.movie_id)",
    "Rows Removed by Join Filter": 0,
    "Plans": [
      {
        "Node Type": "Nested Loop",
        "Parent Relationship": "Outer",
        "Parallel Aware": false,
        "Async Capable": false,
        "Join Type": "Inner",
        "Startup Cost": 38.28,
        "Total Cost": 2490.87,
        "Plan Rows": 1,
        "Plan Width": 25,
        "Actual Startup Time": 77.905,
        "Actual Total Time": 121.104,
        "Actual Rows": 1,
        "Actual Loops": 1,
        "Inner Unique": true,
        "Plans": [
          {
            "Node Type": "Hash Join",
            "Parent Relationship": "Outer",
            "Parallel Aware": false,
            "Async Capable": false,
            "Join Type": "Inner",
            "Startup Cost": 37.85,
            "Total Cost": 2478.43,
            "Plan Rows": 4,
            "Plan Width": 4,
            "Actual Startup Time": 0.077,
            "Actual Total Time": 38.801,
            "Actual Rows": 17879,
            "Actual Loops": 1,
            "Inner Unique": true,
            "Hash Cond": "(cc.status_id = cct2.id)",
            "Plans": [
              {
                "Node Type": "Hash Join",
                "Parent Relationship": "Outer",
                "Parallel Aware": false,
                "Async Capable": false,
                "Join Type": "Inner",
                "Startup Cost": 18.93,
                "Total Cost": 2457.5,
                "Plan Rows": 761,
                "Plan Width": 8,
                "Actual Startup Time": 0.035,
                "Actual Total Time": 30.518,
                "Actual Rows": 85941,
                "Actual Loops": 1,
                "Inner Unique": true,
                "Hash Cond": "(cc.subject_id = cct1.id)",
                "Plans": [
                  {
                    "Node Type": "Seq Scan",
                    "Parent Relationship": "Outer",
                    "Parallel Aware": false,
                    "Async Capable": false,
                    "Relation Name": "complete_cast",
                    "Alias": "cc",
                    "Startup Cost": 0.0,
                    "Total Cost": 2081.86,
                    "Plan Rows": 135086,
                    "Plan Width": 12,
                    "Actual Startup Time": 0.015,
                    "Actual Total Time": 10.136,
                    "Actual Rows": 135086,
                    "Actual Loops": 1
                  },
                  {
                    "Node Type": "Hash",
                    "Parent Relationship": "Inner",
                    "Parallel Aware": false,
                    "Async Capable": false,
                    "Startup Cost": 18.88,
                    "Total Cost": 18.88,
                    "Plan Rows": 4,
                    "Plan Width": 4,
                    "Actual Startup Time": 0.005,
                    "Actual Total Time": 0.006,
                    "Actual Rows": 1,
                    "Actual Loops": 1,
                    "Hash Buckets": 1024,
                    "Original Hash Buckets": 1024,
                    "Hash Batches": 1,
                    "Original Hash Batches": 1,
                    "Peak Memory Usage": 9,
                    "Plans": [
                      {
                        "Node Type": "Seq Scan",
                        "Parent Relationship": "Outer",
                        "Parallel Aware": false,
                        "Async Capable": false,
                        "Relation Name": "comp_cast_type",
                        "Alias": "cct1",
                        "Startup Cost": 0.0,
                        "Total Cost": 18.88,
                        "Plan Rows": 4,
                        "Plan Width": 4,
                        "Actual Startup Time": 0.002,
                        "Actual Total Time": 0.003,
                        "Actual Rows": 1,
                        "Actual Loops": 1,
                        "Filter": "((kind)::text = 'cast'::text)",
                        "Rows Removed by Filter": 3
                      }
                    ]
                  }
                ]
              },
              {
                "Node Type": "Hash",
                "Parent Relationship": "Inner",
                "Parallel Aware": false,
                "Async Capable": false,
                "Startup Cost": 18.88,
                "Total Cost": 18.88,
                "Plan Rows": 4,
                "Plan Width": 4,
                "Actual Startup Time": 0.023,
                "Actual Total Time": 0.024,
                "Actual Rows": 1,
                "Actual Loops": 1,
                "Hash Buckets": 1024,
                "Original Hash Buckets": 1024,
                "Hash Batches": 1,
                "Original Hash Batches": 1,
                "Peak Memory Usage": 9,
                "Plans": [
                  {
                    "Node Type": "Seq Scan",
                    "Parent Relationship": "Outer",
                    "Parallel Aware": false,
                    "Async Capable": false,
                    "Relation Name": "comp_cast_type",
                    "Alias": "cct2",
                    "Startup Cost": 0.0,
                    "Total Cost": 18.88,
                    "Plan Rows": 4,
                    "Plan Width": 4,
                    "Actual Startup Time": 0.019,
                    "Actual Total Time": 0.019,
                    "Actual Rows": 1,
                    "Actual Loops": 1,
                    "Filter": "((kind)::text = 'complete+verified'::text)",
                    "Rows Removed by Filter": 3
                  }
                ]
              }
            ]
          },
          {
            "Node Type": "Index Scan",
            "Parent Relationship": "Inner",
            "Parallel Aware": false,
            "Async Capable": false,
            "Scan Direction": "Forward",
            "Index Name": "title_pkey",
            "Relation Name": "title",
            "Alias": "t",
            "Startup Cost": 0.43,
            "Total Cost": 2.81,
            "Plan Rows": 1,
            "Plan Width": 21,
            "Actual Startup Time": 0.004,
            "Actual Total Time": 0.004,
            "Actual Rows": 0,
            "Actual Loops": 17879,
            "Index Cond": "(id = cc.movie_id)",
            "Rows Removed by Index Recheck": 0,
            "Filter": "((production_year >= 2000) AND (production_year <= 2005) AND ((title)::text = 'Shrek 2'::text))",
            "Rows Removed by Filter": 1
          }
        ]
      },
      {
        "Node Type": "Index Scan",
        "Parent Relationship": "Inner",
        "Parallel Aware": false,
        "Async Capable": false,
        "Scan Direction": "Forward",
        "Index Name": "movie_id_movie_companies",
        "Relation Name": "movie_companies",
        "Alias": "mc",
        "Startup Cost": 0.43,
        "Total Cost": 5.12,
        "Plan Rows": 5,
        "Plan Width": 8,
        "Actual Startup Time": 0.03,
        "Actual Total Time": 0.038,
        "Actual Rows": 22,
        "Actual Loops": 1,
        "Index Cond": "(movie_id = cc.movie_id)",
        "Rows Removed by Index Recheck": 0
      }
    ]
  }
}