{
  "Plan": {
    "Node Type": "Nested Loop",
    "Parent Relationship": "Outer",
    "Parallel Aware": false,
    "Async Capable": false,
    "Join Type": "Inner",
    "Startup Cost": 21.22,
    "Total Cost": 1506.59,
    "Plan Rows": 1,
    "Plan Width": 32,
    "Actual Startup Time": 10.751,
    "Actual Total Time": 393.75,
    "Actual Rows": 16,
    "Actual Loops": 1,
    "Inner Unique": true,
    "Plans": [
      {
        "Node Type": "Nested Loop",
        "Parent Relationship": "Outer",
        "Parallel Aware": false,
        "Async Capable": false,
        "Join Type": "Inner",
        "Startup Cost": 21.08,
        "Total Cost": 1505.55,
        "Plan Rows": 1,
        "Plan Width": 36,
        "Actual Startup Time": 10.732,
        "Actual Total Time": 393.674,
        "Actual Rows": 16,
        "Actual Loops": 1,
        "Inner Unique": false,
        "Join Filter": "(n.id = an.person_id)",
        "Rows Removed by Join Filter": 0,
        "Plans": [
          {
            "Node Type": "Nested Loop",
            "Parent Relationship": "Outer",
            "Parallel Aware": false,
            "Async Capable": false,
            "Join Type": "Inner",
            "Startup Cost": 20.66,
            "Total Cost": 1505.06,
            "Plan Rows": 1,
            "Plan Width": 48,
            "Actual Startup Time": 10.712,
            "Actual Total Time": 393.52,
            "Actual Rows": 8,
            "Actual Loops": 1,
            "Inner Unique": false,
            "Join Filter": "(n.id = pi.person_id)",
            "Rows Removed by Join Filter": 0,
            "Plans": [
              {
                "Node Type": "Nested Loop",
                "Parent Relationship": "Outer",
                "Parallel Aware": false,
                "Async Capable": false,
                "Join Type": "Inner",
                "Startup Cost": 20.23,
                "Total Cost": 1501.26,
                "Plan Rows": 4,
                "Plan Width": 40,
                "Actual Startup Time": 0.321,
                "Actual Total Time": 383.486,
                "Actual Rows": 1076,
                "Actual Loops": 1,
                "Inner Unique": true,
                "Plans": [
                  {
                    "Node Type": "Nested Loop",
                    "Parent Relationship": "Outer",
                    "Parallel Aware": false,
                    "Async Capable": false,
                    "Join Type": "Inner",
                    "Startup Cost": 19.8,
                    "Total Cost": 1403.68,
                    "Plan Rows": 212,
                    "Plan Width": 21,
                    "Actual Startup Time": 0.12,
                    "Actual Total Time": 152.902,
                    "Actual Rows": 33415,
                    "Actual Loops": 1,
                    "Inner Unique": false,
                    "Plans": [
                      {
                        "Node Type": "Nested Loop",
                        "Parent Relationship": "Outer",
                        "Parallel Aware": false,
                        "Async Capable": false,
                        "Join Type": "Inner",
                        "Startup Cost": 19.36,
                        "Total Cost": 1317.66,
                        "Plan Rows": 5,
                        "Plan Width": 25,
                        "Actual Startup Time": 0.093,
                        "Actual Total Time": 45.247,
                        "Actual Rows": 435,
                        "Actual Loops": 1,
                        "Inner Unique": true,
                        "Plans": [
                          {
                            "Node Type": "Hash Join",
                            "Parent Relationship": "Outer",
                            "Parallel Aware": false,
                            "Async Capable": false,
                            "Join Type": "Inner",
                            "Startup Cost": 18.93,
                            "Total Cost": 561.1,
                            "Plan Rows": 169,
                            "Plan Width": 4,
                            "Actual Startup Time": 0.059,
                            "Actual Total Time": 5.818,
                            "Actual Rows": 5186,
                            "Actual Loops": 1,
                            "Inner Unique": true,
                            "Hash Cond": "(ml.link_type_id = lt.id)",
                            "Plans": [
                              {
                                "Node Type": "Seq Scan",
                                "Parent Relationship": "Outer",
                                "Parallel Aware": false,
                                "Async Capable": false,
                                "Relation Name": "movie_link",
                                "Alias": "ml",
                                "Startup Cost": 0.0,
                                "Total Cost": 462.97,
                                "Plan Rows": 29997,
                                "Plan Width": 8,
                                "Actual Startup Time": 0.011,
                                "Actual Total Time": 2.392,
                                "Actual Rows": 29997,
                                "Actual Loops": 1
                              },
                              {
                                "Node Type": "Hash",
                                "Parent Relationship": "Inner",
                                "Parallel Aware": false,
                                "Async Capable": false,
                                "Startup Cost": 18.88,
                                "Total Cost": 18.88,
                                "Plan Rows": 4,
                                "Plan Width": 4,
                                "Actual Startup Time": 0.016,
                                "Actual Total Time": 0.017,
                                "Actual Rows": 1,
                                "Actual Loops": 1,
                                "Hash Buckets": 1024,
                                "Original Hash Buckets": 1024,
                                "Hash Batches": 1,
                                "Original Hash Batches": 1,
                                "Peak Memory Usage": 9,
                                "Plans": [
                                  {
                                    "Node Type": "Seq Scan",
                                    "Parent Relationship": "Outer",
                                    "Parallel Aware": false,
                                    "Async Capable": false,
                                    "Relation Name": "link_type",
                                    "Alias": "lt",
                                    "Startup Cost": 0.0,
                                    "Total Cost": 18.88,
                                    "Plan Rows": 4,
                                    "Plan Width": 4,
                                    "Actual Startup Time": 0.01,
                                    "Actual Total Time": 0.012,
                                    "Actual Rows": 1,
                                    "Actual Loops": 1,
                                    "Filter": "((link)::text = 'features'::text)",
                                    "Rows Removed by Filter": 17
                                  }
                                ]
                              }
                            ]
                          },
                          {
                            "Node Type": "Index Scan",
                            "Parent Relationship": "Inner",
                            "Parallel Aware": false,
                            "Async Capable": false,
                            "Scan Direction": "Forward",
                            "Index Name": "title_pkey",
                            "Relation Name": "title",
                            "Alias": "t",
                            "Startup Cost": 0.43,
                            "Total Cost": 4.48,
                            "Plan Rows": 1,
                            "Plan Width": 21,
                            "Actual Startup Time": 0.007,
                            "Actual Total Time": 0.007,
                            "Actual Rows": 0,
                            "Actual Loops": 5186,
                            "Index Cond": "(id = ml.linked_movie_id)",
                            "Rows Removed by Index Recheck": 0,
                            "Filter": "((production_year >= 1980) AND (production_year <= 1984))",
                            "Rows Removed by Filter": 1
                          }
                        ]
                      },
                      {
                        "Node Type": "Index Scan",
                        "Parent Relationship": "Inner",
                        "Parallel Aware": false,
                        "Async Capable": false,
                        "Scan Direction": "Forward",
                        "Index Name": "movie_id_cast_info",
                        "Relation Name": "cast_info",
                        "Alias": "ci",
                        "Startup Cost": 0.44,
                        "Total Cost": 16.77,
                        "Plan Rows": 43,
                        "Plan Width": 8,
                        "Actual Startup Time": 0.011,
                        "Actual Total Time": 0.238,
                        "Actual Rows": 77,
                        "Actual Loops": 435,
                        "Index Cond": "(movie_id = t.id)",
                        "Rows Removed by Index Recheck": 0
                      }
                    ]
                  },
                  {
                    "Node Type": "Index Scan",
                    "Parent Relationship": "Inner",
                    "Parallel Aware": false,
                    "Async Capable": false,
                    "Scan Direction": "Forward",
                    "Index Name": "name_pkey",
                    "Relation Name": "name",
                    "Alias": "n",
                    "Startup Cost": 0.43,
                    "Total Cost": 0.46,
                    "Plan Rows": 1,
                    "Plan Width": 19,
                    "Actual Startup Time": 0.007,
                    "Actual Total Time": 0.007,
                    "Actual Rows": 0,
                    "Actual Loops": 33415,
                    "Index Cond": "(id = ci.person_id)",
                    "Rows Removed by Index Recheck": 0,
                    "Filter": "(((name_pcode_cf)::text ~~ 'D%'::text) AND ((gender)::text = 'm'::text))",
                    "Rows Removed by Filter": 1
                  }
                ]
              },
              {
                "Node Type": "Index Scan",
                "Parent Relationship": "Inner",
                "Parallel Aware": false,
                "Async Capable": false,
                "Scan Direction": "Forward",
                "Index Name": "person_id_person_info",
                "Relation Name": "person_info",
                "Alias": "pi",
                "Startup Cost": 0.43,
                "Total Cost": 0.94,
                "Plan Rows": 1,
                "Plan Width": 8,
                "Actual Startup Time": 0.009,
                "Actual Total Time": 0.009,
                "Actual Rows": 0,
                "Actual Loops": 1076,
                "Index Cond": "(person_id = ci.person_id)",
                "Rows Removed by Index Recheck": 0,
                "Filter": "((note)::text = 'Volker Boehm'::text)",
                "Rows Removed by Filter": 16
              }
            ]
          },
          {
            "Node Type": "Index Scan",
            "Parent Relationship": "Inner",
            "Parallel Aware": false,
            "Async Capable": false,
            "Scan Direction": "Forward",
            "Index Name": "person_id_aka_name",
            "Relation Name": "aka_name",
            "Alias": "an",
            "Startup Cost": 0.42,
            "Total Cost": 0.47,
            "Plan Rows": 2,
            "Plan Width": 4,
            "Actual Startup Time": 0.014,
            "Actual Total Time": 0.017,
            "Actual Rows": 2,
            "Actual Loops": 8,
            "Index Cond": "(person_id = ci.person_id)",
            "Rows Removed by Index Recheck": 0,
            "Filter": "((name)::text ~~ '%a%'::text)",
            "Rows Removed by Filter": 1
          }
        ]
      },
      {
        "Node Type": "Index Scan",
        "Parent Relationship": "Inner",
        "Parallel Aware": false,
        "Async Capable": false,
        "Scan Direction": "Forward",
        "Index Name": "info_type_pkey",
        "Relation Name": "info_type",
        "Alias": "it",
        "Startup Cost": 0.14,
        "Total Cost": 0.59,
        "Plan Rows": 1,
        "Plan Width": 4,
        "Actual Startup Time": 0.004,
        "Actual Total Time": 0.004,
        "Actual Rows": 1,
        "Actual Loops": 16,
        "Index Cond": "(id = pi.info_type_id)",
        "Rows Removed by Index Recheck": 0,
        "Filter": "((info)::text = 'mini biography'::text)",
        "Rows Removed by Filter": 0
      }
    ]
  }
}