{
  "Plan": {
    "Node Type": "Nested Loop",
    "Parent Relationship": "Outer",
    "Parallel Aware": false,
    "Async Capable": false,
    "Join Type": "Inner",
    "Startup Cost": 38.75,
    "Total Cost": 2504.25,
    "Plan Rows": 7,
    "Plan Width": 33,
    "Actual Startup Time": 0.189,
    "Actual Total Time": 229.386,
    "Actual Rows": 133450,
    "Actual Loops": 1,
    "Inner Unique": false,
    "Plans": [
      {
        "Node Type": "Nested Loop",
        "Parent Relationship": "Outer",
        "Parallel Aware": false,
        "Async Capable": false,
        "Join Type": "Inner",
        "Startup Cost": 38.32,
        "Total Cost": 2495.79,
        "Plan Rows": 4,
        "Plan Width": 25,
        "Actual Startup Time": 0.16,
        "Actual Total Time": 182.548,
        "Actual Rows": 2083,
        "Actual Loops": 1,
        "Inner Unique": true,
        "Plans": [
          {
            "Node Type": "Hash Join",
            "Parent Relationship": "Outer",
            "Parallel Aware": false,
            "Async Capable": false,
            "Join Type": "Inner",
            "Startup Cost": 37.89,
            "Total Cost": 2479.98,
            "Plan Rows": 8,
            "Plan Width": 4,
            "Actual Startup Time": 0.093,
            "Actual Total Time": 49.493,
            "Actual Rows": 24592,
            "Actual Loops": 1,
            "Inner Unique": true,
            "Hash Cond": "(cc.status_id = cct2.id)",
            "Plans": [
              {
                "Node Type": "Hash Join",
                "Parent Relationship": "Outer",
                "Parallel Aware": false,
                "Async Capable": false,
                "Join Type": "Inner",
                "Startup Cost": 18.96,
                "Total Cost": 2457.54,
                "Plan Rows": 1332,
                "Plan Width": 8,
                "Actual Startup Time": 0.053,
                "Actual Total Time": 37.633,
                "Actual Rows": 135086,
                "Actual Loops": 1,
                "Inner Unique": true,
                "Hash Cond": "(cc.subject_id = cct1.id)",
                "Plans": [
                  {
                    "Node Type": "Seq Scan",
                    "Parent Relationship": "Outer",
                    "Parallel Aware": false,
                    "Async Capable": false,
                    "Relation Name": "complete_cast",
                    "Alias": "cc",
                    "Startup Cost": 0.0,
                    "Total Cost": 2081.86,
                    "Plan Rows": 135086,
                    "Plan Width": 12,
                    "Actual Startup Time": 0.013,
                    "Actual Total Time": 11.289,
                    "Actual Rows": 135086,
                    "Actual Loops": 1
                  },
                  {
                    "Node Type": "Hash",
                    "Parent Relationship": "Inner",
                    "Parallel Aware": false,
                    "Async Capable": false,
                    "Startup Cost": 18.88,
                    "Total Cost": 18.88,
                    "Plan Rows": 7,
                    "Plan Width": 4,
                    "Actual Startup Time": 0.023,
                    "Actual Total Time": 0.024,
                    "Actual Rows": 2,
                    "Actual Loops": 1,
                    "Hash Buckets": 1024,
                    "Original Hash Buckets": 1024,
                    "Hash Batches": 1,
                    "Original Hash Batches": 1,
                    "Peak Memory Usage": 9,
                    "Plans": [
                      {
                        "Node Type": "Seq Scan",
                        "Parent Relationship": "Outer",
                        "Parallel Aware": false,
                        "Async Capable": false,
                        "Relation Name": "comp_cast_type",
                        "Alias": "cct1",
                        "Startup Cost": 0.0,
                        "Total Cost": 18.88,
                        "Plan Rows": 7,
                        "Plan Width": 4,
                        "Actual Startup Time": 0.002,
                        "Actual Total Time": 0.019,
                        "Actual Rows": 2,
                        "Actual Loops": 1,
                        "Filter": "((kind)::text = ANY ('{cast,crew}'::text[]))",
                        "Rows Removed by Filter": 2
                      }
                    ]
                  }
                ]
              },
              {
                "Node Type": "Hash",
                "Parent Relationship": "Inner",
                "Parallel Aware": false,
                "Async Capable": false,
                "Startup Cost": 18.88,
                "Total Cost": 18.88,
                "Plan Rows": 4,
                "Plan Width": 4,
                "Actual Startup Time": 0.02,
                "Actual Total Time": 0.022,
                "Actual Rows": 1,
                "Actual Loops": 1,
                "Hash Buckets": 1024,
                "Original Hash Buckets": 1024,
                "Hash Batches": 1,
                "Original Hash Batches": 1,
                "Peak Memory Usage": 9,
                "Plans": [
                  {
                    "Node Type": "Seq Scan",
                    "Parent Relationship": "Outer",
                    "Parallel Aware": false,
                    "Async Capable": false,
                    "Relation Name": "comp_cast_type",
                    "Alias": "cct2",
                    "Startup Cost": 0.0,
                    "Total Cost": 18.88,
                    "Plan Rows": 4,
                    "Plan Width": 4,
                    "Actual Startup Time": 0.014,
                    "Actual Total Time": 0.015,
                    "Actual Rows": 1,
                    "Actual Loops": 1,
                    "Filter": "((kind)::text = 'complete+verified'::text)",
                    "Rows Removed by Filter": 3
                  }
                ]
              }
            ]
          },
          {
            "Node Type": "Index Scan",
            "Parent Relationship": "Inner",
            "Parallel Aware": false,
            "Async Capable": false,
            "Scan Direction": "Forward",
            "Index Name": "title_pkey",
            "Relation Name": "title",
            "Alias": "t",
            "Startup Cost": 0.43,
            "Total Cost": 1.98,
            "Plan Rows": 1,
            "Plan Width": 21,
            "Actual Startup Time": 0.005,
            "Actual Total Time": 0.005,
            "Actual Rows": 0,
            "Actual Loops": 24592,
            "Index Cond": "(id = cc.movie_id)",
            "Rows Removed by Index Recheck": 0,
            "Filter": "(production_year > 2000)",
            "Rows Removed by Filter": 1
          }
        ]
      },
      {
        "Node Type": "Index Scan",
        "Parent Relationship": "Inner",
        "Parallel Aware": false,
        "Async Capable": false,
        "Scan Direction": "Forward",
        "Index Name": "movie_id_movie_keyword",
        "Relation Name": "movie_keyword",
        "Alias": "mk",
        "Startup Cost": 0.43,
        "Total Cost": 1.64,
        "Plan Rows": 47,
        "Plan Width": 8,
        "Actual Startup Time": 0.005,
        "Actual Total Time": 0.015,
        "Actual Rows": 64,
        "Actual Loops": 2083,
        "Index Cond": "(movie_id = t.id)",
        "Rows Removed by Index Recheck": 0
      }
    ]
  }
}