{
  "Plan": {
    "Node Type": "Nested Loop",
    "Parent Relationship": "Outer",
    "Parallel Aware": false,
    "Async Capable": false,
    "Join Type": "Inner",
    "Startup Cost": 22.12,
    "Total Cost": 11375.49,
    "Plan Rows": 1806,
    "Plan Width": 23,
    "Actual Startup Time": 0.169,
    "Actual Total Time": 12097.496,
    "Actual Rows": 150772,
    "Actual Loops": 1,
    "Inner Unique": true,
    "Plans": [
      {
        "Node Type": "Nested Loop",
        "Parent Relationship": "Outer",
        "Parallel Aware": false,
        "Async Capable": false,
        "Join Type": "Inner",
        "Startup Cost": 21.7,
        "Total Cost": 4073.22,
        "Plan Rows": 15610,
        "Plan Width": 4,
        "Actual Startup Time": 0.133,
        "Actual Total Time": 3928.042,
        "Actual Rows": 1097209,
        "Actual Loops": 1,
        "Inner Unique": false,
        "Plans": [
          {
            "Node Type": "Nested Loop",
            "Parent Relationship": "Outer",
            "Parallel Aware": false,
            "Async Capable": false,
            "Join Type": "Inner",
            "Startup Cost": 21.25,
            "Total Cost": 3208.7,
            "Plan Rows": 366,
            "Plan Width": 8,
            "Actual Startup Time": 0.101,
            "Actual Total Time": 233.496,
            "Actual Rows": 14194,
            "Actual Loops": 1,
            "Inner Unique": true,
            "Plans": [
              {
                "Node Type": "Hash Join",
                "Parent Relationship": "Outer",
                "Parallel Aware": false,
                "Async Capable": false,
                "Join Type": "Inner",
                "Startup Cost": 20.82,
                "Total Cost": 563.0,
                "Plan Rows": 591,
                "Plan Width": 4,
                "Actual Startup Time": 0.062,
                "Actual Total Time": 16.716,
                "Actual Rows": 21505,
                "Actual Loops": 1,
                "Inner Unique": true,
                "Hash Cond": "(ml.link_type_id = lt.id)",
                "Plans": [
                  {
                    "Node Type": "Seq Scan",
                    "Parent Relationship": "Outer",
                    "Parallel Aware": false,
                    "Async Capable": false,
                    "Relation Name": "movie_link",
                    "Alias": "ml",
                    "Startup Cost": 0.0,
                    "Total Cost": 462.97,
                    "Plan Rows": 29997,
                    "Plan Width": 8,
                    "Actual Startup Time": 0.015,
                    "Actual Total Time": 5.129,
                    "Actual Rows": 29997,
                    "Actual Loops": 1
                  },
                  {
                    "Node Type": "Hash",
                    "Parent Relationship": "Inner",
                    "Parallel Aware": false,
                    "Async Capable": false,
                    "Startup Cost": 20.65,
                    "Total Cost": 20.65,
                    "Plan Rows": 14,
                    "Plan Width": 4,
                    "Actual Startup Time": 0.024,
                    "Actual Total Time": 0.026,
                    "Actual Rows": 4,
                    "Actual Loops": 1,
                    "Hash Buckets": 1024,
                    "Original Hash Buckets": 1024,
                    "Hash Batches": 1,
                    "Original Hash Batches": 1,
                    "Peak Memory Usage": 9,
                    "Plans": [
                      {
                        "Node Type": "Seq Scan",
                        "Parent Relationship": "Outer",
                        "Parallel Aware": false,
                        "Async Capable": false,
                        "Relation Name": "link_type",
                        "Alias": "lt",
                        "Startup Cost": 0.0,
                        "Total Cost": 20.65,
                        "Plan Rows": 14,
                        "Plan Width": 4,
                        "Actual Startup Time": 0.012,
                        "Actual Total Time": 0.016,
                        "Actual Rows": 4,
                        "Actual Loops": 1,
                        "Filter": "((link)::text = ANY ('{references,\"referenced in\",features,\"featured in\"}'::text[]))",
                        "Rows Removed by Filter": 14
                      }
                    ]
                  }
                ]
              },
              {
                "Node Type": "Index Scan",
                "Parent Relationship": "Inner",
                "Parallel Aware": false,
                "Async Capable": false,
                "Scan Direction": "Forward",
                "Index Name": "title_pkey",
                "Relation Name": "title",
                "Alias": "t",
                "Startup Cost": 0.43,
                "Total Cost": 4.48,
                "Plan Rows": 1,
                "Plan Width": 4,
                "Actual Startup Time": 0.01,
                "Actual Total Time": 0.01,
                "Actual Rows": 1,
                "Actual Loops": 21505,
                "Index Cond": "(id = ml.linked_movie_id)",
                "Rows Removed by Index Recheck": 0,
                "Filter": "((production_year >= 1980) AND (production_year <= 2010))",
                "Rows Removed by Filter": 0
              }
            ]
          },
          {
            "Node Type": "Index Scan",
            "Parent Relationship": "Inner",
            "Parallel Aware": false,
            "Async Capable": false,
            "Scan Direction": "Forward",
            "Index Name": "movie_id_cast_info",
            "Relation Name": "cast_info",
            "Alias": "ci",
            "Startup Cost": 0.44,
            "Total Cost": 1.93,
            "Plan Rows": 43,
            "Plan Width": 8,
            "Actual Startup Time": 0.01,
            "Actual Total Time": 0.251,
            "Actual Rows": 77,
            "Actual Loops": 14194,
            "Index Cond": "(movie_id = t.id)",
            "Rows Removed by Index Recheck": 0
          }
        ]
      },
      {
        "Node Type": "Index Scan",
        "Parent Relationship": "Inner",
        "Parallel Aware": false,
        "Async Capable": false,
        "Scan Direction": "Forward",
        "Index Name": "name_pkey",
        "Relation Name": "name",
        "Alias": "n",
        "Startup Cost": 0.43,
        "Total Cost": 0.47,
        "Plan Rows": 1,
        "Plan Width": 19,
        "Actual Startup Time": 0.007,
        "Actual Total Time": 0.007,
        "Actual Rows": 0,
        "Actual Loops": 1097209,
        "Index Cond": "(id = ci.person_id)",
        "Rows Removed by Index Recheck": 0,
        "Filter": "(((name_pcode_cf)::text >= 'A'::text) AND ((name_pcode_cf)::text <= 'F'::text) AND (((gender)::text = 'm'::text) OR (((gender)::text = 'f'::text) AND ((name)::text ~~ 'A%'::text))))",
        "Rows Removed by Filter": 1
      }
    ]
  }
}