{
  "Plan": {
    "Node Type": "Nested Loop",
    "Parent Relationship": "Outer",
    "Parallel Aware": false,
    "Async Capable": false,
    "Join Type": "Inner",
    "Startup Cost": 8.06,
    "Total Cost": 11353.44,
    "Plan Rows": 1,
    "Plan Width": 18,
    "Actual Startup Time": 12.907,
    "Actual Total Time": 3002.53,
    "Actual Rows": 1547,
    "Actual Loops": 1,
    "Inner Unique": true,
    "Plans": [
      {
        "Node Type": "Nested Loop",
        "Parent Relationship": "Outer",
        "Parallel Aware": false,
        "Async Capable": false,
        "Join Type": "Inner",
        "Startup Cost": 7.64,
        "Total Cost": 11320.99,
        "Plan Rows": 33,
        "Plan Width": 22,
        "Actual Startup Time": 3.952,
        "Actual Total Time": 1162.051,
        "Actual Rows": 598256,
        "Actual Loops": 1,
        "Inner Unique": false,
        "Join Filter": "(mi_idx.movie_id = mc.movie_id)",
        "Rows Removed by Join Filter": 0,
        "Plans": [
          {
            "Node Type": "Nested Loop",
            "Parent Relationship": "Outer",
            "Parallel Aware": false,
            "Async Capable": false,
            "Join Type": "Inner",
            "Startup Cost": 7.21,
            "Total Cost": 11308.12,
            "Plan Rows": 6,
            "Plan Width": 14,
            "Actual Startup Time": 3.935,
            "Actual Total Time": 624.327,
            "Actual Rows": 63701,
            "Actual Loops": 1,
            "Inner Unique": false,
            "Join Filter": "(mi_idx.info_type_id = it2.id)",
            "Rows Removed by Join Filter": 127988,
            "Plans": [
              {
                "Node Type": "Seq Scan",
                "Parent Relationship": "Outer",
                "Parallel Aware": false,
                "Async Capable": false,
                "Relation Name": "info_type",
                "Alias": "it2",
                "Startup Cost": 0.0,
                "Total Cost": 2.41,
                "Plan Rows": 1,
                "Plan Width": 4,
                "Actual Startup Time": 0.013,
                "Actual Total Time": 0.02,
                "Actual Rows": 1,
                "Actual Loops": 1,
                "Filter": "((info)::text = 'votes'::text)",
                "Rows Removed by Filter": 112
              },
              {
                "Node Type": "Nested Loop",
                "Parent Relationship": "Inner",
                "Parallel Aware": false,
                "Async Capable": false,
                "Join Type": "Inner",
                "Startup Cost": 7.21,
                "Total Cost": 11296.77,
                "Plan Rows": 715,
                "Plan Width": 18,
                "Actual Startup Time": 3.918,
                "Actual Total Time": 605.719,
                "Actual Rows": 191689,
                "Actual Loops": 1,
                "Inner Unique": false,
                "Plans": [
                  {
                    "Node Type": "Nested Loop",
                    "Parent Relationship": "Outer",
                    "Parallel Aware": false,
                    "Async Capable": false,
                    "Join Type": "Inner",
                    "Startup Cost": 6.78,
                    "Total Cost": 11041.25,
                    "Plan Rows": 236,
                    "Plan Width": 4,
                    "Actual Startup Time": 3.896,
                    "Actual Total Time": 286.468,
                    "Actual Rows": 76714,
                    "Actual Loops": 1,
                    "Inner Unique": false,
                    "Plans": [
                      {
                        "Node Type": "Seq Scan",
                        "Parent Relationship": "Outer",
                        "Parallel Aware": false,
                        "Async Capable": false,
                        "Relation Name": "keyword",
                        "Alias": "k",
                        "Startup Cost": 0.0,
                        "Total Cost": 3464.69,
                        "Plan Rows": 7,
                        "Plan Width": 4,
                        "Actual Startup Time": 0.796,
                        "Actual Total Time": 26.05,
                        "Actual Rows": 7,
                        "Actual Loops": 1,
                        "Filter": "((keyword)::text = ANY ('{murder,violence,blood,gore,death,female-nudity,hospital}'::text[]))",
                        "Rows Removed by Filter": 134163
                      },
                      {
                        "Node Type": "Bitmap Heap Scan",
                        "Parent Relationship": "Inner",
                        "Parallel Aware": false,
                        "Async Capable": false,
                        "Relation Name": "movie_keyword",
                        "Alias": "mk",
                        "Startup Cost": 6.78,
                        "Total Cost": 1079.34,
                        "Plan Rows": 303,
                        "Plan Width": 8,
                        "Actual Startup Time": 2.44,
                        "Actual Total Time": 35.854,
                        "Actual Rows": 10959,
                        "Actual Loops": 7,
                        "Recheck Cond": "(keyword_id = k.id)",
                        "Rows Removed by Index Recheck": 0,
                        "Exact Heap Blocks": 53234,
                        "Lossy Heap Blocks": 0,
                        "Plans": [
                          {
                            "Node Type": "Bitmap Index Scan",
                            "Parent Relationship": "Outer",
                            "Parallel Aware": false,
                            "Async Capable": false,
                            "Index Name": "keyword_id_movie_keyword",
                            "Startup Cost": 0.0,
                            "Total Cost": 6.71,
                            "Plan Rows": 303,
                            "Plan Width": 0,
                            "Actual Startup Time": 1.349,
                            "Actual Total Time": 1.349,
                            "Actual Rows": 10959,
                            "Actual Loops": 7,
                            "Index Cond": "(keyword_id = k.id)"
                          }
                        ]
                      }
                    ]
                  },
                  {
                    "Node Type": "Index Scan",
                    "Parent Relationship": "Inner",
                    "Parallel Aware": false,
                    "Async Capable": false,
                    "Scan Direction": "Forward",
                    "Index Name": "movie_id_movie_info_idx",
                    "Relation Name": "movie_info_idx",
                    "Alias": "mi_idx",
                    "Startup Cost": 0.43,
                    "Total Cost": 1.05,
                    "Plan Rows": 3,
                    "Plan Width": 14,
                    "Actual Startup Time": 0.003,
                    "Actual Total Time": 0.004,
                    "Actual Rows": 2,
                    "Actual Loops": 76714,
                    "Index Cond": "(movie_id = mk.movie_id)",
                    "Rows Removed by Index Recheck": 0
                  }
                ]
              }
            ]
          },
          {
            "Node Type": "Index Scan",
            "Parent Relationship": "Inner",
            "Parallel Aware": false,
            "Async Capable": false,
            "Scan Direction": "Forward",
            "Index Name": "movie_id_movie_companies",
            "Relation Name": "movie_companies",
            "Alias": "mc",
            "Startup Cost": 0.43,
            "Total Cost": 2.08,
            "Plan Rows": 5,
            "Plan Width": 8,
            "Actual Startup Time": 0.004,
            "Actual Total Time": 0.007,
            "Actual Rows": 9,
            "Actual Loops": 63701,
            "Index Cond": "(movie_id = mk.movie_id)",
            "Rows Removed by Index Recheck": 0
          }
        ]
      },
      {
        "Node Type": "Index Scan",
        "Parent Relationship": "Inner",
        "Parallel Aware": false,
        "Async Capable": false,
        "Scan Direction": "Forward",
        "Index Name": "company_name_pkey",
        "Relation Name": "company_name",
        "Alias": "cn",
        "Startup Cost": 0.42,
        "Total Cost": 0.98,
        "Plan Rows": 1,
        "Plan Width": 4,
        "Actual Startup Time": 0.003,
        "Actual Total Time": 0.003,
        "Actual Rows": 0,
        "Actual Loops": 598256,
        "Index Cond": "(id = mc.company_id)",
        "Rows Removed by Index Recheck": 0,
        "Filter": "((name)::text ~~ 'Lionsgate%'::text)",
        "Rows Removed by Filter": 1
      }
    ]
  }
}