{
  "Plan": {
    "Node Type": "Nested Loop",
    "Parent Relationship": "Outer",
    "Parallel Aware": false,
    "Async Capable": false,
    "Join Type": "Inner",
    "Startup Cost": 7.65,
    "Total Cost": 11332.57,
    "Plan Rows": 1,
    "Plan Width": 33,
    "Actual Startup Time": 48.276,
    "Actual Total Time": 662.3,
    "Actual Rows": 77,
    "Actual Loops": 1,
    "Inner Unique": false,
    "Join Filter": "(t.id = ci.movie_id)",
    "Rows Removed by Join Filter": 0,
    "Plans": [
      {
        "Node Type": "Nested Loop",
        "Parent Relationship": "Outer",
        "Parallel Aware": false,
        "Async Capable": false,
        "Join Type": "Inner",
        "Startup Cost": 7.21,
        "Total Cost": 11309.23,
        "Plan Rows": 1,
        "Plan Width": 25,
        "Actual Startup Time": 47.842,
        "Actual Total Time": 649.735,
        "Actual Rows": 49,
        "Actual Loops": 1,
        "Inner Unique": true,
        "Plans": [
          {
            "Node Type": "Nested Loop",
            "Parent Relationship": "Outer",
            "Parallel Aware": false,
            "Async Capable": false,
            "Join Type": "Inner",
            "Startup Cost": 6.78,
            "Total Cost": 11041.25,
            "Plan Rows": 236,
            "Plan Width": 4,
            "Actual Startup Time": 5.373,
            "Actual Total Time": 269.236,
            "Actual Rows": 76714,
            "Actual Loops": 1,
            "Inner Unique": false,
            "Plans": [
              {
                "Node Type": "Seq Scan",
                "Parent Relationship": "Outer",
                "Parallel Aware": false,
                "Async Capable": false,
                "Relation Name": "keyword",
                "Alias": "k",
                "Startup Cost": 0.0,
                "Total Cost": 3464.69,
                "Plan Rows": 7,
                "Plan Width": 4,
                "Actual Startup Time": 1.158,
                "Actual Total Time": 26.722,
                "Actual Rows": 7,
                "Actual Loops": 1,
                "Filter": "((keyword)::text = ANY ('{murder,violence,blood,gore,death,female-nudity,hospital}'::text[]))",
                "Rows Removed by Filter": 134163
              },
              {
                "Node Type": "Bitmap Heap Scan",
                "Parent Relationship": "Inner",
                "Parallel Aware": false,
                "Async Capable": false,
                "Relation Name": "movie_keyword",
                "Alias": "mk",
                "Startup Cost": 6.78,
                "Total Cost": 1079.34,
                "Plan Rows": 303,
                "Plan Width": 8,
                "Actual Startup Time": 2.578,
                "Actual Total Time": 33.479,
                "Actual Rows": 10959,
                "Actual Loops": 7,
                "Recheck Cond": "(keyword_id = k.id)",
                "Rows Removed by Index Recheck": 0,
                "Exact Heap Blocks": 53234,
                "Lossy Heap Blocks": 0,
                "Plans": [
                  {
                    "Node Type": "Bitmap Index Scan",
                    "Parent Relationship": "Outer",
                    "Parallel Aware": false,
                    "Async Capable": false,
                    "Index Name": "keyword_id_movie_keyword",
                    "Startup Cost": 0.0,
                    "Total Cost": 6.71,
                    "Plan Rows": 303,
                    "Plan Width": 0,
                    "Actual Startup Time": 1.417,
                    "Actual Total Time": 1.417,
                    "Actual Rows": 10959,
                    "Actual Loops": 7,
                    "Index Cond": "(keyword_id = k.id)"
                  }
                ]
              }
            ]
          },
          {
            "Node Type": "Index Scan",
            "Parent Relationship": "Inner",
            "Parallel Aware": false,
            "Async Capable": false,
            "Scan Direction": "Forward",
            "Index Name": "title_pkey",
            "Relation Name": "title",
            "Alias": "t",
            "Startup Cost": 0.43,
            "Total Cost": 1.14,
            "Plan Rows": 1,
            "Plan Width": 21,
            "Actual Startup Time": 0.005,
            "Actual Total Time": 0.005,
            "Actual Rows": 0,
            "Actual Loops": 76714,
            "Index Cond": "(id = mk.movie_id)",
            "Rows Removed by Index Recheck": 0,
            "Filter": "((production_year > 2000) AND (((title)::text ~~ '%Freddy%'::text) OR ((title)::text ~~ '%Jason%'::text) OR ((title)::text ~~ 'Saw%'::text)))",
            "Rows Removed by Filter": 1
          }
        ]
      },
      {
        "Node Type": "Index Scan",
        "Parent Relationship": "Inner",
        "Parallel Aware": false,
        "Async Capable": false,
        "Scan Direction": "Forward",
        "Index Name": "movie_id_cast_info",
        "Relation Name": "cast_info",
        "Alias": "ci",
        "Startup Cost": 0.44,
        "Total Cost": 23.32,
        "Plan Rows": 1,
        "Plan Width": 8,
        "Actual Startup Time": 0.17,
        "Actual Total Time": 0.255,
        "Actual Rows": 2,
        "Actual Loops": 49,
        "Index Cond": "(movie_id = mk.movie_id)",
        "Rows Removed by Index Recheck": 0,
        "Filter": "((note)::text = ANY ('{(writer),\"(head writer)\",\"(written by)\",(story),\"(story editor)\"}'::text[]))",
        "Rows Removed by Filter": 82
      }
    ]
  }
}