{
  "Plan": {
    "Node Type": "Nested Loop",
    "Parent Relationship": "Outer",
    "Parallel Aware": false,
    "Async Capable": false,
    "Join Type": "Inner",
    "Startup Cost": 7.22,
    "Total Cost": 3763.19,
    "Plan Rows": 10,
    "Plan Width": 94,
    "Actual Startup Time": 20.582,
    "Actual Total Time": 20.584,
    "Actual Rows": 0,
    "Actual Loops": 1,
    "Inner Unique": true,
    "Plans": [
      {
        "Node Type": "Nested Loop",
        "Parent Relationship": "Outer",
        "Parallel Aware": false,
        "Async Capable": false,
        "Join Type": "Inner",
        "Startup Cost": 7.07,
        "Total Cost": 3761.5,
        "Plan Rows": 10,
        "Plan Width": 16,
        "Actual Startup Time": 20.582,
        "Actual Total Time": 20.583,
        "Actual Rows": 0,
        "Actual Loops": 1,
        "Inner Unique": false,
        "Plans": [
          {
            "Node Type": "Nested Loop",
            "Parent Relationship": "Outer",
            "Parallel Aware": false,
            "Async Capable": false,
            "Join Type": "Inner",
            "Startup Cost": 6.78,
            "Total Cost": 3747.04,
            "Plan Rows": 34,
            "Plan Width": 4,
            "Actual Startup Time": 20.138,
            "Actual Total Time": 20.569,
            "Actual Rows": 1,
            "Actual Loops": 1,
            "Inner Unique": false,
            "Plans": [
              {
                "Node Type": "Seq Scan",
                "Parent Relationship": "Outer",
                "Parallel Aware": false,
                "Async Capable": false,
                "Relation Name": "keyword",
                "Alias": "k",
                "Startup Cost": 0.0,
                "Total Cost": 2626.12,
                "Plan Rows": 1,
                "Plan Width": 4,
                "Actual Startup Time": 20.093,
                "Actual Total Time": 20.522,
                "Actual Rows": 1,
                "Actual Loops": 1,
                "Filter": "((keyword)::text = '10,000-mile-club'::text)",
                "Rows Removed by Filter": 134169
              },
              {
                "Node Type": "Bitmap Heap Scan",
                "Parent Relationship": "Inner",
                "Parallel Aware": false,
                "Async Capable": false,
                "Relation Name": "movie_keyword",
                "Alias": "mk",
                "Startup Cost": 6.78,
                "Total Cost": 1117.89,
                "Plan Rows": 303,
                "Plan Width": 8,
                "Actual Startup Time": 0.038,
                "Actual Total Time": 0.039,
                "Actual Rows": 1,
                "Actual Loops": 1,
                "Recheck Cond": "(keyword_id = k.id)",
                "Rows Removed by Index Recheck": 0,
                "Exact Heap Blocks": 1,
                "Lossy Heap Blocks": 0,
                "Plans": [
                  {
                    "Node Type": "Bitmap Index Scan",
                    "Parent Relationship": "Outer",
                    "Parallel Aware": false,
                    "Async Capable": false,
                    "Index Name": "keyword_id_movie_keyword",
                    "Startup Cost": 0.0,
                    "Total Cost": 6.71,
                    "Plan Rows": 303,
                    "Plan Width": 0,
                    "Actual Startup Time": 0.021,
                    "Actual Total Time": 0.021,
                    "Actual Rows": 1,
                    "Actual Loops": 1,
                    "Index Cond": "(keyword_id = k.id)"
                  }
                ]
              }
            ]
          },
          {
            "Node Type": "Index Scan",
            "Parent Relationship": "Inner",
            "Parallel Aware": false,
            "Async Capable": false,
            "Scan Direction": "Forward",
            "Index Name": "movie_id_movie_link",
            "Relation Name": "movie_link",
            "Alias": "ml",
            "Startup Cost": 0.29,
            "Total Cost": 0.38,
            "Plan Rows": 5,
            "Plan Width": 12,
            "Actual Startup Time": 0.013,
            "Actual Total Time": 0.013,
            "Actual Rows": 0,
            "Actual Loops": 1,
            "Index Cond": "(movie_id = mk.movie_id)",
            "Rows Removed by Index Recheck": 0
          }
        ]
      },
      {
        "Node Type": "Index Scan",
        "Parent Relationship": "Inner",
        "Parallel Aware": false,
        "Async Capable": false,
        "Scan Direction": "Forward",
        "Index Name": "link_type_pkey",
        "Relation Name": "link_type",
        "Alias": "lt",
        "Startup Cost": 0.15,
        "Total Cost": 0.17,
        "Plan Rows": 1,
        "Plan Width": 86,
        "Actual Startup Time": 0.0,
        "Actual Total Time": 0.0,
        "Actual Rows": 0,
        "Actual Loops": 0,
        "Index Cond": "(id = ml.link_type_id)",
        "Rows Removed by Index Recheck": 0
      }
    ]
  }
}