{
  "Plan": {
    "Node Type": "Nested Loop",
    "Parent Relationship": "Outer",
    "Parallel Aware": false,
    "Async Capable": false,
    "Join Type": "Inner",
    "Startup Cost": 9.36,
    "Total Cost": 11367.55,
    "Plan Rows": 1,
    "Plan Width": 68,
    "Actual Startup Time": 75.738,
    "Actual Total Time": 671.465,
    "Actual Rows": 84,
    "Actual Loops": 1,
    "Inner Unique": true,
    "Join Filter": "(mi_idx.info_type_id = it2.id)",
    "Rows Removed by Join Filter": 168,
    "Plans": [
      {
        "Node Type": "Nested Loop",
        "Parent Relationship": "Outer",
        "Parallel Aware": false,
        "Async Capable": false,
        "Join Type": "Inner",
        "Startup Cost": 9.36,
        "Total Cost": 11365.12,
        "Plan Rows": 1,
        "Plan Width": 72,
        "Actual Startup Time": 75.716,
        "Actual Total Time": 669.228,
        "Actual Rows": 252,
        "Actual Loops": 1,
        "Inner Unique": false,
        "Join Filter": "(t.id = mi_idx.movie_id)",
        "Rows Removed by Join Filter": 0,
        "Plans": [
          {
            "Node Type": "Nested Loop",
            "Parent Relationship": "Outer",
            "Parallel Aware": false,
            "Async Capable": false,
            "Join Type": "Inner",
            "Startup Cost": 8.94,
            "Total Cost": 11364.03,
            "Plan Rows": 1,
            "Plan Width": 82,
            "Actual Startup Time": 75.689,
            "Actual Total Time": 668.843,
            "Actual Rows": 84,
            "Actual Loops": 1,
            "Inner Unique": true,
            "Join Filter": "(mi.info_type_id = it1.id)",
            "Rows Removed by Join Filter": 0,
            "Plans": [
              {
                "Node Type": "Nested Loop",
                "Parent Relationship": "Outer",
                "Parallel Aware": false,
                "Async Capable": false,
                "Join Type": "Inner",
                "Startup Cost": 8.94,
                "Total Cost": 11361.61,
                "Plan Rows": 1,
                "Plan Width": 86,
                "Actual Startup Time": 75.669,
                "Actual Total Time": 668.528,
                "Actual Rows": 84,
                "Actual Loops": 1,
                "Inner Unique": false,
                "Join Filter": "(t.id = mi.movie_id)",
                "Rows Removed by Join Filter": 0,
                "Plans": [
                  {
                    "Node Type": "Nested Loop",
                    "Parent Relationship": "Outer",
                    "Parallel Aware": false,
                    "Async Capable": false,
                    "Join Type": "Inner",
                    "Startup Cost": 8.5,
                    "Total Cost": 11343.55,
                    "Plan Rows": 1,
                    "Plan Width": 37,
                    "Actual Startup Time": 75.53,
                    "Actual Total Time": 664.084,
                    "Actual Rows": 53,
                    "Actual Loops": 1,
                    "Inner Unique": true,
                    "Plans": [
                      {
                        "Node Type": "Nested Loop",
                        "Parent Relationship": "Outer",
                        "Parallel Aware": false,
                        "Async Capable": false,
                        "Join Type": "Inner",
                        "Startup Cost": 8.08,
                        "Total Cost": 11334.68,
                        "Plan Rows": 1,
                        "Plan Width": 41,
                        "Actual Startup Time": 75.488,
                        "Actual Total Time": 663.549,
                        "Actual Rows": 119,
                        "Actual Loops": 1,
                        "Inner Unique": false,
                        "Join Filter": "(t.id = mc.movie_id)",
                        "Rows Removed by Join Filter": 0,
                        "Plans": [
                          {
                            "Node Type": "Nested Loop",
                            "Parent Relationship": "Outer",
                            "Parallel Aware": false,
                            "Async Capable": false,
                            "Join Type": "Inner",
                            "Startup Cost": 7.65,
                            "Total Cost": 11332.57,
                            "Plan Rows": 1,
                            "Plan Width": 33,
                            "Actual Startup Time": 48.276,
                            "Actual Total Time": 662.3,
                            "Actual Rows": 77,
                            "Actual Loops": 1,
                            "Inner Unique": false,
                            "Join Filter": "(t.id = ci.movie_id)",
                            "Rows Removed by Join Filter": 0,
                            "Plans": [
                              {
                                "Node Type": "Nested Loop",
                                "Parent Relationship": "Outer",
                                "Parallel Aware": false,
                                "Async Capable": false,
                                "Join Type": "Inner",
                                "Startup Cost": 7.21,
                                "Total Cost": 11309.23,
                                "Plan Rows": 1,
                                "Plan Width": 25,
                                "Actual Startup Time": 47.842,
                                "Actual Total Time": 649.735,
                                "Actual Rows": 49,
                                "Actual Loops": 1,
                                "Inner Unique": true,
                                "Plans": [
                                  {
                                    "Node Type": "Nested Loop",
                                    "Parent Relationship": "Outer",
                                    "Parallel Aware": false,
                                    "Async Capable": false,
                                    "Join Type": "Inner",
                                    "Startup Cost": 6.78,
                                    "Total Cost": 11041.25,
                                    "Plan Rows": 236,
                                    "Plan Width": 4,
                                    "Actual Startup Time": 5.373,
                                    "Actual Total Time": 269.236,
                                    "Actual Rows": 76714,
                                    "Actual Loops": 1,
                                    "Inner Unique": false,
                                    "Plans": [
                                      {
                                        "Node Type": "Seq Scan",
                                        "Parent Relationship": "Outer",
                                        "Parallel Aware": false,
                                        "Async Capable": false,
                                        "Relation Name": "keyword",
                                        "Alias": "k",
                                        "Startup Cost": 0.0,
                                        "Total Cost": 3464.69,
                                        "Plan Rows": 7,
                                        "Plan Width": 4,
                                        "Actual Startup Time": 1.158,
                                        "Actual Total Time": 26.722,
                                        "Actual Rows": 7,
                                        "Actual Loops": 1,
                                        "Filter": "((keyword)::text = ANY ('{murder,violence,blood,gore,death,female-nudity,hospital}'::text[]))",
                                        "Rows Removed by Filter": 134163
                                      },
                                      {
                                        "Node Type": "Bitmap Heap Scan",
                                        "Parent Relationship": "Inner",
                                        "Parallel Aware": false,
                                        "Async Capable": false,
                                        "Relation Name": "movie_keyword",
                                        "Alias": "mk",
                                        "Startup Cost": 6.78,
                                        "Total Cost": 1079.34,
                                        "Plan Rows": 303,
                                        "Plan Width": 8,
                                        "Actual Startup Time": 2.578,
                                        "Actual Total Time": 33.479,
                                        "Actual Rows": 10959,
                                        "Actual Loops": 7,
                                        "Recheck Cond": "(keyword_id = k.id)",
                                        "Rows Removed by Index Recheck": 0,
                                        "Exact Heap Blocks": 53234,
                                        "Lossy Heap Blocks": 0,
                                        "Plans": [
                                          {
                                            "Node Type": "Bitmap Index Scan",
                                            "Parent Relationship": "Outer",
                                            "Parallel Aware": false,
                                            "Async Capable": false,
                                            "Index Name": "keyword_id_movie_keyword",
                                            "Startup Cost": 0.0,
                                            "Total Cost": 6.71,
                                            "Plan Rows": 303,
                                            "Plan Width": 0,
                                            "Actual Startup Time": 1.417,
                                            "Actual Total Time": 1.417,
                                            "Actual Rows": 10959,
                                            "Actual Loops": 7,
                                            "Index Cond": "(keyword_id = k.id)"
                                          }
                                        ]
                                      }
                                    ]
                                  },
                                  {
                                    "Node Type": "Index Scan",
                                    "Parent Relationship": "Inner",
                                    "Parallel Aware": false,
                                    "Async Capable": false,
                                    "Scan Direction": "Forward",
                                    "Index Name": "title_pkey",
                                    "Relation Name": "title",
                                    "Alias": "t",
                                    "Startup Cost": 0.43,
                                    "Total Cost": 1.14,
                                    "Plan Rows": 1,
                                    "Plan Width": 21,
                                    "Actual Startup Time": 0.005,
                                    "Actual Total Time": 0.005,
                                    "Actual Rows": 0,
                                    "Actual Loops": 76714,
                                    "Index Cond": "(id = mk.movie_id)",
                                    "Rows Removed by Index Recheck": 0,
                                    "Filter": "((production_year > 2000) AND (((title)::text ~~ '%Freddy%'::text) OR ((title)::text ~~ '%Jason%'::text) OR ((title)::text ~~ 'Saw%'::text)))",
                                    "Rows Removed by Filter": 1
                                  }
                                ]
                              },
                              {
                                "Node Type": "Index Scan",
                                "Parent Relationship": "Inner",
                                "Parallel Aware": false,
                                "Async Capable": false,
                                "Scan Direction": "Forward",
                                "Index Name": "movie_id_cast_info",
                                "Relation Name": "cast_info",
                                "Alias": "ci",
                                "Startup Cost": 0.44,
                                "Total Cost": 23.32,
                                "Plan Rows": 1,
                                "Plan Width": 8,
                                "Actual Startup Time": 0.17,
                                "Actual Total Time": 0.255,
                                "Actual Rows": 2,
                                "Actual Loops": 49,
                                "Index Cond": "(movie_id = mk.movie_id)",
                                "Rows Removed by Index Recheck": 0,
                                "Filter": "((note)::text = ANY ('{(writer),\"(head writer)\",\"(written by)\",(story),\"(story editor)\"}'::text[]))",
                                "Rows Removed by Filter": 82
                              }
                            ]
                          },
                          {
                            "Node Type": "Index Scan",
                            "Parent Relationship": "Inner",
                            "Parallel Aware": false,
                            "Async Capable": false,
                            "Scan Direction": "Forward",
                            "Index Name": "movie_id_movie_companies",
                            "Relation Name": "movie_companies",
                            "Alias": "mc",
                            "Startup Cost": 0.43,
                            "Total Cost": 2.1,
                            "Plan Rows": 1,
                            "Plan Width": 8,
                            "Actual Startup Time": 0.011,
                            "Actual Total Time": 0.015,
                            "Actual Rows": 2,
                            "Actual Loops": 77,
                            "Index Cond": "(movie_id = mk.movie_id)",
                            "Rows Removed by Index Recheck": 0,
                            "Filter": "((note)::text ~~ '%(Blu-ray)%'::text)",
                            "Rows Removed by Filter": 24
                          }
                        ]
                      },
                      {
                        "Node Type": "Index Scan",
                        "Parent Relationship": "Inner",
                        "Parallel Aware": false,
                        "Async Capable": false,
                        "Scan Direction": "Forward",
                        "Index Name": "company_name_pkey",
                        "Relation Name": "company_name",
                        "Alias": "cn",
                        "Startup Cost": 0.42,
                        "Total Cost": 8.22,
                        "Plan Rows": 1,
                        "Plan Width": 4,
                        "Actual Startup Time": 0.004,
                        "Actual Total Time": 0.004,
                        "Actual Rows": 0,
                        "Actual Loops": 119,
                        "Index Cond": "(id = mc.company_id)",
                        "Rows Removed by Index Recheck": 0,
                        "Filter": "((name)::text ~~ 'Lionsgate%'::text)",
                        "Rows Removed by Filter": 1
                      }
                    ]
                  },
                  {
                    "Node Type": "Index Scan",
                    "Parent Relationship": "Inner",
                    "Parallel Aware": false,
                    "Async Capable": false,
                    "Scan Direction": "Forward",
                    "Index Name": "movie_id_movie_info",
                    "Relation Name": "movie_info",
                    "Alias": "mi",
                    "Startup Cost": 0.43,
                    "Total Cost": 18.05,
                    "Plan Rows": 1,
                    "Plan Width": 49,
                    "Actual Startup Time": 0.082,
                    "Actual Total Time": 0.083,
                    "Actual Rows": 2,
                    "Actual Loops": 53,
                    "Index Cond": "(movie_id = mk.movie_id)",
                    "Rows Removed by Index Recheck": 0,
                    "Filter": "((info)::text = ANY ('{Horror,Thriller}'::text[]))",
                    "Rows Removed by Filter": 292
                  }
                ]
              },
              {
                "Node Type": "Seq Scan",
                "Parent Relationship": "Inner",
                "Parallel Aware": false,
                "Async Capable": false,
                "Relation Name": "info_type",
                "Alias": "it1",
                "Startup Cost": 0.0,
                "Total Cost": 2.41,
                "Plan Rows": 1,
                "Plan Width": 4,
                "Actual Startup Time": 0.002,
                "Actual Total Time": 0.002,
                "Actual Rows": 1,
                "Actual Loops": 84,
                "Filter": "((info)::text = 'genres'::text)",
                "Rows Removed by Filter": 2
              }
            ]
          },
          {
            "Node Type": "Index Scan",
            "Parent Relationship": "Inner",
            "Parallel Aware": false,
            "Async Capable": false,
            "Scan Direction": "Forward",
            "Index Name": "movie_id_movie_info_idx",
            "Relation Name": "movie_info_idx",
            "Alias": "mi_idx",
            "Startup Cost": 0.43,
            "Total Cost": 1.05,
            "Plan Rows": 3,
            "Plan Width": 14,
            "Actual Startup Time": 0.003,
            "Actual Total Time": 0.004,
            "Actual Rows": 3,
            "Actual Loops": 84,
            "Index Cond": "(movie_id = mk.movie_id)",
            "Rows Removed by Index Recheck": 0
          }
        ]
      },
      {
        "Node Type": "Seq Scan",
        "Parent Relationship": "Inner",
        "Parallel Aware": false,
        "Async Capable": false,
        "Relation Name": "info_type",
        "Alias": "it2",
        "Startup Cost": 0.0,
        "Total Cost": 2.41,
        "Plan Rows": 1,
        "Plan Width": 4,
        "Actual Startup Time": 0.007,
        "Actual Total Time": 0.008,
        "Actual Rows": 1,
        "Actual Loops": 252,
        "Filter": "((info)::text = 'votes'::text)",
        "Rows Removed by Filter": 108
      }
    ]
  }
}