{
  "Plan": {
    "Node Type": "Nested Loop",
    "Parent Relationship": "Outer",
    "Parallel Aware": false,
    "Async Capable": false,
    "Join Type": "Inner",
    "Startup Cost": 20.33,
    "Total Cost": 1482.83,
    "Plan Rows": 12,
    "Plan Width": 18,
    "Actual Startup Time": 0.081,
    "Actual Total Time": 12.115,
    "Actual Rows": 2064,
    "Actual Loops": 1,
    "Inner Unique": false,
    "Join Filter": "(mi_idx1.info_type_id = it1.id)",
    "Rows Removed by Join Filter": 4128,
    "Plans": [
      {
        "Node Type": "Seq Scan",
        "Parent Relationship": "Outer",
        "Parallel Aware": false,
        "Async Capable": false,
        "Relation Name": "info_type",
        "Alias": "it1",
        "Startup Cost": 0.0,
        "Total Cost": 2.41,
        "Plan Rows": 1,
        "Plan Width": 4,
        "Actual Startup Time": 0.01,
        "Actual Total Time": 0.012,
        "Actual Rows": 1,
        "Actual Loops": 1,
        "Filter": "((info)::text = 'rating'::text)",
        "Rows Removed by Filter": 112
      },
      {
        "Node Type": "Nested Loop",
        "Parent Relationship": "Inner",
        "Parallel Aware": false,
        "Async Capable": false,
        "Join Type": "Inner",
        "Startup Cost": 20.33,
        "Total Cost": 1462.82,
        "Plan Rows": 1408,
        "Plan Width": 22,
        "Actual Startup Time": 0.068,
        "Actual Total Time": 11.564,
        "Actual Rows": 6192,
        "Actual Loops": 1,
        "Inner Unique": false,
        "Plans": [
          {
            "Node Type": "Hash Join",
            "Parent Relationship": "Outer",
            "Parallel Aware": false,
            "Async Capable": false,
            "Join Type": "Inner",
            "Startup Cost": 19.9,
            "Total Cost": 562.08,
            "Plan Rows": 465,
            "Plan Width": 8,
            "Actual Startup Time": 0.052,
            "Actual Total Time": 5.286,
            "Actual Rows": 2315,
            "Actual Loops": 1,
            "Inner Unique": true,
            "Hash Cond": "(ml.link_type_id = lt.id)",
            "Plans": [
              {
                "Node Type": "Seq Scan",
                "Parent Relationship": "Outer",
                "Parallel Aware": false,
                "Async Capable": false,
                "Relation Name": "movie_link",
                "Alias": "ml",
                "Startup Cost": 0.0,
                "Total Cost": 462.97,
                "Plan Rows": 29997,
                "Plan Width": 12,
                "Actual Startup Time": 0.011,
                "Actual Total Time": 2.316,
                "Actual Rows": 29997,
                "Actual Loops": 1
              },
              {
                "Node Type": "Hash",
                "Parent Relationship": "Inner",
                "Parallel Aware": false,
                "Async Capable": false,
                "Startup Cost": 19.76,
                "Total Cost": 19.76,
                "Plan Rows": 11,
                "Plan Width": 4,
                "Actual Startup Time": 0.012,
                "Actual Total Time": 0.012,
                "Actual Rows": 2,
                "Actual Loops": 1,
                "Hash Buckets": 1024,
                "Original Hash Buckets": 1024,
                "Hash Batches": 1,
                "Original Hash Batches": 1,
                "Peak Memory Usage": 9,
                "Plans": [
                  {
                    "Node Type": "Seq Scan",
                    "Parent Relationship": "Outer",
                    "Parallel Aware": false,
                    "Async Capable": false,
                    "Relation Name": "link_type",
                    "Alias": "lt",
                    "Startup Cost": 0.0,
                    "Total Cost": 19.76,
                    "Plan Rows": 11,
                    "Plan Width": 4,
                    "Actual Startup Time": 0.005,
                    "Actual Total Time": 0.008,
                    "Actual Rows": 2,
                    "Actual Loops": 1,
                    "Filter": "((link)::text = ANY ('{sequel,follows,\"followed by\"}'::text[]))",
                    "Rows Removed by Filter": 16
                  }
                ]
              }
            ]
          },
          {
            "Node Type": "Index Scan",
            "Parent Relationship": "Inner",
            "Parallel Aware": false,
            "Async Capable": false,
            "Scan Direction": "Forward",
            "Index Name": "movie_id_movie_info_idx",
            "Relation Name": "movie_info_idx",
            "Alias": "mi_idx1",
            "Startup Cost": 0.43,
            "Total Cost": 1.91,
            "Plan Rows": 3,
            "Plan Width": 14,
            "Actual Startup Time": 0.002,
            "Actual Total Time": 0.002,
            "Actual Rows": 3,
            "Actual Loops": 2315,
            "Index Cond": "(movie_id = ml.movie_id)",
            "Rows Removed by Index Recheck": 0
          }
        ]
      }
    ]
  }
}