{
  "Plan": {
    "Node Type": "Nested Loop",
    "Parent Relationship": "Outer",
    "Parallel Aware": false,
    "Async Capable": false,
    "Join Type": "Inner",
    "Startup Cost": 7.07,
    "Total Cost": 3761.5,
    "Plan Rows": 10,
    "Plan Width": 16,
    "Actual Startup Time": 7.136,
    "Actual Total Time": 107.184,
    "Actual Rows": 4388,
    "Actual Loops": 1,
    "Inner Unique": false,
    "Plans": [
      {
        "Node Type": "Nested Loop",
        "Parent Relationship": "Outer",
        "Parallel Aware": false,
        "Async Capable": false,
        "Join Type": "Inner",
        "Startup Cost": 6.78,
        "Total Cost": 3747.04,
        "Plan Rows": 34,
        "Plan Width": 4,
        "Actual Startup Time": 7.033,
        "Actual Total Time": 68.409,
        "Actual Rows": 41840,
        "Actual Loops": 1,
        "Inner Unique": false,
        "Plans": [
          {
            "Node Type": "Seq Scan",
            "Parent Relationship": "Outer",
            "Parallel Aware": false,
            "Async Capable": false,
            "Relation Name": "keyword",
            "Alias": "k",
            "Startup Cost": 0.0,
            "Total Cost": 2626.12,
            "Plan Rows": 1,
            "Plan Width": 4,
            "Actual Startup Time": 0.782,
            "Actual Total Time": 11.598,
            "Actual Rows": 1,
            "Actual Loops": 1,
            "Filter": "((keyword)::text = 'character-name-in-title'::text)",
            "Rows Removed by Filter": 134169
          },
          {
            "Node Type": "Bitmap Heap Scan",
            "Parent Relationship": "Inner",
            "Parallel Aware": false,
            "Async Capable": false,
            "Relation Name": "movie_keyword",
            "Alias": "mk",
            "Startup Cost": 6.78,
            "Total Cost": 1117.89,
            "Plan Rows": 303,
            "Plan Width": 8,
            "Actual Startup Time": 6.244,
            "Actual Total Time": 53.15,
            "Actual Rows": 41840,
            "Actual Loops": 1,
            "Recheck Cond": "(keyword_id = k.id)",
            "Rows Removed by Index Recheck": 0,
            "Exact Heap Blocks": 11541,
            "Lossy Heap Blocks": 0,
            "Plans": [
              {
                "Node Type": "Bitmap Index Scan",
                "Parent Relationship": "Outer",
                "Parallel Aware": false,
                "Async Capable": false,
                "Index Name": "keyword_id_movie_keyword",
                "Startup Cost": 0.0,
                "Total Cost": 6.71,
                "Plan Rows": 303,
                "Plan Width": 0,
                "Actual Startup Time": 3.826,
                "Actual Total Time": 3.827,
                "Actual Rows": 41840,
                "Actual Loops": 1,
                "Index Cond": "(keyword_id = k.id)"
              }
            ]
          }
        ]
      },
      {
        "Node Type": "Index Scan",
        "Parent Relationship": "Inner",
        "Parallel Aware": false,
        "Async Capable": false,
        "Scan Direction": "Forward",
        "Index Name": "movie_id_movie_link",
        "Relation Name": "movie_link",
        "Alias": "ml",
        "Startup Cost": 0.29,
        "Total Cost": 0.38,
        "Plan Rows": 5,
        "Plan Width": 12,
        "Actual Startup Time": 0.001,
        "Actual Total Time": 0.001,
        "Actual Rows": 0,
        "Actual Loops": 41840,
        "Index Cond": "(movie_id = mk.movie_id)",
        "Rows Removed by Index Recheck": 0
      }
    ]
  }
}