{
  "Plan": {
    "Node Type": "Nested Loop",
    "Parent Relationship": "Inner",
    "Parallel Aware": false,
    "Async Capable": false,
    "Join Type": "Inner",
    "Startup Cost": 23.25,
    "Total Cost": 328.24,
    "Plan Rows": 127,
    "Plan Width": 22,
    "Actual Startup Time": 0.104,
    "Actual Total Time": 7.95,
    "Actual Rows": 6192,
    "Actual Loops": 1,
    "Inner Unique": false,
    "Plans": [
      {
        "Node Type": "Nested Loop",
        "Parent Relationship": "Outer",
        "Parallel Aware": false,
        "Async Capable": false,
        "Join Type": "Inner",
        "Startup Cost": 22.82,
        "Total Cost": 246.88,
        "Plan Rows": 42,
        "Plan Width": 8,
        "Actual Startup Time": 0.088,
        "Actual Total Time": 1.483,
        "Actual Rows": 2315,
        "Actual Loops": 1,
        "Inner Unique": false,
        "Plans": [
          {
            "Node Type": "Seq Scan",
            "Parent Relationship": "Outer",
            "Parallel Aware": false,
            "Async Capable": false,
            "Relation Name": "link_type",
            "Alias": "lt",
            "Startup Cost": 0.0,
            "Total Cost": 18.88,
            "Plan Rows": 1,
            "Plan Width": 4,
            "Actual Startup Time": 0.013,
            "Actual Total Time": 0.017,
            "Actual Rows": 2,
            "Actual Loops": 1,
            "Filter": "((link)::text ~~ '%follow%'::text)",
            "Rows Removed by Filter": 16
          },
          {
            "Node Type": "Bitmap Heap Scan",
            "Parent Relationship": "Inner",
            "Parallel Aware": false,
            "Async Capable": false,
            "Relation Name": "movie_link",
            "Alias": "ml",
            "Startup Cost": 22.82,
            "Total Cost": 209.26,
            "Plan Rows": 1875,
            "Plan Width": 12,
            "Actual Startup Time": 0.058,
            "Actual Total Time": 0.595,
            "Actual Rows": 1158,
            "Actual Loops": 2,
            "Recheck Cond": "(link_type_id = lt.id)",
            "Rows Removed by Index Recheck": 0,
            "Exact Heap Blocks": 191,
            "Lossy Heap Blocks": 0,
            "Plans": [
              {
                "Node Type": "Bitmap Index Scan",
                "Parent Relationship": "Outer",
                "Parallel Aware": false,
                "Async Capable": false,
                "Index Name": "link_type_id_movie_link",
                "Startup Cost": 0.0,
                "Total Cost": 22.35,
                "Plan Rows": 1875,
                "Plan Width": 0,
                "Actual Startup Time": 0.04,
                "Actual Total Time": 0.04,
                "Actual Rows": 1158,
                "Actual Loops": 2,
                "Index Cond": "(link_type_id = lt.id)"
              }
            ]
          }
        ]
      },
      {
        "Node Type": "Index Scan",
        "Parent Relationship": "Inner",
        "Parallel Aware": false,
        "Async Capable": false,
        "Scan Direction": "Forward",
        "Index Name": "movie_id_movie_info_idx",
        "Relation Name": "movie_info_idx",
        "Alias": "mi_idx1",
        "Startup Cost": 0.43,
        "Total Cost": 1.91,
        "Plan Rows": 3,
        "Plan Width": 14,
        "Actual Startup Time": 0.002,
        "Actual Total Time": 0.002,
        "Actual Rows": 3,
        "Actual Loops": 2315,
        "Index Cond": "(movie_id = ml.movie_id)",
        "Rows Removed by Index Recheck": 0
      }
    ]
  }
}