{
  "Plan": {
    "Node Type": "Nested Loop",
    "Parent Relationship": "Outer",
    "Parallel Aware": false,
    "Async Capable": false,
    "Join Type": "Inner",
    "Startup Cost": 6017.17,
    "Total Cost": 66525.77,
    "Plan Rows": 1,
    "Plan Width": 33,
    "Actual Startup Time": 236.858,
    "Actual Total Time": 3970.486,
    "Actual Rows": 62,
    "Actual Loops": 1,
    "Inner Unique": true,
    "Plans": [
      {
        "Node Type": "Nested Loop",
        "Parent Relationship": "Outer",
        "Parallel Aware": false,
        "Async Capable": false,
        "Join Type": "Inner",
        "Startup Cost": 6016.74,
        "Total Cost": 66525.01,
        "Plan Rows": 1,
        "Plan Width": 41,
        "Actual Startup Time": 30.892,
        "Actual Total Time": 3925.299,
        "Actual Rows": 17379,
        "Actual Loops": 1,
        "Inner Unique": false,
        "Plans": [
          {
            "Node Type": "Nested Loop",
            "Parent Relationship": "Outer",
            "Parallel Aware": false,
            "Async Capable": false,
            "Join Type": "Inner",
            "Startup Cost": 6016.32,
            "Total Cost": 66524.01,
            "Plan Rows": 1,
            "Plan Width": 21,
            "Actual Startup Time": 30.862,
            "Actual Total Time": 3890.36,
            "Actual Rows": 7438,
            "Actual Loops": 1,
            "Inner Unique": true,
            "Plans": [
              {
                "Node Type": "Nested Loop",
                "Parent Relationship": "Outer",
                "Parallel Aware": false,
                "Async Capable": false,
                "Join Type": "Inner",
                "Startup Cost": 6016.17,
                "Total Cost": 66517.36,
                "Plan Rows": 39,
                "Plan Width": 25,
                "Actual Startup Time": 30.844,
                "Actual Total Time": 3869.291,
                "Actual Rows": 19600,
                "Actual Loops": 1,
                "Inner Unique": false,
                "Plans": [
                  {
                    "Node Type": "Nested Loop",
                    "Parent Relationship": "Outer",
                    "Parallel Aware": false,
                    "Async Capable": false,
                    "Join Type": "Inner",
                    "Startup Cost": 6015.73,
                    "Total Cost": 65965.86,
                    "Plan Rows": 312,
                    "Plan Width": 25,
                    "Actual Startup Time": 30.707,
                    "Actual Total Time": 648.406,
                    "Actual Rows": 48328,
                    "Actual Loops": 1,
                    "Inner Unique": true,
                    "Plans": [
                      {
                        "Node Type": "Hash Join",
                        "Parent Relationship": "Outer",
                        "Parallel Aware": false,
                        "Async Capable": false,
                        "Join Type": "Inner",
                        "Startup Cost": 6015.3,
                        "Total Cost": 63971.27,
                        "Plan Rows": 312,
                        "Plan Width": 4,
                        "Actual Startup Time": 30.673,
                        "Actual Total Time": 418.974,
                        "Actual Rows": 48328,
                        "Actual Loops": 1,
                        "Inner Unique": true,
                        "Hash Cond": "(mc.company_id = cn.id)",
                        "Plans": [
                          {
                            "Node Type": "Seq Scan",
                            "Parent Relationship": "Outer",
                            "Parallel Aware": false,
                            "Async Capable": false,
                            "Relation Name": "movie_companies",
                            "Alias": "mc",
                            "Startup Cost": 0.0,
                            "Total Cost": 57926.93,
                            "Plan Rows": 11062,
                            "Plan Width": 8,
                            "Actual Startup Time": 0.145,
                            "Actual Total Time": 368.991,
                            "Actual Rows": 48897,
                            "Actual Loops": 1,
                            "Filter": "(((note)::text ~~ '%(Japan)%'::text) AND ((note)::text !~~ '%(USA)%'::text))",
                            "Rows Removed by Filter": 2560232
                          },
                          {
                            "Node Type": "Hash",
                            "Parent Relationship": "Inner",
                            "Parallel Aware": false,
                            "Async Capable": false,
                            "Startup Cost": 5932.46,
                            "Total Cost": 5932.46,
                            "Plan Rows": 6627,
                            "Plan Width": 4,
                            "Actual Startup Time": 30.472,
                            "Actual Total Time": 30.474,
                            "Actual Rows": 6752,
                            "Actual Loops": 1,
                            "Hash Buckets": 8192,
                            "Original Hash Buckets": 8192,
                            "Hash Batches": 1,
                            "Original Hash Batches": 1,
                            "Peak Memory Usage": 302,
                            "Plans": [
                              {
                                "Node Type": "Seq Scan",
                                "Parent Relationship": "Outer",
                                "Parallel Aware": false,
                                "Async Capable": false,
                                "Relation Name": "company_name",
                                "Alias": "cn",
                                "Startup Cost": 0.0,
                                "Total Cost": 5932.46,
                                "Plan Rows": 6627,
                                "Plan Width": 4,
                                "Actual Startup Time": 0.015,
                                "Actual Total Time": 29.507,
                                "Actual Rows": 6752,
                                "Actual Loops": 1,
                                "Filter": "((country_code)::text = '[jp]'::text)",
                                "Rows Removed by Filter": 228245
                              }
                            ]
                          }
                        ]
                      },
                      {
                        "Node Type": "Index Scan",
                        "Parent Relationship": "Inner",
                        "Parallel Aware": false,
                        "Async Capable": false,
                        "Scan Direction": "Forward",
                        "Index Name": "title_pkey",
                        "Relation Name": "title",
                        "Alias": "t",
                        "Startup Cost": 0.43,
                        "Total Cost": 6.39,
                        "Plan Rows": 1,
                        "Plan Width": 21,
                        "Actual Startup Time": 0.004,
                        "Actual Total Time": 0.004,
                        "Actual Rows": 1,
                        "Actual Loops": 48328,
                        "Index Cond": "(id = mc.movie_id)",
                        "Rows Removed by Index Recheck": 0
                      }
                    ]
                  },
                  {
                    "Node Type": "Index Scan",
                    "Parent Relationship": "Inner",
                    "Parallel Aware": false,
                    "Async Capable": false,
                    "Scan Direction": "Forward",
                    "Index Name": "movie_id_cast_info",
                    "Relation Name": "cast_info",
                    "Alias": "ci",
                    "Startup Cost": 0.44,
                    "Total Cost": 1.76,
                    "Plan Rows": 1,
                    "Plan Width": 12,
                    "Actual Startup Time": 0.064,
                    "Actual Total Time": 0.066,
                    "Actual Rows": 0,
                    "Actual Loops": 48328,
                    "Index Cond": "(movie_id = t.id)",
                    "Rows Removed by Index Recheck": 0,
                    "Filter": "((note)::text = '(voice: English version)'::text)",
                    "Rows Removed by Filter": 32
                  }
                ]
              },
              {
                "Node Type": "Index Scan",
                "Parent Relationship": "Inner",
                "Parallel Aware": false,
                "Async Capable": false,
                "Scan Direction": "Forward",
                "Index Name": "role_type_pkey",
                "Relation Name": "role_type",
                "Alias": "rt",
                "Startup Cost": 0.15,
                "Total Cost": 0.17,
                "Plan Rows": 1,
                "Plan Width": 4,
                "Actual Startup Time": 0.001,
                "Actual Total Time": 0.001,
                "Actual Rows": 0,
                "Actual Loops": 19600,
                "Index Cond": "(id = ci.role_id)",
                "Rows Removed by Index Recheck": 0,
                "Filter": "((role)::text = 'actress'::text)",
                "Rows Removed by Filter": 1
              }
            ]
          },
          {
            "Node Type": "Index Scan",
            "Parent Relationship": "Inner",
            "Parallel Aware": false,
            "Async Capable": false,
            "Scan Direction": "Forward",
            "Index Name": "person_id_aka_name",
            "Relation Name": "aka_name",
            "Alias": "an1",
            "Startup Cost": 0.42,
            "Total Cost": 0.97,
            "Plan Rows": 2,
            "Plan Width": 20,
            "Actual Startup Time": 0.004,
            "Actual Total Time": 0.004,
            "Actual Rows": 2,
            "Actual Loops": 7438,
            "Index Cond": "(person_id = ci.person_id)",
            "Rows Removed by Index Recheck": 0
          }
        ]
      },
      {
        "Node Type": "Index Scan",
        "Parent Relationship": "Inner",
        "Parallel Aware": false,
        "Async Capable": false,
        "Scan Direction": "Forward",
        "Index Name": "name_pkey",
        "Relation Name": "name",
        "Alias": "n1",
        "Startup Cost": 0.43,
        "Total Cost": 0.77,
        "Plan Rows": 1,
        "Plan Width": 4,
        "Actual Startup Time": 0.002,
        "Actual Total Time": 0.002,
        "Actual Rows": 0,
        "Actual Loops": 17379,
        "Index Cond": "(id = an1.person_id)",
        "Rows Removed by Index Recheck": 0,
        "Filter": "(((name)::text ~~ '%Yo%'::text) AND ((name)::text !~~ '%Yu%'::text))",
        "Rows Removed by Filter": 1
      }
    ]
  }
}