{
  "Plan": {
    "Node Type": "Nested Loop",
    "Parent Relationship": "Outer",
    "Parallel Aware": false,
    "Async Capable": false,
    "Join Type": "Inner",
    "Startup Cost": 0.42,
    "Total Cost": 74596.14,
    "Plan Rows": 14,
    "Plan Width": 4,
    "Actual Startup Time": 0.232,
    "Actual Total Time": 407.03,
    "Actual Rows": 8495,
    "Actual Loops": 1,
    "Inner Unique": true,
    "Plans": [
      {
        "Node Type": "Seq Scan",
        "Parent Relationship": "Outer",
        "Parallel Aware": false,
        "Async Capable": false,
        "Relation Name": "movie_companies",
        "Alias": "mc",
        "Startup Cost": 0.0,
        "Total Cost": 70972.58,
        "Plan Rows": 499,
        "Plan Width": 8,
        "Actual Startup Time": 0.194,
        "Actual Total Time": 384.051,
        "Actual Rows": 8569,
        "Actual Loops": 1,
        "Filter": "(((note)::text ~~ '%(Japan)%'::text) AND ((note)::text !~~ '%(USA)%'::text) AND (((note)::text ~~ '%(2006)%'::text) OR ((note)::text ~~ '%(2007)%'::text)))",
        "Rows Removed by Filter": 2600560
      },
      {
        "Node Type": "Index Scan",
        "Parent Relationship": "Inner",
        "Parallel Aware": false,
        "Async Capable": false,
        "Scan Direction": "Forward",
        "Index Name": "company_name_pkey",
        "Relation Name": "company_name",
        "Alias": "cn",
        "Startup Cost": 0.42,
        "Total Cost": 7.26,
        "Plan Rows": 1,
        "Plan Width": 4,
        "Actual Startup Time": 0.002,
        "Actual Total Time": 0.002,
        "Actual Rows": 1,
        "Actual Loops": 8569,
        "Index Cond": "(id = mc.company_id)",
        "Rows Removed by Index Recheck": 0,
        "Filter": "((country_code)::text = '[jp]'::text)",
        "Rows Removed by Filter": 0
      }
    ]
  }
}