{
  "Plan": {
    "Node Type": "Nested Loop",
    "Parent Relationship": "Outer",
    "Parallel Aware": false,
    "Async Capable": false,
    "Join Type": "Inner",
    "Startup Cost": 0.44,
    "Total Cost": 711220.04,
    "Plan Rows": 204193,
    "Plan Width": 8,
    "Actual Startup Time": 0.088,
    "Actual Total Time": 769.015,
    "Actual Rows": 2728943,
    "Actual Loops": 1,
    "Inner Unique": false,
    "Plans": [
      {
        "Node Type": "Seq Scan",
        "Parent Relationship": "Outer",
        "Parallel Aware": false,
        "Async Capable": false,
        "Relation Name": "role_type",
        "Alias": "rt",
        "Startup Cost": 0.0,
        "Total Cost": 18.88,
        "Plan Rows": 4,
        "Plan Width": 4,
        "Actual Startup Time": 0.013,
        "Actual Total Time": 0.026,
        "Actual Rows": 1,
        "Actual Loops": 1,
        "Filter": "((role)::text = 'writer'::text)",
        "Rows Removed by Filter": 11
      },
      {
        "Node Type": "Index Scan",
        "Parent Relationship": "Inner",
        "Parallel Aware": false,
        "Async Capable": false,
        "Scan Direction": "Forward",
        "Index Name": "role_id_cast_info",
        "Relation Name": "cast_info",
        "Alias": "ci",
        "Startup Cost": 0.44,
        "Total Cost": 144850.89,
        "Plan Rows": 3294940,
        "Plan Width": 12,
        "Actual Startup Time": 0.065,
        "Actual Total Time": 467.238,
        "Actual Rows": 2728943,
        "Actual Loops": 1,
        "Index Cond": "(role_id = rt.id)",
        "Rows Removed by Index Recheck": 0
      }
    ]
  }
}