{
  "Plan": {
    "Node Type": "Hash Join",
    "Parent Relationship": "Outer",
    "Parallel Aware": false,
    "Async Capable": false,
    "Join Type": "Inner",
    "Startup Cost": 132002.39,
    "Total Cost": 1047367.76,
    "Plan Rows": 546924,
    "Plan Width": 33,
    "Actual Startup Time": 1367.902,
    "Actual Total Time": 23775.596,
    "Actual Rows": 2487611,
    "Actual Loops": 1,
    "Inner Unique": false,
    "Hash Cond": "(n1.id = a1.person_id)",
    "Plans": [
      {
        "Node Type": "Hash Join",
        "Parent Relationship": "Outer",
        "Parallel Aware": false,
        "Async Capable": false,
        "Join Type": "Inner",
        "Startup Cost": 95044.18,
        "Total Cost": 1000461.46,
        "Plan Rows": 223947,
        "Plan Width": 25,
        "Actual Startup Time": 1019.255,
        "Actual Total Time": 22460.572,
        "Actual Rows": 1970658,
        "Actual Loops": 1,
        "Inner Unique": false,
        "Hash Cond": "(ci.movie_id = mc.movie_id)",
        "Plans": [
          {
            "Node Type": "Nested Loop",
            "Parent Relationship": "Outer",
            "Parallel Aware": false,
            "Async Capable": false,
            "Join Type": "Inner",
            "Startup Cost": 1.3,
            "Total Cost": 895325.15,
            "Plan Rows": 204193,
            "Plan Width": 33,
            "Actual Startup Time": 0.16,
            "Actual Total Time": 19790.104,
            "Actual Rows": 2728943,
            "Actual Loops": 1,
            "Inner Unique": true,
            "Plans": [
              {
                "Node Type": "Nested Loop",
                "Parent Relationship": "Outer",
                "Parallel Aware": false,
                "Async Capable": false,
                "Join Type": "Inner",
                "Startup Cost": 0.87,
                "Total Cost": 802934.68,
                "Plan Rows": 204193,
                "Plan Width": 12,
                "Actual Startup Time": 0.126,
                "Actual Total Time": 4958.9,
                "Actual Rows": 2728943,
                "Actual Loops": 1,
                "Inner Unique": true,
                "Plans": [
                  {
                    "Node Type": "Nested Loop",
                    "Parent Relationship": "Outer",
                    "Parallel Aware": false,
                    "Async Capable": false,
                    "Join Type": "Inner",
                    "Startup Cost": 0.44,
                    "Total Cost": 711220.04,
                    "Plan Rows": 204193,
                    "Plan Width": 8,
                    "Actual Startup Time": 0.088,
                    "Actual Total Time": 769.015,
                    "Actual Rows": 2728943,
                    "Actual Loops": 1,
                    "Inner Unique": false,
                    "Plans": [
                      {
                        "Node Type": "Seq Scan",
                        "Parent Relationship": "Outer",
                        "Parallel Aware": false,
                        "Async Capable": false,
                        "Relation Name": "role_type",
                        "Alias": "rt",
                        "Startup Cost": 0.0,
                        "Total Cost": 18.88,
                        "Plan Rows": 4,
                        "Plan Width": 4,
                        "Actual Startup Time": 0.013,
                        "Actual Total Time": 0.026,
                        "Actual Rows": 1,
                        "Actual Loops": 1,
                        "Filter": "((role)::text = 'writer'::text)",
                        "Rows Removed by Filter": 11
                      },
                      {
                        "Node Type": "Index Scan",
                        "Parent Relationship": "Inner",
                        "Parallel Aware": false,
                        "Async Capable": false,
                        "Scan Direction": "Forward",
                        "Index Name": "role_id_cast_info",
                        "Relation Name": "cast_info",
                        "Alias": "ci",
                        "Startup Cost": 0.44,
                        "Total Cost": 144850.89,
                        "Plan Rows": 3294940,
                        "Plan Width": 12,
                        "Actual Startup Time": 0.065,
                        "Actual Total Time": 467.238,
                        "Actual Rows": 2728943,
                        "Actual Loops": 1,
                        "Index Cond": "(role_id = rt.id)",
                        "Rows Removed by Index Recheck": 0
                      }
                    ]
                  },
                  {
                    "Node Type": "Index Only Scan",
                    "Parent Relationship": "Inner",
                    "Parallel Aware": false,
                    "Async Capable": false,
                    "Scan Direction": "Forward",
                    "Index Name": "name_pkey",
                    "Relation Name": "name",
                    "Alias": "n1",
                    "Startup Cost": 0.43,
                    "Total Cost": 0.45,
                    "Plan Rows": 1,
                    "Plan Width": 4,
                    "Actual Startup Time": 0.001,
                    "Actual Total Time": 0.001,
                    "Actual Rows": 1,
                    "Actual Loops": 2728943,
                    "Index Cond": "(id = ci.person_id)",
                    "Rows Removed by Index Recheck": 0,
                    "Heap Fetches": 0
                  }
                ]
              },
              {
                "Node Type": "Index Scan",
                "Parent Relationship": "Inner",
                "Parallel Aware": false,
                "Async Capable": false,
                "Scan Direction": "Forward",
                "Index Name": "title_pkey",
                "Relation Name": "title",
                "Alias": "t",
                "Startup Cost": 0.43,
                "Total Cost": 0.45,
                "Plan Rows": 1,
                "Plan Width": 21,
                "Actual Startup Time": 0.005,
                "Actual Total Time": 0.005,
                "Actual Rows": 1,
                "Actual Loops": 2728943,
                "Index Cond": "(id = ci.movie_id)",
                "Rows Removed by Index Recheck": 0
              }
            ]
          },
          {
            "Node Type": "Hash",
            "Parent Relationship": "Inner",
            "Parallel Aware": false,
            "Async Capable": false,
            "Startup Cost": 79752.1,
            "Total Cost": 79752.1,
            "Plan Rows": 931982,
            "Plan Width": 4,
            "Actual Startup Time": 1017.012,
            "Actual Total Time": 1017.02,
            "Actual Rows": 1153798,
            "Actual Loops": 1,
            "Hash Buckets": 131072,
            "Original Hash Buckets": 131072,
            "Hash Batches": 16,
            "Original Hash Batches": 16,
            "Peak Memory Usage": 3546,
            "Plans": [
              {
                "Node Type": "Hash Join",
                "Parent Relationship": "Outer",
                "Parallel Aware": false,
                "Async Capable": false,
                "Join Type": "Inner",
                "Startup Cost": 7309.72,
                "Total Cost": 79752.1,
                "Plan Rows": 931982,
                "Plan Width": 4,
                "Actual Startup Time": 46.644,
                "Actual Total Time": 858.92,
                "Actual Rows": 1153798,
                "Actual Loops": 1,
                "Inner Unique": true,
                "Hash Cond": "(mc.company_id = cn.id)",
                "Plans": [
                  {
                    "Node Type": "Seq Scan",
                    "Parent Relationship": "Outer",
                    "Parallel Aware": false,
                    "Async Capable": false,
                    "Relation Name": "movie_companies",
                    "Alias": "mc",
                    "Startup Cost": 0.0,
                    "Total Cost": 44881.29,
                    "Plan Rows": 2609129,
                    "Plan Width": 8,
                    "Actual Startup Time": 0.014,
                    "Actual Total Time": 315.547,
                    "Actual Rows": 2609129,
                    "Actual Loops": 1
                  },
                  {
                    "Node Type": "Hash",
                    "Parent Relationship": "Inner",
                    "Parallel Aware": false,
                    "Async Capable": false,
                    "Startup Cost": 5932.46,
                    "Total Cost": 5932.46,
                    "Plan Rows": 83941,
                    "Plan Width": 4,
                    "Actual Startup Time": 45.961,
                    "Actual Total Time": 45.964,
                    "Actual Rows": 84843,
                    "Actual Loops": 1,
                    "Hash Buckets": 131072,
                    "Original Hash Buckets": 131072,
                    "Hash Batches": 2,
                    "Original Hash Batches": 2,
                    "Peak Memory Usage": 2525,
                    "Plans": [
                      {
                        "Node Type": "Seq Scan",
                        "Parent Relationship": "Outer",
                        "Parallel Aware": false,
                        "Async Capable": false,
                        "Relation Name": "company_name",
                        "Alias": "cn",
                        "Startup Cost": 0.0,
                        "Total Cost": 5932.46,
                        "Plan Rows": 83941,
                        "Plan Width": 4,
                        "Actual Startup Time": 0.022,
                        "Actual Total Time": 33.547,
                        "Actual Rows": 84843,
                        "Actual Loops": 1,
                        "Filter": "((country_code)::text = '[us]'::text)",
                        "Rows Removed by Filter": 150154
                      }
                    ]
                  }
                ]
              }
            ]
          }
        ]
      },
      {
        "Node Type": "Hash",
        "Parent Relationship": "Inner",
        "Parallel Aware": false,
        "Async Capable": false,
        "Startup Cost": 20409.43,
        "Total Cost": 20409.43,
        "Plan Rows": 901343,
        "Plan Width": 20,
        "Actual Startup Time": 327.513,
        "Actual Total Time": 327.514,
        "Actual Rows": 901343,
        "Actual Loops": 1,
        "Hash Buckets": 65536,
        "Original Hash Buckets": 65536,
        "Hash Batches": 16,
        "Original Hash Batches": 16,
        "Peak Memory Usage": 3509,
        "Plans": [
          {
            "Node Type": "Seq Scan",
            "Parent Relationship": "Outer",
            "Parallel Aware": false,
            "Async Capable": false,
            "Relation Name": "aka_name",
            "Alias": "a1",
            "Startup Cost": 0.0,
            "Total Cost": 20409.43,
            "Plan Rows": 901343,
            "Plan Width": 20,
            "Actual Startup Time": 0.017,
            "Actual Total Time": 140.617,
            "Actual Rows": 901343,
            "Actual Loops": 1
          }
        ]
      }
    ]
  }
}