{
  "Plan": {
    "Node Type": "Hash Join",
    "Parent Relationship": "Outer",
    "Parallel Aware": false,
    "Async Capable": false,
    "Join Type": "Inner",
    "Startup Cost": 132002.39,
    "Total Cost": 1047367.76,
    "Plan Rows": 546924,
    "Plan Width": 33,
    "Actual Startup Time": 1353.569,
    "Actual Total Time": 3919.348,
    "Actual Rows": 323005,
    "Actual Loops": 1,
    "Inner Unique": false,
    "Hash Cond": "(n1.id = an1.person_id)",
    "Plans": [
      {
        "Node Type": "Hash Join",
        "Parent Relationship": "Outer",
        "Parallel Aware": false,
        "Async Capable": false,
        "Join Type": "Inner",
        "Startup Cost": 95044.18,
        "Total Cost": 1000461.46,
        "Plan Rows": 223947,
        "Plan Width": 25,
        "Actual Startup Time": 1005.909,
        "Actual Total Time": 3396.893,
        "Actual Rows": 285538,
        "Actual Loops": 1,
        "Inner Unique": false,
        "Hash Cond": "(ci.movie_id = mc.movie_id)",
        "Plans": [
          {
            "Node Type": "Nested Loop",
            "Parent Relationship": "Outer",
            "Parallel Aware": false,
            "Async Capable": false,
            "Join Type": "Inner",
            "Startup Cost": 1.3,
            "Total Cost": 895325.15,
            "Plan Rows": 204193,
            "Plan Width": 33,
            "Actual Startup Time": 0.147,
            "Actual Total Time": 2138.099,
            "Actual Rows": 276403,
            "Actual Loops": 1,
            "Inner Unique": true,
            "Plans": [
              {
                "Node Type": "Nested Loop",
                "Parent Relationship": "Outer",
                "Parallel Aware": false,
                "Async Capable": false,
                "Join Type": "Inner",
                "Startup Cost": 0.87,
                "Total Cost": 802934.68,
                "Plan Rows": 204193,
                "Plan Width": 12,
                "Actual Startup Time": 0.117,
                "Actual Total Time": 513.585,
                "Actual Rows": 276403,
                "Actual Loops": 1,
                "Inner Unique": true,
                "Plans": [
                  {
                    "Node Type": "Nested Loop",
                    "Parent Relationship": "Outer",
                    "Parallel Aware": false,
                    "Async Capable": false,
                    "Join Type": "Inner",
                    "Startup Cost": 0.44,
                    "Total Cost": 711220.04,
                    "Plan Rows": 204193,
                    "Plan Width": 8,
                    "Actual Startup Time": 0.079,
                    "Actual Total Time": 76.909,
                    "Actual Rows": 276403,
                    "Actual Loops": 1,
                    "Inner Unique": false,
                    "Plans": [
                      {
                        "Node Type": "Seq Scan",
                        "Parent Relationship": "Outer",
                        "Parallel Aware": false,
                        "Async Capable": false,
                        "Relation Name": "role_type",
                        "Alias": "rt",
                        "Startup Cost": 0.0,
                        "Total Cost": 18.88,
                        "Plan Rows": 4,
                        "Plan Width": 4,
                        "Actual Startup Time": 0.022,
                        "Actual Total Time": 0.032,
                        "Actual Rows": 1,
                        "Actual Loops": 1,
                        "Filter": "((role)::text = 'costume designer'::text)",
                        "Rows Removed by Filter": 11
                      },
                      {
                        "Node Type": "Index Scan",
                        "Parent Relationship": "Inner",
                        "Parallel Aware": false,
                        "Async Capable": false,
                        "Scan Direction": "Forward",
                        "Index Name": "role_id_cast_info",
                        "Relation Name": "cast_info",
                        "Alias": "ci",
                        "Startup Cost": 0.44,
                        "Total Cost": 144850.89,
                        "Plan Rows": 3294940,
                        "Plan Width": 12,
                        "Actual Startup Time": 0.048,
                        "Actual Total Time": 46.014,
                        "Actual Rows": 276403,
                        "Actual Loops": 1,
                        "Index Cond": "(role_id = rt.id)",
                        "Rows Removed by Index Recheck": 0
                      }
                    ]
                  },
                  {
                    "Node Type": "Index Only Scan",
                    "Parent Relationship": "Inner",
                    "Parallel Aware": false,
                    "Async Capable": false,
                    "Scan Direction": "Forward",
                    "Index Name": "name_pkey",
                    "Relation Name": "name",
                    "Alias": "n1",
                    "Startup Cost": 0.43,
                    "Total Cost": 0.45,
                    "Plan Rows": 1,
                    "Plan Width": 4,
                    "Actual Startup Time": 0.001,
                    "Actual Total Time": 0.001,
                    "Actual Rows": 1,
                    "Actual Loops": 276403,
                    "Index Cond": "(id = ci.person_id)",
                    "Rows Removed by Index Recheck": 0,
                    "Heap Fetches": 0
                  }
                ]
              },
              {
                "Node Type": "Index Scan",
                "Parent Relationship": "Inner",
                "Parallel Aware": false,
                "Async Capable": false,
                "Scan Direction": "Forward",
                "Index Name": "title_pkey",
                "Relation Name": "title",
                "Alias": "t",
                "Startup Cost": 0.43,
                "Total Cost": 0.45,
                "Plan Rows": 1,
                "Plan Width": 21,
                "Actual Startup Time": 0.006,
                "Actual Total Time": 0.006,
                "Actual Rows": 1,
                "Actual Loops": 276403,
                "Index Cond": "(id = ci.movie_id)",
                "Rows Removed by Index Recheck": 0
              }
            ]
          },
          {
            "Node Type": "Hash",
            "Parent Relationship": "Inner",
            "Parallel Aware": false,
            "Async Capable": false,
            "Startup Cost": 79752.1,
            "Total Cost": 79752.1,
            "Plan Rows": 931982,
            "Plan Width": 4,
            "Actual Startup Time": 1004.61,
            "Actual Total Time": 1004.618,
            "Actual Rows": 1153798,
            "Actual Loops": 1,
            "Hash Buckets": 131072,
            "Original Hash Buckets": 131072,
            "Hash Batches": 16,
            "Original Hash Batches": 16,
            "Peak Memory Usage": 3546,
            "Plans": [
              {
                "Node Type": "Hash Join",
                "Parent Relationship": "Outer",
                "Parallel Aware": false,
                "Async Capable": false,
                "Join Type": "Inner",
                "Startup Cost": 7309.72,
                "Total Cost": 79752.1,
                "Plan Rows": 931982,
                "Plan Width": 4,
                "Actual Startup Time": 46.236,
                "Actual Total Time": 848.536,
                "Actual Rows": 1153798,
                "Actual Loops": 1,
                "Inner Unique": true,
                "Hash Cond": "(mc.company_id = cn.id)",
                "Plans": [
                  {
                    "Node Type": "Seq Scan",
                    "Parent Relationship": "Outer",
                    "Parallel Aware": false,
                    "Async Capable": false,
                    "Relation Name": "movie_companies",
                    "Alias": "mc",
                    "Startup Cost": 0.0,
                    "Total Cost": 44881.29,
                    "Plan Rows": 2609129,
                    "Plan Width": 8,
                    "Actual Startup Time": 0.013,
                    "Actual Total Time": 311.916,
                    "Actual Rows": 2609129,
                    "Actual Loops": 1
                  },
                  {
                    "Node Type": "Hash",
                    "Parent Relationship": "Inner",
                    "Parallel Aware": false,
                    "Async Capable": false,
                    "Startup Cost": 5932.46,
                    "Total Cost": 5932.46,
                    "Plan Rows": 83941,
                    "Plan Width": 4,
                    "Actual Startup Time": 45.541,
                    "Actual Total Time": 45.544,
                    "Actual Rows": 84843,
                    "Actual Loops": 1,
                    "Hash Buckets": 131072,
                    "Original Hash Buckets": 131072,
                    "Hash Batches": 2,
                    "Original Hash Batches": 2,
                    "Peak Memory Usage": 2525,
                    "Plans": [
                      {
                        "Node Type": "Seq Scan",
                        "Parent Relationship": "Outer",
                        "Parallel Aware": false,
                        "Async Capable": false,
                        "Relation Name": "company_name",
                        "Alias": "cn",
                        "Startup Cost": 0.0,
                        "Total Cost": 5932.46,
                        "Plan Rows": 83941,
                        "Plan Width": 4,
                        "Actual Startup Time": 0.016,
                        "Actual Total Time": 33.181,
                        "Actual Rows": 84843,
                        "Actual Loops": 1,
                        "Filter": "((country_code)::text = '[us]'::text)",
                        "Rows Removed by Filter": 150154
                      }
                    ]
                  }
                ]
              }
            ]
          }
        ]
      },
      {
        "Node Type": "Hash",
        "Parent Relationship": "Inner",
        "Parallel Aware": false,
        "Async Capable": false,
        "Startup Cost": 20409.43,
        "Total Cost": 20409.43,
        "Plan Rows": 901343,
        "Plan Width": 20,
        "Actual Startup Time": 316.38,
        "Actual Total Time": 316.38,
        "Actual Rows": 901343,
        "Actual Loops": 1,
        "Hash Buckets": 65536,
        "Original Hash Buckets": 65536,
        "Hash Batches": 16,
        "Original Hash Batches": 16,
        "Peak Memory Usage": 3509,
        "Plans": [
          {
            "Node Type": "Seq Scan",
            "Parent Relationship": "Outer",
            "Parallel Aware": false,
            "Async Capable": false,
            "Relation Name": "aka_name",
            "Alias": "an1",
            "Startup Cost": 0.0,
            "Total Cost": 20409.43,
            "Plan Rows": 901343,
            "Plan Width": 20,
            "Actual Startup Time": 0.023,
            "Actual Total Time": 135.898,
            "Actual Rows": 901343,
            "Actual Loops": 1
          }
        ]
      }
    ]
  }
}