{
  "Plan": {
    "Node Type": "Nested Loop",
    "Parent Relationship": "Outer",
    "Parallel Aware": false,
    "Async Capable": false,
    "Join Type": "Inner",
    "Startup Cost": 118388.43,
    "Total Cost": 196466.72,
    "Plan Rows": 1,
    "Plan Width": 49,
    "Actual Startup Time": 664.314,
    "Actual Total Time": 852.81,
    "Actual Rows": 121,
    "Actual Loops": 1,
    "Inner Unique": true,
    "Plans": [
      {
        "Node Type": "Nested Loop",
        "Parent Relationship": "Outer",
        "Parallel Aware": false,
        "Async Capable": false,
        "Join Type": "Inner",
        "Startup Cost": 118388.0,
        "Total Cost": 196464.68,
        "Plan Rows": 3,
        "Plan Width": 37,
        "Actual Startup Time": 664.278,
        "Actual Total Time": 852.261,
        "Actual Rows": 127,
        "Actual Loops": 1,
        "Inner Unique": true,
        "Plans": [
          {
            "Node Type": "Nested Loop",
            "Parent Relationship": "Outer",
            "Parallel Aware": false,
            "Async Capable": false,
            "Join Type": "Inner",
            "Startup Cost": 118387.57,
            "Total Cost": 196459.98,
            "Plan Rows": 7,
            "Plan Width": 28,
            "Actual Startup Time": 664.181,
            "Actual Total Time": 850.378,
            "Actual Rows": 359,
            "Actual Loops": 1,
            "Inner Unique": true,
            "Plans": [
              {
                "Node Type": "Nested Loop",
                "Parent Relationship": "Outer",
                "Parallel Aware": false,
                "Async Capable": false,
                "Join Type": "Inner",
                "Startup Cost": 118387.15,
                "Total Cost": 196450.65,
                "Plan Rows": 19,
                "Plan Width": 32,
                "Actual Startup Time": 664.037,
                "Actual Total Time": 848.797,
                "Actual Rows": 373,
                "Actual Loops": 1,
                "Inner Unique": false,
                "Plans": [
                  {
                    "Node Type": "Hash Join",
                    "Parent Relationship": "Outer",
                    "Parallel Aware": false,
                    "Async Capable": false,
                    "Join Type": "Inner",
                    "Startup Cost": 118386.73,
                    "Total Cost": 196415.85,
                    "Plan Rows": 52,
                    "Plan Width": 24,
                    "Actual Startup Time": 664.001,
                    "Actual Total Time": 845.012,
                    "Actual Rows": 425,
                    "Actual Loops": 1,
                    "Inner Unique": true,
                    "Hash Cond": "(ci.role_id = rt.id)",
                    "Plans": [
                      {
                        "Node Type": "Nested Loop",
                        "Parent Relationship": "Outer",
                        "Parallel Aware": false,
                        "Async Capable": false,
                        "Join Type": "Inner",
                        "Startup Cost": 118367.8,
                        "Total Cost": 196372.36,
                        "Plan Rows": 9305,
                        "Plan Width": 28,
                        "Actual Startup Time": 663.963,
                        "Actual Total Time": 844.863,
                        "Actual Rows": 425,
                        "Actual Loops": 1,
                        "Inner Unique": false,
                        "Join Filter": "(n.id = ci.person_id)",
                        "Rows Removed by Join Filter": 0,
                        "Plans": [
                          {
                            "Node Type": "Hash Join",
                            "Parent Relationship": "Outer",
                            "Parallel Aware": false,
                            "Async Capable": false,
                            "Join Type": "Inner",
                            "Startup Cost": 118367.36,
                            "Total Cost": 141142.82,
                            "Plan Rows": 4186,
                            "Plan Width": 24,
                            "Actual Startup Time": 658.493,
                            "Actual Total Time": 820.426,
                            "Actual Rows": 1558,
                            "Actual Loops": 1,
                            "Inner Unique": true,
                            "Hash Cond": "(an.person_id = n.id)",
                            "Plans": [
                              {
                                "Node Type": "Seq Scan",
                                "Parent Relationship": "Outer",
                                "Parallel Aware": false,
                                "Async Capable": false,
                                "Relation Name": "aka_name",
                                "Alias": "an",
                                "Startup Cost": 0.0,
                                "Total Cost": 20409.43,
                                "Plan Rows": 901343,
                                "Plan Width": 20,
                                "Actual Startup Time": 0.01,
                                "Actual Total Time": 81.963,
                                "Actual Rows": 901343,
                                "Actual Loops": 1
                              },
                              {
                                "Node Type": "Hash",
                                "Parent Relationship": "Inner",
                                "Parallel Aware": false,
                                "Async Capable": false,
                                "Startup Cost": 118125.41,
                                "Total Cost": 118125.41,
                                "Plan Rows": 19356,
                                "Plan Width": 4,
                                "Actual Startup Time": 657.425,
                                "Actual Total Time": 657.427,
                                "Actual Rows": 6768,
                                "Actual Loops": 1,
                                "Hash Buckets": 32768,
                                "Original Hash Buckets": 32768,
                                "Hash Batches": 1,
                                "Original Hash Batches": 1,
                                "Peak Memory Usage": 494,
                                "Plans": [
                                  {
                                    "Node Type": "Seq Scan",
                                    "Parent Relationship": "Outer",
                                    "Parallel Aware": false,
                                    "Async Capable": false,
                                    "Relation Name": "name",
                                    "Alias": "n",
                                    "Startup Cost": 0.0,
                                    "Total Cost": 118125.41,
                                    "Plan Rows": 19356,
                                    "Plan Width": 4,
                                    "Actual Startup Time": 275.534,
                                    "Actual Total Time": 656.097,
                                    "Actual Rows": 6768,
                                    "Actual Loops": 1,
                                    "Filter": "(((name)::text ~~ '%Ang%'::text) AND ((gender)::text = 'f'::text))",
                                    "Rows Removed by Filter": 4160723
                                  }
                                ]
                              }
                            ]
                          },
                          {
                            "Node Type": "Index Scan",
                            "Parent Relationship": "Inner",
                            "Parallel Aware": false,
                            "Async Capable": false,
                            "Scan Direction": "Forward",
                            "Index Name": "person_id_cast_info",
                            "Relation Name": "cast_info",
                            "Alias": "ci",
                            "Startup Cost": 0.44,
                            "Total Cost": 13.06,
                            "Plan Rows": 11,
                            "Plan Width": 16,
                            "Actual Startup Time": 0.014,
                            "Actual Total Time": 0.015,
                            "Actual Rows": 0,
                            "Actual Loops": 1558,
                            "Index Cond": "(person_id = an.person_id)",
                            "Rows Removed by Index Recheck": 0,
                            "Filter": "((note)::text = ANY ('{(voice),\"(voice: Japanese version)\",\"(voice) (uncredited)\",\"(voice: English version)\"}'::text[]))",
                            "Rows Removed by Filter": 44
                          }
                        ]
                      },
                      {
                        "Node Type": "Hash",
                        "Parent Relationship": "Inner",
                        "Parallel Aware": false,
                        "Async Capable": false,
                        "Startup Cost": 18.88,
                        "Total Cost": 18.88,
                        "Plan Rows": 4,
                        "Plan Width": 4,
                        "Actual Startup Time": 0.019,
                        "Actual Total Time": 0.019,
                        "Actual Rows": 1,
                        "Actual Loops": 1,
                        "Hash Buckets": 1024,
                        "Original Hash Buckets": 1024,
                        "Hash Batches": 1,
                        "Original Hash Batches": 1,
                        "Peak Memory Usage": 9,
                        "Plans": [
                          {
                            "Node Type": "Seq Scan",
                            "Parent Relationship": "Outer",
                            "Parallel Aware": false,
                            "Async Capable": false,
                            "Relation Name": "role_type",
                            "Alias": "rt",
                            "Startup Cost": 0.0,
                            "Total Cost": 18.88,
                            "Plan Rows": 4,
                            "Plan Width": 4,
                            "Actual Startup Time": 0.013,
                            "Actual Total Time": 0.015,
                            "Actual Rows": 1,
                            "Actual Loops": 1,
                            "Filter": "((role)::text = 'actress'::text)",
                            "Rows Removed by Filter": 11
                          }
                        ]
                      }
                    ]
                  },
                  {
                    "Node Type": "Index Scan",
                    "Parent Relationship": "Inner",
                    "Parallel Aware": false,
                    "Async Capable": false,
                    "Scan Direction": "Forward",
                    "Index Name": "movie_id_movie_companies",
                    "Relation Name": "movie_companies",
                    "Alias": "mc",
                    "Startup Cost": 0.43,
                    "Total Cost": 0.66,
                    "Plan Rows": 1,
                    "Plan Width": 8,
                    "Actual Startup Time": 0.007,
                    "Actual Total Time": 0.009,
                    "Actual Rows": 1,
                    "Actual Loops": 425,
                    "Index Cond": "(movie_id = ci.movie_id)",
                    "Rows Removed by Index Recheck": 0,
                    "Filter": "((note IS NOT NULL) AND (((note)::text ~~ '%(USA)%'::text) OR ((note)::text ~~ '%(worldwide)%'::text)))",
                    "Rows Removed by Filter": 4
                  }
                ]
              },
              {
                "Node Type": "Index Scan",
                "Parent Relationship": "Inner",
                "Parallel Aware": false,
                "Async Capable": false,
                "Scan Direction": "Forward",
                "Index Name": "company_name_pkey",
                "Relation Name": "company_name",
                "Alias": "cn",
                "Startup Cost": 0.42,
                "Total Cost": 0.49,
                "Plan Rows": 1,
                "Plan Width": 4,
                "Actual Startup Time": 0.004,
                "Actual Total Time": 0.004,
                "Actual Rows": 1,
                "Actual Loops": 373,
                "Index Cond": "(id = mc.company_id)",
                "Rows Removed by Index Recheck": 0,
                "Filter": "((country_code)::text = '[us]'::text)",
                "Rows Removed by Filter": 0
              }
            ]
          },
          {
            "Node Type": "Index Scan",
            "Parent Relationship": "Inner",
            "Parallel Aware": false,
            "Async Capable": false,
            "Scan Direction": "Forward",
            "Index Name": "title_pkey",
            "Relation Name": "title",
            "Alias": "t",
            "Startup Cost": 0.43,
            "Total Cost": 0.67,
            "Plan Rows": 1,
            "Plan Width": 21,
            "Actual Startup Time": 0.005,
            "Actual Total Time": 0.005,
            "Actual Rows": 0,
            "Actual Loops": 359,
            "Index Cond": "(id = ci.movie_id)",
            "Rows Removed by Index Recheck": 0,
            "Filter": "((production_year >= 2005) AND (production_year <= 2015))",
            "Rows Removed by Filter": 1
          }
        ]
      },
      {
        "Node Type": "Index Scan",
        "Parent Relationship": "Inner",
        "Parallel Aware": false,
        "Async Capable": false,
        "Scan Direction": "Forward",
        "Index Name": "char_name_pkey",
        "Relation Name": "char_name",
        "Alias": "chn",
        "Startup Cost": 0.43,
        "Total Cost": 0.68,
        "Plan Rows": 1,
        "Plan Width": 20,
        "Actual Startup Time": 0.004,
        "Actual Total Time": 0.004,
        "Actual Rows": 1,
        "Actual Loops": 127,
        "Index Cond": "(id = ci.person_role_id)",
        "Rows Removed by Index Recheck": 0
      }
    ]
  }
}