{
  "Plan": {
    "Node Type": "Nested Loop",
    "Parent Relationship": "Outer",
    "Parallel Aware": false,
    "Async Capable": false,
    "Join Type": "Inner",
    "Startup Cost": 73600.92,
    "Total Cost": 176691.04,
    "Plan Rows": 5717,
    "Plan Width": 29,
    "Actual Startup Time": 592.474,
    "Actual Total Time": 4494.822,
    "Actual Rows": 26990,
    "Actual Loops": 1,
    "Inner Unique": false,
    "Plans": [
      {
        "Node Type": "Hash Join",
        "Parent Relationship": "Outer",
        "Parallel Aware": false,
        "Async Capable": false,
        "Join Type": "Inner",
        "Startup Cost": 73600.48,
        "Total Cost": 150231.33,
        "Plan Rows": 7544,
        "Plan Width": 25,
        "Actual Startup Time": 584.364,
        "Actual Total Time": 1226.611,
        "Actual Rows": 47009,
        "Actual Loops": 1,
        "Inner Unique": false,
        "Hash Cond": "(t.id = mc.movie_id)",
        "Plans": [
          {
            "Node Type": "Seq Scan",
            "Parent Relationship": "Outer",
            "Parallel Aware": false,
            "Async Capable": false,
            "Relation Name": "title",
            "Alias": "t",
            "Startup Cost": 0.0,
            "Total Cost": 73922.68,
            "Plan Rows": 526546,
            "Plan Width": 21,
            "Actual Startup Time": 0.021,
            "Actual Total Time": 337.43,
            "Actual Rows": 512825,
            "Actual Loops": 1,
            "Filter": "((production_year >= 2007) AND (production_year <= 2010))",
            "Rows Removed by Filter": 2015487
          },
          {
            "Node Type": "Hash",
            "Parent Relationship": "Inner",
            "Parallel Aware": false,
            "Async Capable": false,
            "Startup Cost": 73147.68,
            "Total Cost": 73147.68,
            "Plan Rows": 36224,
            "Plan Width": 4,
            "Actual Startup Time": 583.734,
            "Actual Total Time": 583.741,
            "Actual Rows": 177065,
            "Actual Loops": 1,
            "Hash Buckets": 131072,
            "Original Hash Buckets": 65536,
            "Hash Batches": 4,
            "Original Hash Batches": 1,
            "Peak Memory Usage": 3073,
            "Plans": [
              {
                "Node Type": "Hash Join",
                "Parent Relationship": "Outer",
                "Parallel Aware": false,
                "Async Capable": false,
                "Join Type": "Inner",
                "Startup Cost": 7309.72,
                "Total Cost": 73147.68,
                "Plan Rows": 36224,
                "Plan Width": 4,
                "Actual Startup Time": 74.623,
                "Actual Total Time": 551.774,
                "Actual Rows": 177065,
                "Actual Loops": 1,
                "Inner Unique": true,
                "Hash Cond": "(mc.company_id = cn.id)",
                "Plans": [
                  {
                    "Node Type": "Seq Scan",
                    "Parent Relationship": "Outer",
                    "Parallel Aware": false,
                    "Async Capable": false,
                    "Relation Name": "movie_companies",
                    "Alias": "mc",
                    "Startup Cost": 0.0,
                    "Total Cost": 64449.76,
                    "Plan Rows": 101410,
                    "Plan Width": 8,
                    "Actual Startup Time": 0.018,
                    "Actual Total Time": 426.995,
                    "Actual Rows": 198519,
                    "Actual Loops": 1,
                    "Filter": "(((note)::text ~~ '%(200%)%'::text) AND (((note)::text ~~ '%(USA)%'::text) OR ((note)::text ~~ '%(worldwide)%'::text)))",
                    "Rows Removed by Filter": 2410610
                  },
                  {
                    "Node Type": "Hash",
                    "Parent Relationship": "Inner",
                    "Parallel Aware": false,
                    "Async Capable": false,
                    "Startup Cost": 5932.46,
                    "Total Cost": 5932.46,
                    "Plan Rows": 83941,
                    "Plan Width": 4,
                    "Actual Startup Time": 73.666,
                    "Actual Total Time": 73.667,
                    "Actual Rows": 84843,
                    "Actual Loops": 1,
                    "Hash Buckets": 131072,
                    "Original Hash Buckets": 131072,
                    "Hash Batches": 2,
                    "Original Hash Batches": 2,
                    "Peak Memory Usage": 2525,
                    "Plans": [
                      {
                        "Node Type": "Seq Scan",
                        "Parent Relationship": "Outer",
                        "Parallel Aware": false,
                        "Async Capable": false,
                        "Relation Name": "company_name",
                        "Alias": "cn",
                        "Startup Cost": 0.0,
                        "Total Cost": 5932.46,
                        "Plan Rows": 83941,
                        "Plan Width": 4,
                        "Actual Startup Time": 0.018,
                        "Actual Total Time": 53.063,
                        "Actual Rows": 84843,
                        "Actual Loops": 1,
                        "Filter": "((country_code)::text = '[us]'::text)",
                        "Rows Removed by Filter": 150154
                      }
                    ]
                  }
                ]
              }
            ]
          }
        ]
      },
      {
        "Node Type": "Index Scan",
        "Parent Relationship": "Inner",
        "Parallel Aware": false,
        "Async Capable": false,
        "Scan Direction": "Forward",
        "Index Name": "movie_id_cast_info",
        "Relation Name": "cast_info",
        "Alias": "ci",
        "Startup Cost": 0.44,
        "Total Cost": 3.5,
        "Plan Rows": 1,
        "Plan Width": 16,
        "Actual Startup Time": 0.063,
        "Actual Total Time": 0.069,
        "Actual Rows": 1,
        "Actual Loops": 47009,
        "Index Cond": "(movie_id = t.id)",
        "Rows Removed by Index Recheck": 0,
        "Filter": "((note)::text = '(voice)'::text)",
        "Rows Removed by Filter": 31
      }
    ]
  }
}