{
  "Plan": {
    "Node Type": "Hash Join",
    "Parent Relationship": "Outer",
    "Parallel Aware": false,
    "Async Capable": false,
    "Join Type": "Inner",
    "Startup Cost": 118488.34,
    "Total Cost": 141263.79,
    "Plan Rows": 6279,
    "Plan Width": 39,
    "Actual Startup Time": 679.007,
    "Actual Total Time": 877.78,
    "Actual Rows": 10525,
    "Actual Loops": 1,
    "Inner Unique": true,
    "Hash Cond": "(an.person_id = n.id)",
    "Plans": [
      {
        "Node Type": "Seq Scan",
        "Parent Relationship": "Outer",
        "Parallel Aware": false,
        "Async Capable": false,
        "Relation Name": "aka_name",
        "Alias": "an",
        "Startup Cost": 0.0,
        "Total Cost": 20409.43,
        "Plan Rows": 901343,
        "Plan Width": 20,
        "Actual Startup Time": 0.011,
        "Actual Total Time": 86.816,
        "Actual Rows": 901343,
        "Actual Loops": 1
      },
      {
        "Node Type": "Hash",
        "Parent Relationship": "Inner",
        "Parallel Aware": false,
        "Async Capable": false,
        "Startup Cost": 118125.41,
        "Total Cost": 118125.41,
        "Plan Rows": 29034,
        "Plan Width": 19,
        "Actual Startup Time": 678.782,
        "Actual Total Time": 678.783,
        "Actual Rows": 50011,
        "Actual Loops": 1,
        "Hash Buckets": 65536,
        "Original Hash Buckets": 32768,
        "Hash Batches": 1,
        "Original Hash Batches": 1,
        "Peak Memory Usage": 3135,
        "Plans": [
          {
            "Node Type": "Seq Scan",
            "Parent Relationship": "Outer",
            "Parallel Aware": false,
            "Async Capable": false,
            "Relation Name": "name",
            "Alias": "n",
            "Startup Cost": 0.0,
            "Total Cost": 118125.41,
            "Plan Rows": 29034,
            "Plan Width": 19,
            "Actual Startup Time": 279.501,
            "Actual Total Time": 667.715,
            "Actual Rows": 50011,
            "Actual Loops": 1,
            "Filter": "(((name)::text ~~ '%An%'::text) AND ((gender)::text = 'f'::text))",
            "Rows Removed by Filter": 4117480
          }
        ]
      }
    ]
  }
}