{
  "Plan": {
    "Node Type": "Nested Loop",
    "Parent Relationship": "Outer",
    "Parallel Aware": false,
    "Async Capable": false,
    "Join Type": "Inner",
    "Startup Cost": 118509.41,
    "Total Cost": 224318.0,
    "Plan Rows": 42,
    "Plan Width": 64,
    "Actual Startup Time": 683.315,
    "Actual Total Time": 1154.904,
    "Actual Rows": 8144,
    "Actual Loops": 1,
    "Inner Unique": true,
    "Join Filter": "(ci.movie_id = t.id)",
    "Rows Removed by Join Filter": 0,
    "Plans": [
      {
        "Node Type": "Nested Loop",
        "Parent Relationship": "Outer",
        "Parallel Aware": false,
        "Async Capable": false,
        "Join Type": "Inner",
        "Startup Cost": 118508.98,
        "Total Cost": 224295.78,
        "Plan Rows": 42,
        "Plan Width": 55,
        "Actual Startup Time": 683.281,
        "Actual Total Time": 1132.288,
        "Actual Rows": 8144,
        "Actual Loops": 1,
        "Inner Unique": true,
        "Plans": [
          {
            "Node Type": "Nested Loop",
            "Parent Relationship": "Outer",
            "Parallel Aware": false,
            "Async Capable": false,
            "Join Type": "Inner",
            "Startup Cost": 118508.56,
            "Total Cost": 224243.61,
            "Plan Rows": 117,
            "Plan Width": 59,
            "Actual Startup Time": 681.746,
            "Actual Total Time": 1082.062,
            "Actual Rows": 18345,
            "Actual Loops": 1,
            "Inner Unique": false,
            "Plans": [
              {
                "Node Type": "Nested Loop",
                "Parent Relationship": "Outer",
                "Parallel Aware": false,
                "Async Capable": false,
                "Join Type": "Inner",
                "Startup Cost": 118508.13,
                "Total Cost": 224217.61,
                "Plan Rows": 38,
                "Plan Width": 51,
                "Actual Startup Time": 681.711,
                "Actual Total Time": 1053.479,
                "Actual Rows": 7726,
                "Actual Loops": 1,
                "Inner Unique": true,
                "Plans": [
                  {
                    "Node Type": "Hash Join",
                    "Parent Relationship": "Outer",
                    "Parallel Aware": false,
                    "Async Capable": false,
                    "Join Type": "Inner",
                    "Startup Cost": 118507.7,
                    "Total Cost": 224163.89,
                    "Plan Rows": 79,
                    "Plan Width": 39,
                    "Actual Startup Time": 681.674,
                    "Actual Total Time": 1029.7,
                    "Actual Rows": 8204,
                    "Actual Loops": 1,
                    "Inner Unique": true,
                    "Hash Cond": "(ci.role_id = rt.id)",
                    "Plans": [
                      {
                        "Node Type": "Nested Loop",
                        "Parent Relationship": "Outer",
                        "Parallel Aware": false,
                        "Async Capable": false,
                        "Join Type": "Inner",
                        "Startup Cost": 118488.78,
                        "Total Cost": 224108.1,
                        "Plan Rows": 13957,
                        "Plan Width": 43,
                        "Actual Startup Time": 681.645,
                        "Actual Total Time": 1027.801,
                        "Actual Rows": 8204,
                        "Actual Loops": 1,
                        "Inner Unique": false,
                        "Join Filter": "(n.id = ci.person_id)",
                        "Rows Removed by Join Filter": 0,
                        "Plans": [
                          {
                            "Node Type": "Hash Join",
                            "Parent Relationship": "Outer",
                            "Parallel Aware": false,
                            "Async Capable": false,
                            "Join Type": "Inner",
                            "Startup Cost": 118488.34,
                            "Total Cost": 141263.79,
                            "Plan Rows": 6279,
                            "Plan Width": 39,
                            "Actual Startup Time": 679.007,
                            "Actual Total Time": 877.78,
                            "Actual Rows": 10525,
                            "Actual Loops": 1,
                            "Inner Unique": true,
                            "Hash Cond": "(an.person_id = n.id)",
                            "Plans": [
                              {
                                "Node Type": "Seq Scan",
                                "Parent Relationship": "Outer",
                                "Parallel Aware": false,
                                "Async Capable": false,
                                "Relation Name": "aka_name",
                                "Alias": "an",
                                "Startup Cost": 0.0,
                                "Total Cost": 20409.43,
                                "Plan Rows": 901343,
                                "Plan Width": 20,
                                "Actual Startup Time": 0.011,
                                "Actual Total Time": 86.816,
                                "Actual Rows": 901343,
                                "Actual Loops": 1
                              },
                              {
                                "Node Type": "Hash",
                                "Parent Relationship": "Inner",
                                "Parallel Aware": false,
                                "Async Capable": false,
                                "Startup Cost": 118125.41,
                                "Total Cost": 118125.41,
                                "Plan Rows": 29034,
                                "Plan Width": 19,
                                "Actual Startup Time": 678.782,
                                "Actual Total Time": 678.783,
                                "Actual Rows": 50011,
                                "Actual Loops": 1,
                                "Hash Buckets": 65536,
                                "Original Hash Buckets": 32768,
                                "Hash Batches": 1,
                                "Original Hash Batches": 1,
                                "Peak Memory Usage": 3135,
                                "Plans": [
                                  {
                                    "Node Type": "Seq Scan",
                                    "Parent Relationship": "Outer",
                                    "Parallel Aware": false,
                                    "Async Capable": false,
                                    "Relation Name": "name",
                                    "Alias": "n",
                                    "Startup Cost": 0.0,
                                    "Total Cost": 118125.41,
                                    "Plan Rows": 29034,
                                    "Plan Width": 19,
                                    "Actual Startup Time": 279.501,
                                    "Actual Total Time": 667.715,
                                    "Actual Rows": 50011,
                                    "Actual Loops": 1,
                                    "Filter": "(((name)::text ~~ '%An%'::text) AND ((gender)::text = 'f'::text))",
                                    "Rows Removed by Filter": 4117480
                                  }
                                ]
                              }
                            ]
                          },
                          {
                            "Node Type": "Index Scan",
                            "Parent Relationship": "Inner",
                            "Parallel Aware": false,
                            "Async Capable": false,
                            "Scan Direction": "Forward",
                            "Index Name": "person_id_cast_info",
                            "Relation Name": "cast_info",
                            "Alias": "ci",
                            "Startup Cost": 0.44,
                            "Total Cost": 13.06,
                            "Plan Rows": 11,
                            "Plan Width": 16,
                            "Actual Startup Time": 0.012,
                            "Actual Total Time": 0.014,
                            "Actual Rows": 1,
                            "Actual Loops": 10525,
                            "Index Cond": "(person_id = an.person_id)",
                            "Rows Removed by Index Recheck": 0,
                            "Filter": "((note)::text = ANY ('{(voice),\"(voice: Japanese version)\",\"(voice) (uncredited)\",\"(voice: English version)\"}'::text[]))",
                            "Rows Removed by Filter": 44
                          }
                        ]
                      },
                      {
                        "Node Type": "Hash",
                        "Parent Relationship": "Inner",
                        "Parallel Aware": false,
                        "Async Capable": false,
                        "Startup Cost": 18.88,
                        "Total Cost": 18.88,
                        "Plan Rows": 4,
                        "Plan Width": 4,
                        "Actual Startup Time": 0.013,
                        "Actual Total Time": 0.014,
                        "Actual Rows": 1,
                        "Actual Loops": 1,
                        "Hash Buckets": 1024,
                        "Original Hash Buckets": 1024,
                        "Hash Batches": 1,
                        "Original Hash Batches": 1,
                        "Peak Memory Usage": 9,
                        "Plans": [
                          {
                            "Node Type": "Seq Scan",
                            "Parent Relationship": "Outer",
                            "Parallel Aware": false,
                            "Async Capable": false,
                            "Relation Name": "role_type",
                            "Alias": "rt",
                            "Startup Cost": 0.0,
                            "Total Cost": 18.88,
                            "Plan Rows": 4,
                            "Plan Width": 4,
                            "Actual Startup Time": 0.008,
                            "Actual Total Time": 0.009,
                            "Actual Rows": 1,
                            "Actual Loops": 1,
                            "Filter": "((role)::text = 'actress'::text)",
                            "Rows Removed by Filter": 11
                          }
                        ]
                      }
                    ]
                  },
                  {
                    "Node Type": "Index Scan",
                    "Parent Relationship": "Inner",
                    "Parallel Aware": false,
                    "Async Capable": false,
                    "Scan Direction": "Forward",
                    "Index Name": "char_name_pkey",
                    "Relation Name": "char_name",
                    "Alias": "chn",
                    "Startup Cost": 0.43,
                    "Total Cost": 0.68,
                    "Plan Rows": 1,
                    "Plan Width": 20,
                    "Actual Startup Time": 0.003,
                    "Actual Total Time": 0.003,
                    "Actual Rows": 1,
                    "Actual Loops": 8204,
                    "Index Cond": "(id = ci.person_role_id)",
                    "Rows Removed by Index Recheck": 0
                  }
                ]
              },
              {
                "Node Type": "Index Scan",
                "Parent Relationship": "Inner",
                "Parallel Aware": false,
                "Async Capable": false,
                "Scan Direction": "Forward",
                "Index Name": "movie_id_movie_companies",
                "Relation Name": "movie_companies",
                "Alias": "mc",
                "Startup Cost": 0.43,
                "Total Cost": 0.63,
                "Plan Rows": 5,
                "Plan Width": 8,
                "Actual Startup Time": 0.002,
                "Actual Total Time": 0.003,
                "Actual Rows": 2,
                "Actual Loops": 7726,
                "Index Cond": "(movie_id = ci.movie_id)",
                "Rows Removed by Index Recheck": 0
              }
            ]
          },
          {
            "Node Type": "Index Scan",
            "Parent Relationship": "Inner",
            "Parallel Aware": false,
            "Async Capable": false,
            "Scan Direction": "Forward",
            "Index Name": "company_name_pkey",
            "Relation Name": "company_name",
            "Alias": "cn",
            "Startup Cost": 0.42,
            "Total Cost": 0.45,
            "Plan Rows": 1,
            "Plan Width": 4,
            "Actual Startup Time": 0.002,
            "Actual Total Time": 0.002,
            "Actual Rows": 0,
            "Actual Loops": 18345,
            "Index Cond": "(id = mc.company_id)",
            "Rows Removed by Index Recheck": 0,
            "Filter": "((country_code)::text = '[us]'::text)",
            "Rows Removed by Filter": 1
          }
        ]
      },
      {
        "Node Type": "Index Scan",
        "Parent Relationship": "Inner",
        "Parallel Aware": false,
        "Async Capable": false,
        "Scan Direction": "Forward",
        "Index Name": "title_pkey",
        "Relation Name": "title",
        "Alias": "t",
        "Startup Cost": 0.43,
        "Total Cost": 0.52,
        "Plan Rows": 1,
        "Plan Width": 21,
        "Actual Startup Time": 0.002,
        "Actual Total Time": 0.002,
        "Actual Rows": 1,
        "Actual Loops": 8144,
        "Index Cond": "(id = mc.movie_id)",
        "Rows Removed by Index Recheck": 0
      }
    ]
  }
}