{
  "Plan": {
    "Node Type": "Nested Loop",
    "Parent Relationship": "Outer",
    "Parallel Aware": false,
    "Async Capable": false,
    "Join Type": "Inner",
    "Startup Cost": 0.44,
    "Total Cost": 648304.23,
    "Plan Rows": 4622,
    "Plan Width": 12,
    "Actual Startup Time": 0.362,
    "Actual Total Time": 1381.832,
    "Actual Rows": 276166,
    "Actual Loops": 1,
    "Inner Unique": false,
    "Plans": [
      {
        "Node Type": "Seq Scan",
        "Parent Relationship": "Outer",
        "Parallel Aware": false,
        "Async Capable": false,
        "Relation Name": "role_type",
        "Alias": "rt",
        "Startup Cost": 0.0,
        "Total Cost": 18.88,
        "Plan Rows": 4,
        "Plan Width": 4,
        "Actual Startup Time": 0.024,
        "Actual Total Time": 0.038,
        "Actual Rows": 1,
        "Actual Loops": 1,
        "Filter": "((role)::text = 'actress'::text)",
        "Rows Removed by Filter": 11
      },
      {
        "Node Type": "Index Scan",
        "Parent Relationship": "Inner",
        "Parallel Aware": false,
        "Async Capable": false,
        "Scan Direction": "Forward",
        "Index Name": "role_id_cast_info",
        "Relation Name": "cast_info",
        "Alias": "ci",
        "Startup Cost": 0.44,
        "Total Cost": 161325.59,
        "Plan Rows": 74575,
        "Plan Width": 16,
        "Actual Startup Time": 0.329,
        "Actual Total Time": 1353.187,
        "Actual Rows": 276166,
        "Actual Loops": 1,
        "Index Cond": "(role_id = rt.id)",
        "Rows Removed by Index Recheck": 0,
        "Filter": "((note)::text = ANY ('{(voice),\"(voice: Japanese version)\",\"(voice) (uncredited)\",\"(voice: English version)\"}'::text[]))",
        "Rows Removed by Filter": 7175807
      }
    ]
  }
}