{"Plan": {"Node Type": "Aggregate", "Strategy": "Plain", "Partial Mode": "Simple", "Parallel Aware": false, "Async Capable": false, "Startup Cost": 71019.87, "Total Cost": 71019.88, "Plan Rows": 1, "Plan Width": 64, "Actual Startup Time": 658.739, "Actual Total Time": 658.747, "Actual Rows": 1, "Actual Loops": 1, "Plans": [{"Node Type": "Nested Loop", "Parent Relationship": "Outer", "Parallel Aware": false, "Async Capable": false, "Join Type": "Inner", "Startup Cost": 5971.74, "Total Cost": 71019.8, "Plan Rows": 13, "Plan Width": 33, "Actual Startup Time": 658.724, "Actual Total Time": 658.731, "Actual Rows": 0, "Actual Loops": 1, "Inner Unique": true, "Plans": [{"Node Type": "Nested Loop", "Parent Relationship": "Outer", "Parallel Aware": false, "Async Capable": false, "Join Type": "Inner", "Startup Cost": 5971.59, "Total Cost": 71017.62, "Plan Rows": 13, "Plan Width": 37, "Actual Startup Time": 658.724, "Actual Total Time": 658.73, "Actual Rows": 0, "Actual Loops": 1, "Inner Unique": true, "Plans": [{"Node Type": "Hash Join", "Parent Relationship": "Outer", "Parallel Aware": false, "Async Capable": false, "Join Type": "Inner", "Startup Cost": 5971.16, "Total Cost": 71002.24, "Plan Rows": 27, "Plan Width": 25, "Actual Startup Time": 658.724, "Actual Total Time": 658.73, "Actual Rows": 0, "Actual Loops": 1, "Inner Unique": true, "Hash Cond": "(ci.role_id = rt.id)", "Plans": [{"Node Type": "Nested Loop", "Parent Relationship": "Outer", "Parallel Aware": false, "Async Capable": false, "Join Type": "Inner", "Startup Cost": 5952.23, "Total Cost": 70970.78, "Plan Rows": 4745, "Plan Width": 29, "Actual Startup Time": 32.856, "Actual Total Time": 658.413, "Actual Rows": 2614, "Actual Loops": 1, "Inner Unique": false, "Join Filter": "(t.id = ci.movie_id)", "Rows Removed by Join Filter": 0, "Plans": [{"Node Type": "Nested Loop", "Parent Relationship": "Outer", "Parallel Aware": false, "Async Capable": false, "Join Type": "Inner", "Startup Cost": 5951.79, "Total Cost": 66394.02, "Plan Rows": 2588, "Plan Width": 29, "Actual Startup Time": 29.599, "Actual Total Time": 521.641, "Actual Rows": 1259, "Actual Loops": 1, "Inner Unique": true, "Plans": [{"Node Type": "Hash Join", "Parent Relationship": "Outer", "Parallel Aware": false, "Async Capable": false, "Join Type": "Inner", "Startup Cost": 5951.36, "Total Cost": 57681.74, "Plan Rows": 16787, "Plan Width": 8, "Actual Startup Time": 29.434, "Actual Total Time": 470.845, "Actual Rows": 8790, "Actual Loops": 1, "Inner Unique": true, "Hash Cond": "(mc.company_id = cn.id)", "Plans": [{"Node Type": "Seq Scan", "Parent Relationship": "Outer", "Parallel Aware": false, "Async Capable": false, "Relation Name": "movie_companies", "Alias": "mc", "Startup Cost": 0.0, "Total Cost": 44881.29, "Plan Rows": 2609129, "Plan Width": 12, "Actual Startup Time": 0.014, "Actual Total Time": 197.196, "Actual Rows": 2609129, "Actual Loops": 1}, {"Node Type": "Hash", "Parent Relationship": "Inner", "Parallel Aware": false, "Async Capable": false, "Startup Cost": 5932.46, "Total Cost": 5932.46, "Plan Rows": 1512, "Plan Width": 4, "Actual Startup Time": 29.053, "Actual Total Time": 29.054, "Actual Rows": 1361, "Actual Loops": 1, "Hash Buckets": 2048, "Original Hash Buckets": 2048, "Hash Batches": 1, "Original Hash Batches": 1, "Peak Memory Usage": 64, "Plans": [{"Node Type": "Seq Scan", "Parent Relationship": "Outer", "Parallel Aware": false, "Async Capable": false, "Relation Name": "company_name", "Alias": "cn", "Startup Cost": 0.0, "Total Cost": 5932.46, "Plan Rows": 1512, "Plan Width": 4, "Actual Startup Time": 0.017, "Actual Total Time": 28.82, "Actual Rows": 1361, "Actual Loops": 1, "Filter": "((country_code)::text = '[ru]'::text)", "Rows Removed by Filter": 233636}]}]}, {"Node Type": "Index Scan", "Parent Relationship": "Inner", "Parallel Aware": false, "Async Capable": false, "Scan Direction": "Forward", "Index Name": "title_pkey", "Relation Name": "title", "Alias": "t", "Startup Cost": 0.43, "Total Cost": 0.52, "Plan Rows": 1, "Plan Width": 21, "Actual Startup Time": 0.005, "Actual Total Time": 0.005, "Actual Rows": 0, "Actual Loops": 8790, "Index Cond": "(id = mc.movie_id)", "Rows Removed by Index Recheck": 0, "Filter": "(production_year > 2010)", "Rows Removed by Filter": 1}]}, {"Node Type": "Index Scan", "Parent Relationship": "Inner", "Parallel Aware": false, "Async Capable": false, "Scan Direction": "Forward", "Index Name": "movie_id_cast_info", "Relation Name": "cast_info", "Alias": "ci", "Startup Cost": 0.44, "Total Cost": 1.74, "Plan Rows": 2, "Plan Width": 12, "Actual Startup Time": 0.059, "Actual Total Time": 0.108, "Actual Rows": 2, "Actual Loops": 1259, "Index Cond": "(movie_id = mc.movie_id)", "Rows Removed by Index Recheck": 0, "Filter": "((note)::text ~~ '%(producer)%'::text)", "Rows Removed by Filter": 44}]}, {"Node Type": "Hash", "Parent Relationship": "Inner", "Parallel Aware": false, "Async Capable": false, "Startup Cost": 18.88, "Total Cost": 18.88, "Plan Rows": 4, "Plan Width": 4, "Actual Startup Time": 0.013, "Actual Total Time": 0.014, "Actual Rows": 1, "Actual Loops": 1, "Hash Buckets": 1024, "Original Hash Buckets": 1024, "Hash Batches": 1, "Original Hash Batches": 1, "Peak Memory Usage": 9, "Plans": [{"Node Type": "Seq Scan", "Parent Relationship": "Outer", "Parallel Aware": false, "Async Capable": false, "Relation Name": "role_type", "Alias": "rt", "Startup Cost": 0.0, "Total Cost": 18.88, "Plan Rows": 4, "Plan Width": 4, "Actual Startup Time": 0.008, "Actual Total Time": 0.01, "Actual Rows": 1, "Actual Loops": 1, "Filter": "((role)::text = 'actor'::text)", "Rows Removed by Filter": 11}]}]}, {"Node Type": "Index Scan", "Parent Relationship": "Inner", "Parallel Aware": false, "Async Capable": false, "Scan Direction": "Forward", "Index Name": "char_name_pkey", "Relation Name": "char_name", "Alias": "chn", "Startup Cost": 0.43, "Total Cost": 0.57, "Plan Rows": 1, "Plan Width": 20, "Actual Startup Time": 0.0, "Actual Total Time": 0.0, "Actual Rows": 0, "Actual Loops": 0, "Index Cond": "(id = ci.person_role_id)", "Rows Removed by Index Recheck": 0}]}, {"Node Type": "Index Only Scan", "Parent Relationship": "Inner", "Parallel Aware": false, "Async Capable": false, "Scan Direction": "Forward", "Index Name": "company_type_pkey", "Relation Name": "company_type", "Alias": "ct", "Startup Cost": 0.15, "Total Cost": 0.17, "Plan Rows": 1, "Plan Width": 4, "Actual Startup Time": 0.0, "Actual Total Time": 0.0, "Actual Rows": 0, "Actual Loops": 0, "Index Cond": "(id = mc.company_type_id)", "Rows Removed by Index Recheck": 0, "Heap Fetches": 0}]}]}, "Planning Time": 3.188, "Triggers": [], "Execution Time": 658.915}