{"Plan": {"Node Type": "Aggregate", "Strategy": "Plain", "Partial Mode": "Simple", "Parallel Aware": false, "Async Capable": false, "Startup Cost": 1113139.18, "Total Cost": 1113139.19, "Plan Rows": 1, "Plan Width": 64, "Actual Startup Time": 7330.652, "Actual Total Time": 7330.667, "Actual Rows": 1, "Actual Loops": 1, "Plans": [{"Node Type": "Hash Join", "Parent Relationship": "Outer", "Parallel Aware": false, "Async Capable": false, "Join Type": "Inner", "Startup Cost": 325569.7, "Total Cost": 1110252.13, "Plan Rows": 577411, "Plan Width": 33, "Actual Startup Time": 7291.072, "Actual Total Time": 7330.597, "Actual Rows": 10, "Actual Loops": 1, "Inner Unique": true, "Hash Cond": "(mc.company_type_id = ct.id)", "Plans": [{"Node Type": "Hash Join", "Parent Relationship": "Outer", "Parallel Aware": false, "Async Capable": false, "Join Type": "Inner", "Startup Cost": 325543.73, "Total Cost": 1108701.4, "Plan Rows": 577411, "Plan Width": 37, "Actual Startup Time": 7291.003, "Actual Total Time": 7330.523, "Actual Rows": 10, "Actual Loops": 1, "Inner Unique": false, "Hash Cond": "(t.id = mc.movie_id)", "Plans": [{"Node Type": "Hash Join", "Parent Relationship": "Outer", "Parallel Aware": false, "Async Capable": false, "Join Type": "Inner", "Startup Cost": 225404.85, "Total Cost": 991092.43, "Plan Rows": 526480, "Plan Width": 41, "Actual Startup Time": 2971.634, "Actual Total Time": 6180.779, "Actual Rows": 12, "Actual Loops": 1, "Inner Unique": true, "Hash Cond": "(ci.movie_id = t.id)", "Plans": [{"Node Type": "Hash Join", "Parent Relationship": "Outer", "Parallel Aware": false, "Async Capable": false, "Join Type": "Inner", "Startup Cost": 125531.03, "Total Cost": 870054.75, "Plan Rows": 757276, "Plan Width": 20, "Actual Startup Time": 1250.806, "Actual Total Time": 5388.662, "Actual Rows": 15, "Actual Loops": 1, "Inner Unique": true, "Hash Cond": "(ci.person_role_id = chn.id)", "Plans": [{"Node Type": "Hash Join", "Parent Relationship": "Outer", "Parallel Aware": false, "Async Capable": false, "Join Type": "Inner", "Startup Cost": 25.98, "Total Cost": 709882.2, "Plan Rows": 1558287, "Plan Width": 8, "Actual Startup Time": 255.335, "Actual Total Time": 4303.783, "Actual Rows": 1435439, "Actual Loops": 1, "Inner Unique": true, "Hash Cond": "(ci.role_id = rt.id)", "Plans": [{"Node Type": "Seq Scan", "Parent Relationship": "Outer", "Parallel Aware": false, "Async Capable": false, "Relation Name": "cast_info", "Alias": "ci", "Startup Cost": 0.0, "Total Cost": 705741.3, "Plan Rows": 1558287, "Plan Width": 12, "Actual Startup Time": 255.237, "Actual Total Time": 4072.96, "Actual Rows": 1435439, "Actual Loops": 1, "Filter": "((note)::text ~~ '%(producer)%'::text)", "Rows Removed by Filter": 34808905}, {"Node Type": "Hash", "Parent Relationship": "Inner", "Parallel Aware": false, "Async Capable": false, "Startup Cost": 17.1, "Total Cost": 17.1, "Plan Rows": 710, "Plan Width": 4, "Actual Startup Time": 0.048, "Actual Total Time": 0.049, "Actual Rows": 12, "Actual Loops": 1, "Hash Buckets": 1024, "Original Hash Buckets": 1024, "Hash Batches": 1, "Original Hash Batches": 1, "Peak Memory Usage": 9, "Plans": [{"Node Type": "Seq Scan", "Parent Relationship": "Outer", "Parallel Aware": false, "Async Capable": false, "Relation Name": "role_type", "Alias": "rt", "Startup Cost": 0.0, "Total Cost": 17.1, "Plan Rows": 710, "Plan Width": 4, "Actual Startup Time": 0.037, "Actual Total Time": 0.038, "Actual Rows": 12, "Actual Loops": 1}]}]}, {"Node Type": "Hash", "Parent Relationship": "Inner", "Parallel Aware": false, "Async Capable": false, "Startup Cost": 67850.69, "Total Cost": 67850.69, "Plan Rows": 3140269, "Plan Width": 20, "Actual Startup Time": 995.156, "Actual Total Time": 995.158, "Actual Rows": 3140339, "Actual Loops": 1, "Hash Buckets": 65536, "Original Hash Buckets": 65536, "Hash Batches": 64, "Original Hash Batches": 64, "Peak Memory Usage": 3098, "Plans": [{"Node Type": "Seq Scan", "Parent Relationship": "Outer", "Parallel Aware": false, "Async Capable": false, "Relation Name": "char_name", "Alias": "chn", "Startup Cost": 0.0, "Total Cost": 67850.69, "Plan Rows": 3140269, "Plan Width": 20, "Actual Startup Time": 0.017, "Actual Total Time": 406.37, "Actual Rows": 3140339, "Actual Loops": 1}]}]}, {"Node Type": "Hash", "Parent Relationship": "Inner", "Parallel Aware": false, "Async Capable": false, "Startup Cost": 67601.9, "Total Cost": 67601.9, "Plan Rows": 1757754, "Plan Width": 21, "Actual Startup Time": 714.505, "Actual Total Time": 714.506, "Actual Rows": 1749032, "Actual Loops": 1, "Hash Buckets": 65536, "Original Hash Buckets": 65536, "Hash Batches": 32, "Original Hash Batches": 32, "Peak Memory Usage": 3446, "Plans": [{"Node Type": "Seq Scan", "Parent Relationship": "Outer", "Parallel Aware": false, "Async Capable": false, "Relation Name": "title", "Alias": "t", "Startup Cost": 0.0, "Total Cost": 67601.9, "Plan Rows": 1757754, "Plan Width": 21, "Actual Startup Time": 0.086, "Actual Total Time": 391.035, "Actual Rows": 1749032, "Actual Loops": 1, "Filter": "(production_year > 1990)", "Rows Removed by Filter": 779280}]}]}, {"Node Type": "Hash", "Parent Relationship": "Inner", "Parallel Aware": false, "Async Capable": false, "Startup Cost": 84848.1, "Total Cost": 84848.1, "Plan Rows": 931982, "Plan Width": 8, "Actual Startup Time": 1097.127, "Actual Total Time": 1097.131, "Actual Rows": 1153798, "Actual Loops": 1, "Hash Buckets": 131072, "Original Hash Buckets": 131072, "Hash Batches": 16, "Original Hash Batches": 16, "Peak Memory Usage": 3826, "Plans": [{"Node Type": "Hash Join", "Parent Relationship": "Outer", "Parallel Aware": false, "Async Capable": false, "Join Type": "Inner", "Startup Cost": 7309.72, "Total Cost": 84848.1, "Plan Rows": 931982, "Plan Width": 8, "Actual Startup Time": 75.772, "Actual Total Time": 926.611, "Actual Rows": 1153798, "Actual Loops": 1, "Inner Unique": true, "Hash Cond": "(mc.company_id = cn.id)", "Plans": [{"Node Type": "Seq Scan", "Parent Relationship": "Outer", "Parallel Aware": false, "Async Capable": false, "Relation Name": "movie_companies", "Alias": "mc", "Startup Cost": 0.0, "Total Cost": 44881.29, "Plan Rows": 2609129, "Plan Width": 12, "Actual Startup Time": 0.027, "Actual Total Time": 331.003, "Actual Rows": 2609129, "Actual Loops": 1}, {"Node Type": "Hash", "Parent Relationship": "Inner", "Parallel Aware": false, "Async Capable": false, "Startup Cost": 5932.46, "Total Cost": 5932.46, "Plan Rows": 83941, "Plan Width": 4, "Actual Startup Time": 74.734, "Actual Total Time": 74.736, "Actual Rows": 84843, "Actual Loops": 1, "Hash Buckets": 131072, "Original Hash Buckets": 131072, "Hash Batches": 2, "Original Hash Batches": 2, "Peak Memory Usage": 2525, "Plans": [{"Node Type": "Seq Scan", "Parent Relationship": "Outer", "Parallel Aware": false, "Async Capable": false, "Relation Name": "company_name", "Alias": "cn", "Startup Cost": 0.0, "Total Cost": 5932.46, "Plan Rows": 83941, "Plan Width": 4, "Actual Startup Time": 0.019, "Actual Total Time": 53.829, "Actual Rows": 84843, "Actual Loops": 1, "Filter": "((country_code)::text = '[us]'::text)", "Rows Removed by Filter": 150154}]}]}]}]}, {"Node Type": "Hash", "Parent Relationship": "Inner", "Parallel Aware": false, "Async Capable": false, "Startup Cost": 17.1, "Total Cost": 17.1, "Plan Rows": 710, "Plan Width": 4, "Actual Startup Time": 0.017, "Actual Total Time": 0.017, "Actual Rows": 4, "Actual Loops": 1, "Hash Buckets": 1024, "Original Hash Buckets": 1024, "Hash Batches": 1, "Original Hash Batches": 1, "Peak Memory Usage": 9, "Plans": [{"Node Type": "Seq Scan", "Parent Relationship": "Outer", "Parallel Aware": false, "Async Capable": false, "Relation Name": "company_type", "Alias": "ct", "Startup Cost": 0.0, "Total Cost": 17.1, "Plan Rows": 710, "Plan Width": 4, "Actual Startup Time": 0.007, "Actual Total Time": 0.009, "Actual Rows": 4, "Actual Loops": 1}]}]}]}, "Planning Time": 6.576, "Triggers": [], "Execution Time": 7331.093}