{"Plan": {"Node Type": "Aggregate", "Strategy": "Plain", "Partial Mode": "Simple", "Parallel Aware": false, "Async Capable": false, "Startup Cost": 6239.7, "Total Cost": 6239.71, "Plan Rows": 1, "Plan Width": 96, "Actual Startup Time": 268.903, "Actual Total Time": 268.908, "Actual Rows": 1, "Actual Loops": 1, "Plans": [{"Node Type": "Nested Loop", "Parent Relationship": "Outer", "Parallel Aware": false, "Async Capable": false, "Join Type": "Inner", "Startup Cost": 8.65, "Total Cost": 6239.21, "Plan Rows": 66, "Plan Width": 60, "Actual Startup Time": 5.446, "Actual Total Time": 256.554, "Actual Rows": 14899, "Actual Loops": 1, "Inner Unique": true, "Plans": [{"Node Type": "Nested Loop", "Parent Relationship": "Outer", "Parallel Aware": false, "Async Capable": false, "Join Type": "Inner", "Startup Cost": 8.5, "Total Cost": 6227.82, "Plan Rows": 67, "Plan Width": 64, "Actual Startup Time": 5.415, "Actual Total Time": 233.095, "Actual Rows": 15493, "Actual Loops": 1, "Inner Unique": true, "Plans": [{"Node Type": "Nested Loop", "Parent Relationship": "Outer", "Parallel Aware": false, "Async Capable": false, "Join Type": "Inner", "Startup Cost": 8.08, "Total Cost": 6193.95, "Plan Rows": 75, "Plan Width": 49, "Actual Startup Time": 5.393, "Actual Total Time": 190.932, "Actual Rows": 15510, "Actual Loops": 1, "Inner Unique": false, "Join Filter": "(ml.movie_id = mc.movie_id)", "Rows Removed by Join Filter": 0, "Plans": [{"Node Type": "Nested Loop", "Parent Relationship": "Outer", "Parallel Aware": false, "Async Capable": false, "Join Type": "Inner", "Startup Cost": 7.65, "Total Cost": 6177.81, "Plan Rows": 28, "Plan Width": 29, "Actual Startup Time": 5.356, "Actual Total Time": 178.854, "Actual Rows": 1460, "Actual Loops": 1, "Inner Unique": true, "Plans": [{"Node Type": "Nested Loop", "Parent Relationship": "Outer", "Parallel Aware": false, "Async Capable": false, "Join Type": "Inner", "Startup Cost": 7.5, "Total Cost": 6173.08, "Plan Rows": 28, "Plan Width": 33, "Actual Startup Time": 5.307, "Actual Total Time": 176.924, "Actual Rows": 1460, "Actual Loops": 1, "Inner Unique": true, "Join Filter": "(ml.movie_id = t.id)", "Rows Removed by Join Filter": 0, "Plans": [{"Node Type": "Nested Loop", "Parent Relationship": "Outer", "Parallel Aware": false, "Async Capable": false, "Join Type": "Inner", "Startup Cost": 7.07, "Total Cost": 6157.51, "Plan Rows": 31, "Plan Width": 12, "Actual Startup Time": 5.272, "Actual Total Time": 172.545, "Actual Rows": 1460, "Actual Loops": 1, "Inner Unique": false, "Plans": [{"Node Type": "Nested Loop", "Parent Relationship": "Outer", "Parallel Aware": false, "Async Capable": false, "Join Type": "Inner", "Startup Cost": 6.78, "Total Cost": 6114.56, "Plan Rows": 101, "Plan Width": 4, "Actual Startup Time": 5.251, "Actual Total Time": 127.455, "Actual Rows": 47403, "Actual Loops": 1, "Inner Unique": false, "Plans": [{"Node Type": "Seq Scan", "Parent Relationship": "Outer", "Parallel Aware": false, "Async Capable": false, "Relation Name": "keyword", "Alias": "k", "Startup Cost": 0.0, "Total Cost": 2793.84, "Plan Rows": 3, "Plan Width": 4, "Actual Startup Time": 1.507, "Actual Total Time": 17.76, "Actual Rows": 3, "Actual Loops": 1, "Filter": "((keyword)::text = ANY ('{sequel,revenge,based-on-novel}'::text[]))", "Rows Removed by Filter": 134167}, {"Node Type": "Bitmap Heap Scan", "Parent Relationship": "Inner", "Parallel Aware": false, "Async Capable": false, "Relation Name": "movie_keyword", "Alias": "mk", "Startup Cost": 6.78, "Total Cost": 1103.88, "Plan Rows": 303, "Plan Width": 8, "Actual Startup Time": 3.305, "Actual Total Time": 35.007, "Actual Rows": 15801, "Actual Loops": 3, "Recheck Cond": "(keyword_id = k.id)", "Rows Removed by Index Recheck": 0, "Exact Heap Blocks": 23953, "Lossy Heap Blocks": 0, "Plans": [{"Node Type": "Bitmap Index Scan", "Parent Relationship": "Outer", "Parallel Aware": false, "Async Capable": false, "Index Name": "keyword_id_movie_keyword", "Startup Cost": 0.0, "Total Cost": 6.71, "Plan Rows": 303, "Plan Width": 0, "Actual Startup Time": 1.876, "Actual Total Time": 1.876, "Actual Rows": 15801, "Actual Loops": 3, "Index Cond": "(keyword_id = k.id)"}]}]}, {"Node Type": "Index Scan", "Parent Relationship": "Inner", "Parallel Aware": false, "Async Capable": false, "Scan Direction": "Forward", "Index Name": "movie_id_movie_link", "Relation Name": "movie_link", "Alias": "ml", "Startup Cost": 0.29, "Total Cost": 0.38, "Plan Rows": 5, "Plan Width": 8, "Actual Startup Time": 0.001, "Actual Total Time": 0.001, "Actual Rows": 0, "Actual Loops": 47403, "Index Cond": "(movie_id = mk.movie_id)", "Rows Removed by Index Recheck": 0}]}, {"Node Type": "Index Scan", "Parent Relationship": "Inner", "Parallel Aware": false, "Async Capable": false, "Scan Direction": "Forward", "Index Name": "title_pkey", "Relation Name": "title", "Alias": "t", "Startup Cost": 0.43, "Total Cost": 0.49, "Plan Rows": 1, "Plan Width": 21, "Actual Startup Time": 0.003, "Actual Total Time": 0.003, "Actual Rows": 1, "Actual Loops": 1460, "Index Cond": "(id = mk.movie_id)", "Rows Removed by Index Recheck": 0, "Filter": "(production_year > 1950)", "Rows Removed by Filter": 0}]}, {"Node Type": "Index Only Scan", "Parent Relationship": "Inner", "Parallel Aware": false, "Async Capable": false, "Scan Direction": "Forward", "Index Name": "link_type_pkey", "Relation Name": "link_type", "Alias": "lt", "Startup Cost": 0.15, "Total Cost": 0.17, "Plan Rows": 1, "Plan Width": 4, "Actual Startup Time": 0.001, "Actual Total Time": 0.001, "Actual Rows": 1, "Actual Loops": 1460, "Index Cond": "(id = ml.link_type_id)", "Rows Removed by Index Recheck": 0, "Heap Fetches": 1460}]}, {"Node Type": "Index Scan", "Parent Relationship": "Inner", "Parallel Aware": false, "Async Capable": false, "Scan Direction": "Forward", "Index Name": "movie_id_movie_companies", "Relation Name": "movie_companies", "Alias": "mc", "Startup Cost": 0.43, "Total Cost": 0.54, "Plan Rows": 3, "Plan Width": 36, "Actual Startup Time": 0.002, "Actual Total Time": 0.006, "Actual Rows": 11, "Actual Loops": 1460, "Index Cond": "(movie_id = mk.movie_id)", "Rows Removed by Index Recheck": 0, "Filter": "(note IS NOT NULL)", "Rows Removed by Filter": 2}]}, {"Node Type": "Index Scan", "Parent Relationship": "Inner", "Parallel Aware": false, "Async Capable": false, "Scan Direction": "Forward", "Index Name": "company_name_pkey", "Relation Name": "company_name", "Alias": "cn", "Startup Cost": 0.42, "Total Cost": 0.45, "Plan Rows": 1, "Plan Width": 23, "Actual Startup Time": 0.002, "Actual Total Time": 0.002, "Actual Rows": 1, "Actual Loops": 15510, "Index Cond": "(id = mc.company_id)", "Rows Removed by Index Recheck": 0, "Filter": "((country_code)::text <> '[pl]'::text)", "Rows Removed by Filter": 0}]}, {"Node Type": "Index Scan", "Parent Relationship": "Inner", "Parallel Aware": false, "Async Capable": false, "Scan Direction": "Forward", "Index Name": "company_type_pkey", "Relation Name": "company_type", "Alias": "ct", "Startup Cost": 0.15, "Total Cost": 0.17, "Plan Rows": 1, "Plan Width": 4, "Actual Startup Time": 0.001, "Actual Total Time": 0.001, "Actual Rows": 1, "Actual Loops": 15493, "Index Cond": "(id = mc.company_type_id)", "Rows Removed by Index Recheck": 0, "Filter": "((kind IS NOT NULL) AND ((kind)::text <> 'production companies'::text))", "Rows Removed by Filter": 0}]}]}, "Planning Time": 11.203, "Triggers": [], "Execution Time": 269.221}