{"Plan": {"Node Type": "Aggregate", "Strategy": "Plain", "Partial Mode": "Simple", "Parallel Aware": false, "Async Capable": false, "Startup Cost": 2492.98, "Total Cost": 2492.99, "Plan Rows": 1, "Plan Width": 32, "Actual Startup Time": 152838.708, "Actual Total Time": 152838.719, "Actual Rows": 1, "Actual Loops": 1, "Plans": [{"Node Type": "Nested Loop", "Parent Relationship": "Outer", "Parallel Aware": false, "Async Capable": false, "Join Type": "Inner", "Startup Cost": 21.66, "Total Cost": 2492.97, "Plan Rows": 1, "Plan Width": 17, "Actual Startup Time": 12553.727, "Actual Total Time": 152838.606, "Actual Rows": 33, "Actual Loops": 1, "Inner Unique": true, "Plans": [{"Node Type": "Nested Loop", "Parent Relationship": "Outer", "Parallel Aware": false, "Async Capable": false, "Join Type": "Inner", "Startup Cost": 21.23, "Total Cost": 2492.52, "Plan Rows": 1, "Plan Width": 21, "Actual Startup Time": 12553.678, "Actual Total Time": 152838.393, "Actual Rows": 33, "Actual Loops": 1, "Inner Unique": true, "Plans": [{"Node Type": "Nested Loop", "Parent Relationship": "Outer", "Parallel Aware": false, "Async Capable": false, "Join Type": "Inner", "Startup Cost": 20.81, "Total Cost": 2492.07, "Plan Rows": 1, "Plan Width": 25, "Actual Startup Time": 12543.052, "Actual Total Time": 152832.326, "Actual Rows": 1314, "Actual Loops": 1, "Inner Unique": true, "Plans": [{"Node Type": "Nested Loop", "Parent Relationship": "Outer", "Parallel Aware": false, "Async Capable": false, "Join Type": "Inner", "Startup Cost": 20.38, "Total Cost": 2491.61, "Plan Rows": 1, "Plan Width": 29, "Actual Startup Time": 0.235, "Actual Total Time": 51123.539, "Actual Rows": 87986607, "Actual Loops": 1, "Inner Unique": false, "Join Filter": "(t.id = ci.movie_id)", "Rows Removed by Join Filter": 0, "Plans": [{"Node Type": "Nested Loop", "Parent Relationship": "Outer", "Parallel Aware": false, "Async Capable": false, "Join Type": "Inner", "Startup Cost": 19.94, "Total Cost": 2489.62, "Plan Rows": 1, "Plan Width": 33, "Actual Startup Time": 0.197, "Actual Total Time": 1196.534, "Actual Rows": 978322, "Actual Loops": 1, "Inner Unique": false, "Plans": [{"Node Type": "Nested Loop", "Parent Relationship": "Outer", "Parallel Aware": false, "Async Capable": false, "Join Type": "Inner", "Startup Cost": 19.5, "Total Cost": 2487.85, "Plan Rows": 1, "Plan Width": 25, "Actual Startup Time": 0.156, "Actual Total Time": 699.729, "Actual Rows": 28583, "Actual Loops": 1, "Inner Unique": true, "Plans": [{"Node Type": "Nested Loop", "Parent Relationship": "Outer", "Parallel Aware": false, "Async Capable": false, "Join Type": "Inner", "Startup Cost": 19.36, "Total Cost": 2487.67, "Plan Rows": 1, "Plan Width": 29, "Actual Startup Time": 0.134, "Actual Total Time": 603.691, "Actual Rows": 73560, "Actual Loops": 1, "Inner Unique": true, "Plans": [{"Node Type": "Nested Loop", "Parent Relationship": "Outer", "Parallel Aware": false, "Async Capable": false, "Join Type": "Inner", "Startup Cost": 18.93, "Total Cost": 2485.89, "Plan Rows": 1, "Plan Width": 4, "Actual Startup Time": 0.09, "Actual Total Time": 95.754, "Actual Rows": 85941, "Actual Loops": 1, "Inner Unique": false, "Join Filter": "(cc.status_id = cct2.id)", "Rows Removed by Join Filter": 85941, "Plans": [{"Node Type": "Seq Scan", "Parent Relationship": "Outer", "Parallel Aware": false, "Async Capable": false, "Relation Name": "comp_cast_type", "Alias": "cct2", "Startup Cost": 0.0, "Total Cost": 18.88, "Plan Rows": 1, "Plan Width": 4, "Actual Startup Time": 0.016, "Actual Total Time": 0.023, "Actual Rows": 2, "Actual Loops": 1, "Filter": "((kind)::text ~~ '%complete%'::text)", "Rows Removed by Filter": 2}, {"Node Type": "Hash Join", "Parent Relationship": "Inner", "Parallel Aware": false, "Async Capable": false, "Join Type": "Inner", "Startup Cost": 18.93, "Total Cost": 2457.5, "Plan Rows": 761, "Plan Width": 8, "Actual Startup Time": 0.036, "Actual Total Time": 39.564, "Actual Rows": 85941, "Actual Loops": 2, "Inner Unique": true, "Hash Cond": "(cc.subject_id = cct1.id)", "Plans": [{"Node Type": "Seq Scan", "Parent Relationship": "Outer", "Parallel Aware": false, "Async Capable": false, "Relation Name": "complete_cast", "Alias": "cc", "Startup Cost": 0.0, "Total Cost": 2081.86, "Plan Rows": 135086, "Plan Width": 12, "Actual Startup Time": 0.013, "Actual Total Time": 13.568, "Actual Rows": 135086, "Actual Loops": 2}, {"Node Type": "Hash", "Parent Relationship": "Inner", "Parallel Aware": false, "Async Capable": false, "Startup Cost": 18.88, "Total Cost": 18.88, "Plan Rows": 4, "Plan Width": 4, "Actual Startup Time": 0.014, "Actual Total Time": 0.015, "Actual Rows": 1, "Actual Loops": 1, "Hash Buckets": 1024, "Original Hash Buckets": 1024, "Hash Batches": 1, "Original Hash Batches": 1, "Peak Memory Usage": 9, "Plans": [{"Node Type": "Seq Scan", "Parent Relationship": "Outer", "Parallel Aware": false, "Async Capable": false, "Relation Name": "comp_cast_type", "Alias": "cct1", "Startup Cost": 0.0, "Total Cost": 18.88, "Plan Rows": 4, "Plan Width": 4, "Actual Startup Time": 0.004, "Actual Total Time": 0.006, "Actual Rows": 1, "Actual Loops": 1, "Filter": "((kind)::text = 'cast'::text)", "Rows Removed by Filter": 3}]}]}]}, {"Node Type": "Index Scan", "Parent Relationship": "Inner", "Parallel Aware": false, "Async Capable": false, "Scan Direction": "Forward", "Index Name": "title_pkey", "Relation Name": "title", "Alias": "t", "Startup Cost": 0.43, "Total Cost": 1.78, "Plan Rows": 1, "Plan Width": 25, "Actual Startup Time": 0.006, "Actual Total Time": 0.006, "Actual Rows": 1, "Actual Loops": 85941, "Index Cond": "(id = cc.movie_id)", "Rows Removed by Index Recheck": 0, "Filter": "(production_year > 1950)", "Rows Removed by Filter": 0}]}, {"Node Type": "Index Scan", "Parent Relationship": "Inner", "Parallel Aware": false, "Async Capable": false, "Scan Direction": "Forward", "Index Name": "kind_type_pkey", "Relation Name": "kind_type", "Alias": "kt", "Startup Cost": 0.15, "Total Cost": 0.17, "Plan Rows": 1, "Plan Width": 4, "Actual Startup Time": 0.001, "Actual Total Time": 0.001, "Actual Rows": 0, "Actual Loops": 73560, "Index Cond": "(id = t.kind_id)", "Rows Removed by Index Recheck": 0, "Filter": "((kind)::text = 'movie'::text)", "Rows Removed by Filter": 1}]}, {"Node Type": "Index Scan", "Parent Relationship": "Inner", "Parallel Aware": false, "Async Capable": false, "Scan Direction": "Forward", "Index Name": "movie_id_movie_keyword", "Relation Name": "movie_keyword", "Alias": "mk", "Startup Cost": 0.43, "Total Cost": 1.31, "Plan Rows": 47, "Plan Width": 8, "Actual Startup Time": 0.005, "Actual Total Time": 0.011, "Actual Rows": 34, "Actual Loops": 28583, "Index Cond": "(movie_id = t.id)", "Rows Removed by Index Recheck": 0}]}, {"Node Type": "Index Scan", "Parent Relationship": "Inner", "Parallel Aware": false, "Async Capable": false, "Scan Direction": "Forward", "Index Name": "movie_id_cast_info", "Relation Name": "cast_info", "Alias": "ci", "Startup Cost": 0.44, "Total Cost": 1.45, "Plan Rows": 43, "Plan Width": 12, "Actual Startup Time": 0.002, "Actual Total Time": 0.039, "Actual Rows": 90, "Actual Loops": 978322, "Index Cond": "(movie_id = mk.movie_id)", "Rows Removed by Index Recheck": 0}]}, {"Node Type": "Index Scan", "Parent Relationship": "Inner", "Parallel Aware": false, "Async Capable": false, "Scan Direction": "Forward", "Index Name": "char_name_pkey", "Relation Name": "char_name", "Alias": "chn", "Startup Cost": 0.43, "Total Cost": 0.46, "Plan Rows": 1, "Plan Width": 4, "Actual Startup Time": 0.001, "Actual Total Time": 0.001, "Actual Rows": 0, "Actual Loops": 87986607, "Index Cond": "(id = ci.person_role_id)", "Rows Removed by Index Recheck": 0, "Filter": "(((name)::text !~~ '%Sherlock%'::text) AND (((name)::text ~~ '%Tony%Stark%'::text) OR ((name)::text ~~ '%Iron%Man%'::text)))", "Rows Removed by Filter": 0}]}, {"Node Type": "Index Scan", "Parent Relationship": "Inner", "Parallel Aware": false, "Async Capable": false, "Scan Direction": "Forward", "Index Name": "keyword_pkey", "Relation Name": "keyword", "Alias": "k", "Startup Cost": 0.42, "Total Cost": 0.45, "Plan Rows": 1, "Plan Width": 4, "Actual Startup Time": 0.004, "Actual Total Time": 0.004, "Actual Rows": 0, "Actual Loops": 1314, "Index Cond": "(id = mk.keyword_id)", "Rows Removed by Index Recheck": 0, "Filter": "((keyword)::text = ANY ('{superhero,sequel,second-part,marvel-comics,based-on-comic,tv-special,fight,violence}'::text[]))", "Rows Removed by Filter": 1}]}, {"Node Type": "Index Only Scan", "Parent Relationship": "Inner", "Parallel Aware": false, "Async Capable": false, "Scan Direction": "Forward", "Index Name": "name_pkey", "Relation Name": "name", "Alias": "n", "Startup Cost": 0.43, "Total Cost": 0.45, "Plan Rows": 1, "Plan Width": 4, "Actual Startup Time": 0.005, "Actual Total Time": 0.005, "Actual Rows": 1, "Actual Loops": 33, "Index Cond": "(id = ci.person_id)", "Rows Removed by Index Recheck": 0, "Heap Fetches": 0}]}]}, "Planning Time": 22.148, "Triggers": [], "Execution Time": 152839.069}