{"Plan": {"Node Type": "Aggregate", "Strategy": "Plain", "Partial Mode": "Simple", "Parallel Aware": false, "Async Capable": false, "Startup Cost": 7492.7, "Total Cost": 7492.71, "Plan Rows": 1, "Plan Width": 96, "Actual Startup Time": 3003.966, "Actual Total Time": 3003.976, "Actual Rows": 1, "Actual Loops": 1, "Plans": [{"Node Type": "Nested Loop", "Parent Relationship": "Outer", "Parallel Aware": false, "Async Capable": false, "Join Type": "Inner", "Startup Cost": 8.92, "Total Cost": 7492.69, "Plan Rows": 1, "Plan Width": 42, "Actual Startup Time": 8.69, "Actual Total Time": 2991.405, "Actual Rows": 21489, "Actual Loops": 1, "Inner Unique": true, "Join Filter": "(mi_idx.info_type_id = it2.id)", "Rows Removed by Join Filter": 43139, "Plans": [{"Node Type": "Nested Loop", "Parent Relationship": "Outer", "Parallel Aware": false, "Async Capable": false, "Join Type": "Inner", "Startup Cost": 8.92, "Total Cost": 7490.27, "Plan Rows": 1, "Plan Width": 46, "Actual Startup Time": 7.87, "Actual Total Time": 2421.035, "Actual Rows": 64628, "Actual Loops": 1, "Inner Unique": false, "Join Filter": "(t.id = mi_idx.movie_id)", "Rows Removed by Join Filter": 0, "Plans": [{"Node Type": "Nested Loop", "Parent Relationship": "Outer", "Parallel Aware": false, "Async Capable": false, "Join Type": "Inner", "Startup Cost": 8.5, "Total Cost": 7489.73, "Plan Rows": 1, "Plan Width": 52, "Actual Startup Time": 7.844, "Actual Total Time": 2338.029, "Actual Rows": 21827, "Actual Loops": 1, "Inner Unique": true, "Join Filter": "(mi.info_type_id = it1.id)", "Rows Removed by Join Filter": 3193, "Plans": [{"Node Type": "Nested Loop", "Parent Relationship": "Outer", "Parallel Aware": false, "Async Capable": false, "Join Type": "Inner", "Startup Cost": 8.5, "Total Cost": 7487.31, "Plan Rows": 1, "Plan Width": 56, "Actual Startup Time": 7.837, "Actual Total Time": 2235.84, "Actual Rows": 25020, "Actual Loops": 1, "Inner Unique": false, "Join Filter": "(t.id = mi.movie_id)", "Rows Removed by Join Filter": 0, "Plans": [{"Node Type": "Nested Loop", "Parent Relationship": "Outer", "Parallel Aware": false, "Async Capable": false, "Join Type": "Inner", "Startup Cost": 8.06, "Total Cost": 7485.4, "Plan Rows": 1, "Plan Width": 48, "Actual Startup Time": 7.701, "Actual Total Time": 607.208, "Actual Rows": 23902, "Actual Loops": 1, "Inner Unique": true, "Join Filter": "(mc.company_type_id = ct.id)", "Rows Removed by Join Filter": 0, "Plans": [{"Node Type": "Nested Loop", "Parent Relationship": "Outer", "Parallel Aware": false, "Async Capable": false, "Join Type": "Inner", "Startup Cost": 8.06, "Total Cost": 7459.43, "Plan Rows": 1, "Plan Width": 52, "Actual Startup Time": 7.694, "Actual Total Time": 577.737, "Actual Rows": 23902, "Actual Loops": 1, "Inner Unique": true, "Plans": [{"Node Type": "Nested Loop", "Parent Relationship": "Outer", "Parallel Aware": false, "Async Capable": false, "Join Type": "Inner", "Startup Cost": 7.64, "Total Cost": 7458.88, "Plan Rows": 1, "Plan Width": 37, "Actual Startup Time": 7.665, "Actual Total Time": 460.377, "Actual Rows": 25853, "Actual Loops": 1, "Inner Unique": false, "Join Filter": "(t.id = mc.movie_id)", "Rows Removed by Join Filter": 0, "Plans": [{"Node Type": "Nested Loop", "Parent Relationship": "Outer", "Parallel Aware": false, "Async Capable": false, "Join Type": "Inner", "Startup Cost": 7.21, "Total Cost": 7458.3, "Plan Rows": 1, "Plan Width": 25, "Actual Startup Time": 6.159, "Actual Total Time": 359.946, "Actual Rows": 8073, "Actual Loops": 1, "Inner Unique": true, "Join Filter": "(t.kind_id = kt.id)", "Rows Removed by Join Filter": 4332, "Plans": [{"Node Type": "Nested Loop", "Parent Relationship": "Outer", "Parallel Aware": false, "Async Capable": false, "Join Type": "Inner", "Startup Cost": 7.21, "Total Cost": 7427.27, "Plan Rows": 55, "Plan Width": 29, "Actual Startup Time": 6.065, "Actual Total Time": 356.201, "Actual Rows": 9739, "Actual Loops": 1, "Inner Unique": true, "Plans": [{"Node Type": "Nested Loop", "Parent Relationship": "Outer", "Parallel Aware": false, "Async Capable": false, "Join Type": "Inner", "Startup Cost": 6.78, "Total Cost": 7361.15, "Plan Rows": 135, "Plan Width": 4, "Actual Startup Time": 6.031, "Actual Total Time": 150.802, "Actual Rows": 37091, "Actual Loops": 1, "Inner Unique": false, "Plans": [{"Node Type": "Seq Scan", "Parent Relationship": "Outer", "Parallel Aware": false, "Async Capable": false, "Relation Name": "keyword", "Alias": "k", "Startup Cost": 0.0, "Total Cost": 2961.55, "Plan Rows": 4, "Plan Width": 4, "Actual Startup Time": 1.6, "Actual Total Time": 19.592, "Actual Rows": 3, "Actual Loops": 1, "Filter": "((keyword)::text = ANY ('{murder,murder-in-title,blood,violence}'::text[]))", "Rows Removed by Filter": 134167}, {"Node Type": "Bitmap Heap Scan", "Parent Relationship": "Inner", "Parallel Aware": false, "Async Capable": false, "Relation Name": "movie_keyword", "Alias": "mk", "Startup Cost": 6.78, "Total Cost": 1096.87, "Plan Rows": 303, "Plan Width": 8, "Actual Startup Time": 3.413, "Actual Total Time": 42.27, "Actual Rows": 12364, "Actual Loops": 3, "Recheck Cond": "(keyword_id = k.id)", "Rows Removed by Index Recheck": 0, "Exact Heap Blocks": 26312, "Lossy Heap Blocks": 0, "Plans": [{"Node Type": "Bitmap Index Scan", "Parent Relationship": "Outer", "Parallel Aware": false, "Async Capable": false, "Index Name": "keyword_id_movie_keyword", "Startup Cost": 0.0, "Total Cost": 6.71, "Plan Rows": 303, "Plan Width": 0, "Actual Startup Time": 1.916, "Actual Total Time": 1.917, "Actual Rows": 12364, "Actual Loops": 3, "Index Cond": "(keyword_id = k.id)"}]}]}, {"Node Type": "Index Scan", "Parent Relationship": "Inner", "Parallel Aware": false, "Async Capable": false, "Scan Direction": "Forward", "Index Name": "title_pkey", "Relation Name": "title", "Alias": "t", "Startup Cost": 0.43, "Total Cost": 0.49, "Plan Rows": 1, "Plan Width": 25, "Actual Startup Time": 0.005, "Actual Total Time": 0.005, "Actual Rows": 0, "Actual Loops": 37091, "Index Cond": "(id = mk.movie_id)", "Rows Removed by Index Recheck": 0, "Filter": "(production_year > 2005)", "Rows Removed by Filter": 1}]}, {"Node Type": "Materialize", "Parent Relationship": "Inner", "Parallel Aware": false, "Async Capable": false, "Startup Cost": 0.0, "Total Cost": 22.8, "Plan Rows": 10, "Plan Width": 4, "Actual Startup Time": 0.0, "Actual Total Time": 0.0, "Actual Rows": 1, "Actual Loops": 9739, "Plans": [{"Node Type": "Seq Scan", "Parent Relationship": "Outer", "Parallel Aware": false, "Async Capable": false, "Relation Name": "kind_type", "Alias": "kt", "Startup Cost": 0.0, "Total Cost": 22.75, "Plan Rows": 10, "Plan Width": 4, "Actual Startup Time": 0.018, "Actual Total Time": 0.02, "Actual Rows": 2, "Actual Loops": 1, "Filter": "((kind)::text = ANY ('{movie,episode}'::text[]))", "Rows Removed by Filter": 5}]}]}, {"Node Type": "Index Scan", "Parent Relationship": "Inner", "Parallel Aware": false, "Async Capable": false, "Scan Direction": "Forward", "Index Name": "movie_id_movie_companies", "Relation Name": "movie_companies", "Alias": "mc", "Startup Cost": 0.43, "Total Cost": 0.56, "Plan Rows": 1, "Plan Width": 12, "Actual Startup Time": 0.008, "Actual Total Time": 0.012, "Actual Rows": 3, "Actual Loops": 8073, "Index Cond": "(movie_id = mk.movie_id)", "Rows Removed by Index Recheck": 0, "Filter": "(((note)::text !~~ '%(USA)%'::text) AND ((note)::text ~~ '%(200%)%'::text))", "Rows Removed by Filter": 7}]}, {"Node Type": "Index Scan", "Parent Relationship": "Inner", "Parallel Aware": false, "Async Capable": false, "Scan Direction": "Forward", "Index Name": "company_name_pkey", "Relation Name": "company_name", "Alias": "cn", "Startup Cost": 0.42, "Total Cost": 0.55, "Plan Rows": 1, "Plan Width": 23, "Actual Startup Time": 0.004, "Actual Total Time": 0.004, "Actual Rows": 1, "Actual Loops": 25853, "Index Cond": "(id = mc.company_id)", "Rows Removed by Index Recheck": 0, "Filter": "((country_code)::text <> '[us]'::text)", "Rows Removed by Filter": 0}]}, {"Node Type": "Seq Scan", "Parent Relationship": "Inner", "Parallel Aware": false, "Async Capable": false, "Relation Name": "company_type", "Alias": "ct", "Startup Cost": 0.0, "Total Cost": 17.1, "Plan Rows": 710, "Plan Width": 4, "Actual Startup Time": 0.0, "Actual Total Time": 0.0, "Actual Rows": 1, "Actual Loops": 23902}]}, {"Node Type": "Index Scan", "Parent Relationship": "Inner", "Parallel Aware": false, "Async Capable": false, "Scan Direction": "Forward", "Index Name": "movie_id_movie_info", "Relation Name": "movie_info", "Alias": "mi", "Startup Cost": 0.43, "Total Cost": 1.88, "Plan Rows": 2, "Plan Width": 8, "Actual Startup Time": 0.057, "Actual Total Time": 0.068, "Actual Rows": 1, "Actual Loops": 23902, "Index Cond": "(movie_id = mk.movie_id)", "Rows Removed by Index Recheck": 0, "Filter": "((info)::text = ANY ('{Sweden,Norway,Germany,Denmark,Swedish,Danish,Norwegian,German,USA,American}'::text[]))", "Rows Removed by Filter": 184}]}, {"Node Type": "Seq Scan", "Parent Relationship": "Inner", "Parallel Aware": false, "Async Capable": false, "Relation Name": "info_type", "Alias": "it1", "Startup Cost": 0.0, "Total Cost": 2.41, "Plan Rows": 1, "Plan Width": 4, "Actual Startup Time": 0.002, "Actual Total Time": 0.003, "Actual Rows": 1, "Actual Loops": 25020, "Filter": "((info)::text = 'countries'::text)", "Rows Removed by Filter": 20}]}, {"Node Type": "Index Scan", "Parent Relationship": "Inner", "Parallel Aware": false, "Async Capable": false, "Scan Direction": "Forward", "Index Name": "movie_id_movie_info_idx", "Relation Name": "movie_info_idx", "Alias": "mi_idx", "Startup Cost": 0.43, "Total Cost": 0.5, "Plan Rows": 3, "Plan Width": 14, "Actual Startup Time": 0.002, "Actual Total Time": 0.003, "Actual Rows": 3, "Actual Loops": 21827, "Index Cond": "(movie_id = mk.movie_id)", "Rows Removed by Index Recheck": 0, "Filter": "((info)::text < '8.5'::text)", "Rows Removed by Filter": 0}]}, {"Node Type": "Seq Scan", "Parent Relationship": "Inner", "Parallel Aware": false, "Async Capable": false, "Relation Name": "info_type", "Alias": "it2", "Startup Cost": 0.0, "Total Cost": 2.41, "Plan Rows": 1, "Plan Width": 4, "Actual Startup Time": 0.008, "Actual Total Time": 0.008, "Actual Rows": 1, "Actual Loops": 64628, "Filter": "((info)::text = 'rating'::text)", "Rows Removed by Filter": 108}]}]}, "Planning Time": 48.588, "Triggers": [], "Execution Time": 3004.318}