{"Plan": {"Node Type": "Aggregate", "Strategy": "Plain", "Partial Mode": "Simple", "Parallel Aware": false, "Async Capable": false, "Startup Cost": 7492.62, "Total Cost": 7492.63, "Plan Rows": 1, "Plan Width": 96, "Actual Startup Time": 2621.405, "Actual Total Time": 2621.41, "Actual Rows": 1, "Actual Loops": 1, "Plans": [{"Node Type": "Nested Loop", "Parent Relationship": "Outer", "Parallel Aware": false, "Async Capable": false, "Join Type": "Inner", "Startup Cost": 8.92, "Total Cost": 7492.62, "Plan Rows": 1, "Plan Width": 42, "Actual Startup Time": 9.115, "Actual Total Time": 2597.069, "Actual Rows": 46281, "Actual Loops": 1, "Inner Unique": true, "Join Filter": "(mi_idx.info_type_id = it2.id)", "Rows Removed by Join Filter": 93201, "Plans": [{"Node Type": "Nested Loop", "Parent Relationship": "Outer", "Parallel Aware": false, "Async Capable": false, "Join Type": "Inner", "Startup Cost": 8.92, "Total Cost": 7490.19, "Plan Rows": 1, "Plan Width": 46, "Actual Startup Time": 8.048, "Actual Total Time": 1365.319, "Actual Rows": 139482, "Actual Loops": 1, "Inner Unique": false, "Join Filter": "(t.id = mi_idx.movie_id)", "Rows Removed by Join Filter": 0, "Plans": [{"Node Type": "Nested Loop", "Parent Relationship": "Outer", "Parallel Aware": false, "Async Capable": false, "Join Type": "Inner", "Startup Cost": 8.5, "Total Cost": 7489.66, "Plan Rows": 1, "Plan Width": 52, "Actual Startup Time": 8.021, "Actual Total Time": 1205.991, "Actual Rows": 47475, "Actual Loops": 1, "Inner Unique": true, "Join Filter": "(mc.company_type_id = ct.id)", "Rows Removed by Join Filter": 4948, "Plans": [{"Node Type": "Nested Loop", "Parent Relationship": "Outer", "Parallel Aware": false, "Async Capable": false, "Join Type": "Inner", "Startup Cost": 8.5, "Total Cost": 7463.68, "Plan Rows": 1, "Plan Width": 56, "Actual Startup Time": 8.016, "Actual Total Time": 1150.643, "Actual Rows": 47475, "Actual Loops": 1, "Inner Unique": true, "Plans": [{"Node Type": "Nested Loop", "Parent Relationship": "Outer", "Parallel Aware": false, "Async Capable": false, "Join Type": "Inner", "Startup Cost": 8.08, "Total Cost": 7463.24, "Plan Rows": 1, "Plan Width": 41, "Actual Startup Time": 6.242, "Actual Total Time": 888.723, "Actual Rows": 68049, "Actual Loops": 1, "Inner Unique": false, "Join Filter": "(t.id = mc.movie_id)", "Rows Removed by Join Filter": 0, "Plans": [{"Node Type": "Nested Loop", "Parent Relationship": "Outer", "Parallel Aware": false, "Async Capable": false, "Join Type": "Inner", "Startup Cost": 7.65, "Total Cost": 7462.63, "Plan Rows": 1, "Plan Width": 29, "Actual Startup Time": 6.207, "Actual Total Time": 819.539, "Actual Rows": 5316, "Actual Loops": 1, "Inner Unique": true, "Join Filter": "(mi.info_type_id = it1.id)", "Rows Removed by Join Filter": 701, "Plans": [{"Node Type": "Nested Loop", "Parent Relationship": "Outer", "Parallel Aware": false, "Async Capable": false, "Join Type": "Inner", "Startup Cost": 7.65, "Total Cost": 7460.21, "Plan Rows": 1, "Plan Width": 33, "Actual Startup Time": 6.198, "Actual Total Time": 792.968, "Actual Rows": 6017, "Actual Loops": 1, "Inner Unique": false, "Join Filter": "(t.id = mi.movie_id)", "Rows Removed by Join Filter": 0, "Plans": [{"Node Type": "Nested Loop", "Parent Relationship": "Outer", "Parallel Aware": false, "Async Capable": false, "Join Type": "Inner", "Startup Cost": 7.21, "Total Cost": 7458.3, "Plan Rows": 1, "Plan Width": 25, "Actual Startup Time": 6.121, "Actual Total Time": 356.56, "Actual Rows": 8073, "Actual Loops": 1, "Inner Unique": true, "Join Filter": "(t.kind_id = kt.id)", "Rows Removed by Join Filter": 4332, "Plans": [{"Node Type": "Nested Loop", "Parent Relationship": "Outer", "Parallel Aware": false, "Async Capable": false, "Join Type": "Inner", "Startup Cost": 7.21, "Total Cost": 7427.27, "Plan Rows": 55, "Plan Width": 29, "Actual Startup Time": 6.034, "Actual Total Time": 352.453, "Actual Rows": 9739, "Actual Loops": 1, "Inner Unique": true, "Plans": [{"Node Type": "Nested Loop", "Parent Relationship": "Outer", "Parallel Aware": false, "Async Capable": false, "Join Type": "Inner", "Startup Cost": 6.78, "Total Cost": 7361.15, "Plan Rows": 135, "Plan Width": 4, "Actual Startup Time": 6.004, "Actual Total Time": 147.051, "Actual Rows": 37091, "Actual Loops": 1, "Inner Unique": false, "Plans": [{"Node Type": "Seq Scan", "Parent Relationship": "Outer", "Parallel Aware": false, "Async Capable": false, "Relation Name": "keyword", "Alias": "k", "Startup Cost": 0.0, "Total Cost": 2961.55, "Plan Rows": 4, "Plan Width": 4, "Actual Startup Time": 1.571, "Actual Total Time": 19.555, "Actual Rows": 3, "Actual Loops": 1, "Filter": "((keyword)::text = ANY ('{murder,murder-in-title,blood,violence}'::text[]))", "Rows Removed by Filter": 134167}, {"Node Type": "Bitmap Heap Scan", "Parent Relationship": "Inner", "Parallel Aware": false, "Async Capable": false, "Relation Name": "movie_keyword", "Alias": "mk", "Startup Cost": 6.78, "Total Cost": 1096.87, "Plan Rows": 303, "Plan Width": 8, "Actual Startup Time": 3.385, "Actual Total Time": 41.033, "Actual Rows": 12364, "Actual Loops": 3, "Recheck Cond": "(keyword_id = k.id)", "Rows Removed by Index Recheck": 0, "Exact Heap Blocks": 26312, "Lossy Heap Blocks": 0, "Plans": [{"Node Type": "Bitmap Index Scan", "Parent Relationship": "Outer", "Parallel Aware": false, "Async Capable": false, "Index Name": "keyword_id_movie_keyword", "Startup Cost": 0.0, "Total Cost": 6.71, "Plan Rows": 303, "Plan Width": 0, "Actual Startup Time": 1.916, "Actual Total Time": 1.916, "Actual Rows": 12364, "Actual Loops": 3, "Index Cond": "(keyword_id = k.id)"}]}]}, {"Node Type": "Index Scan", "Parent Relationship": "Inner", "Parallel Aware": false, "Async Capable": false, "Scan Direction": "Forward", "Index Name": "title_pkey", "Relation Name": "title", "Alias": "t", "Startup Cost": 0.43, "Total Cost": 0.49, "Plan Rows": 1, "Plan Width": 25, "Actual Startup Time": 0.005, "Actual Total Time": 0.005, "Actual Rows": 0, "Actual Loops": 37091, "Index Cond": "(id = mk.movie_id)", "Rows Removed by Index Recheck": 0, "Filter": "(production_year > 2005)", "Rows Removed by Filter": 1}]}, {"Node Type": "Materialize", "Parent Relationship": "Inner", "Parallel Aware": false, "Async Capable": false, "Startup Cost": 0.0, "Total Cost": 22.8, "Plan Rows": 10, "Plan Width": 4, "Actual Startup Time": 0.0, "Actual Total Time": 0.0, "Actual Rows": 1, "Actual Loops": 9739, "Plans": [{"Node Type": "Seq Scan", "Parent Relationship": "Outer", "Parallel Aware": false, "Async Capable": false, "Relation Name": "kind_type", "Alias": "kt", "Startup Cost": 0.0, "Total Cost": 22.75, "Plan Rows": 10, "Plan Width": 4, "Actual Startup Time": 0.014, "Actual Total Time": 0.016, "Actual Rows": 2, "Actual Loops": 1, "Filter": "((kind)::text = ANY ('{movie,episode}'::text[]))", "Rows Removed by Filter": 5}]}]}, {"Node Type": "Index Scan", "Parent Relationship": "Inner", "Parallel Aware": false, "Async Capable": false, "Scan Direction": "Forward", "Index Name": "movie_id_movie_info", "Relation Name": "movie_info", "Alias": "mi", "Startup Cost": 0.43, "Total Cost": 1.88, "Plan Rows": 2, "Plan Width": 8, "Actual Startup Time": 0.046, "Actual Total Time": 0.054, "Actual Rows": 1, "Actual Loops": 8073, "Index Cond": "(movie_id = mk.movie_id)", "Rows Removed by Index Recheck": 0, "Filter": "((info)::text = ANY ('{Sweden,Norway,Germany,Denmark,Swedish,Danish,Norwegian,German,USA,American}'::text[]))", "Rows Removed by Filter": 57}]}, {"Node Type": "Seq Scan", "Parent Relationship": "Inner", "Parallel Aware": false, "Async Capable": false, "Relation Name": "info_type", "Alias": "it1", "Startup Cost": 0.0, "Total Cost": 2.41, "Plan Rows": 1, "Plan Width": 4, "Actual Startup Time": 0.003, "Actual Total Time": 0.003, "Actual Rows": 1, "Actual Loops": 6017, "Filter": "((info)::text = 'countries'::text)", "Rows Removed by Filter": 19}]}, {"Node Type": "Index Scan", "Parent Relationship": "Inner", "Parallel Aware": false, "Async Capable": false, "Scan Direction": "Forward", "Index Name": "movie_id_movie_companies", "Relation Name": "movie_companies", "Alias": "mc", "Startup Cost": 0.43, "Total Cost": 0.54, "Plan Rows": 5, "Plan Width": 12, "Actual Startup Time": 0.006, "Actual Total Time": 0.01, "Actual Rows": 13, "Actual Loops": 5316, "Index Cond": "(movie_id = mk.movie_id)", "Rows Removed by Index Recheck": 0}]}, {"Node Type": "Index Scan", "Parent Relationship": "Inner", "Parallel Aware": false, "Async Capable": false, "Scan Direction": "Forward", "Index Name": "company_name_pkey", "Relation Name": "company_name", "Alias": "cn", "Startup Cost": 0.42, "Total Cost": 0.45, "Plan Rows": 1, "Plan Width": 23, "Actual Startup Time": 0.004, "Actual Total Time": 0.004, "Actual Rows": 1, "Actual Loops": 68049, "Index Cond": "(id = mc.company_id)", "Rows Removed by Index Recheck": 0, "Filter": "((country_code)::text <> '[us]'::text)", "Rows Removed by Filter": 0}]}, {"Node Type": "Seq Scan", "Parent Relationship": "Inner", "Parallel Aware": false, "Async Capable": false, "Relation Name": "company_type", "Alias": "ct", "Startup Cost": 0.0, "Total Cost": 17.1, "Plan Rows": 710, "Plan Width": 4, "Actual Startup Time": 0.0, "Actual Total Time": 0.0, "Actual Rows": 1, "Actual Loops": 47475}]}, {"Node Type": "Index Scan", "Parent Relationship": "Inner", "Parallel Aware": false, "Async Capable": false, "Scan Direction": "Forward", "Index Name": "movie_id_movie_info_idx", "Relation Name": "movie_info_idx", "Alias": "mi_idx", "Startup Cost": 0.43, "Total Cost": 0.5, "Plan Rows": 3, "Plan Width": 14, "Actual Startup Time": 0.002, "Actual Total Time": 0.003, "Actual Rows": 3, "Actual Loops": 47475, "Index Cond": "(movie_id = mk.movie_id)", "Rows Removed by Index Recheck": 0, "Filter": "((info)::text < '8.5'::text)", "Rows Removed by Filter": 0}]}, {"Node Type": "Seq Scan", "Parent Relationship": "Inner", "Parallel Aware": false, "Async Capable": false, "Relation Name": "info_type", "Alias": "it2", "Startup Cost": 0.0, "Total Cost": 2.41, "Plan Rows": 1, "Plan Width": 4, "Actual Startup Time": 0.008, "Actual Total Time": 0.008, "Actual Rows": 1, "Actual Loops": 139482, "Filter": "((info)::text = 'rating'::text)", "Rows Removed by Filter": 108}]}]}, "Planning Time": 49.05, "Triggers": [], "Execution Time": 2621.773}