{"Plan": {"Node Type": "Aggregate", "Strategy": "Plain", "Partial Mode": "Simple", "Parallel Aware": false, "Async Capable": false, "Startup Cost": 3846.05, "Total Cost": 3846.06, "Plan Rows": 1, "Plan Width": 32, "Actual Startup Time": 682.461, "Actual Total Time": 682.465, "Actual Rows": 1, "Actual Loops": 1, "Plans": [{"Node Type": "Nested Loop", "Parent Relationship": "Outer", "Parallel Aware": false, "Async Capable": false, "Join Type": "Inner", "Startup Cost": 8.06, "Total Cost": 3846.04, "Plan Rows": 1, "Plan Width": 17, "Actual Startup Time": 682.447, "Actual Total Time": 682.45, "Actual Rows": 0, "Actual Loops": 1, "Inner Unique": true, "Join Filter": "(mc.movie_id = t.id)", "Rows Removed by Join Filter": 0, "Plans": [{"Node Type": "Nested Loop", "Parent Relationship": "Outer", "Parallel Aware": false, "Async Capable": false, "Join Type": "Inner", "Startup Cost": 7.63, "Total Cost": 3845.54, "Plan Rows": 1, "Plan Width": 8, "Actual Startup Time": 682.447, "Actual Total Time": 682.449, "Actual Rows": 0, "Actual Loops": 1, "Inner Unique": true, "Plans": [{"Node Type": "Nested Loop", "Parent Relationship": "Outer", "Parallel Aware": false, "Async Capable": false, "Join Type": "Inner", "Startup Cost": 7.21, "Total Cost": 3767.05, "Plan Rows": 176, "Plan Width": 12, "Actual Startup Time": 10.478, "Actual Total Time": 255.963, "Actual Rows": 148552, "Actual Loops": 1, "Inner Unique": false, "Plans": [{"Node Type": "Nested Loop", "Parent Relationship": "Outer", "Parallel Aware": false, "Async Capable": false, "Join Type": "Inner", "Startup Cost": 6.78, "Total Cost": 3747.04, "Plan Rows": 34, "Plan Width": 4, "Actual Startup Time": 10.407, "Actual Total Time": 81.681, "Actual Rows": 41840, "Actual Loops": 1, "Inner Unique": false, "Plans": [{"Node Type": "Seq Scan", "Parent Relationship": "Outer", "Parallel Aware": false, "Async Capable": false, "Relation Name": "keyword", "Alias": "k", "Startup Cost": 0.0, "Total Cost": 2626.12, "Plan Rows": 1, "Plan Width": 4, "Actual Startup Time": 1.184, "Actual Total Time": 11.903, "Actual Rows": 1, "Actual Loops": 1, "Filter": "((keyword)::text = 'character-name-in-title'::text)", "Rows Removed by Filter": 134169}, {"Node Type": "Bitmap Heap Scan", "Parent Relationship": "Inner", "Parallel Aware": false, "Async Capable": false, "Relation Name": "movie_keyword", "Alias": "mk", "Startup Cost": 6.78, "Total Cost": 1117.89, "Plan Rows": 303, "Plan Width": 8, "Actual Startup Time": 9.215, "Actual Total Time": 64.774, "Actual Rows": 41840, "Actual Loops": 1, "Recheck Cond": "(keyword_id = k.id)", "Rows Removed by Index Recheck": 0, "Exact Heap Blocks": 11541, "Lossy Heap Blocks": 0, "Plans": [{"Node Type": "Bitmap Index Scan", "Parent Relationship": "Outer", "Parallel Aware": false, "Async Capable": false, "Index Name": "keyword_id_movie_keyword", "Startup Cost": 0.0, "Total Cost": 6.71, "Plan Rows": 303, "Plan Width": 0, "Actual Startup Time": 5.775, "Actual Total Time": 5.776, "Actual Rows": 41840, "Actual Loops": 1, "Index Cond": "(keyword_id = k.id)"}]}]}, {"Node Type": "Index Scan", "Parent Relationship": "Inner", "Parallel Aware": false, "Async Capable": false, "Scan Direction": "Forward", "Index Name": "movie_id_movie_companies", "Relation Name": "movie_companies", "Alias": "mc", "Startup Cost": 0.43, "Total Cost": 0.54, "Plan Rows": 5, "Plan Width": 8, "Actual Startup Time": 0.003, "Actual Total Time": 0.004, "Actual Rows": 4, "Actual Loops": 41840, "Index Cond": "(movie_id = mk.movie_id)", "Rows Removed by Index Recheck": 0}]}, {"Node Type": "Index Scan", "Parent Relationship": "Inner", "Parallel Aware": false, "Async Capable": false, "Scan Direction": "Forward", "Index Name": "company_name_pkey", "Relation Name": "company_name", "Alias": "cn", "Startup Cost": 0.42, "Total Cost": 0.45, "Plan Rows": 1, "Plan Width": 4, "Actual Startup Time": 0.003, "Actual Total Time": 0.003, "Actual Rows": 0, "Actual Loops": 148552, "Index Cond": "(id = mc.company_id)", "Rows Removed by Index Recheck": 0, "Filter": "((country_code)::text = '[sm]'::text)", "Rows Removed by Filter": 1}]}, {"Node Type": "Index Scan", "Parent Relationship": "Inner", "Parallel Aware": false, "Async Capable": false, "Scan Direction": "Forward", "Index Name": "title_pkey", "Relation Name": "title", "Alias": "t", "Startup Cost": 0.43, "Total Cost": 0.49, "Plan Rows": 1, "Plan Width": 21, "Actual Startup Time": 0.0, "Actual Total Time": 0.0, "Actual Rows": 0, "Actual Loops": 0, "Index Cond": "(id = mk.movie_id)", "Rows Removed by Index Recheck": 0}]}]}, "Planning Time": 4.184, "Triggers": [], "Execution Time": 682.784}