{"Plan": {"Node Type": "Aggregate", "Strategy": "Plain", "Partial Mode": "Simple", "Parallel Aware": false, "Async Capable": false, "Startup Cost": 2541.33, "Total Cost": 2541.34, "Plan Rows": 1, "Plan Width": 128, "Actual Startup Time": 1157.421, "Actual Total Time": 1157.432, "Actual Rows": 1, "Actual Loops": 1, "Plans": [{"Node Type": "Nested Loop", "Parent Relationship": "Outer", "Parallel Aware": false, "Async Capable": false, "Join Type": "Inner", "Startup Cost": 41.19, "Total Cost": 2541.32, "Plan Rows": 1, "Plan Width": 79, "Actual Startup Time": 6.106, "Actual Total Time": 1156.553, "Actual Rows": 757, "Actual Loops": 1, "Inner Unique": true, "Plans": [{"Node Type": "Nested Loop", "Parent Relationship": "Outer", "Parallel Aware": false, "Async Capable": false, "Join Type": "Inner", "Startup Cost": 41.04, "Total Cost": 2541.14, "Plan Rows": 1, "Plan Width": 83, "Actual Startup Time": 6.099, "Actual Total Time": 1155.35, "Actual Rows": 757, "Actual Loops": 1, "Inner Unique": false, "Join Filter": "(t.id = mi.movie_id)", "Rows Removed by Join Filter": 0, "Plans": [{"Node Type": "Nested Loop", "Parent Relationship": "Outer", "Parallel Aware": false, "Async Capable": false, "Join Type": "Inner", "Startup Cost": 40.61, "Total Cost": 2528.95, "Plan Rows": 1, "Plan Width": 58, "Actual Startup Time": 0.946, "Actual Total Time": 1065.978, "Actual Rows": 1235, "Actual Loops": 1, "Inner Unique": true, "Plans": [{"Node Type": "Nested Loop", "Parent Relationship": "Outer", "Parallel Aware": false, "Async Capable": false, "Join Type": "Inner", "Startup Cost": 40.47, "Total Cost": 2528.76, "Plan Rows": 1, "Plan Width": 62, "Actual Startup Time": 0.938, "Actual Total Time": 1060.776, "Actual Rows": 3761, "Actual Loops": 1, "Inner Unique": false, "Join Filter": "(t.id = mi_idx.movie_id)", "Rows Removed by Join Filter": 0, "Plans": [{"Node Type": "Nested Loop", "Parent Relationship": "Outer", "Parallel Aware": false, "Async Capable": false, "Join Type": "Inner", "Startup Cost": 40.04, "Total Cost": 2527.96, "Plan Rows": 1, "Plan Width": 48, "Actual Startup Time": 0.912, "Actual Total Time": 1054.027, "Actual Rows": 1238, "Actual Loops": 1, "Inner Unique": true, "Plans": [{"Node Type": "Nested Loop", "Parent Relationship": "Outer", "Parallel Aware": false, "Async Capable": false, "Join Type": "Inner", "Startup Cost": 39.61, "Total Cost": 2526.87, "Plan Rows": 1, "Plan Width": 37, "Actual Startup Time": 0.886, "Actual Total Time": 1042.9, "Actual Rows": 1741, "Actual Loops": 1, "Inner Unique": false, "Join Filter": "(t.id = ci.movie_id)", "Rows Removed by Join Filter": 0, "Plans": [{"Node Type": "Nested Loop", "Parent Relationship": "Outer", "Parallel Aware": false, "Async Capable": false, "Join Type": "Inner", "Startup Cost": 39.17, "Total Cost": 2509.14, "Plan Rows": 1, "Plan Width": 29, "Actual Startup Time": 0.502, "Actual Total Time": 607.589, "Actual Rows": 2027, "Actual Loops": 1, "Inner Unique": true, "Plans": [{"Node Type": "Nested Loop", "Parent Relationship": "Outer", "Parallel Aware": false, "Async Capable": false, "Join Type": "Inner", "Startup Cost": 38.75, "Total Cost": 2504.25, "Plan Rows": 7, "Plan Width": 33, "Actual Startup Time": 0.189, "Actual Total Time": 229.386, "Actual Rows": 133450, "Actual Loops": 1, "Inner Unique": false, "Plans": [{"Node Type": "Nested Loop", "Parent Relationship": "Outer", "Parallel Aware": false, "Async Capable": false, "Join Type": "Inner", "Startup Cost": 38.32, "Total Cost": 2495.79, "Plan Rows": 4, "Plan Width": 25, "Actual Startup Time": 0.16, "Actual Total Time": 182.548, "Actual Rows": 2083, "Actual Loops": 1, "Inner Unique": true, "Plans": [{"Node Type": "Hash Join", "Parent Relationship": "Outer", "Parallel Aware": false, "Async Capable": false, "Join Type": "Inner", "Startup Cost": 37.89, "Total Cost": 2479.98, "Plan Rows": 8, "Plan Width": 4, "Actual Startup Time": 0.093, "Actual Total Time": 49.493, "Actual Rows": 24592, "Actual Loops": 1, "Inner Unique": true, "Hash Cond": "(cc.status_id = cct2.id)", "Plans": [{"Node Type": "Hash Join", "Parent Relationship": "Outer", "Parallel Aware": false, "Async Capable": false, "Join Type": "Inner", "Startup Cost": 18.96, "Total Cost": 2457.54, "Plan Rows": 1332, "Plan Width": 8, "Actual Startup Time": 0.053, "Actual Total Time": 37.633, "Actual Rows": 135086, "Actual Loops": 1, "Inner Unique": true, "Hash Cond": "(cc.subject_id = cct1.id)", "Plans": [{"Node Type": "Seq Scan", "Parent Relationship": "Outer", "Parallel Aware": false, "Async Capable": false, "Relation Name": "complete_cast", "Alias": "cc", "Startup Cost": 0.0, "Total Cost": 2081.86, "Plan Rows": 135086, "Plan Width": 12, "Actual Startup Time": 0.013, "Actual Total Time": 11.289, "Actual Rows": 135086, "Actual Loops": 1}, {"Node Type": "Hash", "Parent Relationship": "Inner", "Parallel Aware": false, "Async Capable": false, "Startup Cost": 18.88, "Total Cost": 18.88, "Plan Rows": 7, "Plan Width": 4, "Actual Startup Time": 0.023, "Actual Total Time": 0.024, "Actual Rows": 2, "Actual Loops": 1, "Hash Buckets": 1024, "Original Hash Buckets": 1024, "Hash Batches": 1, "Original Hash Batches": 1, "Peak Memory Usage": 9, "Plans": [{"Node Type": "Seq Scan", "Parent Relationship": "Outer", "Parallel Aware": false, "Async Capable": false, "Relation Name": "comp_cast_type", "Alias": "cct1", "Startup Cost": 0.0, "Total Cost": 18.88, "Plan Rows": 7, "Plan Width": 4, "Actual Startup Time": 0.002, "Actual Total Time": 0.019, "Actual Rows": 2, "Actual Loops": 1, "Filter": "((kind)::text = ANY ('{cast,crew}'::text[]))", "Rows Removed by Filter": 2}]}]}, {"Node Type": "Hash", "Parent Relationship": "Inner", "Parallel Aware": false, "Async Capable": false, "Startup Cost": 18.88, "Total Cost": 18.88, "Plan Rows": 4, "Plan Width": 4, "Actual Startup Time": 0.02, "Actual Total Time": 0.022, "Actual Rows": 1, "Actual Loops": 1, "Hash Buckets": 1024, "Original Hash Buckets": 1024, "Hash Batches": 1, "Original Hash Batches": 1, "Peak Memory Usage": 9, "Plans": [{"Node Type": "Seq Scan", "Parent Relationship": "Outer", "Parallel Aware": false, "Async Capable": false, "Relation Name": "comp_cast_type", "Alias": "cct2", "Startup Cost": 0.0, "Total Cost": 18.88, "Plan Rows": 4, "Plan Width": 4, "Actual Startup Time": 0.014, "Actual Total Time": 0.015, "Actual Rows": 1, "Actual Loops": 1, "Filter": "((kind)::text = 'complete+verified'::text)", "Rows Removed by Filter": 3}]}]}, {"Node Type": "Index Scan", "Parent Relationship": "Inner", "Parallel Aware": false, "Async Capable": false, "Scan Direction": "Forward", "Index Name": "title_pkey", "Relation Name": "title", "Alias": "t", "Startup Cost": 0.43, "Total Cost": 1.98, "Plan Rows": 1, "Plan Width": 21, "Actual Startup Time": 0.005, "Actual Total Time": 0.005, "Actual Rows": 0, "Actual Loops": 24592, "Index Cond": "(id = cc.movie_id)", "Rows Removed by Index Recheck": 0, "Filter": "(production_year > 2000)", "Rows Removed by Filter": 1}]}, {"Node Type": "Index Scan", "Parent Relationship": "Inner", "Parallel Aware": false, "Async Capable": false, "Scan Direction": "Forward", "Index Name": "movie_id_movie_keyword", "Relation Name": "movie_keyword", "Alias": "mk", "Startup Cost": 0.43, "Total Cost": 1.64, "Plan Rows": 47, "Plan Width": 8, "Actual Startup Time": 0.005, "Actual Total Time": 0.015, "Actual Rows": 64, "Actual Loops": 2083, "Index Cond": "(movie_id = t.id)", "Rows Removed by Index Recheck": 0}]}, {"Node Type": "Index Scan", "Parent Relationship": "Inner", "Parallel Aware": false, "Async Capable": false, "Scan Direction": "Forward", "Index Name": "keyword_pkey", "Relation Name": "keyword", "Alias": "k", "Startup Cost": 0.42, "Total Cost": 0.69, "Plan Rows": 1, "Plan Width": 4, "Actual Startup Time": 0.003, "Actual Total Time": 0.003, "Actual Rows": 0, "Actual Loops": 133450, "Index Cond": "(id = mk.keyword_id)", "Rows Removed by Index Recheck": 0, "Filter": "((keyword)::text = ANY ('{murder,violence,blood,gore,death,female-nudity,hospital}'::text[]))", "Rows Removed by Filter": 1}]}, {"Node Type": "Index Scan", "Parent Relationship": "Inner", "Parallel Aware": false, "Async Capable": false, "Scan Direction": "Forward", "Index Name": "movie_id_cast_info", "Relation Name": "cast_info", "Alias": "ci", "Startup Cost": 0.44, "Total Cost": 17.72, "Plan Rows": 1, "Plan Width": 8, "Actual Startup Time": 0.148, "Actual Total Time": 0.214, "Actual Rows": 1, "Actual Loops": 2027, "Index Cond": "(movie_id = mk.movie_id)", "Rows Removed by Index Recheck": 0, "Filter": "((note)::text = ANY ('{(writer),\"(head writer)\",\"(written by)\",(story),\"(story editor)\"}'::text[]))", "Rows Removed by Filter": 137}]}, {"Node Type": "Index Scan", "Parent Relationship": "Inner", "Parallel Aware": false, "Async Capable": false, "Scan Direction": "Forward", "Index Name": "name_pkey", "Relation Name": "name", "Alias": "n", "Startup Cost": 0.43, "Total Cost": 1.09, "Plan Rows": 1, "Plan Width": 19, "Actual Startup Time": 0.006, "Actual Total Time": 0.006, "Actual Rows": 1, "Actual Loops": 1741, "Index Cond": "(id = ci.person_id)", "Rows Removed by Index Recheck": 0, "Filter": "((gender)::text = 'm'::text)", "Rows Removed by Filter": 0}]}, {"Node Type": "Index Scan", "Parent Relationship": "Inner", "Parallel Aware": false, "Async Capable": false, "Scan Direction": "Forward", "Index Name": "movie_id_movie_info_idx", "Relation Name": "movie_info_idx", "Alias": "mi_idx", "Startup Cost": 0.43, "Total Cost": 0.77, "Plan Rows": 3, "Plan Width": 14, "Actual Startup Time": 0.004, "Actual Total Time": 0.004, "Actual Rows": 3, "Actual Loops": 1238, "Index Cond": "(movie_id = mk.movie_id)", "Rows Removed by Index Recheck": 0}]}, {"Node Type": "Index Scan", "Parent Relationship": "Inner", "Parallel Aware": false, "Async Capable": false, "Scan Direction": "Forward", "Index Name": "info_type_pkey", "Relation Name": "info_type", "Alias": "it2", "Startup Cost": 0.14, "Total Cost": 0.16, "Plan Rows": 1, "Plan Width": 4, "Actual Startup Time": 0.001, "Actual Total Time": 0.001, "Actual Rows": 0, "Actual Loops": 3761, "Index Cond": "(id = mi_idx.info_type_id)", "Rows Removed by Index Recheck": 0, "Filter": "((info)::text = 'votes'::text)", "Rows Removed by Filter": 1}]}, {"Node Type": "Index Scan", "Parent Relationship": "Inner", "Parallel Aware": false, "Async Capable": false, "Scan Direction": "Forward", "Index Name": "movie_id_movie_info", "Relation Name": "movie_info", "Alias": "mi", "Startup Cost": 0.43, "Total Cost": 12.18, "Plan Rows": 1, "Plan Width": 49, "Actual Startup Time": 0.072, "Actual Total Time": 0.072, "Actual Rows": 1, "Actual Loops": 1235, "Index Cond": "(movie_id = mk.movie_id)", "Rows Removed by Index Recheck": 0, "Filter": "((info)::text = ANY ('{Horror,Thriller}'::text[]))", "Rows Removed by Filter": 238}]}, {"Node Type": "Index Scan", "Parent Relationship": "Inner", "Parallel Aware": false, "Async Capable": false, "Scan Direction": "Forward", "Index Name": "info_type_pkey", "Relation Name": "info_type", "Alias": "it1", "Startup Cost": 0.14, "Total Cost": 0.16, "Plan Rows": 1, "Plan Width": 4, "Actual Startup Time": 0.001, "Actual Total Time": 0.001, "Actual Rows": 1, "Actual Loops": 757, "Index Cond": "(id = mi.info_type_id)", "Rows Removed by Index Recheck": 0, "Filter": "((info)::text = 'genres'::text)", "Rows Removed by Filter": 0}]}]}, "Planning Time": 50.936, "Triggers": [], "Execution Time": 1157.718}