{"Plan": {"Node Type": "Aggregate", "Strategy": "Plain", "Partial Mode": "Simple", "Parallel Aware": false, "Async Capable": false, "Startup Cost": 11399.98, "Total Cost": 11399.99, "Plan Rows": 1, "Plan Width": 128, "Actual Startup Time": 3531.751, "Actual Total Time": 3531.76, "Actual Rows": 1, "Actual Loops": 1, "Plans": [{"Node Type": "Nested Loop", "Parent Relationship": "Outer", "Parallel Aware": false, "Async Capable": false, "Join Type": "Inner", "Startup Cost": 9.79, "Total Cost": 11399.97, "Plan Rows": 1, "Plan Width": 79, "Actual Startup Time": 34.508, "Actual Total Time": 3529.377, "Actual Rows": 2825, "Actual Loops": 1, "Inner Unique": true, "Join Filter": "(mi.movie_id = t.id)", "Rows Removed by Join Filter": 0, "Plans": [{"Node Type": "Nested Loop", "Parent Relationship": "Outer", "Parallel Aware": false, "Async Capable": false, "Join Type": "Inner", "Startup Cost": 9.36, "Total Cost": 11398.83, "Plan Rows": 1, "Plan Width": 82, "Actual Startup Time": 34.478, "Actual Total Time": 3519.412, "Actual Rows": 2825, "Actual Loops": 1, "Inner Unique": true, "Plans": [{"Node Type": "Nested Loop", "Parent Relationship": "Outer", "Parallel Aware": false, "Async Capable": false, "Join Type": "Inner", "Startup Cost": 8.93, "Total Cost": 11397.48, "Plan Rows": 1, "Plan Width": 71, "Actual Startup Time": 34.451, "Actual Total Time": 3505.825, "Actual Rows": 2825, "Actual Loops": 1, "Inner Unique": true, "Join Filter": "(mi.info_type_id = it1.id)", "Rows Removed by Join Filter": 182, "Plans": [{"Node Type": "Nested Loop", "Parent Relationship": "Outer", "Parallel Aware": false, "Async Capable": false, "Join Type": "Inner", "Startup Cost": 8.93, "Total Cost": 11395.06, "Plan Rows": 1, "Plan Width": 75, "Actual Startup Time": 34.439, "Actual Total Time": 3495.123, "Actual Rows": 3007, "Actual Loops": 1, "Inner Unique": false, "Join Filter": "(mi_idx.movie_id = mi.movie_id)", "Rows Removed by Join Filter": 0, "Plans": [{"Node Type": "Nested Loop", "Parent Relationship": "Outer", "Parallel Aware": false, "Async Capable": false, "Join Type": "Inner", "Startup Cost": 8.5, "Total Cost": 11376.78, "Plan Rows": 1, "Plan Width": 26, "Actual Startup Time": 16.75, "Actual Total Time": 3387.568, "Actual Rows": 1471, "Actual Loops": 1, "Inner Unique": false, "Join Filter": "(mi_idx.movie_id = ci.movie_id)", "Rows Removed by Join Filter": 0, "Plans": [{"Node Type": "Nested Loop", "Parent Relationship": "Outer", "Parallel Aware": false, "Async Capable": false, "Join Type": "Inner", "Startup Cost": 8.06, "Total Cost": 11353.44, "Plan Rows": 1, "Plan Width": 18, "Actual Startup Time": 16.638, "Actual Total Time": 3032.373, "Actual Rows": 1547, "Actual Loops": 1, "Inner Unique": true, "Plans": [{"Node Type": "Nested Loop", "Parent Relationship": "Outer", "Parallel Aware": false, "Async Capable": false, "Join Type": "Inner", "Startup Cost": 7.64, "Total Cost": 11320.99, "Plan Rows": 33, "Plan Width": 22, "Actual Startup Time": 5.261, "Actual Total Time": 1178.63, "Actual Rows": 598256, "Actual Loops": 1, "Inner Unique": false, "Join Filter": "(mi_idx.movie_id = mc.movie_id)", "Rows Removed by Join Filter": 0, "Plans": [{"Node Type": "Nested Loop", "Parent Relationship": "Outer", "Parallel Aware": false, "Async Capable": false, "Join Type": "Inner", "Startup Cost": 7.21, "Total Cost": 11308.12, "Plan Rows": 6, "Plan Width": 14, "Actual Startup Time": 5.239, "Actual Total Time": 633.512, "Actual Rows": 63701, "Actual Loops": 1, "Inner Unique": false, "Join Filter": "(mi_idx.info_type_id = it2.id)", "Rows Removed by Join Filter": 127988, "Plans": [{"Node Type": "Seq Scan", "Parent Relationship": "Outer", "Parallel Aware": false, "Async Capable": false, "Relation Name": "info_type", "Alias": "it2", "Startup Cost": 0.0, "Total Cost": 2.41, "Plan Rows": 1, "Plan Width": 4, "Actual Startup Time": 0.017, "Actual Total Time": 0.023, "Actual Rows": 1, "Actual Loops": 1, "Filter": "((info)::text = 'votes'::text)", "Rows Removed by Filter": 112}, {"Node Type": "Nested Loop", "Parent Relationship": "Inner", "Parallel Aware": false, "Async Capable": false, "Join Type": "Inner", "Startup Cost": 7.21, "Total Cost": 11296.77, "Plan Rows": 715, "Plan Width": 18, "Actual Startup Time": 5.218, "Actual Total Time": 615.21, "Actual Rows": 191689, "Actual Loops": 1, "Inner Unique": false, "Plans": [{"Node Type": "Nested Loop", "Parent Relationship": "Outer", "Parallel Aware": false, "Async Capable": false, "Join Type": "Inner", "Startup Cost": 6.78, "Total Cost": 11041.25, "Plan Rows": 236, "Plan Width": 4, "Actual Startup Time": 5.194, "Actual Total Time": 294.0, "Actual Rows": 76714, "Actual Loops": 1, "Inner Unique": false, "Plans": [{"Node Type": "Seq Scan", "Parent Relationship": "Outer", "Parallel Aware": false, "Async Capable": false, "Relation Name": "keyword", "Alias": "k", "Startup Cost": 0.0, "Total Cost": 3464.69, "Plan Rows": 7, "Plan Width": 4, "Actual Startup Time": 1.077, "Actual Total Time": 26.324, "Actual Rows": 7, "Actual Loops": 1, "Filter": "((keyword)::text = ANY ('{murder,violence,blood,gore,death,female-nudity,hospital}'::text[]))", "Rows Removed by Filter": 134163}, {"Node Type": "Bitmap Heap Scan", "Parent Relationship": "Inner", "Parallel Aware": false, "Async Capable": false, "Relation Name": "movie_keyword", "Alias": "mk", "Startup Cost": 6.78, "Total Cost": 1079.34, "Plan Rows": 303, "Plan Width": 8, "Actual Startup Time": 2.602, "Actual Total Time": 36.896, "Actual Rows": 10959, "Actual Loops": 7, "Recheck Cond": "(keyword_id = k.id)", "Rows Removed by Index Recheck": 0, "Exact Heap Blocks": 53234, "Lossy Heap Blocks": 0, "Plans": [{"Node Type": "Bitmap Index Scan", "Parent Relationship": "Outer", "Parallel Aware": false, "Async Capable": false, "Index Name": "keyword_id_movie_keyword", "Startup Cost": 0.0, "Total Cost": 6.71, "Plan Rows": 303, "Plan Width": 0, "Actual Startup Time": 1.443, "Actual Total Time": 1.443, "Actual Rows": 10959, "Actual Loops": 7, "Index Cond": "(keyword_id = k.id)"}]}]}, {"Node Type": "Index Scan", "Parent Relationship": "Inner", "Parallel Aware": false, "Async Capable": false, "Scan Direction": "Forward", "Index Name": "movie_id_movie_info_idx", "Relation Name": "movie_info_idx", "Alias": "mi_idx", "Startup Cost": 0.43, "Total Cost": 1.05, "Plan Rows": 3, "Plan Width": 14, "Actual Startup Time": 0.003, "Actual Total Time": 0.004, "Actual Rows": 2, "Actual Loops": 76714, "Index Cond": "(movie_id = mk.movie_id)", "Rows Removed by Index Recheck": 0}]}]}, {"Node Type": "Index Scan", "Parent Relationship": "Inner", "Parallel Aware": false, "Async Capable": false, "Scan Direction": "Forward", "Index Name": "movie_id_movie_companies", "Relation Name": "movie_companies", "Alias": "mc", "Startup Cost": 0.43, "Total Cost": 2.08, "Plan Rows": 5, "Plan Width": 8, "Actual Startup Time": 0.004, "Actual Total Time": 0.007, "Actual Rows": 9, "Actual Loops": 63701, "Index Cond": "(movie_id = mk.movie_id)", "Rows Removed by Index Recheck": 0}]}, {"Node Type": "Index Scan", "Parent Relationship": "Inner", "Parallel Aware": false, "Async Capable": false, "Scan Direction": "Forward", "Index Name": "company_name_pkey", "Relation Name": "company_name", "Alias": "cn", "Startup Cost": 0.42, "Total Cost": 0.98, "Plan Rows": 1, "Plan Width": 4, "Actual Startup Time": 0.003, "Actual Total Time": 0.003, "Actual Rows": 0, "Actual Loops": 598256, "Index Cond": "(id = mc.company_id)", "Rows Removed by Index Recheck": 0, "Filter": "((name)::text ~~ 'Lionsgate%'::text)", "Rows Removed by Filter": 1}]}, {"Node Type": "Index Scan", "Parent Relationship": "Inner", "Parallel Aware": false, "Async Capable": false, "Scan Direction": "Forward", "Index Name": "movie_id_cast_info", "Relation Name": "cast_info", "Alias": "ci", "Startup Cost": 0.44, "Total Cost": 23.32, "Plan Rows": 1, "Plan Width": 8, "Actual Startup Time": 0.164, "Actual Total Time": 0.229, "Actual Rows": 1, "Actual Loops": 1547, "Index Cond": "(movie_id = mk.movie_id)", "Rows Removed by Index Recheck": 0, "Filter": "((note)::text = ANY ('{(writer),\"(head writer)\",\"(written by)\",(story),\"(story editor)\"}'::text[]))", "Rows Removed by Filter": 119}]}, {"Node Type": "Index Scan", "Parent Relationship": "Inner", "Parallel Aware": false, "Async Capable": false, "Scan Direction": "Forward", "Index Name": "movie_id_movie_info", "Relation Name": "movie_info", "Alias": "mi", "Startup Cost": 0.43, "Total Cost": 18.26, "Plan Rows": 1, "Plan Width": 49, "Actual Startup Time": 0.07, "Actual Total Time": 0.072, "Actual Rows": 2, "Actual Loops": 1471, "Index Cond": "(movie_id = mk.movie_id)", "Rows Removed by Index Recheck": 0, "Filter": "((info)::text = ANY ('{Horror,Action,Sci-Fi,Thriller,Crime,War}'::text[]))", "Rows Removed by Filter": 172}]}, {"Node Type": "Seq Scan", "Parent Relationship": "Inner", "Parallel Aware": false, "Async Capable": false, "Relation Name": "info_type", "Alias": "it1", "Startup Cost": 0.0, "Total Cost": 2.41, "Plan Rows": 1, "Plan Width": 4, "Actual Startup Time": 0.002, "Actual Total Time": 0.003, "Actual Rows": 1, "Actual Loops": 3007, "Filter": "((info)::text = 'genres'::text)", "Rows Removed by Filter": 9}]}, {"Node Type": "Index Scan", "Parent Relationship": "Inner", "Parallel Aware": false, "Async Capable": false, "Scan Direction": "Forward", "Index Name": "name_pkey", "Relation Name": "name", "Alias": "n", "Startup Cost": 0.43, "Total Cost": 1.35, "Plan Rows": 1, "Plan Width": 19, "Actual Startup Time": 0.004, "Actual Total Time": 0.004, "Actual Rows": 1, "Actual Loops": 2825, "Index Cond": "(id = ci.person_id)", "Rows Removed by Index Recheck": 0}]}, {"Node Type": "Index Scan", "Parent Relationship": "Inner", "Parallel Aware": false, "Async Capable": false, "Scan Direction": "Forward", "Index Name": "title_pkey", "Relation Name": "title", "Alias": "t", "Startup Cost": 0.43, "Total Cost": 1.13, "Plan Rows": 1, "Plan Width": 21, "Actual Startup Time": 0.003, "Actual Total Time": 0.003, "Actual Rows": 1, "Actual Loops": 2825, "Index Cond": "(id = mk.movie_id)", "Rows Removed by Index Recheck": 0}]}]}, "Planning Time": 58.603, "Triggers": [], "Execution Time": 3532.086}