{"Plan": {"Node Type": "Aggregate", "Strategy": "Plain", "Partial Mode": "Simple", "Parallel Aware": false, "Async Capable": false, "Startup Cost": 1689.68, "Total Cost": 1689.69, "Plan Rows": 1, "Plan Width": 192, "Actual Startup Time": 190.22, "Actual Total Time": 190.224, "Actual Rows": 1, "Actual Loops": 1, "Plans": [{"Node Type": "Nested Loop", "Parent Relationship": "Outer", "Parallel Aware": false, "Async Capable": false, "Join Type": "Inner", "Startup Cost": 23.76, "Total Cost": 1689.66, "Plan Rows": 1, "Plan Width": 84, "Actual Startup Time": 24.718, "Actual Total Time": 190.099, "Actual Rows": 114, "Actual Loops": 1, "Inner Unique": false, "Join Filter": "((t2.id = mi_idx2.movie_id) AND (it2.id = mi_idx2.info_type_id))", "Rows Removed by Join Filter": 20020, "Plans": [{"Node Type": "Nested Loop", "Parent Relationship": "Outer", "Parallel Aware": false, "Async Capable": false, "Join Type": "Inner", "Startup Cost": 23.33, "Total Cost": 1689.13, "Plan Rows": 1, "Plan Width": 94, "Actual Startup Time": 1.176, "Actual Total Time": 150.971, "Actual Rows": 15007, "Actual Loops": 1, "Inner Unique": true, "Plans": [{"Node Type": "Nested Loop", "Parent Relationship": "Outer", "Parallel Aware": false, "Async Capable": false, "Join Type": "Inner", "Startup Cost": 23.18, "Total Cost": 1688.95, "Plan Rows": 1, "Plan Width": 98, "Actual Startup Time": 1.168, "Actual Total Time": 134.22, "Actual Rows": 15007, "Actual Loops": 1, "Inner Unique": true, "Join Filter": "(ml.movie_id = t1.id)", "Rows Removed by Join Filter": 0, "Plans": [{"Node Type": "Nested Loop", "Parent Relationship": "Outer", "Parallel Aware": false, "Async Capable": false, "Join Type": "Inner", "Startup Cost": 22.75, "Total Cost": 1688.42, "Plan Rows": 1, "Plan Width": 89, "Actual Startup Time": 1.149, "Actual Total Time": 106.58, "Actual Rows": 15007, "Actual Loops": 1, "Inner Unique": true, "Plans": [{"Node Type": "Nested Loop", "Parent Relationship": "Outer", "Parallel Aware": false, "Async Capable": false, "Join Type": "Inner", "Startup Cost": 22.33, "Total Cost": 1687.98, "Plan Rows": 1, "Plan Width": 74, "Actual Startup Time": 1.132, "Actual Total Time": 78.136, "Actual Rows": 15007, "Actual Loops": 1, "Inner Unique": false, "Plans": [{"Node Type": "Nested Loop", "Parent Relationship": "Outer", "Parallel Aware": false, "Async Capable": false, "Join Type": "Inner", "Startup Cost": 21.9, "Total Cost": 1687.32, "Plan Rows": 1, "Plan Width": 66, "Actual Startup Time": 1.114, "Actual Total Time": 66.691, "Actual Rows": 2996, "Actual Loops": 1, "Inner Unique": true, "Plans": [{"Node Type": "Nested Loop", "Parent Relationship": "Outer", "Parallel Aware": false, "Async Capable": false, "Join Type": "Inner", "Startup Cost": 21.75, "Total Cost": 1684.94, "Plan Rows": 14, "Plan Width": 70, "Actual Startup Time": 0.348, "Actual Total Time": 62.443, "Actual Rows": 3519, "Actual Loops": 1, "Inner Unique": true, "Plans": [{"Node Type": "Nested Loop", "Parent Relationship": "Outer", "Parallel Aware": false, "Async Capable": false, "Join Type": "Inner", "Startup Cost": 21.32, "Total Cost": 1532.73, "Plan Rows": 34, "Plan Width": 45, "Actual Startup Time": 0.177, "Actual Total Time": 43.931, "Actual Rows": 7279, "Actual Loops": 1, "Inner Unique": false, "Plans": [{"Node Type": "Index Scan", "Parent Relationship": "Outer", "Parallel Aware": false, "Async Capable": false, "Scan Direction": "Forward", "Index Name": "info_type_pkey", "Relation Name": "info_type", "Alias": "it2", "Startup Cost": 0.14, "Total Cost": 14.12, "Plan Rows": 1, "Plan Width": 4, "Actual Startup Time": 0.033, "Actual Total Time": 0.036, "Actual Rows": 1, "Actual Loops": 1, "Filter": "((info)::text = 'rating'::text)", "Rows Removed by Filter": 112}, {"Node Type": "Nested Loop", "Parent Relationship": "Inner", "Parallel Aware": false, "Async Capable": false, "Join Type": "Inner", "Startup Cost": 21.18, "Total Cost": 1518.27, "Plan Rows": 34, "Plan Width": 41, "Actual Startup Time": 0.141, "Actual Total Time": 43.06, "Actual Rows": 7279, "Actual Loops": 1, "Inner Unique": true, "Plans": [{"Node Type": "Nested Loop", "Parent Relationship": "Outer", "Parallel Aware": false, "Async Capable": false, "Join Type": "Inner", "Startup Cost": 20.76, "Total Cost": 1490.62, "Plan Rows": 62, "Plan Width": 26, "Actual Startup Time": 0.122, "Actual Total Time": 21.677, "Actual Rows": 9674, "Actual Loops": 1, "Inner Unique": false, "Join Filter": "(ml.movie_id = mc1.movie_id)", "Rows Removed by Join Filter": 0, "Plans": [{"Node Type": "Nested Loop", "Parent Relationship": "Outer", "Parallel Aware": false, "Async Capable": false, "Join Type": "Inner", "Startup Cost": 20.33, "Total Cost": 1482.83, "Plan Rows": 12, "Plan Width": 18, "Actual Startup Time": 0.104, "Actual Total Time": 12.779, "Actual Rows": 2064, "Actual Loops": 1, "Inner Unique": false, "Join Filter": "(mi_idx1.info_type_id = it1.id)", "Rows Removed by Join Filter": 4128, "Plans": [{"Node Type": "Seq Scan", "Parent Relationship": "Outer", "Parallel Aware": false, "Async Capable": false, "Relation Name": "info_type", "Alias": "it1", "Startup Cost": 0.0, "Total Cost": 2.41, "Plan Rows": 1, "Plan Width": 4, "Actual Startup Time": 0.013, "Actual Total Time": 0.015, "Actual Rows": 1, "Actual Loops": 1, "Filter": "((info)::text = 'rating'::text)", "Rows Removed by Filter": 112}, {"Node Type": "Nested Loop", "Parent Relationship": "Inner", "Parallel Aware": false, "Async Capable": false, "Join Type": "Inner", "Startup Cost": 20.33, "Total Cost": 1462.82, "Plan Rows": 1408, "Plan Width": 22, "Actual Startup Time": 0.086, "Actual Total Time": 12.197, "Actual Rows": 6192, "Actual Loops": 1, "Inner Unique": false, "Plans": [{"Node Type": "Hash Join", "Parent Relationship": "Outer", "Parallel Aware": false, "Async Capable": false, "Join Type": "Inner", "Startup Cost": 19.9, "Total Cost": 562.08, "Plan Rows": 465, "Plan Width": 8, "Actual Startup Time": 0.065, "Actual Total Time": 5.484, "Actual Rows": 2315, "Actual Loops": 1, "Inner Unique": true, "Hash Cond": "(ml.link_type_id = lt.id)", "Plans": [{"Node Type": "Seq Scan", "Parent Relationship": "Outer", "Parallel Aware": false, "Async Capable": false, "Relation Name": "movie_link", "Alias": "ml", "Startup Cost": 0.0, "Total Cost": 462.97, "Plan Rows": 29997, "Plan Width": 12, "Actual Startup Time": 0.012, "Actual Total Time": 2.382, "Actual Rows": 29997, "Actual Loops": 1}, {"Node Type": "Hash", "Parent Relationship": "Inner", "Parallel Aware": false, "Async Capable": false, "Startup Cost": 19.76, "Total Cost": 19.76, "Plan Rows": 11, "Plan Width": 4, "Actual Startup Time": 0.019, "Actual Total Time": 0.019, "Actual Rows": 2, "Actual Loops": 1, "Hash Buckets": 1024, "Original Hash Buckets": 1024, "Hash Batches": 1, "Original Hash Batches": 1, "Peak Memory Usage": 9, "Plans": [{"Node Type": "Seq Scan", "Parent Relationship": "Outer", "Parallel Aware": false, "Async Capable": false, "Relation Name": "link_type", "Alias": "lt", "Startup Cost": 0.0, "Total Cost": 19.76, "Plan Rows": 11, "Plan Width": 4, "Actual Startup Time": 0.01, "Actual Total Time": 0.013, "Actual Rows": 2, "Actual Loops": 1, "Filter": "((link)::text = ANY ('{sequel,follows,\"followed by\"}'::text[]))", "Rows Removed by Filter": 16}]}]}, {"Node Type": "Index Scan", "Parent Relationship": "Inner", "Parallel Aware": false, "Async Capable": false, "Scan Direction": "Forward", "Index Name": "movie_id_movie_info_idx", "Relation Name": "movie_info_idx", "Alias": "mi_idx1", "Startup Cost": 0.43, "Total Cost": 1.91, "Plan Rows": 3, "Plan Width": 14, "Actual Startup Time": 0.002, "Actual Total Time": 0.002, "Actual Rows": 3, "Actual Loops": 2315, "Index Cond": "(movie_id = ml.movie_id)", "Rows Removed by Index Recheck": 0}]}]}, {"Node Type": "Index Scan", "Parent Relationship": "Inner", "Parallel Aware": false, "Async Capable": false, "Scan Direction": "Forward", "Index Name": "movie_id_movie_companies", "Relation Name": "movie_companies", "Alias": "mc1", "Startup Cost": 0.43, "Total Cost": 0.59, "Plan Rows": 5, "Plan Width": 8, "Actual Startup Time": 0.002, "Actual Total Time": 0.003, "Actual Rows": 5, "Actual Loops": 2064, "Index Cond": "(movie_id = mi_idx1.movie_id)", "Rows Removed by Index Recheck": 0}]}, {"Node Type": "Index Scan", "Parent Relationship": "Inner", "Parallel Aware": false, "Async Capable": false, "Scan Direction": "Forward", "Index Name": "company_name_pkey", "Relation Name": "company_name", "Alias": "cn1", "Startup Cost": 0.42, "Total Cost": 0.45, "Plan Rows": 1, "Plan Width": 23, "Actual Startup Time": 0.002, "Actual Total Time": 0.002, "Actual Rows": 1, "Actual Loops": 9674, "Index Cond": "(id = mc1.company_id)", "Rows Removed by Index Recheck": 0, "Filter": "((country_code)::text <> '[us]'::text)", "Rows Removed by Filter": 0}]}]}, {"Node Type": "Index Scan", "Parent Relationship": "Inner", "Parallel Aware": false, "Async Capable": false, "Scan Direction": "Forward", "Index Name": "title_pkey", "Relation Name": "title", "Alias": "t2", "Startup Cost": 0.43, "Total Cost": 4.48, "Plan Rows": 1, "Plan Width": 25, "Actual Startup Time": 0.002, "Actual Total Time": 0.002, "Actual Rows": 0, "Actual Loops": 7279, "Index Cond": "(id = ml.linked_movie_id)", "Rows Removed by Index Recheck": 0, "Filter": "((production_year >= 2000) AND (production_year <= 2010))", "Rows Removed by Filter": 1}]}, {"Node Type": "Index Scan", "Parent Relationship": "Inner", "Parallel Aware": false, "Async Capable": false, "Scan Direction": "Forward", "Index Name": "kind_type_pkey", "Relation Name": "kind_type", "Alias": "kt2", "Startup Cost": 0.15, "Total Cost": 0.17, "Plan Rows": 1, "Plan Width": 4, "Actual Startup Time": 0.001, "Actual Total Time": 0.001, "Actual Rows": 1, "Actual Loops": 3519, "Index Cond": "(id = t2.kind_id)", "Rows Removed by Index Recheck": 0, "Filter": "((kind)::text = ANY ('{\"tv series\",episode}'::text[]))", "Rows Removed by Filter": 0}]}, {"Node Type": "Index Scan", "Parent Relationship": "Inner", "Parallel Aware": false, "Async Capable": false, "Scan Direction": "Forward", "Index Name": "movie_id_movie_companies", "Relation Name": "movie_companies", "Alias": "mc2", "Startup Cost": 0.43, "Total Cost": 0.61, "Plan Rows": 5, "Plan Width": 8, "Actual Startup Time": 0.002, "Actual Total Time": 0.003, "Actual Rows": 5, "Actual Loops": 2996, "Index Cond": "(movie_id = t2.id)", "Rows Removed by Index Recheck": 0}]}, {"Node Type": "Index Scan", "Parent Relationship": "Inner", "Parallel Aware": false, "Async Capable": false, "Scan Direction": "Forward", "Index Name": "company_name_pkey", "Relation Name": "company_name", "Alias": "cn2", "Startup Cost": 0.42, "Total Cost": 0.44, "Plan Rows": 1, "Plan Width": 23, "Actual Startup Time": 0.002, "Actual Total Time": 0.002, "Actual Rows": 1, "Actual Loops": 15007, "Index Cond": "(id = mc2.company_id)", "Rows Removed by Index Recheck": 0}]}, {"Node Type": "Index Scan", "Parent Relationship": "Inner", "Parallel Aware": false, "Async Capable": false, "Scan Direction": "Forward", "Index Name": "title_pkey", "Relation Name": "title", "Alias": "t1", "Startup Cost": 0.43, "Total Cost": 0.52, "Plan Rows": 1, "Plan Width": 25, "Actual Startup Time": 0.001, "Actual Total Time": 0.001, "Actual Rows": 1, "Actual Loops": 15007, "Index Cond": "(id = mc1.movie_id)", "Rows Removed by Index Recheck": 0}]}, {"Node Type": "Index Scan", "Parent Relationship": "Inner", "Parallel Aware": false, "Async Capable": false, "Scan Direction": "Forward", "Index Name": "kind_type_pkey", "Relation Name": "kind_type", "Alias": "kt1", "Startup Cost": 0.15, "Total Cost": 0.17, "Plan Rows": 1, "Plan Width": 4, "Actual Startup Time": 0.001, "Actual Total Time": 0.001, "Actual Rows": 1, "Actual Loops": 15007, "Index Cond": "(id = t1.kind_id)", "Rows Removed by Index Recheck": 0, "Filter": "((kind)::text = ANY ('{\"tv series\",episode}'::text[]))", "Rows Removed by Filter": 0}]}, {"Node Type": "Index Scan", "Parent Relationship": "Inner", "Parallel Aware": false, "Async Capable": false, "Scan Direction": "Forward", "Index Name": "movie_id_movie_info_idx", "Relation Name": "movie_info_idx", "Alias": "mi_idx2", "Startup Cost": 0.43, "Total Cost": 0.5, "Plan Rows": 2, "Plan Width": 14, "Actual Startup Time": 0.002, "Actual Total Time": 0.002, "Actual Rows": 1, "Actual Loops": 15007, "Index Cond": "(movie_id = mc2.movie_id)", "Rows Removed by Index Recheck": 0, "Filter": "((info)::text < '3.5'::text)", "Rows Removed by Filter": 2}]}]}, "Planning Time": 102.895, "Triggers": [], "Execution Time": 190.584}