{
  "Plan": {
    "Node Type": "Nested Loop",
    "Parent Relationship": "Outer",
    "Parallel Aware": false,
    "Join Type": "Inner",
    "Startup Cost": 47442.02,
    "Total Cost": 490941.85,
    "Plan Rows": 2133,
    "Plan Width": 16,
    "Actual Startup Time": 5818.966,
    "Actual Total Time": 6476.273,
    "Actual Rows": 95179,
    "Actual Loops": 3,
    "Inner Unique": true,
    "Plans": [
      {
        "Node Type": "Hash Join",
        "Parent Relationship": "Outer",
        "Parallel Aware": true,
        "Join Type": "Inner",
        "Startup Cost": 47441.59,
        "Total Cost": 489970.56,
        "Plan Rows": 2133,
        "Plan Width": 12,
        "Actual Startup Time": 5818.858,
        "Actual Total Time": 5989.336,
        "Actual Rows": 95179,
        "Actual Loops": 3,
        "Inner Unique": false,
        "Hash Cond": "(ci.movie_id = mc.movie_id)",
        "Plans": [
          {
            "Node Type": "Hash Join",
            "Parent Relationship": "Outer",
            "Parallel Aware": false,
            "Join Type": "Inner",
            "Startup Cost": 18.93,
            "Total Cost": 442222.27,
            "Plan Rows": 84460,
            "Plan Width": 8,
            "Actual Startup Time": 3510.8,
            "Actual Total Time": 4969.405,
            "Actual Rows": 92134,
            "Actual Loops": 3,
            "Inner Unique": true,
            "Hash Cond": "(ci.role_id = rt.id)",
            "Plans": [
              {
                "Node Type": "Seq Scan",
                "Parent Relationship": "Outer",
                "Parallel Aware": true,
                "Relation Name": "cast_info",
                "Alias": "ci",
                "Startup Cost": 0.0,
                "Total Cost": 402615.6,
                "Plan Rows": 14991560,
                "Plan Width": 12,
                "Actual Startup Time": 0.047,
                "Actual Total Time": 2161.923,
                "Actual Rows": 12081448,
                "Actual Loops": 3
              },
              {
                "Node Type": "Hash",
                "Parent Relationship": "Inner",
                "Parallel Aware": false,
                "Startup Cost": 18.88,
                "Total Cost": 18.88,
                "Plan Rows": 4,
                "Plan Width": 4,
                "Actual Startup Time": 0.031,
                "Actual Total Time": 0.032,
                "Actual Rows": 1,
                "Actual Loops": 3,
                "Hash Buckets": 1024,
                "Original Hash Buckets": 1024,
                "Hash Batches": 1,
                "Original Hash Batches": 1,
                "Peak Memory Usage": 9,
                "Plans": [
                  {
                    "Node Type": "Seq Scan",
                    "Parent Relationship": "Outer",
                    "Parallel Aware": false,
                    "Relation Name": "role_type",
                    "Alias": "rt",
                    "Startup Cost": 0.0,
                    "Total Cost": 18.88,
                    "Plan Rows": 4,
                    "Plan Width": 4,
                    "Actual Startup Time": 0.024,
                    "Actual Total Time": 0.026,
                    "Actual Rows": 1,
                    "Actual Loops": 3,
                    "Filter": "((role)::text = 'costume designer'::text)",
                    "Rows Removed by Filter": 11
                  }
                ]
              }
            ]
          },
          {
            "Node Type": "Hash",
            "Parent Relationship": "Inner",
            "Parallel Aware": true,
            "Startup Cost": 47354.72,
            "Total Cost": 47354.72,
            "Plan Rows": 5436,
            "Plan Width": 4,
            "Actual Startup Time": 807.557,
            "Actual Total Time": 807.566,
            "Actual Rows": 384599,
            "Actual Loops": 3,
            "Hash Buckets": 131072,
            "Original Hash Buckets": 16384,
            "Hash Batches": 16,
            "Original Hash Batches": 1,
            "Peak Memory Usage": 3904,
            "Plans": [
              {
                "Node Type": "Hash Join",
                "Parent Relationship": "Outer",
                "Parallel Aware": true,
                "Join Type": "Inner",
                "Startup Cost": 4748.56,
                "Total Cost": 47354.72,
                "Plan Rows": 5436,
                "Plan Width": 4,
                "Actual Startup Time": 55.556,
                "Actual Total Time": 597.695,
                "Actual Rows": 384599,
                "Actual Loops": 3,
                "Inner Unique": true,
                "Hash Cond": "(mc.company_id = cn.id)",
                "Plans": [
                  {
                    "Node Type": "Seq Scan",
                    "Parent Relationship": "Outer",
                    "Parallel Aware": true,
                    "Relation Name": "movie_companies",
                    "Alias": "mc",
                    "Startup Cost": 0.0,
                    "Total Cost": 39752.37,
                    "Plan Rows": 1087137,
                    "Plan Width": 8,
                    "Actual Startup Time": 0.041,
                    "Actual Total Time": 189.252,
                    "Actual Rows": 869710,
                    "Actual Loops": 3
                  },
                  {
                    "Node Type": "Hash",
                    "Parent Relationship": "Inner",
                    "Parallel Aware": true,
                    "Startup Cost": 4739.92,
                    "Total Cost": 4739.92,
                    "Plan Rows": 691,
                    "Plan Width": 4,
                    "Actual Startup Time": 55.44,
                    "Actual Total Time": 55.44,
                    "Actual Rows": 28281,
                    "Actual Loops": 3,
                    "Hash Buckets": 131072,
                    "Original Hash Buckets": 2048,
                    "Hash Batches": 1,
                    "Original Hash Batches": 1,
                    "Peak Memory Usage": 5424,
                    "Plans": [
                      {
                        "Node Type": "Seq Scan",
                        "Parent Relationship": "Outer",
                        "Parallel Aware": true,
                        "Relation Name": "company_name",
                        "Alias": "cn",
                        "Startup Cost": 0.0,
                        "Total Cost": 4739.92,
                        "Plan Rows": 691,
                        "Plan Width": 4,
                        "Actual Startup Time": 0.049,
                        "Actual Total Time": 34.735,
                        "Actual Rows": 28281,
                        "Actual Loops": 3,
                        "Filter": "((country_code)::text = '[us]'::text)",
                        "Rows Removed by Filter": 50051
                      }
                    ]
                  }
                ]
              }
            ]
          }
        ]
      },
      {
        "Node Type": "Index Only Scan",
        "Parent Relationship": "Inner",
        "Parallel Aware": false,
        "Scan Direction": "Forward",
        "Index Name": "name_pkey",
        "Relation Name": "name",
        "Alias": "n1",
        "Startup Cost": 0.43,
        "Total Cost": 0.46,
        "Plan Rows": 1,
        "Plan Width": 4,
        "Actual Startup Time": 0.004,
        "Actual Total Time": 0.004,
        "Actual Rows": 1,
        "Actual Loops": 285538,
        "Index Cond": "(id = ci.person_id)",
        "Rows Removed by Index Recheck": 0,
        "Heap Fetches": 285538
      }
    ]
  }
}