{
  "Plan": {
    "Node Type": "Hash Join",
    "Parent Relationship": "Outer",
    "Parallel Aware": true,
    "Join Type": "Inner",
    "Startup Cost": 48397.6,
    "Total Cost": 488692.46,
    "Plan Rows": 74,
    "Plan Width": 20,
    "Actual Startup Time": 1094.828,
    "Actual Total Time": 3094.527,
    "Actual Rows": 9700,
    "Actual Loops": 3,
    "Inner Unique": false,
    "Hash Cond": "(ci.movie_id = mc.movie_id)",
    "Plans": [
      {
        "Node Type": "Hash Join",
        "Parent Relationship": "Outer",
        "Parallel Aware": false,
        "Join Type": "Inner",
        "Startup Cost": 18.93,
        "Total Cost": 440311.37,
        "Plan Rows": 422,
        "Plan Width": 12,
        "Actual Startup Time": 713.193,
        "Actual Total Time": 2675.36,
        "Actual Rows": 74229,
        "Actual Loops": 3,
        "Inner Unique": true,
        "Hash Cond": "(ci.role_id = rt.id)",
        "Plans": [
          {
            "Node Type": "Seq Scan",
            "Parent Relationship": "Outer",
            "Parallel Aware": true,
            "Relation Name": "cast_info",
            "Alias": "ci",
            "Startup Cost": 0.0,
            "Total Cost": 440094.5,
            "Plan Rows": 74958,
            "Plan Width": 16,
            "Actual Startup Time": 0.123,
            "Actual Total Time": 2614.876,
            "Actual Rows": 237943,
            "Actual Loops": 3,
            "Filter": "((note)::text = '(voice)'::text)",
            "Rows Removed by Filter": 11843505
          },
          {
            "Node Type": "Hash",
            "Parent Relationship": "Inner",
            "Parallel Aware": false,
            "Startup Cost": 18.88,
            "Total Cost": 18.88,
            "Plan Rows": 4,
            "Plan Width": 4,
            "Actual Startup Time": 0.033,
            "Actual Total Time": 0.034,
            "Actual Rows": 1,
            "Actual Loops": 3,
            "Hash Buckets": 1024,
            "Original Hash Buckets": 1024,
            "Hash Batches": 1,
            "Original Hash Batches": 1,
            "Peak Memory Usage": 9,
            "Plans": [
              {
                "Node Type": "Seq Scan",
                "Parent Relationship": "Outer",
                "Parallel Aware": false,
                "Relation Name": "role_type",
                "Alias": "rt",
                "Startup Cost": 0.0,
                "Total Cost": 18.88,
                "Plan Rows": 4,
                "Plan Width": 4,
                "Actual Startup Time": 0.021,
                "Actual Total Time": 0.024,
                "Actual Rows": 1,
                "Actual Loops": 3,
                "Filter": "((role)::text = 'actress'::text)",
                "Rows Removed by Filter": 11
              }
            ]
          }
        ]
      },
      {
        "Node Type": "Hash",
        "Parent Relationship": "Inner",
        "Parallel Aware": true,
        "Startup Cost": 47905.9,
        "Total Cost": 47905.9,
        "Plan Rows": 37822,
        "Plan Width": 8,
        "Actual Startup Time": 380.897,
        "Actual Total Time": 380.899,
        "Actual Rows": 66173,
        "Actual Loops": 3,
        "Hash Buckets": 262144,
        "Original Hash Buckets": 131072,
        "Hash Batches": 1,
        "Original Hash Batches": 1,
        "Peak Memory Usage": 10880,
        "Plans": [
          {
            "Node Type": "Seq Scan",
            "Parent Relationship": "Outer",
            "Parallel Aware": true,
            "Relation Name": "movie_companies",
            "Alias": "mc",
            "Startup Cost": 0.0,
            "Total Cost": 47905.9,
            "Plan Rows": 37822,
            "Plan Width": 8,
            "Actual Startup Time": 0.112,
            "Actual Total Time": 345.673,
            "Actual Rows": 66173,
            "Actual Loops": 3,
            "Filter": "(((note)::text ~~ '%(200%)%'::text) AND (((note)::text ~~ '%(USA)%'::text) OR ((note)::text ~~ '%(worldwide)%'::text)))",
            "Rows Removed by Filter": 803537
          }
        ]
      }
    ]
  }
}