{
  "Plan": {
    "Node Type": "Nested Loop",
    "Parent Relationship": "Outer",
    "Parallel Aware": false,
    "Join Type": "Inner",
    "Startup Cost": 526437.84,
    "Total Cost": 543024.61,
    "Plan Rows": 1,
    "Plan Width": 65,
    "Actual Startup Time": 4426.302,
    "Actual Total Time": 4508.211,
    "Actual Rows": 121,
    "Actual Loops": 1,
    "Inner Unique": true,
    "Plans": [
      {
        "Node Type": "Nested Loop",
        "Parent Relationship": "Outer",
        "Parallel Aware": false,
        "Join Type": "Inner",
        "Startup Cost": 526437.41,
        "Total Cost": 543023.91,
        "Plan Rows": 1,
        "Plan Width": 56,
        "Actual Startup Time": 4426.237,
        "Actual Total Time": 4504.49,
        "Actual Rows": 341,
        "Actual Loops": 1,
        "Inner Unique": true,
        "Plans": [
          {
            "Node Type": "Gather",
            "Parent Relationship": "Outer",
            "Parallel Aware": false,
            "Startup Cost": 526436.98,
            "Total Cost": 543023.19,
            "Plan Rows": 1,
            "Plan Width": 28,
            "Actual Startup Time": 4426.092,
            "Actual Total Time": 4501.185,
            "Actual Rows": 359,
            "Actual Loops": 1,
            "Workers Planned": 2,
            "Workers Launched": 2,
            "Single Copy": false,
            "Plans": [
              {
                "Node Type": "Hash Join",
                "Parent Relationship": "Outer",
                "Parallel Aware": true,
                "Join Type": "Inner",
                "Startup Cost": 525436.98,
                "Total Cost": 542023.09,
                "Plan Rows": 1,
                "Plan Width": 28,
                "Actual Startup Time": 4382.976,
                "Actual Total Time": 4492.623,
                "Actual Rows": 120,
                "Actual Loops": 3,
                "Inner Unique": false,
                "Hash Cond": "(an.person_id = n.id)",
                "Plans": [
                  {
                    "Node Type": "Seq Scan",
                    "Parent Relationship": "Outer",
                    "Parallel Aware": true,
                    "Relation Name": "aka_name",
                    "Alias": "an",
                    "Startup Cost": 0.0,
                    "Total Cost": 15175.53,
                    "Plan Rows": 376153,
                    "Plan Width": 20,
                    "Actual Startup Time": 0.059,
                    "Actual Total Time": 70.864,
                    "Actual Rows": 300448,
                    "Actual Loops": 3
                  },
                  {
                    "Node Type": "Hash",
                    "Parent Relationship": "Inner",
                    "Parallel Aware": true,
                    "Startup Cost": 525436.97,
                    "Total Cost": 525436.97,
                    "Plan Rows": 1,
                    "Plan Width": 20,
                    "Actual Startup Time": 4361.053,
                    "Actual Total Time": 4361.079,
                    "Actual Rows": 110,
                    "Actual Loops": 3,
                    "Hash Buckets": 1024,
                    "Original Hash Buckets": 1024,
                    "Hash Batches": 1,
                    "Original Hash Batches": 1,
                    "Peak Memory Usage": 104,
                    "Plans": [
                      {
                        "Node Type": "Nested Loop",
                        "Parent Relationship": "Outer",
                        "Parallel Aware": false,
                        "Join Type": "Inner",
                        "Startup Cost": 479812.96,
                        "Total Cost": 525436.97,
                        "Plan Rows": 1,
                        "Plan Width": 20,
                        "Actual Startup Time": 3961.275,
                        "Actual Total Time": 4360.775,
                        "Actual Rows": 110,
                        "Actual Loops": 3,
                        "Inner Unique": true,
                        "Plans": [
                          {
                            "Node Type": "Hash Join",
                            "Parent Relationship": "Outer",
                            "Parallel Aware": true,
                            "Join Type": "Inner",
                            "Startup Cost": 479812.54,
                            "Total Cost": 525435.98,
                            "Plan Rows": 2,
                            "Plan Width": 24,
                            "Actual Startup Time": 3961.106,
                            "Actual Total Time": 4357.959,
                            "Actual Rows": 117,
                            "Actual Loops": 3,
                            "Inner Unique": false,
                            "Hash Cond": "(mc.movie_id = ci.movie_id)",
                            "Plans": [
                              {
                                "Node Type": "Seq Scan",
                                "Parent Relationship": "Outer",
                                "Parallel Aware": true,
                                "Relation Name": "movie_companies",
                                "Alias": "mc",
                                "Startup Cost": 0.0,
                                "Total Cost": 45188.06,
                                "Plan Rows": 116099,
                                "Plan Width": 8,
                                "Actual Startup Time": 0.088,
                                "Actual Total Time": 366.389,
                                "Actual Rows": 196998,
                                "Actual Loops": 3,
                                "Filter": "((note IS NOT NULL) AND (((note)::text ~~ '%(USA)%'::text) OR ((note)::text ~~ '%(worldwide)%'::text)))",
                                "Rows Removed by Filter": 672712
                              },
                              {
                                "Node Type": "Hash",
                                "Parent Relationship": "Inner",
                                "Parallel Aware": true,
                                "Startup Cost": 479812.49,
                                "Total Cost": 479812.49,
                                "Plan Rows": 4,
                                "Plan Width": 16,
                                "Actual Startup Time": 3955.793,
                                "Actual Total Time": 3955.802,
                                "Actual Rows": 242,
                                "Actual Loops": 3,
                                "Hash Buckets": 1024,
                                "Original Hash Buckets": 1024,
                                "Hash Batches": 1,
                                "Original Hash Batches": 1,
                                "Peak Memory Usage": 104,
                                "Plans": [
                                  {
                                    "Node Type": "Nested Loop",
                                    "Parent Relationship": "Outer",
                                    "Parallel Aware": false,
                                    "Join Type": "Inner",
                                    "Startup Cost": 19.36,
                                    "Total Cost": 479812.49,
                                    "Plan Rows": 4,
                                    "Plan Width": 16,
                                    "Actual Startup Time": 854.137,
                                    "Actual Total Time": 3955.419,
                                    "Actual Rows": 242,
                                    "Actual Loops": 3,
                                    "Inner Unique": true,
                                    "Plans": [
                                      {
                                        "Node Type": "Hash Join",
                                        "Parent Relationship": "Outer",
                                        "Parallel Aware": false,
                                        "Join Type": "Inner",
                                        "Startup Cost": 18.93,
                                        "Total Cost": 478384.08,
                                        "Plan Rows": 1689,
                                        "Plan Width": 12,
                                        "Actual Startup Time": 828.793,
                                        "Actual Total Time": 3426.523,
                                        "Actual Rows": 92055,
                                        "Actual Loops": 3,
                                        "Inner Unique": true,
                                        "Hash Cond": "(ci.role_id = rt.id)",
                                        "Plans": [
                                          {
                                            "Node Type": "Seq Scan",
                                            "Parent Relationship": "Outer",
                                            "Parallel Aware": true,
                                            "Relation Name": "cast_info",
                                            "Alias": "ci",
                                            "Startup Cost": 0.0,
                                            "Total Cost": 477573.4,
                                            "Plan Rows": 299831,
                                            "Plan Width": 16,
                                            "Actual Startup Time": 0.142,
                                            "Actual Total Time": 3349.649,
                                            "Actual Rows": 289159,
                                            "Actual Loops": 3,
                                            "Filter": "((note)::text = ANY ('{(voice),\"(voice: Japanese version)\",\"(voice) (uncredited)\",\"(voice: English version)\"}'::text[]))",
                                            "Rows Removed by Filter": 11792289
                                          },
                                          {
                                            "Node Type": "Hash",
                                            "Parent Relationship": "Inner",
                                            "Parallel Aware": false,
                                            "Startup Cost": 18.88,
                                            "Total Cost": 18.88,
                                            "Plan Rows": 4,
                                            "Plan Width": 4,
                                            "Actual Startup Time": 0.029,
                                            "Actual Total Time": 0.03,
                                            "Actual Rows": 1,
                                            "Actual Loops": 3,
                                            "Hash Buckets": 1024,
                                            "Original Hash Buckets": 1024,
                                            "Hash Batches": 1,
                                            "Original Hash Batches": 1,
                                            "Peak Memory Usage": 9,
                                            "Plans": [
                                              {
                                                "Node Type": "Seq Scan",
                                                "Parent Relationship": "Outer",
                                                "Parallel Aware": false,
                                                "Relation Name": "role_type",
                                                "Alias": "rt",
                                                "Startup Cost": 0.0,
                                                "Total Cost": 18.88,
                                                "Plan Rows": 4,
                                                "Plan Width": 4,
                                                "Actual Startup Time": 0.02,
                                                "Actual Total Time": 0.023,
                                                "Actual Rows": 1,
                                                "Actual Loops": 3,
                                                "Filter": "((role)::text = 'actress'::text)",
                                                "Rows Removed by Filter": 11
                                              }
                                            ]
                                          }
                                        ]
                                      },
                                      {
                                        "Node Type": "Index Scan",
                                        "Parent Relationship": "Inner",
                                        "Parallel Aware": false,
                                        "Scan Direction": "Forward",
                                        "Index Name": "name_pkey",
                                        "Relation Name": "name",
                                        "Alias": "n",
                                        "Startup Cost": 0.43,
                                        "Total Cost": 0.85,
                                        "Plan Rows": 1,
                                        "Plan Width": 4,
                                        "Actual Startup Time": 0.005,
                                        "Actual Total Time": 0.005,
                                        "Actual Rows": 0,
                                        "Actual Loops": 276166,
                                        "Index Cond": "(id = ci.person_id)",
                                        "Rows Removed by Index Recheck": 0,
                                        "Filter": "(((name)::text ~~ '%Ang%'::text) AND ((gender)::text = 'f'::text))",
                                        "Rows Removed by Filter": 1
                                      }
                                    ]
                                  }
                                ]
                              }
                            ]
                          },
                          {
                            "Node Type": "Index Scan",
                            "Parent Relationship": "Inner",
                            "Parallel Aware": false,
                            "Scan Direction": "Forward",
                            "Index Name": "company_name_pkey",
                            "Relation Name": "company_name",
                            "Alias": "cn",
                            "Startup Cost": 0.42,
                            "Total Cost": 0.5,
                            "Plan Rows": 1,
                            "Plan Width": 4,
                            "Actual Startup Time": 0.021,
                            "Actual Total Time": 0.021,
                            "Actual Rows": 1,
                            "Actual Loops": 351,
                            "Index Cond": "(id = mc.company_id)",
                            "Rows Removed by Index Recheck": 0,
                            "Filter": "((country_code)::text = '[us]'::text)",
                            "Rows Removed by Filter": 0
                          }
                        ]
                      }
                    ]
                  }
                ]
              }
            ]
          },
          {
            "Node Type": "Index Scan",
            "Parent Relationship": "Inner",
            "Parallel Aware": false,
            "Scan Direction": "Forward",
            "Index Name": "char_name_pkey",
            "Relation Name": "char_name",
            "Alias": "chn",
            "Startup Cost": 0.43,
            "Total Cost": 0.71,
            "Plan Rows": 1,
            "Plan Width": 36,
            "Actual Startup Time": 0.008,
            "Actual Total Time": 0.008,
            "Actual Rows": 1,
            "Actual Loops": 359,
            "Index Cond": "(id = ci.person_role_id)",
            "Rows Removed by Index Recheck": 0
          }
        ]
      },
      {
        "Node Type": "Index Scan",
        "Parent Relationship": "Inner",
        "Parallel Aware": false,
        "Scan Direction": "Forward",
        "Index Name": "title_pkey",
        "Relation Name": "title",
        "Alias": "t",
        "Startup Cost": 0.43,
        "Total Cost": 0.7,
        "Plan Rows": 1,
        "Plan Width": 21,
        "Actual Startup Time": 0.01,
        "Actual Total Time": 0.01,
        "Actual Rows": 0,
        "Actual Loops": 341,
        "Index Cond": "(id = ci.movie_id)",
        "Rows Removed by Index Recheck": 0,
        "Filter": "((production_year >= 2005) AND (production_year <= 2015))",
        "Rows Removed by Filter": 1
      }
    ]
  }
}