{
  "Plan": {
    "Node Type": "Nested Loop",
    "Parent Relationship": "Outer",
    "Parallel Aware": false,
    "Join Type": "Inner",
    "Startup Cost": 0.15,
    "Total Cost": 477584.78,
    "Plan Rows": 1,
    "Plan Width": 8,
    "Actual Startup Time": 0.397,
    "Actual Total Time": 3274.919,
    "Actual Rows": 8625,
    "Actual Loops": 3,
    "Inner Unique": true,
    "Plans": [
      {
        "Node Type": "Seq Scan",
        "Parent Relationship": "Outer",
        "Parallel Aware": true,
        "Relation Name": "cast_info",
        "Alias": "ci",
        "Startup Cost": 0.0,
        "Total Cost": 477573.4,
        "Plan Rows": 1,
        "Plan Width": 12,
        "Actual Startup Time": 0.354,
        "Actual Total Time": 3240.131,
        "Actual Rows": 10763,
        "Actual Loops": 3,
        "Filter": "(((note)::text ~~ '%(voice)%'::text) AND ((note)::text ~~ '%(uncredited)%'::text))",
        "Rows Removed by Filter": 12070685
      },
      {
        "Node Type": "Index Scan",
        "Parent Relationship": "Inner",
        "Parallel Aware": false,
        "Scan Direction": "Forward",
        "Index Name": "role_type_pkey",
        "Relation Name": "role_type",
        "Alias": "rt",
        "Startup Cost": 0.15,
        "Total Cost": 8.17,
        "Plan Rows": 1,
        "Plan Width": 4,
        "Actual Startup Time": 0.002,
        "Actual Total Time": 0.002,
        "Actual Rows": 1,
        "Actual Loops": 32288,
        "Index Cond": "(id = ci.role_id)",
        "Rows Removed by Index Recheck": 0,
        "Filter": "((role)::text = 'actor'::text)",
        "Rows Removed by Filter": 0
      }
    ]
  }
}