{
  "Plan": {
    "Node Type": "Hash Join",
    "Parent Relationship": "Outer",
    "Parallel Aware": true,
    "Join Type": "Inner",
    "Startup Cost": 525850.03,
    "Total Cost": 542436.14,
    "Plan Rows": 2,
    "Plan Width": 80,
    "Actual Startup Time": 4777.623,
    "Actual Total Time": 4925.248,
    "Actual Rows": 2715,
    "Actual Loops": 3,
    "Inner Unique": false,
    "Hash Cond": "(an.person_id = n.id)",
    "Plans": [
      {
        "Node Type": "Seq Scan",
        "Parent Relationship": "Outer",
        "Parallel Aware": true,
        "Relation Name": "aka_name",
        "Alias": "an",
        "Startup Cost": 0.0,
        "Total Cost": 15175.53,
        "Plan Rows": 376153,
        "Plan Width": 20,
        "Actual Startup Time": 0.051,
        "Actual Total Time": 71.56,
        "Actual Rows": 300448,
        "Actual Loops": 3
      },
      {
        "Node Type": "Hash",
        "Parent Relationship": "Inner",
        "Parallel Aware": true,
        "Startup Cost": 525850.02,
        "Total Cost": 525850.02,
        "Plan Rows": 1,
        "Plan Width": 72,
        "Actual Startup Time": 4775.068,
        "Actual Total Time": 4775.366,
        "Actual Rows": 1501,
        "Actual Loops": 3,
        "Hash Buckets": 4096,
        "Original Hash Buckets": 1024,
        "Hash Batches": 1,
        "Original Hash Batches": 1,
        "Peak Memory Usage": 536,
        "Plans": [
          {
            "Node Type": "Nested Loop",
            "Parent Relationship": "Outer",
            "Parallel Aware": false,
            "Join Type": "Inner",
            "Startup Cost": 47442.88,
            "Total Cost": 525850.02,
            "Plan Rows": 1,
            "Plan Width": 72,
            "Actual Startup Time": 4267.532,
            "Actual Total Time": 4764.524,
            "Actual Rows": 1501,
            "Actual Loops": 3,
            "Inner Unique": true,
            "Join Filter": "(ci.movie_id = t.id)",
            "Rows Removed by Join Filter": 0,
            "Plans": [
              {
                "Node Type": "Nested Loop",
                "Parent Relationship": "Outer",
                "Parallel Aware": false,
                "Join Type": "Inner",
                "Startup Cost": 47442.45,
                "Total Cost": 525849.49,
                "Plan Rows": 1,
                "Plan Width": 63,
                "Actual Startup Time": 4267.398,
                "Actual Total Time": 4746.028,
                "Actual Rows": 1501,
                "Actual Loops": 3,
                "Inner Unique": true,
                "Plans": [
                  {
                    "Node Type": "Nested Loop",
                    "Parent Relationship": "Outer",
                    "Parallel Aware": false,
                    "Join Type": "Inner",
                    "Startup Cost": 47442.02,
                    "Total Cost": 525848.78,
                    "Plan Rows": 1,
                    "Plan Width": 35,
                    "Actual Startup Time": 4267.264,
                    "Actual Total Time": 4729.249,
                    "Actual Rows": 1646,
                    "Actual Loops": 3,
                    "Inner Unique": true,
                    "Plans": [
                      {
                        "Node Type": "Hash Join",
                        "Parent Relationship": "Outer",
                        "Parallel Aware": true,
                        "Join Type": "Inner",
                        "Startup Cost": 47441.59,
                        "Total Cost": 525813.26,
                        "Plan Rows": 42,
                        "Plan Width": 16,
                        "Actual Startup Time": 4266.624,
                        "Actual Total Time": 4403.662,
                        "Actual Rows": 63185,
                        "Actual Loops": 3,
                        "Inner Unique": false,
                        "Hash Cond": "(ci.movie_id = mc.movie_id)",
                        "Plans": [
                          {
                            "Node Type": "Hash Join",
                            "Parent Relationship": "Outer",
                            "Parallel Aware": false,
                            "Join Type": "Inner",
                            "Startup Cost": 18.93,
                            "Total Cost": 478384.08,
                            "Plan Rows": 1689,
                            "Plan Width": 12,
                            "Actual Startup Time": 826.408,
                            "Actual Total Time": 3406.325,
                            "Actual Rows": 92055,
                            "Actual Loops": 3,
                            "Inner Unique": true,
                            "Hash Cond": "(ci.role_id = rt.id)",
                            "Plans": [
                              {
                                "Node Type": "Seq Scan",
                                "Parent Relationship": "Outer",
                                "Parallel Aware": true,
                                "Relation Name": "cast_info",
                                "Alias": "ci",
                                "Startup Cost": 0.0,
                                "Total Cost": 477573.4,
                                "Plan Rows": 299831,
                                "Plan Width": 16,
                                "Actual Startup Time": 0.154,
                                "Actual Total Time": 3327.962,
                                "Actual Rows": 289159,
                                "Actual Loops": 3,
                                "Filter": "((note)::text = ANY ('{(voice),\"(voice: Japanese version)\",\"(voice) (uncredited)\",\"(voice: English version)\"}'::text[]))",
                                "Rows Removed by Filter": 11792289
                              },
                              {
                                "Node Type": "Hash",
                                "Parent Relationship": "Inner",
                                "Parallel Aware": false,
                                "Startup Cost": 18.88,
                                "Total Cost": 18.88,
                                "Plan Rows": 4,
                                "Plan Width": 4,
                                "Actual Startup Time": 0.028,
                                "Actual Total Time": 0.03,
                                "Actual Rows": 1,
                                "Actual Loops": 3,
                                "Hash Buckets": 1024,
                                "Original Hash Buckets": 1024,
                                "Hash Batches": 1,
                                "Original Hash Batches": 1,
                                "Peak Memory Usage": 9,
                                "Plans": [
                                  {
                                    "Node Type": "Seq Scan",
                                    "Parent Relationship": "Outer",
                                    "Parallel Aware": false,
                                    "Relation Name": "role_type",
                                    "Alias": "rt",
                                    "Startup Cost": 0.0,
                                    "Total Cost": 18.88,
                                    "Plan Rows": 4,
                                    "Plan Width": 4,
                                    "Actual Startup Time": 0.021,
                                    "Actual Total Time": 0.023,
                                    "Actual Rows": 1,
                                    "Actual Loops": 3,
                                    "Filter": "((role)::text = 'actress'::text)",
                                    "Rows Removed by Filter": 11
                                  }
                                ]
                              }
                            ]
                          },
                          {
                            "Node Type": "Hash",
                            "Parent Relationship": "Inner",
                            "Parallel Aware": true,
                            "Startup Cost": 47354.72,
                            "Total Cost": 47354.72,
                            "Plan Rows": 5436,
                            "Plan Width": 4,
                            "Actual Startup Time": 811.222,
                            "Actual Total Time": 811.506,
                            "Actual Rows": 384599,
                            "Actual Loops": 3,
                            "Hash Buckets": 131072,
                            "Original Hash Buckets": 16384,
                            "Hash Batches": 16,
                            "Original Hash Batches": 1,
                            "Peak Memory Usage": 3904,
                            "Plans": [
                              {
                                "Node Type": "Hash Join",
                                "Parent Relationship": "Outer",
                                "Parallel Aware": true,
                                "Join Type": "Inner",
                                "Startup Cost": 4748.56,
                                "Total Cost": 47354.72,
                                "Plan Rows": 5436,
                                "Plan Width": 4,
                                "Actual Startup Time": 57.197,
                                "Actual Total Time": 599.963,
                                "Actual Rows": 384599,
                                "Actual Loops": 3,
                                "Inner Unique": true,
                                "Hash Cond": "(mc.company_id = cn.id)",
                                "Plans": [
                                  {
                                    "Node Type": "Seq Scan",
                                    "Parent Relationship": "Outer",
                                    "Parallel Aware": true,
                                    "Relation Name": "movie_companies",
                                    "Alias": "mc",
                                    "Startup Cost": 0.0,
                                    "Total Cost": 39752.37,
                                    "Plan Rows": 1087137,
                                    "Plan Width": 8,
                                    "Actual Startup Time": 0.046,
                                    "Actual Total Time": 190.177,
                                    "Actual Rows": 869710,
                                    "Actual Loops": 3
                                  },
                                  {
                                    "Node Type": "Hash",
                                    "Parent Relationship": "Inner",
                                    "Parallel Aware": true,
                                    "Startup Cost": 4739.92,
                                    "Total Cost": 4739.92,
                                    "Plan Rows": 691,
                                    "Plan Width": 4,
                                    "Actual Startup Time": 57.087,
                                    "Actual Total Time": 57.089,
                                    "Actual Rows": 28281,
                                    "Actual Loops": 3,
                                    "Hash Buckets": 131072,
                                    "Original Hash Buckets": 2048,
                                    "Hash Batches": 1,
                                    "Original Hash Batches": 1,
                                    "Peak Memory Usage": 5424,
                                    "Plans": [
                                      {
                                        "Node Type": "Seq Scan",
                                        "Parent Relationship": "Outer",
                                        "Parallel Aware": true,
                                        "Relation Name": "company_name",
                                        "Alias": "cn",
                                        "Startup Cost": 0.0,
                                        "Total Cost": 4739.92,
                                        "Plan Rows": 691,
                                        "Plan Width": 4,
                                        "Actual Startup Time": 0.038,
                                        "Actual Total Time": 35.828,
                                        "Actual Rows": 28281,
                                        "Actual Loops": 3,
                                        "Filter": "((country_code)::text = '[us]'::text)",
                                        "Rows Removed by Filter": 50051
                                      }
                                    ]
                                  }
                                ]
                              }
                            ]
                          }
                        ]
                      },
                      {
                        "Node Type": "Index Scan",
                        "Parent Relationship": "Inner",
                        "Parallel Aware": false,
                        "Scan Direction": "Forward",
                        "Index Name": "name_pkey",
                        "Relation Name": "name",
                        "Alias": "n",
                        "Startup Cost": 0.43,
                        "Total Cost": 0.85,
                        "Plan Rows": 1,
                        "Plan Width": 19,
                        "Actual Startup Time": 0.005,
                        "Actual Total Time": 0.005,
                        "Actual Rows": 0,
                        "Actual Loops": 189554,
                        "Index Cond": "(id = ci.person_id)",
                        "Rows Removed by Index Recheck": 0,
                        "Filter": "(((name)::text ~~ '%An%'::text) AND ((gender)::text = 'f'::text))",
                        "Rows Removed by Filter": 1
                      }
                    ]
                  },
                  {
                    "Node Type": "Index Scan",
                    "Parent Relationship": "Inner",
                    "Parallel Aware": false,
                    "Scan Direction": "Forward",
                    "Index Name": "char_name_pkey",
                    "Relation Name": "char_name",
                    "Alias": "chn",
                    "Startup Cost": 0.43,
                    "Total Cost": 0.71,
                    "Plan Rows": 1,
                    "Plan Width": 36,
                    "Actual Startup Time": 0.009,
                    "Actual Total Time": 0.009,
                    "Actual Rows": 1,
                    "Actual Loops": 4938,
                    "Index Cond": "(id = ci.person_role_id)",
                    "Rows Removed by Index Recheck": 0
                  }
                ]
              },
              {
                "Node Type": "Index Scan",
                "Parent Relationship": "Inner",
                "Parallel Aware": false,
                "Scan Direction": "Forward",
                "Index Name": "title_pkey",
                "Relation Name": "title",
                "Alias": "t",
                "Startup Cost": 0.43,
                "Total Cost": 0.52,
                "Plan Rows": 1,
                "Plan Width": 21,
                "Actual Startup Time": 0.011,
                "Actual Total Time": 0.011,
                "Actual Rows": 1,
                "Actual Loops": 4503,
                "Index Cond": "(id = mc.movie_id)",
                "Rows Removed by Index Recheck": 0
              }
            ]
          }
        ]
      }
    ]
  }
}