{
  "Plan": {
    "Node Type": "Nested Loop",
    "Parent Relationship": "Outer",
    "Parallel Aware": false,
    "Join Type": "Inner",
    "Startup Cost": 489738.92,
    "Total Cost": 506327.58,
    "Plan Rows": 1,
    "Plan Width": 80,
    "Actual Startup Time": 3309.07,
    "Actual Total Time": 3516.216,
    "Actual Rows": 40,
    "Actual Loops": 1,
    "Inner Unique": true,
    "Plans": [
      {
        "Node Type": "Nested Loop",
        "Parent Relationship": "Outer",
        "Parallel Aware": false,
        "Join Type": "Inner",
        "Startup Cost": 489738.49,
        "Total Cost": 506326.12,
        "Plan Rows": 1,
        "Plan Width": 71,
        "Actual Startup Time": 3262.973,
        "Actual Total Time": 3515.351,
        "Actual Rows": 94,
        "Actual Loops": 1,
        "Inner Unique": true,
        "Plans": [
          {
            "Node Type": "Gather",
            "Parent Relationship": "Outer",
            "Parallel Aware": false,
            "Startup Cost": 489738.06,
            "Total Cost": 506324.62,
            "Plan Rows": 1,
            "Plan Width": 43,
            "Actual Startup Time": 3262.906,
            "Actual Total Time": 3514.518,
            "Actual Rows": 97,
            "Actual Loops": 1,
            "Workers Planned": 2,
            "Workers Launched": 2,
            "Single Copy": false,
            "Plans": [
              {
                "Node Type": "Nested Loop",
                "Parent Relationship": "Outer",
                "Parallel Aware": false,
                "Join Type": "Inner",
                "Startup Cost": 488738.06,
                "Total Cost": 505324.52,
                "Plan Rows": 1,
                "Plan Width": 43,
                "Actual Startup Time": 3271.312,
                "Actual Total Time": 3505.573,
                "Actual Rows": 32,
                "Actual Loops": 3,
                "Inner Unique": true,
                "Join Filter": "(ci.person_id = n.id)",
                "Rows Removed by Join Filter": 0,
                "Plans": [
                  {
                    "Node Type": "Hash Join",
                    "Parent Relationship": "Outer",
                    "Parallel Aware": true,
                    "Join Type": "Inner",
                    "Startup Cost": 488737.63,
                    "Total Cost": 505323.74,
                    "Plan Rows": 1,
                    "Plan Width": 36,
                    "Actual Startup Time": 3240.695,
                    "Actual Total Time": 3416.069,
                    "Actual Rows": 20094,
                    "Actual Loops": 3,
                    "Inner Unique": false,
                    "Hash Cond": "(an.person_id = ci.person_id)",
                    "Plans": [
                      {
                        "Node Type": "Seq Scan",
                        "Parent Relationship": "Outer",
                        "Parallel Aware": true,
                        "Relation Name": "aka_name",
                        "Alias": "an",
                        "Startup Cost": 0.0,
                        "Total Cost": 15175.53,
                        "Plan Rows": 376153,
                        "Plan Width": 20,
                        "Actual Startup Time": 0.072,
                        "Actual Total Time": 74.689,
                        "Actual Rows": 300448,
                        "Actual Loops": 3
                      },
                      {
                        "Node Type": "Hash",
                        "Parent Relationship": "Inner",
                        "Parallel Aware": true,
                        "Startup Cost": 488737.61,
                        "Total Cost": 488737.61,
                        "Plan Rows": 1,
                        "Plan Width": 16,
                        "Actual Startup Time": 3239.105,
                        "Actual Total Time": 3239.557,
                        "Actual Rows": 8816,
                        "Actual Loops": 3,
                        "Hash Buckets": 32768,
                        "Original Hash Buckets": 1024,
                        "Hash Batches": 1,
                        "Original Hash Batches": 1,
                        "Peak Memory Usage": 1784,
                        "Plans": [
                          {
                            "Node Type": "Nested Loop",
                            "Parent Relationship": "Outer",
                            "Parallel Aware": false,
                            "Join Type": "Inner",
                            "Startup Cost": 48398.02,
                            "Total Cost": 488737.61,
                            "Plan Rows": 1,
                            "Plan Width": 16,
                            "Actual Startup Time": 1094.956,
                            "Actual Total Time": 3159.355,
                            "Actual Rows": 8816,
                            "Actual Loops": 3,
                            "Inner Unique": true,
                            "Plans": [
                              {
                                "Node Type": "Hash Join",
                                "Parent Relationship": "Outer",
                                "Parallel Aware": true,
                                "Join Type": "Inner",
                                "Startup Cost": 48397.6,
                                "Total Cost": 488692.46,
                                "Plan Rows": 74,
                                "Plan Width": 20,
                                "Actual Startup Time": 1094.828,
                                "Actual Total Time": 3094.527,
                                "Actual Rows": 9700,
                                "Actual Loops": 3,
                                "Inner Unique": false,
                                "Hash Cond": "(ci.movie_id = mc.movie_id)",
                                "Plans": [
                                  {
                                    "Node Type": "Hash Join",
                                    "Parent Relationship": "Outer",
                                    "Parallel Aware": false,
                                    "Join Type": "Inner",
                                    "Startup Cost": 18.93,
                                    "Total Cost": 440311.37,
                                    "Plan Rows": 422,
                                    "Plan Width": 12,
                                    "Actual Startup Time": 713.193,
                                    "Actual Total Time": 2675.36,
                                    "Actual Rows": 74229,
                                    "Actual Loops": 3,
                                    "Inner Unique": true,
                                    "Hash Cond": "(ci.role_id = rt.id)",
                                    "Plans": [
                                      {
                                        "Node Type": "Seq Scan",
                                        "Parent Relationship": "Outer",
                                        "Parallel Aware": true,
                                        "Relation Name": "cast_info",
                                        "Alias": "ci",
                                        "Startup Cost": 0.0,
                                        "Total Cost": 440094.5,
                                        "Plan Rows": 74958,
                                        "Plan Width": 16,
                                        "Actual Startup Time": 0.123,
                                        "Actual Total Time": 2614.876,
                                        "Actual Rows": 237943,
                                        "Actual Loops": 3,
                                        "Filter": "((note)::text = '(voice)'::text)",
                                        "Rows Removed by Filter": 11843505
                                      },
                                      {
                                        "Node Type": "Hash",
                                        "Parent Relationship": "Inner",
                                        "Parallel Aware": false,
                                        "Startup Cost": 18.88,
                                        "Total Cost": 18.88,
                                        "Plan Rows": 4,
                                        "Plan Width": 4,
                                        "Actual Startup Time": 0.033,
                                        "Actual Total Time": 0.034,
                                        "Actual Rows": 1,
                                        "Actual Loops": 3,
                                        "Hash Buckets": 1024,
                                        "Original Hash Buckets": 1024,
                                        "Hash Batches": 1,
                                        "Original Hash Batches": 1,
                                        "Peak Memory Usage": 9,
                                        "Plans": [
                                          {
                                            "Node Type": "Seq Scan",
                                            "Parent Relationship": "Outer",
                                            "Parallel Aware": false,
                                            "Relation Name": "role_type",
                                            "Alias": "rt",
                                            "Startup Cost": 0.0,
                                            "Total Cost": 18.88,
                                            "Plan Rows": 4,
                                            "Plan Width": 4,
                                            "Actual Startup Time": 0.021,
                                            "Actual Total Time": 0.024,
                                            "Actual Rows": 1,
                                            "Actual Loops": 3,
                                            "Filter": "((role)::text = 'actress'::text)",
                                            "Rows Removed by Filter": 11
                                          }
                                        ]
                                      }
                                    ]
                                  },
                                  {
                                    "Node Type": "Hash",
                                    "Parent Relationship": "Inner",
                                    "Parallel Aware": true,
                                    "Startup Cost": 47905.9,
                                    "Total Cost": 47905.9,
                                    "Plan Rows": 37822,
                                    "Plan Width": 8,
                                    "Actual Startup Time": 380.897,
                                    "Actual Total Time": 380.899,
                                    "Actual Rows": 66173,
                                    "Actual Loops": 3,
                                    "Hash Buckets": 262144,
                                    "Original Hash Buckets": 131072,
                                    "Hash Batches": 1,
                                    "Original Hash Batches": 1,
                                    "Peak Memory Usage": 10880,
                                    "Plans": [
                                      {
                                        "Node Type": "Seq Scan",
                                        "Parent Relationship": "Outer",
                                        "Parallel Aware": true,
                                        "Relation Name": "movie_companies",
                                        "Alias": "mc",
                                        "Startup Cost": 0.0,
                                        "Total Cost": 47905.9,
                                        "Plan Rows": 37822,
                                        "Plan Width": 8,
                                        "Actual Startup Time": 0.112,
                                        "Actual Total Time": 345.673,
                                        "Actual Rows": 66173,
                                        "Actual Loops": 3,
                                        "Filter": "(((note)::text ~~ '%(200%)%'::text) AND (((note)::text ~~ '%(USA)%'::text) OR ((note)::text ~~ '%(worldwide)%'::text)))",
                                        "Rows Removed by Filter": 803537
                                      }
                                    ]
                                  }
                                ]
                              },
                              {
                                "Node Type": "Index Scan",
                                "Parent Relationship": "Inner",
                                "Parallel Aware": false,
                                "Scan Direction": "Forward",
                                "Index Name": "company_name_pkey",
                                "Relation Name": "company_name",
                                "Alias": "cn",
                                "Startup Cost": 0.42,
                                "Total Cost": 0.61,
                                "Plan Rows": 1,
                                "Plan Width": 4,
                                "Actual Startup Time": 0.006,
                                "Actual Total Time": 0.006,
                                "Actual Rows": 1,
                                "Actual Loops": 29100,
                                "Index Cond": "(id = mc.company_id)",
                                "Rows Removed by Index Recheck": 0,
                                "Filter": "((country_code)::text = '[us]'::text)",
                                "Rows Removed by Filter": 0
                              }
                            ]
                          }
                        ]
                      }
                    ]
                  },
                  {
                    "Node Type": "Index Scan",
                    "Parent Relationship": "Inner",
                    "Parallel Aware": false,
                    "Scan Direction": "Forward",
                    "Index Name": "name_pkey",
                    "Relation Name": "name",
                    "Alias": "n",
                    "Startup Cost": 0.43,
                    "Total Cost": 0.77,
                    "Plan Rows": 1,
                    "Plan Width": 19,
                    "Actual Startup Time": 0.004,
                    "Actual Total Time": 0.004,
                    "Actual Rows": 0,
                    "Actual Loops": 60283,
                    "Index Cond": "(id = an.person_id)",
                    "Rows Removed by Index Recheck": 0,
                    "Filter": "(((name)::text ~~ '%Angel%'::text) AND ((gender)::text = 'f'::text))",
                    "Rows Removed by Filter": 1
                  }
                ]
              }
            ]
          },
          {
            "Node Type": "Index Scan",
            "Parent Relationship": "Inner",
            "Parallel Aware": false,
            "Scan Direction": "Forward",
            "Index Name": "char_name_pkey",
            "Relation Name": "char_name",
            "Alias": "chn",
            "Startup Cost": 0.43,
            "Total Cost": 1.51,
            "Plan Rows": 1,
            "Plan Width": 36,
            "Actual Startup Time": 0.007,
            "Actual Total Time": 0.007,
            "Actual Rows": 1,
            "Actual Loops": 97,
            "Index Cond": "(id = ci.person_role_id)",
            "Rows Removed by Index Recheck": 0
          }
        ]
      },
      {
        "Node Type": "Index Scan",
        "Parent Relationship": "Inner",
        "Parallel Aware": false,
        "Scan Direction": "Forward",
        "Index Name": "title_pkey",
        "Relation Name": "title",
        "Alias": "t",
        "Startup Cost": 0.43,
        "Total Cost": 1.45,
        "Plan Rows": 1,
        "Plan Width": 21,
        "Actual Startup Time": 0.008,
        "Actual Total Time": 0.008,
        "Actual Rows": 0,
        "Actual Loops": 94,
        "Index Cond": "(id = ci.movie_id)",
        "Rows Removed by Index Recheck": 0,
        "Filter": "((production_year >= 2007) AND (production_year <= 2010))",
        "Rows Removed by Filter": 1
      }
    ]
  }
}