{
  "Plan": {
    "Node Type": "Hash Join",
    "Parent Relationship": "Outer",
    "Parallel Aware": true,
    "Join Type": "Inner",
    "Startup Cost": 440117.48,
    "Total Cost": 483946.79,
    "Plan Rows": 42,
    "Plan Width": 20,
    "Actual Startup Time": 3406.996,
    "Actual Total Time": 3672.156,
    "Actual Rows": 10,
    "Actual Loops": 3,
    "Inner Unique": false,
    "Hash Cond": "(mc.movie_id = ci.movie_id)",
    "Plans": [
      {
        "Node Type": "Seq Scan",
        "Parent Relationship": "Outer",
        "Parallel Aware": true,
        "Relation Name": "movie_companies",
        "Alias": "mc",
        "Startup Cost": 0.0,
        "Total Cost": 39752.37,
        "Plan Rows": 1087137,
        "Plan Width": 12,
        "Actual Startup Time": 0.078,
        "Actual Total Time": 177.883,
        "Actual Rows": 869710,
        "Actual Loops": 3
      },
      {
        "Node Type": "Hash",
        "Parent Relationship": "Inner",
        "Parallel Aware": true,
        "Startup Cost": 440117.38,
        "Total Cost": 440117.38,
        "Plan Rows": 8,
        "Plan Width": 8,
        "Actual Startup Time": 3331.302,
        "Actual Total Time": 3331.309,
        "Actual Rows": 4,
        "Actual Loops": 3,
        "Hash Buckets": 1024,
        "Original Hash Buckets": 1024,
        "Hash Batches": 1,
        "Original Hash Batches": 1,
        "Peak Memory Usage": 104,
        "Plans": [
          {
            "Node Type": "Hash Join",
            "Parent Relationship": "Outer",
            "Parallel Aware": false,
            "Join Type": "Inner",
            "Startup Cost": 18.93,
            "Total Cost": 440117.38,
            "Plan Rows": 8,
            "Plan Width": 8,
            "Actual Startup Time": 215.004,
            "Actual Total Time": 3331.178,
            "Actual Rows": 4,
            "Actual Loops": 3,
            "Inner Unique": true,
            "Hash Cond": "(ci.role_id = rt.id)",
            "Plans": [
              {
                "Node Type": "Seq Scan",
                "Parent Relationship": "Outer",
                "Parallel Aware": true,
                "Relation Name": "cast_info",
                "Alias": "ci",
                "Startup Cost": 0.0,
                "Total Cost": 440094.5,
                "Plan Rows": 1499,
                "Plan Width": 12,
                "Actual Startup Time": 214.893,
                "Actual Total Time": 3248.545,
                "Actual Rows": 478480,
                "Actual Loops": 3,
                "Filter": "((note)::text ~~ '%(producer)%'::text)",
                "Rows Removed by Filter": 11602968
              },
              {
                "Node Type": "Hash",
                "Parent Relationship": "Inner",
                "Parallel Aware": false,
                "Startup Cost": 18.88,
                "Total Cost": 18.88,
                "Plan Rows": 4,
                "Plan Width": 4,
                "Actual Startup Time": 0.062,
                "Actual Total Time": 0.063,
                "Actual Rows": 1,
                "Actual Loops": 3,
                "Hash Buckets": 1024,
                "Original Hash Buckets": 1024,
                "Hash Batches": 1,
                "Original Hash Batches": 1,
                "Peak Memory Usage": 9,
                "Plans": [
                  {
                    "Node Type": "Seq Scan",
                    "Parent Relationship": "Outer",
                    "Parallel Aware": false,
                    "Relation Name": "role_type",
                    "Alias": "rt",
                    "Startup Cost": 0.0,
                    "Total Cost": 18.88,
                    "Plan Rows": 4,
                    "Plan Width": 4,
                    "Actual Startup Time": 0.052,
                    "Actual Total Time": 0.054,
                    "Actual Rows": 1,
                    "Actual Loops": 3,
                    "Filter": "((role)::text = 'actor'::text)",
                    "Rows Removed by Filter": 11
                  }
                ]
              }
            ]
          }
        ]
      }
    ]
  }
}