{
  "Plan": {
    "Node Type": "Nested Loop",
    "Parent Relationship": "Outer",
    "Parallel Aware": false,
    "Join Type": "Inner",
    "Startup Cost": 440118.91,
    "Total Cost": 483973.91,
    "Plan Rows": 1,
    "Plan Width": 49,
    "Actual Startup Time": 3672.693,
    "Actual Total Time": 3672.715,
    "Actual Rows": 0,
    "Actual Loops": 3,
    "Inner Unique": true,
    "Plans": [
      {
        "Node Type": "Nested Loop",
        "Parent Relationship": "Outer",
        "Parallel Aware": false,
        "Join Type": "Inner",
        "Startup Cost": 440118.48,
        "Total Cost": 483973.39,
        "Plan Rows": 1,
        "Plan Width": 40,
        "Actual Startup Time": 3672.687,
        "Actual Total Time": 3672.708,
        "Actual Rows": 0,
        "Actual Loops": 3,
        "Inner Unique": true,
        "Plans": [
          {
            "Node Type": "Nested Loop",
            "Parent Relationship": "Outer",
            "Parallel Aware": false,
            "Join Type": "Inner",
            "Startup Cost": 440118.33,
            "Total Cost": 483973.22,
            "Plan Rows": 1,
            "Plan Width": 44,
            "Actual Startup Time": 3672.684,
            "Actual Total Time": 3672.699,
            "Actual Rows": 0,
            "Actual Loops": 3,
            "Inner Unique": true,
            "Plans": [
              {
                "Node Type": "Nested Loop",
                "Parent Relationship": "Outer",
                "Parallel Aware": false,
                "Join Type": "Inner",
                "Startup Cost": 440117.9,
                "Total Cost": 483965.52,
                "Plan Rows": 1,
                "Plan Width": 16,
                "Actual Startup Time": 3672.666,
                "Actual Total Time": 3672.678,
                "Actual Rows": 0,
                "Actual Loops": 3,
                "Inner Unique": true,
                "Plans": [
                  {
                    "Node Type": "Hash Join",
                    "Parent Relationship": "Outer",
                    "Parallel Aware": true,
                    "Join Type": "Inner",
                    "Startup Cost": 440117.48,
                    "Total Cost": 483946.79,
                    "Plan Rows": 42,
                    "Plan Width": 20,
                    "Actual Startup Time": 3406.996,
                    "Actual Total Time": 3672.156,
                    "Actual Rows": 10,
                    "Actual Loops": 3,
                    "Inner Unique": false,
                    "Hash Cond": "(mc.movie_id = ci.movie_id)",
                    "Plans": [
                      {
                        "Node Type": "Seq Scan",
                        "Parent Relationship": "Outer",
                        "Parallel Aware": true,
                        "Relation Name": "movie_companies",
                        "Alias": "mc",
                        "Startup Cost": 0.0,
                        "Total Cost": 39752.37,
                        "Plan Rows": 1087137,
                        "Plan Width": 12,
                        "Actual Startup Time": 0.078,
                        "Actual Total Time": 177.883,
                        "Actual Rows": 869710,
                        "Actual Loops": 3
                      },
                      {
                        "Node Type": "Hash",
                        "Parent Relationship": "Inner",
                        "Parallel Aware": true,
                        "Startup Cost": 440117.38,
                        "Total Cost": 440117.38,
                        "Plan Rows": 8,
                        "Plan Width": 8,
                        "Actual Startup Time": 3331.302,
                        "Actual Total Time": 3331.309,
                        "Actual Rows": 4,
                        "Actual Loops": 3,
                        "Hash Buckets": 1024,
                        "Original Hash Buckets": 1024,
                        "Hash Batches": 1,
                        "Original Hash Batches": 1,
                        "Peak Memory Usage": 104,
                        "Plans": [
                          {
                            "Node Type": "Hash Join",
                            "Parent Relationship": "Outer",
                            "Parallel Aware": false,
                            "Join Type": "Inner",
                            "Startup Cost": 18.93,
                            "Total Cost": 440117.38,
                            "Plan Rows": 8,
                            "Plan Width": 8,
                            "Actual Startup Time": 215.004,
                            "Actual Total Time": 3331.178,
                            "Actual Rows": 4,
                            "Actual Loops": 3,
                            "Inner Unique": true,
                            "Hash Cond": "(ci.role_id = rt.id)",
                            "Plans": [
                              {
                                "Node Type": "Seq Scan",
                                "Parent Relationship": "Outer",
                                "Parallel Aware": true,
                                "Relation Name": "cast_info",
                                "Alias": "ci",
                                "Startup Cost": 0.0,
                                "Total Cost": 440094.5,
                                "Plan Rows": 1499,
                                "Plan Width": 12,
                                "Actual Startup Time": 214.893,
                                "Actual Total Time": 3248.545,
                                "Actual Rows": 478480,
                                "Actual Loops": 3,
                                "Filter": "((note)::text ~~ '%(producer)%'::text)",
                                "Rows Removed by Filter": 11602968
                              },
                              {
                                "Node Type": "Hash",
                                "Parent Relationship": "Inner",
                                "Parallel Aware": false,
                                "Startup Cost": 18.88,
                                "Total Cost": 18.88,
                                "Plan Rows": 4,
                                "Plan Width": 4,
                                "Actual Startup Time": 0.062,
                                "Actual Total Time": 0.063,
                                "Actual Rows": 1,
                                "Actual Loops": 3,
                                "Hash Buckets": 1024,
                                "Original Hash Buckets": 1024,
                                "Hash Batches": 1,
                                "Original Hash Batches": 1,
                                "Peak Memory Usage": 9,
                                "Plans": [
                                  {
                                    "Node Type": "Seq Scan",
                                    "Parent Relationship": "Outer",
                                    "Parallel Aware": false,
                                    "Relation Name": "role_type",
                                    "Alias": "rt",
                                    "Startup Cost": 0.0,
                                    "Total Cost": 18.88,
                                    "Plan Rows": 4,
                                    "Plan Width": 4,
                                    "Actual Startup Time": 0.052,
                                    "Actual Total Time": 0.054,
                                    "Actual Rows": 1,
                                    "Actual Loops": 3,
                                    "Filter": "((role)::text = 'actor'::text)",
                                    "Rows Removed by Filter": 11
                                  }
                                ]
                              }
                            ]
                          }
                        ]
                      }
                    ]
                  },
                  {
                    "Node Type": "Index Scan",
                    "Parent Relationship": "Inner",
                    "Parallel Aware": false,
                    "Scan Direction": "Forward",
                    "Index Name": "company_name_pkey",
                    "Relation Name": "company_name",
                    "Alias": "cn",
                    "Startup Cost": 0.42,
                    "Total Cost": 0.45,
                    "Plan Rows": 1,
                    "Plan Width": 4,
                    "Actual Startup Time": 0.044,
                    "Actual Total Time": 0.044,
                    "Actual Rows": 0,
                    "Actual Loops": 30,
                    "Index Cond": "(id = mc.company_id)",
                    "Rows Removed by Index Recheck": 0,
                    "Filter": "((country_code)::text = '[ru]'::text)",
                    "Rows Removed by Filter": 1
                  }
                ]
              },
              {
                "Node Type": "Index Scan",
                "Parent Relationship": "Inner",
                "Parallel Aware": false,
                "Scan Direction": "Forward",
                "Index Name": "char_name_pkey",
                "Relation Name": "char_name",
                "Alias": "chn",
                "Startup Cost": 0.43,
                "Total Cost": 7.71,
                "Plan Rows": 1,
                "Plan Width": 36,
                "Actual Startup Time": 0.0,
                "Actual Total Time": 0.0,
                "Actual Rows": 0,
                "Actual Loops": 0,
                "Index Cond": "(id = ci.person_role_id)",
                "Rows Removed by Index Recheck": 0
              }
            ]
          },
          {
            "Node Type": "Index Only Scan",
            "Parent Relationship": "Inner",
            "Parallel Aware": false,
            "Scan Direction": "Forward",
            "Index Name": "company_type_pkey",
            "Relation Name": "company_type",
            "Alias": "ct",
            "Startup Cost": 0.15,
            "Total Cost": 0.17,
            "Plan Rows": 1,
            "Plan Width": 4,
            "Actual Startup Time": 0.0,
            "Actual Total Time": 0.0,
            "Actual Rows": 0,
            "Actual Loops": 0,
            "Index Cond": "(id = mc.company_type_id)",
            "Rows Removed by Index Recheck": 0,
            "Heap Fetches": 0
          }
        ]
      },
      {
        "Node Type": "Index Scan",
        "Parent Relationship": "Inner",
        "Parallel Aware": false,
        "Scan Direction": "Forward",
        "Index Name": "title_pkey",
        "Relation Name": "title",
        "Alias": "t",
        "Startup Cost": 0.43,
        "Total Cost": 0.52,
        "Plan Rows": 1,
        "Plan Width": 21,
        "Actual Startup Time": 0.0,
        "Actual Total Time": 0.0,
        "Actual Rows": 0,
        "Actual Loops": 0,
        "Index Cond": "(id = mc.movie_id)",
        "Rows Removed by Index Recheck": 0,
        "Filter": "(production_year > 2010)",
        "Rows Removed by Filter": 0
      }
    ]
  }
}