{
  "Plan": {
    "Node Type": "Nested Loop",
    "Parent Relationship": "Outer",
    "Parallel Aware": false,
    "Join Type": "Inner",
    "Startup Cost": 47423.1,
    "Total Cost": 487542.67,
    "Plan Rows": 26,
    "Plan Width": 29,
    "Actual Startup Time": 4265.473,
    "Actual Total Time": 7769.213,
    "Actual Rows": 260701,
    "Actual Loops": 3,
    "Inner Unique": true,
    "Plans": [
      {
        "Node Type": "Hash Join",
        "Parent Relationship": "Outer",
        "Parallel Aware": true,
        "Join Type": "Inner",
        "Startup Cost": 47422.67,
        "Total Cost": 487522.95,
        "Plan Rows": 38,
        "Plan Width": 20,
        "Actual Startup Time": 4265.286,
        "Actual Total Time": 4744.298,
        "Actual Rows": 403422,
        "Actual Loops": 3,
        "Inner Unique": false,
        "Hash Cond": "(ci.movie_id = mc.movie_id)",
        "Plans": [
          {
            "Node Type": "Seq Scan",
            "Parent Relationship": "Outer",
            "Parallel Aware": true,
            "Relation Name": "cast_info",
            "Alias": "ci",
            "Startup Cost": 0.0,
            "Total Cost": 440094.5,
            "Plan Rows": 1499,
            "Plan Width": 12,
            "Actual Startup Time": 222.349,
            "Actual Total Time": 3256.578,
            "Actual Rows": 478480,
            "Actual Loops": 3,
            "Filter": "((note)::text ~~ '%(producer)%'::text)",
            "Rows Removed by Filter": 11602968
          },
          {
            "Node Type": "Hash",
            "Parent Relationship": "Inner",
            "Parallel Aware": true,
            "Startup Cost": 47354.72,
            "Total Cost": 47354.72,
            "Plan Rows": 5436,
            "Plan Width": 8,
            "Actual Startup Time": 840.132,
            "Actual Total Time": 840.372,
            "Actual Rows": 384599,
            "Actual Loops": 3,
            "Hash Buckets": 131072,
            "Original Hash Buckets": 16384,
            "Hash Batches": 16,
            "Original Hash Batches": 1,
            "Peak Memory Usage": 3872,
            "Plans": [
              {
                "Node Type": "Hash Join",
                "Parent Relationship": "Outer",
                "Parallel Aware": true,
                "Join Type": "Inner",
                "Startup Cost": 4748.56,
                "Total Cost": 47354.72,
                "Plan Rows": 5436,
                "Plan Width": 8,
                "Actual Startup Time": 55.745,
                "Actual Total Time": 616.408,
                "Actual Rows": 384599,
                "Actual Loops": 3,
                "Inner Unique": true,
                "Hash Cond": "(mc.company_id = cn.id)",
                "Plans": [
                  {
                    "Node Type": "Seq Scan",
                    "Parent Relationship": "Outer",
                    "Parallel Aware": true,
                    "Relation Name": "movie_companies",
                    "Alias": "mc",
                    "Startup Cost": 0.0,
                    "Total Cost": 39752.37,
                    "Plan Rows": 1087137,
                    "Plan Width": 12,
                    "Actual Startup Time": 0.047,
                    "Actual Total Time": 190.141,
                    "Actual Rows": 869710,
                    "Actual Loops": 3
                  },
                  {
                    "Node Type": "Hash",
                    "Parent Relationship": "Inner",
                    "Parallel Aware": true,
                    "Startup Cost": 4739.92,
                    "Total Cost": 4739.92,
                    "Plan Rows": 691,
                    "Plan Width": 4,
                    "Actual Startup Time": 55.633,
                    "Actual Total Time": 55.634,
                    "Actual Rows": 28281,
                    "Actual Loops": 3,
                    "Hash Buckets": 131072,
                    "Original Hash Buckets": 2048,
                    "Hash Batches": 1,
                    "Original Hash Batches": 1,
                    "Peak Memory Usage": 5392,
                    "Plans": [
                      {
                        "Node Type": "Seq Scan",
                        "Parent Relationship": "Outer",
                        "Parallel Aware": true,
                        "Relation Name": "company_name",
                        "Alias": "cn",
                        "Startup Cost": 0.0,
                        "Total Cost": 4739.92,
                        "Plan Rows": 691,
                        "Plan Width": 4,
                        "Actual Startup Time": 0.028,
                        "Actual Total Time": 36.098,
                        "Actual Rows": 28281,
                        "Actual Loops": 3,
                        "Filter": "((country_code)::text = '[us]'::text)",
                        "Rows Removed by Filter": 50051
                      }
                    ]
                  }
                ]
              }
            ]
          }
        ]
      },
      {
        "Node Type": "Index Scan",
        "Parent Relationship": "Inner",
        "Parallel Aware": false,
        "Scan Direction": "Forward",
        "Index Name": "title_pkey",
        "Relation Name": "title",
        "Alias": "t",
        "Startup Cost": 0.43,
        "Total Cost": 0.52,
        "Plan Rows": 1,
        "Plan Width": 21,
        "Actual Startup Time": 0.007,
        "Actual Total Time": 0.007,
        "Actual Rows": 1,
        "Actual Loops": 1210267,
        "Index Cond": "(id = mc.movie_id)",
        "Rows Removed by Index Recheck": 0,
        "Filter": "(production_year > 1990)",
        "Rows Removed by Filter": 0
      }
    ]
  }
}