{
  "Plan": {
    "Node Type": "Hash Join",
    "Parent Relationship": "Outer",
    "Parallel Aware": true,
    "Join Type": "Inner",
    "Startup Cost": 47422.67,
    "Total Cost": 487522.95,
    "Plan Rows": 38,
    "Plan Width": 20,
    "Actual Startup Time": 4265.286,
    "Actual Total Time": 4744.298,
    "Actual Rows": 403422,
    "Actual Loops": 3,
    "Inner Unique": false,
    "Hash Cond": "(ci.movie_id = mc.movie_id)",
    "Plans": [
      {
        "Node Type": "Seq Scan",
        "Parent Relationship": "Outer",
        "Parallel Aware": true,
        "Relation Name": "cast_info",
        "Alias": "ci",
        "Startup Cost": 0.0,
        "Total Cost": 440094.5,
        "Plan Rows": 1499,
        "Plan Width": 12,
        "Actual Startup Time": 222.349,
        "Actual Total Time": 3256.578,
        "Actual Rows": 478480,
        "Actual Loops": 3,
        "Filter": "((note)::text ~~ '%(producer)%'::text)",
        "Rows Removed by Filter": 11602968
      },
      {
        "Node Type": "Hash",
        "Parent Relationship": "Inner",
        "Parallel Aware": true,
        "Startup Cost": 47354.72,
        "Total Cost": 47354.72,
        "Plan Rows": 5436,
        "Plan Width": 8,
        "Actual Startup Time": 840.132,
        "Actual Total Time": 840.372,
        "Actual Rows": 384599,
        "Actual Loops": 3,
        "Hash Buckets": 131072,
        "Original Hash Buckets": 16384,
        "Hash Batches": 16,
        "Original Hash Batches": 1,
        "Peak Memory Usage": 3872,
        "Plans": [
          {
            "Node Type": "Hash Join",
            "Parent Relationship": "Outer",
            "Parallel Aware": true,
            "Join Type": "Inner",
            "Startup Cost": 4748.56,
            "Total Cost": 47354.72,
            "Plan Rows": 5436,
            "Plan Width": 8,
            "Actual Startup Time": 55.745,
            "Actual Total Time": 616.408,
            "Actual Rows": 384599,
            "Actual Loops": 3,
            "Inner Unique": true,
            "Hash Cond": "(mc.company_id = cn.id)",
            "Plans": [
              {
                "Node Type": "Seq Scan",
                "Parent Relationship": "Outer",
                "Parallel Aware": true,
                "Relation Name": "movie_companies",
                "Alias": "mc",
                "Startup Cost": 0.0,
                "Total Cost": 39752.37,
                "Plan Rows": 1087137,
                "Plan Width": 12,
                "Actual Startup Time": 0.047,
                "Actual Total Time": 190.141,
                "Actual Rows": 869710,
                "Actual Loops": 3
              },
              {
                "Node Type": "Hash",
                "Parent Relationship": "Inner",
                "Parallel Aware": true,
                "Startup Cost": 4739.92,
                "Total Cost": 4739.92,
                "Plan Rows": 691,
                "Plan Width": 4,
                "Actual Startup Time": 55.633,
                "Actual Total Time": 55.634,
                "Actual Rows": 28281,
                "Actual Loops": 3,
                "Hash Buckets": 131072,
                "Original Hash Buckets": 2048,
                "Hash Batches": 1,
                "Original Hash Batches": 1,
                "Peak Memory Usage": 5392,
                "Plans": [
                  {
                    "Node Type": "Seq Scan",
                    "Parent Relationship": "Outer",
                    "Parallel Aware": true,
                    "Relation Name": "company_name",
                    "Alias": "cn",
                    "Startup Cost": 0.0,
                    "Total Cost": 4739.92,
                    "Plan Rows": 691,
                    "Plan Width": 4,
                    "Actual Startup Time": 0.028,
                    "Actual Total Time": 36.098,
                    "Actual Rows": 28281,
                    "Actual Loops": 3,
                    "Filter": "((country_code)::text = '[us]'::text)",
                    "Rows Removed by Filter": 50051
                  }
                ]
              }
            ]
          }
        ]
      }
    ]
  }
}