{
  "Plan": {
    "Node Type": "Merge Join",
    "Parent Relationship": "Outer",
    "Parallel Aware": false,
    "Join Type": "Inner",
    "Startup Cost": 41918.49,
    "Total Cost": 41919.28,
    "Plan Rows": 1,
    "Plan Width": 94,
    "Actual Startup Time": 642.581,
    "Actual Total Time": 649.683,
    "Actual Rows": 1464,
    "Actual Loops": 3,
    "Inner Unique": false,
    "Merge Cond": "(mc.movie_id = ml.movie_id)",
    "Plans": [
      {
        "Node Type": "Sort",
        "Parent Relationship": "Outer",
        "Parallel Aware": false,
        "Startup Cost": 41356.29,
        "Total Cost": 41363.81,
        "Plan Rows": 3010,
        "Plan Width": 8,
        "Actual Startup Time": 628.317,
        "Actual Total Time": 632.048,
        "Actual Rows": 15931,
        "Actual Loops": 3,
        "Sort Key": [
          "mc.movie_id"
        ],
        "Sort Method": "external merge",
        "Sort Space Used": 6896,
        "Sort Space Type": "Disk",
        "Workers": [
          {
            "Worker Number": 0,
            "Sort Method": "external merge",
            "Sort Space Used": 7168,
            "Sort Space Type": "Disk"
          },
          {
            "Worker Number": 1,
            "Sort Method": "external merge",
            "Sort Space Used": 7104,
            "Sort Space Type": "Disk"
          }
        ],
        "Plans": [
          {
            "Node Type": "Hash Join",
            "Parent Relationship": "Outer",
            "Parallel Aware": false,
            "Join Type": "Inner",
            "Startup Cost": 18.93,
            "Total Cost": 41182.38,
            "Plan Rows": 3010,
            "Plan Width": 8,
            "Actual Startup Time": 94.525,
            "Actual Total Time": 374.313,
            "Actual Rows": 397976,
            "Actual Loops": 3,
            "Inner Unique": true,
            "Hash Cond": "(mc.company_type_id = ct.id)",
            "Plans": [
              {
                "Node Type": "Seq Scan",
                "Parent Relationship": "Outer",
                "Parallel Aware": true,
                "Relation Name": "movie_companies",
                "Alias": "mc",
                "Startup Cost": 0.0,
                "Total Cost": 39752.37,
                "Plan Rows": 534364,
                "Plan Width": 12,
                "Actual Startup Time": 0.045,
                "Actual Total Time": 239.475,
                "Actual Rows": 423996,
                "Actual Loops": 3,
                "Filter": "(note IS NULL)",
                "Rows Removed by Filter": 445713
              },
              {
                "Node Type": "Hash",
                "Parent Relationship": "Inner",
                "Parallel Aware": false,
                "Startup Cost": 18.88,
                "Total Cost": 18.88,
                "Plan Rows": 4,
                "Plan Width": 4,
                "Actual Startup Time": 0.034,
                "Actual Total Time": 0.036,
                "Actual Rows": 1,
                "Actual Loops": 3,
                "Hash Buckets": 1024,
                "Original Hash Buckets": 1024,
                "Hash Batches": 1,
                "Original Hash Batches": 1,
                "Peak Memory Usage": 9,
                "Plans": [
                  {
                    "Node Type": "Seq Scan",
                    "Parent Relationship": "Outer",
                    "Parallel Aware": false,
                    "Relation Name": "company_type",
                    "Alias": "ct",
                    "Startup Cost": 0.0,
                    "Total Cost": 18.88,
                    "Plan Rows": 4,
                    "Plan Width": 4,
                    "Actual Startup Time": 0.025,
                    "Actual Total Time": 0.027,
                    "Actual Rows": 1,
                    "Actual Loops": 3,
                    "Filter": "((kind)::text = 'production companies'::text)",
                    "Rows Removed by Filter": 3
                  }
                ]
              }
            ]
          }
        ]
      },
      {
        "Node Type": "Sort",
        "Parent Relationship": "Inner",
        "Parallel Aware": false,
        "Startup Cost": 562.2,
        "Total Cost": 562.3,
        "Plan Rows": 42,
        "Plan Width": 86,
        "Actual Startup Time": 14.216,
        "Actual Total Time": 14.618,
        "Actual Rows": 3134,
        "Actual Loops": 3,
        "Sort Key": [
          "ml.movie_id"
        ],
        "Sort Method": "quicksort",
        "Sort Space Used": 205,
        "Sort Space Type": "Memory",
        "Workers": [
          {
            "Worker Number": 0,
            "Sort Method": "quicksort",
            "Sort Space Used": 205,
            "Sort Space Type": "Memory"
          },
          {
            "Worker Number": 1,
            "Sort Method": "quicksort",
            "Sort Space Used": 205,
            "Sort Space Type": "Memory"
          }
        ],
        "Plans": [
          {
            "Node Type": "Hash Join",
            "Parent Relationship": "Outer",
            "Parallel Aware": false,
            "Join Type": "Inner",
            "Startup Cost": 18.89,
            "Total Cost": 561.07,
            "Plan Rows": 42,
            "Plan Width": 86,
            "Actual Startup Time": 0.142,
            "Actual Total Time": 13.162,
            "Actual Rows": 2315,
            "Actual Loops": 3,
            "Inner Unique": true,
            "Hash Cond": "(ml.link_type_id = lt.id)",
            "Plans": [
              {
                "Node Type": "Seq Scan",
                "Parent Relationship": "Outer",
                "Parallel Aware": false,
                "Relation Name": "movie_link",
                "Alias": "ml",
                "Startup Cost": 0.0,
                "Total Cost": 462.97,
                "Plan Rows": 29997,
                "Plan Width": 8,
                "Actual Startup Time": 0.066,
                "Actual Total Time": 6.931,
                "Actual Rows": 29997,
                "Actual Loops": 3
              },
              {
                "Node Type": "Hash",
                "Parent Relationship": "Inner",
                "Parallel Aware": false,
                "Startup Cost": 18.88,
                "Total Cost": 18.88,
                "Plan Rows": 1,
                "Plan Width": 86,
                "Actual Startup Time": 0.041,
                "Actual Total Time": 0.043,
                "Actual Rows": 2,
                "Actual Loops": 3,
                "Hash Buckets": 1024,
                "Original Hash Buckets": 1024,
                "Hash Batches": 1,
                "Original Hash Batches": 1,
                "Peak Memory Usage": 9,
                "Plans": [
                  {
                    "Node Type": "Seq Scan",
                    "Parent Relationship": "Outer",
                    "Parallel Aware": false,
                    "Relation Name": "link_type",
                    "Alias": "lt",
                    "Startup Cost": 0.0,
                    "Total Cost": 18.88,
                    "Plan Rows": 1,
                    "Plan Width": 86,
                    "Actual Startup Time": 0.028,
                    "Actual Total Time": 0.034,
                    "Actual Rows": 2,
                    "Actual Loops": 3,
                    "Filter": "((link)::text ~~ '%follow%'::text)",
                    "Rows Removed by Filter": 16
                  }
                ]
              }
            ]
          }
        ]
      }
    ]
  }
}