{
  "Plan": {
    "Node Type": "Hash Join",
    "Parent Relationship": "Outer",
    "Parallel Aware": false,
    "Join Type": "Inner",
    "Startup Cost": 18.93,
    "Total Cost": 41182.38,
    "Plan Rows": 3010,
    "Plan Width": 8,
    "Actual Startup Time": 94.525,
    "Actual Total Time": 374.313,
    "Actual Rows": 397976,
    "Actual Loops": 3,
    "Inner Unique": true,
    "Hash Cond": "(mc.company_type_id = ct.id)",
    "Plans": [
      {
        "Node Type": "Seq Scan",
        "Parent Relationship": "Outer",
        "Parallel Aware": true,
        "Relation Name": "movie_companies",
        "Alias": "mc",
        "Startup Cost": 0.0,
        "Total Cost": 39752.37,
        "Plan Rows": 534364,
        "Plan Width": 12,
        "Actual Startup Time": 0.045,
        "Actual Total Time": 239.475,
        "Actual Rows": 423996,
        "Actual Loops": 3,
        "Filter": "(note IS NULL)",
        "Rows Removed by Filter": 445713
      },
      {
        "Node Type": "Hash",
        "Parent Relationship": "Inner",
        "Parallel Aware": false,
        "Startup Cost": 18.88,
        "Total Cost": 18.88,
        "Plan Rows": 4,
        "Plan Width": 4,
        "Actual Startup Time": 0.034,
        "Actual Total Time": 0.036,
        "Actual Rows": 1,
        "Actual Loops": 3,
        "Hash Buckets": 1024,
        "Original Hash Buckets": 1024,
        "Hash Batches": 1,
        "Original Hash Batches": 1,
        "Peak Memory Usage": 9,
        "Plans": [
          {
            "Node Type": "Seq Scan",
            "Parent Relationship": "Outer",
            "Parallel Aware": false,
            "Relation Name": "company_type",
            "Alias": "ct",
            "Startup Cost": 0.0,
            "Total Cost": 18.88,
            "Plan Rows": 4,
            "Plan Width": 4,
            "Actual Startup Time": 0.025,
            "Actual Total Time": 0.027,
            "Actual Rows": 1,
            "Actual Loops": 3,
            "Filter": "((kind)::text = 'production companies'::text)",
            "Rows Removed by Filter": 3
          }
        ]
      }
    ]
  }
}