{
  "Plan": {
    "Node Type": "Hash Join",
    "Parent Relationship": "Outer",
    "Parallel Aware": false,
    "Join Type": "Inner",
    "Startup Cost": 2832.0,
    "Total Cost": 51083.91,
    "Plan Rows": 28281,
    "Plan Width": 4,
    "Actual Startup Time": 48.288,
    "Actual Total Time": 605.657,
    "Actual Rows": 15801,
    "Actual Loops": 3,
    "Inner Unique": true,
    "Hash Cond": "(mk.keyword_id = k.id)",
    "Plans": [
      {
        "Node Type": "Seq Scan",
        "Parent Relationship": "Outer",
        "Parallel Aware": true,
        "Relation Name": "movie_keyword",
        "Alias": "mk",
        "Startup Cost": 0.0,
        "Total Cost": 43303.71,
        "Plan Rows": 1884971,
        "Plan Width": 8,
        "Actual Startup Time": 0.048,
        "Actual Total Time": 277.672,
        "Actual Rows": 1507977,
        "Actual Loops": 3
      },
      {
        "Node Type": "Hash",
        "Parent Relationship": "Inner",
        "Parallel Aware": false,
        "Startup Cost": 2806.84,
        "Total Cost": 2806.84,
        "Plan Rows": 2013,
        "Plan Width": 4,
        "Actual Startup Time": 48.14,
        "Actual Total Time": 48.142,
        "Actual Rows": 3,
        "Actual Loops": 3,
        "Hash Buckets": 2048,
        "Original Hash Buckets": 2048,
        "Hash Batches": 1,
        "Original Hash Batches": 1,
        "Peak Memory Usage": 17,
        "Plans": [
          {
            "Node Type": "Seq Scan",
            "Parent Relationship": "Outer",
            "Parallel Aware": false,
            "Relation Name": "keyword",
            "Alias": "k",
            "Startup Cost": 0.0,
            "Total Cost": 2806.84,
            "Plan Rows": 2013,
            "Plan Width": 4,
            "Actual Startup Time": 1.83,
            "Actual Total Time": 48.127,
            "Actual Rows": 3,
            "Actual Loops": 3,
            "Filter": "((keyword)::text = ANY ('{sequel,revenge,based-on-novel}'::text[]))",
            "Rows Removed by Filter": 134167
          }
        ]
      }
    ]
  }
}