{
  "Plan": {
    "Node Type": "Hash Join",
    "Parent Relationship": "Outer",
    "Parallel Aware": true,
    "Join Type": "Inner",
    "Startup Cost": 5448.24,
    "Total Cost": 46651.66,
    "Plan Rows": 5485,
    "Plan Width": 64,
    "Actual Startup Time": 40.123,
    "Actual Total Time": 341.169,
    "Actual Rows": 4631,
    "Actual Loops": 3,
    "Inner Unique": true,
    "Hash Cond": "(mc.company_id = cn.id)",
    "Plans": [
      {
        "Node Type": "Seq Scan",
        "Parent Relationship": "Outer",
        "Parallel Aware": true,
        "Relation Name": "movie_companies",
        "Alias": "mc",
        "Startup Cost": 0.0,
        "Total Cost": 39752.37,
        "Plan Rows": 552773,
        "Plan Width": 36,
        "Actual Startup Time": 0.047,
        "Actual Total Time": 234.559,
        "Actual Rows": 445713,
        "Actual Loops": 3,
        "Filter": "(note IS NOT NULL)",
        "Rows Removed by Filter": 423996
      },
      {
        "Node Type": "Hash",
        "Parent Relationship": "Inner",
        "Parallel Aware": true,
        "Startup Cost": 5431.09,
        "Total Cost": 5431.09,
        "Plan Rows": 1372,
        "Plan Width": 36,
        "Actual Startup Time": 39.356,
        "Actual Total Time": 39.357,
        "Actual Rows": 30,
        "Actual Loops": 3,
        "Hash Buckets": 4096,
        "Original Hash Buckets": 4096,
        "Hash Batches": 1,
        "Original Hash Batches": 1,
        "Peak Memory Usage": 128,
        "Plans": [
          {
            "Node Type": "Seq Scan",
            "Parent Relationship": "Outer",
            "Parallel Aware": true,
            "Relation Name": "company_name",
            "Alias": "cn",
            "Startup Cost": 0.0,
            "Total Cost": 5431.09,
            "Plan Rows": 1372,
            "Plan Width": 36,
            "Actual Startup Time": 0.705,
            "Actual Total Time": 39.272,
            "Actual Rows": 30,
            "Actual Loops": 3,
            "Filter": "(((country_code)::text <> '[pl]'::text) AND (((name)::text ~~ '20th Century Fox%'::text) OR ((name)::text ~~ 'Twentieth Century Fox%'::text)))",
            "Rows Removed by Filter": 78303
          }
        ]
      }
    ]
  }
}