{
  "Plan": {
    "Node Type": "Merge Join",
    "Parent Relationship": "Outer",
    "Parallel Aware": false,
    "Join Type": "Inner",
    "Startup Cost": 2694.12,
    "Total Cost": 10401.52,
    "Plan Rows": 11304,
    "Plan Width": 29,
    "Actual Startup Time": 22.007,
    "Actual Total Time": 160.159,
    "Actual Rows": 9909,
    "Actual Loops": 3,
    "Inner Unique": false,
    "Merge Cond": "(t.id = ml.movie_id)",
    "Plans": [
      {
        "Node Type": "Index Scan",
        "Parent Relationship": "Outer",
        "Parallel Aware": true,
        "Scan Direction": "Forward",
        "Index Name": "title_pkey",
        "Relation Name": "title",
        "Alias": "t",
        "Startup Cost": 0.43,
        "Total Cost": 98203.59,
        "Plan Rows": 952718,
        "Plan Width": 21,
        "Actual Startup Time": 0.16,
        "Actual Total Time": 120.952,
        "Actual Rows": 59309,
        "Actual Loops": 3,
        "Filter": "(production_year > 1950)",
        "Rows Removed by Filter": 2750
      },
      {
        "Node Type": "Sort",
        "Parent Relationship": "Inner",
        "Parallel Aware": false,
        "Startup Cost": 2693.63,
        "Total Cost": 2768.62,
        "Plan Rows": 29997,
        "Plan Width": 8,
        "Actual Startup Time": 21.398,
        "Actual Total Time": 25.992,
        "Actual Rows": 29997,
        "Actual Loops": 3,
        "Sort Key": [
          "ml.movie_id"
        ],
        "Sort Method": "quicksort",
        "Sort Space Used": 2175,
        "Sort Space Type": "Memory",
        "Workers": [
          {
            "Worker Number": 0,
            "Sort Method": "quicksort",
            "Sort Space Used": 2175,
            "Sort Space Type": "Memory"
          },
          {
            "Worker Number": 1,
            "Sort Method": "quicksort",
            "Sort Space Used": 2175,
            "Sort Space Type": "Memory"
          }
        ],
        "Plans": [
          {
            "Node Type": "Seq Scan",
            "Parent Relationship": "Outer",
            "Parallel Aware": false,
            "Relation Name": "movie_link",
            "Alias": "ml",
            "Startup Cost": 0.0,
            "Total Cost": 462.97,
            "Plan Rows": 29997,
            "Plan Width": 8,
            "Actual Startup Time": 0.037,
            "Actual Total Time": 9.659,
            "Actual Rows": 29997,
            "Actual Loops": 3
          }
        ]
      }
    ]
  }
}