{
  "Plan": {
    "Node Type": "Hash Join",
    "Parent Relationship": "Outer",
    "Parallel Aware": true,
    "Join Type": "Inner",
    "Startup Cost": 51437.43,
    "Total Cost": 97711.1,
    "Plan Rows": 72627,
    "Plan Width": 40,
    "Actual Startup Time": 620.721,
    "Actual Total Time": 987.106,
    "Actual Rows": 56471,
    "Actual Loops": 3,
    "Inner Unique": false,
    "Hash Cond": "(mc.movie_id = mk.movie_id)",
    "Plans": [
      {
        "Node Type": "Seq Scan",
        "Parent Relationship": "Outer",
        "Parallel Aware": true,
        "Relation Name": "movie_companies",
        "Alias": "mc",
        "Startup Cost": 0.0,
        "Total Cost": 39752.37,
        "Plan Rows": 552773,
        "Plan Width": 36,
        "Actual Startup Time": 0.052,
        "Actual Total Time": 240.55,
        "Actual Rows": 445713,
        "Actual Loops": 3,
        "Filter": "(note IS NOT NULL)",
        "Rows Removed by Filter": 423996
      },
      {
        "Node Type": "Hash",
        "Parent Relationship": "Inner",
        "Parallel Aware": true,
        "Startup Cost": 51083.91,
        "Total Cost": 51083.91,
        "Plan Rows": 28281,
        "Plan Width": 4,
        "Actual Startup Time": 620.031,
        "Actual Total Time": 620.036,
        "Actual Rows": 15801,
        "Actual Loops": 3,
        "Hash Buckets": 131072,
        "Original Hash Buckets": 131072,
        "Hash Batches": 1,
        "Original Hash Batches": 1,
        "Peak Memory Usage": 2944,
        "Plans": [
          {
            "Node Type": "Hash Join",
            "Parent Relationship": "Outer",
            "Parallel Aware": false,
            "Join Type": "Inner",
            "Startup Cost": 2832.0,
            "Total Cost": 51083.91,
            "Plan Rows": 28281,
            "Plan Width": 4,
            "Actual Startup Time": 45.986,
            "Actual Total Time": 609.147,
            "Actual Rows": 15801,
            "Actual Loops": 3,
            "Inner Unique": true,
            "Hash Cond": "(mk.keyword_id = k.id)",
            "Plans": [
              {
                "Node Type": "Seq Scan",
                "Parent Relationship": "Outer",
                "Parallel Aware": true,
                "Relation Name": "movie_keyword",
                "Alias": "mk",
                "Startup Cost": 0.0,
                "Total Cost": 43303.71,
                "Plan Rows": 1884971,
                "Plan Width": 8,
                "Actual Startup Time": 0.053,
                "Actual Total Time": 281.529,
                "Actual Rows": 1507977,
                "Actual Loops": 3
              },
              {
                "Node Type": "Hash",
                "Parent Relationship": "Inner",
                "Parallel Aware": false,
                "Startup Cost": 2806.84,
                "Total Cost": 2806.84,
                "Plan Rows": 2013,
                "Plan Width": 4,
                "Actual Startup Time": 45.852,
                "Actual Total Time": 45.854,
                "Actual Rows": 3,
                "Actual Loops": 3,
                "Hash Buckets": 2048,
                "Original Hash Buckets": 2048,
                "Hash Batches": 1,
                "Original Hash Batches": 1,
                "Peak Memory Usage": 17,
                "Plans": [
                  {
                    "Node Type": "Seq Scan",
                    "Parent Relationship": "Outer",
                    "Parallel Aware": false,
                    "Relation Name": "keyword",
                    "Alias": "k",
                    "Startup Cost": 0.0,
                    "Total Cost": 2806.84,
                    "Plan Rows": 2013,
                    "Plan Width": 4,
                    "Actual Startup Time": 1.761,
                    "Actual Total Time": 45.842,
                    "Actual Rows": 3,
                    "Actual Loops": 3,
                    "Filter": "((keyword)::text = ANY ('{sequel,revenge,based-on-novel}'::text[]))",
                    "Rows Removed by Filter": 134167
                  }
                ]
              }
            ]
          }
        ]
      }
    ]
  }
}