{
  "Plan": {
    "Node Type": "Hash Join",
    "Parent Relationship": "Outer",
    "Parallel Aware": false,
    "Join Type": "Inner",
    "Startup Cost": 2.43,
    "Total Cost": 240340.22,
    "Plan Rows": 54491,
    "Plan Width": 46,
    "Actual Startup Time": 1188.343,
    "Actual Total Time": 2051.968,
    "Actual Rows": 40621,
    "Actual Loops": 3,
    "Inner Unique": true,
    "Hash Cond": "(mi.info_type_id = it1.id)",
    "Plans": [
      {
        "Node Type": "Seq Scan",
        "Parent Relationship": "Outer",
        "Parallel Aware": true,
        "Relation Name": "movie_info",
        "Alias": "mi",
        "Startup Cost": 0.0,
        "Total Cost": 223568.11,
        "Plan Rows": 6157511,
        "Plan Width": 50,
        "Actual Startup Time": 0.058,
        "Actual Total Time": 1094.741,
        "Actual Rows": 4945240,
        "Actual Loops": 3
      },
      {
        "Node Type": "Hash",
        "Parent Relationship": "Inner",
        "Parallel Aware": false,
        "Startup Cost": 2.41,
        "Total Cost": 2.41,
        "Plan Rows": 1,
        "Plan Width": 4,
        "Actual Startup Time": 0.045,
        "Actual Total Time": 0.056,
        "Actual Rows": 1,
        "Actual Loops": 3,
        "Hash Buckets": 1024,
        "Original Hash Buckets": 1024,
        "Hash Batches": 1,
        "Original Hash Batches": 1,
        "Peak Memory Usage": 9,
        "Plans": [
          {
            "Node Type": "Seq Scan",
            "Parent Relationship": "Outer",
            "Parallel Aware": false,
            "Relation Name": "info_type",
            "Alias": "it1",
            "Startup Cost": 0.0,
            "Total Cost": 2.41,
            "Plan Rows": 1,
            "Plan Width": 4,
            "Actual Startup Time": 0.036,
            "Actual Total Time": 0.041,
            "Actual Rows": 1,
            "Actual Loops": 3,
            "Filter": "((info)::text = 'budget'::text)",
            "Rows Removed by Filter": 112
          }
        ]
      }
    ]
  }
}