{
  "Plan": {
    "Node Type": "Hash Join",
    "Parent Relationship": "Outer",
    "Parallel Aware": false,
    "Join Type": "Inner",
    "Startup Cost": 2.43,
    "Total Cost": 239261.69,
    "Plan Rows": 966,
    "Plan Width": 4,
    "Actual Startup Time": 1530.249,
    "Actual Total Time": 1767.295,
    "Actual Rows": 90907,
    "Actual Loops": 3,
    "Inner Unique": true,
    "Hash Cond": "(mi.info_type_id = it1.id)",
    "Plans": [
      {
        "Node Type": "Seq Scan",
        "Parent Relationship": "Outer",
        "Parallel Aware": true,
        "Relation Name": "movie_info",
        "Alias": "mi",
        "Startup Cost": 0.0,
        "Total Cost": 238961.89,
        "Plan Rows": 109193,
        "Plan Width": 8,
        "Actual Startup Time": 1070.32,
        "Actual Total Time": 1739.079,
        "Actual Rows": 91548,
        "Actual Loops": 3,
        "Filter": "((info)::text = ANY ('{Drama,Horror}'::text[]))",
        "Rows Removed by Filter": 4853692
      },
      {
        "Node Type": "Hash",
        "Parent Relationship": "Inner",
        "Parallel Aware": false,
        "Startup Cost": 2.41,
        "Total Cost": 2.41,
        "Plan Rows": 1,
        "Plan Width": 4,
        "Actual Startup Time": 0.081,
        "Actual Total Time": 0.084,
        "Actual Rows": 1,
        "Actual Loops": 3,
        "Hash Buckets": 1024,
        "Original Hash Buckets": 1024,
        "Hash Batches": 1,
        "Original Hash Batches": 1,
        "Peak Memory Usage": 9,
        "Plans": [
          {
            "Node Type": "Seq Scan",
            "Parent Relationship": "Outer",
            "Parallel Aware": false,
            "Relation Name": "info_type",
            "Alias": "it1",
            "Startup Cost": 0.0,
            "Total Cost": 2.41,
            "Plan Rows": 1,
            "Plan Width": 4,
            "Actual Startup Time": 0.043,
            "Actual Total Time": 0.069,
            "Actual Rows": 1,
            "Actual Loops": 3,
            "Filter": "((info)::text = 'genres'::text)",
            "Rows Removed by Filter": 112
          }
        ]
      }
    ]
  }
}