{
  "Plan": {
    "Node Type": "Hash Join",
    "Parent Relationship": "Outer",
    "Parallel Aware": false,
    "Join Type": "Inner",
    "Startup Cost": 20.74,
    "Total Cost": 42643.88,
    "Plan Rows": 10718,
    "Plan Width": 8,
    "Actual Startup Time": 0.129,
    "Actual Total Time": 505.923,
    "Actual Rows": 869710,
    "Actual Loops": 3,
    "Inner Unique": true,
    "Hash Cond": "(mc.company_type_id = ct.id)",
    "Plans": [
      {
        "Node Type": "Seq Scan",
        "Parent Relationship": "Outer",
        "Parallel Aware": true,
        "Relation Name": "movie_companies",
        "Alias": "mc",
        "Startup Cost": 0.0,
        "Total Cost": 39752.37,
        "Plan Rows": 1087137,
        "Plan Width": 12,
        "Actual Startup Time": 0.046,
        "Actual Total Time": 184.958,
        "Actual Rows": 869710,
        "Actual Loops": 3
      },
      {
        "Node Type": "Hash",
        "Parent Relationship": "Inner",
        "Parallel Aware": false,
        "Startup Cost": 20.65,
        "Total Cost": 20.65,
        "Plan Rows": 7,
        "Plan Width": 4,
        "Actual Startup Time": 0.045,
        "Actual Total Time": 0.054,
        "Actual Rows": 2,
        "Actual Loops": 3,
        "Hash Buckets": 1024,
        "Original Hash Buckets": 1024,
        "Hash Batches": 1,
        "Original Hash Batches": 1,
        "Peak Memory Usage": 9,
        "Plans": [
          {
            "Node Type": "Seq Scan",
            "Parent Relationship": "Outer",
            "Parallel Aware": false,
            "Relation Name": "company_type",
            "Alias": "ct",
            "Startup Cost": 0.0,
            "Total Cost": 20.65,
            "Plan Rows": 7,
            "Plan Width": 4,
            "Actual Startup Time": 0.027,
            "Actual Total Time": 0.035,
            "Actual Rows": 2,
            "Actual Loops": 3,
            "Filter": "((kind IS NOT NULL) AND (((kind)::text = 'production companies'::text) OR ((kind)::text = 'distributors'::text)))",
            "Rows Removed by Filter": 2
          }
        ]
      }
    ]
  }
}