{
  "Plan": {
    "Node Type": "Hash Join",
    "Parent Relationship": "Outer",
    "Parallel Aware": false,
    "Join Type": "Inner",
    "Startup Cost": 2.43,
    "Total Cost": 15341.62,
    "Plan Rows": 703,
    "Plan Width": 9,
    "Actual Startup Time": 0.182,
    "Actual Total Time": 248.248,
    "Actual Rows": 40524,
    "Actual Loops": 3,
    "Inner Unique": true,
    "Hash Cond": "(mi_idx.info_type_id = it2.id)",
    "Plans": [
      {
        "Node Type": "Seq Scan",
        "Parent Relationship": "Outer",
        "Parallel Aware": true,
        "Relation Name": "movie_info_idx",
        "Alias": "mi_idx",
        "Startup Cost": 0.0,
        "Total Cost": 15122.68,
        "Plan Rows": 79497,
        "Plan Width": 13,
        "Actual Startup Time": 0.094,
        "Actual Total Time": 229.573,
        "Actual Rows": 64322,
        "Actual Loops": 3,
        "Filter": "((info)::text > '7.0'::text)",
        "Rows Removed by Filter": 395689
      },
      {
        "Node Type": "Hash",
        "Parent Relationship": "Inner",
        "Parallel Aware": false,
        "Startup Cost": 2.41,
        "Total Cost": 2.41,
        "Plan Rows": 1,
        "Plan Width": 4,
        "Actual Startup Time": 0.061,
        "Actual Total Time": 0.062,
        "Actual Rows": 1,
        "Actual Loops": 3,
        "Hash Buckets": 1024,
        "Original Hash Buckets": 1024,
        "Hash Batches": 1,
        "Original Hash Batches": 1,
        "Peak Memory Usage": 9,
        "Plans": [
          {
            "Node Type": "Seq Scan",
            "Parent Relationship": "Outer",
            "Parallel Aware": false,
            "Relation Name": "info_type",
            "Alias": "it2",
            "Startup Cost": 0.0,
            "Total Cost": 2.41,
            "Plan Rows": 1,
            "Plan Width": 4,
            "Actual Startup Time": 0.047,
            "Actual Total Time": 0.05,
            "Actual Rows": 1,
            "Actual Loops": 3,
            "Filter": "((info)::text = 'rating'::text)",
            "Rows Removed by Filter": 112
          }
        ]
      }
    ]
  }
}