{
  "Plan": {
    "Node Type": "Nested Loop",
    "Parent Relationship": "Outer",
    "Parallel Aware": false,
    "Join Type": "Inner",
    "Startup Cost": 270085.36,
    "Total Cost": 312731.61,
    "Plan Rows": 1,
    "Plan Width": 54,
    "Actual Startup Time": 2525.103,
    "Actual Total Time": 3106.71,
    "Actual Rows": 1570,
    "Actual Loops": 3,
    "Inner Unique": true,
    "Join Filter": "(mi.movie_id = t.id)",
    "Rows Removed by Join Filter": 0,
    "Plans": [
      {
        "Node Type": "Nested Loop",
        "Parent Relationship": "Outer",
        "Parallel Aware": false,
        "Join Type": "Inner",
        "Startup Cost": 270084.93,
        "Total Cost": 312731.08,
        "Plan Rows": 1,
        "Plan Width": 49,
        "Actual Startup Time": 2523.073,
        "Actual Total Time": 3037.57,
        "Actual Rows": 4251,
        "Actual Loops": 3,
        "Inner Unique": true,
        "Plans": [
          {
            "Node Type": "Hash Join",
            "Parent Relationship": "Outer",
            "Parallel Aware": true,
            "Join Type": "Inner",
            "Startup Cost": 270084.51,
            "Total Cost": 312730.63,
            "Plan Rows": 1,
            "Plan Width": 21,
            "Actual Startup Time": 2522.858,
            "Actual Total Time": 2927.398,
            "Actual Rows": 12740,
            "Actual Loops": 3,
            "Inner Unique": false,
            "Hash Cond": "(mc.movie_id = mi.movie_id)",
            "Plans": [
              {
                "Node Type": "Hash Join",
                "Parent Relationship": "Outer",
                "Parallel Aware": false,
                "Join Type": "Inner",
                "Startup Cost": 18.93,
                "Total Cost": 42642.06,
                "Plan Rows": 6125,
                "Plan Width": 8,
                "Actual Startup Time": 158.579,
                "Actual Total Time": 436.934,
                "Actual Rows": 444961,
                "Actual Loops": 3,
                "Inner Unique": true,
                "Hash Cond": "(mc.company_type_id = ct.id)",
                "Plans": [
                  {
                    "Node Type": "Seq Scan",
                    "Parent Relationship": "Outer",
                    "Parallel Aware": true,
                    "Relation Name": "movie_companies",
                    "Alias": "mc",
                    "Startup Cost": 0.0,
                    "Total Cost": 39752.37,
                    "Plan Rows": 1087137,
                    "Plan Width": 12,
                    "Actual Startup Time": 0.064,
                    "Actual Total Time": 184.183,
                    "Actual Rows": 869710,
                    "Actual Loops": 3
                  },
                  {
                    "Node Type": "Hash",
                    "Parent Relationship": "Inner",
                    "Parallel Aware": false,
                    "Startup Cost": 18.88,
                    "Total Cost": 18.88,
                    "Plan Rows": 4,
                    "Plan Width": 4,
                    "Actual Startup Time": 0.048,
                    "Actual Total Time": 0.051,
                    "Actual Rows": 1,
                    "Actual Loops": 3,
                    "Hash Buckets": 1024,
                    "Original Hash Buckets": 1024,
                    "Hash Batches": 1,
                    "Original Hash Batches": 1,
                    "Peak Memory Usage": 9,
                    "Plans": [
                      {
                        "Node Type": "Seq Scan",
                        "Parent Relationship": "Outer",
                        "Parallel Aware": false,
                        "Relation Name": "company_type",
                        "Alias": "ct",
                        "Startup Cost": 0.0,
                        "Total Cost": 18.88,
                        "Plan Rows": 4,
                        "Plan Width": 4,
                        "Actual Startup Time": 0.032,
                        "Actual Total Time": 0.035,
                        "Actual Rows": 1,
                        "Actual Loops": 3,
                        "Filter": "((kind)::text = 'production companies'::text)",
                        "Rows Removed by Filter": 3
                      }
                    ]
                  }
                ]
              },
              {
                "Node Type": "Hash",
                "Parent Relationship": "Inner",
                "Parallel Aware": true,
                "Startup Cost": 270065.54,
                "Total Cost": 270065.54,
                "Plan Rows": 4,
                "Plan Width": 13,
                "Actual Startup Time": 2363.771,
                "Actual Total Time": 2363.804,
                "Actual Rows": 7396,
                "Actual Loops": 3,
                "Hash Buckets": 32768,
                "Original Hash Buckets": 1024,
                "Hash Batches": 1,
                "Original Hash Batches": 1,
                "Peak Memory Usage": 1560,
                "Plans": [
                  {
                    "Node Type": "Hash Join",
                    "Parent Relationship": "Outer",
                    "Parallel Aware": true,
                    "Join Type": "Inner",
                    "Startup Cost": 15352.83,
                    "Total Cost": 270065.54,
                    "Plan Rows": 4,
                    "Plan Width": 13,
                    "Actual Startup Time": 2017.04,
                    "Actual Total Time": 2341.426,
                    "Actual Rows": 7396,
                    "Actual Loops": 3,
                    "Inner Unique": false,
                    "Hash Cond": "(mi.movie_id = mi_idx.movie_id)",
                    "Plans": [
                      {
                        "Node Type": "Hash Join",
                        "Parent Relationship": "Outer",
                        "Parallel Aware": false,
                        "Join Type": "Inner",
                        "Startup Cost": 2.43,
                        "Total Cost": 254710.81,
                        "Plan Rows": 1146,
                        "Plan Width": 4,
                        "Actual Startup Time": 1736.888,
                        "Actual Total Time": 2010.015,
                        "Actual Rows": 108418,
                        "Actual Loops": 3,
                        "Inner Unique": true,
                        "Hash Cond": "(mi.info_type_id = it1.id)",
                        "Plans": [
                          {
                            "Node Type": "Seq Scan",
                            "Parent Relationship": "Outer",
                            "Parallel Aware": true,
                            "Relation Name": "movie_info",
                            "Alias": "mi",
                            "Startup Cost": 0.0,
                            "Total Cost": 254355.67,
                            "Plan Rows": 129513,
                            "Plan Width": 8,
                            "Actual Startup Time": 1218.741,
                            "Actual Total Time": 1976.324,
                            "Actual Rows": 109104,
                            "Actual Loops": 3,
                            "Filter": "((info)::text = ANY ('{Drama,Horror,Western,Family}'::text[]))",
                            "Rows Removed by Filter": 4836136
                          },
                          {
                            "Node Type": "Hash",
                            "Parent Relationship": "Inner",
                            "Parallel Aware": false,
                            "Startup Cost": 2.41,
                            "Total Cost": 2.41,
                            "Plan Rows": 1,
                            "Plan Width": 4,
                            "Actual Startup Time": 0.073,
                            "Actual Total Time": 0.075,
                            "Actual Rows": 1,
                            "Actual Loops": 3,
                            "Hash Buckets": 1024,
                            "Original Hash Buckets": 1024,
                            "Hash Batches": 1,
                            "Original Hash Batches": 1,
                            "Peak Memory Usage": 9,
                            "Plans": [
                              {
                                "Node Type": "Seq Scan",
                                "Parent Relationship": "Outer",
                                "Parallel Aware": false,
                                "Relation Name": "info_type",
                                "Alias": "it1",
                                "Startup Cost": 0.0,
                                "Total Cost": 2.41,
                                "Plan Rows": 1,
                                "Plan Width": 4,
                                "Actual Startup Time": 0.037,
                                "Actual Total Time": 0.061,
                                "Actual Rows": 1,
                                "Actual Loops": 3,
                                "Filter": "((info)::text = 'genres'::text)",
                                "Rows Removed by Filter": 112
                              }
                            ]
                          }
                        ]
                      },
                      {
                        "Node Type": "Hash",
                        "Parent Relationship": "Inner",
                        "Parallel Aware": true,
                        "Startup Cost": 15341.62,
                        "Total Cost": 15341.62,
                        "Plan Rows": 703,
                        "Plan Width": 9,
                        "Actual Startup Time": 280.046,
                        "Actual Total Time": 280.053,
                        "Actual Rows": 40524,
                        "Actual Loops": 3,
                        "Hash Buckets": 131072,
                        "Original Hash Buckets": 2048,
                        "Hash Batches": 1,
                        "Original Hash Batches": 1,
                        "Peak Memory Usage": 6832,
                        "Plans": [
                          {
                            "Node Type": "Hash Join",
                            "Parent Relationship": "Outer",
                            "Parallel Aware": false,
                            "Join Type": "Inner",
                            "Startup Cost": 2.43,
                            "Total Cost": 15341.62,
                            "Plan Rows": 703,
                            "Plan Width": 9,
                            "Actual Startup Time": 0.182,
                            "Actual Total Time": 248.248,
                            "Actual Rows": 40524,
                            "Actual Loops": 3,
                            "Inner Unique": true,
                            "Hash Cond": "(mi_idx.info_type_id = it2.id)",
                            "Plans": [
                              {
                                "Node Type": "Seq Scan",
                                "Parent Relationship": "Outer",
                                "Parallel Aware": true,
                                "Relation Name": "movie_info_idx",
                                "Alias": "mi_idx",
                                "Startup Cost": 0.0,
                                "Total Cost": 15122.68,
                                "Plan Rows": 79497,
                                "Plan Width": 13,
                                "Actual Startup Time": 0.094,
                                "Actual Total Time": 229.573,
                                "Actual Rows": 64322,
                                "Actual Loops": 3,
                                "Filter": "((info)::text > '7.0'::text)",
                                "Rows Removed by Filter": 395689
                              },
                              {
                                "Node Type": "Hash",
                                "Parent Relationship": "Inner",
                                "Parallel Aware": false,
                                "Startup Cost": 2.41,
                                "Total Cost": 2.41,
                                "Plan Rows": 1,
                                "Plan Width": 4,
                                "Actual Startup Time": 0.061,
                                "Actual Total Time": 0.062,
                                "Actual Rows": 1,
                                "Actual Loops": 3,
                                "Hash Buckets": 1024,
                                "Original Hash Buckets": 1024,
                                "Hash Batches": 1,
                                "Original Hash Batches": 1,
                                "Peak Memory Usage": 9,
                                "Plans": [
                                  {
                                    "Node Type": "Seq Scan",
                                    "Parent Relationship": "Outer",
                                    "Parallel Aware": false,
                                    "Relation Name": "info_type",
                                    "Alias": "it2",
                                    "Startup Cost": 0.0,
                                    "Total Cost": 2.41,
                                    "Plan Rows": 1,
                                    "Plan Width": 4,
                                    "Actual Startup Time": 0.047,
                                    "Actual Total Time": 0.05,
                                    "Actual Rows": 1,
                                    "Actual Loops": 3,
                                    "Filter": "((info)::text = 'rating'::text)",
                                    "Rows Removed by Filter": 112
                                  }
                                ]
                              }
                            ]
                          }
                        ]
                      }
                    ]
                  }
                ]
              }
            ]
          },
          {
            "Node Type": "Index Scan",
            "Parent Relationship": "Inner",
            "Parallel Aware": false,
            "Scan Direction": "Forward",
            "Index Name": "company_name_pkey",
            "Relation Name": "company_name",
            "Alias": "cn",
            "Startup Cost": 0.42,
            "Total Cost": 0.45,
            "Plan Rows": 1,
            "Plan Width": 36,
            "Actual Startup Time": 0.008,
            "Actual Total Time": 0.008,
            "Actual Rows": 0,
            "Actual Loops": 38219,
            "Index Cond": "(id = mc.company_id)",
            "Rows Removed by Index Recheck": 0,
            "Filter": "((country_code)::text = '[us]'::text)",
            "Rows Removed by Filter": 1
          }
        ]
      },
      {
        "Node Type": "Index Scan",
        "Parent Relationship": "Inner",
        "Parallel Aware": false,
        "Scan Direction": "Forward",
        "Index Name": "title_pkey",
        "Relation Name": "title",
        "Alias": "t",
        "Startup Cost": 0.43,
        "Total Cost": 0.52,
        "Plan Rows": 1,
        "Plan Width": 21,
        "Actual Startup Time": 0.016,
        "Actual Total Time": 0.016,
        "Actual Rows": 0,
        "Actual Loops": 12752,
        "Index Cond": "(id = mc.movie_id)",
        "Rows Removed by Index Recheck": 0,
        "Filter": "((production_year >= 2000) AND (production_year <= 2010))",
        "Rows Removed by Filter": 1
      }
    ]
  }
}