{
  "Plan": {
    "Node Type": "Hash Join",
    "Parent Relationship": "Outer",
    "Parallel Aware": false,
    "Join Type": "Inner",
    "Startup Cost": 2.43,
    "Total Cost": 254710.81,
    "Plan Rows": 1146,
    "Plan Width": 4,
    "Actual Startup Time": 1736.888,
    "Actual Total Time": 2010.015,
    "Actual Rows": 108418,
    "Actual Loops": 3,
    "Inner Unique": true,
    "Hash Cond": "(mi.info_type_id = it1.id)",
    "Plans": [
      {
        "Node Type": "Seq Scan",
        "Parent Relationship": "Outer",
        "Parallel Aware": true,
        "Relation Name": "movie_info",
        "Alias": "mi",
        "Startup Cost": 0.0,
        "Total Cost": 254355.67,
        "Plan Rows": 129513,
        "Plan Width": 8,
        "Actual Startup Time": 1218.741,
        "Actual Total Time": 1976.324,
        "Actual Rows": 109104,
        "Actual Loops": 3,
        "Filter": "((info)::text = ANY ('{Drama,Horror,Western,Family}'::text[]))",
        "Rows Removed by Filter": 4836136
      },
      {
        "Node Type": "Hash",
        "Parent Relationship": "Inner",
        "Parallel Aware": false,
        "Startup Cost": 2.41,
        "Total Cost": 2.41,
        "Plan Rows": 1,
        "Plan Width": 4,
        "Actual Startup Time": 0.073,
        "Actual Total Time": 0.075,
        "Actual Rows": 1,
        "Actual Loops": 3,
        "Hash Buckets": 1024,
        "Original Hash Buckets": 1024,
        "Hash Batches": 1,
        "Original Hash Batches": 1,
        "Peak Memory Usage": 9,
        "Plans": [
          {
            "Node Type": "Seq Scan",
            "Parent Relationship": "Outer",
            "Parallel Aware": false,
            "Relation Name": "info_type",
            "Alias": "it1",
            "Startup Cost": 0.0,
            "Total Cost": 2.41,
            "Plan Rows": 1,
            "Plan Width": 4,
            "Actual Startup Time": 0.037,
            "Actual Total Time": 0.061,
            "Actual Rows": 1,
            "Actual Loops": 3,
            "Filter": "((info)::text = 'genres'::text)",
            "Rows Removed by Filter": 112
          }
        ]
      }
    ]
  }
}