{
  "Plan": {
    "Node Type": "Hash Join",
    "Parent Relationship": "Outer",
    "Parallel Aware": true,
    "Join Type": "Inner",
    "Startup Cost": 4748.56,
    "Total Cost": 47354.72,
    "Plan Rows": 5436,
    "Plan Width": 4,
    "Actual Startup Time": 305.42,
    "Actual Total Time": 382.963,
    "Actual Rows": 1,
    "Actual Loops": 3,
    "Inner Unique": true,
    "Hash Cond": "(mc.company_id = cn.id)",
    "Plans": [
      {
        "Node Type": "Seq Scan",
        "Parent Relationship": "Outer",
        "Parallel Aware": true,
        "Relation Name": "movie_companies",
        "Alias": "mc",
        "Startup Cost": 0.0,
        "Total Cost": 39752.37,
        "Plan Rows": 1087137,
        "Plan Width": 8,
        "Actual Startup Time": 0.057,
        "Actual Total Time": 177.024,
        "Actual Rows": 869710,
        "Actual Loops": 3
      },
      {
        "Node Type": "Hash",
        "Parent Relationship": "Inner",
        "Parallel Aware": true,
        "Startup Cost": 4739.92,
        "Total Cost": 4739.92,
        "Plan Rows": 691,
        "Plan Width": 4,
        "Actual Startup Time": 33.73,
        "Actual Total Time": 33.73,
        "Actual Rows": 0,
        "Actual Loops": 3,
        "Hash Buckets": 2048,
        "Original Hash Buckets": 2048,
        "Hash Batches": 1,
        "Original Hash Batches": 1,
        "Peak Memory Usage": 48,
        "Plans": [
          {
            "Node Type": "Seq Scan",
            "Parent Relationship": "Outer",
            "Parallel Aware": true,
            "Relation Name": "company_name",
            "Alias": "cn",
            "Startup Cost": 0.0,
            "Total Cost": 4739.92,
            "Plan Rows": 691,
            "Plan Width": 4,
            "Actual Startup Time": 24.618,
            "Actual Total Time": 33.694,
            "Actual Rows": 0,
            "Actual Loops": 3,
            "Filter": "((country_code)::text = '[sm]'::text)",
            "Rows Removed by Filter": 78332
          }
        ]
      }
    ]
  }
}