{
  "Plan": {
    "Node Type": "Hash Join",
    "Parent Relationship": "Outer",
    "Parallel Aware": true,
    "Join Type": "Inner",
    "Startup Cost": 15336.14,
    "Total Cost": 57982.84,
    "Plan Rows": 145,
    "Plan Width": 17,
    "Actual Startup Time": 911.613,
    "Actual Total Time": 1124.884,
    "Actual Rows": 194741,
    "Actual Loops": 3,
    "Inner Unique": false,
    "Hash Cond": "(mc.movie_id = miidx.movie_id)",
    "Plans": [
      {
        "Node Type": "Hash Join",
        "Parent Relationship": "Outer",
        "Parallel Aware": false,
        "Join Type": "Inner",
        "Startup Cost": 18.93,
        "Total Cost": 42642.06,
        "Plan Rows": 6125,
        "Plan Width": 8,
        "Actual Startup Time": 155.379,
        "Actual Total Time": 448.174,
        "Actual Rows": 444961,
        "Actual Loops": 3,
        "Inner Unique": true,
        "Hash Cond": "(mc.company_type_id = ct.id)",
        "Plans": [
          {
            "Node Type": "Seq Scan",
            "Parent Relationship": "Outer",
            "Parallel Aware": true,
            "Relation Name": "movie_companies",
            "Alias": "mc",
            "Startup Cost": 0.0,
            "Total Cost": 39752.37,
            "Plan Rows": 1087137,
            "Plan Width": 12,
            "Actual Startup Time": 0.05,
            "Actual Total Time": 179.99,
            "Actual Rows": 869710,
            "Actual Loops": 3
          },
          {
            "Node Type": "Hash",
            "Parent Relationship": "Inner",
            "Parallel Aware": false,
            "Startup Cost": 18.88,
            "Total Cost": 18.88,
            "Plan Rows": 4,
            "Plan Width": 4,
            "Actual Startup Time": 0.028,
            "Actual Total Time": 0.031,
            "Actual Rows": 1,
            "Actual Loops": 3,
            "Hash Buckets": 1024,
            "Original Hash Buckets": 1024,
            "Hash Batches": 1,
            "Original Hash Batches": 1,
            "Peak Memory Usage": 9,
            "Plans": [
              {
                "Node Type": "Seq Scan",
                "Parent Relationship": "Outer",
                "Parallel Aware": false,
                "Relation Name": "company_type",
                "Alias": "ct",
                "Startup Cost": 0.0,
                "Total Cost": 18.88,
                "Plan Rows": 4,
                "Plan Width": 4,
                "Actual Startup Time": 0.024,
                "Actual Total Time": 0.026,
                "Actual Rows": 1,
                "Actual Loops": 3,
                "Filter": "((kind)::text = 'production companies'::text)",
                "Rows Removed by Filter": 3
              }
            ]
          }
        ]
      },
      {
        "Node Type": "Hash",
        "Parent Relationship": "Inner",
        "Parallel Aware": true,
        "Startup Cost": 15253.6,
        "Total Cost": 15253.6,
        "Plan Rows": 5089,
        "Plan Width": 9,
        "Actual Startup Time": 320.547,
        "Actual Total Time": 320.553,
        "Actual Rows": 153308,
        "Actual Loops": 3,
        "Hash Buckets": 131072,
        "Original Hash Buckets": 16384,
        "Hash Batches": 8,
        "Original Hash Batches": 1,
        "Peak Memory Usage": 3360,
        "Plans": [
          {
            "Node Type": "Hash Join",
            "Parent Relationship": "Outer",
            "Parallel Aware": false,
            "Join Type": "Inner",
            "Startup Cost": 2.43,
            "Total Cost": 15253.6,
            "Plan Rows": 5089,
            "Plan Width": 9,
            "Actual Startup Time": 0.144,
            "Actual Total Time": 215.564,
            "Actual Rows": 153308,
            "Actual Loops": 3,
            "Inner Unique": true,
            "Hash Cond": "(miidx.info_type_id = it.id)",
            "Plans": [
              {
                "Node Type": "Seq Scan",
                "Parent Relationship": "Outer",
                "Parallel Aware": true,
                "Relation Name": "movie_info_idx",
                "Alias": "miidx",
                "Startup Cost": 0.0,
                "Total Cost": 13685.15,
                "Plan Rows": 575015,
                "Plan Width": 13,
                "Actual Startup Time": 0.05,
                "Actual Total Time": 89.741,
                "Actual Rows": 460012,
                "Actual Loops": 3
              },
              {
                "Node Type": "Hash",
                "Parent Relationship": "Inner",
                "Parallel Aware": false,
                "Startup Cost": 2.41,
                "Total Cost": 2.41,
                "Plan Rows": 1,
                "Plan Width": 4,
                "Actual Startup Time": 0.065,
                "Actual Total Time": 0.066,
                "Actual Rows": 1,
                "Actual Loops": 3,
                "Hash Buckets": 1024,
                "Original Hash Buckets": 1024,
                "Hash Batches": 1,
                "Original Hash Batches": 1,
                "Peak Memory Usage": 9,
                "Plans": [
                  {
                    "Node Type": "Seq Scan",
                    "Parent Relationship": "Outer",
                    "Parallel Aware": false,
                    "Relation Name": "info_type",
                    "Alias": "it",
                    "Startup Cost": 0.0,
                    "Total Cost": 2.41,
                    "Plan Rows": 1,
                    "Plan Width": 4,
                    "Actual Startup Time": 0.053,
                    "Actual Total Time": 0.057,
                    "Actual Rows": 1,
                    "Actual Loops": 3,
                    "Filter": "((info)::text = 'rating'::text)",
                    "Rows Removed by Filter": 112
                  }
                ]
              }
            ]
          }
        ]
      }
    ]
  }
}