{
  "Plan": {
    "Node Type": "Hash Join",
    "Parent Relationship": "Outer",
    "Parallel Aware": false,
    "Join Type": "Inner",
    "Startup Cost": 2.43,
    "Total Cost": 301306.13,
    "Plan Rows": 2491,
    "Plan Width": 4,
    "Actual Startup Time": 2121.706,
    "Actual Total Time": 2751.23,
    "Actual Rows": 204750,
    "Actual Loops": 3,
    "Inner Unique": true,
    "Hash Cond": "(mi.info_type_id = it1.id)",
    "Plans": [
      {
        "Node Type": "Seq Scan",
        "Parent Relationship": "Outer",
        "Parallel Aware": true,
        "Relation Name": "movie_info",
        "Alias": "mi",
        "Startup Cost": 0.0,
        "Total Cost": 300537.0,
        "Plan Rows": 281520,
        "Plan Width": 8,
        "Actual Startup Time": 1.219,
        "Actual Total Time": 2676.581,
        "Actual Rows": 238737,
        "Actual Loops": 3,
        "Filter": "((info)::text = ANY ('{Sweden,Norway,Germany,Denmark,Swedish,Danish,Norwegian,German,USA,American}'::text[]))",
        "Rows Removed by Filter": 4706503
      },
      {
        "Node Type": "Hash",
        "Parent Relationship": "Inner",
        "Parallel Aware": false,
        "Startup Cost": 2.41,
        "Total Cost": 2.41,
        "Plan Rows": 1,
        "Plan Width": 4,
        "Actual Startup Time": 0.034,
        "Actual Total Time": 0.052,
        "Actual Rows": 1,
        "Actual Loops": 3,
        "Hash Buckets": 1024,
        "Original Hash Buckets": 1024,
        "Hash Batches": 1,
        "Original Hash Batches": 1,
        "Peak Memory Usage": 9,
        "Plans": [
          {
            "Node Type": "Seq Scan",
            "Parent Relationship": "Outer",
            "Parallel Aware": false,
            "Relation Name": "info_type",
            "Alias": "it1",
            "Startup Cost": 0.0,
            "Total Cost": 2.41,
            "Plan Rows": 1,
            "Plan Width": 4,
            "Actual Startup Time": 0.012,
            "Actual Total Time": 0.041,
            "Actual Rows": 1,
            "Actual Loops": 3,
            "Filter": "((info)::text = 'countries'::text)",
            "Rows Removed by Filter": 112
          }
        ]
      }
    ]
  }
}