{
  "Plan": {
    "Node Type": "Hash Join",
    "Parent Relationship": "Outer",
    "Parallel Aware": true,
    "Join Type": "Inner",
    "Startup Cost": 50070.18,
    "Total Cost": 98358.43,
    "Plan Rows": 238,
    "Plan Width": 8,
    "Actual Startup Time": 979.93,
    "Actual Total Time": 979.937,
    "Actual Rows": 0,
    "Actual Loops": 3,
    "Inner Unique": false,
    "Hash Cond": "(mk.movie_id = mc.movie_id)",
    "Plans": [
      {
        "Node Type": "Hash Join",
        "Parent Relationship": "Outer",
        "Parallel Aware": false,
        "Join Type": "Inner",
        "Startup Cost": 2647.51,
        "Total Cost": 50899.43,
        "Plan Rows": 9427,
        "Plan Width": 4,
        "Actual Startup Time": 38.508,
        "Actual Total Time": 592.39,
        "Actual Rows": 13947,
        "Actual Loops": 3,
        "Inner Unique": true,
        "Hash Cond": "(mk.keyword_id = k.id)",
        "Plans": [
          {
            "Node Type": "Seq Scan",
            "Parent Relationship": "Outer",
            "Parallel Aware": true,
            "Relation Name": "movie_keyword",
            "Alias": "mk",
            "Startup Cost": 0.0,
            "Total Cost": 43303.71,
            "Plan Rows": 1884971,
            "Plan Width": 8,
            "Actual Startup Time": 0.051,
            "Actual Total Time": 278.399,
            "Actual Rows": 1507977,
            "Actual Loops": 3
          },
          {
            "Node Type": "Hash",
            "Parent Relationship": "Inner",
            "Parallel Aware": false,
            "Startup Cost": 2639.12,
            "Total Cost": 2639.12,
            "Plan Rows": 671,
            "Plan Width": 4,
            "Actual Startup Time": 37.138,
            "Actual Total Time": 37.139,
            "Actual Rows": 1,
            "Actual Loops": 3,
            "Hash Buckets": 1024,
            "Original Hash Buckets": 1024,
            "Hash Batches": 1,
            "Original Hash Batches": 1,
            "Peak Memory Usage": 9,
            "Plans": [
              {
                "Node Type": "Seq Scan",
                "Parent Relationship": "Outer",
                "Parallel Aware": false,
                "Relation Name": "keyword",
                "Alias": "k",
                "Startup Cost": 0.0,
                "Total Cost": 2639.12,
                "Plan Rows": 671,
                "Plan Width": 4,
                "Actual Startup Time": 1.571,
                "Actual Total Time": 37.119,
                "Actual Rows": 1,
                "Actual Loops": 3,
                "Filter": "((keyword)::text = 'character-name-in-title'::text)",
                "Rows Removed by Filter": 134169
              }
            ]
          }
        ]
      },
      {
        "Node Type": "Hash",
        "Parent Relationship": "Inner",
        "Parallel Aware": true,
        "Startup Cost": 47354.72,
        "Total Cost": 47354.72,
        "Plan Rows": 5436,
        "Plan Width": 4,
        "Actual Startup Time": 383.064,
        "Actual Total Time": 383.067,
        "Actual Rows": 1,
        "Actual Loops": 3,
        "Hash Buckets": 16384,
        "Original Hash Buckets": 16384,
        "Hash Batches": 1,
        "Original Hash Batches": 1,
        "Peak Memory Usage": 160,
        "Plans": [
          {
            "Node Type": "Hash Join",
            "Parent Relationship": "Outer",
            "Parallel Aware": true,
            "Join Type": "Inner",
            "Startup Cost": 4748.56,
            "Total Cost": 47354.72,
            "Plan Rows": 5436,
            "Plan Width": 4,
            "Actual Startup Time": 305.42,
            "Actual Total Time": 382.963,
            "Actual Rows": 1,
            "Actual Loops": 3,
            "Inner Unique": true,
            "Hash Cond": "(mc.company_id = cn.id)",
            "Plans": [
              {
                "Node Type": "Seq Scan",
                "Parent Relationship": "Outer",
                "Parallel Aware": true,
                "Relation Name": "movie_companies",
                "Alias": "mc",
                "Startup Cost": 0.0,
                "Total Cost": 39752.37,
                "Plan Rows": 1087137,
                "Plan Width": 8,
                "Actual Startup Time": 0.057,
                "Actual Total Time": 177.024,
                "Actual Rows": 869710,
                "Actual Loops": 3
              },
              {
                "Node Type": "Hash",
                "Parent Relationship": "Inner",
                "Parallel Aware": true,
                "Startup Cost": 4739.92,
                "Total Cost": 4739.92,
                "Plan Rows": 691,
                "Plan Width": 4,
                "Actual Startup Time": 33.73,
                "Actual Total Time": 33.73,
                "Actual Rows": 0,
                "Actual Loops": 3,
                "Hash Buckets": 2048,
                "Original Hash Buckets": 2048,
                "Hash Batches": 1,
                "Original Hash Batches": 1,
                "Peak Memory Usage": 48,
                "Plans": [
                  {
                    "Node Type": "Seq Scan",
                    "Parent Relationship": "Outer",
                    "Parallel Aware": true,
                    "Relation Name": "company_name",
                    "Alias": "cn",
                    "Startup Cost": 0.0,
                    "Total Cost": 4739.92,
                    "Plan Rows": 691,
                    "Plan Width": 4,
                    "Actual Startup Time": 24.618,
                    "Actual Total Time": 33.694,
                    "Actual Rows": 0,
                    "Actual Loops": 3,
                    "Filter": "((country_code)::text = '[sm]'::text)",
                    "Rows Removed by Filter": 78332
                  }
                ]
              }
            ]
          }
        ]
      }
    ]
  }
}