{
  "Plan": {
    "Node Type": "Nested Loop",
    "Parent Relationship": "Outer",
    "Parallel Aware": false,
    "Join Type": "Inner",
    "Startup Cost": 15566.17,
    "Total Cost": 316891.9,
    "Plan Rows": 1,
    "Plan Width": 38,
    "Actual Startup Time": 2490.016,
    "Actual Total Time": 3597.05,
    "Actual Rows": 6,
    "Actual Loops": 3,
    "Inner Unique": true,
    "Plans": [
      {
        "Node Type": "Hash Join",
        "Parent Relationship": "Outer",
        "Parallel Aware": true,
        "Join Type": "Inner",
        "Startup Cost": 15565.74,
        "Total Cost": 316878.86,
        "Plan Rows": 18,
        "Plan Width": 13,
        "Actual Startup Time": 2446.848,
        "Actual Total Time": 3196.873,
        "Actual Rows": 38863,
        "Actual Loops": 3,
        "Inner Unique": false,
        "Hash Cond": "(mi.movie_id = mi_idx.movie_id)",
        "Plans": [
          {
            "Node Type": "Hash Join",
            "Parent Relationship": "Outer",
            "Parallel Aware": false,
            "Join Type": "Inner",
            "Startup Cost": 2.43,
            "Total Cost": 301306.13,
            "Plan Rows": 2491,
            "Plan Width": 4,
            "Actual Startup Time": 2117.53,
            "Actual Total Time": 2748.991,
            "Actual Rows": 204750,
            "Actual Loops": 3,
            "Inner Unique": true,
            "Hash Cond": "(mi.info_type_id = it1.id)",
            "Plans": [
              {
                "Node Type": "Seq Scan",
                "Parent Relationship": "Outer",
                "Parallel Aware": true,
                "Relation Name": "movie_info",
                "Alias": "mi",
                "Startup Cost": 0.0,
                "Total Cost": 300537.0,
                "Plan Rows": 281520,
                "Plan Width": 8,
                "Actual Startup Time": 1.188,
                "Actual Total Time": 2676.568,
                "Actual Rows": 235558,
                "Actual Loops": 3,
                "Filter": "((info)::text = ANY ('{Sweden,Norway,Germany,Denmark,Swedish,Denish,Norwegian,German,USA,American}'::text[]))",
                "Rows Removed by Filter": 4709682
              },
              {
                "Node Type": "Hash",
                "Parent Relationship": "Inner",
                "Parallel Aware": false,
                "Startup Cost": 2.41,
                "Total Cost": 2.41,
                "Plan Rows": 1,
                "Plan Width": 4,
                "Actual Startup Time": 0.042,
                "Actual Total Time": 0.044,
                "Actual Rows": 1,
                "Actual Loops": 3,
                "Hash Buckets": 1024,
                "Original Hash Buckets": 1024,
                "Hash Batches": 1,
                "Original Hash Batches": 1,
                "Peak Memory Usage": 9,
                "Plans": [
                  {
                    "Node Type": "Seq Scan",
                    "Parent Relationship": "Outer",
                    "Parallel Aware": false,
                    "Relation Name": "info_type",
                    "Alias": "it1",
                    "Startup Cost": 0.0,
                    "Total Cost": 2.41,
                    "Plan Rows": 1,
                    "Plan Width": 4,
                    "Actual Startup Time": 0.014,
                    "Actual Total Time": 0.034,
                    "Actual Rows": 1,
                    "Actual Loops": 3,
                    "Filter": "((info)::text = 'countries'::text)",
                    "Rows Removed by Filter": 112
                  }
                ]
              }
            ]
          },
          {
            "Node Type": "Hash",
            "Parent Relationship": "Inner",
            "Parallel Aware": true,
            "Startup Cost": 15546.22,
            "Total Cost": 15546.22,
            "Plan Rows": 1368,
            "Plan Width": 9,
            "Actual Startup Time": 329.105,
            "Actual Total Time": 329.118,
            "Actual Rows": 86616,
            "Actual Loops": 3,
            "Hash Buckets": 262144,
            "Original Hash Buckets": 4096,
            "Hash Batches": 1,
            "Original Hash Batches": 1,
            "Peak Memory Usage": 14272,
            "Plans": [
              {
                "Node Type": "Hash Join",
                "Parent Relationship": "Outer",
                "Parallel Aware": false,
                "Join Type": "Inner",
                "Startup Cost": 2.43,
                "Total Cost": 15546.22,
                "Plan Rows": 1368,
                "Plan Width": 9,
                "Actual Startup Time": 0.152,
                "Actual Total Time": 269.5,
                "Actual Rows": 86616,
                "Actual Loops": 3,
                "Inner Unique": true,
                "Hash Cond": "(mi_idx.info_type_id = it2.id)",
                "Plans": [
                  {
                    "Node Type": "Seq Scan",
                    "Parent Relationship": "Outer",
                    "Parallel Aware": true,
                    "Relation Name": "movie_info_idx",
                    "Alias": "mi_idx",
                    "Startup Cost": 0.0,
                    "Total Cost": 15122.68,
                    "Plan Rows": 154625,
                    "Plan Width": 13,
                    "Actual Startup Time": 0.069,
                    "Actual Total Time": 233.165,
                    "Actual Rows": 125217,
                    "Actual Loops": 3,
                    "Filter": "((info)::text > '6.0'::text)",
                    "Rows Removed by Filter": 334795
                  },
                  {
                    "Node Type": "Hash",
                    "Parent Relationship": "Inner",
                    "Parallel Aware": false,
                    "Startup Cost": 2.41,
                    "Total Cost": 2.41,
                    "Plan Rows": 1,
                    "Plan Width": 4,
                    "Actual Startup Time": 0.058,
                    "Actual Total Time": 0.062,
                    "Actual Rows": 1,
                    "Actual Loops": 3,
                    "Hash Buckets": 1024,
                    "Original Hash Buckets": 1024,
                    "Hash Batches": 1,
                    "Original Hash Batches": 1,
                    "Peak Memory Usage": 9,
                    "Plans": [
                      {
                        "Node Type": "Seq Scan",
                        "Parent Relationship": "Outer",
                        "Parallel Aware": false,
                        "Relation Name": "info_type",
                        "Alias": "it2",
                        "Startup Cost": 0.0,
                        "Total Cost": 2.41,
                        "Plan Rows": 1,
                        "Plan Width": 4,
                        "Actual Startup Time": 0.044,
                        "Actual Total Time": 0.048,
                        "Actual Rows": 1,
                        "Actual Loops": 3,
                        "Filter": "((info)::text = 'rating'::text)",
                        "Rows Removed by Filter": 112
                      }
                    ]
                  }
                ]
              }
            ]
          }
        ]
      },
      {
        "Node Type": "Index Scan",
        "Parent Relationship": "Inner",
        "Parallel Aware": false,
        "Scan Direction": "Forward",
        "Index Name": "title_pkey",
        "Relation Name": "title",
        "Alias": "t",
        "Startup Cost": 0.43,
        "Total Cost": 0.72,
        "Plan Rows": 1,
        "Plan Width": 25,
        "Actual Startup Time": 0.01,
        "Actual Total Time": 0.01,
        "Actual Rows": 0,
        "Actual Loops": 116588,
        "Index Cond": "(id = mi.movie_id)",
        "Rows Removed by Index Recheck": 0,
        "Filter": "((production_year > 2010) AND (((title)::text ~~ '%murder%'::text) OR ((title)::text ~~ '%Murder%'::text) OR ((title)::text ~~ '%Mord%'::text)))",
        "Rows Removed by Filter": 1
      }
    ]
  }
}