{
  "Plan": {
    "Node Type": "Hash Join",
    "Parent Relationship": "Outer",
    "Parallel Aware": false,
    "Join Type": "Inner",
    "Startup Cost": 2.43,
    "Total Cost": 254358.55,
    "Plan Rows": 2,
    "Plan Width": 46,
    "Actual Startup Time": 351.219,
    "Actual Total Time": 1309.247,
    "Actual Rows": 590,
    "Actual Loops": 3,
    "Inner Unique": true,
    "Hash Cond": "(mi.info_type_id = it1.id)",
    "Plans": [
      {
        "Node Type": "Seq Scan",
        "Parent Relationship": "Outer",
        "Parallel Aware": true,
        "Relation Name": "movie_info",
        "Alias": "mi",
        "Startup Cost": 0.0,
        "Total Cost": 254355.67,
        "Plan Rows": 168,
        "Plan Width": 50,
        "Actual Startup Time": 351.071,
        "Actual Total Time": 1308.476,
        "Actual Rows": 590,
        "Actual Loops": 3,
        "Filter": "(((note)::text ~~ '%internet%'::text) AND ((info)::text ~~ 'USA:% 200%'::text))",
        "Rows Removed by Filter": 4944650
      },
      {
        "Node Type": "Hash",
        "Parent Relationship": "Inner",
        "Parallel Aware": false,
        "Startup Cost": 2.41,
        "Total Cost": 2.41,
        "Plan Rows": 1,
        "Plan Width": 4,
        "Actual Startup Time": 0.096,
        "Actual Total Time": 0.101,
        "Actual Rows": 1,
        "Actual Loops": 3,
        "Hash Buckets": 1024,
        "Original Hash Buckets": 1024,
        "Hash Batches": 1,
        "Original Hash Batches": 1,
        "Peak Memory Usage": 9,
        "Plans": [
          {
            "Node Type": "Seq Scan",
            "Parent Relationship": "Outer",
            "Parallel Aware": false,
            "Relation Name": "info_type",
            "Alias": "it1",
            "Startup Cost": 0.0,
            "Total Cost": 2.41,
            "Plan Rows": 1,
            "Plan Width": 4,
            "Actual Startup Time": 0.06,
            "Actual Total Time": 0.08,
            "Actual Rows": 1,
            "Actual Loops": 3,
            "Filter": "((info)::text = 'release dates'::text)",
            "Rows Removed by Filter": 112
          }
        ]
      }
    ]
  }
}