{
  "Plan": {
    "Node Type": "Hash Join",
    "Parent Relationship": "Outer",
    "Parallel Aware": true,
    "Join Type": "Inner",
    "Startup Cost": 254358.57,
    "Total Cost": 299580.48,
    "Plan Rows": 1,
    "Plan Width": 58,
    "Actual Startup Time": 1311.886,
    "Actual Total Time": 1634.57,
    "Actual Rows": 233,
    "Actual Loops": 3,
    "Inner Unique": false,
    "Hash Cond": "(mc.movie_id = mi.movie_id)",
    "Plans": [
      {
        "Node Type": "Seq Scan",
        "Parent Relationship": "Outer",
        "Parallel Aware": true,
        "Relation Name": "movie_companies",
        "Alias": "mc",
        "Startup Cost": 0.0,
        "Total Cost": 45188.06,
        "Plan Rows": 6769,
        "Plan Width": 12,
        "Actual Startup Time": 0.151,
        "Actual Total Time": 316.643,
        "Actual Rows": 20555,
        "Actual Loops": 3,
        "Filter": "(((note)::text ~~ '%(200%)%'::text) AND ((note)::text ~~ '%(worldwide)%'::text))",
        "Rows Removed by Filter": 849155
      },
      {
        "Node Type": "Hash",
        "Parent Relationship": "Inner",
        "Parallel Aware": true,
        "Startup Cost": 254358.55,
        "Total Cost": 254358.55,
        "Plan Rows": 2,
        "Plan Width": 46,
        "Actual Startup Time": 1309.949,
        "Actual Total Time": 1309.957,
        "Actual Rows": 590,
        "Actual Loops": 3,
        "Hash Buckets": 1024,
        "Original Hash Buckets": 1024,
        "Hash Batches": 1,
        "Original Hash Batches": 1,
        "Peak Memory Usage": 136,
        "Plans": [
          {
            "Node Type": "Hash Join",
            "Parent Relationship": "Outer",
            "Parallel Aware": false,
            "Join Type": "Inner",
            "Startup Cost": 2.43,
            "Total Cost": 254358.55,
            "Plan Rows": 2,
            "Plan Width": 46,
            "Actual Startup Time": 351.219,
            "Actual Total Time": 1309.247,
            "Actual Rows": 590,
            "Actual Loops": 3,
            "Inner Unique": true,
            "Hash Cond": "(mi.info_type_id = it1.id)",
            "Plans": [
              {
                "Node Type": "Seq Scan",
                "Parent Relationship": "Outer",
                "Parallel Aware": true,
                "Relation Name": "movie_info",
                "Alias": "mi",
                "Startup Cost": 0.0,
                "Total Cost": 254355.67,
                "Plan Rows": 168,
                "Plan Width": 50,
                "Actual Startup Time": 351.071,
                "Actual Total Time": 1308.476,
                "Actual Rows": 590,
                "Actual Loops": 3,
                "Filter": "(((note)::text ~~ '%internet%'::text) AND ((info)::text ~~ 'USA:% 200%'::text))",
                "Rows Removed by Filter": 4944650
              },
              {
                "Node Type": "Hash",
                "Parent Relationship": "Inner",
                "Parallel Aware": false,
                "Startup Cost": 2.41,
                "Total Cost": 2.41,
                "Plan Rows": 1,
                "Plan Width": 4,
                "Actual Startup Time": 0.096,
                "Actual Total Time": 0.101,
                "Actual Rows": 1,
                "Actual Loops": 3,
                "Hash Buckets": 1024,
                "Original Hash Buckets": 1024,
                "Hash Batches": 1,
                "Original Hash Batches": 1,
                "Peak Memory Usage": 9,
                "Plans": [
                  {
                    "Node Type": "Seq Scan",
                    "Parent Relationship": "Outer",
                    "Parallel Aware": false,
                    "Relation Name": "info_type",
                    "Alias": "it1",
                    "Startup Cost": 0.0,
                    "Total Cost": 2.41,
                    "Plan Rows": 1,
                    "Plan Width": 4,
                    "Actual Startup Time": 0.06,
                    "Actual Total Time": 0.08,
                    "Actual Rows": 1,
                    "Actual Loops": 3,
                    "Filter": "((info)::text = 'release dates'::text)",
                    "Rows Removed by Filter": 112
                  }
                ]
              }
            ]
          }
        ]
      }
    ]
  }
}