{
  "Plan": {
    "Node Type": "Nested Loop",
    "Parent Relationship": "Outer",
    "Parallel Aware": false,
    "Join Type": "Inner",
    "Startup Cost": 299581.49,
    "Total Cost": 307868.91,
    "Plan Rows": 1,
    "Plan Width": 75,
    "Actual Startup Time": 2017.891,
    "Actual Total Time": 2044.53,
    "Actual Rows": 1,
    "Actual Loops": 3,
    "Inner Unique": true,
    "Plans": [
      {
        "Node Type": "Nested Loop",
        "Parent Relationship": "Outer",
        "Parallel Aware": false,
        "Join Type": "Inner",
        "Startup Cost": 299581.06,
        "Total Cost": 307867.96,
        "Plan Rows": 1,
        "Plan Width": 54,
        "Actual Startup Time": 2017.785,
        "Actual Total Time": 2044.415,
        "Actual Rows": 1,
        "Actual Loops": 3,
        "Inner Unique": true,
        "Plans": [
          {
            "Node Type": "Nested Loop",
            "Parent Relationship": "Outer",
            "Parallel Aware": false,
            "Join Type": "Inner",
            "Startup Cost": 299580.91,
            "Total Cost": 307867.79,
            "Plan Rows": 1,
            "Plan Width": 58,
            "Actual Startup Time": 2017.655,
            "Actual Total Time": 2044.266,
            "Actual Rows": 1,
            "Actual Loops": 3,
            "Inner Unique": true,
            "Plans": [
              {
                "Node Type": "Hash Join",
                "Parent Relationship": "Outer",
                "Parallel Aware": true,
                "Join Type": "Inner",
                "Startup Cost": 299580.49,
                "Total Cost": 307866.12,
                "Plan Rows": 1,
                "Plan Width": 62,
                "Actual Startup Time": 1985.357,
                "Actual Total Time": 2043.617,
                "Actual Rows": 25,
                "Actual Loops": 3,
                "Inner Unique": false,
                "Hash Cond": "(at.movie_id = mi.movie_id)",
                "Plans": [
                  {
                    "Node Type": "Seq Scan",
                    "Parent Relationship": "Outer",
                    "Parallel Aware": true,
                    "Relation Name": "aka_title",
                    "Alias": "at",
                    "Startup Cost": 0.0,
                    "Total Cost": 7719.27,
                    "Plan Rows": 151027,
                    "Plan Width": 4,
                    "Actual Startup Time": 0.069,
                    "Actual Total Time": 32.643,
                    "Actual Rows": 120491,
                    "Actual Loops": 3
                  },
                  {
                    "Node Type": "Hash",
                    "Parent Relationship": "Inner",
                    "Parallel Aware": true,
                    "Startup Cost": 299580.48,
                    "Total Cost": 299580.48,
                    "Plan Rows": 1,
                    "Plan Width": 58,
                    "Actual Startup Time": 1984.28,
                    "Actual Total Time": 1984.318,
                    "Actual Rows": 233,
                    "Actual Loops": 3,
                    "Hash Buckets": 1024,
                    "Original Hash Buckets": 1024,
                    "Hash Batches": 1,
                    "Original Hash Batches": 1,
                    "Peak Memory Usage": 104,
                    "Plans": [
                      {
                        "Node Type": "Hash Join",
                        "Parent Relationship": "Outer",
                        "Parallel Aware": true,
                        "Join Type": "Inner",
                        "Startup Cost": 254358.57,
                        "Total Cost": 299580.48,
                        "Plan Rows": 1,
                        "Plan Width": 58,
                        "Actual Startup Time": 1667.341,
                        "Actual Total Time": 1983.892,
                        "Actual Rows": 233,
                        "Actual Loops": 3,
                        "Inner Unique": false,
                        "Hash Cond": "(mc.movie_id = mi.movie_id)",
                        "Plans": [
                          {
                            "Node Type": "Seq Scan",
                            "Parent Relationship": "Outer",
                            "Parallel Aware": true,
                            "Relation Name": "movie_companies",
                            "Alias": "mc",
                            "Startup Cost": 0.0,
                            "Total Cost": 45188.06,
                            "Plan Rows": 6769,
                            "Plan Width": 12,
                            "Actual Startup Time": 0.141,
                            "Actual Total Time": 312.213,
                            "Actual Rows": 20555,
                            "Actual Loops": 3,
                            "Filter": "(((note)::text ~~ '%(200%)%'::text) AND ((note)::text ~~ '%(worldwide)%'::text))",
                            "Rows Removed by Filter": 849155
                          },
                          {
                            "Node Type": "Hash",
                            "Parent Relationship": "Inner",
                            "Parallel Aware": true,
                            "Startup Cost": 254358.55,
                            "Total Cost": 254358.55,
                            "Plan Rows": 2,
                            "Plan Width": 46,
                            "Actual Startup Time": 1665.02,
                            "Actual Total Time": 1665.041,
                            "Actual Rows": 590,
                            "Actual Loops": 3,
                            "Hash Buckets": 2048,
                            "Original Hash Buckets": 1024,
                            "Hash Batches": 1,
                            "Original Hash Batches": 1,
                            "Peak Memory Usage": 184,
                            "Plans": [
                              {
                                "Node Type": "Hash Join",
                                "Parent Relationship": "Outer",
                                "Parallel Aware": false,
                                "Join Type": "Inner",
                                "Startup Cost": 2.43,
                                "Total Cost": 254358.55,
                                "Plan Rows": 2,
                                "Plan Width": 46,
                                "Actual Startup Time": 350.442,
                                "Actual Total Time": 1314.116,
                                "Actual Rows": 590,
                                "Actual Loops": 3,
                                "Inner Unique": true,
                                "Hash Cond": "(mi.info_type_id = it1.id)",
                                "Plans": [
                                  {
                                    "Node Type": "Seq Scan",
                                    "Parent Relationship": "Outer",
                                    "Parallel Aware": true,
                                    "Relation Name": "movie_info",
                                    "Alias": "mi",
                                    "Startup Cost": 0.0,
                                    "Total Cost": 254355.67,
                                    "Plan Rows": 168,
                                    "Plan Width": 50,
                                    "Actual Startup Time": 350.304,
                                    "Actual Total Time": 1313.321,
                                    "Actual Rows": 590,
                                    "Actual Loops": 3,
                                    "Filter": "(((note)::text ~~ '%internet%'::text) AND ((info)::text ~~ 'USA:% 200%'::text))",
                                    "Rows Removed by Filter": 4944650
                                  },
                                  {
                                    "Node Type": "Hash",
                                    "Parent Relationship": "Inner",
                                    "Parallel Aware": false,
                                    "Startup Cost": 2.41,
                                    "Total Cost": 2.41,
                                    "Plan Rows": 1,
                                    "Plan Width": 4,
                                    "Actual Startup Time": 0.082,
                                    "Actual Total Time": 0.089,
                                    "Actual Rows": 1,
                                    "Actual Loops": 3,
                                    "Hash Buckets": 1024,
                                    "Original Hash Buckets": 1024,
                                    "Hash Batches": 1,
                                    "Original Hash Batches": 1,
                                    "Peak Memory Usage": 9,
                                    "Plans": [
                                      {
                                        "Node Type": "Seq Scan",
                                        "Parent Relationship": "Outer",
                                        "Parallel Aware": false,
                                        "Relation Name": "info_type",
                                        "Alias": "it1",
                                        "Startup Cost": 0.0,
                                        "Total Cost": 2.41,
                                        "Plan Rows": 1,
                                        "Plan Width": 4,
                                        "Actual Startup Time": 0.049,
                                        "Actual Total Time": 0.07,
                                        "Actual Rows": 1,
                                        "Actual Loops": 3,
                                        "Filter": "((info)::text = 'release dates'::text)",
                                        "Rows Removed by Filter": 112
                                      }
                                    ]
                                  }
                                ]
                              }
                            ]
                          }
                        ]
                      }
                    ]
                  }
                ]
              },
              {
                "Node Type": "Index Scan",
                "Parent Relationship": "Inner",
                "Parallel Aware": false,
                "Scan Direction": "Forward",
                "Index Name": "company_name_pkey",
                "Relation Name": "company_name",
                "Alias": "cn",
                "Startup Cost": 0.42,
                "Total Cost": 1.39,
                "Plan Rows": 1,
                "Plan Width": 4,
                "Actual Startup Time": 0.021,
                "Actual Total Time": 0.021,
                "Actual Rows": 0,
                "Actual Loops": 76,
                "Index Cond": "(id = mc.company_id)",
                "Rows Removed by Index Recheck": 0,
                "Filter": "(((country_code)::text = '[us]'::text) AND ((name)::text = 'YouTube'::text))",
                "Rows Removed by Filter": 1
              }
            ]
          },
          {
            "Node Type": "Index Only Scan",
            "Parent Relationship": "Inner",
            "Parallel Aware": false,
            "Scan Direction": "Forward",
            "Index Name": "company_type_pkey",
            "Relation Name": "company_type",
            "Alias": "ct",
            "Startup Cost": 0.15,
            "Total Cost": 0.17,
            "Plan Rows": 1,
            "Plan Width": 4,
            "Actual Startup Time": 0.104,
            "Actual Total Time": 0.106,
            "Actual Rows": 1,
            "Actual Loops": 3,
            "Index Cond": "(id = mc.company_type_id)",
            "Rows Removed by Index Recheck": 0,
            "Heap Fetches": 3
          }
        ]
      },
      {
        "Node Type": "Index Scan",
        "Parent Relationship": "Inner",
        "Parallel Aware": false,
        "Scan Direction": "Forward",
        "Index Name": "title_pkey",
        "Relation Name": "title",
        "Alias": "t",
        "Startup Cost": 0.43,
        "Total Cost": 0.95,
        "Plan Rows": 1,
        "Plan Width": 21,
        "Actual Startup Time": 0.084,
        "Actual Total Time": 0.084,
        "Actual Rows": 1,
        "Actual Loops": 3,
        "Index Cond": "(id = at.movie_id)",
        "Rows Removed by Index Recheck": 0,
        "Filter": "((production_year >= 2005) AND (production_year <= 2010))",
        "Rows Removed by Filter": 0
      }
    ]
  }
}