{
  "Plan": {
    "Node Type": "Hash Join",
    "Parent Relationship": "Outer",
    "Parallel Aware": true,
    "Join Type": "Inner",
    "Startup Cost": 4748.56,
    "Total Cost": 47354.72,
    "Plan Rows": 5436,
    "Plan Width": 4,
    "Actual Startup Time": 58.096,
    "Actual Total Time": 603.647,
    "Actual Rows": 384599,
    "Actual Loops": 3,
    "Inner Unique": true,
    "Hash Cond": "(mc.company_id = cn.id)",
    "Plans": [
      {
        "Node Type": "Seq Scan",
        "Parent Relationship": "Outer",
        "Parallel Aware": true,
        "Relation Name": "movie_companies",
        "Alias": "mc",
        "Startup Cost": 0.0,
        "Total Cost": 39752.37,
        "Plan Rows": 1087137,
        "Plan Width": 8,
        "Actual Startup Time": 0.061,
        "Actual Total Time": 188.708,
        "Actual Rows": 869710,
        "Actual Loops": 3
      },
      {
        "Node Type": "Hash",
        "Parent Relationship": "Inner",
        "Parallel Aware": true,
        "Startup Cost": 4739.92,
        "Total Cost": 4739.92,
        "Plan Rows": 691,
        "Plan Width": 4,
        "Actual Startup Time": 57.977,
        "Actual Total Time": 57.978,
        "Actual Rows": 28281,
        "Actual Loops": 3,
        "Hash Buckets": 131072,
        "Original Hash Buckets": 2048,
        "Hash Batches": 1,
        "Original Hash Batches": 1,
        "Peak Memory Usage": 5392,
        "Plans": [
          {
            "Node Type": "Seq Scan",
            "Parent Relationship": "Outer",
            "Parallel Aware": true,
            "Relation Name": "company_name",
            "Alias": "cn",
            "Startup Cost": 0.0,
            "Total Cost": 4739.92,
            "Plan Rows": 691,
            "Plan Width": 4,
            "Actual Startup Time": 0.03,
            "Actual Total Time": 37.796,
            "Actual Rows": 28281,
            "Actual Loops": 3,
            "Filter": "((country_code)::text = '[us]'::text)",
            "Rows Removed by Filter": 50051
          }
        ]
      }
    ]
  }
}