{
  "Plan": {
    "Node Type": "Hash Join",
    "Parent Relationship": "Outer",
    "Parallel Aware": true,
    "Join Type": "Inner",
    "Startup Cost": 239318.81,
    "Total Cost": 283148.12,
    "Plan Rows": 199,
    "Plan Width": 37,
    "Actual Startup Time": 1494.419,
    "Actual Total Time": 1908.43,
    "Actual Rows": 4792,
    "Actual Loops": 3,
    "Inner Unique": false,
    "Hash Cond": "(mc.movie_id = t.id)",
    "Plans": [
      {
        "Node Type": "Seq Scan",
        "Parent Relationship": "Outer",
        "Parallel Aware": true,
        "Relation Name": "movie_companies",
        "Alias": "mc",
        "Startup Cost": 0.0,
        "Total Cost": 39752.37,
        "Plan Rows": 1087137,
        "Plan Width": 12,
        "Actual Startup Time": 0.057,
        "Actual Total Time": 180.973,
        "Actual Rows": 869710,
        "Actual Loops": 3
      },
      {
        "Node Type": "Hash",
        "Parent Relationship": "Inner",
        "Parallel Aware": true,
        "Startup Cost": 239318.32,
        "Total Cost": 239318.32,
        "Plan Rows": 39,
        "Plan Width": 25,
        "Actual Startup Time": 1494.205,
        "Actual Total Time": 1494.212,
        "Actual Rows": 3554,
        "Actual Loops": 3,
        "Hash Buckets": 16384,
        "Original Hash Buckets": 1024,
        "Hash Batches": 1,
        "Original Hash Batches": 1,
        "Peak Memory Usage": 920,
        "Plans": [
          {
            "Node Type": "Nested Loop",
            "Parent Relationship": "Outer",
            "Parallel Aware": false,
            "Join Type": "Inner",
            "Startup Cost": 2.86,
            "Total Cost": 239318.32,
            "Plan Rows": 39,
            "Plan Width": 25,
            "Actual Startup Time": 348.021,
            "Actual Total Time": 1389.667,
            "Actual Rows": 3554,
            "Actual Loops": 3,
            "Inner Unique": true,
            "Plans": [
              {
                "Node Type": "Hash Join",
                "Parent Relationship": "Outer",
                "Parallel Aware": false,
                "Join Type": "Inner",
                "Startup Cost": 2.43,
                "Total Cost": 238981.74,
                "Plan Rows": 57,
                "Plan Width": 4,
                "Actual Startup Time": 347.905,
                "Actual Total Time": 1316.305,
                "Actual Rows": 3560,
                "Actual Loops": 3,
                "Inner Unique": true,
                "Hash Cond": "(mi.info_type_id = it1.id)",
                "Plans": [
                  {
                    "Node Type": "Seq Scan",
                    "Parent Relationship": "Outer",
                    "Parallel Aware": true,
                    "Relation Name": "movie_info",
                    "Alias": "mi",
                    "Startup Cost": 0.0,
                    "Total Cost": 238961.89,
                    "Plan Rows": 6398,
                    "Plan Width": 8,
                    "Actual Startup Time": 52.125,
                    "Actual Total Time": 1313.802,
                    "Actual Rows": 3603,
                    "Actual Loops": 3,
                    "Filter": "((note)::text ~~ '%internet%'::text)",
                    "Rows Removed by Filter": 4941637
                  },
                  {
                    "Node Type": "Hash",
                    "Parent Relationship": "Inner",
                    "Parallel Aware": false,
                    "Startup Cost": 2.41,
                    "Total Cost": 2.41,
                    "Plan Rows": 1,
                    "Plan Width": 4,
                    "Actual Startup Time": 0.096,
                    "Actual Total Time": 0.098,
                    "Actual Rows": 1,
                    "Actual Loops": 3,
                    "Hash Buckets": 1024,
                    "Original Hash Buckets": 1024,
                    "Hash Batches": 1,
                    "Original Hash Batches": 1,
                    "Peak Memory Usage": 9,
                    "Plans": [
                      {
                        "Node Type": "Seq Scan",
                        "Parent Relationship": "Outer",
                        "Parallel Aware": false,
                        "Relation Name": "info_type",
                        "Alias": "it1",
                        "Startup Cost": 0.0,
                        "Total Cost": 2.41,
                        "Plan Rows": 1,
                        "Plan Width": 4,
                        "Actual Startup Time": 0.058,
                        "Actual Total Time": 0.081,
                        "Actual Rows": 1,
                        "Actual Loops": 3,
                        "Filter": "((info)::text = 'release dates'::text)",
                        "Rows Removed by Filter": 112
                      }
                    ]
                  }
                ]
              },
              {
                "Node Type": "Index Scan",
                "Parent Relationship": "Inner",
                "Parallel Aware": false,
                "Scan Direction": "Forward",
                "Index Name": "title_pkey",
                "Relation Name": "title",
                "Alias": "t",
                "Startup Cost": 0.43,
                "Total Cost": 5.9,
                "Plan Rows": 1,
                "Plan Width": 21,
                "Actual Startup Time": 0.02,
                "Actual Total Time": 0.02,
                "Actual Rows": 1,
                "Actual Loops": 10679,
                "Index Cond": "(id = mi.movie_id)",
                "Rows Removed by Index Recheck": 0,
                "Filter": "(production_year > 1990)",
                "Rows Removed by Filter": 0
              }
            ]
          }
        ]
      }
    ]
  }
}