{
  "Plan": {
    "Node Type": "Nested Loop",
    "Parent Relationship": "Outer",
    "Parallel Aware": false,
    "Join Type": "Inner",
    "Startup Cost": 2.86,
    "Total Cost": 269769.12,
    "Plan Rows": 1,
    "Plan Width": 67,
    "Actual Startup Time": 364.799,
    "Actual Total Time": 1385.962,
    "Actual Rows": 594,
    "Actual Loops": 3,
    "Inner Unique": true,
    "Plans": [
      {
        "Node Type": "Hash Join",
        "Parent Relationship": "Outer",
        "Parallel Aware": false,
        "Join Type": "Inner",
        "Startup Cost": 2.43,
        "Total Cost": 269752.51,
        "Plan Rows": 2,
        "Plan Width": 46,
        "Actual Startup Time": 364.729,
        "Actual Total Time": 1370.09,
        "Actual Rows": 594,
        "Actual Loops": 3,
        "Inner Unique": true,
        "Hash Cond": "(mi.info_type_id = it1.id)",
        "Plans": [
          {
            "Node Type": "Seq Scan",
            "Parent Relationship": "Outer",
            "Parallel Aware": true,
            "Relation Name": "movie_info",
            "Alias": "mi",
            "Startup Cost": 0.0,
            "Total Cost": 269749.45,
            "Plan Rows": 233,
            "Plan Width": 50,
            "Actual Startup Time": 364.597,
            "Actual Total Time": 1369.287,
            "Actual Rows": 594,
            "Actual Loops": 3,
            "Filter": "((info IS NOT NULL) AND ((note)::text ~~ '%internet%'::text) AND (((info)::text ~~ 'USA:% 199%'::text) OR ((info)::text ~~ 'USA:% 200%'::text)))",
            "Rows Removed by Filter": 4944646
          },
          {
            "Node Type": "Hash",
            "Parent Relationship": "Inner",
            "Parallel Aware": false,
            "Startup Cost": 2.41,
            "Total Cost": 2.41,
            "Plan Rows": 1,
            "Plan Width": 4,
            "Actual Startup Time": 0.085,
            "Actual Total Time": 0.088,
            "Actual Rows": 1,
            "Actual Loops": 3,
            "Hash Buckets": 1024,
            "Original Hash Buckets": 1024,
            "Hash Batches": 1,
            "Original Hash Batches": 1,
            "Peak Memory Usage": 9,
            "Plans": [
              {
                "Node Type": "Seq Scan",
                "Parent Relationship": "Outer",
                "Parallel Aware": false,
                "Relation Name": "info_type",
                "Alias": "it1",
                "Startup Cost": 0.0,
                "Total Cost": 2.41,
                "Plan Rows": 1,
                "Plan Width": 4,
                "Actual Startup Time": 0.051,
                "Actual Total Time": 0.072,
                "Actual Rows": 1,
                "Actual Loops": 3,
                "Filter": "((info)::text = 'release dates'::text)",
                "Rows Removed by Filter": 112
              }
            ]
          }
        ]
      },
      {
        "Node Type": "Index Scan",
        "Parent Relationship": "Inner",
        "Parallel Aware": false,
        "Scan Direction": "Forward",
        "Index Name": "title_pkey",
        "Relation Name": "title",
        "Alias": "t",
        "Startup Cost": 0.43,
        "Total Cost": 8.31,
        "Plan Rows": 1,
        "Plan Width": 21,
        "Actual Startup Time": 0.025,
        "Actual Total Time": 0.025,
        "Actual Rows": 1,
        "Actual Loops": 1783,
        "Index Cond": "(id = mi.movie_id)",
        "Rows Removed by Index Recheck": 0,
        "Filter": "(production_year > 1990)",
        "Rows Removed by Filter": 0
      }
    ]
  }
}