{
  "Plan": {
    "Node Type": "Hash Join",
    "Parent Relationship": "Outer",
    "Parallel Aware": false,
    "Join Type": "Inner",
    "Startup Cost": 2.43,
    "Total Cost": 238981.74,
    "Plan Rows": 57,
    "Plan Width": 4,
    "Actual Startup Time": 347.905,
    "Actual Total Time": 1316.305,
    "Actual Rows": 3560,
    "Actual Loops": 3,
    "Inner Unique": true,
    "Hash Cond": "(mi.info_type_id = it1.id)",
    "Plans": [
      {
        "Node Type": "Seq Scan",
        "Parent Relationship": "Outer",
        "Parallel Aware": true,
        "Relation Name": "movie_info",
        "Alias": "mi",
        "Startup Cost": 0.0,
        "Total Cost": 238961.89,
        "Plan Rows": 6398,
        "Plan Width": 8,
        "Actual Startup Time": 52.125,
        "Actual Total Time": 1313.802,
        "Actual Rows": 3603,
        "Actual Loops": 3,
        "Filter": "((note)::text ~~ '%internet%'::text)",
        "Rows Removed by Filter": 4941637
      },
      {
        "Node Type": "Hash",
        "Parent Relationship": "Inner",
        "Parallel Aware": false,
        "Startup Cost": 2.41,
        "Total Cost": 2.41,
        "Plan Rows": 1,
        "Plan Width": 4,
        "Actual Startup Time": 0.096,
        "Actual Total Time": 0.098,
        "Actual Rows": 1,
        "Actual Loops": 3,
        "Hash Buckets": 1024,
        "Original Hash Buckets": 1024,
        "Hash Batches": 1,
        "Original Hash Batches": 1,
        "Peak Memory Usage": 9,
        "Plans": [
          {
            "Node Type": "Seq Scan",
            "Parent Relationship": "Outer",
            "Parallel Aware": false,
            "Relation Name": "info_type",
            "Alias": "it1",
            "Startup Cost": 0.0,
            "Total Cost": 2.41,
            "Plan Rows": 1,
            "Plan Width": 4,
            "Actual Startup Time": 0.058,
            "Actual Total Time": 0.081,
            "Actual Rows": 1,
            "Actual Loops": 3,
            "Filter": "((info)::text = 'release dates'::text)",
            "Rows Removed by Filter": 112
          }
        ]
      }
    ]
  }
}