{
  "Plan": {
    "Node Type": "Nested Loop",
    "Parent Relationship": "Outer",
    "Parallel Aware": false,
    "Join Type": "Inner",
    "Startup Cost": 269769.7,
    "Total Cost": 313601.57,
    "Plan Rows": 1,
    "Plan Width": 71,
    "Actual Startup Time": 1775.074,
    "Actual Total Time": 2171.365,
    "Actual Rows": 882,
    "Actual Loops": 3,
    "Inner Unique": true,
    "Plans": [
      {
        "Node Type": "Nested Loop",
        "Parent Relationship": "Outer",
        "Parallel Aware": false,
        "Join Type": "Inner",
        "Startup Cost": 269769.55,
        "Total Cost": 313601.4,
        "Plan Rows": 1,
        "Plan Width": 75,
        "Actual Startup Time": 1774.987,
        "Actual Total Time": 2168.31,
        "Actual Rows": 882,
        "Actual Loops": 3,
        "Inner Unique": true,
        "Plans": [
          {
            "Node Type": "Hash Join",
            "Parent Relationship": "Outer",
            "Parallel Aware": true,
            "Join Type": "Inner",
            "Startup Cost": 269769.13,
            "Total Cost": 313598.28,
            "Plan Rows": 7,
            "Plan Width": 79,
            "Actual Startup Time": 1774.856,
            "Actual Total Time": 2151.532,
            "Actual Rows": 961,
            "Actual Loops": 3,
            "Inner Unique": false,
            "Hash Cond": "(mc.movie_id = t.id)",
            "Plans": [
              {
                "Node Type": "Seq Scan",
                "Parent Relationship": "Outer",
                "Parallel Aware": true,
                "Relation Name": "movie_companies",
                "Alias": "mc",
                "Startup Cost": 0.0,
                "Total Cost": 39752.37,
                "Plan Rows": 1087137,
                "Plan Width": 12,
                "Actual Startup Time": 0.068,
                "Actual Total Time": 180.534,
                "Actual Rows": 869710,
                "Actual Loops": 3
              },
              {
                "Node Type": "Hash",
                "Parent Relationship": "Inner",
                "Parallel Aware": true,
                "Startup Cost": 269769.12,
                "Total Cost": 269769.12,
                "Plan Rows": 1,
                "Plan Width": 67,
                "Actual Startup Time": 1773.159,
                "Actual Total Time": 1773.169,
                "Actual Rows": 594,
                "Actual Loops": 3,
                "Hash Buckets": 2048,
                "Original Hash Buckets": 1024,
                "Hash Batches": 1,
                "Original Hash Batches": 1,
                "Peak Memory Usage": 216,
                "Plans": [
                  {
                    "Node Type": "Nested Loop",
                    "Parent Relationship": "Outer",
                    "Parallel Aware": false,
                    "Join Type": "Inner",
                    "Startup Cost": 2.86,
                    "Total Cost": 269769.12,
                    "Plan Rows": 1,
                    "Plan Width": 67,
                    "Actual Startup Time": 364.799,
                    "Actual Total Time": 1385.962,
                    "Actual Rows": 594,
                    "Actual Loops": 3,
                    "Inner Unique": true,
                    "Plans": [
                      {
                        "Node Type": "Hash Join",
                        "Parent Relationship": "Outer",
                        "Parallel Aware": false,
                        "Join Type": "Inner",
                        "Startup Cost": 2.43,
                        "Total Cost": 269752.51,
                        "Plan Rows": 2,
                        "Plan Width": 46,
                        "Actual Startup Time": 364.729,
                        "Actual Total Time": 1370.09,
                        "Actual Rows": 594,
                        "Actual Loops": 3,
                        "Inner Unique": true,
                        "Hash Cond": "(mi.info_type_id = it1.id)",
                        "Plans": [
                          {
                            "Node Type": "Seq Scan",
                            "Parent Relationship": "Outer",
                            "Parallel Aware": true,
                            "Relation Name": "movie_info",
                            "Alias": "mi",
                            "Startup Cost": 0.0,
                            "Total Cost": 269749.45,
                            "Plan Rows": 233,
                            "Plan Width": 50,
                            "Actual Startup Time": 364.597,
                            "Actual Total Time": 1369.287,
                            "Actual Rows": 594,
                            "Actual Loops": 3,
                            "Filter": "((info IS NOT NULL) AND ((note)::text ~~ '%internet%'::text) AND (((info)::text ~~ 'USA:% 199%'::text) OR ((info)::text ~~ 'USA:% 200%'::text)))",
                            "Rows Removed by Filter": 4944646
                          },
                          {
                            "Node Type": "Hash",
                            "Parent Relationship": "Inner",
                            "Parallel Aware": false,
                            "Startup Cost": 2.41,
                            "Total Cost": 2.41,
                            "Plan Rows": 1,
                            "Plan Width": 4,
                            "Actual Startup Time": 0.085,
                            "Actual Total Time": 0.088,
                            "Actual Rows": 1,
                            "Actual Loops": 3,
                            "Hash Buckets": 1024,
                            "Original Hash Buckets": 1024,
                            "Hash Batches": 1,
                            "Original Hash Batches": 1,
                            "Peak Memory Usage": 9,
                            "Plans": [
                              {
                                "Node Type": "Seq Scan",
                                "Parent Relationship": "Outer",
                                "Parallel Aware": false,
                                "Relation Name": "info_type",
                                "Alias": "it1",
                                "Startup Cost": 0.0,
                                "Total Cost": 2.41,
                                "Plan Rows": 1,
                                "Plan Width": 4,
                                "Actual Startup Time": 0.051,
                                "Actual Total Time": 0.072,
                                "Actual Rows": 1,
                                "Actual Loops": 3,
                                "Filter": "((info)::text = 'release dates'::text)",
                                "Rows Removed by Filter": 112
                              }
                            ]
                          }
                        ]
                      },
                      {
                        "Node Type": "Index Scan",
                        "Parent Relationship": "Inner",
                        "Parallel Aware": false,
                        "Scan Direction": "Forward",
                        "Index Name": "title_pkey",
                        "Relation Name": "title",
                        "Alias": "t",
                        "Startup Cost": 0.43,
                        "Total Cost": 8.31,
                        "Plan Rows": 1,
                        "Plan Width": 21,
                        "Actual Startup Time": 0.025,
                        "Actual Total Time": 0.025,
                        "Actual Rows": 1,
                        "Actual Loops": 1783,
                        "Index Cond": "(id = mi.movie_id)",
                        "Rows Removed by Index Recheck": 0,
                        "Filter": "(production_year > 1990)",
                        "Rows Removed by Filter": 0
                      }
                    ]
                  }
                ]
              }
            ]
          },
          {
            "Node Type": "Index Scan",
            "Parent Relationship": "Inner",
            "Parallel Aware": false,
            "Scan Direction": "Forward",
            "Index Name": "company_name_pkey",
            "Relation Name": "company_name",
            "Alias": "cn",
            "Startup Cost": 0.42,
            "Total Cost": 0.45,
            "Plan Rows": 1,
            "Plan Width": 4,
            "Actual Startup Time": 0.016,
            "Actual Total Time": 0.016,
            "Actual Rows": 1,
            "Actual Loops": 2884,
            "Index Cond": "(id = mc.company_id)",
            "Rows Removed by Index Recheck": 0,
            "Filter": "((country_code)::text = '[us]'::text)",
            "Rows Removed by Filter": 0
          }
        ]
      },
      {
        "Node Type": "Index Only Scan",
        "Parent Relationship": "Inner",
        "Parallel Aware": false,
        "Scan Direction": "Forward",
        "Index Name": "company_type_pkey",
        "Relation Name": "company_type",
        "Alias": "ct",
        "Startup Cost": 0.15,
        "Total Cost": 0.17,
        "Plan Rows": 1,
        "Plan Width": 4,
        "Actual Startup Time": 0.002,
        "Actual Total Time": 0.002,
        "Actual Rows": 1,
        "Actual Loops": 2647,
        "Index Cond": "(id = mc.company_type_id)",
        "Rows Removed by Index Recheck": 0,
        "Heap Fetches": 2647
      }
    ]
  }
}