{
  "Plan": {
    "Node Type": "Hash Join",
    "Parent Relationship": "Outer",
    "Parallel Aware": true,
    "Join Type": "Inner",
    "Startup Cost": 333614.35,
    "Total Cost": 341899.98,
    "Plan Rows": 28,
    "Plan Width": 38,
    "Actual Startup Time": 2829.963,
    "Actual Total Time": 2903.101,
    "Actual Rows": 3782,
    "Actual Loops": 3,
    "Inner Unique": false,
    "Hash Cond": "(at.movie_id = t.id)",
    "Plans": [
      {
        "Node Type": "Seq Scan",
        "Parent Relationship": "Outer",
        "Parallel Aware": true,
        "Relation Name": "aka_title",
        "Alias": "at",
        "Startup Cost": 0.0,
        "Total Cost": 7719.27,
        "Plan Rows": 151027,
        "Plan Width": 25,
        "Actual Startup Time": 0.06,
        "Actual Total Time": 32.943,
        "Actual Rows": 120491,
        "Actual Loops": 3
      },
      {
        "Node Type": "Hash",
        "Parent Relationship": "Inner",
        "Parallel Aware": true,
        "Startup Cost": 333614.21,
        "Total Cost": 333614.21,
        "Plan Rows": 11,
        "Plan Width": 33,
        "Actual Startup Time": 2829.05,
        "Actual Total Time": 2829.068,
        "Actual Rows": 8521,
        "Actual Loops": 3,
        "Hash Buckets": 32768,
        "Original Hash Buckets": 1024,
        "Hash Batches": 1,
        "Original Hash Batches": 1,
        "Peak Memory Usage": 2328,
        "Plans": [
          {
            "Node Type": "Nested Loop",
            "Parent Relationship": "Outer",
            "Parallel Aware": false,
            "Join Type": "Inner",
            "Startup Cost": 283237.45,
            "Total Cost": 333614.21,
            "Plan Rows": 11,
            "Plan Width": 33,
            "Actual Startup Time": 2090.751,
            "Actual Total Time": 2727.266,
            "Actual Rows": 8521,
            "Actual Loops": 3,
            "Inner Unique": true,
            "Plans": [
              {
                "Node Type": "Hash Join",
                "Parent Relationship": "Outer",
                "Parallel Aware": true,
                "Join Type": "Inner",
                "Startup Cost": 283237.03,
                "Total Cost": 333609.39,
                "Plan Rows": 11,
                "Plan Width": 37,
                "Actual Startup Time": 2090.635,
                "Actual Total Time": 2689.575,
                "Actual Rows": 8521,
                "Actual Loops": 3,
                "Inner Unique": false,
                "Hash Cond": "(mk.movie_id = t.id)",
                "Plans": [
                  {
                    "Node Type": "Seq Scan",
                    "Parent Relationship": "Outer",
                    "Parallel Aware": true,
                    "Relation Name": "movie_keyword",
                    "Alias": "mk",
                    "Startup Cost": 0.0,
                    "Total Cost": 43303.71,
                    "Plan Rows": 1884971,
                    "Plan Width": 8,
                    "Actual Startup Time": 0.077,
                    "Actual Total Time": 284.307,
                    "Actual Rows": 1507977,
                    "Actual Loops": 3
                  },
                  {
                    "Node Type": "Hash",
                    "Parent Relationship": "Inner",
                    "Parallel Aware": true,
                    "Startup Cost": 283237.02,
                    "Total Cost": 283237.02,
                    "Plan Rows": 1,
                    "Plan Width": 29,
                    "Actual Startup Time": 2088.852,
                    "Actual Total Time": 2088.865,
                    "Actual Rows": 3286,
                    "Actual Loops": 3,
                    "Hash Buckets": 16384,
                    "Original Hash Buckets": 1024,
                    "Hash Batches": 1,
                    "Original Hash Batches": 1,
                    "Peak Memory Usage": 952,
                    "Plans": [
                      {
                        "Node Type": "Nested Loop",
                        "Parent Relationship": "Outer",
                        "Parallel Aware": false,
                        "Join Type": "Inner",
                        "Startup Cost": 239319.38,
                        "Total Cost": 283237.02,
                        "Plan Rows": 1,
                        "Plan Width": 29,
                        "Actual Startup Time": 1494.572,
                        "Actual Total Time": 1967.84,
                        "Actual Rows": 3286,
                        "Actual Loops": 3,
                        "Inner Unique": true,
                        "Plans": [
                          {
                            "Node Type": "Nested Loop",
                            "Parent Relationship": "Outer",
                            "Parallel Aware": false,
                            "Join Type": "Inner",
                            "Startup Cost": 239319.23,
                            "Total Cost": 283236.85,
                            "Plan Rows": 1,
                            "Plan Width": 33,
                            "Actual Startup Time": 1494.518,
                            "Actual Total Time": 1958.508,
                            "Actual Rows": 3286,
                            "Actual Loops": 3,
                            "Inner Unique": true,
                            "Plans": [
                              {
                                "Node Type": "Hash Join",
                                "Parent Relationship": "Outer",
                                "Parallel Aware": true,
                                "Join Type": "Inner",
                                "Startup Cost": 239318.81,
                                "Total Cost": 283148.12,
                                "Plan Rows": 199,
                                "Plan Width": 37,
                                "Actual Startup Time": 1494.419,
                                "Actual Total Time": 1908.43,
                                "Actual Rows": 4792,
                                "Actual Loops": 3,
                                "Inner Unique": false,
                                "Hash Cond": "(mc.movie_id = t.id)",
                                "Plans": [
                                  {
                                    "Node Type": "Seq Scan",
                                    "Parent Relationship": "Outer",
                                    "Parallel Aware": true,
                                    "Relation Name": "movie_companies",
                                    "Alias": "mc",
                                    "Startup Cost": 0.0,
                                    "Total Cost": 39752.37,
                                    "Plan Rows": 1087137,
                                    "Plan Width": 12,
                                    "Actual Startup Time": 0.057,
                                    "Actual Total Time": 180.973,
                                    "Actual Rows": 869710,
                                    "Actual Loops": 3
                                  },
                                  {
                                    "Node Type": "Hash",
                                    "Parent Relationship": "Inner",
                                    "Parallel Aware": true,
                                    "Startup Cost": 239318.32,
                                    "Total Cost": 239318.32,
                                    "Plan Rows": 39,
                                    "Plan Width": 25,
                                    "Actual Startup Time": 1494.205,
                                    "Actual Total Time": 1494.212,
                                    "Actual Rows": 3554,
                                    "Actual Loops": 3,
                                    "Hash Buckets": 16384,
                                    "Original Hash Buckets": 1024,
                                    "Hash Batches": 1,
                                    "Original Hash Batches": 1,
                                    "Peak Memory Usage": 920,
                                    "Plans": [
                                      {
                                        "Node Type": "Nested Loop",
                                        "Parent Relationship": "Outer",
                                        "Parallel Aware": false,
                                        "Join Type": "Inner",
                                        "Startup Cost": 2.86,
                                        "Total Cost": 239318.32,
                                        "Plan Rows": 39,
                                        "Plan Width": 25,
                                        "Actual Startup Time": 348.021,
                                        "Actual Total Time": 1389.667,
                                        "Actual Rows": 3554,
                                        "Actual Loops": 3,
                                        "Inner Unique": true,
                                        "Plans": [
                                          {
                                            "Node Type": "Hash Join",
                                            "Parent Relationship": "Outer",
                                            "Parallel Aware": false,
                                            "Join Type": "Inner",
                                            "Startup Cost": 2.43,
                                            "Total Cost": 238981.74,
                                            "Plan Rows": 57,
                                            "Plan Width": 4,
                                            "Actual Startup Time": 347.905,
                                            "Actual Total Time": 1316.305,
                                            "Actual Rows": 3560,
                                            "Actual Loops": 3,
                                            "Inner Unique": true,
                                            "Hash Cond": "(mi.info_type_id = it1.id)",
                                            "Plans": [
                                              {
                                                "Node Type": "Seq Scan",
                                                "Parent Relationship": "Outer",
                                                "Parallel Aware": true,
                                                "Relation Name": "movie_info",
                                                "Alias": "mi",
                                                "Startup Cost": 0.0,
                                                "Total Cost": 238961.89,
                                                "Plan Rows": 6398,
                                                "Plan Width": 8,
                                                "Actual Startup Time": 52.125,
                                                "Actual Total Time": 1313.802,
                                                "Actual Rows": 3603,
                                                "Actual Loops": 3,
                                                "Filter": "((note)::text ~~ '%internet%'::text)",
                                                "Rows Removed by Filter": 4941637
                                              },
                                              {
                                                "Node Type": "Hash",
                                                "Parent Relationship": "Inner",
                                                "Parallel Aware": false,
                                                "Startup Cost": 2.41,
                                                "Total Cost": 2.41,
                                                "Plan Rows": 1,
                                                "Plan Width": 4,
                                                "Actual Startup Time": 0.096,
                                                "Actual Total Time": 0.098,
                                                "Actual Rows": 1,
                                                "Actual Loops": 3,
                                                "Hash Buckets": 1024,
                                                "Original Hash Buckets": 1024,
                                                "Hash Batches": 1,
                                                "Original Hash Batches": 1,
                                                "Peak Memory Usage": 9,
                                                "Plans": [
                                                  {
                                                    "Node Type": "Seq Scan",
                                                    "Parent Relationship": "Outer",
                                                    "Parallel Aware": false,
                                                    "Relation Name": "info_type",
                                                    "Alias": "it1",
                                                    "Startup Cost": 0.0,
                                                    "Total Cost": 2.41,
                                                    "Plan Rows": 1,
                                                    "Plan Width": 4,
                                                    "Actual Startup Time": 0.058,
                                                    "Actual Total Time": 0.081,
                                                    "Actual Rows": 1,
                                                    "Actual Loops": 3,
                                                    "Filter": "((info)::text = 'release dates'::text)",
                                                    "Rows Removed by Filter": 112
                                                  }
                                                ]
                                              }
                                            ]
                                          },
                                          {
                                            "Node Type": "Index Scan",
                                            "Parent Relationship": "Inner",
                                            "Parallel Aware": false,
                                            "Scan Direction": "Forward",
                                            "Index Name": "title_pkey",
                                            "Relation Name": "title",
                                            "Alias": "t",
                                            "Startup Cost": 0.43,
                                            "Total Cost": 5.9,
                                            "Plan Rows": 1,
                                            "Plan Width": 21,
                                            "Actual Startup Time": 0.02,
                                            "Actual Total Time": 0.02,
                                            "Actual Rows": 1,
                                            "Actual Loops": 10679,
                                            "Index Cond": "(id = mi.movie_id)",
                                            "Rows Removed by Index Recheck": 0,
                                            "Filter": "(production_year > 1990)",
                                            "Rows Removed by Filter": 0
                                          }
                                        ]
                                      }
                                    ]
                                  }
                                ]
                              },
                              {
                                "Node Type": "Index Scan",
                                "Parent Relationship": "Inner",
                                "Parallel Aware": false,
                                "Scan Direction": "Forward",
                                "Index Name": "company_name_pkey",
                                "Relation Name": "company_name",
                                "Alias": "cn",
                                "Startup Cost": 0.42,
                                "Total Cost": 0.45,
                                "Plan Rows": 1,
                                "Plan Width": 4,
                                "Actual Startup Time": 0.01,
                                "Actual Total Time": 0.01,
                                "Actual Rows": 1,
                                "Actual Loops": 14377,
                                "Index Cond": "(id = mc.company_id)",
                                "Rows Removed by Index Recheck": 0,
                                "Filter": "((country_code)::text = '[us]'::text)",
                                "Rows Removed by Filter": 0
                              }
                            ]
                          },
                          {
                            "Node Type": "Index Only Scan",
                            "Parent Relationship": "Inner",
                            "Parallel Aware": false,
                            "Scan Direction": "Forward",
                            "Index Name": "company_type_pkey",
                            "Relation Name": "company_type",
                            "Alias": "ct",
                            "Startup Cost": 0.15,
                            "Total Cost": 0.17,
                            "Plan Rows": 1,
                            "Plan Width": 4,
                            "Actual Startup Time": 0.002,
                            "Actual Total Time": 0.002,
                            "Actual Rows": 1,
                            "Actual Loops": 9857,
                            "Index Cond": "(id = mc.company_type_id)",
                            "Rows Removed by Index Recheck": 0,
                            "Heap Fetches": 9857
                          }
                        ]
                      }
                    ]
                  }
                ]
              },
              {
                "Node Type": "Index Only Scan",
                "Parent Relationship": "Inner",
                "Parallel Aware": false,
                "Scan Direction": "Forward",
                "Index Name": "keyword_pkey",
                "Relation Name": "keyword",
                "Alias": "k",
                "Startup Cost": 0.42,
                "Total Cost": 0.44,
                "Plan Rows": 1,
                "Plan Width": 4,
                "Actual Startup Time": 0.004,
                "Actual Total Time": 0.004,
                "Actual Rows": 1,
                "Actual Loops": 25564,
                "Index Cond": "(id = mk.keyword_id)",
                "Rows Removed by Index Recheck": 0,
                "Heap Fetches": 0
              }
            ]
          }
        ]
      }
    ]
  }
}