{
  "Plan": {
    "Node Type": "Nested Loop",
    "Parent Relationship": "Outer",
    "Parallel Aware": false,
    "Join Type": "Inner",
    "Startup Cost": 50070.61,
    "Total Cost": 98466.83,
    "Plan Rows": 238,
    "Plan Width": 12,
    "Actual Startup Time": 1434.8,
    "Actual Total Time": 1644.569,
    "Actual Rows": 22772,
    "Actual Loops": 3,
    "Inner Unique": true,
    "Plans": [
      {
        "Node Type": "Hash Join",
        "Parent Relationship": "Outer",
        "Parallel Aware": true,
        "Join Type": "Inner",
        "Startup Cost": 50070.18,
        "Total Cost": 98358.43,
        "Plan Rows": 238,
        "Plan Width": 8,
        "Actual Startup Time": 1434.663,
        "Actual Total Time": 1531.198,
        "Actual Rows": 22772,
        "Actual Loops": 3,
        "Inner Unique": false,
        "Hash Cond": "(mk.movie_id = mc.movie_id)",
        "Plans": [
          {
            "Node Type": "Hash Join",
            "Parent Relationship": "Outer",
            "Parallel Aware": false,
            "Join Type": "Inner",
            "Startup Cost": 2647.51,
            "Total Cost": 50899.43,
            "Plan Rows": 9427,
            "Plan Width": 4,
            "Actual Startup Time": 36.46,
            "Actual Total Time": 592.823,
            "Actual Rows": 13947,
            "Actual Loops": 3,
            "Inner Unique": true,
            "Hash Cond": "(mk.keyword_id = k.id)",
            "Plans": [
              {
                "Node Type": "Seq Scan",
                "Parent Relationship": "Outer",
                "Parallel Aware": true,
                "Relation Name": "movie_keyword",
                "Alias": "mk",
                "Startup Cost": 0.0,
                "Total Cost": 43303.71,
                "Plan Rows": 1884971,
                "Plan Width": 8,
                "Actual Startup Time": 0.06,
                "Actual Total Time": 278.495,
                "Actual Rows": 1507977,
                "Actual Loops": 3
              },
              {
                "Node Type": "Hash",
                "Parent Relationship": "Inner",
                "Parallel Aware": false,
                "Startup Cost": 2639.12,
                "Total Cost": 2639.12,
                "Plan Rows": 671,
                "Plan Width": 4,
                "Actual Startup Time": 36.311,
                "Actual Total Time": 36.313,
                "Actual Rows": 1,
                "Actual Loops": 3,
                "Hash Buckets": 1024,
                "Original Hash Buckets": 1024,
                "Hash Batches": 1,
                "Original Hash Batches": 1,
                "Peak Memory Usage": 9,
                "Plans": [
                  {
                    "Node Type": "Seq Scan",
                    "Parent Relationship": "Outer",
                    "Parallel Aware": false,
                    "Relation Name": "keyword",
                    "Alias": "k",
                    "Startup Cost": 0.0,
                    "Total Cost": 2639.12,
                    "Plan Rows": 671,
                    "Plan Width": 4,
                    "Actual Startup Time": 1.418,
                    "Actual Total Time": 36.303,
                    "Actual Rows": 1,
                    "Actual Loops": 3,
                    "Filter": "((keyword)::text = 'character-name-in-title'::text)",
                    "Rows Removed by Filter": 134169
                  }
                ]
              }
            ]
          },
          {
            "Node Type": "Hash",
            "Parent Relationship": "Inner",
            "Parallel Aware": true,
            "Startup Cost": 47354.72,
            "Total Cost": 47354.72,
            "Plan Rows": 5436,
            "Plan Width": 4,
            "Actual Startup Time": 820.896,
            "Actual Total Time": 821.133,
            "Actual Rows": 384599,
            "Actual Loops": 3,
            "Hash Buckets": 131072,
            "Original Hash Buckets": 16384,
            "Hash Batches": 16,
            "Original Hash Batches": 1,
            "Peak Memory Usage": 3904,
            "Plans": [
              {
                "Node Type": "Hash Join",
                "Parent Relationship": "Outer",
                "Parallel Aware": true,
                "Join Type": "Inner",
                "Startup Cost": 4748.56,
                "Total Cost": 47354.72,
                "Plan Rows": 5436,
                "Plan Width": 4,
                "Actual Startup Time": 55.838,
                "Actual Total Time": 607.789,
                "Actual Rows": 384599,
                "Actual Loops": 3,
                "Inner Unique": true,
                "Hash Cond": "(mc.company_id = cn.id)",
                "Plans": [
                  {
                    "Node Type": "Seq Scan",
                    "Parent Relationship": "Outer",
                    "Parallel Aware": true,
                    "Relation Name": "movie_companies",
                    "Alias": "mc",
                    "Startup Cost": 0.0,
                    "Total Cost": 39752.37,
                    "Plan Rows": 1087137,
                    "Plan Width": 8,
                    "Actual Startup Time": 0.042,
                    "Actual Total Time": 190.41,
                    "Actual Rows": 869710,
                    "Actual Loops": 3
                  },
                  {
                    "Node Type": "Hash",
                    "Parent Relationship": "Inner",
                    "Parallel Aware": true,
                    "Startup Cost": 4739.92,
                    "Total Cost": 4739.92,
                    "Plan Rows": 691,
                    "Plan Width": 4,
                    "Actual Startup Time": 55.719,
                    "Actual Total Time": 55.725,
                    "Actual Rows": 28281,
                    "Actual Loops": 3,
                    "Hash Buckets": 131072,
                    "Original Hash Buckets": 2048,
                    "Hash Batches": 1,
                    "Original Hash Batches": 1,
                    "Peak Memory Usage": 5424,
                    "Plans": [
                      {
                        "Node Type": "Seq Scan",
                        "Parent Relationship": "Outer",
                        "Parallel Aware": true,
                        "Relation Name": "company_name",
                        "Alias": "cn",
                        "Startup Cost": 0.0,
                        "Total Cost": 4739.92,
                        "Plan Rows": 691,
                        "Plan Width": 4,
                        "Actual Startup Time": 0.051,
                        "Actual Total Time": 34.968,
                        "Actual Rows": 28281,
                        "Actual Loops": 3,
                        "Filter": "((country_code)::text = '[us]'::text)",
                        "Rows Removed by Filter": 50051
                      }
                    ]
                  }
                ]
              }
            ]
          }
        ]
      },
      {
        "Node Type": "Index Only Scan",
        "Parent Relationship": "Inner",
        "Parallel Aware": false,
        "Scan Direction": "Forward",
        "Index Name": "title_pkey",
        "Relation Name": "title",
        "Alias": "t",
        "Startup Cost": 0.43,
        "Total Cost": 0.46,
        "Plan Rows": 1,
        "Plan Width": 4,
        "Actual Startup Time": 0.004,
        "Actual Total Time": 0.004,
        "Actual Rows": 1,
        "Actual Loops": 68316,
        "Index Cond": "(id = mk.movie_id)",
        "Rows Removed by Index Recheck": 0,
        "Heap Fetches": 0
      }
    ]
  }
}