{
  "Plan": {
    "Node Type": "Hash Join",
    "Parent Relationship": "Outer",
    "Parallel Aware": true,
    "Join Type": "Inner",
    "Startup Cost": 77319.8,
    "Total Cost": 519288.29,
    "Plan Rows": 1500,
    "Plan Width": 19,
    "Actual Startup Time": 1741.932,
    "Actual Total Time": 5325.759,
    "Actual Rows": 89570,
    "Actual Loops": 3,
    "Inner Unique": true,
    "Hash Cond": "(ci.person_id = n.id)",
    "Plans": [
      {
        "Node Type": "Seq Scan",
        "Parent Relationship": "Outer",
        "Parallel Aware": true,
        "Relation Name": "cast_info",
        "Alias": "ci",
        "Startup Cost": 0.0,
        "Total Cost": 402615.6,
        "Plan Rows": 14991560,
        "Plan Width": 8,
        "Actual Startup Time": 0.078,
        "Actual Total Time": 2152.003,
        "Actual Rows": 12081448,
        "Actual Loops": 3
      },
      {
        "Node Type": "Hash",
        "Parent Relationship": "Inner",
        "Parallel Aware": true,
        "Startup Cost": 77317.62,
        "Total Cost": 77317.62,
        "Plan Rows": 174,
        "Plan Width": 19,
        "Actual Startup Time": 451.714,
        "Actual Total Time": 451.717,
        "Actual Rows": 12058,
        "Actual Loops": 3,
        "Hash Buckets": 65536,
        "Original Hash Buckets": 1024,
        "Hash Batches": 1,
        "Original Hash Batches": 1,
        "Peak Memory Usage": 3032,
        "Plans": [
          {
            "Node Type": "Seq Scan",
            "Parent Relationship": "Outer",
            "Parallel Aware": true,
            "Relation Name": "name",
            "Alias": "n",
            "Startup Cost": 0.0,
            "Total Cost": 77317.62,
            "Plan Rows": 174,
            "Plan Width": 19,
            "Actual Startup Time": 187.562,
            "Actual Total Time": 438.701,
            "Actual Rows": 12058,
            "Actual Loops": 3,
            "Filter": "((name)::text ~~ 'Z%'::text)",
            "Rows Removed by Filter": 1377106
          }
        ]
      }
    ]
  }
}