{
  "Plan": {
    "Node Type": "Nested Loop",
    "Parent Relationship": "Outer",
    "Parallel Aware": false,
    "Join Type": "Inner",
    "Startup Cost": 2647.94,
    "Total Cost": 55192.96,
    "Plan Rows": 9427,
    "Plan Width": 8,
    "Actual Startup Time": 35.764,
    "Actual Total Time": 698.09,
    "Actual Rows": 13947,
    "Actual Loops": 3,
    "Inner Unique": true,
    "Plans": [
      {
        "Node Type": "Hash Join",
        "Parent Relationship": "Outer",
        "Parallel Aware": false,
        "Join Type": "Inner",
        "Startup Cost": 2647.51,
        "Total Cost": 50899.43,
        "Plan Rows": 9427,
        "Plan Width": 4,
        "Actual Startup Time": 35.654,
        "Actual Total Time": 593.615,
        "Actual Rows": 13947,
        "Actual Loops": 3,
        "Inner Unique": true,
        "Hash Cond": "(mk.keyword_id = k.id)",
        "Plans": [
          {
            "Node Type": "Seq Scan",
            "Parent Relationship": "Outer",
            "Parallel Aware": true,
            "Relation Name": "movie_keyword",
            "Alias": "mk",
            "Startup Cost": 0.0,
            "Total Cost": 43303.71,
            "Plan Rows": 1884971,
            "Plan Width": 8,
            "Actual Startup Time": 0.04,
            "Actual Total Time": 280.717,
            "Actual Rows": 1507977,
            "Actual Loops": 3
          },
          {
            "Node Type": "Hash",
            "Parent Relationship": "Inner",
            "Parallel Aware": false,
            "Startup Cost": 2639.12,
            "Total Cost": 2639.12,
            "Plan Rows": 671,
            "Plan Width": 4,
            "Actual Startup Time": 35.384,
            "Actual Total Time": 35.386,
            "Actual Rows": 1,
            "Actual Loops": 3,
            "Hash Buckets": 1024,
            "Original Hash Buckets": 1024,
            "Hash Batches": 1,
            "Original Hash Batches": 1,
            "Peak Memory Usage": 9,
            "Plans": [
              {
                "Node Type": "Seq Scan",
                "Parent Relationship": "Outer",
                "Parallel Aware": false,
                "Relation Name": "keyword",
                "Alias": "k",
                "Startup Cost": 0.0,
                "Total Cost": 2639.12,
                "Plan Rows": 671,
                "Plan Width": 4,
                "Actual Startup Time": 1.526,
                "Actual Total Time": 35.368,
                "Actual Rows": 1,
                "Actual Loops": 3,
                "Filter": "((keyword)::text = 'character-name-in-title'::text)",
                "Rows Removed by Filter": 134169
              }
            ]
          }
        ]
      },
      {
        "Node Type": "Index Only Scan",
        "Parent Relationship": "Inner",
        "Parallel Aware": false,
        "Scan Direction": "Forward",
        "Index Name": "title_pkey",
        "Relation Name": "title",
        "Alias": "t",
        "Startup Cost": 0.43,
        "Total Cost": 0.46,
        "Plan Rows": 1,
        "Plan Width": 4,
        "Actual Startup Time": 0.007,
        "Actual Total Time": 0.007,
        "Actual Rows": 1,
        "Actual Loops": 41840,
        "Index Cond": "(id = mk.movie_id)",
        "Rows Removed by Index Recheck": 0,
        "Heap Fetches": 0
      }
    ]
  }
}