{
  "Plan": {
    "Node Type": "Hash Join",
    "Parent Relationship": "Outer",
    "Parallel Aware": true,
    "Join Type": "Inner",
    "Startup Cost": 177095.42,
    "Total Cost": 619069.81,
    "Plan Rows": 1786,
    "Plan Width": 19,
    "Actual Startup Time": 2969.317,
    "Actual Total Time": 6592.57,
    "Actual Rows": 17435,
    "Actual Loops": 3,
    "Inner Unique": false,
    "Hash Cond": "(ci.movie_id = t.id)",
    "Plans": [
      {
        "Node Type": "Hash Join",
        "Parent Relationship": "Outer",
        "Parallel Aware": true,
        "Join Type": "Inner",
        "Startup Cost": 77319.8,
        "Total Cost": 519288.29,
        "Plan Rows": 1500,
        "Plan Width": 19,
        "Actual Startup Time": 1741.932,
        "Actual Total Time": 5325.759,
        "Actual Rows": 89570,
        "Actual Loops": 3,
        "Inner Unique": true,
        "Hash Cond": "(ci.person_id = n.id)",
        "Plans": [
          {
            "Node Type": "Seq Scan",
            "Parent Relationship": "Outer",
            "Parallel Aware": true,
            "Relation Name": "cast_info",
            "Alias": "ci",
            "Startup Cost": 0.0,
            "Total Cost": 402615.6,
            "Plan Rows": 14991560,
            "Plan Width": 8,
            "Actual Startup Time": 0.078,
            "Actual Total Time": 2152.003,
            "Actual Rows": 12081448,
            "Actual Loops": 3
          },
          {
            "Node Type": "Hash",
            "Parent Relationship": "Inner",
            "Parallel Aware": true,
            "Startup Cost": 77317.62,
            "Total Cost": 77317.62,
            "Plan Rows": 174,
            "Plan Width": 19,
            "Actual Startup Time": 451.714,
            "Actual Total Time": 451.717,
            "Actual Rows": 12058,
            "Actual Loops": 3,
            "Hash Buckets": 65536,
            "Original Hash Buckets": 1024,
            "Hash Batches": 1,
            "Original Hash Batches": 1,
            "Peak Memory Usage": 3032,
            "Plans": [
              {
                "Node Type": "Seq Scan",
                "Parent Relationship": "Outer",
                "Parallel Aware": true,
                "Relation Name": "name",
                "Alias": "n",
                "Startup Cost": 0.0,
                "Total Cost": 77317.62,
                "Plan Rows": 174,
                "Plan Width": 19,
                "Actual Startup Time": 187.562,
                "Actual Total Time": 438.701,
                "Actual Rows": 12058,
                "Actual Loops": 3,
                "Filter": "((name)::text ~~ 'Z%'::text)",
                "Rows Removed by Filter": 1377106
              }
            ]
          }
        ]
      },
      {
        "Node Type": "Hash",
        "Parent Relationship": "Inner",
        "Parallel Aware": true,
        "Startup Cost": 99180.47,
        "Total Cost": 99180.47,
        "Plan Rows": 47612,
        "Plan Width": 16,
        "Actual Startup Time": 1226.586,
        "Actual Total Time": 1226.606,
        "Actual Rows": 49517,
        "Actual Loops": 3,
        "Hash Buckets": 262144,
        "Original Hash Buckets": 131072,
        "Hash Batches": 1,
        "Original Hash Batches": 1,
        "Peak Memory Usage": 10080,
        "Plans": [
          {
            "Node Type": "Hash Join",
            "Parent Relationship": "Outer",
            "Parallel Aware": true,
            "Join Type": "Inner",
            "Startup Cost": 55310.8,
            "Total Cost": 99180.47,
            "Plan Rows": 47612,
            "Plan Width": 16,
            "Actual Startup Time": 727.484,
            "Actual Total Time": 1191.765,
            "Actual Rows": 49517,
            "Actual Loops": 3,
            "Inner Unique": false,
            "Hash Cond": "(mc.movie_id = t.id)",
            "Plans": [
              {
                "Node Type": "Seq Scan",
                "Parent Relationship": "Outer",
                "Parallel Aware": true,
                "Relation Name": "movie_companies",
                "Alias": "mc",
                "Startup Cost": 0.0,
                "Total Cost": 39752.37,
                "Plan Rows": 1087137,
                "Plan Width": 8,
                "Actual Startup Time": 0.042,
                "Actual Total Time": 182.592,
                "Actual Rows": 869710,
                "Actual Loops": 3
              },
              {
                "Node Type": "Hash",
                "Parent Relationship": "Inner",
                "Parallel Aware": true,
                "Startup Cost": 55192.96,
                "Total Cost": 55192.96,
                "Plan Rows": 9427,
                "Plan Width": 8,
                "Actual Startup Time": 727.24,
                "Actual Total Time": 727.251,
                "Actual Rows": 13947,
                "Actual Loops": 3,
                "Hash Buckets": 65536,
                "Original Hash Buckets": 32768,
                "Hash Batches": 1,
                "Original Hash Batches": 1,
                "Peak Memory Usage": 2432,
                "Plans": [
                  {
                    "Node Type": "Nested Loop",
                    "Parent Relationship": "Outer",
                    "Parallel Aware": false,
                    "Join Type": "Inner",
                    "Startup Cost": 2647.94,
                    "Total Cost": 55192.96,
                    "Plan Rows": 9427,
                    "Plan Width": 8,
                    "Actual Startup Time": 35.764,
                    "Actual Total Time": 698.09,
                    "Actual Rows": 13947,
                    "Actual Loops": 3,
                    "Inner Unique": true,
                    "Plans": [
                      {
                        "Node Type": "Hash Join",
                        "Parent Relationship": "Outer",
                        "Parallel Aware": false,
                        "Join Type": "Inner",
                        "Startup Cost": 2647.51,
                        "Total Cost": 50899.43,
                        "Plan Rows": 9427,
                        "Plan Width": 4,
                        "Actual Startup Time": 35.654,
                        "Actual Total Time": 593.615,
                        "Actual Rows": 13947,
                        "Actual Loops": 3,
                        "Inner Unique": true,
                        "Hash Cond": "(mk.keyword_id = k.id)",
                        "Plans": [
                          {
                            "Node Type": "Seq Scan",
                            "Parent Relationship": "Outer",
                            "Parallel Aware": true,
                            "Relation Name": "movie_keyword",
                            "Alias": "mk",
                            "Startup Cost": 0.0,
                            "Total Cost": 43303.71,
                            "Plan Rows": 1884971,
                            "Plan Width": 8,
                            "Actual Startup Time": 0.04,
                            "Actual Total Time": 280.717,
                            "Actual Rows": 1507977,
                            "Actual Loops": 3
                          },
                          {
                            "Node Type": "Hash",
                            "Parent Relationship": "Inner",
                            "Parallel Aware": false,
                            "Startup Cost": 2639.12,
                            "Total Cost": 2639.12,
                            "Plan Rows": 671,
                            "Plan Width": 4,
                            "Actual Startup Time": 35.384,
                            "Actual Total Time": 35.386,
                            "Actual Rows": 1,
                            "Actual Loops": 3,
                            "Hash Buckets": 1024,
                            "Original Hash Buckets": 1024,
                            "Hash Batches": 1,
                            "Original Hash Batches": 1,
                            "Peak Memory Usage": 9,
                            "Plans": [
                              {
                                "Node Type": "Seq Scan",
                                "Parent Relationship": "Outer",
                                "Parallel Aware": false,
                                "Relation Name": "keyword",
                                "Alias": "k",
                                "Startup Cost": 0.0,
                                "Total Cost": 2639.12,
                                "Plan Rows": 671,
                                "Plan Width": 4,
                                "Actual Startup Time": 1.526,
                                "Actual Total Time": 35.368,
                                "Actual Rows": 1,
                                "Actual Loops": 3,
                                "Filter": "((keyword)::text = 'character-name-in-title'::text)",
                                "Rows Removed by Filter": 134169
                              }
                            ]
                          }
                        ]
                      },
                      {
                        "Node Type": "Index Only Scan",
                        "Parent Relationship": "Inner",
                        "Parallel Aware": false,
                        "Scan Direction": "Forward",
                        "Index Name": "title_pkey",
                        "Relation Name": "title",
                        "Alias": "t",
                        "Startup Cost": 0.43,
                        "Total Cost": 0.46,
                        "Plan Rows": 1,
                        "Plan Width": 4,
                        "Actual Startup Time": 0.007,
                        "Actual Total Time": 0.007,
                        "Actual Rows": 1,
                        "Actual Loops": 41840,
                        "Index Cond": "(id = mk.movie_id)",
                        "Rows Removed by Index Recheck": 0,
                        "Heap Fetches": 0
                      }
                    ]
                  }
                ]
              }
            ]
          }
        ]
      }
    ]
  }
}