{
  "Plan": {
    "Node Type": "Hash Join",
    "Parent Relationship": "Outer",
    "Parallel Aware": true,
    "Join Type": "Inner",
    "Startup Cost": 77319.8,
    "Total Cost": 519288.29,
    "Plan Rows": 1500,
    "Plan Width": 19,
    "Actual Startup Time": 1856.107,
    "Actual Total Time": 5261.146,
    "Actual Rows": 4167,
    "Actual Loops": 3,
    "Inner Unique": true,
    "Hash Cond": "(ci.person_id = n.id)",
    "Plans": [
      {
        "Node Type": "Seq Scan",
        "Parent Relationship": "Outer",
        "Parallel Aware": true,
        "Relation Name": "cast_info",
        "Alias": "ci",
        "Startup Cost": 0.0,
        "Total Cost": 402615.6,
        "Plan Rows": 14991560,
        "Plan Width": 8,
        "Actual Startup Time": 0.083,
        "Actual Total Time": 2112.152,
        "Actual Rows": 12081448,
        "Actual Loops": 3
      },
      {
        "Node Type": "Hash",
        "Parent Relationship": "Inner",
        "Parallel Aware": true,
        "Startup Cost": 77317.62,
        "Total Cost": 77317.62,
        "Plan Rows": 174,
        "Plan Width": 19,
        "Actual Startup Time": 626.013,
        "Actual Total Time": 626.015,
        "Actual Rows": 888,
        "Actual Loops": 3,
        "Hash Buckets": 4096,
        "Original Hash Buckets": 1024,
        "Hash Batches": 1,
        "Original Hash Batches": 1,
        "Peak Memory Usage": 280,
        "Plans": [
          {
            "Node Type": "Seq Scan",
            "Parent Relationship": "Outer",
            "Parallel Aware": true,
            "Relation Name": "name",
            "Alias": "n",
            "Startup Cost": 0.0,
            "Total Cost": 77317.62,
            "Plan Rows": 174,
            "Plan Width": 19,
            "Actual Startup Time": 187.821,
            "Actual Total Time": 431.674,
            "Actual Rows": 888,
            "Actual Loops": 3,
            "Filter": "((name)::text ~~ 'X%'::text)",
            "Rows Removed by Filter": 1388276
          }
        ]
      }
    ]
  }
}