{
  "Plan": {
    "Node Type": "Hash Join",
    "Parent Relationship": "Outer",
    "Parallel Aware": true,
    "Join Type": "Inner",
    "Startup Cost": 177095.42,
    "Total Cost": 619069.81,
    "Plan Rows": 1786,
    "Plan Width": 19,
    "Actual Startup Time": 1038.948,
    "Actual Total Time": 3181.341,
    "Actual Rows": 3846,
    "Actual Loops": 3,
    "Inner Unique": false,
    "Hash Cond": "(ci.movie_id = t.id)",
    "Plans": [
      {
        "Node Type": "Hash Join",
        "Parent Relationship": "Outer",
        "Parallel Aware": true,
        "Join Type": "Inner",
        "Startup Cost": 77319.8,
        "Total Cost": 519288.29,
        "Plan Rows": 1500,
        "Plan Width": 19,
        "Actual Startup Time": 418.504,
        "Actual Total Time": 2564.381,
        "Actual Rows": 16097,
        "Actual Loops": 3,
        "Inner Unique": true,
        "Hash Cond": "(ci.person_id = n.id)",
        "Plans": [
          {
            "Node Type": "Seq Scan",
            "Parent Relationship": "Outer",
            "Parallel Aware": true,
            "Relation Name": "cast_info",
            "Alias": "ci",
            "Startup Cost": 0.0,
            "Total Cost": 402615.6,
            "Plan Rows": 14991560,
            "Plan Width": 8,
            "Actual Startup Time": 0.048,
            "Actual Total Time": 1079.941,
            "Actual Rows": 12081448,
            "Actual Loops": 3
          },
          {
            "Node Type": "Hash",
            "Parent Relationship": "Inner",
            "Parallel Aware": true,
            "Startup Cost": 77317.62,
            "Total Cost": 77317.62,
            "Plan Rows": 174,
            "Plan Width": 19,
            "Actual Startup Time": 417.587,
            "Actual Total Time": 417.588,
            "Actual Rows": 1739,
            "Actual Loops": 3,
            "Hash Buckets": 8192,
            "Original Hash Buckets": 1024,
            "Hash Batches": 1,
            "Original Hash Batches": 1,
            "Peak Memory Usage": 472,
            "Plans": [
              {
                "Node Type": "Seq Scan",
                "Parent Relationship": "Outer",
                "Parallel Aware": true,
                "Relation Name": "name",
                "Alias": "n",
                "Startup Cost": 0.0,
                "Total Cost": 77317.62,
                "Plan Rows": 174,
                "Plan Width": 19,
                "Actual Startup Time": 0.921,
                "Actual Total Time": 283.762,
                "Actual Rows": 1739,
                "Actual Loops": 3,
                "Filter": "((name)::text ~~ '%Bert%'::text)",
                "Rows Removed by Filter": 1387425
              }
            ]
          }
        ]
      },
      {
        "Node Type": "Hash",
        "Parent Relationship": "Inner",
        "Parallel Aware": true,
        "Startup Cost": 99180.47,
        "Total Cost": 99180.47,
        "Plan Rows": 47612,
        "Plan Width": 16,
        "Actual Startup Time": 609.925,
        "Actual Total Time": 609.94,
        "Actual Rows": 49517,
        "Actual Loops": 3,
        "Hash Buckets": 262144,
        "Original Hash Buckets": 131072,
        "Hash Batches": 1,
        "Original Hash Batches": 1,
        "Peak Memory Usage": 10080,
        "Plans": [
          {
            "Node Type": "Hash Join",
            "Parent Relationship": "Outer",
            "Parallel Aware": true,
            "Join Type": "Inner",
            "Startup Cost": 55310.8,
            "Total Cost": 99180.47,
            "Plan Rows": 47612,
            "Plan Width": 16,
            "Actual Startup Time": 371.53,
            "Actual Total Time": 589.627,
            "Actual Rows": 49517,
            "Actual Loops": 3,
            "Inner Unique": false,
            "Hash Cond": "(mc.movie_id = t.id)",
            "Plans": [
              {
                "Node Type": "Seq Scan",
                "Parent Relationship": "Outer",
                "Parallel Aware": true,
                "Relation Name": "movie_companies",
                "Alias": "mc",
                "Startup Cost": 0.0,
                "Total Cost": 39752.37,
                "Plan Rows": 1087137,
                "Plan Width": 8,
                "Actual Startup Time": 0.052,
                "Actual Total Time": 101.071,
                "Actual Rows": 869710,
                "Actual Loops": 3
              },
              {
                "Node Type": "Hash",
                "Parent Relationship": "Inner",
                "Parallel Aware": true,
                "Startup Cost": 55192.96,
                "Total Cost": 55192.96,
                "Plan Rows": 9427,
                "Plan Width": 8,
                "Actual Startup Time": 371.289,
                "Actual Total Time": 371.299,
                "Actual Rows": 13947,
                "Actual Loops": 3,
                "Hash Buckets": 65536,
                "Original Hash Buckets": 32768,
                "Hash Batches": 1,
                "Original Hash Batches": 1,
                "Peak Memory Usage": 2464,
                "Plans": [
                  {
                    "Node Type": "Nested Loop",
                    "Parent Relationship": "Outer",
                    "Parallel Aware": false,
                    "Join Type": "Inner",
                    "Startup Cost": 2647.94,
                    "Total Cost": 55192.96,
                    "Plan Rows": 9427,
                    "Plan Width": 8,
                    "Actual Startup Time": 30.064,
                    "Actual Total Time": 360.41,
                    "Actual Rows": 13947,
                    "Actual Loops": 3,
                    "Inner Unique": true,
                    "Plans": [
                      {
                        "Node Type": "Hash Join",
                        "Parent Relationship": "Outer",
                        "Parallel Aware": false,
                        "Join Type": "Inner",
                        "Startup Cost": 2647.51,
                        "Total Cost": 50899.43,
                        "Plan Rows": 9427,
                        "Plan Width": 4,
                        "Actual Startup Time": 30.006,
                        "Actual Total Time": 316.624,
                        "Actual Rows": 13947,
                        "Actual Loops": 3,
                        "Inner Unique": true,
                        "Hash Cond": "(mk.keyword_id = k.id)",
                        "Plans": [
                          {
                            "Node Type": "Seq Scan",
                            "Parent Relationship": "Outer",
                            "Parallel Aware": true,
                            "Relation Name": "movie_keyword",
                            "Alias": "mk",
                            "Startup Cost": 0.0,
                            "Total Cost": 43303.71,
                            "Plan Rows": 1884971,
                            "Plan Width": 8,
                            "Actual Startup Time": 0.053,
                            "Actual Total Time": 150.349,
                            "Actual Rows": 1507977,
                            "Actual Loops": 3
                          },
                          {
                            "Node Type": "Hash",
                            "Parent Relationship": "Inner",
                            "Parallel Aware": false,
                            "Startup Cost": 2639.12,
                            "Total Cost": 2639.12,
                            "Plan Rows": 671,
                            "Plan Width": 4,
                            "Actual Startup Time": 29.885,
                            "Actual Total Time": 29.886,
                            "Actual Rows": 1,
                            "Actual Loops": 3,
                            "Hash Buckets": 1024,
                            "Original Hash Buckets": 1024,
                            "Hash Batches": 1,
                            "Original Hash Batches": 1,
                            "Peak Memory Usage": 9,
                            "Plans": [
                              {
                                "Node Type": "Seq Scan",
                                "Parent Relationship": "Outer",
                                "Parallel Aware": false,
                                "Relation Name": "keyword",
                                "Alias": "k",
                                "Startup Cost": 0.0,
                                "Total Cost": 2639.12,
                                "Plan Rows": 671,
                                "Plan Width": 4,
                                "Actual Startup Time": 1.381,
                                "Actual Total Time": 29.871,
                                "Actual Rows": 1,
                                "Actual Loops": 3,
                                "Filter": "((keyword)::text = 'character-name-in-title'::text)",
                                "Rows Removed by Filter": 134169
                              }
                            ]
                          }
                        ]
                      },
                      {
                        "Node Type": "Index Only Scan",
                        "Parent Relationship": "Inner",
                        "Parallel Aware": false,
                        "Scan Direction": "Forward",
                        "Index Name": "title_pkey",
                        "Relation Name": "title",
                        "Alias": "t",
                        "Startup Cost": 0.43,
                        "Total Cost": 0.46,
                        "Plan Rows": 1,
                        "Plan Width": 4,
                        "Actual Startup Time": 0.003,
                        "Actual Total Time": 0.003,
                        "Actual Rows": 1,
                        "Actual Loops": 41840,
                        "Index Cond": "(id = mk.movie_id)",
                        "Rows Removed by Index Recheck": 0,
                        "Heap Fetches": 0
                      }
                    ]
                  }
                ]
              }
            ]
          }
        ]
      }
    ]
  }
}