{
  "Plan": {
    "Node Type": "Hash Join",
    "Parent Relationship": "Outer",
    "Parallel Aware": false,
    "Join Type": "Inner",
    "Startup Cost": 2.43,
    "Total Cost": 239035.31,
    "Plan Rows": 231,
    "Plan Width": 46,
    "Actual Startup Time": 1548.831,
    "Actual Total Time": 1760.143,
    "Actual Rows": 24086,
    "Actual Loops": 3,
    "Inner Unique": true,
    "Hash Cond": "(mi.info_type_id = it1.id)",
    "Plans": [
      {
        "Node Type": "Seq Scan",
        "Parent Relationship": "Outer",
        "Parallel Aware": true,
        "Relation Name": "movie_info",
        "Alias": "mi",
        "Startup Cost": 0.0,
        "Total Cost": 238961.89,
        "Plan Rows": 26068,
        "Plan Width": 50,
        "Actual Startup Time": 1098.348,
        "Actual Total Time": 1751.27,
        "Actual Rows": 24349,
        "Actual Loops": 3,
        "Filter": "((note IS NULL) AND ((info)::text = ANY ('{Horror,Thriller}'::text[])))",
        "Rows Removed by Filter": 4920891
      },
      {
        "Node Type": "Hash",
        "Parent Relationship": "Inner",
        "Parallel Aware": false,
        "Startup Cost": 2.41,
        "Total Cost": 2.41,
        "Plan Rows": 1,
        "Plan Width": 4,
        "Actual Startup Time": 0.083,
        "Actual Total Time": 0.085,
        "Actual Rows": 1,
        "Actual Loops": 3,
        "Hash Buckets": 1024,
        "Original Hash Buckets": 1024,
        "Hash Batches": 1,
        "Original Hash Batches": 1,
        "Peak Memory Usage": 9,
        "Plans": [
          {
            "Node Type": "Seq Scan",
            "Parent Relationship": "Outer",
            "Parallel Aware": false,
            "Relation Name": "info_type",
            "Alias": "it1",
            "Startup Cost": 0.0,
            "Total Cost": 2.41,
            "Plan Rows": 1,
            "Plan Width": 4,
            "Actual Startup Time": 0.045,
            "Actual Total Time": 0.067,
            "Actual Rows": 1,
            "Actual Loops": 3,
            "Filter": "((info)::text = 'genres'::text)",
            "Rows Removed by Filter": 112
          }
        ]
      }
    ]
  }
}