{
  "Plan": {
    "Node Type": "Nested Loop",
    "Parent Relationship": "Outer",
    "Parallel Aware": false,
    "Join Type": "Inner",
    "Startup Cost": 2640.09,
    "Total Cost": 51187.41,
    "Plan Rows": 243,
    "Plan Width": 25,
    "Actual Startup Time": 68.321,
    "Actual Total Time": 662.042,
    "Actual Rows": 745,
    "Actual Loops": 3,
    "Inner Unique": true,
    "Plans": [
      {
        "Node Type": "Hash Join",
        "Parent Relationship": "Outer",
        "Parallel Aware": false,
        "Join Type": "Inner",
        "Startup Cost": 2639.66,
        "Total Cost": 50891.58,
        "Plan Rows": 604,
        "Plan Width": 4,
        "Actual Startup Time": 51.631,
        "Actual Total Time": 605.752,
        "Actual Rows": 4317,
        "Actual Loops": 3,
        "Inner Unique": true,
        "Hash Cond": "(mk.keyword_id = k.id)",
        "Plans": [
          {
            "Node Type": "Seq Scan",
            "Parent Relationship": "Outer",
            "Parallel Aware": true,
            "Relation Name": "movie_keyword",
            "Alias": "mk",
            "Startup Cost": 0.0,
            "Total Cost": 43303.71,
            "Plan Rows": 1884971,
            "Plan Width": 8,
            "Actual Startup Time": 0.042,
            "Actual Total Time": 277.085,
            "Actual Rows": 1507977,
            "Actual Loops": 3
          },
          {
            "Node Type": "Hash",
            "Parent Relationship": "Inner",
            "Parallel Aware": false,
            "Startup Cost": 2639.12,
            "Total Cost": 2639.12,
            "Plan Rows": 43,
            "Plan Width": 4,
            "Actual Startup Time": 49.853,
            "Actual Total Time": 49.859,
            "Actual Rows": 30,
            "Actual Loops": 3,
            "Hash Buckets": 1024,
            "Original Hash Buckets": 1024,
            "Hash Batches": 1,
            "Original Hash Batches": 1,
            "Peak Memory Usage": 10,
            "Plans": [
              {
                "Node Type": "Seq Scan",
                "Parent Relationship": "Outer",
                "Parallel Aware": false,
                "Relation Name": "keyword",
                "Alias": "k",
                "Startup Cost": 0.0,
                "Total Cost": 2639.12,
                "Plan Rows": 43,
                "Plan Width": 4,
                "Actual Startup Time": 2.681,
                "Actual Total Time": 49.796,
                "Actual Rows": 30,
                "Actual Loops": 3,
                "Filter": "((keyword)::text ~~ '%sequel%'::text)",
                "Rows Removed by Filter": 134140
              }
            ]
          }
        ]
      },
      {
        "Node Type": "Index Scan",
        "Parent Relationship": "Inner",
        "Parallel Aware": false,
        "Scan Direction": "Forward",
        "Index Name": "title_pkey",
        "Relation Name": "title",
        "Alias": "t",
        "Startup Cost": 0.43,
        "Total Cost": 0.49,
        "Plan Rows": 1,
        "Plan Width": 21,
        "Actual Startup Time": 0.012,
        "Actual Total Time": 0.012,
        "Actual Rows": 0,
        "Actual Loops": 12951,
        "Index Cond": "(id = mk.movie_id)",
        "Rows Removed by Index Recheck": 0,
        "Filter": "(production_year > 2005)",
        "Rows Removed by Filter": 1
      }
    ]
  }
}