{
  "Plan": {
    "Node Type": "Hash Join",
    "Parent Relationship": "Outer",
    "Parallel Aware": true,
    "Join Type": "Inner",
    "Startup Cost": 203701.39,
    "Total Cost": 732422.26,
    "Plan Rows": 2524234,
    "Plan Width": 15,
    "Actual Startup Time": 9473.041,
    "Actual Total Time": 9767.052,
    "Actual Rows": 371040,
    "Actual Loops": 3,
    "Inner Unique": false,
    "Hash Cond": "(ci.movie_id = mc.movie_id)",
    "Plans": [
      {
        "Node Type": "Hash Join",
        "Parent Relationship": "Outer",
        "Parallel Aware": true,
        "Join Type": "Inner",
        "Startup Cost": 137136.76,
        "Total Cost": 641760.04,
        "Plan Rows": 499789,
        "Plan Width": 27,
        "Actual Startup Time": 8224.893,
        "Actual Total Time": 8361.755,
        "Actual Rows": 49831,
        "Actual Loops": 3,
        "Inner Unique": true,
        "Hash Cond": "(ci.person_id = n.id)",
        "Plans": [
          {
            "Node Type": "Hash Join",
            "Parent Relationship": "Outer",
            "Parallel Aware": true,
            "Join Type": "Inner",
            "Startup Cost": 55310.8,
            "Total Cost": 514703.73,
            "Plan Rows": 3534226,
            "Plan Width": 16,
            "Actual Startup Time": 722.413,
            "Actual Total Time": 7414.612,
            "Actual Rows": 346131,
            "Actual Loops": 3,
            "Inner Unique": false,
            "Hash Cond": "(ci.movie_id = t.id)",
            "Plans": [
              {
                "Node Type": "Seq Scan",
                "Parent Relationship": "Outer",
                "Parallel Aware": true,
                "Relation Name": "cast_info",
                "Alias": "ci",
                "Startup Cost": 0.0,
                "Total Cost": 402615.6,
                "Plan Rows": 14991560,
                "Plan Width": 8,
                "Actual Startup Time": 0.061,
                "Actual Total Time": 2229.551,
                "Actual Rows": 12081448,
                "Actual Loops": 3
              },
              {
                "Node Type": "Hash",
                "Parent Relationship": "Inner",
                "Parallel Aware": true,
                "Startup Cost": 55192.96,
                "Total Cost": 55192.96,
                "Plan Rows": 9427,
                "Plan Width": 8,
                "Actual Startup Time": 722.173,
                "Actual Total Time": 722.185,
                "Actual Rows": 13947,
                "Actual Loops": 3,
                "Hash Buckets": 65536,
                "Original Hash Buckets": 32768,
                "Hash Batches": 1,
                "Original Hash Batches": 1,
                "Peak Memory Usage": 2432,
                "Plans": [
                  {
                    "Node Type": "Nested Loop",
                    "Parent Relationship": "Outer",
                    "Parallel Aware": false,
                    "Join Type": "Inner",
                    "Startup Cost": 2647.94,
                    "Total Cost": 55192.96,
                    "Plan Rows": 9427,
                    "Plan Width": 8,
                    "Actual Startup Time": 39.654,
                    "Actual Total Time": 698.329,
                    "Actual Rows": 13947,
                    "Actual Loops": 3,
                    "Inner Unique": true,
                    "Plans": [
                      {
                        "Node Type": "Hash Join",
                        "Parent Relationship": "Outer",
                        "Parallel Aware": false,
                        "Join Type": "Inner",
                        "Startup Cost": 2647.51,
                        "Total Cost": 50899.43,
                        "Plan Rows": 9427,
                        "Plan Width": 4,
                        "Actual Startup Time": 39.539,
                        "Actual Total Time": 603.277,
                        "Actual Rows": 13947,
                        "Actual Loops": 3,
                        "Inner Unique": true,
                        "Hash Cond": "(mk.keyword_id = k.id)",
                        "Plans": [
                          {
                            "Node Type": "Seq Scan",
                            "Parent Relationship": "Outer",
                            "Parallel Aware": true,
                            "Relation Name": "movie_keyword",
                            "Alias": "mk",
                            "Startup Cost": 0.0,
                            "Total Cost": 43303.71,
                            "Plan Rows": 1884971,
                            "Plan Width": 8,
                            "Actual Startup Time": 0.06,
                            "Actual Total Time": 284.872,
                            "Actual Rows": 1507977,
                            "Actual Loops": 3
                          },
                          {
                            "Node Type": "Hash",
                            "Parent Relationship": "Inner",
                            "Parallel Aware": false,
                            "Startup Cost": 2639.12,
                            "Total Cost": 2639.12,
                            "Plan Rows": 671,
                            "Plan Width": 4,
                            "Actual Startup Time": 39.369,
                            "Actual Total Time": 39.372,
                            "Actual Rows": 1,
                            "Actual Loops": 3,
                            "Hash Buckets": 1024,
                            "Original Hash Buckets": 1024,
                            "Hash Batches": 1,
                            "Original Hash Batches": 1,
                            "Peak Memory Usage": 9,
                            "Plans": [
                              {
                                "Node Type": "Seq Scan",
                                "Parent Relationship": "Outer",
                                "Parallel Aware": false,
                                "Relation Name": "keyword",
                                "Alias": "k",
                                "Startup Cost": 0.0,
                                "Total Cost": 2639.12,
                                "Plan Rows": 671,
                                "Plan Width": 4,
                                "Actual Startup Time": 1.675,
                                "Actual Total Time": 39.358,
                                "Actual Rows": 1,
                                "Actual Loops": 3,
                                "Filter": "((keyword)::text = 'character-name-in-title'::text)",
                                "Rows Removed by Filter": 134169
                              }
                            ]
                          }
                        ]
                      },
                      {
                        "Node Type": "Index Only Scan",
                        "Parent Relationship": "Inner",
                        "Parallel Aware": false,
                        "Scan Direction": "Forward",
                        "Index Name": "title_pkey",
                        "Relation Name": "title",
                        "Alias": "t",
                        "Startup Cost": 0.43,
                        "Total Cost": 0.46,
                        "Plan Rows": 1,
                        "Plan Width": 4,
                        "Actual Startup Time": 0.006,
                        "Actual Total Time": 0.006,
                        "Actual Rows": 1,
                        "Actual Loops": 41840,
                        "Index Cond": "(id = mk.movie_id)",
                        "Rows Removed by Index Recheck": 0,
                        "Heap Fetches": 0
                      }
                    ]
                  }
                ]
              }
            ]
          },
          {
            "Node Type": "Hash",
            "Parent Relationship": "Inner",
            "Parallel Aware": true,
            "Startup Cost": 77317.62,
            "Total Cost": 77317.62,
            "Plan Rows": 245547,
            "Plan Width": 19,
            "Actual Startup Time": 632.151,
            "Actual Total Time": 632.152,
            "Actual Rows": 178905,
            "Actual Loops": 3,
            "Hash Buckets": 65536,
            "Original Hash Buckets": 65536,
            "Hash Batches": 16,
            "Original Hash Batches": 16,
            "Peak Memory Usage": 2400,
            "Plans": [
              {
                "Node Type": "Seq Scan",
                "Parent Relationship": "Outer",
                "Parallel Aware": true,
                "Relation Name": "name",
                "Alias": "n",
                "Startup Cost": 0.0,
                "Total Cost": 77317.62,
                "Plan Rows": 245547,
                "Plan Width": 19,
                "Actual Startup Time": 0.069,
                "Actual Total Time": 554.687,
                "Actual Rows": 178905,
                "Actual Loops": 3,
                "Filter": "((name)::text ~~ '%B%'::text)",
                "Rows Removed by Filter": 1210258
              }
            ]
          }
        ]
      },
      {
        "Node Type": "Hash",
        "Parent Relationship": "Inner",
        "Parallel Aware": true,
        "Startup Cost": 48728.42,
        "Total Cost": 48728.42,
        "Plan Rows": 1087137,
        "Plan Width": 4,
        "Actual Startup Time": 1072.991,
        "Actual Total Time": 1072.999,
        "Actual Rows": 869710,
        "Actual Loops": 3,
        "Hash Buckets": 131072,
        "Original Hash Buckets": 131072,
        "Hash Batches": 64,
        "Original Hash Batches": 64,
        "Peak Memory Usage": 2688,
        "Plans": [
          {
            "Node Type": "Hash Join",
            "Parent Relationship": "Outer",
            "Parallel Aware": true,
            "Join Type": "Inner",
            "Startup Cost": 6122.26,
            "Total Cost": 48728.42,
            "Plan Rows": 1087137,
            "Plan Width": 4,
            "Actual Startup Time": 66.214,
            "Actual Total Time": 792.657,
            "Actual Rows": 869710,
            "Actual Loops": 3,
            "Inner Unique": true,
            "Hash Cond": "(mc.company_id = cn.id)",
            "Plans": [
              {
                "Node Type": "Seq Scan",
                "Parent Relationship": "Outer",
                "Parallel Aware": true,
                "Relation Name": "movie_companies",
                "Alias": "mc",
                "Startup Cost": 0.0,
                "Total Cost": 39752.37,
                "Plan Rows": 1087137,
                "Plan Width": 8,
                "Actual Startup Time": 0.038,
                "Actual Total Time": 192.303,
                "Actual Rows": 869710,
                "Actual Loops": 3
              },
              {
                "Node Type": "Hash",
                "Parent Relationship": "Inner",
                "Parallel Aware": true,
                "Startup Cost": 4394.34,
                "Total Cost": 4394.34,
                "Plan Rows": 138234,
                "Plan Width": 4,
                "Actual Startup Time": 65.398,
                "Actual Total Time": 65.399,
                "Actual Rows": 78332,
                "Actual Loops": 3,
                "Hash Buckets": 262144,
                "Original Hash Buckets": 262144,
                "Hash Batches": 1,
                "Original Hash Batches": 1,
                "Peak Memory Usage": 11264,
                "Plans": [
                  {
                    "Node Type": "Seq Scan",
                    "Parent Relationship": "Outer",
                    "Parallel Aware": true,
                    "Relation Name": "company_name",
                    "Alias": "cn",
                    "Startup Cost": 0.0,
                    "Total Cost": 4394.34,
                    "Plan Rows": 138234,
                    "Plan Width": 4,
                    "Actual Startup Time": 0.045,
                    "Actual Total Time": 32.149,
                    "Actual Rows": 78332,
                    "Actual Loops": 3
                  }
                ]
              }
            ]
          }
        ]
      }
    ]
  }
}