{
  "Plan": {
    "Node Type": "Nested Loop",
    "Parent Relationship": "Outer",
    "Parallel Aware": false,
    "Join Type": "Inner",
    "Startup Cost": 254225.24,
    "Total Cost": 751943.97,
    "Plan Rows": 1,
    "Plan Width": 59,
    "Actual Startup Time": 4007.773,
    "Actual Total Time": 5549.023,
    "Actual Rows": 5,
    "Actual Loops": 3,
    "Inner Unique": true,
    "Plans": [
      {
        "Node Type": "Hash Join",
        "Parent Relationship": "Outer",
        "Parallel Aware": true,
        "Join Type": "Inner",
        "Startup Cost": 254224.81,
        "Total Cost": 751943.13,
        "Plan Rows": 1,
        "Plan Width": 63,
        "Actual Startup Time": 3956.193,
        "Actual Total Time": 5543.314,
        "Actual Rows": 137,
        "Actual Loops": 3,
        "Inner Unique": false,
        "Hash Cond": "(ci.movie_id = mi.movie_id)",
        "Plans": [
          {
            "Node Type": "Seq Scan",
            "Parent Relationship": "Outer",
            "Parallel Aware": true,
            "Relation Name": "cast_info",
            "Alias": "ci",
            "Startup Cost": 0.0,
            "Total Cost": 496312.85,
            "Plan Rows": 374789,
            "Plan Width": 8,
            "Actual Startup Time": 86.235,
            "Actual Total Time": 3437.148,
            "Actual Rows": 414905,
            "Actual Loops": 3,
            "Filter": "((note)::text = ANY ('{(writer),\"(head writer)\",\"(written by)\",(story),\"(story editor)\"}'::text[]))",
            "Rows Removed by Filter": 11666543
          },
          {
            "Node Type": "Hash",
            "Parent Relationship": "Inner",
            "Parallel Aware": true,
            "Startup Cost": 254224.8,
            "Total Cost": 254224.8,
            "Plan Rows": 1,
            "Plan Width": 55,
            "Actual Startup Time": 2028.6,
            "Actual Total Time": 2028.628,
            "Actual Rows": 244,
            "Actual Loops": 3,
            "Hash Buckets": 1024,
            "Original Hash Buckets": 1024,
            "Hash Batches": 1,
            "Original Hash Batches": 1,
            "Peak Memory Usage": 104,
            "Plans": [
              {
                "Node Type": "Hash Join",
                "Parent Relationship": "Outer",
                "Parallel Aware": true,
                "Join Type": "Inner",
                "Startup Cost": 15191.04,
                "Total Cost": 254224.8,
                "Plan Rows": 1,
                "Plan Width": 55,
                "Actual Startup Time": 1807.594,
                "Actual Total Time": 2027.794,
                "Actual Rows": 244,
                "Actual Loops": 3,
                "Inner Unique": false,
                "Hash Cond": "(mi.movie_id = mi_idx.movie_id)",
                "Plans": [
                  {
                    "Node Type": "Hash Join",
                    "Parent Relationship": "Outer",
                    "Parallel Aware": false,
                    "Join Type": "Inner",
                    "Startup Cost": 2.43,
                    "Total Cost": 239035.31,
                    "Plan Rows": 231,
                    "Plan Width": 46,
                    "Actual Startup Time": 1548.831,
                    "Actual Total Time": 1760.143,
                    "Actual Rows": 24086,
                    "Actual Loops": 3,
                    "Inner Unique": true,
                    "Hash Cond": "(mi.info_type_id = it1.id)",
                    "Plans": [
                      {
                        "Node Type": "Seq Scan",
                        "Parent Relationship": "Outer",
                        "Parallel Aware": true,
                        "Relation Name": "movie_info",
                        "Alias": "mi",
                        "Startup Cost": 0.0,
                        "Total Cost": 238961.89,
                        "Plan Rows": 26068,
                        "Plan Width": 50,
                        "Actual Startup Time": 1098.348,
                        "Actual Total Time": 1751.27,
                        "Actual Rows": 24349,
                        "Actual Loops": 3,
                        "Filter": "((note IS NULL) AND ((info)::text = ANY ('{Horror,Thriller}'::text[])))",
                        "Rows Removed by Filter": 4920891
                      },
                      {
                        "Node Type": "Hash",
                        "Parent Relationship": "Inner",
                        "Parallel Aware": false,
                        "Startup Cost": 2.41,
                        "Total Cost": 2.41,
                        "Plan Rows": 1,
                        "Plan Width": 4,
                        "Actual Startup Time": 0.083,
                        "Actual Total Time": 0.085,
                        "Actual Rows": 1,
                        "Actual Loops": 3,
                        "Hash Buckets": 1024,
                        "Original Hash Buckets": 1024,
                        "Hash Batches": 1,
                        "Original Hash Batches": 1,
                        "Peak Memory Usage": 9,
                        "Plans": [
                          {
                            "Node Type": "Seq Scan",
                            "Parent Relationship": "Outer",
                            "Parallel Aware": false,
                            "Relation Name": "info_type",
                            "Alias": "it1",
                            "Startup Cost": 0.0,
                            "Total Cost": 2.41,
                            "Plan Rows": 1,
                            "Plan Width": 4,
                            "Actual Startup Time": 0.045,
                            "Actual Total Time": 0.067,
                            "Actual Rows": 1,
                            "Actual Loops": 3,
                            "Filter": "((info)::text = 'genres'::text)",
                            "Rows Removed by Filter": 112
                          }
                        ]
                      }
                    ]
                  },
                  {
                    "Node Type": "Hash",
                    "Parent Relationship": "Inner",
                    "Parallel Aware": true,
                    "Startup Cost": 15186.14,
                    "Total Cost": 15186.14,
                    "Plan Rows": 198,
                    "Plan Width": 9,
                    "Actual Startup Time": 258.157,
                    "Actual Total Time": 258.17,
                    "Actual Rows": 5283,
                    "Actual Loops": 3,
                    "Hash Buckets": 16384,
                    "Original Hash Buckets": 1024,
                    "Hash Batches": 1,
                    "Original Hash Batches": 1,
                    "Peak Memory Usage": 952,
                    "Plans": [
                      {
                        "Node Type": "Hash Join",
                        "Parent Relationship": "Outer",
                        "Parallel Aware": false,
                        "Join Type": "Inner",
                        "Startup Cost": 2.43,
                        "Total Cost": 15186.14,
                        "Plan Rows": 198,
                        "Plan Width": 9,
                        "Actual Startup Time": 0.375,
                        "Actual Total Time": 226.993,
                        "Actual Rows": 5283,
                        "Actual Loops": 3,
                        "Inner Unique": true,
                        "Hash Cond": "(mi_idx.info_type_id = it2.id)",
                        "Plans": [
                          {
                            "Node Type": "Seq Scan",
                            "Parent Relationship": "Outer",
                            "Parallel Aware": true,
                            "Relation Name": "movie_info_idx",
                            "Alias": "mi_idx",
                            "Startup Cost": 0.0,
                            "Total Cost": 15122.68,
                            "Plan Rows": 22410,
                            "Plan Width": 13,
                            "Actual Startup Time": 0.083,
                            "Actual Total Time": 222.435,
                            "Actual Rows": 17621,
                            "Actual Loops": 3,
                            "Filter": "((info)::text > '8.0'::text)",
                            "Rows Removed by Filter": 442391
                          },
                          {
                            "Node Type": "Hash",
                            "Parent Relationship": "Inner",
                            "Parallel Aware": false,
                            "Startup Cost": 2.41,
                            "Total Cost": 2.41,
                            "Plan Rows": 1,
                            "Plan Width": 4,
                            "Actual Startup Time": 0.061,
                            "Actual Total Time": 0.063,
                            "Actual Rows": 1,
                            "Actual Loops": 3,
                            "Hash Buckets": 1024,
                            "Original Hash Buckets": 1024,
                            "Hash Batches": 1,
                            "Original Hash Batches": 1,
                            "Peak Memory Usage": 9,
                            "Plans": [
                              {
                                "Node Type": "Seq Scan",
                                "Parent Relationship": "Outer",
                                "Parallel Aware": false,
                                "Relation Name": "info_type",
                                "Alias": "it2",
                                "Startup Cost": 0.0,
                                "Total Cost": 2.41,
                                "Plan Rows": 1,
                                "Plan Width": 4,
                                "Actual Startup Time": 0.046,
                                "Actual Total Time": 0.051,
                                "Actual Rows": 1,
                                "Actual Loops": 3,
                                "Filter": "((info)::text = 'rating'::text)",
                                "Rows Removed by Filter": 112
                              }
                            ]
                          }
                        ]
                      }
                    ]
                  }
                ]
              }
            ]
          }
        ]
      },
      {
        "Node Type": "Index Scan",
        "Parent Relationship": "Inner",
        "Parallel Aware": false,
        "Scan Direction": "Forward",
        "Index Name": "name_pkey",
        "Relation Name": "name",
        "Alias": "n",
        "Startup Cost": 0.43,
        "Total Cost": 0.83,
        "Plan Rows": 1,
        "Plan Width": 4,
        "Actual Startup Time": 0.038,
        "Actual Total Time": 0.038,
        "Actual Rows": 0,
        "Actual Loops": 412,
        "Index Cond": "(id = ci.person_id)",
        "Rows Removed by Index Recheck": 0,
        "Filter": "((gender IS NOT NULL) AND ((gender)::text = 'f'::text))",
        "Rows Removed by Filter": 1
      }
    ]
  }
}