{
  "Plan": {
    "Node Type": "Hash Join",
    "Parent Relationship": "Outer",
    "Parallel Aware": false,
    "Join Type": "Inner",
    "Startup Cost": 2.43,
    "Total Cost": 254886.52,
    "Plan Rows": 1717,
    "Plan Width": 4,
    "Actual Startup Time": 504.663,
    "Actual Total Time": 1987.552,
    "Actual Rows": 150346,
    "Actual Loops": 3,
    "Inner Unique": true,
    "Hash Cond": "(mi.info_type_id = it.id)",
    "Plans": [
      {
        "Node Type": "Seq Scan",
        "Parent Relationship": "Outer",
        "Parallel Aware": true,
        "Relation Name": "movie_info",
        "Alias": "mi",
        "Startup Cost": 0.0,
        "Total Cost": 254355.67,
        "Plan Rows": 194029,
        "Plan Width": 8,
        "Actual Startup Time": 213.708,
        "Actual Total Time": 1934.834,
        "Actual Rows": 150368,
        "Actual Loops": 3,
        "Filter": "((info IS NOT NULL) AND (((info)::text ~~ 'Japan:%200%'::text) OR ((info)::text ~~ 'USA:%200%'::text)))",
        "Rows Removed by Filter": 4794872
      },
      {
        "Node Type": "Hash",
        "Parent Relationship": "Inner",
        "Parallel Aware": false,
        "Startup Cost": 2.41,
        "Total Cost": 2.41,
        "Plan Rows": 1,
        "Plan Width": 4,
        "Actual Startup Time": 0.089,
        "Actual Total Time": 0.091,
        "Actual Rows": 1,
        "Actual Loops": 3,
        "Hash Buckets": 1024,
        "Original Hash Buckets": 1024,
        "Hash Batches": 1,
        "Original Hash Batches": 1,
        "Peak Memory Usage": 9,
        "Plans": [
          {
            "Node Type": "Seq Scan",
            "Parent Relationship": "Outer",
            "Parallel Aware": false,
            "Relation Name": "info_type",
            "Alias": "it",
            "Startup Cost": 0.0,
            "Total Cost": 2.41,
            "Plan Rows": 1,
            "Plan Width": 4,
            "Actual Startup Time": 0.062,
            "Actual Total Time": 0.081,
            "Actual Rows": 1,
            "Actual Loops": 3,
            "Filter": "((info)::text = 'release dates'::text)",
            "Rows Removed by Filter": 112
          }
        ]
      }
    ]
  }
}