{
  "Plan": {
    "Node Type": "Nested Loop",
    "Parent Relationship": "Outer",
    "Parallel Aware": false,
    "Join Type": "Inner",
    "Startup Cost": 15320.07,
    "Total Cost": 285276.07,
    "Plan Rows": 16,
    "Plan Width": 76,
    "Actual Startup Time": 2541.165,
    "Actual Total Time": 2966.341,
    "Actual Rows": 34172,
    "Actual Loops": 3,
    "Inner Unique": true,
    "Join Filter": "(mi.movie_id = t.id)",
    "Rows Removed by Join Filter": 0,
    "Plans": [
      {
        "Node Type": "Hash Join",
        "Parent Relationship": "Outer",
        "Parallel Aware": true,
        "Join Type": "Inner",
        "Startup Cost": 15319.64,
        "Total Cost": 285266.62,
        "Plan Rows": 16,
        "Plan Width": 55,
        "Actual Startup Time": 2540.99,
        "Actual Total Time": 2612.086,
        "Actual Rows": 34172,
        "Actual Loops": 3,
        "Inner Unique": false,
        "Hash Cond": "(mi.movie_id = mi_idx.movie_id)",
        "Plans": [
          {
            "Node Type": "Hash Join",
            "Parent Relationship": "Outer",
            "Parallel Aware": false,
            "Join Type": "Inner",
            "Startup Cost": 2.43,
            "Total Cost": 269946.96,
            "Plan Rows": 634,
            "Plan Width": 46,
            "Actual Startup Time": 1914.563,
            "Actual Total Time": 2196.998,
            "Actual Rows": 62198,
            "Actual Loops": 3,
            "Inner Unique": true,
            "Hash Cond": "(mi.info_type_id = it1.id)",
            "Plans": [
              {
                "Node Type": "Seq Scan",
                "Parent Relationship": "Outer",
                "Parallel Aware": true,
                "Relation Name": "movie_info",
                "Alias": "mi",
                "Startup Cost": 0.0,
                "Total Cost": 269749.45,
                "Plan Rows": 71632,
                "Plan Width": 50,
                "Actual Startup Time": 1235.77,
                "Actual Total Time": 2172.674,
                "Actual Rows": 62990,
                "Actual Loops": 3,
                "Filter": "((info)::text = ANY ('{Horror,Action,Sci-Fi,Thriller,Crime,War}'::text[]))",
                "Rows Removed by Filter": 4882250
              },
              {
                "Node Type": "Hash",
                "Parent Relationship": "Inner",
                "Parallel Aware": false,
                "Startup Cost": 2.41,
                "Total Cost": 2.41,
                "Plan Rows": 1,
                "Plan Width": 4,
                "Actual Startup Time": 0.066,
                "Actual Total Time": 0.068,
                "Actual Rows": 1,
                "Actual Loops": 3,
                "Hash Buckets": 1024,
                "Original Hash Buckets": 1024,
                "Hash Batches": 1,
                "Original Hash Batches": 1,
                "Peak Memory Usage": 9,
                "Plans": [
                  {
                    "Node Type": "Seq Scan",
                    "Parent Relationship": "Outer",
                    "Parallel Aware": false,
                    "Relation Name": "info_type",
                    "Alias": "it1",
                    "Startup Cost": 0.0,
                    "Total Cost": 2.41,
                    "Plan Rows": 1,
                    "Plan Width": 4,
                    "Actual Startup Time": 0.023,
                    "Actual Total Time": 0.046,
                    "Actual Rows": 1,
                    "Actual Loops": 3,
                    "Filter": "((info)::text = 'genres'::text)",
                    "Rows Removed by Filter": 112
                  }
                ]
              }
            ]
          },
          {
            "Node Type": "Hash",
            "Parent Relationship": "Inner",
            "Parallel Aware": true,
            "Startup Cost": 15253.6,
            "Total Cost": 15253.6,
            "Plan Rows": 5089,
            "Plan Width": 9,
            "Actual Startup Time": 308.959,
            "Actual Total Time": 308.967,
            "Actual Rows": 153308,
            "Actual Loops": 3,
            "Hash Buckets": 65536,
            "Original Hash Buckets": 16384,
            "Hash Batches": 8,
            "Original Hash Batches": 1,
            "Peak Memory Usage": 2848,
            "Plans": [
              {
                "Node Type": "Hash Join",
                "Parent Relationship": "Outer",
                "Parallel Aware": false,
                "Join Type": "Inner",
                "Startup Cost": 2.43,
                "Total Cost": 15253.6,
                "Plan Rows": 5089,
                "Plan Width": 9,
                "Actual Startup Time": 0.146,
                "Actual Total Time": 215.218,
                "Actual Rows": 153308,
                "Actual Loops": 3,
                "Inner Unique": true,
                "Hash Cond": "(mi_idx.info_type_id = it2.id)",
                "Plans": [
                  {
                    "Node Type": "Seq Scan",
                    "Parent Relationship": "Outer",
                    "Parallel Aware": true,
                    "Relation Name": "movie_info_idx",
                    "Alias": "mi_idx",
                    "Startup Cost": 0.0,
                    "Total Cost": 13685.15,
                    "Plan Rows": 575015,
                    "Plan Width": 13,
                    "Actual Startup Time": 0.055,
                    "Actual Total Time": 89.658,
                    "Actual Rows": 460012,
                    "Actual Loops": 3
                  },
                  {
                    "Node Type": "Hash",
                    "Parent Relationship": "Inner",
                    "Parallel Aware": false,
                    "Startup Cost": 2.41,
                    "Total Cost": 2.41,
                    "Plan Rows": 1,
                    "Plan Width": 4,
                    "Actual Startup Time": 0.061,
                    "Actual Total Time": 0.063,
                    "Actual Rows": 1,
                    "Actual Loops": 3,
                    "Hash Buckets": 1024,
                    "Original Hash Buckets": 1024,
                    "Hash Batches": 1,
                    "Original Hash Batches": 1,
                    "Peak Memory Usage": 9,
                    "Plans": [
                      {
                        "Node Type": "Seq Scan",
                        "Parent Relationship": "Outer",
                        "Parallel Aware": false,
                        "Relation Name": "info_type",
                        "Alias": "it2",
                        "Startup Cost": 0.0,
                        "Total Cost": 2.41,
                        "Plan Rows": 1,
                        "Plan Width": 4,
                        "Actual Startup Time": 0.051,
                        "Actual Total Time": 0.054,
                        "Actual Rows": 1,
                        "Actual Loops": 3,
                        "Filter": "((info)::text = 'votes'::text)",
                        "Rows Removed by Filter": 112
                      }
                    ]
                  }
                ]
              }
            ]
          }
        ]
      },
      {
        "Node Type": "Index Scan",
        "Parent Relationship": "Inner",
        "Parallel Aware": false,
        "Scan Direction": "Forward",
        "Index Name": "title_pkey",
        "Relation Name": "title",
        "Alias": "t",
        "Startup Cost": 0.43,
        "Total Cost": 0.58,
        "Plan Rows": 1,
        "Plan Width": 21,
        "Actual Startup Time": 0.009,
        "Actual Total Time": 0.009,
        "Actual Rows": 1,
        "Actual Loops": 102516,
        "Index Cond": "(id = mi_idx.movie_id)",
        "Rows Removed by Index Recheck": 0
      }
    ]
  }
}