{
  "Plan": {
    "Node Type": "Hash Join",
    "Parent Relationship": "Outer",
    "Parallel Aware": true,
    "Join Type": "Inner",
    "Startup Cost": 254652.42,
    "Total Cost": 694953.84,
    "Plan Rows": 2,
    "Plan Width": 16,
    "Actual Startup Time": 2695.796,
    "Actual Total Time": 4674.492,
    "Actual Rows": 4684,
    "Actual Loops": 3,
    "Inner Unique": false,
    "Hash Cond": "(ci.movie_id = mi.movie_id)",
    "Plans": [
      {
        "Node Type": "Hash Join",
        "Parent Relationship": "Outer",
        "Parallel Aware": false,
        "Join Type": "Inner",
        "Startup Cost": 18.93,
        "Total Cost": 440311.37,
        "Plan Rows": 422,
        "Plan Width": 12,
        "Actual Startup Time": 711.563,
        "Actual Total Time": 2663.573,
        "Actual Rows": 74229,
        "Actual Loops": 3,
        "Inner Unique": true,
        "Hash Cond": "(ci.role_id = rt.id)",
        "Plans": [
          {
            "Node Type": "Seq Scan",
            "Parent Relationship": "Outer",
            "Parallel Aware": true,
            "Relation Name": "cast_info",
            "Alias": "ci",
            "Startup Cost": 0.0,
            "Total Cost": 440094.5,
            "Plan Rows": 74958,
            "Plan Width": 16,
            "Actual Startup Time": 0.154,
            "Actual Total Time": 2603.565,
            "Actual Rows": 237943,
            "Actual Loops": 3,
            "Filter": "((note)::text = '(voice)'::text)",
            "Rows Removed by Filter": 11843505
          },
          {
            "Node Type": "Hash",
            "Parent Relationship": "Inner",
            "Parallel Aware": false,
            "Startup Cost": 18.88,
            "Total Cost": 18.88,
            "Plan Rows": 4,
            "Plan Width": 4,
            "Actual Startup Time": 0.042,
            "Actual Total Time": 0.044,
            "Actual Rows": 1,
            "Actual Loops": 3,
            "Hash Buckets": 1024,
            "Original Hash Buckets": 1024,
            "Hash Batches": 1,
            "Original Hash Batches": 1,
            "Peak Memory Usage": 9,
            "Plans": [
              {
                "Node Type": "Seq Scan",
                "Parent Relationship": "Outer",
                "Parallel Aware": false,
                "Relation Name": "role_type",
                "Alias": "rt",
                "Startup Cost": 0.0,
                "Total Cost": 18.88,
                "Plan Rows": 4,
                "Plan Width": 4,
                "Actual Startup Time": 0.024,
                "Actual Total Time": 0.027,
                "Actual Rows": 1,
                "Actual Loops": 3,
                "Filter": "((role)::text = 'actress'::text)",
                "Rows Removed by Filter": 11
              }
            ]
          }
        ]
      },
      {
        "Node Type": "Hash",
        "Parent Relationship": "Inner",
        "Parallel Aware": true,
        "Startup Cost": 254622.74,
        "Total Cost": 254622.74,
        "Plan Rows": 860,
        "Plan Width": 4,
        "Actual Startup Time": 1983.302,
        "Actual Total Time": 1983.311,
        "Actual Rows": 23159,
        "Actual Loops": 3,
        "Hash Buckets": 131072,
        "Original Hash Buckets": 4096,
        "Hash Batches": 1,
        "Original Hash Batches": 1,
        "Peak Memory Usage": 4768,
        "Plans": [
          {
            "Node Type": "Hash Join",
            "Parent Relationship": "Outer",
            "Parallel Aware": false,
            "Join Type": "Inner",
            "Startup Cost": 2.43,
            "Total Cost": 254622.74,
            "Plan Rows": 860,
            "Plan Width": 4,
            "Actual Startup Time": 505.115,
            "Actual Total Time": 1933.971,
            "Actual Rows": 23159,
            "Actual Loops": 3,
            "Inner Unique": true,
            "Hash Cond": "(mi.info_type_id = it.id)",
            "Plans": [
              {
                "Node Type": "Seq Scan",
                "Parent Relationship": "Outer",
                "Parallel Aware": true,
                "Relation Name": "movie_info",
                "Alias": "mi",
                "Startup Cost": 0.0,
                "Total Cost": 254355.67,
                "Plan Rows": 97174,
                "Plan Width": 8,
                "Actual Startup Time": 504.959,
                "Actual Total Time": 1924.713,
                "Actual Rows": 23159,
                "Actual Loops": 3,
                "Filter": "((info IS NOT NULL) AND (((info)::text ~~ 'Japan:%2007%'::text) OR ((info)::text ~~ 'USA:%2008%'::text)))",
                "Rows Removed by Filter": 4922081
              },
              {
                "Node Type": "Hash",
                "Parent Relationship": "Inner",
                "Parallel Aware": false,
                "Startup Cost": 2.41,
                "Total Cost": 2.41,
                "Plan Rows": 1,
                "Plan Width": 4,
                "Actual Startup Time": 0.094,
                "Actual Total Time": 0.098,
                "Actual Rows": 1,
                "Actual Loops": 3,
                "Hash Buckets": 1024,
                "Original Hash Buckets": 1024,
                "Hash Batches": 1,
                "Original Hash Batches": 1,
                "Peak Memory Usage": 9,
                "Plans": [
                  {
                    "Node Type": "Seq Scan",
                    "Parent Relationship": "Outer",
                    "Parallel Aware": false,
                    "Relation Name": "info_type",
                    "Alias": "it",
                    "Startup Cost": 0.0,
                    "Total Cost": 2.41,
                    "Plan Rows": 1,
                    "Plan Width": 4,
                    "Actual Startup Time": 0.059,
                    "Actual Total Time": 0.087,
                    "Actual Rows": 1,
                    "Actual Loops": 3,
                    "Filter": "((info)::text = 'release dates'::text)",
                    "Rows Removed by Filter": 112
                  }
                ]
              }
            ]
          }
        ]
      }
    ]
  }
}