{
  "Plan": {
    "Node Type": "Hash Join",
    "Parent Relationship": "Outer",
    "Parallel Aware": true,
    "Join Type": "Inner",
    "Startup Cost": 50899.13,
    "Total Cost": 289862.79,
    "Plan Rows": 1,
    "Plan Width": 8,
    "Actual Startup Time": 857.209,
    "Actual Total Time": 2027.854,
    "Actual Rows": 7,
    "Actual Loops": 3,
    "Inner Unique": false,
    "Hash Cond": "(mi.movie_id = mk.movie_id)",
    "Plans": [
      {
        "Node Type": "Seq Scan",
        "Parent Relationship": "Outer",
        "Parallel Aware": true,
        "Relation Name": "movie_info",
        "Alias": "mi",
        "Startup Cost": 0.0,
        "Total Cost": 238961.89,
        "Plan Rows": 157,
        "Plan Width": 4,
        "Actual Startup Time": 1.613,
        "Actual Total Time": 1322.193,
        "Actual Rows": 762,
        "Actual Loops": 3,
        "Filter": "((info)::text = 'Bulgaria'::text)",
        "Rows Removed by Filter": 4944478
      },
      {
        "Node Type": "Hash",
        "Parent Relationship": "Inner",
        "Parallel Aware": true,
        "Startup Cost": 50891.58,
        "Total Cost": 50891.58,
        "Plan Rows": 604,
        "Plan Width": 4,
        "Actual Startup Time": 704.671,
        "Actual Total Time": 704.688,
        "Actual Rows": 4317,
        "Actual Loops": 3,
        "Hash Buckets": 16384,
        "Original Hash Buckets": 2048,
        "Hash Batches": 1,
        "Original Hash Batches": 1,
        "Peak Memory Usage": 784,
        "Plans": [
          {
            "Node Type": "Hash Join",
            "Parent Relationship": "Outer",
            "Parallel Aware": false,
            "Join Type": "Inner",
            "Startup Cost": 2639.66,
            "Total Cost": 50891.58,
            "Plan Rows": 604,
            "Plan Width": 4,
            "Actual Startup Time": 54.705,
            "Actual Total Time": 607.157,
            "Actual Rows": 4317,
            "Actual Loops": 3,
            "Inner Unique": true,
            "Hash Cond": "(mk.keyword_id = k.id)",
            "Plans": [
              {
                "Node Type": "Seq Scan",
                "Parent Relationship": "Outer",
                "Parallel Aware": true,
                "Relation Name": "movie_keyword",
                "Alias": "mk",
                "Startup Cost": 0.0,
                "Total Cost": 43303.71,
                "Plan Rows": 1884971,
                "Plan Width": 8,
                "Actual Startup Time": 0.051,
                "Actual Total Time": 277.778,
                "Actual Rows": 1507977,
                "Actual Loops": 3
              },
              {
                "Node Type": "Hash",
                "Parent Relationship": "Inner",
                "Parallel Aware": false,
                "Startup Cost": 2639.12,
                "Total Cost": 2639.12,
                "Plan Rows": 43,
                "Plan Width": 4,
                "Actual Startup Time": 52.955,
                "Actual Total Time": 52.959,
                "Actual Rows": 30,
                "Actual Loops": 3,
                "Hash Buckets": 1024,
                "Original Hash Buckets": 1024,
                "Hash Batches": 1,
                "Original Hash Batches": 1,
                "Peak Memory Usage": 10,
                "Plans": [
                  {
                    "Node Type": "Seq Scan",
                    "Parent Relationship": "Outer",
                    "Parallel Aware": false,
                    "Relation Name": "keyword",
                    "Alias": "k",
                    "Startup Cost": 0.0,
                    "Total Cost": 2639.12,
                    "Plan Rows": 43,
                    "Plan Width": 4,
                    "Actual Startup Time": 2.834,
                    "Actual Total Time": 52.906,
                    "Actual Rows": 30,
                    "Actual Loops": 3,
                    "Filter": "((keyword)::text ~~ '%sequel%'::text)",
                    "Rows Removed by Filter": 134140
                  }
                ]
              }
            ]
          }
        ]
      }
    ]
  }
}