{
  "Plan": {
    "Node Type": "Hash Join",
    "Parent Relationship": "Outer",
    "Parallel Aware": true,
    "Join Type": "Inner",
    "Startup Cost": 733328.28,
    "Total Cost": 778951.75,
    "Plan Rows": 7,
    "Plan Width": 24,
    "Actual Startup Time": 5662.658,
    "Actual Total Time": 6101.364,
    "Actual Rows": 24232,
    "Actual Loops": 3,
    "Inner Unique": false,
    "Hash Cond": "(mc.movie_id = mi.movie_id)",
    "Plans": [
      {
        "Node Type": "Seq Scan",
        "Parent Relationship": "Outer",
        "Parallel Aware": true,
        "Relation Name": "movie_companies",
        "Alias": "mc",
        "Startup Cost": 0.0,
        "Total Cost": 45188.06,
        "Plan Rows": 116099,
        "Plan Width": 8,
        "Actual Startup Time": 0.076,
        "Actual Total Time": 368.272,
        "Actual Rows": 196998,
        "Actual Loops": 3,
        "Filter": "((note IS NOT NULL) AND (((note)::text ~~ '%(USA)%'::text) OR ((note)::text ~~ '%(worldwide)%'::text)))",
        "Rows Removed by Filter": 672712
      },
      {
        "Node Type": "Hash",
        "Parent Relationship": "Inner",
        "Parallel Aware": true,
        "Startup Cost": 733328.03,
        "Total Cost": 733328.03,
        "Plan Rows": 20,
        "Plan Width": 16,
        "Actual Startup Time": 5661.892,
        "Actual Total Time": 5661.923,
        "Actual Rows": 49045,
        "Actual Loops": 3,
        "Hash Buckets": 262144,
        "Original Hash Buckets": 1024,
        "Hash Batches": 1,
        "Original Hash Batches": 1,
        "Peak Memory Usage": 11032,
        "Plans": [
          {
            "Node Type": "Hash Join",
            "Parent Relationship": "Outer",
            "Parallel Aware": true,
            "Join Type": "Inner",
            "Startup Cost": 254926.91,
            "Total Cost": 733328.03,
            "Plan Rows": 20,
            "Plan Width": 16,
            "Actual Startup Time": 5543.688,
            "Actual Total Time": 5616.19,
            "Actual Rows": 49045,
            "Actual Loops": 3,
            "Inner Unique": false,
            "Hash Cond": "(ci.movie_id = mi.movie_id)",
            "Plans": [
              {
                "Node Type": "Hash Join",
                "Parent Relationship": "Outer",
                "Parallel Aware": false,
                "Join Type": "Inner",
                "Startup Cost": 18.93,
                "Total Cost": 478384.08,
                "Plan Rows": 1689,
                "Plan Width": 12,
                "Actual Startup Time": 825.293,
                "Actual Total Time": 3413.358,
                "Actual Rows": 92055,
                "Actual Loops": 3,
                "Inner Unique": true,
                "Hash Cond": "(ci.role_id = rt.id)",
                "Plans": [
                  {
                    "Node Type": "Seq Scan",
                    "Parent Relationship": "Outer",
                    "Parallel Aware": true,
                    "Relation Name": "cast_info",
                    "Alias": "ci",
                    "Startup Cost": 0.0,
                    "Total Cost": 477573.4,
                    "Plan Rows": 299831,
                    "Plan Width": 16,
                    "Actual Startup Time": 0.22,
                    "Actual Total Time": 3336.592,
                    "Actual Rows": 289159,
                    "Actual Loops": 3,
                    "Filter": "((note)::text = ANY ('{(voice),\"(voice: Japanese version)\",\"(voice) (uncredited)\",\"(voice: English version)\"}'::text[]))",
                    "Rows Removed by Filter": 11792289
                  },
                  {
                    "Node Type": "Hash",
                    "Parent Relationship": "Inner",
                    "Parallel Aware": false,
                    "Startup Cost": 18.88,
                    "Total Cost": 18.88,
                    "Plan Rows": 4,
                    "Plan Width": 4,
                    "Actual Startup Time": 0.043,
                    "Actual Total Time": 0.045,
                    "Actual Rows": 1,
                    "Actual Loops": 3,
                    "Hash Buckets": 1024,
                    "Original Hash Buckets": 1024,
                    "Hash Batches": 1,
                    "Original Hash Batches": 1,
                    "Peak Memory Usage": 9,
                    "Plans": [
                      {
                        "Node Type": "Seq Scan",
                        "Parent Relationship": "Outer",
                        "Parallel Aware": false,
                        "Relation Name": "role_type",
                        "Alias": "rt",
                        "Startup Cost": 0.0,
                        "Total Cost": 18.88,
                        "Plan Rows": 4,
                        "Plan Width": 4,
                        "Actual Startup Time": 0.03,
                        "Actual Total Time": 0.034,
                        "Actual Rows": 1,
                        "Actual Loops": 3,
                        "Filter": "((role)::text = 'actress'::text)",
                        "Rows Removed by Filter": 11
                      }
                    ]
                  }
                ]
              },
              {
                "Node Type": "Hash",
                "Parent Relationship": "Inner",
                "Parallel Aware": true,
                "Startup Cost": 254886.52,
                "Total Cost": 254886.52,
                "Plan Rows": 1717,
                "Plan Width": 4,
                "Actual Startup Time": 2085.097,
                "Actual Total Time": 2085.104,
                "Actual Rows": 150346,
                "Actual Loops": 3,
                "Hash Buckets": 65536,
                "Original Hash Buckets": 8192,
                "Hash Batches": 8,
                "Original Hash Batches": 1,
                "Peak Memory Usage": 2784,
                "Plans": [
                  {
                    "Node Type": "Hash Join",
                    "Parent Relationship": "Outer",
                    "Parallel Aware": false,
                    "Join Type": "Inner",
                    "Startup Cost": 2.43,
                    "Total Cost": 254886.52,
                    "Plan Rows": 1717,
                    "Plan Width": 4,
                    "Actual Startup Time": 504.663,
                    "Actual Total Time": 1987.552,
                    "Actual Rows": 150346,
                    "Actual Loops": 3,
                    "Inner Unique": true,
                    "Hash Cond": "(mi.info_type_id = it.id)",
                    "Plans": [
                      {
                        "Node Type": "Seq Scan",
                        "Parent Relationship": "Outer",
                        "Parallel Aware": true,
                        "Relation Name": "movie_info",
                        "Alias": "mi",
                        "Startup Cost": 0.0,
                        "Total Cost": 254355.67,
                        "Plan Rows": 194029,
                        "Plan Width": 8,
                        "Actual Startup Time": 213.708,
                        "Actual Total Time": 1934.834,
                        "Actual Rows": 150368,
                        "Actual Loops": 3,
                        "Filter": "((info IS NOT NULL) AND (((info)::text ~~ 'Japan:%200%'::text) OR ((info)::text ~~ 'USA:%200%'::text)))",
                        "Rows Removed by Filter": 4794872
                      },
                      {
                        "Node Type": "Hash",
                        "Parent Relationship": "Inner",
                        "Parallel Aware": false,
                        "Startup Cost": 2.41,
                        "Total Cost": 2.41,
                        "Plan Rows": 1,
                        "Plan Width": 4,
                        "Actual Startup Time": 0.089,
                        "Actual Total Time": 0.091,
                        "Actual Rows": 1,
                        "Actual Loops": 3,
                        "Hash Buckets": 1024,
                        "Original Hash Buckets": 1024,
                        "Hash Batches": 1,
                        "Original Hash Batches": 1,
                        "Peak Memory Usage": 9,
                        "Plans": [
                          {
                            "Node Type": "Seq Scan",
                            "Parent Relationship": "Outer",
                            "Parallel Aware": false,
                            "Relation Name": "info_type",
                            "Alias": "it",
                            "Startup Cost": 0.0,
                            "Total Cost": 2.41,
                            "Plan Rows": 1,
                            "Plan Width": 4,
                            "Actual Startup Time": 0.062,
                            "Actual Total Time": 0.081,
                            "Actual Rows": 1,
                            "Actual Loops": 3,
                            "Filter": "((info)::text = 'release dates'::text)",
                            "Rows Removed by Filter": 112
                          }
                        ]
                      }
                    ]
                  }
                ]
              }
            ]
          }
        ]
      }
    ]
  }
}