{
  "Plan": {
    "Node Type": "Nested Loop",
    "Parent Relationship": "Outer",
    "Parallel Aware": false,
    "Join Type": "Inner",
    "Startup Cost": 777194.19,
    "Total Cost": 793781.88,
    "Plan Rows": 1,
    "Plan Width": 32,
    "Actual Startup Time": 6537.998,
    "Actual Total Time": 6693.107,
    "Actual Rows": 1192,
    "Actual Loops": 3,
    "Inner Unique": true,
    "Join Filter": "(mi.movie_id = t.id)",
    "Rows Removed by Join Filter": 0,
    "Plans": [
      {
        "Node Type": "Nested Loop",
        "Parent Relationship": "Outer",
        "Parallel Aware": false,
        "Join Type": "Inner",
        "Startup Cost": 777193.76,
        "Total Cost": 793780.42,
        "Plan Rows": 1,
        "Plan Width": 27,
        "Actual Startup Time": 6537.909,
        "Actual Total Time": 6684.713,
        "Actual Rows": 1371,
        "Actual Loops": 3,
        "Inner Unique": true,
        "Plans": [
          {
            "Node Type": "Hash Join",
            "Parent Relationship": "Outer",
            "Parallel Aware": true,
            "Join Type": "Inner",
            "Startup Cost": 777193.33,
            "Total Cost": 793779.44,
            "Plan Rows": 1,
            "Plan Width": 31,
            "Actual Startup Time": 6537.778,
            "Actual Total Time": 6678.783,
            "Actual Rows": 1441,
            "Actual Loops": 3,
            "Inner Unique": false,
            "Hash Cond": "(an.person_id = n.id)",
            "Plans": [
              {
                "Node Type": "Seq Scan",
                "Parent Relationship": "Outer",
                "Parallel Aware": true,
                "Relation Name": "aka_name",
                "Alias": "an",
                "Startup Cost": 0.0,
                "Total Cost": 15175.53,
                "Plan Rows": 376153,
                "Plan Width": 4,
                "Actual Startup Time": 0.052,
                "Actual Total Time": 71.72,
                "Actual Rows": 300448,
                "Actual Loops": 3
              },
              {
                "Node Type": "Hash",
                "Parent Relationship": "Inner",
                "Parallel Aware": true,
                "Startup Cost": 777193.32,
                "Total Cost": 777193.32,
                "Plan Rows": 1,
                "Plan Width": 39,
                "Actual Startup Time": 6534.946,
                "Actual Total Time": 6535.016,
                "Actual Rows": 1108,
                "Actual Loops": 3,
                "Hash Buckets": 4096,
                "Original Hash Buckets": 1024,
                "Hash Batches": 1,
                "Original Hash Batches": 1,
                "Peak Memory Usage": 376,
                "Plans": [
                  {
                    "Node Type": "Nested Loop",
                    "Parent Relationship": "Outer",
                    "Parallel Aware": false,
                    "Join Type": "Inner",
                    "Startup Cost": 733363.29,
                    "Total Cost": 777193.32,
                    "Plan Rows": 1,
                    "Plan Width": 39,
                    "Actual Startup Time": 5986.877,
                    "Actual Total Time": 6382.326,
                    "Actual Rows": 1108,
                    "Actual Loops": 3,
                    "Inner Unique": true,
                    "Plans": [
                      {
                        "Node Type": "Hash Join",
                        "Parent Relationship": "Outer",
                        "Parallel Aware": true,
                        "Join Type": "Inner",
                        "Startup Cost": 733362.87,
                        "Total Cost": 777192.02,
                        "Plan Rows": 1,
                        "Plan Width": 43,
                        "Actual Startup Time": 5986.778,
                        "Actual Total Time": 6357.995,
                        "Actual Rows": 3713,
                        "Actual Loops": 3,
                        "Inner Unique": false,
                        "Hash Cond": "(mc.movie_id = mi.movie_id)",
                        "Plans": [
                          {
                            "Node Type": "Seq Scan",
                            "Parent Relationship": "Outer",
                            "Parallel Aware": true,
                            "Relation Name": "movie_companies",
                            "Alias": "mc",
                            "Startup Cost": 0.0,
                            "Total Cost": 39752.37,
                            "Plan Rows": 1087137,
                            "Plan Width": 8,
                            "Actual Startup Time": 0.05,
                            "Actual Total Time": 179.013,
                            "Actual Rows": 869710,
                            "Actual Loops": 3
                          },
                          {
                            "Node Type": "Hash",
                            "Parent Relationship": "Inner",
                            "Parallel Aware": true,
                            "Startup Cost": 733362.86,
                            "Total Cost": 733362.86,
                            "Plan Rows": 1,
                            "Plan Width": 35,
                            "Actual Startup Time": 5979.069,
                            "Actual Total Time": 5979.121,
                            "Actual Rows": 840,
                            "Actual Loops": 3,
                            "Hash Buckets": 4096,
                            "Original Hash Buckets": 1024,
                            "Hash Batches": 1,
                            "Original Hash Batches": 1,
                            "Peak Memory Usage": 312,
                            "Plans": [
                              {
                                "Node Type": "Nested Loop",
                                "Parent Relationship": "Outer",
                                "Parallel Aware": false,
                                "Join Type": "Inner",
                                "Startup Cost": 254927.34,
                                "Total Cost": 733362.86,
                                "Plan Rows": 1,
                                "Plan Width": 35,
                                "Actual Startup Time": 5556.676,
                                "Actual Total Time": 5901.994,
                                "Actual Rows": 840,
                                "Actual Loops": 3,
                                "Inner Unique": true,
                                "Plans": [
                                  {
                                    "Node Type": "Hash Join",
                                    "Parent Relationship": "Outer",
                                    "Parallel Aware": true,
                                    "Join Type": "Inner",
                                    "Startup Cost": 254926.91,
                                    "Total Cost": 733328.03,
                                    "Plan Rows": 20,
                                    "Plan Width": 16,
                                    "Actual Startup Time": 5555.654,
                                    "Actual Total Time": 5636.088,
                                    "Actual Rows": 49045,
                                    "Actual Loops": 3,
                                    "Inner Unique": false,
                                    "Hash Cond": "(ci.movie_id = mi.movie_id)",
                                    "Plans": [
                                      {
                                        "Node Type": "Hash Join",
                                        "Parent Relationship": "Outer",
                                        "Parallel Aware": false,
                                        "Join Type": "Inner",
                                        "Startup Cost": 18.93,
                                        "Total Cost": 478384.08,
                                        "Plan Rows": 1689,
                                        "Plan Width": 12,
                                        "Actual Startup Time": 829.278,
                                        "Actual Total Time": 3411.272,
                                        "Actual Rows": 92055,
                                        "Actual Loops": 3,
                                        "Inner Unique": true,
                                        "Hash Cond": "(ci.role_id = rt.id)",
                                        "Plans": [
                                          {
                                            "Node Type": "Seq Scan",
                                            "Parent Relationship": "Outer",
                                            "Parallel Aware": true,
                                            "Relation Name": "cast_info",
                                            "Alias": "ci",
                                            "Startup Cost": 0.0,
                                            "Total Cost": 477573.4,
                                            "Plan Rows": 299831,
                                            "Plan Width": 16,
                                            "Actual Startup Time": 0.136,
                                            "Actual Total Time": 3332.879,
                                            "Actual Rows": 289159,
                                            "Actual Loops": 3,
                                            "Filter": "((note)::text = ANY ('{(voice),\"(voice: Japanese version)\",\"(voice) (uncredited)\",\"(voice: English version)\"}'::text[]))",
                                            "Rows Removed by Filter": 11792289
                                          },
                                          {
                                            "Node Type": "Hash",
                                            "Parent Relationship": "Inner",
                                            "Parallel Aware": false,
                                            "Startup Cost": 18.88,
                                            "Total Cost": 18.88,
                                            "Plan Rows": 4,
                                            "Plan Width": 4,
                                            "Actual Startup Time": 0.03,
                                            "Actual Total Time": 0.033,
                                            "Actual Rows": 1,
                                            "Actual Loops": 3,
                                            "Hash Buckets": 1024,
                                            "Original Hash Buckets": 1024,
                                            "Hash Batches": 1,
                                            "Original Hash Batches": 1,
                                            "Peak Memory Usage": 9,
                                            "Plans": [
                                              {
                                                "Node Type": "Seq Scan",
                                                "Parent Relationship": "Outer",
                                                "Parallel Aware": false,
                                                "Relation Name": "role_type",
                                                "Alias": "rt",
                                                "Startup Cost": 0.0,
                                                "Total Cost": 18.88,
                                                "Plan Rows": 4,
                                                "Plan Width": 4,
                                                "Actual Startup Time": 0.021,
                                                "Actual Total Time": 0.025,
                                                "Actual Rows": 1,
                                                "Actual Loops": 3,
                                                "Filter": "((role)::text = 'actress'::text)",
                                                "Rows Removed by Filter": 11
                                              }
                                            ]
                                          }
                                        ]
                                      },
                                      {
                                        "Node Type": "Hash",
                                        "Parent Relationship": "Inner",
                                        "Parallel Aware": true,
                                        "Startup Cost": 254886.52,
                                        "Total Cost": 254886.52,
                                        "Plan Rows": 1717,
                                        "Plan Width": 4,
                                        "Actual Startup Time": 2098.765,
                                        "Actual Total Time": 2098.775,
                                        "Actual Rows": 150346,
                                        "Actual Loops": 3,
                                        "Hash Buckets": 65536,
                                        "Original Hash Buckets": 8192,
                                        "Hash Batches": 8,
                                        "Original Hash Batches": 1,
                                        "Peak Memory Usage": 2816,
                                        "Plans": [
                                          {
                                            "Node Type": "Hash Join",
                                            "Parent Relationship": "Outer",
                                            "Parallel Aware": false,
                                            "Join Type": "Inner",
                                            "Startup Cost": 2.43,
                                            "Total Cost": 254886.52,
                                            "Plan Rows": 1717,
                                            "Plan Width": 4,
                                            "Actual Startup Time": 508.833,
                                            "Actual Total Time": 2002.124,
                                            "Actual Rows": 150346,
                                            "Actual Loops": 3,
                                            "Inner Unique": true,
                                            "Hash Cond": "(mi.info_type_id = it.id)",
                                            "Plans": [
                                              {
                                                "Node Type": "Seq Scan",
                                                "Parent Relationship": "Outer",
                                                "Parallel Aware": true,
                                                "Relation Name": "movie_info",
                                                "Alias": "mi",
                                                "Startup Cost": 0.0,
                                                "Total Cost": 254355.67,
                                                "Plan Rows": 194029,
                                                "Plan Width": 8,
                                                "Actual Startup Time": 210.418,
                                                "Actual Total Time": 1949.848,
                                                "Actual Rows": 150368,
                                                "Actual Loops": 3,
                                                "Filter": "((info IS NOT NULL) AND (((info)::text ~~ 'Japan:%200%'::text) OR ((info)::text ~~ 'USA:%200%'::text)))",
                                                "Rows Removed by Filter": 4794872
                                              },
                                              {
                                                "Node Type": "Hash",
                                                "Parent Relationship": "Inner",
                                                "Parallel Aware": false,
                                                "Startup Cost": 2.41,
                                                "Total Cost": 2.41,
                                                "Plan Rows": 1,
                                                "Plan Width": 4,
                                                "Actual Startup Time": 0.088,
                                                "Actual Total Time": 0.09,
                                                "Actual Rows": 1,
                                                "Actual Loops": 3,
                                                "Hash Buckets": 1024,
                                                "Original Hash Buckets": 1024,
                                                "Hash Batches": 1,
                                                "Original Hash Batches": 1,
                                                "Peak Memory Usage": 9,
                                                "Plans": [
                                                  {
                                                    "Node Type": "Seq Scan",
                                                    "Parent Relationship": "Outer",
                                                    "Parallel Aware": false,
                                                    "Relation Name": "info_type",
                                                    "Alias": "it",
                                                    "Startup Cost": 0.0,
                                                    "Total Cost": 2.41,
                                                    "Plan Rows": 1,
                                                    "Plan Width": 4,
                                                    "Actual Startup Time": 0.053,
                                                    "Actual Total Time": 0.078,
                                                    "Actual Rows": 1,
                                                    "Actual Loops": 3,
                                                    "Filter": "((info)::text = 'release dates'::text)",
                                                    "Rows Removed by Filter": 112
                                                  }
                                                ]
                                              }
                                            ]
                                          }
                                        ]
                                      }
                                    ]
                                  },
                                  {
                                    "Node Type": "Index Scan",
                                    "Parent Relationship": "Inner",
                                    "Parallel Aware": false,
                                    "Scan Direction": "Forward",
                                    "Index Name": "name_pkey",
                                    "Relation Name": "name",
                                    "Alias": "n",
                                    "Startup Cost": 0.43,
                                    "Total Cost": 1.74,
                                    "Plan Rows": 1,
                                    "Plan Width": 19,
                                    "Actual Startup Time": 0.005,
                                    "Actual Total Time": 0.005,
                                    "Actual Rows": 0,
                                    "Actual Loops": 147136,
                                    "Index Cond": "(id = ci.person_id)",
                                    "Rows Removed by Index Recheck": 0,
                                    "Filter": "(((name)::text ~~ '%An%'::text) AND ((gender)::text = 'f'::text))",
                                    "Rows Removed by Filter": 1
                                  }
                                ]
                              }
                            ]
                          }
                        ]
                      },
                      {
                        "Node Type": "Index Scan",
                        "Parent Relationship": "Inner",
                        "Parallel Aware": false,
                        "Scan Direction": "Forward",
                        "Index Name": "company_name_pkey",
                        "Relation Name": "company_name",
                        "Alias": "cn",
                        "Startup Cost": 0.42,
                        "Total Cost": 1.29,
                        "Plan Rows": 1,
                        "Plan Width": 4,
                        "Actual Startup Time": 0.006,
                        "Actual Total Time": 0.006,
                        "Actual Rows": 0,
                        "Actual Loops": 11139,
                        "Index Cond": "(id = mc.company_id)",
                        "Rows Removed by Index Recheck": 0,
                        "Filter": "((country_code)::text = '[us]'::text)",
                        "Rows Removed by Filter": 1
                      }
                    ]
                  }
                ]
              }
            ]
          },
          {
            "Node Type": "Index Only Scan",
            "Parent Relationship": "Inner",
            "Parallel Aware": false,
            "Scan Direction": "Forward",
            "Index Name": "char_name_pkey",
            "Relation Name": "char_name",
            "Alias": "chn",
            "Startup Cost": 0.43,
            "Total Cost": 0.98,
            "Plan Rows": 1,
            "Plan Width": 4,
            "Actual Startup Time": 0.003,
            "Actual Total Time": 0.003,
            "Actual Rows": 1,
            "Actual Loops": 4324,
            "Index Cond": "(id = ci.person_role_id)",
            "Rows Removed by Index Recheck": 0,
            "Heap Fetches": 0
          }
        ]
      },
      {
        "Node Type": "Index Scan",
        "Parent Relationship": "Inner",
        "Parallel Aware": false,
        "Scan Direction": "Forward",
        "Index Name": "title_pkey",
        "Relation Name": "title",
        "Alias": "t",
        "Startup Cost": 0.43,
        "Total Cost": 1.45,
        "Plan Rows": 1,
        "Plan Width": 21,
        "Actual Startup Time": 0.005,
        "Actual Total Time": 0.005,
        "Actual Rows": 1,
        "Actual Loops": 4113,
        "Index Cond": "(id = mc.movie_id)",
        "Rows Removed by Index Recheck": 0,
        "Filter": "(production_year > 2000)",
        "Rows Removed by Filter": 0
      }
    ]
  }
}