{
  "Plan": {
    "Node Type": "Nested Loop",
    "Parent Relationship": "Outer",
    "Parallel Aware": false,
    "Join Type": "Inner",
    "Startup Cost": 743003.33,
    "Total Cost": 759594.03,
    "Plan Rows": 1,
    "Plan Width": 32,
    "Actual Startup Time": 5316.959,
    "Actual Total Time": 5370.836,
    "Actual Rows": 5,
    "Actual Loops": 3,
    "Inner Unique": true,
    "Plans": [
      {
        "Node Type": "Nested Loop",
        "Parent Relationship": "Outer",
        "Parallel Aware": false,
        "Join Type": "Inner",
        "Startup Cost": 743002.9,
        "Total Cost": 759591.95,
        "Plan Rows": 1,
        "Plan Width": 27,
        "Actual Startup Time": 5234.388,
        "Actual Total Time": 5370.592,
        "Actual Rows": 21,
        "Actual Loops": 3,
        "Inner Unique": true,
        "Join Filter": "(ci.person_id = n.id)",
        "Rows Removed by Join Filter": 0,
        "Plans": [
          {
            "Node Type": "Nested Loop",
            "Parent Relationship": "Outer",
            "Parallel Aware": false,
            "Join Type": "Inner",
            "Startup Cost": 743002.47,
            "Total Cost": 759590.25,
            "Plan Rows": 1,
            "Plan Width": 20,
            "Actual Startup Time": 5167.216,
            "Actual Total Time": 5353.828,
            "Actual Rows": 3634,
            "Actual Loops": 3,
            "Inner Unique": true,
            "Plans": [
              {
                "Node Type": "Nested Loop",
                "Parent Relationship": "Outer",
                "Parallel Aware": false,
                "Join Type": "Inner",
                "Startup Cost": 743002.05,
                "Total Cost": 759588.84,
                "Plan Rows": 1,
                "Plan Width": 24,
                "Actual Startup Time": 5167.133,
                "Actual Total Time": 5337.434,
                "Actual Rows": 3701,
                "Actual Loops": 3,
                "Inner Unique": true,
                "Plans": [
                  {
                    "Node Type": "Hash Join",
                    "Parent Relationship": "Outer",
                    "Parallel Aware": true,
                    "Join Type": "Inner",
                    "Startup Cost": 743001.62,
                    "Total Cost": 759587.73,
                    "Plan Rows": 1,
                    "Plan Width": 28,
                    "Actual Startup Time": 5166.991,
                    "Actual Total Time": 5320.561,
                    "Actual Rows": 3945,
                    "Actual Loops": 3,
                    "Inner Unique": false,
                    "Hash Cond": "(an.person_id = ci.person_id)",
                    "Plans": [
                      {
                        "Node Type": "Seq Scan",
                        "Parent Relationship": "Outer",
                        "Parallel Aware": true,
                        "Relation Name": "aka_name",
                        "Alias": "an",
                        "Startup Cost": 0.0,
                        "Total Cost": 15175.53,
                        "Plan Rows": 376153,
                        "Plan Width": 4,
                        "Actual Startup Time": 0.071,
                        "Actual Total Time": 73.53,
                        "Actual Rows": 300448,
                        "Actual Loops": 3
                      },
                      {
                        "Node Type": "Hash",
                        "Parent Relationship": "Inner",
                        "Parallel Aware": true,
                        "Startup Cost": 743001.61,
                        "Total Cost": 743001.61,
                        "Plan Rows": 1,
                        "Plan Width": 24,
                        "Actual Startup Time": 5165.641,
                        "Actual Total Time": 5165.659,
                        "Actual Rows": 2526,
                        "Actual Loops": 3,
                        "Hash Buckets": 8192,
                        "Original Hash Buckets": 1024,
                        "Hash Batches": 1,
                        "Original Hash Batches": 1,
                        "Peak Memory Usage": 600,
                        "Plans": [
                          {
                            "Node Type": "Hash Join",
                            "Parent Relationship": "Outer",
                            "Parallel Aware": true,
                            "Join Type": "Inner",
                            "Startup Cost": 694953.86,
                            "Total Cost": 743001.61,
                            "Plan Rows": 1,
                            "Plan Width": 24,
                            "Actual Startup Time": 4777.615,
                            "Actual Total Time": 5134.626,
                            "Actual Rows": 2526,
                            "Actual Loops": 3,
                            "Inner Unique": false,
                            "Hash Cond": "(mc.movie_id = mi.movie_id)",
                            "Plans": [
                              {
                                "Node Type": "Seq Scan",
                                "Parent Relationship": "Outer",
                                "Parallel Aware": true,
                                "Relation Name": "movie_companies",
                                "Alias": "mc",
                                "Startup Cost": 0.0,
                                "Total Cost": 47905.9,
                                "Plan Rows": 37822,
                                "Plan Width": 8,
                                "Actual Startup Time": 0.104,
                                "Actual Total Time": 342.329,
                                "Actual Rows": 66173,
                                "Actual Loops": 3,
                                "Filter": "(((note)::text ~~ '%(200%)%'::text) AND (((note)::text ~~ '%(USA)%'::text) OR ((note)::text ~~ '%(worldwide)%'::text)))",
                                "Rows Removed by Filter": 803537
                              },
                              {
                                "Node Type": "Hash",
                                "Parent Relationship": "Inner",
                                "Parallel Aware": true,
                                "Startup Cost": 694953.84,
                                "Total Cost": 694953.84,
                                "Plan Rows": 2,
                                "Plan Width": 16,
                                "Actual Startup Time": 4770.601,
                                "Actual Total Time": 4770.616,
                                "Actual Rows": 4684,
                                "Actual Loops": 3,
                                "Hash Buckets": 16384,
                                "Original Hash Buckets": 1024,
                                "Hash Batches": 1,
                                "Original Hash Batches": 1,
                                "Peak Memory Usage": 952,
                                "Plans": [
                                  {
                                    "Node Type": "Hash Join",
                                    "Parent Relationship": "Outer",
                                    "Parallel Aware": true,
                                    "Join Type": "Inner",
                                    "Startup Cost": 254652.42,
                                    "Total Cost": 694953.84,
                                    "Plan Rows": 2,
                                    "Plan Width": 16,
                                    "Actual Startup Time": 2695.796,
                                    "Actual Total Time": 4674.492,
                                    "Actual Rows": 4684,
                                    "Actual Loops": 3,
                                    "Inner Unique": false,
                                    "Hash Cond": "(ci.movie_id = mi.movie_id)",
                                    "Plans": [
                                      {
                                        "Node Type": "Hash Join",
                                        "Parent Relationship": "Outer",
                                        "Parallel Aware": false,
                                        "Join Type": "Inner",
                                        "Startup Cost": 18.93,
                                        "Total Cost": 440311.37,
                                        "Plan Rows": 422,
                                        "Plan Width": 12,
                                        "Actual Startup Time": 711.563,
                                        "Actual Total Time": 2663.573,
                                        "Actual Rows": 74229,
                                        "Actual Loops": 3,
                                        "Inner Unique": true,
                                        "Hash Cond": "(ci.role_id = rt.id)",
                                        "Plans": [
                                          {
                                            "Node Type": "Seq Scan",
                                            "Parent Relationship": "Outer",
                                            "Parallel Aware": true,
                                            "Relation Name": "cast_info",
                                            "Alias": "ci",
                                            "Startup Cost": 0.0,
                                            "Total Cost": 440094.5,
                                            "Plan Rows": 74958,
                                            "Plan Width": 16,
                                            "Actual Startup Time": 0.154,
                                            "Actual Total Time": 2603.565,
                                            "Actual Rows": 237943,
                                            "Actual Loops": 3,
                                            "Filter": "((note)::text = '(voice)'::text)",
                                            "Rows Removed by Filter": 11843505
                                          },
                                          {
                                            "Node Type": "Hash",
                                            "Parent Relationship": "Inner",
                                            "Parallel Aware": false,
                                            "Startup Cost": 18.88,
                                            "Total Cost": 18.88,
                                            "Plan Rows": 4,
                                            "Plan Width": 4,
                                            "Actual Startup Time": 0.042,
                                            "Actual Total Time": 0.044,
                                            "Actual Rows": 1,
                                            "Actual Loops": 3,
                                            "Hash Buckets": 1024,
                                            "Original Hash Buckets": 1024,
                                            "Hash Batches": 1,
                                            "Original Hash Batches": 1,
                                            "Peak Memory Usage": 9,
                                            "Plans": [
                                              {
                                                "Node Type": "Seq Scan",
                                                "Parent Relationship": "Outer",
                                                "Parallel Aware": false,
                                                "Relation Name": "role_type",
                                                "Alias": "rt",
                                                "Startup Cost": 0.0,
                                                "Total Cost": 18.88,
                                                "Plan Rows": 4,
                                                "Plan Width": 4,
                                                "Actual Startup Time": 0.024,
                                                "Actual Total Time": 0.027,
                                                "Actual Rows": 1,
                                                "Actual Loops": 3,
                                                "Filter": "((role)::text = 'actress'::text)",
                                                "Rows Removed by Filter": 11
                                              }
                                            ]
                                          }
                                        ]
                                      },
                                      {
                                        "Node Type": "Hash",
                                        "Parent Relationship": "Inner",
                                        "Parallel Aware": true,
                                        "Startup Cost": 254622.74,
                                        "Total Cost": 254622.74,
                                        "Plan Rows": 860,
                                        "Plan Width": 4,
                                        "Actual Startup Time": 1983.302,
                                        "Actual Total Time": 1983.311,
                                        "Actual Rows": 23159,
                                        "Actual Loops": 3,
                                        "Hash Buckets": 131072,
                                        "Original Hash Buckets": 4096,
                                        "Hash Batches": 1,
                                        "Original Hash Batches": 1,
                                        "Peak Memory Usage": 4768,
                                        "Plans": [
                                          {
                                            "Node Type": "Hash Join",
                                            "Parent Relationship": "Outer",
                                            "Parallel Aware": false,
                                            "Join Type": "Inner",
                                            "Startup Cost": 2.43,
                                            "Total Cost": 254622.74,
                                            "Plan Rows": 860,
                                            "Plan Width": 4,
                                            "Actual Startup Time": 505.115,
                                            "Actual Total Time": 1933.971,
                                            "Actual Rows": 23159,
                                            "Actual Loops": 3,
                                            "Inner Unique": true,
                                            "Hash Cond": "(mi.info_type_id = it.id)",
                                            "Plans": [
                                              {
                                                "Node Type": "Seq Scan",
                                                "Parent Relationship": "Outer",
                                                "Parallel Aware": true,
                                                "Relation Name": "movie_info",
                                                "Alias": "mi",
                                                "Startup Cost": 0.0,
                                                "Total Cost": 254355.67,
                                                "Plan Rows": 97174,
                                                "Plan Width": 8,
                                                "Actual Startup Time": 504.959,
                                                "Actual Total Time": 1924.713,
                                                "Actual Rows": 23159,
                                                "Actual Loops": 3,
                                                "Filter": "((info IS NOT NULL) AND (((info)::text ~~ 'Japan:%2007%'::text) OR ((info)::text ~~ 'USA:%2008%'::text)))",
                                                "Rows Removed by Filter": 4922081
                                              },
                                              {
                                                "Node Type": "Hash",
                                                "Parent Relationship": "Inner",
                                                "Parallel Aware": false,
                                                "Startup Cost": 2.41,
                                                "Total Cost": 2.41,
                                                "Plan Rows": 1,
                                                "Plan Width": 4,
                                                "Actual Startup Time": 0.094,
                                                "Actual Total Time": 0.098,
                                                "Actual Rows": 1,
                                                "Actual Loops": 3,
                                                "Hash Buckets": 1024,
                                                "Original Hash Buckets": 1024,
                                                "Hash Batches": 1,
                                                "Original Hash Batches": 1,
                                                "Peak Memory Usage": 9,
                                                "Plans": [
                                                  {
                                                    "Node Type": "Seq Scan",
                                                    "Parent Relationship": "Outer",
                                                    "Parallel Aware": false,
                                                    "Relation Name": "info_type",
                                                    "Alias": "it",
                                                    "Startup Cost": 0.0,
                                                    "Total Cost": 2.41,
                                                    "Plan Rows": 1,
                                                    "Plan Width": 4,
                                                    "Actual Startup Time": 0.059,
                                                    "Actual Total Time": 0.087,
                                                    "Actual Rows": 1,
                                                    "Actual Loops": 3,
                                                    "Filter": "((info)::text = 'release dates'::text)",
                                                    "Rows Removed by Filter": 112
                                                  }
                                                ]
                                              }
                                            ]
                                          }
                                        ]
                                      }
                                    ]
                                  }
                                ]
                              }
                            ]
                          }
                        ]
                      }
                    ]
                  },
                  {
                    "Node Type": "Index Only Scan",
                    "Parent Relationship": "Inner",
                    "Parallel Aware": false,
                    "Scan Direction": "Forward",
                    "Index Name": "char_name_pkey",
                    "Relation Name": "char_name",
                    "Alias": "chn",
                    "Startup Cost": 0.43,
                    "Total Cost": 1.11,
                    "Plan Rows": 1,
                    "Plan Width": 4,
                    "Actual Startup Time": 0.004,
                    "Actual Total Time": 0.004,
                    "Actual Rows": 1,
                    "Actual Loops": 11835,
                    "Index Cond": "(id = ci.person_role_id)",
                    "Rows Removed by Index Recheck": 0,
                    "Heap Fetches": 0
                  }
                ]
              },
              {
                "Node Type": "Index Scan",
                "Parent Relationship": "Inner",
                "Parallel Aware": false,
                "Scan Direction": "Forward",
                "Index Name": "company_name_pkey",
                "Relation Name": "company_name",
                "Alias": "cn",
                "Startup Cost": 0.42,
                "Total Cost": 1.41,
                "Plan Rows": 1,
                "Plan Width": 4,
                "Actual Startup Time": 0.004,
                "Actual Total Time": 0.004,
                "Actual Rows": 1,
                "Actual Loops": 11104,
                "Index Cond": "(id = mc.company_id)",
                "Rows Removed by Index Recheck": 0,
                "Filter": "((country_code)::text = '[us]'::text)",
                "Rows Removed by Filter": 0
              }
            ]
          },
          {
            "Node Type": "Index Scan",
            "Parent Relationship": "Inner",
            "Parallel Aware": false,
            "Scan Direction": "Forward",
            "Index Name": "name_pkey",
            "Relation Name": "name",
            "Alias": "n",
            "Startup Cost": 0.43,
            "Total Cost": 1.69,
            "Plan Rows": 1,
            "Plan Width": 19,
            "Actual Startup Time": 0.004,
            "Actual Total Time": 0.004,
            "Actual Rows": 0,
            "Actual Loops": 10903,
            "Index Cond": "(id = an.person_id)",
            "Rows Removed by Index Recheck": 0,
            "Filter": "(((name)::text ~~ '%Angel%'::text) AND ((gender)::text = 'f'::text))",
            "Rows Removed by Filter": 1
          }
        ]
      },
      {
        "Node Type": "Index Scan",
        "Parent Relationship": "Inner",
        "Parallel Aware": false,
        "Scan Direction": "Forward",
        "Index Name": "title_pkey",
        "Relation Name": "title",
        "Alias": "t",
        "Startup Cost": 0.43,
        "Total Cost": 1.94,
        "Plan Rows": 1,
        "Plan Width": 21,
        "Actual Startup Time": 0.009,
        "Actual Total Time": 0.009,
        "Actual Rows": 0,
        "Actual Loops": 64,
        "Index Cond": "(id = mi.movie_id)",
        "Rows Removed by Index Recheck": 0,
        "Filter": "((production_year >= 2007) AND (production_year <= 2008) AND ((title)::text ~~ '%Kung%Fu%Panda%'::text))",
        "Rows Removed by Filter": 1
      }
    ]
  }
}