{
  "Plan": {
    "Node Type": "Hash Join",
    "Parent Relationship": "Inner",
    "Parallel Aware": false,
    "Join Type": "Inner",
    "Startup Cost": 18.93,
    "Total Cost": 2468.5,
    "Plan Rows": 761,
    "Plan Width": 8,
    "Actual Startup Time": 0.04,
    "Actual Total Time": 82.96,
    "Actual Rows": 85941,
    "Actual Loops": 6,
    "Inner Unique": true,
    "Hash Cond": "(cc.subject_id = cct1.id)",
    "Plans": [
      {
        "Node Type": "Seq Scan",
        "Parent Relationship": "Outer",
        "Parallel Aware": false,
        "Relation Name": "complete_cast",
        "Alias": "cc",
        "Startup Cost": 0.0,
        "Total Cost": 2092.86,
        "Plan Rows": 135086,
        "Plan Width": 12,
        "Actual Startup Time": 0.015,
        "Actual Total Time": 27.297,
        "Actual Rows": 135086,
        "Actual Loops": 6
      },
      {
        "Node Type": "Hash",
        "Parent Relationship": "Inner",
        "Parallel Aware": false,
        "Startup Cost": 18.88,
        "Total Cost": 18.88,
        "Plan Rows": 4,
        "Plan Width": 4,
        "Actual Startup Time": 0.019,
        "Actual Total Time": 0.02,
        "Actual Rows": 1,
        "Actual Loops": 3,
        "Hash Buckets": 1024,
        "Original Hash Buckets": 1024,
        "Hash Batches": 1,
        "Original Hash Batches": 1,
        "Peak Memory Usage": 9,
        "Plans": [
          {
            "Node Type": "Seq Scan",
            "Parent Relationship": "Outer",
            "Parallel Aware": false,
            "Relation Name": "comp_cast_type",
            "Alias": "cct1",
            "Startup Cost": 0.0,
            "Total Cost": 18.88,
            "Plan Rows": 4,
            "Plan Width": 4,
            "Actual Startup Time": 0.009,
            "Actual Total Time": 0.011,
            "Actual Rows": 1,
            "Actual Loops": 3,
            "Filter": "((kind)::text = 'cast'::text)",
            "Rows Removed by Filter": 3
          }
        ]
      }
    ]
  }
}