{
  "Plan": {
    "Node Type": "Hash Join",
    "Parent Relationship": "Outer",
    "Parallel Aware": true,
    "Join Type": "Inner",
    "Startup Cost": 764911.95,
    "Total Cost": 781498.06,
    "Plan Rows": 3,
    "Plan Width": 32,
    "Actual Startup Time": 16667.711,
    "Actual Total Time": 17063.016,
    "Actual Rows": 586882,
    "Actual Loops": 3,
    "Inner Unique": false,
    "Hash Cond": "(an.person_id = n.id)",
    "Plans": [
      {
        "Node Type": "Seq Scan",
        "Parent Relationship": "Outer",
        "Parallel Aware": true,
        "Relation Name": "aka_name",
        "Alias": "an",
        "Startup Cost": 0.0,
        "Total Cost": 15175.53,
        "Plan Rows": 376153,
        "Plan Width": 4,
        "Actual Startup Time": 0.086,
        "Actual Total Time": 95.624,
        "Actual Rows": 300448,
        "Actual Loops": 3
      },
      {
        "Node Type": "Hash",
        "Parent Relationship": "Inner",
        "Parallel Aware": true,
        "Startup Cost": 764911.93,
        "Total Cost": 764911.93,
        "Plan Rows": 1,
        "Plan Width": 40,
        "Actual Startup Time": 16432.191,
        "Actual Total Time": 16432.255,
        "Actual Rows": 262348,
        "Actual Loops": 3,
        "Hash Buckets": 65536,
        "Original Hash Buckets": 1024,
        "Hash Batches": 32,
        "Original Hash Batches": 1,
        "Peak Memory Usage": 4384,
        "Plans": [
          {
            "Node Type": "Nested Loop",
            "Parent Relationship": "Outer",
            "Parallel Aware": false,
            "Join Type": "Inner",
            "Startup Cost": 720725.02,
            "Total Cost": 764911.93,
            "Plan Rows": 1,
            "Plan Width": 40,
            "Actual Startup Time": 9458.613,
            "Actual Total Time": 16034.062,
            "Actual Rows": 262348,
            "Actual Loops": 3,
            "Inner Unique": true,
            "Plans": [
              {
                "Node Type": "Nested Loop",
                "Parent Relationship": "Outer",
                "Parallel Aware": false,
                "Join Type": "Inner",
                "Startup Cost": 720724.59,
                "Total Cost": 764910.95,
                "Plan Rows": 1,
                "Plan Width": 44,
                "Actual Startup Time": 9458.536,
                "Actual Total Time": 15108.628,
                "Actual Rows": 293544,
                "Actual Loops": 3,
                "Inner Unique": true,
                "Plans": [
                  {
                    "Node Type": "Hash Join",
                    "Parent Relationship": "Outer",
                    "Parallel Aware": true,
                    "Join Type": "Inner",
                    "Startup Cost": 720724.17,
                    "Total Cost": 764553.64,
                    "Plan Rows": 276,
                    "Plan Width": 48,
                    "Actual Startup Time": 9458.449,
                    "Actual Total Time": 10306.249,
                    "Actual Rows": 1223761,
                    "Actual Loops": 3,
                    "Inner Unique": false,
                    "Hash Cond": "(mc.movie_id = t.id)",
                    "Plans": [
                      {
                        "Node Type": "Seq Scan",
                        "Parent Relationship": "Outer",
                        "Parallel Aware": true,
                        "Relation Name": "movie_companies",
                        "Alias": "mc",
                        "Startup Cost": 0.0,
                        "Total Cost": 39752.37,
                        "Plan Rows": 1087137,
                        "Plan Width": 8,
                        "Actual Startup Time": 0.045,
                        "Actual Total Time": 220.171,
                        "Actual Rows": 869710,
                        "Actual Loops": 3
                      },
                      {
                        "Node Type": "Hash",
                        "Parent Relationship": "Inner",
                        "Parallel Aware": true,
                        "Startup Cost": 720723.18,
                        "Total Cost": 720723.18,
                        "Plan Rows": 79,
                        "Plan Width": 56,
                        "Actual Startup Time": 8955.158,
                        "Actual Total Time": 8955.214,
                        "Actual Rows": 123848,
                        "Actual Loops": 3,
                        "Hash Buckets": 32768,
                        "Original Hash Buckets": 1024,
                        "Hash Batches": 16,
                        "Original Hash Batches": 1,
                        "Peak Memory Usage": 3008,
                        "Plans": [
                          {
                            "Node Type": "Nested Loop",
                            "Parent Relationship": "Outer",
                            "Parallel Aware": false,
                            "Join Type": "Inner",
                            "Startup Cost": 241041.14,
                            "Total Cost": 720723.18,
                            "Plan Rows": 79,
                            "Plan Width": 56,
                            "Actual Startup Time": 6210.346,
                            "Actual Total Time": 8755.11,
                            "Actual Rows": 123848,
                            "Actual Loops": 3,
                            "Inner Unique": true,
                            "Plans": [
                              {
                                "Node Type": "Nested Loop",
                                "Parent Relationship": "Outer",
                                "Parallel Aware": false,
                                "Join Type": "Inner",
                                "Startup Cost": 241040.71,
                                "Total Cost": 720520.16,
                                "Plan Rows": 144,
                                "Plan Width": 35,
                                "Actual Startup Time": 6210.217,
                                "Actual Total Time": 7546.544,
                                "Actual Rows": 182242,
                                "Actual Loops": 3,
                                "Inner Unique": true,
                                "Plans": [
                                  {
                                    "Node Type": "Hash Join",
                                    "Parent Relationship": "Outer",
                                    "Parallel Aware": true,
                                    "Join Type": "Inner",
                                    "Startup Cost": 241040.28,
                                    "Total Cost": 719443.9,
                                    "Plan Rows": 619,
                                    "Plan Width": 16,
                                    "Actual Startup Time": 6210.103,
                                    "Actual Total Time": 6568.898,
                                    "Actual Rows": 182372,
                                    "Actual Loops": 3,
                                    "Inner Unique": false,
                                    "Hash Cond": "(ci.movie_id = mi.movie_id)",
                                    "Plans": [
                                      {
                                        "Node Type": "Hash Join",
                                        "Parent Relationship": "Outer",
                                        "Parallel Aware": false,
                                        "Join Type": "Inner",
                                        "Startup Cost": 18.93,
                                        "Total Cost": 478384.08,
                                        "Plan Rows": 1689,
                                        "Plan Width": 12,
                                        "Actual Startup Time": 826.835,
                                        "Actual Total Time": 3410.062,
                                        "Actual Rows": 92055,
                                        "Actual Loops": 3,
                                        "Inner Unique": true,
                                        "Hash Cond": "(ci.role_id = rt.id)",
                                        "Plans": [
                                          {
                                            "Node Type": "Seq Scan",
                                            "Parent Relationship": "Outer",
                                            "Parallel Aware": true,
                                            "Relation Name": "cast_info",
                                            "Alias": "ci",
                                            "Startup Cost": 0.0,
                                            "Total Cost": 477573.4,
                                            "Plan Rows": 299831,
                                            "Plan Width": 16,
                                            "Actual Startup Time": 0.277,
                                            "Actual Total Time": 3332.476,
                                            "Actual Rows": 289159,
                                            "Actual Loops": 3,
                                            "Filter": "((note)::text = ANY ('{(voice),\"(voice: Japanese version)\",\"(voice) (uncredited)\",\"(voice: English version)\"}'::text[]))",
                                            "Rows Removed by Filter": 11792289
                                          },
                                          {
                                            "Node Type": "Hash",
                                            "Parent Relationship": "Inner",
                                            "Parallel Aware": false,
                                            "Startup Cost": 18.88,
                                            "Total Cost": 18.88,
                                            "Plan Rows": 4,
                                            "Plan Width": 4,
                                            "Actual Startup Time": 0.04,
                                            "Actual Total Time": 0.043,
                                            "Actual Rows": 1,
                                            "Actual Loops": 3,
                                            "Hash Buckets": 1024,
                                            "Original Hash Buckets": 1024,
                                            "Hash Batches": 1,
                                            "Original Hash Batches": 1,
                                            "Peak Memory Usage": 9,
                                            "Plans": [
                                              {
                                                "Node Type": "Seq Scan",
                                                "Parent Relationship": "Outer",
                                                "Parallel Aware": false,
                                                "Relation Name": "role_type",
                                                "Alias": "rt",
                                                "Startup Cost": 0.0,
                                                "Total Cost": 18.88,
                                                "Plan Rows": 4,
                                                "Plan Width": 4,
                                                "Actual Startup Time": 0.032,
                                                "Actual Total Time": 0.037,
                                                "Actual Rows": 1,
                                                "Actual Loops": 3,
                                                "Filter": "((role)::text = 'actress'::text)",
                                                "Rows Removed by Filter": 11
                                              }
                                            ]
                                          }
                                        ]
                                      },
                                      {
                                        "Node Type": "Hash",
                                        "Parent Relationship": "Inner",
                                        "Parallel Aware": true,
                                        "Startup Cost": 240340.22,
                                        "Total Cost": 240340.22,
                                        "Plan Rows": 54491,
                                        "Plan Width": 4,
                                        "Actual Startup Time": 2742.649,
                                        "Actual Total Time": 2742.658,
                                        "Actual Rows": 1012240,
                                        "Actual Loops": 3,
                                        "Hash Buckets": 131072,
                                        "Original Hash Buckets": 131072,
                                        "Hash Batches": 32,
                                        "Original Hash Batches": 1,
                                        "Peak Memory Usage": 4800,
                                        "Plans": [
                                          {
                                            "Node Type": "Hash Join",
                                            "Parent Relationship": "Outer",
                                            "Parallel Aware": false,
                                            "Join Type": "Inner",
                                            "Startup Cost": 2.43,
                                            "Total Cost": 240340.22,
                                            "Plan Rows": 54491,
                                            "Plan Width": 4,
                                            "Actual Startup Time": 570.819,
                                            "Actual Total Time": 2275.129,
                                            "Actual Rows": 1012240,
                                            "Actual Loops": 3,
                                            "Inner Unique": true,
                                            "Hash Cond": "(mi.info_type_id = it.id)",
                                            "Plans": [
                                              {
                                                "Node Type": "Seq Scan",
                                                "Parent Relationship": "Outer",
                                                "Parallel Aware": true,
                                                "Relation Name": "movie_info",
                                                "Alias": "mi",
                                                "Startup Cost": 0.0,
                                                "Total Cost": 223568.11,
                                                "Plan Rows": 6157511,
                                                "Plan Width": 8,
                                                "Actual Startup Time": 0.046,
                                                "Actual Total Time": 1125.584,
                                                "Actual Rows": 4945240,
                                                "Actual Loops": 3
                                              },
                                              {
                                                "Node Type": "Hash",
                                                "Parent Relationship": "Inner",
                                                "Parallel Aware": false,
                                                "Startup Cost": 2.41,
                                                "Total Cost": 2.41,
                                                "Plan Rows": 1,
                                                "Plan Width": 4,
                                                "Actual Startup Time": 0.07,
                                                "Actual Total Time": 0.073,
                                                "Actual Rows": 1,
                                                "Actual Loops": 3,
                                                "Hash Buckets": 1024,
                                                "Original Hash Buckets": 1024,
                                                "Hash Batches": 1,
                                                "Original Hash Batches": 1,
                                                "Peak Memory Usage": 9,
                                                "Plans": [
                                                  {
                                                    "Node Type": "Seq Scan",
                                                    "Parent Relationship": "Outer",
                                                    "Parallel Aware": false,
                                                    "Relation Name": "info_type",
                                                    "Alias": "it",
                                                    "Startup Cost": 0.0,
                                                    "Total Cost": 2.41,
                                                    "Plan Rows": 1,
                                                    "Plan Width": 4,
                                                    "Actual Startup Time": 0.036,
                                                    "Actual Total Time": 0.059,
                                                    "Actual Rows": 1,
                                                    "Actual Loops": 3,
                                                    "Filter": "((info)::text = 'release dates'::text)",
                                                    "Rows Removed by Filter": 112
                                                  }
                                                ]
                                              }
                                            ]
                                          }
                                        ]
                                      }
                                    ]
                                  },
                                  {
                                    "Node Type": "Index Scan",
                                    "Parent Relationship": "Inner",
                                    "Parallel Aware": false,
                                    "Scan Direction": "Forward",
                                    "Index Name": "name_pkey",
                                    "Relation Name": "name",
                                    "Alias": "n",
                                    "Startup Cost": 0.43,
                                    "Total Cost": 1.74,
                                    "Plan Rows": 1,
                                    "Plan Width": 19,
                                    "Actual Startup Time": 0.005,
                                    "Actual Total Time": 0.005,
                                    "Actual Rows": 1,
                                    "Actual Loops": 547117,
                                    "Index Cond": "(id = ci.person_id)",
                                    "Rows Removed by Index Recheck": 0,
                                    "Filter": "((gender)::text = 'f'::text)",
                                    "Rows Removed by Filter": 0
                                  }
                                ]
                              },
                              {
                                "Node Type": "Index Scan",
                                "Parent Relationship": "Inner",
                                "Parallel Aware": false,
                                "Scan Direction": "Forward",
                                "Index Name": "title_pkey",
                                "Relation Name": "title",
                                "Alias": "t",
                                "Startup Cost": 0.43,
                                "Total Cost": 1.41,
                                "Plan Rows": 1,
                                "Plan Width": 21,
                                "Actual Startup Time": 0.006,
                                "Actual Total Time": 0.006,
                                "Actual Rows": 1,
                                "Actual Loops": 546726,
                                "Index Cond": "(id = mi.movie_id)",
                                "Rows Removed by Index Recheck": 0,
                                "Filter": "(production_year > 2000)",
                                "Rows Removed by Filter": 0
                              }
                            ]
                          }
                        ]
                      }
                    ]
                  },
                  {
                    "Node Type": "Index Scan",
                    "Parent Relationship": "Inner",
                    "Parallel Aware": false,
                    "Scan Direction": "Forward",
                    "Index Name": "company_name_pkey",
                    "Relation Name": "company_name",
                    "Alias": "cn",
                    "Startup Cost": 0.42,
                    "Total Cost": 1.29,
                    "Plan Rows": 1,
                    "Plan Width": 4,
                    "Actual Startup Time": 0.003,
                    "Actual Total Time": 0.003,
                    "Actual Rows": 0,
                    "Actual Loops": 3671284,
                    "Index Cond": "(id = mc.company_id)",
                    "Rows Removed by Index Recheck": 0,
                    "Filter": "((country_code)::text = '[us]'::text)",
                    "Rows Removed by Filter": 1
                  }
                ]
              },
              {
                "Node Type": "Index Only Scan",
                "Parent Relationship": "Inner",
                "Parallel Aware": false,
                "Scan Direction": "Forward",
                "Index Name": "char_name_pkey",
                "Relation Name": "char_name",
                "Alias": "chn",
                "Startup Cost": 0.43,
                "Total Cost": 0.98,
                "Plan Rows": 1,
                "Plan Width": 4,
                "Actual Startup Time": 0.003,
                "Actual Total Time": 0.003,
                "Actual Rows": 1,
                "Actual Loops": 880631,
                "Index Cond": "(id = ci.person_role_id)",
                "Rows Removed by Index Recheck": 0,
                "Heap Fetches": 0
              }
            ]
          }
        ]
      }
    ]
  }
}