{
  "Plan": {
    "Node Type": "Hash Join",
    "Parent Relationship": "Outer",
    "Parallel Aware": false,
    "Join Type": "Inner",
    "Startup Cost": 2.43,
    "Total Cost": 15714.41,
    "Plan Rows": 1915,
    "Plan Width": 9,
    "Actual Startup Time": 0.188,
    "Actual Total Time": 286.193,
    "Actual Rows": 117663,
    "Actual Loops": 3,
    "Inner Unique": true,
    "Hash Cond": "(mi_idx.info_type_id = it.id)",
    "Plans": [
      {
        "Node Type": "Seq Scan",
        "Parent Relationship": "Outer",
        "Parallel Aware": true,
        "Relation Name": "movie_info_idx",
        "Alias": "mi_idx",
        "Startup Cost": 0.0,
        "Total Cost": 15122.68,
        "Plan Rows": 216380,
        "Plan Width": 13,
        "Actual Startup Time": 0.083,
        "Actual Total Time": 238.618,
        "Actual Rows": 173908,
        "Actual Loops": 3,
        "Filter": "((info)::text > '5.0'::text)",
        "Rows Removed by Filter": 286104
      },
      {
        "Node Type": "Hash",
        "Parent Relationship": "Inner",
        "Parallel Aware": false,
        "Startup Cost": 2.41,
        "Total Cost": 2.41,
        "Plan Rows": 1,
        "Plan Width": 4,
        "Actual Startup Time": 0.061,
        "Actual Total Time": 0.062,
        "Actual Rows": 1,
        "Actual Loops": 3,
        "Hash Buckets": 1024,
        "Original Hash Buckets": 1024,
        "Hash Batches": 1,
        "Original Hash Batches": 1,
        "Peak Memory Usage": 9,
        "Plans": [
          {
            "Node Type": "Seq Scan",
            "Parent Relationship": "Outer",
            "Parallel Aware": false,
            "Relation Name": "info_type",
            "Alias": "it",
            "Startup Cost": 0.0,
            "Total Cost": 2.41,
            "Plan Rows": 1,
            "Plan Width": 4,
            "Actual Startup Time": 0.051,
            "Actual Total Time": 0.055,
            "Actual Rows": 1,
            "Actual Loops": 3,
            "Filter": "((info)::text = 'rating'::text)",
            "Rows Removed by Filter": 112
          }
        ]
      }
    ]
  }
}