{
  "Plan": {
    "Node Type": "Nested Loop",
    "Parent Relationship": "Outer",
    "Parallel Aware": false,
    "Join Type": "Inner",
    "Startup Cost": 2499.29,
    "Total Cost": 461425.36,
    "Plan Rows": 1,
    "Plan Width": 33,
    "Actual Startup Time": 2468.518,
    "Actual Total Time": 7844.841,
    "Actual Rows": 6,
    "Actual Loops": 3,
    "Inner Unique": true,
    "Plans": [
      {
        "Node Type": "Hash Join",
        "Parent Relationship": "Outer",
        "Parallel Aware": false,
        "Join Type": "Inner",
        "Startup Cost": 2498.86,
        "Total Cost": 461332.87,
        "Plan Rows": 202,
        "Plan Width": 37,
        "Actual Startup Time": 1409.842,
        "Actual Total Time": 6730.299,
        "Actual Rows": 131779,
        "Actual Loops": 3,
        "Inner Unique": false,
        "Hash Cond": "(ci.movie_id = t.id)",
        "Plans": [
          {
            "Node Type": "Seq Scan",
            "Parent Relationship": "Outer",
            "Parallel Aware": true,
            "Relation Name": "cast_info",
            "Alias": "ci",
            "Startup Cost": 0.0,
            "Total Cost": 402615.6,
            "Plan Rows": 14991560,
            "Plan Width": 12,
            "Actual Startup Time": 0.041,
            "Actual Total Time": 2213.897,
            "Actual Rows": 12081448,
            "Actual Loops": 3
          },
          {
            "Node Type": "Hash",
            "Parent Relationship": "Inner",
            "Parallel Aware": false,
            "Startup Cost": 2498.85,
            "Total Cost": 2498.85,
            "Plan Rows": 1,
            "Plan Width": 25,
            "Actual Startup Time": 1409.743,
            "Actual Total Time": 1409.769,
            "Actual Rows": 4696,
            "Actual Loops": 3,
            "Hash Buckets": 8192,
            "Original Hash Buckets": 1024,
            "Hash Batches": 1,
            "Original Hash Batches": 1,
            "Peak Memory Usage": 329,
            "Plans": [
              {
                "Node Type": "Nested Loop",
                "Parent Relationship": "Outer",
                "Parallel Aware": false,
                "Join Type": "Inner",
                "Startup Cost": 19.5,
                "Total Cost": 2498.85,
                "Plan Rows": 1,
                "Plan Width": 25,
                "Actual Startup Time": 0.39,
                "Actual Total Time": 1403.615,
                "Actual Rows": 4696,
                "Actual Loops": 3,
                "Inner Unique": true,
                "Plans": [
                  {
                    "Node Type": "Nested Loop",
                    "Parent Relationship": "Outer",
                    "Parallel Aware": false,
                    "Join Type": "Inner",
                    "Startup Cost": 19.36,
                    "Total Cost": 2498.67,
                    "Plan Rows": 1,
                    "Plan Width": 29,
                    "Actual Startup Time": 0.28,
                    "Actual Total Time": 1332.47,
                    "Actual Rows": 23557,
                    "Actual Loops": 3,
                    "Inner Unique": true,
                    "Plans": [
                      {
                        "Node Type": "Nested Loop",
                        "Parent Relationship": "Outer",
                        "Parallel Aware": false,
                        "Join Type": "Inner",
                        "Startup Cost": 18.93,
                        "Total Cost": 2496.89,
                        "Plan Rows": 1,
                        "Plan Width": 4,
                        "Actual Startup Time": 0.102,
                        "Actual Total Time": 195.104,
                        "Actual Rows": 85941,
                        "Actual Loops": 3,
                        "Inner Unique": false,
                        "Join Filter": "(cc.status_id = cct2.id)",
                        "Rows Removed by Join Filter": 85941,
                        "Plans": [
                          {
                            "Node Type": "Seq Scan",
                            "Parent Relationship": "Outer",
                            "Parallel Aware": false,
                            "Relation Name": "comp_cast_type",
                            "Alias": "cct2",
                            "Startup Cost": 0.0,
                            "Total Cost": 18.88,
                            "Plan Rows": 1,
                            "Plan Width": 4,
                            "Actual Startup Time": 0.031,
                            "Actual Total Time": 0.049,
                            "Actual Rows": 2,
                            "Actual Loops": 3,
                            "Filter": "((kind)::text ~~ '%complete%'::text)",
                            "Rows Removed by Filter": 2
                          },
                          {
                            "Node Type": "Hash Join",
                            "Parent Relationship": "Inner",
                            "Parallel Aware": false,
                            "Join Type": "Inner",
                            "Startup Cost": 18.93,
                            "Total Cost": 2468.5,
                            "Plan Rows": 761,
                            "Plan Width": 8,
                            "Actual Startup Time": 0.041,
                            "Actual Total Time": 83.085,
                            "Actual Rows": 85941,
                            "Actual Loops": 6,
                            "Inner Unique": true,
                            "Hash Cond": "(cc.subject_id = cct1.id)",
                            "Plans": [
                              {
                                "Node Type": "Seq Scan",
                                "Parent Relationship": "Outer",
                                "Parallel Aware": false,
                                "Relation Name": "complete_cast",
                                "Alias": "cc",
                                "Startup Cost": 0.0,
                                "Total Cost": 2092.86,
                                "Plan Rows": 135086,
                                "Plan Width": 12,
                                "Actual Startup Time": 0.016,
                                "Actual Total Time": 28.524,
                                "Actual Rows": 135086,
                                "Actual Loops": 6
                              },
                              {
                                "Node Type": "Hash",
                                "Parent Relationship": "Inner",
                                "Parallel Aware": false,
                                "Startup Cost": 18.88,
                                "Total Cost": 18.88,
                                "Plan Rows": 4,
                                "Plan Width": 4,
                                "Actual Startup Time": 0.021,
                                "Actual Total Time": 0.024,
                                "Actual Rows": 1,
                                "Actual Loops": 3,
                                "Hash Buckets": 1024,
                                "Original Hash Buckets": 1024,
                                "Hash Batches": 1,
                                "Original Hash Batches": 1,
                                "Peak Memory Usage": 9,
                                "Plans": [
                                  {
                                    "Node Type": "Seq Scan",
                                    "Parent Relationship": "Outer",
                                    "Parallel Aware": false,
                                    "Relation Name": "comp_cast_type",
                                    "Alias": "cct1",
                                    "Startup Cost": 0.0,
                                    "Total Cost": 18.88,
                                    "Plan Rows": 4,
                                    "Plan Width": 4,
                                    "Actual Startup Time": 0.009,
                                    "Actual Total Time": 0.011,
                                    "Actual Rows": 1,
                                    "Actual Loops": 3,
                                    "Filter": "((kind)::text = 'cast'::text)",
                                    "Rows Removed by Filter": 3
                                  }
                                ]
                              }
                            ]
                          }
                        ]
                      },
                      {
                        "Node Type": "Index Scan",
                        "Parent Relationship": "Inner",
                        "Parallel Aware": false,
                        "Scan Direction": "Forward",
                        "Index Name": "title_pkey",
                        "Relation Name": "title",
                        "Alias": "t",
                        "Startup Cost": 0.43,
                        "Total Cost": 1.78,
                        "Plan Rows": 1,
                        "Plan Width": 25,
                        "Actual Startup Time": 0.013,
                        "Actual Total Time": 0.013,
                        "Actual Rows": 0,
                        "Actual Loops": 257823,
                        "Index Cond": "(id = cc.movie_id)",
                        "Rows Removed by Index Recheck": 0,
                        "Filter": "(production_year > 2000)",
                        "Rows Removed by Filter": 1
                      }
                    ]
                  },
                  {
                    "Node Type": "Index Scan",
                    "Parent Relationship": "Inner",
                    "Parallel Aware": false,
                    "Scan Direction": "Forward",
                    "Index Name": "kind_type_pkey",
                    "Relation Name": "kind_type",
                    "Alias": "kt",
                    "Startup Cost": 0.15,
                    "Total Cost": 0.17,
                    "Plan Rows": 1,
                    "Plan Width": 4,
                    "Actual Startup Time": 0.002,
                    "Actual Total Time": 0.002,
                    "Actual Rows": 0,
                    "Actual Loops": 70671,
                    "Index Cond": "(id = t.kind_id)",
                    "Rows Removed by Index Recheck": 0,
                    "Filter": "((kind)::text = 'movie'::text)",
                    "Rows Removed by Filter": 1
                  }
                ]
              }
            ]
          }
        ]
      },
      {
        "Node Type": "Index Scan",
        "Parent Relationship": "Inner",
        "Parallel Aware": false,
        "Scan Direction": "Forward",
        "Index Name": "name_pkey",
        "Relation Name": "name",
        "Alias": "n",
        "Startup Cost": 0.43,
        "Total Cost": 0.46,
        "Plan Rows": 1,
        "Plan Width": 4,
        "Actual Startup Time": 0.008,
        "Actual Total Time": 0.008,
        "Actual Rows": 0,
        "Actual Loops": 395336,
        "Index Cond": "(id = ci.person_id)",
        "Rows Removed by Index Recheck": 0,
        "Filter": "((name)::text ~~ '%Downey%Robert%'::text)",
        "Rows Removed by Filter": 1
      }
    ]
  }
}