{
  "Plan": {
    "Node Type": "Hash Join",
    "Parent Relationship": "Outer",
    "Parallel Aware": true,
    "Join Type": "Inner",
    "Startup Cost": 41220.0,
    "Total Cost": 326599.93,
    "Plan Rows": 869,
    "Plan Width": 12,
    "Actual Startup Time": 3055.701,
    "Actual Total Time": 3177.35,
    "Actual Rows": 51726,
    "Actual Loops": 3,
    "Inner Unique": false,
    "Hash Cond": "(mi.movie_id = mc.movie_id)",
    "Plans": [
      {
        "Node Type": "Seq Scan",
        "Parent Relationship": "Outer",
        "Parallel Aware": true,
        "Relation Name": "movie_info",
        "Alias": "mi",
        "Startup Cost": 0.0,
        "Total Cost": 285143.22,
        "Plan Rows": 62155,
        "Plan Width": 4,
        "Actual Startup Time": 1.105,
        "Actual Total Time": 2439.723,
        "Actual Rows": 51299,
        "Actual Loops": 3,
        "Filter": "((info)::text = ANY ('{Sweden,Norway,Germany,Denmark,Swedish,Denish,Norwegian,German}'::text[]))",
        "Rows Removed by Filter": 4893941
      },
      {
        "Node Type": "Hash",
        "Parent Relationship": "Inner",
        "Parallel Aware": true,
        "Startup Cost": 41182.38,
        "Total Cost": 41182.38,
        "Plan Rows": 3010,
        "Plan Width": 8,
        "Actual Startup Time": 582.768,
        "Actual Total Time": 582.774,
        "Actual Rows": 397976,
        "Actual Loops": 3,
        "Hash Buckets": 65536,
        "Original Hash Buckets": 8192,
        "Hash Batches": 16,
        "Original Hash Batches": 1,
        "Peak Memory Usage": 3520,
        "Plans": [
          {
            "Node Type": "Hash Join",
            "Parent Relationship": "Outer",
            "Parallel Aware": false,
            "Join Type": "Inner",
            "Startup Cost": 18.93,
            "Total Cost": 41182.38,
            "Plan Rows": 3010,
            "Plan Width": 8,
            "Actual Startup Time": 94.511,
            "Actual Total Time": 374.418,
            "Actual Rows": 397976,
            "Actual Loops": 3,
            "Inner Unique": true,
            "Hash Cond": "(mc.company_type_id = ct.id)",
            "Plans": [
              {
                "Node Type": "Seq Scan",
                "Parent Relationship": "Outer",
                "Parallel Aware": true,
                "Relation Name": "movie_companies",
                "Alias": "mc",
                "Startup Cost": 0.0,
                "Total Cost": 39752.37,
                "Plan Rows": 534364,
                "Plan Width": 12,
                "Actual Startup Time": 0.095,
                "Actual Total Time": 237.235,
                "Actual Rows": 423996,
                "Actual Loops": 3,
                "Filter": "(note IS NULL)",
                "Rows Removed by Filter": 445713
              },
              {
                "Node Type": "Hash",
                "Parent Relationship": "Inner",
                "Parallel Aware": false,
                "Startup Cost": 18.88,
                "Total Cost": 18.88,
                "Plan Rows": 4,
                "Plan Width": 4,
                "Actual Startup Time": 0.036,
                "Actual Total Time": 0.037,
                "Actual Rows": 1,
                "Actual Loops": 3,
                "Hash Buckets": 1024,
                "Original Hash Buckets": 1024,
                "Hash Batches": 1,
                "Original Hash Batches": 1,
                "Peak Memory Usage": 9,
                "Plans": [
                  {
                    "Node Type": "Seq Scan",
                    "Parent Relationship": "Outer",
                    "Parallel Aware": false,
                    "Relation Name": "company_type",
                    "Alias": "ct",
                    "Startup Cost": 0.0,
                    "Total Cost": 18.88,
                    "Plan Rows": 4,
                    "Plan Width": 4,
                    "Actual Startup Time": 0.027,
                    "Actual Total Time": 0.029,
                    "Actual Rows": 1,
                    "Actual Loops": 3,
                    "Filter": "((kind)::text = 'production companies'::text)",
                    "Rows Removed by Filter": 3
                  }
                ]
              }
            ]
          }
        ]
      }
    ]
  }
}