{
  "Plan": {
    "Node Type": "Nested Loop",
    "Parent Relationship": "Outer",
    "Parallel Aware": false,
    "Join Type": "Inner",
    "Startup Cost": 327204.97,
    "Total Cost": 327205.39,
    "Plan Rows": 1,
    "Plan Width": 126,
    "Actual Startup Time": 3217.087,
    "Actual Total Time": 3231.589,
    "Actual Rows": 1241,
    "Actual Loops": 3,
    "Inner Unique": true,
    "Plans": [
      {
        "Node Type": "Merge Join",
        "Parent Relationship": "Outer",
        "Parallel Aware": false,
        "Join Type": "Inner",
        "Startup Cost": 327204.55,
        "Total Cost": 327204.94,
        "Plan Rows": 1,
        "Plan Width": 98,
        "Actual Startup Time": 3216.885,
        "Actual Total Time": 3219.028,
        "Actual Rows": 2928,
        "Actual Loops": 3,
        "Inner Unique": false,
        "Merge Cond": "(mc.movie_id = ml.movie_id)",
        "Plans": [
          {
            "Node Type": "Sort",
            "Parent Relationship": "Outer",
            "Parallel Aware": false,
            "Startup Cost": 326642.35,
            "Total Cost": 326644.52,
            "Plan Rows": 869,
            "Plan Width": 12,
            "Actual Startup Time": 3202.649,
            "Actual Total Time": 3202.843,
            "Actual Rows": 1103,
            "Actual Loops": 3,
            "Sort Key": [
              "mc.movie_id"
            ],
            "Sort Method": "quicksort",
            "Sort Space Used": 3805,
            "Sort Space Type": "Memory",
            "Workers": [
              {
                "Worker Number": 0,
                "Sort Method": "quicksort",
                "Sort Space Used": 3767,
                "Sort Space Type": "Memory"
              },
              {
                "Worker Number": 1,
                "Sort Method": "quicksort",
                "Sort Space Used": 3800,
                "Sort Space Type": "Memory"
              }
            ],
            "Plans": [
              {
                "Node Type": "Hash Join",
                "Parent Relationship": "Outer",
                "Parallel Aware": true,
                "Join Type": "Inner",
                "Startup Cost": 41220.0,
                "Total Cost": 326599.93,
                "Plan Rows": 869,
                "Plan Width": 12,
                "Actual Startup Time": 3055.701,
                "Actual Total Time": 3177.35,
                "Actual Rows": 51726,
                "Actual Loops": 3,
                "Inner Unique": false,
                "Hash Cond": "(mi.movie_id = mc.movie_id)",
                "Plans": [
                  {
                    "Node Type": "Seq Scan",
                    "Parent Relationship": "Outer",
                    "Parallel Aware": true,
                    "Relation Name": "movie_info",
                    "Alias": "mi",
                    "Startup Cost": 0.0,
                    "Total Cost": 285143.22,
                    "Plan Rows": 62155,
                    "Plan Width": 4,
                    "Actual Startup Time": 1.105,
                    "Actual Total Time": 2439.723,
                    "Actual Rows": 51299,
                    "Actual Loops": 3,
                    "Filter": "((info)::text = ANY ('{Sweden,Norway,Germany,Denmark,Swedish,Denish,Norwegian,German}'::text[]))",
                    "Rows Removed by Filter": 4893941
                  },
                  {
                    "Node Type": "Hash",
                    "Parent Relationship": "Inner",
                    "Parallel Aware": true,
                    "Startup Cost": 41182.38,
                    "Total Cost": 41182.38,
                    "Plan Rows": 3010,
                    "Plan Width": 8,
                    "Actual Startup Time": 582.768,
                    "Actual Total Time": 582.774,
                    "Actual Rows": 397976,
                    "Actual Loops": 3,
                    "Hash Buckets": 65536,
                    "Original Hash Buckets": 8192,
                    "Hash Batches": 16,
                    "Original Hash Batches": 1,
                    "Peak Memory Usage": 3520,
                    "Plans": [
                      {
                        "Node Type": "Hash Join",
                        "Parent Relationship": "Outer",
                        "Parallel Aware": false,
                        "Join Type": "Inner",
                        "Startup Cost": 18.93,
                        "Total Cost": 41182.38,
                        "Plan Rows": 3010,
                        "Plan Width": 8,
                        "Actual Startup Time": 94.511,
                        "Actual Total Time": 374.418,
                        "Actual Rows": 397976,
                        "Actual Loops": 3,
                        "Inner Unique": true,
                        "Hash Cond": "(mc.company_type_id = ct.id)",
                        "Plans": [
                          {
                            "Node Type": "Seq Scan",
                            "Parent Relationship": "Outer",
                            "Parallel Aware": true,
                            "Relation Name": "movie_companies",
                            "Alias": "mc",
                            "Startup Cost": 0.0,
                            "Total Cost": 39752.37,
                            "Plan Rows": 534364,
                            "Plan Width": 12,
                            "Actual Startup Time": 0.095,
                            "Actual Total Time": 237.235,
                            "Actual Rows": 423996,
                            "Actual Loops": 3,
                            "Filter": "(note IS NULL)",
                            "Rows Removed by Filter": 445713
                          },
                          {
                            "Node Type": "Hash",
                            "Parent Relationship": "Inner",
                            "Parallel Aware": false,
                            "Startup Cost": 18.88,
                            "Total Cost": 18.88,
                            "Plan Rows": 4,
                            "Plan Width": 4,
                            "Actual Startup Time": 0.036,
                            "Actual Total Time": 0.037,
                            "Actual Rows": 1,
                            "Actual Loops": 3,
                            "Hash Buckets": 1024,
                            "Original Hash Buckets": 1024,
                            "Hash Batches": 1,
                            "Original Hash Batches": 1,
                            "Peak Memory Usage": 9,
                            "Plans": [
                              {
                                "Node Type": "Seq Scan",
                                "Parent Relationship": "Outer",
                                "Parallel Aware": false,
                                "Relation Name": "company_type",
                                "Alias": "ct",
                                "Startup Cost": 0.0,
                                "Total Cost": 18.88,
                                "Plan Rows": 4,
                                "Plan Width": 4,
                                "Actual Startup Time": 0.027,
                                "Actual Total Time": 0.029,
                                "Actual Rows": 1,
                                "Actual Loops": 3,
                                "Filter": "((kind)::text = 'production companies'::text)",
                                "Rows Removed by Filter": 3
                              }
                            ]
                          }
                        ]
                      }
                    ]
                  }
                ]
              }
            ]
          },
          {
            "Node Type": "Sort",
            "Parent Relationship": "Inner",
            "Parallel Aware": false,
            "Startup Cost": 562.2,
            "Total Cost": 562.3,
            "Plan Rows": 42,
            "Plan Width": 86,
            "Actual Startup Time": 14.188,
            "Actual Total Time": 14.732,
            "Actual Rows": 4941,
            "Actual Loops": 3,
            "Sort Key": [
              "ml.movie_id"
            ],
            "Sort Method": "quicksort",
            "Sort Space Used": 205,
            "Sort Space Type": "Memory",
            "Workers": [
              {
                "Worker Number": 0,
                "Sort Method": "quicksort",
                "Sort Space Used": 205,
                "Sort Space Type": "Memory"
              },
              {
                "Worker Number": 1,
                "Sort Method": "quicksort",
                "Sort Space Used": 205,
                "Sort Space Type": "Memory"
              }
            ],
            "Plans": [
              {
                "Node Type": "Hash Join",
                "Parent Relationship": "Outer",
                "Parallel Aware": false,
                "Join Type": "Inner",
                "Startup Cost": 18.89,
                "Total Cost": 561.07,
                "Plan Rows": 42,
                "Plan Width": 86,
                "Actual Startup Time": 0.159,
                "Actual Total Time": 13.142,
                "Actual Rows": 2315,
                "Actual Loops": 3,
                "Inner Unique": true,
                "Hash Cond": "(ml.link_type_id = lt.id)",
                "Plans": [
                  {
                    "Node Type": "Seq Scan",
                    "Parent Relationship": "Outer",
                    "Parallel Aware": false,
                    "Relation Name": "movie_link",
                    "Alias": "ml",
                    "Startup Cost": 0.0,
                    "Total Cost": 462.97,
                    "Plan Rows": 29997,
                    "Plan Width": 8,
                    "Actual Startup Time": 0.068,
                    "Actual Total Time": 6.853,
                    "Actual Rows": 29997,
                    "Actual Loops": 3
                  },
                  {
                    "Node Type": "Hash",
                    "Parent Relationship": "Inner",
                    "Parallel Aware": false,
                    "Startup Cost": 18.88,
                    "Total Cost": 18.88,
                    "Plan Rows": 1,
                    "Plan Width": 86,
                    "Actual Startup Time": 0.053,
                    "Actual Total Time": 0.054,
                    "Actual Rows": 2,
                    "Actual Loops": 3,
                    "Hash Buckets": 1024,
                    "Original Hash Buckets": 1024,
                    "Hash Batches": 1,
                    "Original Hash Batches": 1,
                    "Peak Memory Usage": 9,
                    "Plans": [
                      {
                        "Node Type": "Seq Scan",
                        "Parent Relationship": "Outer",
                        "Parallel Aware": false,
                        "Relation Name": "link_type",
                        "Alias": "lt",
                        "Startup Cost": 0.0,
                        "Total Cost": 18.88,
                        "Plan Rows": 1,
                        "Plan Width": 86,
                        "Actual Startup Time": 0.033,
                        "Actual Total Time": 0.039,
                        "Actual Rows": 2,
                        "Actual Loops": 3,
                        "Filter": "((link)::text ~~ '%follow%'::text)",
                        "Rows Removed by Filter": 16
                      }
                    ]
                  }
                ]
              }
            ]
          }
        ]
      },
      {
        "Node Type": "Index Scan",
        "Parent Relationship": "Inner",
        "Parallel Aware": false,
        "Scan Direction": "Forward",
        "Index Name": "company_name_pkey",
        "Relation Name": "company_name",
        "Alias": "cn",
        "Startup Cost": 0.42,
        "Total Cost": 0.46,
        "Plan Rows": 1,
        "Plan Width": 36,
        "Actual Startup Time": 0.004,
        "Actual Total Time": 0.004,
        "Actual Rows": 0,
        "Actual Loops": 8785,
        "Index Cond": "(id = mc.company_id)",
        "Rows Removed by Index Recheck": 0,
        "Filter": "(((country_code)::text <> '[pl]'::text) AND (((name)::text ~~ '%Film%'::text) OR ((name)::text ~~ '%Warner%'::text)))",
        "Rows Removed by Filter": 1
      }
    ]
  }
}