{
  "Plan": {
    "Node Type": "Nested Loop",
    "Parent Relationship": "Outer",
    "Parallel Aware": false,
    "Join Type": "Inner",
    "Startup Cost": 280999.32,
    "Total Cost": 280999.73,
    "Plan Rows": 1,
    "Plan Width": 126,
    "Actual Startup Time": 2494.311,
    "Actual Total Time": 2499.911,
    "Actual Rows": 357,
    "Actual Loops": 3,
    "Inner Unique": true,
    "Plans": [
      {
        "Node Type": "Merge Join",
        "Parent Relationship": "Outer",
        "Parallel Aware": false,
        "Join Type": "Inner",
        "Startup Cost": 280998.9,
        "Total Cost": 280999.27,
        "Plan Rows": 1,
        "Plan Width": 98,
        "Actual Startup Time": 2494.113,
        "Actual Total Time": 2495.475,
        "Actual Rows": 970,
        "Actual Loops": 3,
        "Inner Unique": false,
        "Merge Cond": "(mc.movie_id = ml.movie_id)",
        "Plans": [
          {
            "Node Type": "Sort",
            "Parent Relationship": "Outer",
            "Parallel Aware": false,
            "Startup Cost": 280436.7,
            "Total Cost": 280438.69,
            "Plan Rows": 795,
            "Plan Width": 12,
            "Actual Startup Time": 2479.88,
            "Actual Total Time": 2480.046,
            "Actual Rows": 769,
            "Actual Loops": 3,
            "Sort Key": [
              "mc.movie_id"
            ],
            "Sort Method": "quicksort",
            "Sort Space Used": 3198,
            "Sort Space Type": "Memory",
            "Workers": [
              {
                "Worker Number": 0,
                "Sort Method": "quicksort",
                "Sort Space Used": 3027,
                "Sort Space Type": "Memory"
              },
              {
                "Worker Number": 1,
                "Sort Method": "quicksort",
                "Sort Space Used": 3326,
                "Sort Space Type": "Memory"
              }
            ],
            "Plans": [
              {
                "Node Type": "Hash Join",
                "Parent Relationship": "Outer",
                "Parallel Aware": true,
                "Join Type": "Inner",
                "Startup Cost": 41220.0,
                "Total Cost": 280398.41,
                "Plan Rows": 795,
                "Plan Width": 12,
                "Actual Startup Time": 2343.218,
                "Actual Total Time": 2461.295,
                "Actual Rows": 38777,
                "Actual Loops": 3,
                "Inner Unique": false,
                "Hash Cond": "(mi.movie_id = mc.movie_id)",
                "Plans": [
                  {
                    "Node Type": "Seq Scan",
                    "Parent Relationship": "Outer",
                    "Parallel Aware": true,
                    "Relation Name": "movie_info",
                    "Alias": "mi",
                    "Startup Cost": 0.0,
                    "Total Cost": 238961.89,
                    "Plan Rows": 56854,
                    "Plan Width": 4,
                    "Actual Startup Time": 0.823,
                    "Actual Total Time": 1724.913,
                    "Actual Rows": 38853,
                    "Actual Loops": 3,
                    "Filter": "((info)::text = ANY ('{Germany,German}'::text[]))",
                    "Rows Removed by Filter": 4906387
                  },
                  {
                    "Node Type": "Hash",
                    "Parent Relationship": "Inner",
                    "Parallel Aware": true,
                    "Startup Cost": 41182.38,
                    "Total Cost": 41182.38,
                    "Plan Rows": 3010,
                    "Plan Width": 8,
                    "Actual Startup Time": 586.617,
                    "Actual Total Time": 586.631,
                    "Actual Rows": 397976,
                    "Actual Loops": 3,
                    "Hash Buckets": 65536,
                    "Original Hash Buckets": 8192,
                    "Hash Batches": 16,
                    "Original Hash Batches": 1,
                    "Peak Memory Usage": 3520,
                    "Plans": [
                      {
                        "Node Type": "Hash Join",
                        "Parent Relationship": "Outer",
                        "Parallel Aware": false,
                        "Join Type": "Inner",
                        "Startup Cost": 18.93,
                        "Total Cost": 41182.38,
                        "Plan Rows": 3010,
                        "Plan Width": 8,
                        "Actual Startup Time": 95.192,
                        "Actual Total Time": 376.922,
                        "Actual Rows": 397976,
                        "Actual Loops": 3,
                        "Inner Unique": true,
                        "Hash Cond": "(mc.company_type_id = ct.id)",
                        "Plans": [
                          {
                            "Node Type": "Seq Scan",
                            "Parent Relationship": "Outer",
                            "Parallel Aware": true,
                            "Relation Name": "movie_companies",
                            "Alias": "mc",
                            "Startup Cost": 0.0,
                            "Total Cost": 39752.37,
                            "Plan Rows": 534364,
                            "Plan Width": 12,
                            "Actual Startup Time": 0.065,
                            "Actual Total Time": 239.126,
                            "Actual Rows": 423996,
                            "Actual Loops": 3,
                            "Filter": "(note IS NULL)",
                            "Rows Removed by Filter": 445713
                          },
                          {
                            "Node Type": "Hash",
                            "Parent Relationship": "Inner",
                            "Parallel Aware": false,
                            "Startup Cost": 18.88,
                            "Total Cost": 18.88,
                            "Plan Rows": 4,
                            "Plan Width": 4,
                            "Actual Startup Time": 0.029,
                            "Actual Total Time": 0.031,
                            "Actual Rows": 1,
                            "Actual Loops": 3,
                            "Hash Buckets": 1024,
                            "Original Hash Buckets": 1024,
                            "Hash Batches": 1,
                            "Original Hash Batches": 1,
                            "Peak Memory Usage": 9,
                            "Plans": [
                              {
                                "Node Type": "Seq Scan",
                                "Parent Relationship": "Outer",
                                "Parallel Aware": false,
                                "Relation Name": "company_type",
                                "Alias": "ct",
                                "Startup Cost": 0.0,
                                "Total Cost": 18.88,
                                "Plan Rows": 4,
                                "Plan Width": 4,
                                "Actual Startup Time": 0.021,
                                "Actual Total Time": 0.023,
                                "Actual Rows": 1,
                                "Actual Loops": 3,
                                "Filter": "((kind)::text = 'production companies'::text)",
                                "Rows Removed by Filter": 3
                              }
                            ]
                          }
                        ]
                      }
                    ]
                  }
                ]
              }
            ]
          },
          {
            "Node Type": "Sort",
            "Parent Relationship": "Inner",
            "Parallel Aware": false,
            "Startup Cost": 562.2,
            "Total Cost": 562.3,
            "Plan Rows": 42,
            "Plan Width": 86,
            "Actual Startup Time": 14.165,
            "Actual Total Time": 14.558,
            "Actual Rows": 3086,
            "Actual Loops": 3,
            "Sort Key": [
              "ml.movie_id"
            ],
            "Sort Method": "quicksort",
            "Sort Space Used": 205,
            "Sort Space Type": "Memory",
            "Workers": [
              {
                "Worker Number": 0,
                "Sort Method": "quicksort",
                "Sort Space Used": 205,
                "Sort Space Type": "Memory"
              },
              {
                "Worker Number": 1,
                "Sort Method": "quicksort",
                "Sort Space Used": 205,
                "Sort Space Type": "Memory"
              }
            ],
            "Plans": [
              {
                "Node Type": "Hash Join",
                "Parent Relationship": "Outer",
                "Parallel Aware": false,
                "Join Type": "Inner",
                "Startup Cost": 18.89,
                "Total Cost": 561.07,
                "Plan Rows": 42,
                "Plan Width": 86,
                "Actual Startup Time": 0.186,
                "Actual Total Time": 13.088,
                "Actual Rows": 2315,
                "Actual Loops": 3,
                "Inner Unique": true,
                "Hash Cond": "(ml.link_type_id = lt.id)",
                "Plans": [
                  {
                    "Node Type": "Seq Scan",
                    "Parent Relationship": "Outer",
                    "Parallel Aware": false,
                    "Relation Name": "movie_link",
                    "Alias": "ml",
                    "Startup Cost": 0.0,
                    "Total Cost": 462.97,
                    "Plan Rows": 29997,
                    "Plan Width": 8,
                    "Actual Startup Time": 0.07,
                    "Actual Total Time": 6.845,
                    "Actual Rows": 29997,
                    "Actual Loops": 3
                  },
                  {
                    "Node Type": "Hash",
                    "Parent Relationship": "Inner",
                    "Parallel Aware": false,
                    "Startup Cost": 18.88,
                    "Total Cost": 18.88,
                    "Plan Rows": 1,
                    "Plan Width": 86,
                    "Actual Startup Time": 0.07,
                    "Actual Total Time": 0.071,
                    "Actual Rows": 2,
                    "Actual Loops": 3,
                    "Hash Buckets": 1024,
                    "Original Hash Buckets": 1024,
                    "Hash Batches": 1,
                    "Original Hash Batches": 1,
                    "Peak Memory Usage": 9,
                    "Plans": [
                      {
                        "Node Type": "Seq Scan",
                        "Parent Relationship": "Outer",
                        "Parallel Aware": false,
                        "Relation Name": "link_type",
                        "Alias": "lt",
                        "Startup Cost": 0.0,
                        "Total Cost": 18.88,
                        "Plan Rows": 1,
                        "Plan Width": 86,
                        "Actual Startup Time": 0.046,
                        "Actual Total Time": 0.054,
                        "Actual Rows": 2,
                        "Actual Loops": 3,
                        "Filter": "((link)::text ~~ '%follow%'::text)",
                        "Rows Removed by Filter": 16
                      }
                    ]
                  }
                ]
              }
            ]
          }
        ]
      },
      {
        "Node Type": "Index Scan",
        "Parent Relationship": "Inner",
        "Parallel Aware": false,
        "Scan Direction": "Forward",
        "Index Name": "company_name_pkey",
        "Relation Name": "company_name",
        "Alias": "cn",
        "Startup Cost": 0.42,
        "Total Cost": 0.46,
        "Plan Rows": 1,
        "Plan Width": 36,
        "Actual Startup Time": 0.004,
        "Actual Total Time": 0.004,
        "Actual Rows": 0,
        "Actual Loops": 2911,
        "Index Cond": "(id = mc.company_id)",
        "Rows Removed by Index Recheck": 0,
        "Filter": "(((country_code)::text <> '[pl]'::text) AND (((name)::text ~~ '%Film%'::text) OR ((name)::text ~~ '%Warner%'::text)))",
        "Rows Removed by Filter": 1
      }
    ]
  }
}