{
  "Plan": {
    "Node Type": "Nested Loop",
    "Parent Relationship": "Outer",
    "Parallel Aware": false,
    "Join Type": "Inner",
    "Startup Cost": 50901.98,
    "Total Cost": 66623.75,
    "Plan Rows": 2,
    "Plan Width": 22,
    "Actual Startup Time": 730.425,
    "Actual Total Time": 1047.18,
    "Actual Rows": 247,
    "Actual Loops": 3,
    "Inner Unique": true,
    "Join Filter": "(mi_idx.movie_id = t.id)",
    "Rows Removed by Join Filter": 0,
    "Plans": [
      {
        "Node Type": "Hash Join",
        "Parent Relationship": "Outer",
        "Parallel Aware": true,
        "Join Type": "Inner",
        "Startup Cost": 50901.55,
        "Total Cost": 66620.74,
        "Plan Rows": 6,
        "Plan Width": 13,
        "Actual Startup Time": 700.313,
        "Actual Total Time": 1022.501,
        "Actual Rows": 1940,
        "Actual Loops": 3,
        "Inner Unique": false,
        "Hash Cond": "(mi_idx.movie_id = mk.movie_id)",
        "Plans": [
          {
            "Node Type": "Hash Join",
            "Parent Relationship": "Outer",
            "Parallel Aware": false,
            "Join Type": "Inner",
            "Startup Cost": 2.43,
            "Total Cost": 15714.41,
            "Plan Rows": 1915,
            "Plan Width": 9,
            "Actual Startup Time": 0.188,
            "Actual Total Time": 286.193,
            "Actual Rows": 117663,
            "Actual Loops": 3,
            "Inner Unique": true,
            "Hash Cond": "(mi_idx.info_type_id = it.id)",
            "Plans": [
              {
                "Node Type": "Seq Scan",
                "Parent Relationship": "Outer",
                "Parallel Aware": true,
                "Relation Name": "movie_info_idx",
                "Alias": "mi_idx",
                "Startup Cost": 0.0,
                "Total Cost": 15122.68,
                "Plan Rows": 216380,
                "Plan Width": 13,
                "Actual Startup Time": 0.083,
                "Actual Total Time": 238.618,
                "Actual Rows": 173908,
                "Actual Loops": 3,
                "Filter": "((info)::text > '5.0'::text)",
                "Rows Removed by Filter": 286104
              },
              {
                "Node Type": "Hash",
                "Parent Relationship": "Inner",
                "Parallel Aware": false,
                "Startup Cost": 2.41,
                "Total Cost": 2.41,
                "Plan Rows": 1,
                "Plan Width": 4,
                "Actual Startup Time": 0.061,
                "Actual Total Time": 0.062,
                "Actual Rows": 1,
                "Actual Loops": 3,
                "Hash Buckets": 1024,
                "Original Hash Buckets": 1024,
                "Hash Batches": 1,
                "Original Hash Batches": 1,
                "Peak Memory Usage": 9,
                "Plans": [
                  {
                    "Node Type": "Seq Scan",
                    "Parent Relationship": "Outer",
                    "Parallel Aware": false,
                    "Relation Name": "info_type",
                    "Alias": "it",
                    "Startup Cost": 0.0,
                    "Total Cost": 2.41,
                    "Plan Rows": 1,
                    "Plan Width": 4,
                    "Actual Startup Time": 0.051,
                    "Actual Total Time": 0.055,
                    "Actual Rows": 1,
                    "Actual Loops": 3,
                    "Filter": "((info)::text = 'rating'::text)",
                    "Rows Removed by Filter": 112
                  }
                ]
              }
            ]
          },
          {
            "Node Type": "Hash",
            "Parent Relationship": "Inner",
            "Parallel Aware": true,
            "Startup Cost": 50891.58,
            "Total Cost": 50891.58,
            "Plan Rows": 604,
            "Plan Width": 4,
            "Actual Startup Time": 695.463,
            "Actual Total Time": 695.467,
            "Actual Rows": 4317,
            "Actual Loops": 3,
            "Hash Buckets": 16384,
            "Original Hash Buckets": 2048,
            "Hash Batches": 1,
            "Original Hash Batches": 1,
            "Peak Memory Usage": 784,
            "Plans": [
              {
                "Node Type": "Hash Join",
                "Parent Relationship": "Outer",
                "Parallel Aware": false,
                "Join Type": "Inner",
                "Startup Cost": 2639.66,
                "Total Cost": 50891.58,
                "Plan Rows": 604,
                "Plan Width": 4,
                "Actual Startup Time": 59.224,
                "Actual Total Time": 612.939,
                "Actual Rows": 4317,
                "Actual Loops": 3,
                "Inner Unique": true,
                "Hash Cond": "(mk.keyword_id = k.id)",
                "Plans": [
                  {
                    "Node Type": "Seq Scan",
                    "Parent Relationship": "Outer",
                    "Parallel Aware": true,
                    "Relation Name": "movie_keyword",
                    "Alias": "mk",
                    "Startup Cost": 0.0,
                    "Total Cost": 43303.71,
                    "Plan Rows": 1884971,
                    "Plan Width": 8,
                    "Actual Startup Time": 0.047,
                    "Actual Total Time": 279.529,
                    "Actual Rows": 1507977,
                    "Actual Loops": 3
                  },
                  {
                    "Node Type": "Hash",
                    "Parent Relationship": "Inner",
                    "Parallel Aware": false,
                    "Startup Cost": 2639.12,
                    "Total Cost": 2639.12,
                    "Plan Rows": 43,
                    "Plan Width": 4,
                    "Actual Startup Time": 54.368,
                    "Actual Total Time": 54.369,
                    "Actual Rows": 30,
                    "Actual Loops": 3,
                    "Hash Buckets": 1024,
                    "Original Hash Buckets": 1024,
                    "Hash Batches": 1,
                    "Original Hash Batches": 1,
                    "Peak Memory Usage": 10,
                    "Plans": [
                      {
                        "Node Type": "Seq Scan",
                        "Parent Relationship": "Outer",
                        "Parallel Aware": false,
                        "Relation Name": "keyword",
                        "Alias": "k",
                        "Startup Cost": 0.0,
                        "Total Cost": 2639.12,
                        "Plan Rows": 43,
                        "Plan Width": 4,
                        "Actual Startup Time": 2.879,
                        "Actual Total Time": 54.31,
                        "Actual Rows": 30,
                        "Actual Loops": 3,
                        "Filter": "((keyword)::text ~~ '%sequel%'::text)",
                        "Rows Removed by Filter": 134140
                      }
                    ]
                  }
                ]
              }
            ]
          }
        ]
      },
      {
        "Node Type": "Index Scan",
        "Parent Relationship": "Inner",
        "Parallel Aware": false,
        "Scan Direction": "Forward",
        "Index Name": "title_pkey",
        "Relation Name": "title",
        "Alias": "t",
        "Startup Cost": 0.43,
        "Total Cost": 0.49,
        "Plan Rows": 1,
        "Plan Width": 21,
        "Actual Startup Time": 0.012,
        "Actual Total Time": 0.012,
        "Actual Rows": 0,
        "Actual Loops": 5820,
        "Index Cond": "(id = mk.movie_id)",
        "Rows Removed by Index Recheck": 0,
        "Filter": "(production_year > 2005)",
        "Rows Removed by Filter": 1
      }
    ]
  }
}