{
  "Plan": {
    "Node Type": "Nested Loop",
    "Parent Relationship": "Outer",
    "Parallel Aware": false,
    "Join Type": "Inner",
    "Startup Cost": 271635.24,
    "Total Cost": 317054.53,
    "Plan Rows": 4,
    "Plan Width": 50,
    "Actual Startup Time": 2666.609,
    "Actual Total Time": 3284.5,
    "Actual Rows": 1907,
    "Actual Loops": 3,
    "Inner Unique": true,
    "Join Filter": "(mi.movie_id = t.id)",
    "Rows Removed by Join Filter": 0,
    "Plans": [
      {
        "Node Type": "Hash Join",
        "Parent Relationship": "Outer",
        "Parallel Aware": true,
        "Join Type": "Inner",
        "Startup Cost": 271634.81,
        "Total Cost": 317045.29,
        "Plan Rows": 15,
        "Plan Width": 25,
        "Actual Startup Time": 2663.833,
        "Actual Total Time": 3057.821,
        "Actual Rows": 26221,
        "Actual Loops": 3,
        "Inner Unique": false,
        "Hash Cond": "(mc.movie_id = mi.movie_id)",
        "Plans": [
          {
            "Node Type": "Seq Scan",
            "Parent Relationship": "Outer",
            "Parallel Aware": true,
            "Relation Name": "movie_companies",
            "Alias": "mc",
            "Startup Cost": 0.0,
            "Total Cost": 45188.06,
            "Plan Rows": 59298,
            "Plan Width": 12,
            "Actual Startup Time": 0.107,
            "Actual Total Time": 349.99,
            "Actual Rows": 101090,
            "Actual Loops": 3,
            "Filter": "(((note)::text !~~ '%(USA)%'::text) AND ((note)::text ~~ '%(200%)%'::text))",
            "Rows Removed by Filter": 768619
          },
          {
            "Node Type": "Hash",
            "Parent Relationship": "Inner",
            "Parallel Aware": true,
            "Startup Cost": 271634.13,
            "Total Cost": 271634.13,
            "Plan Rows": 54,
            "Plan Width": 13,
            "Actual Startup Time": 2663.605,
            "Actual Total Time": 2663.636,
            "Actual Rows": 49082,
            "Actual Loops": 3,
            "Hash Buckets": 262144,
            "Original Hash Buckets": 1024,
            "Hash Batches": 1,
            "Original Hash Batches": 1,
            "Peak Memory Usage": 11032,
            "Plans": [
              {
                "Node Type": "Hash Join",
                "Parent Relationship": "Outer",
                "Parallel Aware": true,
                "Join Type": "Inner",
                "Startup Cost": 16516.8,
                "Total Cost": 271634.13,
                "Plan Rows": 54,
                "Plan Width": 13,
                "Actual Startup Time": 2519.51,
                "Actual Total Time": 2619.563,
                "Actual Rows": 49082,
                "Actual Loops": 3,
                "Inner Unique": false,
                "Hash Cond": "(mi.movie_id = mi_idx.movie_id)",
                "Plans": [
                  {
                    "Node Type": "Hash Join",
                    "Parent Relationship": "Outer",
                    "Parallel Aware": false,
                    "Join Type": "Inner",
                    "Startup Cost": 2.43,
                    "Total Cost": 255110.36,
                    "Plan Rows": 2445,
                    "Plan Width": 4,
                    "Actual Startup Time": 1563.321,
                    "Actual Total Time": 2034.139,
                    "Actual Rows": 196255,
                    "Actual Loops": 3,
                    "Inner Unique": true,
                    "Hash Cond": "(mi.info_type_id = it1.id)",
                    "Plans": [
                      {
                        "Node Type": "Seq Scan",
                        "Parent Relationship": "Outer",
                        "Parallel Aware": true,
                        "Relation Name": "movie_info",
                        "Alias": "mi",
                        "Startup Cost": 0.0,
                        "Total Cost": 254355.67,
                        "Plan Rows": 276219,
                        "Plan Width": 8,
                        "Actual Startup Time": 0.899,
                        "Actual Total Time": 1962.47,
                        "Actual Rows": 223112,
                        "Actual Loops": 3,
                        "Filter": "((info)::text = ANY ('{Germany,German,USA,American}'::text[]))",
                        "Rows Removed by Filter": 4722128
                      },
                      {
                        "Node Type": "Hash",
                        "Parent Relationship": "Inner",
                        "Parallel Aware": false,
                        "Startup Cost": 2.41,
                        "Total Cost": 2.41,
                        "Plan Rows": 1,
                        "Plan Width": 4,
                        "Actual Startup Time": 0.049,
                        "Actual Total Time": 0.05,
                        "Actual Rows": 1,
                        "Actual Loops": 3,
                        "Hash Buckets": 1024,
                        "Original Hash Buckets": 1024,
                        "Hash Batches": 1,
                        "Original Hash Batches": 1,
                        "Peak Memory Usage": 9,
                        "Plans": [
                          {
                            "Node Type": "Seq Scan",
                            "Parent Relationship": "Outer",
                            "Parallel Aware": false,
                            "Relation Name": "info_type",
                            "Alias": "it1",
                            "Startup Cost": 0.0,
                            "Total Cost": 2.41,
                            "Plan Rows": 1,
                            "Plan Width": 4,
                            "Actual Startup Time": 0.014,
                            "Actual Total Time": 0.036,
                            "Actual Rows": 1,
                            "Actual Loops": 3,
                            "Filter": "((info)::text = 'countries'::text)",
                            "Rows Removed by Filter": 112
                          }
                        ]
                      }
                    ]
                  },
                  {
                    "Node Type": "Hash",
                    "Parent Relationship": "Inner",
                    "Parallel Aware": true,
                    "Startup Cost": 16460.15,
                    "Total Cost": 16460.15,
                    "Plan Rows": 4338,
                    "Plan Width": 9,
                    "Actual Startup Time": 419.737,
                    "Actual Total Time": 419.749,
                    "Actual Rows": 108039,
                    "Actual Loops": 3,
                    "Hash Buckets": 131072,
                    "Original Hash Buckets": 16384,
                    "Hash Batches": 8,
                    "Original Hash Batches": 1,
                    "Peak Memory Usage": 2688,
                    "Plans": [
                      {
                        "Node Type": "Hash Join",
                        "Parent Relationship": "Outer",
                        "Parallel Aware": false,
                        "Join Type": "Inner",
                        "Startup Cost": 2.43,
                        "Total Cost": 16460.15,
                        "Plan Rows": 4338,
                        "Plan Width": 9,
                        "Actual Startup Time": 0.182,
                        "Actual Total Time": 323.74,
                        "Actual Rows": 108039,
                        "Actual Loops": 3,
                        "Inner Unique": true,
                        "Hash Cond": "(mi_idx.info_type_id = it2.id)",
                        "Plans": [
                          {
                            "Node Type": "Seq Scan",
                            "Parent Relationship": "Outer",
                            "Parallel Aware": true,
                            "Relation Name": "movie_info_idx",
                            "Alias": "mi_idx",
                            "Startup Cost": 0.0,
                            "Total Cost": 15122.68,
                            "Plan Rows": 490204,
                            "Plan Width": 13,
                            "Actual Startup Time": 0.084,
                            "Actual Total Time": 246.064,
                            "Actual Rows": 390944,
                            "Actual Loops": 3,
                            "Filter": "((info)::text < '7.0'::text)",
                            "Rows Removed by Filter": 69068
                          },
                          {
                            "Node Type": "Hash",
                            "Parent Relationship": "Inner",
                            "Parallel Aware": false,
                            "Startup Cost": 2.41,
                            "Total Cost": 2.41,
                            "Plan Rows": 1,
                            "Plan Width": 4,
                            "Actual Startup Time": 0.063,
                            "Actual Total Time": 0.064,
                            "Actual Rows": 1,
                            "Actual Loops": 3,
                            "Hash Buckets": 1024,
                            "Original Hash Buckets": 1024,
                            "Hash Batches": 1,
                            "Original Hash Batches": 1,
                            "Peak Memory Usage": 9,
                            "Plans": [
                              {
                                "Node Type": "Seq Scan",
                                "Parent Relationship": "Outer",
                                "Parallel Aware": false,
                                "Relation Name": "info_type",
                                "Alias": "it2",
                                "Startup Cost": 0.0,
                                "Total Cost": 2.41,
                                "Plan Rows": 1,
                                "Plan Width": 4,
                                "Actual Startup Time": 0.052,
                                "Actual Total Time": 0.056,
                                "Actual Rows": 1,
                                "Actual Loops": 3,
                                "Filter": "((info)::text = 'rating'::text)",
                                "Rows Removed by Filter": 112
                              }
                            ]
                          }
                        ]
                      }
                    ]
                  }
                ]
              }
            ]
          }
        ]
      },
      {
        "Node Type": "Index Scan",
        "Parent Relationship": "Inner",
        "Parallel Aware": false,
        "Scan Direction": "Forward",
        "Index Name": "title_pkey",
        "Relation Name": "title",
        "Alias": "t",
        "Startup Cost": 0.43,
        "Total Cost": 0.6,
        "Plan Rows": 1,
        "Plan Width": 25,
        "Actual Startup Time": 0.008,
        "Actual Total Time": 0.008,
        "Actual Rows": 0,
        "Actual Loops": 78662,
        "Index Cond": "(id = mi_idx.movie_id)",
        "Rows Removed by Index Recheck": 0,
        "Filter": "(production_year > 2008)",
        "Rows Removed by Filter": 1
      }
    ]
  }
}