{
  "Plan": {
    "Node Type": "Hash Join",
    "Parent Relationship": "Outer",
    "Parallel Aware": true,
    "Join Type": "Inner",
    "Startup Cost": 317055.77,
    "Total Cost": 367428.13,
    "Plan Rows": 1,
    "Plan Width": 58,
    "Actual Startup Time": 3307.701,
    "Actual Total Time": 3814.952,
    "Actual Rows": 869,
    "Actual Loops": 3,
    "Inner Unique": false,
    "Hash Cond": "(mk.movie_id = t.id)",
    "Plans": [
      {
        "Node Type": "Seq Scan",
        "Parent Relationship": "Outer",
        "Parallel Aware": true,
        "Relation Name": "movie_keyword",
        "Alias": "mk",
        "Startup Cost": 0.0,
        "Total Cost": 43303.71,
        "Plan Rows": 1884971,
        "Plan Width": 8,
        "Actual Startup Time": 0.056,
        "Actual Total Time": 281.083,
        "Actual Rows": 1507977,
        "Actual Loops": 3
      },
      {
        "Node Type": "Hash",
        "Parent Relationship": "Inner",
        "Parallel Aware": true,
        "Startup Cost": 317055.76,
        "Total Cost": 317055.76,
        "Plan Rows": 1,
        "Plan Width": 70,
        "Actual Startup Time": 3253.227,
        "Actual Total Time": 3253.272,
        "Actual Rows": 30,
        "Actual Loops": 3,
        "Hash Buckets": 1024,
        "Original Hash Buckets": 1024,
        "Hash Batches": 1,
        "Original Hash Batches": 1,
        "Peak Memory Usage": 104,
        "Plans": [
          {
            "Node Type": "Nested Loop",
            "Parent Relationship": "Outer",
            "Parallel Aware": false,
            "Join Type": "Inner",
            "Startup Cost": 271635.96,
            "Total Cost": 317055.76,
            "Plan Rows": 1,
            "Plan Width": 70,
            "Actual Startup Time": 2769.006,
            "Actual Total Time": 3252.706,
            "Actual Rows": 30,
            "Actual Loops": 3,
            "Inner Unique": true,
            "Plans": [
              {
                "Node Type": "Nested Loop",
                "Parent Relationship": "Outer",
                "Parallel Aware": false,
                "Join Type": "Inner",
                "Startup Cost": 271635.81,
                "Total Cost": 317055.59,
                "Plan Rows": 1,
                "Plan Width": 74,
                "Actual Startup Time": 2768.892,
                "Actual Total Time": 3252.318,
                "Actual Rows": 30,
                "Actual Loops": 3,
                "Inner Unique": true,
                "Plans": [
                  {
                    "Node Type": "Nested Loop",
                    "Parent Relationship": "Outer",
                    "Parallel Aware": false,
                    "Join Type": "Inner",
                    "Startup Cost": 271635.39,
                    "Total Cost": 317055.04,
                    "Plan Rows": 1,
                    "Plan Width": 46,
                    "Actual Startup Time": 2767.749,
                    "Actual Total Time": 3250.825,
                    "Actual Rows": 58,
                    "Actual Loops": 3,
                    "Inner Unique": true,
                    "Plans": [
                      {
                        "Node Type": "Nested Loop",
                        "Parent Relationship": "Outer",
                        "Parallel Aware": false,
                        "Join Type": "Inner",
                        "Startup Cost": 271635.24,
                        "Total Cost": 317054.53,
                        "Plan Rows": 3,
                        "Plan Width": 50,
                        "Actual Startup Time": 2673.429,
                        "Actual Total Time": 3250.074,
                        "Actual Rows": 79,
                        "Actual Loops": 3,
                        "Inner Unique": true,
                        "Join Filter": "(mi.movie_id = t.id)",
                        "Rows Removed by Join Filter": 0,
                        "Plans": [
                          {
                            "Node Type": "Hash Join",
                            "Parent Relationship": "Outer",
                            "Parallel Aware": true,
                            "Join Type": "Inner",
                            "Startup Cost": 271634.81,
                            "Total Cost": 317045.29,
                            "Plan Rows": 15,
                            "Plan Width": 25,
                            "Actual Startup Time": 2649.221,
                            "Actual Total Time": 3044.929,
                            "Actual Rows": 26221,
                            "Actual Loops": 3,
                            "Inner Unique": false,
                            "Hash Cond": "(mc.movie_id = mi.movie_id)",
                            "Plans": [
                              {
                                "Node Type": "Seq Scan",
                                "Parent Relationship": "Outer",
                                "Parallel Aware": true,
                                "Relation Name": "movie_companies",
                                "Alias": "mc",
                                "Startup Cost": 0.0,
                                "Total Cost": 45188.06,
                                "Plan Rows": 59298,
                                "Plan Width": 12,
                                "Actual Startup Time": 0.115,
                                "Actual Total Time": 350.318,
                                "Actual Rows": 101090,
                                "Actual Loops": 3,
                                "Filter": "(((note)::text !~~ '%(USA)%'::text) AND ((note)::text ~~ '%(200%)%'::text))",
                                "Rows Removed by Filter": 768619
                              },
                              {
                                "Node Type": "Hash",
                                "Parent Relationship": "Inner",
                                "Parallel Aware": true,
                                "Startup Cost": 271634.13,
                                "Total Cost": 271634.13,
                                "Plan Rows": 54,
                                "Plan Width": 13,
                                "Actual Startup Time": 2648.971,
                                "Actual Total Time": 2649.009,
                                "Actual Rows": 49082,
                                "Actual Loops": 3,
                                "Hash Buckets": 262144,
                                "Original Hash Buckets": 1024,
                                "Hash Batches": 1,
                                "Original Hash Batches": 1,
                                "Peak Memory Usage": 11032,
                                "Plans": [
                                  {
                                    "Node Type": "Hash Join",
                                    "Parent Relationship": "Outer",
                                    "Parallel Aware": true,
                                    "Join Type": "Inner",
                                    "Startup Cost": 16516.8,
                                    "Total Cost": 271634.13,
                                    "Plan Rows": 54,
                                    "Plan Width": 13,
                                    "Actual Startup Time": 2508.827,
                                    "Actual Total Time": 2605.37,
                                    "Actual Rows": 49082,
                                    "Actual Loops": 3,
                                    "Inner Unique": false,
                                    "Hash Cond": "(mi.movie_id = mi_idx.movie_id)",
                                    "Plans": [
                                      {
                                        "Node Type": "Hash Join",
                                        "Parent Relationship": "Outer",
                                        "Parallel Aware": false,
                                        "Join Type": "Inner",
                                        "Startup Cost": 2.43,
                                        "Total Cost": 255110.36,
                                        "Plan Rows": 2445,
                                        "Plan Width": 4,
                                        "Actual Startup Time": 1558.135,
                                        "Actual Total Time": 2024.357,
                                        "Actual Rows": 196255,
                                        "Actual Loops": 3,
                                        "Inner Unique": true,
                                        "Hash Cond": "(mi.info_type_id = it1.id)",
                                        "Plans": [
                                          {
                                            "Node Type": "Seq Scan",
                                            "Parent Relationship": "Outer",
                                            "Parallel Aware": true,
                                            "Relation Name": "movie_info",
                                            "Alias": "mi",
                                            "Startup Cost": 0.0,
                                            "Total Cost": 254355.67,
                                            "Plan Rows": 276219,
                                            "Plan Width": 8,
                                            "Actual Startup Time": 0.896,
                                            "Actual Total Time": 1954.461,
                                            "Actual Rows": 223112,
                                            "Actual Loops": 3,
                                            "Filter": "((info)::text = ANY ('{Germany,German,USA,American}'::text[]))",
                                            "Rows Removed by Filter": 4722128
                                          },
                                          {
                                            "Node Type": "Hash",
                                            "Parent Relationship": "Inner",
                                            "Parallel Aware": false,
                                            "Startup Cost": 2.41,
                                            "Total Cost": 2.41,
                                            "Plan Rows": 1,
                                            "Plan Width": 4,
                                            "Actual Startup Time": 0.042,
                                            "Actual Total Time": 0.045,
                                            "Actual Rows": 1,
                                            "Actual Loops": 3,
                                            "Hash Buckets": 1024,
                                            "Original Hash Buckets": 1024,
                                            "Hash Batches": 1,
                                            "Original Hash Batches": 1,
                                            "Peak Memory Usage": 9,
                                            "Plans": [
                                              {
                                                "Node Type": "Seq Scan",
                                                "Parent Relationship": "Outer",
                                                "Parallel Aware": false,
                                                "Relation Name": "info_type",
                                                "Alias": "it1",
                                                "Startup Cost": 0.0,
                                                "Total Cost": 2.41,
                                                "Plan Rows": 1,
                                                "Plan Width": 4,
                                                "Actual Startup Time": 0.012,
                                                "Actual Total Time": 0.035,
                                                "Actual Rows": 1,
                                                "Actual Loops": 3,
                                                "Filter": "((info)::text = 'countries'::text)",
                                                "Rows Removed by Filter": 112
                                              }
                                            ]
                                          }
                                        ]
                                      },
                                      {
                                        "Node Type": "Hash",
                                        "Parent Relationship": "Inner",
                                        "Parallel Aware": true,
                                        "Startup Cost": 16460.15,
                                        "Total Cost": 16460.15,
                                        "Plan Rows": 4338,
                                        "Plan Width": 9,
                                        "Actual Startup Time": 419.756,
                                        "Actual Total Time": 419.766,
                                        "Actual Rows": 108039,
                                        "Actual Loops": 3,
                                        "Hash Buckets": 131072,
                                        "Original Hash Buckets": 16384,
                                        "Hash Batches": 8,
                                        "Original Hash Batches": 1,
                                        "Peak Memory Usage": 2656,
                                        "Plans": [
                                          {
                                            "Node Type": "Hash Join",
                                            "Parent Relationship": "Outer",
                                            "Parallel Aware": false,
                                            "Join Type": "Inner",
                                            "Startup Cost": 2.43,
                                            "Total Cost": 16460.15,
                                            "Plan Rows": 4338,
                                            "Plan Width": 9,
                                            "Actual Startup Time": 0.171,
                                            "Actual Total Time": 324.265,
                                            "Actual Rows": 108039,
                                            "Actual Loops": 3,
                                            "Inner Unique": true,
                                            "Hash Cond": "(mi_idx.info_type_id = it2.id)",
                                            "Plans": [
                                              {
                                                "Node Type": "Seq Scan",
                                                "Parent Relationship": "Outer",
                                                "Parallel Aware": true,
                                                "Relation Name": "movie_info_idx",
                                                "Alias": "mi_idx",
                                                "Startup Cost": 0.0,
                                                "Total Cost": 15122.68,
                                                "Plan Rows": 490204,
                                                "Plan Width": 13,
                                                "Actual Startup Time": 0.075,
                                                "Actual Total Time": 246.741,
                                                "Actual Rows": 390944,
                                                "Actual Loops": 3,
                                                "Filter": "((info)::text < '7.0'::text)",
                                                "Rows Removed by Filter": 69068
                                              },
                                              {
                                                "Node Type": "Hash",
                                                "Parent Relationship": "Inner",
                                                "Parallel Aware": false,
                                                "Startup Cost": 2.41,
                                                "Total Cost": 2.41,
                                                "Plan Rows": 1,
                                                "Plan Width": 4,
                                                "Actual Startup Time": 0.059,
                                                "Actual Total Time": 0.06,
                                                "Actual Rows": 1,
                                                "Actual Loops": 3,
                                                "Hash Buckets": 1024,
                                                "Original Hash Buckets": 1024,
                                                "Hash Batches": 1,
                                                "Original Hash Batches": 1,
                                                "Peak Memory Usage": 9,
                                                "Plans": [
                                                  {
                                                    "Node Type": "Seq Scan",
                                                    "Parent Relationship": "Outer",
                                                    "Parallel Aware": false,
                                                    "Relation Name": "info_type",
                                                    "Alias": "it2",
                                                    "Startup Cost": 0.0,
                                                    "Total Cost": 2.41,
                                                    "Plan Rows": 1,
                                                    "Plan Width": 4,
                                                    "Actual Startup Time": 0.048,
                                                    "Actual Total Time": 0.051,
                                                    "Actual Rows": 1,
                                                    "Actual Loops": 3,
                                                    "Filter": "((info)::text = 'rating'::text)",
                                                    "Rows Removed by Filter": 112
                                                  }
                                                ]
                                              }
                                            ]
                                          }
                                        ]
                                      }
                                    ]
                                  }
                                ]
                              }
                            ]
                          },
                          {
                            "Node Type": "Index Scan",
                            "Parent Relationship": "Inner",
                            "Parallel Aware": false,
                            "Scan Direction": "Forward",
                            "Index Name": "title_pkey",
                            "Relation Name": "title",
                            "Alias": "t",
                            "Startup Cost": 0.43,
                            "Total Cost": 0.6,
                            "Plan Rows": 1,
                            "Plan Width": 25,
                            "Actual Startup Time": 0.007,
                            "Actual Total Time": 0.007,
                            "Actual Rows": 0,
                            "Actual Loops": 78662,
                            "Index Cond": "(id = mi_idx.movie_id)",
                            "Rows Removed by Index Recheck": 0,
                            "Filter": "(production_year > 2009)",
                            "Rows Removed by Filter": 1
                          }
                        ]
                      },
                      {
                        "Node Type": "Index Scan",
                        "Parent Relationship": "Inner",
                        "Parallel Aware": false,
                        "Scan Direction": "Forward",
                        "Index Name": "kind_type_pkey",
                        "Relation Name": "kind_type",
                        "Alias": "kt",
                        "Startup Cost": 0.15,
                        "Total Cost": 0.17,
                        "Plan Rows": 1,
                        "Plan Width": 4,
                        "Actual Startup Time": 0.006,
                        "Actual Total Time": 0.006,
                        "Actual Rows": 1,
                        "Actual Loops": 237,
                        "Index Cond": "(id = t.kind_id)",
                        "Rows Removed by Index Recheck": 0,
                        "Filter": "((kind)::text = ANY ('{movie,episode}'::text[]))",
                        "Rows Removed by Filter": 0
                      }
                    ]
                  },
                  {
                    "Node Type": "Index Scan",
                    "Parent Relationship": "Inner",
                    "Parallel Aware": false,
                    "Scan Direction": "Forward",
                    "Index Name": "company_name_pkey",
                    "Relation Name": "company_name",
                    "Alias": "cn",
                    "Startup Cost": 0.42,
                    "Total Cost": 0.55,
                    "Plan Rows": 1,
                    "Plan Width": 36,
                    "Actual Startup Time": 0.022,
                    "Actual Total Time": 0.022,
                    "Actual Rows": 1,
                    "Actual Loops": 173,
                    "Index Cond": "(id = mc.company_id)",
                    "Rows Removed by Index Recheck": 0,
                    "Filter": "((country_code)::text <> '[us]'::text)",
                    "Rows Removed by Filter": 0
                  }
                ]
              },
              {
                "Node Type": "Index Only Scan",
                "Parent Relationship": "Inner",
                "Parallel Aware": false,
                "Scan Direction": "Forward",
                "Index Name": "company_type_pkey",
                "Relation Name": "company_type",
                "Alias": "ct",
                "Startup Cost": 0.15,
                "Total Cost": 0.17,
                "Plan Rows": 1,
                "Plan Width": 4,
                "Actual Startup Time": 0.007,
                "Actual Total Time": 0.007,
                "Actual Rows": 1,
                "Actual Loops": 91,
                "Index Cond": "(id = mc.company_type_id)",
                "Rows Removed by Index Recheck": 0,
                "Heap Fetches": 91
              }
            ]
          }
        ]
      }
    ]
  }
}