{
  "Plan": {
    "Node Type": "Nested Loop",
    "Parent Relationship": "Outer",
    "Parallel Aware": false,
    "Join Type": "Inner",
    "Startup Cost": 318028.65,
    "Total Cost": 363449.45,
    "Plan Rows": 7,
    "Plan Width": 50,
    "Actual Startup Time": 3465.595,
    "Actual Total Time": 4231.289,
    "Actual Rows": 16731,
    "Actual Loops": 3,
    "Inner Unique": true,
    "Join Filter": "(mi.movie_id = t.id)",
    "Rows Removed by Join Filter": 0,
    "Plans": [
      {
        "Node Type": "Hash Join",
        "Parent Relationship": "Outer",
        "Parallel Aware": true,
        "Join Type": "Inner",
        "Startup Cost": 318028.22,
        "Total Cost": 363438.71,
        "Plan Rows": 18,
        "Plan Width": 25,
        "Actual Startup Time": 3465.02,
        "Actual Total Time": 3880.254,
        "Actual Rows": 42758,
        "Actual Loops": 3,
        "Inner Unique": false,
        "Hash Cond": "(mc.movie_id = mi.movie_id)",
        "Plans": [
          {
            "Node Type": "Seq Scan",
            "Parent Relationship": "Outer",
            "Parallel Aware": true,
            "Relation Name": "movie_companies",
            "Alias": "mc",
            "Startup Cost": 0.0,
            "Total Cost": 45188.06,
            "Plan Rows": 59298,
            "Plan Width": 12,
            "Actual Startup Time": 0.105,
            "Actual Total Time": 354.914,
            "Actual Rows": 101090,
            "Actual Loops": 3,
            "Filter": "(((note)::text !~~ '%(USA)%'::text) AND ((note)::text ~~ '%(200%)%'::text))",
            "Rows Removed by Filter": 768619
          },
          {
            "Node Type": "Hash",
            "Parent Relationship": "Inner",
            "Parallel Aware": true,
            "Startup Cost": 318027.43,
            "Total Cost": 318027.43,
            "Plan Rows": 63,
            "Plan Width": 13,
            "Actual Startup Time": 3464.84,
            "Actual Total Time": 3464.881,
            "Actual Rows": 71080,
            "Actual Loops": 3,
            "Hash Buckets": 262144,
            "Original Hash Buckets": 1024,
            "Hash Batches": 1,
            "Original Hash Batches": 1,
            "Peak Memory Usage": 14136,
            "Plans": [
              {
                "Node Type": "Hash Join",
                "Parent Relationship": "Outer",
                "Parallel Aware": true,
                "Join Type": "Inner",
                "Startup Cost": 16714.13,
                "Total Cost": 318027.43,
                "Plan Rows": 63,
                "Plan Width": 13,
                "Actual Startup Time": 3280.753,
                "Actual Total Time": 3410.821,
                "Actual Rows": 71080,
                "Actual Loops": 3,
                "Inner Unique": false,
                "Hash Cond": "(mi.movie_id = mi_idx.movie_id)",
                "Plans": [
                  {
                    "Node Type": "Hash Join",
                    "Parent Relationship": "Outer",
                    "Parallel Aware": false,
                    "Join Type": "Inner",
                    "Startup Cost": 2.43,
                    "Total Cost": 301306.13,
                    "Plan Rows": 2491,
                    "Plan Width": 4,
                    "Actual Startup Time": 2127.494,
                    "Actual Total Time": 2752.86,
                    "Actual Rows": 204750,
                    "Actual Loops": 3,
                    "Inner Unique": true,
                    "Hash Cond": "(mi.info_type_id = it1.id)",
                    "Plans": [
                      {
                        "Node Type": "Seq Scan",
                        "Parent Relationship": "Outer",
                        "Parallel Aware": true,
                        "Relation Name": "movie_info",
                        "Alias": "mi",
                        "Startup Cost": 0.0,
                        "Total Cost": 300537.0,
                        "Plan Rows": 281520,
                        "Plan Width": 8,
                        "Actual Startup Time": 1.218,
                        "Actual Total Time": 2678.057,
                        "Actual Rows": 238737,
                        "Actual Loops": 3,
                        "Filter": "((info)::text = ANY ('{Sweden,Norway,Germany,Denmark,Swedish,Danish,Norwegian,German,USA,American}'::text[]))",
                        "Rows Removed by Filter": 4706503
                      },
                      {
                        "Node Type": "Hash",
                        "Parent Relationship": "Inner",
                        "Parallel Aware": false,
                        "Startup Cost": 2.41,
                        "Total Cost": 2.41,
                        "Plan Rows": 1,
                        "Plan Width": 4,
                        "Actual Startup Time": 0.045,
                        "Actual Total Time": 0.046,
                        "Actual Rows": 1,
                        "Actual Loops": 3,
                        "Hash Buckets": 1024,
                        "Original Hash Buckets": 1024,
                        "Hash Batches": 1,
                        "Original Hash Batches": 1,
                        "Peak Memory Usage": 9,
                        "Plans": [
                          {
                            "Node Type": "Seq Scan",
                            "Parent Relationship": "Outer",
                            "Parallel Aware": false,
                            "Relation Name": "info_type",
                            "Alias": "it1",
                            "Startup Cost": 0.0,
                            "Total Cost": 2.41,
                            "Plan Rows": 1,
                            "Plan Width": 4,
                            "Actual Startup Time": 0.017,
                            "Actual Total Time": 0.037,
                            "Actual Rows": 1,
                            "Actual Loops": 3,
                            "Filter": "((info)::text = 'countries'::text)",
                            "Rows Removed by Filter": 112
                          }
                        ]
                      }
                    ]
                  },
                  {
                    "Node Type": "Hash",
                    "Parent Relationship": "Inner",
                    "Parallel Aware": true,
                    "Startup Cost": 16649.78,
                    "Total Cost": 16649.78,
                    "Plan Rows": 4954,
                    "Plan Width": 9,
                    "Actual Startup Time": 455.142,
                    "Actual Total Time": 455.159,
                    "Actual Rows": 151410,
                    "Actual Loops": 3,
                    "Hash Buckets": 131072,
                    "Original Hash Buckets": 16384,
                    "Hash Batches": 8,
                    "Original Hash Batches": 1,
                    "Peak Memory Usage": 3328,
                    "Plans": [
                      {
                        "Node Type": "Hash Join",
                        "Parent Relationship": "Outer",
                        "Parallel Aware": false,
                        "Join Type": "Inner",
                        "Startup Cost": 2.43,
                        "Total Cost": 16649.78,
                        "Plan Rows": 4954,
                        "Plan Width": 9,
                        "Actual Startup Time": 0.154,
                        "Actual Total Time": 343.99,
                        "Actual Rows": 151410,
                        "Actual Loops": 3,
                        "Inner Unique": true,
                        "Hash Cond": "(mi_idx.info_type_id = it2.id)",
                        "Plans": [
                          {
                            "Node Type": "Seq Scan",
                            "Parent Relationship": "Outer",
                            "Parallel Aware": true,
                            "Relation Name": "movie_info_idx",
                            "Alias": "mi_idx",
                            "Startup Cost": 0.0,
                            "Total Cost": 15122.68,
                            "Plan Rows": 559831,
                            "Plan Width": 13,
                            "Actual Startup Time": 0.064,
                            "Actual Total Time": 247.042,
                            "Actual Rows": 447852,
                            "Actual Loops": 3,
                            "Filter": "((info)::text < '8.5'::text)",
                            "Rows Removed by Filter": 12160
                          },
                          {
                            "Node Type": "Hash",
                            "Parent Relationship": "Inner",
                            "Parallel Aware": false,
                            "Startup Cost": 2.41,
                            "Total Cost": 2.41,
                            "Plan Rows": 1,
                            "Plan Width": 4,
                            "Actual Startup Time": 0.059,
                            "Actual Total Time": 0.061,
                            "Actual Rows": 1,
                            "Actual Loops": 3,
                            "Hash Buckets": 1024,
                            "Original Hash Buckets": 1024,
                            "Hash Batches": 1,
                            "Original Hash Batches": 1,
                            "Peak Memory Usage": 9,
                            "Plans": [
                              {
                                "Node Type": "Seq Scan",
                                "Parent Relationship": "Outer",
                                "Parallel Aware": false,
                                "Relation Name": "info_type",
                                "Alias": "it2",
                                "Startup Cost": 0.0,
                                "Total Cost": 2.41,
                                "Plan Rows": 1,
                                "Plan Width": 4,
                                "Actual Startup Time": 0.048,
                                "Actual Total Time": 0.053,
                                "Actual Rows": 1,
                                "Actual Loops": 3,
                                "Filter": "((info)::text = 'rating'::text)",
                                "Rows Removed by Filter": 112
                              }
                            ]
                          }
                        ]
                      }
                    ]
                  }
                ]
              }
            ]
          }
        ]
      },
      {
        "Node Type": "Index Scan",
        "Parent Relationship": "Inner",
        "Parallel Aware": false,
        "Scan Direction": "Forward",
        "Index Name": "title_pkey",
        "Relation Name": "title",
        "Alias": "t",
        "Startup Cost": 0.43,
        "Total Cost": 0.58,
        "Plan Rows": 1,
        "Plan Width": 25,
        "Actual Startup Time": 0.008,
        "Actual Total Time": 0.008,
        "Actual Rows": 0,
        "Actual Loops": 128275,
        "Index Cond": "(id = mi_idx.movie_id)",
        "Rows Removed by Index Recheck": 0,
        "Filter": "(production_year > 2005)",
        "Rows Removed by Filter": 1
      }
    ]
  }
}