{
  "Plan": {
    "Node Type": "Hash Join",
    "Parent Relationship": "Inner",
    "Parallel Aware": false,
    "Join Type": "Inner",
    "Startup Cost": 18.93,
    "Total Cost": 2468.5,
    "Plan Rows": 761,
    "Plan Width": 4,
    "Actual Startup Time": 0.007,
    "Actual Total Time": 56.432,
    "Actual Rows": 24592,
    "Actual Loops": 4449,
    "Inner Unique": true,
    "Hash Cond": "(cc.status_id = cct1.id)",
    "Plans": [
      {
        "Node Type": "Seq Scan",
        "Parent Relationship": "Outer",
        "Parallel Aware": false,
        "Relation Name": "complete_cast",
        "Alias": "cc",
        "Startup Cost": 0.0,
        "Total Cost": 2092.86,
        "Plan Rows": 135086,
        "Plan Width": 8,
        "Actual Startup Time": 0.006,
        "Actual Total Time": 18.089,
        "Actual Rows": 135086,
        "Actual Loops": 4449
      },
      {
        "Node Type": "Hash",
        "Parent Relationship": "Inner",
        "Parallel Aware": false,
        "Startup Cost": 18.88,
        "Total Cost": 18.88,
        "Plan Rows": 4,
        "Plan Width": 4,
        "Actual Startup Time": 0.038,
        "Actual Total Time": 0.04,
        "Actual Rows": 1,
        "Actual Loops": 3,
        "Hash Buckets": 1024,
        "Original Hash Buckets": 1024,
        "Hash Batches": 1,
        "Original Hash Batches": 1,
        "Peak Memory Usage": 9,
        "Plans": [
          {
            "Node Type": "Seq Scan",
            "Parent Relationship": "Outer",
            "Parallel Aware": false,
            "Relation Name": "comp_cast_type",
            "Alias": "cct1",
            "Startup Cost": 0.0,
            "Total Cost": 18.88,
            "Plan Rows": 4,
            "Plan Width": 4,
            "Actual Startup Time": 0.024,
            "Actual Total Time": 0.026,
            "Actual Rows": 1,
            "Actual Loops": 3,
            "Filter": "((kind)::text = 'completeverified'::text)",
            "Rows Removed by Filter": 3
          }
        ]
      }
    ]
  }
}