{
  "Plan": {
    "Node Type": "Nested Loop",
    "Parent Relationship": "Outer",
    "Parallel Aware": false,
    "Join Type": "Inner",
    "Startup Cost": 313618.38,
    "Total Cost": 366449.89,
    "Plan Rows": 1,
    "Plan Width": 65,
    "Actual Startup Time": 19820.362,
    "Actual Total Time": 89978.706,
    "Actual Rows": 206,
    "Actual Loops": 3,
    "Inner Unique": true,
    "Plans": [
      {
        "Node Type": "Nested Loop",
        "Parent Relationship": "Outer",
        "Parallel Aware": false,
        "Join Type": "Inner",
        "Startup Cost": 313617.96,
        "Total Cost": 366449.45,
        "Plan Rows": 1,
        "Plan Width": 69,
        "Actual Startup Time": 19820.275,
        "Actual Total Time": 89975.468,
        "Actual Rows": 206,
        "Actual Loops": 3,
        "Inner Unique": true,
        "Plans": [
          {
            "Node Type": "Nested Loop",
            "Parent Relationship": "Outer",
            "Parallel Aware": false,
            "Join Type": "Inner",
            "Startup Cost": 313617.81,
            "Total Cost": 366449.28,
            "Plan Rows": 1,
            "Plan Width": 73,
            "Actual Startup Time": 19820.197,
            "Actual Total Time": 89973.251,
            "Actual Rows": 206,
            "Actual Loops": 3,
            "Inner Unique": true,
            "Plans": [
              {
                "Node Type": "Nested Loop",
                "Parent Relationship": "Outer",
                "Parallel Aware": false,
                "Join Type": "Inner",
                "Startup Cost": 313617.39,
                "Total Cost": 366448.84,
                "Plan Rows": 1,
                "Plan Width": 77,
                "Actual Startup Time": 19820.051,
                "Actual Total Time": 89967.344,
                "Actual Rows": 206,
                "Actual Loops": 3,
                "Inner Unique": false,
                "Join Filter": "(cc.movie_id = t.id)",
                "Rows Removed by Join Filter": 36469730,
                "Plans": [
                  {
                    "Node Type": "Hash Join",
                    "Parent Relationship": "Outer",
                    "Parallel Aware": true,
                    "Join Type": "Inner",
                    "Startup Cost": 313598.47,
                    "Total Cost": 363970.83,
                    "Plan Rows": 1,
                    "Plan Width": 93,
                    "Actual Startup Time": 1747.532,
                    "Actual Total Time": 2338.165,
                    "Actual Rows": 1483,
                    "Actual Loops": 3,
                    "Inner Unique": false,
                    "Hash Cond": "(mk.movie_id = t.id)",
                    "Plans": [
                      {
                        "Node Type": "Seq Scan",
                        "Parent Relationship": "Outer",
                        "Parallel Aware": true,
                        "Relation Name": "movie_keyword",
                        "Alias": "mk",
                        "Startup Cost": 0.0,
                        "Total Cost": 43303.71,
                        "Plan Rows": 1884971,
                        "Plan Width": 8,
                        "Actual Startup Time": 0.058,
                        "Actual Total Time": 271.552,
                        "Actual Rows": 1507977,
                        "Actual Loops": 3
                      },
                      {
                        "Node Type": "Hash",
                        "Parent Relationship": "Inner",
                        "Parallel Aware": true,
                        "Startup Cost": 313598.45,
                        "Total Cost": 313598.45,
                        "Plan Rows": 1,
                        "Plan Width": 85,
                        "Actual Startup Time": 1744.019,
                        "Actual Total Time": 1744.048,
                        "Actual Rows": 389,
                        "Actual Loops": 3,
                        "Hash Buckets": 1024,
                        "Original Hash Buckets": 1024,
                        "Hash Batches": 1,
                        "Original Hash Batches": 1,
                        "Peak Memory Usage": 136,
                        "Plans": [
                          {
                            "Node Type": "Hash Join",
                            "Parent Relationship": "Outer",
                            "Parallel Aware": true,
                            "Join Type": "Inner",
                            "Startup Cost": 269769.31,
                            "Total Cost": 313598.45,
                            "Plan Rows": 1,
                            "Plan Width": 85,
                            "Actual Startup Time": 1431.211,
                            "Actual Total Time": 1743.359,
                            "Actual Rows": 389,
                            "Actual Loops": 3,
                            "Inner Unique": false,
                            "Hash Cond": "(mc.movie_id = t.id)",
                            "Plans": [
                              {
                                "Node Type": "Seq Scan",
                                "Parent Relationship": "Outer",
                                "Parallel Aware": true,
                                "Relation Name": "movie_companies",
                                "Alias": "mc",
                                "Startup Cost": 0.0,
                                "Total Cost": 39752.37,
                                "Plan Rows": 1087137,
                                "Plan Width": 12,
                                "Actual Startup Time": 0.053,
                                "Actual Total Time": 176.998,
                                "Actual Rows": 869710,
                                "Actual Loops": 3
                              },
                              {
                                "Node Type": "Hash",
                                "Parent Relationship": "Inner",
                                "Parallel Aware": true,
                                "Startup Cost": 269769.3,
                                "Total Cost": 269769.3,
                                "Plan Rows": 1,
                                "Plan Width": 73,
                                "Actual Startup Time": 1377.31,
                                "Actual Total Time": 1377.33,
                                "Actual Rows": 273,
                                "Actual Loops": 3,
                                "Hash Buckets": 1024,
                                "Original Hash Buckets": 1024,
                                "Hash Batches": 1,
                                "Original Hash Batches": 1,
                                "Peak Memory Usage": 104,
                                "Plans": [
                                  {
                                    "Node Type": "Nested Loop",
                                    "Parent Relationship": "Outer",
                                    "Parallel Aware": false,
                                    "Join Type": "Inner",
                                    "Startup Cost": 3.01,
                                    "Total Cost": 269769.3,
                                    "Plan Rows": 1,
                                    "Plan Width": 73,
                                    "Actual Startup Time": 508.323,
                                    "Actual Total Time": 1376.897,
                                    "Actual Rows": 273,
                                    "Actual Loops": 3,
                                    "Inner Unique": true,
                                    "Plans": [
                                      {
                                        "Node Type": "Nested Loop",
                                        "Parent Relationship": "Outer",
                                        "Parallel Aware": false,
                                        "Join Type": "Inner",
                                        "Startup Cost": 2.86,
                                        "Total Cost": 269769.12,
                                        "Plan Rows": 1,
                                        "Plan Width": 29,
                                        "Actual Startup Time": 364.339,
                                        "Actual Total Time": 1374.724,
                                        "Actual Rows": 583,
                                        "Actual Loops": 3,
                                        "Inner Unique": true,
                                        "Plans": [
                                          {
                                            "Node Type": "Hash Join",
                                            "Parent Relationship": "Outer",
                                            "Parallel Aware": false,
                                            "Join Type": "Inner",
                                            "Startup Cost": 2.43,
                                            "Total Cost": 269752.51,
                                            "Plan Rows": 2,
                                            "Plan Width": 4,
                                            "Actual Startup Time": 364.258,
                                            "Actual Total Time": 1359.007,
                                            "Actual Rows": 594,
                                            "Actual Loops": 3,
                                            "Inner Unique": true,
                                            "Hash Cond": "(mi.info_type_id = it1.id)",
                                            "Plans": [
                                              {
                                                "Node Type": "Seq Scan",
                                                "Parent Relationship": "Outer",
                                                "Parallel Aware": true,
                                                "Relation Name": "movie_info",
                                                "Alias": "mi",
                                                "Startup Cost": 0.0,
                                                "Total Cost": 269749.45,
                                                "Plan Rows": 233,
                                                "Plan Width": 8,
                                                "Actual Startup Time": 364.119,
                                                "Actual Total Time": 1358.286,
                                                "Actual Rows": 594,
                                                "Actual Loops": 3,
                                                "Filter": "((info IS NOT NULL) AND ((note)::text ~~ '%internet%'::text) AND (((info)::text ~~ 'USA:% 199%'::text) OR ((info)::text ~~ 'USA:% 200%'::text)))",
                                                "Rows Removed by Filter": 4944646
                                              },
                                              {
                                                "Node Type": "Hash",
                                                "Parent Relationship": "Inner",
                                                "Parallel Aware": false,
                                                "Startup Cost": 2.41,
                                                "Total Cost": 2.41,
                                                "Plan Rows": 1,
                                                "Plan Width": 4,
                                                "Actual Startup Time": 0.081,
                                                "Actual Total Time": 0.084,
                                                "Actual Rows": 1,
                                                "Actual Loops": 3,
                                                "Hash Buckets": 1024,
                                                "Original Hash Buckets": 1024,
                                                "Hash Batches": 1,
                                                "Original Hash Batches": 1,
                                                "Peak Memory Usage": 9,
                                                "Plans": [
                                                  {
                                                    "Node Type": "Seq Scan",
                                                    "Parent Relationship": "Outer",
                                                    "Parallel Aware": false,
                                                    "Relation Name": "info_type",
                                                    "Alias": "it1",
                                                    "Startup Cost": 0.0,
                                                    "Total Cost": 2.41,
                                                    "Plan Rows": 1,
                                                    "Plan Width": 4,
                                                    "Actual Startup Time": 0.054,
                                                    "Actual Total Time": 0.074,
                                                    "Actual Rows": 1,
                                                    "Actual Loops": 3,
                                                    "Filter": "((info)::text = 'release dates'::text)",
                                                    "Rows Removed by Filter": 112
                                                  }
                                                ]
                                              }
                                            ]
                                          },
                                          {
                                            "Node Type": "Index Scan",
                                            "Parent Relationship": "Inner",
                                            "Parallel Aware": false,
                                            "Scan Direction": "Forward",
                                            "Index Name": "title_pkey",
                                            "Relation Name": "title",
                                            "Alias": "t",
                                            "Startup Cost": 0.43,
                                            "Total Cost": 8.31,
                                            "Plan Rows": 1,
                                            "Plan Width": 25,
                                            "Actual Startup Time": 0.025,
                                            "Actual Total Time": 0.025,
                                            "Actual Rows": 1,
                                            "Actual Loops": 1783,
                                            "Index Cond": "(id = mi.movie_id)",
                                            "Rows Removed by Index Recheck": 0,
                                            "Filter": "(production_year > 2000)",
                                            "Rows Removed by Filter": 0
                                          }
                                        ]
                                      },
                                      {
                                        "Node Type": "Index Scan",
                                        "Parent Relationship": "Inner",
                                        "Parallel Aware": false,
                                        "Scan Direction": "Forward",
                                        "Index Name": "kind_type_pkey",
                                        "Relation Name": "kind_type",
                                        "Alias": "kt",
                                        "Startup Cost": 0.15,
                                        "Total Cost": 0.17,
                                        "Plan Rows": 1,
                                        "Plan Width": 52,
                                        "Actual Startup Time": 0.003,
                                        "Actual Total Time": 0.003,
                                        "Actual Rows": 0,
                                        "Actual Loops": 1749,
                                        "Index Cond": "(id = t.kind_id)",
                                        "Rows Removed by Index Recheck": 0,
                                        "Filter": "((kind)::text = 'movie'::text)",
                                        "Rows Removed by Filter": 1
                                      }
                                    ]
                                  }
                                ]
                              }
                            ]
                          }
                        ]
                      }
                    ]
                  },
                  {
                    "Node Type": "Hash Join",
                    "Parent Relationship": "Inner",
                    "Parallel Aware": false,
                    "Join Type": "Inner",
                    "Startup Cost": 18.93,
                    "Total Cost": 2468.5,
                    "Plan Rows": 761,
                    "Plan Width": 4,
                    "Actual Startup Time": 0.007,
                    "Actual Total Time": 56.432,
                    "Actual Rows": 24592,
                    "Actual Loops": 4449,
                    "Inner Unique": true,
                    "Hash Cond": "(cc.status_id = cct1.id)",
                    "Plans": [
                      {
                        "Node Type": "Seq Scan",
                        "Parent Relationship": "Outer",
                        "Parallel Aware": false,
                        "Relation Name": "complete_cast",
                        "Alias": "cc",
                        "Startup Cost": 0.0,
                        "Total Cost": 2092.86,
                        "Plan Rows": 135086,
                        "Plan Width": 8,
                        "Actual Startup Time": 0.006,
                        "Actual Total Time": 18.089,
                        "Actual Rows": 135086,
                        "Actual Loops": 4449
                      },
                      {
                        "Node Type": "Hash",
                        "Parent Relationship": "Inner",
                        "Parallel Aware": false,
                        "Startup Cost": 18.88,
                        "Total Cost": 18.88,
                        "Plan Rows": 4,
                        "Plan Width": 4,
                        "Actual Startup Time": 0.038,
                        "Actual Total Time": 0.04,
                        "Actual Rows": 1,
                        "Actual Loops": 3,
                        "Hash Buckets": 1024,
                        "Original Hash Buckets": 1024,
                        "Hash Batches": 1,
                        "Original Hash Batches": 1,
                        "Peak Memory Usage": 9,
                        "Plans": [
                          {
                            "Node Type": "Seq Scan",
                            "Parent Relationship": "Outer",
                            "Parallel Aware": false,
                            "Relation Name": "comp_cast_type",
                            "Alias": "cct1",
                            "Startup Cost": 0.0,
                            "Total Cost": 18.88,
                            "Plan Rows": 4,
                            "Plan Width": 4,
                            "Actual Startup Time": 0.024,
                            "Actual Total Time": 0.026,
                            "Actual Rows": 1,
                            "Actual Loops": 3,
                            "Filter": "((kind)::text = 'completeverified'::text)",
                            "Rows Removed by Filter": 3
                          }
                        ]
                      }
                    ]
                  }
                ]
              },
              {
                "Node Type": "Index Scan",
                "Parent Relationship": "Inner",
                "Parallel Aware": false,
                "Scan Direction": "Forward",
                "Index Name": "company_name_pkey",
                "Relation Name": "company_name",
                "Alias": "cn",
                "Startup Cost": 0.42,
                "Total Cost": 0.45,
                "Plan Rows": 1,
                "Plan Width": 4,
                "Actual Startup Time": 0.022,
                "Actual Total Time": 0.022,
                "Actual Rows": 1,
                "Actual Loops": 618,
                "Index Cond": "(id = mc.company_id)",
                "Rows Removed by Index Recheck": 0,
                "Filter": "((country_code)::text = '[us]'::text)",
                "Rows Removed by Filter": 0
              }
            ]
          },
          {
            "Node Type": "Index Only Scan",
            "Parent Relationship": "Inner",
            "Parallel Aware": false,
            "Scan Direction": "Forward",
            "Index Name": "company_type_pkey",
            "Relation Name": "company_type",
            "Alias": "ct",
            "Startup Cost": 0.15,
            "Total Cost": 0.17,
            "Plan Rows": 1,
            "Plan Width": 4,
            "Actual Startup Time": 0.007,
            "Actual Total Time": 0.007,
            "Actual Rows": 1,
            "Actual Loops": 618,
            "Index Cond": "(id = mc.company_type_id)",
            "Rows Removed by Index Recheck": 0,
            "Heap Fetches": 618
          }
        ]
      },
      {
        "Node Type": "Index Only Scan",
        "Parent Relationship": "Inner",
        "Parallel Aware": false,
        "Scan Direction": "Forward",
        "Index Name": "keyword_pkey",
        "Relation Name": "keyword",
        "Alias": "k",
        "Startup Cost": 0.42,
        "Total Cost": 0.44,
        "Plan Rows": 1,
        "Plan Width": 4,
        "Actual Startup Time": 0.012,
        "Actual Total Time": 0.012,
        "Actual Rows": 1,
        "Actual Loops": 618,
        "Index Cond": "(id = mk.keyword_id)",
        "Rows Removed by Index Recheck": 0,
        "Heap Fetches": 0
      }
    ]
  }
}