{
  "Plan": {
    "Node Type": "Hash Join",
    "Parent Relationship": "Outer",
    "Parallel Aware": false,
    "Join Type": "Inner",
    "Startup Cost": 256507.4,
    "Total Cost": 735205.42,
    "Plan Rows": 1,
    "Plan Width": 37,
    "Actual Startup Time": 6288.814,
    "Actual Total Time": 6387.46,
    "Actual Rows": 7599,
    "Actual Loops": 3,
    "Inner Unique": true,
    "Hash Cond": "(ci.role_id = rt.id)",
    "Plans": [
      {
        "Node Type": "Hash Join",
        "Parent Relationship": "Outer",
        "Parallel Aware": true,
        "Join Type": "Inner",
        "Startup Cost": 256488.47,
        "Total Cost": 735186.4,
        "Plan Rows": 38,
        "Plan Width": 41,
        "Actual Startup Time": 6282.861,
        "Actual Total Time": 6381.623,
        "Actual Rows": 26893,
        "Actual Loops": 3,
        "Inner Unique": false,
        "Hash Cond": "(ci.movie_id = t.id)",
        "Plans": [
          {
            "Node Type": "Seq Scan",
            "Parent Relationship": "Outer",
            "Parallel Aware": true,
            "Relation Name": "cast_info",
            "Alias": "ci",
            "Startup Cost": 0.0,
            "Total Cost": 477573.4,
            "Plan Rows": 299831,
            "Plan Width": 16,
            "Actual Startup Time": 0.214,
            "Actual Total Time": 3338.994,
            "Actual Rows": 289159,
            "Actual Loops": 3,
            "Filter": "((note)::text = ANY ('{(voice),\"(voice: Japanese version)\",\"(voice) (uncredited)\",\"(voice: English version)\"}'::text[]))",
            "Rows Removed by Filter": 11792289
          },
          {
            "Node Type": "Hash",
            "Parent Relationship": "Inner",
            "Parallel Aware": true,
            "Startup Cost": 256486.82,
            "Total Cost": 256486.82,
            "Plan Rows": 132,
            "Plan Width": 25,
            "Actual Startup Time": 2834.556,
            "Actual Total Time": 2834.569,
            "Actual Rows": 71132,
            "Actual Loops": 3,
            "Hash Buckets": 65536,
            "Original Hash Buckets": 1024,
            "Hash Batches": 8,
            "Original Hash Batches": 1,
            "Peak Memory Usage": 2176,
            "Plans": [
              {
                "Node Type": "Nested Loop",
                "Parent Relationship": "Outer",
                "Parallel Aware": false,
                "Join Type": "Inner",
                "Startup Cost": 2.86,
                "Total Cost": 256486.82,
                "Plan Rows": 132,
                "Plan Width": 25,
                "Actual Startup Time": 503.447,
                "Actual Total Time": 2718.256,
                "Actual Rows": 71132,
                "Actual Loops": 3,
                "Inner Unique": true,
                "Plans": [
                  {
                    "Node Type": "Hash Join",
                    "Parent Relationship": "Outer",
                    "Parallel Aware": false,
                    "Join Type": "Inner",
                    "Startup Cost": 2.43,
                    "Total Cost": 254622.74,
                    "Plan Rows": 860,
                    "Plan Width": 4,
                    "Actual Startup Time": 503.344,
                    "Actual Total Time": 1988.765,
                    "Actual Rows": 100414,
                    "Actual Loops": 3,
                    "Inner Unique": true,
                    "Hash Cond": "(mi.info_type_id = it.id)",
                    "Plans": [
                      {
                        "Node Type": "Seq Scan",
                        "Parent Relationship": "Outer",
                        "Parallel Aware": true,
                        "Relation Name": "movie_info",
                        "Alias": "mi",
                        "Startup Cost": 0.0,
                        "Total Cost": 254355.67,
                        "Plan Rows": 97174,
                        "Plan Width": 8,
                        "Actual Startup Time": 321.879,
                        "Actual Total Time": 1949.646,
                        "Actual Rows": 100416,
                        "Actual Loops": 3,
                        "Filter": "((info IS NOT NULL) AND (((info)::text ~~ 'Japan:%201%'::text) OR ((info)::text ~~ 'USA:%201%'::text)))",
                        "Rows Removed by Filter": 4844824
                      },
                      {
                        "Node Type": "Hash",
                        "Parent Relationship": "Inner",
                        "Parallel Aware": false,
                        "Startup Cost": 2.41,
                        "Total Cost": 2.41,
                        "Plan Rows": 1,
                        "Plan Width": 4,
                        "Actual Startup Time": 0.079,
                        "Actual Total Time": 0.082,
                        "Actual Rows": 1,
                        "Actual Loops": 3,
                        "Hash Buckets": 1024,
                        "Original Hash Buckets": 1024,
                        "Hash Batches": 1,
                        "Original Hash Batches": 1,
                        "Peak Memory Usage": 9,
                        "Plans": [
                          {
                            "Node Type": "Seq Scan",
                            "Parent Relationship": "Outer",
                            "Parallel Aware": false,
                            "Relation Name": "info_type",
                            "Alias": "it",
                            "Startup Cost": 0.0,
                            "Total Cost": 2.41,
                            "Plan Rows": 1,
                            "Plan Width": 4,
                            "Actual Startup Time": 0.049,
                            "Actual Total Time": 0.072,
                            "Actual Rows": 1,
                            "Actual Loops": 3,
                            "Filter": "((info)::text = 'release dates'::text)",
                            "Rows Removed by Filter": 112
                          }
                        ]
                      }
                    ]
                  },
                  {
                    "Node Type": "Index Scan",
                    "Parent Relationship": "Inner",
                    "Parallel Aware": false,
                    "Scan Direction": "Forward",
                    "Index Name": "title_pkey",
                    "Relation Name": "title",
                    "Alias": "t",
                    "Startup Cost": 0.43,
                    "Total Cost": 2.17,
                    "Plan Rows": 1,
                    "Plan Width": 21,
                    "Actual Startup Time": 0.007,
                    "Actual Total Time": 0.007,
                    "Actual Rows": 1,
                    "Actual Loops": 301243,
                    "Index Cond": "(id = mi.movie_id)",
                    "Rows Removed by Index Recheck": 0,
                    "Filter": "(production_year > 2010)",
                    "Rows Removed by Filter": 0
                  }
                ]
              }
            ]
          }
        ]
      },
      {
        "Node Type": "Hash",
        "Parent Relationship": "Inner",
        "Parallel Aware": false,
        "Startup Cost": 18.88,
        "Total Cost": 18.88,
        "Plan Rows": 4,
        "Plan Width": 4,
        "Actual Startup Time": 0.048,
        "Actual Total Time": 0.052,
        "Actual Rows": 1,
        "Actual Loops": 3,
        "Hash Buckets": 1024,
        "Original Hash Buckets": 1024,
        "Hash Batches": 1,
        "Original Hash Batches": 1,
        "Peak Memory Usage": 9,
        "Plans": [
          {
            "Node Type": "Seq Scan",
            "Parent Relationship": "Outer",
            "Parallel Aware": false,
            "Relation Name": "role_type",
            "Alias": "rt",
            "Startup Cost": 0.0,
            "Total Cost": 18.88,
            "Plan Rows": 4,
            "Plan Width": 4,
            "Actual Startup Time": 0.037,
            "Actual Total Time": 0.04,
            "Actual Rows": 1,
            "Actual Loops": 3,
            "Filter": "((role)::text = 'actress'::text)",
            "Rows Removed by Filter": 11
          }
        ]
      }
    ]
  }
}