{
  "Plan": {
    "Node Type": "Hash Join",
    "Parent Relationship": "Outer",
    "Parallel Aware": true,
    "Join Type": "Inner",
    "Startup Cost": 15319.64,
    "Total Cost": 254318.31,
    "Plan Rows": 3,
    "Plan Width": 55,
    "Actual Startup Time": 1659.228,
    "Actual Total Time": 1690.915,
    "Actual Rows": 5493,
    "Actual Loops": 3,
    "Inner Unique": false,
    "Hash Cond": "(mi.movie_id = mi_idx.movie_id)",
    "Plans": [
      {
        "Node Type": "Hash Join",
        "Parent Relationship": "Outer",
        "Parallel Aware": false,
        "Join Type": "Inner",
        "Startup Cost": 2.43,
        "Total Cost": 239000.65,
        "Plan Rows": 118,
        "Plan Width": 46,
        "Actual Startup Time": 1183.797,
        "Actual Total Time": 1334.99,
        "Actual Rows": 10138,
        "Actual Loops": 3,
        "Inner Unique": true,
        "Hash Cond": "(mi.info_type_id = it1.id)",
        "Plans": [
          {
            "Node Type": "Seq Scan",
            "Parent Relationship": "Outer",
            "Parallel Aware": true,
            "Relation Name": "movie_info",
            "Alias": "mi",
            "Startup Cost": 0.0,
            "Total Cost": 238961.89,
            "Plan Rows": 13341,
            "Plan Width": 50,
            "Actual Startup Time": 834.056,
            "Actual Total Time": 1330.177,
            "Actual Rows": 10267,
            "Actual Loops": 3,
            "Filter": "((info)::text = 'Horror'::text)",
            "Rows Removed by Filter": 4934973
          },
          {
            "Node Type": "Hash",
            "Parent Relationship": "Inner",
            "Parallel Aware": false,
            "Startup Cost": 2.41,
            "Total Cost": 2.41,
            "Plan Rows": 1,
            "Plan Width": 4,
            "Actual Startup Time": 0.064,
            "Actual Total Time": 0.066,
            "Actual Rows": 1,
            "Actual Loops": 3,
            "Hash Buckets": 1024,
            "Original Hash Buckets": 1024,
            "Hash Batches": 1,
            "Original Hash Batches": 1,
            "Peak Memory Usage": 9,
            "Plans": [
              {
                "Node Type": "Seq Scan",
                "Parent Relationship": "Outer",
                "Parallel Aware": false,
                "Relation Name": "info_type",
                "Alias": "it1",
                "Startup Cost": 0.0,
                "Total Cost": 2.41,
                "Plan Rows": 1,
                "Plan Width": 4,
                "Actual Startup Time": 0.03,
                "Actual Total Time": 0.053,
                "Actual Rows": 1,
                "Actual Loops": 3,
                "Filter": "((info)::text = 'genres'::text)",
                "Rows Removed by Filter": 112
              }
            ]
          }
        ]
      },
      {
        "Node Type": "Hash",
        "Parent Relationship": "Inner",
        "Parallel Aware": true,
        "Startup Cost": 15253.6,
        "Total Cost": 15253.6,
        "Plan Rows": 5089,
        "Plan Width": 9,
        "Actual Startup Time": 308.549,
        "Actual Total Time": 308.574,
        "Actual Rows": 153308,
        "Actual Loops": 3,
        "Hash Buckets": 65536,
        "Original Hash Buckets": 16384,
        "Hash Batches": 8,
        "Original Hash Batches": 1,
        "Peak Memory Usage": 2880,
        "Plans": [
          {
            "Node Type": "Hash Join",
            "Parent Relationship": "Outer",
            "Parallel Aware": false,
            "Join Type": "Inner",
            "Startup Cost": 2.43,
            "Total Cost": 15253.6,
            "Plan Rows": 5089,
            "Plan Width": 9,
            "Actual Startup Time": 0.128,
            "Actual Total Time": 215.769,
            "Actual Rows": 153308,
            "Actual Loops": 3,
            "Inner Unique": true,
            "Hash Cond": "(mi_idx.info_type_id = it2.id)",
            "Plans": [
              {
                "Node Type": "Seq Scan",
                "Parent Relationship": "Outer",
                "Parallel Aware": true,
                "Relation Name": "movie_info_idx",
                "Alias": "mi_idx",
                "Startup Cost": 0.0,
                "Total Cost": 13685.15,
                "Plan Rows": 575015,
                "Plan Width": 13,
                "Actual Startup Time": 0.04,
                "Actual Total Time": 89.459,
                "Actual Rows": 460012,
                "Actual Loops": 3
              },
              {
                "Node Type": "Hash",
                "Parent Relationship": "Inner",
                "Parallel Aware": false,
                "Startup Cost": 2.41,
                "Total Cost": 2.41,
                "Plan Rows": 1,
                "Plan Width": 4,
                "Actual Startup Time": 0.06,
                "Actual Total Time": 0.066,
                "Actual Rows": 1,
                "Actual Loops": 3,
                "Hash Buckets": 1024,
                "Original Hash Buckets": 1024,
                "Hash Batches": 1,
                "Original Hash Batches": 1,
                "Peak Memory Usage": 9,
                "Plans": [
                  {
                    "Node Type": "Seq Scan",
                    "Parent Relationship": "Outer",
                    "Parallel Aware": false,
                    "Relation Name": "info_type",
                    "Alias": "it2",
                    "Startup Cost": 0.0,
                    "Total Cost": 2.41,
                    "Plan Rows": 1,
                    "Plan Width": 4,
                    "Actual Startup Time": 0.05,
                    "Actual Total Time": 0.054,
                    "Actual Rows": 1,
                    "Actual Loops": 3,
                    "Filter": "((info)::text = 'votes'::text)",
                    "Rows Removed by Filter": 112
                  }
                ]
              }
            ]
          }
        ]
      }
    ]
  }
}