{
  "Plan": {
    "Node Type": "Nested Loop",
    "Parent Relationship": "Outer",
    "Parallel Aware": false,
    "Join Type": "Inner",
    "Startup Cost": 304716.72,
    "Total Cost": 802437.34,
    "Plan Rows": 1,
    "Plan Width": 79,
    "Actual Startup Time": 5442.032,
    "Actual Total Time": 7126.039,
    "Actual Rows": 1469,
    "Actual Loops": 3,
    "Inner Unique": true,
    "Join Filter": "(mi.movie_id = t.id)",
    "Rows Removed by Join Filter": 0,
    "Plans": [
      {
        "Node Type": "Nested Loop",
        "Parent Relationship": "Outer",
        "Parallel Aware": false,
        "Join Type": "Inner",
        "Startup Cost": 304716.29,
        "Total Cost": 802436.49,
        "Plan Rows": 1,
        "Plan Width": 78,
        "Actual Startup Time": 5441.941,
        "Actual Total Time": 7108.954,
        "Actual Rows": 1469,
        "Actual Loops": 3,
        "Inner Unique": true,
        "Plans": [
          {
            "Node Type": "Hash Join",
            "Parent Relationship": "Outer",
            "Parallel Aware": true,
            "Join Type": "Inner",
            "Startup Cost": 304715.86,
            "Total Cost": 802434.18,
            "Plan Rows": 2,
            "Plan Width": 67,
            "Actual Startup Time": 5441.547,
            "Actual Total Time": 7068.029,
            "Actual Rows": 2371,
            "Actual Loops": 3,
            "Inner Unique": false,
            "Hash Cond": "(ci.movie_id = mi.movie_id)",
            "Plans": [
              {
                "Node Type": "Seq Scan",
                "Parent Relationship": "Outer",
                "Parallel Aware": true,
                "Relation Name": "cast_info",
                "Alias": "ci",
                "Startup Cost": 0.0,
                "Total Cost": 496312.85,
                "Plan Rows": 374789,
                "Plan Width": 8,
                "Actual Startup Time": 75.975,
                "Actual Total Time": 3432.223,
                "Actual Rows": 414905,
                "Actual Loops": 3,
                "Filter": "((note)::text = ANY ('{(writer),\"(head writer)\",\"(written by)\",(story),\"(story editor)\"}'::text[]))",
                "Rows Removed by Filter": 11666543
              },
              {
                "Node Type": "Hash",
                "Parent Relationship": "Inner",
                "Parallel Aware": true,
                "Startup Cost": 304715.85,
                "Total Cost": 304715.85,
                "Plan Rows": 1,
                "Plan Width": 59,
                "Actual Startup Time": 3520.5,
                "Actual Total Time": 3520.559,
                "Actual Rows": 3796,
                "Actual Loops": 3,
                "Hash Buckets": 16384,
                "Original Hash Buckets": 1024,
                "Hash Batches": 1,
                "Original Hash Batches": 1,
                "Peak Memory Usage": 984,
                "Plans": [
                  {
                    "Node Type": "Nested Loop",
                    "Parent Relationship": "Outer",
                    "Parallel Aware": false,
                    "Join Type": "Inner",
                    "Startup Cost": 254318.77,
                    "Total Cost": 304715.85,
                    "Plan Rows": 1,
                    "Plan Width": 59,
                    "Actual Startup Time": 1717.017,
                    "Actual Total Time": 2975.452,
                    "Actual Rows": 3796,
                    "Actual Loops": 3,
                    "Inner Unique": true,
                    "Plans": [
                      {
                        "Node Type": "Hash Join",
                        "Parent Relationship": "Outer",
                        "Parallel Aware": true,
                        "Join Type": "Inner",
                        "Startup Cost": 254318.35,
                        "Total Cost": 304690.86,
                        "Plan Rows": 37,
                        "Plan Width": 63,
                        "Actual Startup Time": 1716.212,
                        "Actual Total Time": 2380.73,
                        "Actual Rows": 106493,
                        "Actual Loops": 3,
                        "Inner Unique": false,
                        "Hash Cond": "(mk.movie_id = mi.movie_id)",
                        "Plans": [
                          {
                            "Node Type": "Seq Scan",
                            "Parent Relationship": "Outer",
                            "Parallel Aware": true,
                            "Relation Name": "movie_keyword",
                            "Alias": "mk",
                            "Startup Cost": 0.0,
                            "Total Cost": 43303.71,
                            "Plan Rows": 1884971,
                            "Plan Width": 8,
                            "Actual Startup Time": 0.081,
                            "Actual Total Time": 288.565,
                            "Actual Rows": 1507977,
                            "Actual Loops": 3
                          },
                          {
                            "Node Type": "Hash",
                            "Parent Relationship": "Inner",
                            "Parallel Aware": true,
                            "Startup Cost": 254318.31,
                            "Total Cost": 254318.31,
                            "Plan Rows": 3,
                            "Plan Width": 55,
                            "Actual Startup Time": 1715.851,
                            "Actual Total Time": 1715.898,
                            "Actual Rows": 5493,
                            "Actual Loops": 3,
                            "Hash Buckets": 16384,
                            "Original Hash Buckets": 1024,
                            "Hash Batches": 1,
                            "Original Hash Batches": 1,
                            "Peak Memory Usage": 1208,
                            "Plans": [
                              {
                                "Node Type": "Hash Join",
                                "Parent Relationship": "Outer",
                                "Parallel Aware": true,
                                "Join Type": "Inner",
                                "Startup Cost": 15319.64,
                                "Total Cost": 254318.31,
                                "Plan Rows": 3,
                                "Plan Width": 55,
                                "Actual Startup Time": 1659.228,
                                "Actual Total Time": 1690.915,
                                "Actual Rows": 5493,
                                "Actual Loops": 3,
                                "Inner Unique": false,
                                "Hash Cond": "(mi.movie_id = mi_idx.movie_id)",
                                "Plans": [
                                  {
                                    "Node Type": "Hash Join",
                                    "Parent Relationship": "Outer",
                                    "Parallel Aware": false,
                                    "Join Type": "Inner",
                                    "Startup Cost": 2.43,
                                    "Total Cost": 239000.65,
                                    "Plan Rows": 118,
                                    "Plan Width": 46,
                                    "Actual Startup Time": 1183.797,
                                    "Actual Total Time": 1334.99,
                                    "Actual Rows": 10138,
                                    "Actual Loops": 3,
                                    "Inner Unique": true,
                                    "Hash Cond": "(mi.info_type_id = it1.id)",
                                    "Plans": [
                                      {
                                        "Node Type": "Seq Scan",
                                        "Parent Relationship": "Outer",
                                        "Parallel Aware": true,
                                        "Relation Name": "movie_info",
                                        "Alias": "mi",
                                        "Startup Cost": 0.0,
                                        "Total Cost": 238961.89,
                                        "Plan Rows": 13341,
                                        "Plan Width": 50,
                                        "Actual Startup Time": 834.056,
                                        "Actual Total Time": 1330.177,
                                        "Actual Rows": 10267,
                                        "Actual Loops": 3,
                                        "Filter": "((info)::text = 'Horror'::text)",
                                        "Rows Removed by Filter": 4934973
                                      },
                                      {
                                        "Node Type": "Hash",
                                        "Parent Relationship": "Inner",
                                        "Parallel Aware": false,
                                        "Startup Cost": 2.41,
                                        "Total Cost": 2.41,
                                        "Plan Rows": 1,
                                        "Plan Width": 4,
                                        "Actual Startup Time": 0.064,
                                        "Actual Total Time": 0.066,
                                        "Actual Rows": 1,
                                        "Actual Loops": 3,
                                        "Hash Buckets": 1024,
                                        "Original Hash Buckets": 1024,
                                        "Hash Batches": 1,
                                        "Original Hash Batches": 1,
                                        "Peak Memory Usage": 9,
                                        "Plans": [
                                          {
                                            "Node Type": "Seq Scan",
                                            "Parent Relationship": "Outer",
                                            "Parallel Aware": false,
                                            "Relation Name": "info_type",
                                            "Alias": "it1",
                                            "Startup Cost": 0.0,
                                            "Total Cost": 2.41,
                                            "Plan Rows": 1,
                                            "Plan Width": 4,
                                            "Actual Startup Time": 0.03,
                                            "Actual Total Time": 0.053,
                                            "Actual Rows": 1,
                                            "Actual Loops": 3,
                                            "Filter": "((info)::text = 'genres'::text)",
                                            "Rows Removed by Filter": 112
                                          }
                                        ]
                                      }
                                    ]
                                  },
                                  {
                                    "Node Type": "Hash",
                                    "Parent Relationship": "Inner",
                                    "Parallel Aware": true,
                                    "Startup Cost": 15253.6,
                                    "Total Cost": 15253.6,
                                    "Plan Rows": 5089,
                                    "Plan Width": 9,
                                    "Actual Startup Time": 308.549,
                                    "Actual Total Time": 308.574,
                                    "Actual Rows": 153308,
                                    "Actual Loops": 3,
                                    "Hash Buckets": 65536,
                                    "Original Hash Buckets": 16384,
                                    "Hash Batches": 8,
                                    "Original Hash Batches": 1,
                                    "Peak Memory Usage": 2880,
                                    "Plans": [
                                      {
                                        "Node Type": "Hash Join",
                                        "Parent Relationship": "Outer",
                                        "Parallel Aware": false,
                                        "Join Type": "Inner",
                                        "Startup Cost": 2.43,
                                        "Total Cost": 15253.6,
                                        "Plan Rows": 5089,
                                        "Plan Width": 9,
                                        "Actual Startup Time": 0.128,
                                        "Actual Total Time": 215.769,
                                        "Actual Rows": 153308,
                                        "Actual Loops": 3,
                                        "Inner Unique": true,
                                        "Hash Cond": "(mi_idx.info_type_id = it2.id)",
                                        "Plans": [
                                          {
                                            "Node Type": "Seq Scan",
                                            "Parent Relationship": "Outer",
                                            "Parallel Aware": true,
                                            "Relation Name": "movie_info_idx",
                                            "Alias": "mi_idx",
                                            "Startup Cost": 0.0,
                                            "Total Cost": 13685.15,
                                            "Plan Rows": 575015,
                                            "Plan Width": 13,
                                            "Actual Startup Time": 0.04,
                                            "Actual Total Time": 89.459,
                                            "Actual Rows": 460012,
                                            "Actual Loops": 3
                                          },
                                          {
                                            "Node Type": "Hash",
                                            "Parent Relationship": "Inner",
                                            "Parallel Aware": false,
                                            "Startup Cost": 2.41,
                                            "Total Cost": 2.41,
                                            "Plan Rows": 1,
                                            "Plan Width": 4,
                                            "Actual Startup Time": 0.06,
                                            "Actual Total Time": 0.066,
                                            "Actual Rows": 1,
                                            "Actual Loops": 3,
                                            "Hash Buckets": 1024,
                                            "Original Hash Buckets": 1024,
                                            "Hash Batches": 1,
                                            "Original Hash Batches": 1,
                                            "Peak Memory Usage": 9,
                                            "Plans": [
                                              {
                                                "Node Type": "Seq Scan",
                                                "Parent Relationship": "Outer",
                                                "Parallel Aware": false,
                                                "Relation Name": "info_type",
                                                "Alias": "it2",
                                                "Startup Cost": 0.0,
                                                "Total Cost": 2.41,
                                                "Plan Rows": 1,
                                                "Plan Width": 4,
                                                "Actual Startup Time": 0.05,
                                                "Actual Total Time": 0.054,
                                                "Actual Rows": 1,
                                                "Actual Loops": 3,
                                                "Filter": "((info)::text = 'votes'::text)",
                                                "Rows Removed by Filter": 112
                                              }
                                            ]
                                          }
                                        ]
                                      }
                                    ]
                                  }
                                ]
                              }
                            ]
                          }
                        ]
                      },
                      {
                        "Node Type": "Index Scan",
                        "Parent Relationship": "Inner",
                        "Parallel Aware": false,
                        "Scan Direction": "Forward",
                        "Index Name": "keyword_pkey",
                        "Relation Name": "keyword",
                        "Alias": "k",
                        "Startup Cost": 0.42,
                        "Total Cost": 0.68,
                        "Plan Rows": 1,
                        "Plan Width": 4,
                        "Actual Startup Time": 0.005,
                        "Actual Total Time": 0.005,
                        "Actual Rows": 0,
                        "Actual Loops": 319480,
                        "Index Cond": "(id = mk.keyword_id)",
                        "Rows Removed by Index Recheck": 0,
                        "Filter": "((keyword)::text = ANY ('{murder,blood,gore,death,female-nudity}'::text[]))",
                        "Rows Removed by Filter": 1
                      }
                    ]
                  }
                ]
              }
            ]
          },
          {
            "Node Type": "Index Scan",
            "Parent Relationship": "Inner",
            "Parallel Aware": false,
            "Scan Direction": "Forward",
            "Index Name": "name_pkey",
            "Relation Name": "name",
            "Alias": "n",
            "Startup Cost": 0.43,
            "Total Cost": 1.16,
            "Plan Rows": 1,
            "Plan Width": 19,
            "Actual Startup Time": 0.016,
            "Actual Total Time": 0.016,
            "Actual Rows": 1,
            "Actual Loops": 7112,
            "Index Cond": "(id = ci.person_id)",
            "Rows Removed by Index Recheck": 0,
            "Filter": "((gender)::text = 'm'::text)",
            "Rows Removed by Filter": 0
          }
        ]
      },
      {
        "Node Type": "Index Scan",
        "Parent Relationship": "Inner",
        "Parallel Aware": false,
        "Scan Direction": "Forward",
        "Index Name": "title_pkey",
        "Relation Name": "title",
        "Alias": "t",
        "Startup Cost": 0.43,
        "Total Cost": 0.84,
        "Plan Rows": 1,
        "Plan Width": 21,
        "Actual Startup Time": 0.01,
        "Actual Total Time": 0.01,
        "Actual Rows": 1,
        "Actual Loops": 4407,
        "Index Cond": "(id = mk.movie_id)",
        "Rows Removed by Index Recheck": 0
      }
    ]
  }
}