{
  "Plan": {
    "Node Type": "Nested Loop",
    "Parent Relationship": "Outer",
    "Parallel Aware": false,
    "Join Type": "Inner",
    "Startup Cost": 752040.31,
    "Total Cost": 802413.65,
    "Plan Rows": 1,
    "Plan Width": 79,
    "Actual Startup Time": 5568.596,
    "Actual Total Time": 5809.946,
    "Actual Rows": 2,
    "Actual Loops": 3,
    "Inner Unique": true,
    "Plans": [
      {
        "Node Type": "Nested Loop",
        "Parent Relationship": "Outer",
        "Parallel Aware": false,
        "Join Type": "Inner",
        "Startup Cost": 752039.88,
        "Total Cost": 802412.5,
        "Plan Rows": 1,
        "Plan Width": 68,
        "Actual Startup Time": 5568.542,
        "Actual Total Time": 5809.883,
        "Actual Rows": 2,
        "Actual Loops": 3,
        "Inner Unique": true,
        "Plans": [
          {
            "Node Type": "Hash Join",
            "Parent Relationship": "Outer",
            "Parallel Aware": true,
            "Join Type": "Inner",
            "Startup Cost": 752039.46,
            "Total Cost": 802411.82,
            "Plan Rows": 1,
            "Plan Width": 72,
            "Actual Startup Time": 5447.633,
            "Actual Total Time": 5809.621,
            "Actual Rows": 12,
            "Actual Loops": 3,
            "Inner Unique": false,
            "Hash Cond": "(mk.movie_id = t.id)",
            "Plans": [
              {
                "Node Type": "Seq Scan",
                "Parent Relationship": "Outer",
                "Parallel Aware": true,
                "Relation Name": "movie_keyword",
                "Alias": "mk",
                "Startup Cost": 0.0,
                "Total Cost": 43303.71,
                "Plan Rows": 1884971,
                "Plan Width": 8,
                "Actual Startup Time": 0.062,
                "Actual Total Time": 279.73,
                "Actual Rows": 1507977,
                "Actual Loops": 3
              },
              {
                "Node Type": "Hash",
                "Parent Relationship": "Inner",
                "Parallel Aware": true,
                "Startup Cost": 752039.45,
                "Total Cost": 752039.45,
                "Plan Rows": 1,
                "Plan Width": 84,
                "Actual Startup Time": 5259.014,
                "Actual Total Time": 5259.06,
                "Actual Rows": 1,
                "Actual Loops": 3,
                "Hash Buckets": 1024,
                "Original Hash Buckets": 1024,
                "Hash Batches": 1,
                "Original Hash Batches": 1,
                "Peak Memory Usage": 104,
                "Plans": [
                  {
                    "Node Type": "Hash Join",
                    "Parent Relationship": "Outer",
                    "Parallel Aware": true,
                    "Join Type": "Inner",
                    "Startup Cost": 254321.13,
                    "Total Cost": 752039.45,
                    "Plan Rows": 1,
                    "Plan Width": 84,
                    "Actual Startup Time": 3882.26,
                    "Actual Total Time": 5258.773,
                    "Actual Rows": 1,
                    "Actual Loops": 3,
                    "Inner Unique": false,
                    "Hash Cond": "(ci.movie_id = t.id)",
                    "Plans": [
                      {
                        "Node Type": "Seq Scan",
                        "Parent Relationship": "Outer",
                        "Parallel Aware": true,
                        "Relation Name": "cast_info",
                        "Alias": "ci",
                        "Startup Cost": 0.0,
                        "Total Cost": 496312.85,
                        "Plan Rows": 374789,
                        "Plan Width": 8,
                        "Actual Startup Time": 115.884,
                        "Actual Total Time": 3425.397,
                        "Actual Rows": 414905,
                        "Actual Loops": 3,
                        "Filter": "((note)::text = ANY ('{(writer),\"(head writer)\",\"(written by)\",(story),\"(story editor)\"}'::text[]))",
                        "Rows Removed by Filter": 11666543
                      },
                      {
                        "Node Type": "Hash",
                        "Parent Relationship": "Inner",
                        "Parallel Aware": true,
                        "Startup Cost": 254321.12,
                        "Total Cost": 254321.12,
                        "Plan Rows": 1,
                        "Plan Width": 76,
                        "Actual Startup Time": 1771.791,
                        "Actual Total Time": 1771.831,
                        "Actual Rows": 3,
                        "Actual Loops": 3,
                        "Hash Buckets": 1024,
                        "Original Hash Buckets": 1024,
                        "Hash Batches": 1,
                        "Original Hash Batches": 1,
                        "Peak Memory Usage": 104,
                        "Plans": [
                          {
                            "Node Type": "Nested Loop",
                            "Parent Relationship": "Outer",
                            "Parallel Aware": false,
                            "Join Type": "Inner",
                            "Startup Cost": 15320.07,
                            "Total Cost": 254321.12,
                            "Plan Rows": 1,
                            "Plan Width": 76,
                            "Actual Startup Time": 1668.331,
                            "Actual Total Time": 1768.609,
                            "Actual Rows": 3,
                            "Actual Loops": 3,
                            "Inner Unique": true,
                            "Join Filter": "(mi.movie_id = t.id)",
                            "Rows Removed by Join Filter": 0,
                            "Plans": [
                              {
                                "Node Type": "Hash Join",
                                "Parent Relationship": "Outer",
                                "Parallel Aware": true,
                                "Join Type": "Inner",
                                "Startup Cost": 15319.64,
                                "Total Cost": 254318.31,
                                "Plan Rows": 3,
                                "Plan Width": 55,
                                "Actual Startup Time": 1650.057,
                                "Actual Total Time": 1683.456,
                                "Actual Rows": 5493,
                                "Actual Loops": 3,
                                "Inner Unique": false,
                                "Hash Cond": "(mi.movie_id = mi_idx.movie_id)",
                                "Plans": [
                                  {
                                    "Node Type": "Hash Join",
                                    "Parent Relationship": "Outer",
                                    "Parallel Aware": false,
                                    "Join Type": "Inner",
                                    "Startup Cost": 2.43,
                                    "Total Cost": 239000.65,
                                    "Plan Rows": 118,
                                    "Plan Width": 46,
                                    "Actual Startup Time": 1173.299,
                                    "Actual Total Time": 1323.013,
                                    "Actual Rows": 10138,
                                    "Actual Loops": 3,
                                    "Inner Unique": true,
                                    "Hash Cond": "(mi.info_type_id = it1.id)",
                                    "Plans": [
                                      {
                                        "Node Type": "Seq Scan",
                                        "Parent Relationship": "Outer",
                                        "Parallel Aware": true,
                                        "Relation Name": "movie_info",
                                        "Alias": "mi",
                                        "Startup Cost": 0.0,
                                        "Total Cost": 238961.89,
                                        "Plan Rows": 13341,
                                        "Plan Width": 50,
                                        "Actual Startup Time": 827.557,
                                        "Actual Total Time": 1318.154,
                                        "Actual Rows": 10267,
                                        "Actual Loops": 3,
                                        "Filter": "((info)::text = 'Horror'::text)",
                                        "Rows Removed by Filter": 4934973
                                      },
                                      {
                                        "Node Type": "Hash",
                                        "Parent Relationship": "Inner",
                                        "Parallel Aware": false,
                                        "Startup Cost": 2.41,
                                        "Total Cost": 2.41,
                                        "Plan Rows": 1,
                                        "Plan Width": 4,
                                        "Actual Startup Time": 0.05,
                                        "Actual Total Time": 0.052,
                                        "Actual Rows": 1,
                                        "Actual Loops": 3,
                                        "Hash Buckets": 1024,
                                        "Original Hash Buckets": 1024,
                                        "Hash Batches": 1,
                                        "Original Hash Batches": 1,
                                        "Peak Memory Usage": 9,
                                        "Plans": [
                                          {
                                            "Node Type": "Seq Scan",
                                            "Parent Relationship": "Outer",
                                            "Parallel Aware": false,
                                            "Relation Name": "info_type",
                                            "Alias": "it1",
                                            "Startup Cost": 0.0,
                                            "Total Cost": 2.41,
                                            "Plan Rows": 1,
                                            "Plan Width": 4,
                                            "Actual Startup Time": 0.021,
                                            "Actual Total Time": 0.044,
                                            "Actual Rows": 1,
                                            "Actual Loops": 3,
                                            "Filter": "((info)::text = 'genres'::text)",
                                            "Rows Removed by Filter": 112
                                          }
                                        ]
                                      }
                                    ]
                                  },
                                  {
                                    "Node Type": "Hash",
                                    "Parent Relationship": "Inner",
                                    "Parallel Aware": true,
                                    "Startup Cost": 15253.6,
                                    "Total Cost": 15253.6,
                                    "Plan Rows": 5089,
                                    "Plan Width": 9,
                                    "Actual Startup Time": 310.453,
                                    "Actual Total Time": 310.472,
                                    "Actual Rows": 153308,
                                    "Actual Loops": 3,
                                    "Hash Buckets": 65536,
                                    "Original Hash Buckets": 16384,
                                    "Hash Batches": 8,
                                    "Original Hash Batches": 1,
                                    "Peak Memory Usage": 2880,
                                    "Plans": [
                                      {
                                        "Node Type": "Hash Join",
                                        "Parent Relationship": "Outer",
                                        "Parallel Aware": false,
                                        "Join Type": "Inner",
                                        "Startup Cost": 2.43,
                                        "Total Cost": 15253.6,
                                        "Plan Rows": 5089,
                                        "Plan Width": 9,
                                        "Actual Startup Time": 0.156,
                                        "Actual Total Time": 215.117,
                                        "Actual Rows": 153308,
                                        "Actual Loops": 3,
                                        "Inner Unique": true,
                                        "Hash Cond": "(mi_idx.info_type_id = it2.id)",
                                        "Plans": [
                                          {
                                            "Node Type": "Seq Scan",
                                            "Parent Relationship": "Outer",
                                            "Parallel Aware": true,
                                            "Relation Name": "movie_info_idx",
                                            "Alias": "mi_idx",
                                            "Startup Cost": 0.0,
                                            "Total Cost": 13685.15,
                                            "Plan Rows": 575015,
                                            "Plan Width": 13,
                                            "Actual Startup Time": 0.067,
                                            "Actual Total Time": 89.651,
                                            "Actual Rows": 460012,
                                            "Actual Loops": 3
                                          },
                                          {
                                            "Node Type": "Hash",
                                            "Parent Relationship": "Inner",
                                            "Parallel Aware": false,
                                            "Startup Cost": 2.41,
                                            "Total Cost": 2.41,
                                            "Plan Rows": 1,
                                            "Plan Width": 4,
                                            "Actual Startup Time": 0.06,
                                            "Actual Total Time": 0.07,
                                            "Actual Rows": 1,
                                            "Actual Loops": 3,
                                            "Hash Buckets": 1024,
                                            "Original Hash Buckets": 1024,
                                            "Hash Batches": 1,
                                            "Original Hash Batches": 1,
                                            "Peak Memory Usage": 9,
                                            "Plans": [
                                              {
                                                "Node Type": "Seq Scan",
                                                "Parent Relationship": "Outer",
                                                "Parallel Aware": false,
                                                "Relation Name": "info_type",
                                                "Alias": "it2",
                                                "Startup Cost": 0.0,
                                                "Total Cost": 2.41,
                                                "Plan Rows": 1,
                                                "Plan Width": 4,
                                                "Actual Startup Time": 0.048,
                                                "Actual Total Time": 0.052,
                                                "Actual Rows": 1,
                                                "Actual Loops": 3,
                                                "Filter": "((info)::text = 'votes'::text)",
                                                "Rows Removed by Filter": 112
                                              }
                                            ]
                                          }
                                        ]
                                      }
                                    ]
                                  }
                                ]
                              },
                              {
                                "Node Type": "Index Scan",
                                "Parent Relationship": "Inner",
                                "Parallel Aware": false,
                                "Scan Direction": "Forward",
                                "Index Name": "title_pkey",
                                "Relation Name": "title",
                                "Alias": "t",
                                "Startup Cost": 0.43,
                                "Total Cost": 0.92,
                                "Plan Rows": 1,
                                "Plan Width": 21,
                                "Actual Startup Time": 0.015,
                                "Actual Total Time": 0.015,
                                "Actual Rows": 0,
                                "Actual Loops": 16480,
                                "Index Cond": "(id = mi_idx.movie_id)",
                                "Rows Removed by Index Recheck": 0,
                                "Filter": "((production_year > 2010) AND ((title)::text ~~ 'Vampire%'::text))",
                                "Rows Removed by Filter": 1
                              }
                            ]
                          }
                        ]
                      }
                    ]
                  }
                ]
              }
            ]
          },
          {
            "Node Type": "Index Scan",
            "Parent Relationship": "Inner",
            "Parallel Aware": false,
            "Scan Direction": "Forward",
            "Index Name": "keyword_pkey",
            "Relation Name": "keyword",
            "Alias": "k",
            "Startup Cost": 0.42,
            "Total Cost": 0.68,
            "Plan Rows": 1,
            "Plan Width": 4,
            "Actual Startup Time": 0.018,
            "Actual Total Time": 0.018,
            "Actual Rows": 0,
            "Actual Loops": 35,
            "Index Cond": "(id = mk.keyword_id)",
            "Rows Removed by Index Recheck": 0,
            "Filter": "((keyword)::text = ANY ('{murder,blood,gore,death,female-nudity}'::text[]))",
            "Rows Removed by Filter": 1
          }
        ]
      },
      {
        "Node Type": "Index Scan",
        "Parent Relationship": "Inner",
        "Parallel Aware": false,
        "Scan Direction": "Forward",
        "Index Name": "name_pkey",
        "Relation Name": "name",
        "Alias": "n",
        "Startup Cost": 0.43,
        "Total Cost": 1.16,
        "Plan Rows": 1,
        "Plan Width": 19,
        "Actual Startup Time": 0.021,
        "Actual Total Time": 0.022,
        "Actual Rows": 1,
        "Actual Loops": 6,
        "Index Cond": "(id = ci.person_id)",
        "Rows Removed by Index Recheck": 0,
        "Filter": "((gender)::text = 'm'::text)",
        "Rows Removed by Filter": 0
      }
    ]
  }
}