{
  "Plan": {
    "Node Type": "Hash Join",
    "Parent Relationship": "Outer",
    "Parallel Aware": true,
    "Join Type": "Inner",
    "Startup Cost": 285266.82,
    "Total Cost": 335640.02,
    "Plan Rows": 206,
    "Plan Width": 63,
    "Actual Startup Time": 2664.42,
    "Actual Total Time": 3586.649,
    "Actual Rows": 741595,
    "Actual Loops": 3,
    "Inner Unique": false,
    "Hash Cond": "(mk.movie_id = mi.movie_id)",
    "Plans": [
      {
        "Node Type": "Seq Scan",
        "Parent Relationship": "Outer",
        "Parallel Aware": true,
        "Relation Name": "movie_keyword",
        "Alias": "mk",
        "Startup Cost": 0.0,
        "Total Cost": 43303.71,
        "Plan Rows": 1884971,
        "Plan Width": 8,
        "Actual Startup Time": 0.097,
        "Actual Total Time": 308.961,
        "Actual Rows": 1507977,
        "Actual Loops": 3
      },
      {
        "Node Type": "Hash",
        "Parent Relationship": "Inner",
        "Parallel Aware": true,
        "Startup Cost": 285266.62,
        "Total Cost": 285266.62,
        "Plan Rows": 16,
        "Plan Width": 55,
        "Actual Startup Time": 2664.246,
        "Actual Total Time": 2664.282,
        "Actual Rows": 34172,
        "Actual Loops": 3,
        "Hash Buckets": 131072,
        "Original Hash Buckets": 1024,
        "Hash Batches": 1,
        "Original Hash Batches": 1,
        "Peak Memory Usage": 7672,
        "Plans": [
          {
            "Node Type": "Hash Join",
            "Parent Relationship": "Outer",
            "Parallel Aware": true,
            "Join Type": "Inner",
            "Startup Cost": 15319.64,
            "Total Cost": 285266.62,
            "Plan Rows": 16,
            "Plan Width": 55,
            "Actual Startup Time": 2548.066,
            "Actual Total Time": 2610.354,
            "Actual Rows": 34172,
            "Actual Loops": 3,
            "Inner Unique": false,
            "Hash Cond": "(mi.movie_id = mi_idx.movie_id)",
            "Plans": [
              {
                "Node Type": "Hash Join",
                "Parent Relationship": "Outer",
                "Parallel Aware": false,
                "Join Type": "Inner",
                "Startup Cost": 2.43,
                "Total Cost": 269946.96,
                "Plan Rows": 634,
                "Plan Width": 46,
                "Actual Startup Time": 1921.621,
                "Actual Total Time": 2204.327,
                "Actual Rows": 62198,
                "Actual Loops": 3,
                "Inner Unique": true,
                "Hash Cond": "(mi.info_type_id = it1.id)",
                "Plans": [
                  {
                    "Node Type": "Seq Scan",
                    "Parent Relationship": "Outer",
                    "Parallel Aware": true,
                    "Relation Name": "movie_info",
                    "Alias": "mi",
                    "Startup Cost": 0.0,
                    "Total Cost": 269749.45,
                    "Plan Rows": 71632,
                    "Plan Width": 50,
                    "Actual Startup Time": 1235.925,
                    "Actual Total Time": 2179.835,
                    "Actual Rows": 62990,
                    "Actual Loops": 3,
                    "Filter": "((info)::text = ANY ('{Horror,Action,Sci-Fi,Thriller,Crime,War}'::text[]))",
                    "Rows Removed by Filter": 4882250
                  },
                  {
                    "Node Type": "Hash",
                    "Parent Relationship": "Inner",
                    "Parallel Aware": false,
                    "Startup Cost": 2.41,
                    "Total Cost": 2.41,
                    "Plan Rows": 1,
                    "Plan Width": 4,
                    "Actual Startup Time": 0.064,
                    "Actual Total Time": 0.067,
                    "Actual Rows": 1,
                    "Actual Loops": 3,
                    "Hash Buckets": 1024,
                    "Original Hash Buckets": 1024,
                    "Hash Batches": 1,
                    "Original Hash Batches": 1,
                    "Peak Memory Usage": 9,
                    "Plans": [
                      {
                        "Node Type": "Seq Scan",
                        "Parent Relationship": "Outer",
                        "Parallel Aware": false,
                        "Relation Name": "info_type",
                        "Alias": "it1",
                        "Startup Cost": 0.0,
                        "Total Cost": 2.41,
                        "Plan Rows": 1,
                        "Plan Width": 4,
                        "Actual Startup Time": 0.03,
                        "Actual Total Time": 0.053,
                        "Actual Rows": 1,
                        "Actual Loops": 3,
                        "Filter": "((info)::text = 'genres'::text)",
                        "Rows Removed by Filter": 112
                      }
                    ]
                  }
                ]
              },
              {
                "Node Type": "Hash",
                "Parent Relationship": "Inner",
                "Parallel Aware": true,
                "Startup Cost": 15253.6,
                "Total Cost": 15253.6,
                "Plan Rows": 5089,
                "Plan Width": 9,
                "Actual Startup Time": 307.972,
                "Actual Total Time": 307.989,
                "Actual Rows": 153308,
                "Actual Loops": 3,
                "Hash Buckets": 65536,
                "Original Hash Buckets": 16384,
                "Hash Batches": 8,
                "Original Hash Batches": 1,
                "Peak Memory Usage": 2848,
                "Plans": [
                  {
                    "Node Type": "Hash Join",
                    "Parent Relationship": "Outer",
                    "Parallel Aware": false,
                    "Join Type": "Inner",
                    "Startup Cost": 2.43,
                    "Total Cost": 15253.6,
                    "Plan Rows": 5089,
                    "Plan Width": 9,
                    "Actual Startup Time": 0.137,
                    "Actual Total Time": 214.886,
                    "Actual Rows": 153308,
                    "Actual Loops": 3,
                    "Inner Unique": true,
                    "Hash Cond": "(mi_idx.info_type_id = it2.id)",
                    "Plans": [
                      {
                        "Node Type": "Seq Scan",
                        "Parent Relationship": "Outer",
                        "Parallel Aware": true,
                        "Relation Name": "movie_info_idx",
                        "Alias": "mi_idx",
                        "Startup Cost": 0.0,
                        "Total Cost": 13685.15,
                        "Plan Rows": 575015,
                        "Plan Width": 13,
                        "Actual Startup Time": 0.046,
                        "Actual Total Time": 89.171,
                        "Actual Rows": 460012,
                        "Actual Loops": 3
                      },
                      {
                        "Node Type": "Hash",
                        "Parent Relationship": "Inner",
                        "Parallel Aware": false,
                        "Startup Cost": 2.41,
                        "Total Cost": 2.41,
                        "Plan Rows": 1,
                        "Plan Width": 4,
                        "Actual Startup Time": 0.062,
                        "Actual Total Time": 0.071,
                        "Actual Rows": 1,
                        "Actual Loops": 3,
                        "Hash Buckets": 1024,
                        "Original Hash Buckets": 1024,
                        "Hash Batches": 1,
                        "Original Hash Batches": 1,
                        "Peak Memory Usage": 9,
                        "Plans": [
                          {
                            "Node Type": "Seq Scan",
                            "Parent Relationship": "Outer",
                            "Parallel Aware": false,
                            "Relation Name": "info_type",
                            "Alias": "it2",
                            "Startup Cost": 0.0,
                            "Total Cost": 2.41,
                            "Plan Rows": 1,
                            "Plan Width": 4,
                            "Actual Startup Time": 0.051,
                            "Actual Total Time": 0.059,
                            "Actual Rows": 1,
                            "Actual Loops": 3,
                            "Filter": "((info)::text = 'votes'::text)",
                            "Rows Removed by Filter": 112
                          }
                        ]
                      }
                    ]
                  }
                ]
              }
            ]
          }
        ]
      }
    ]
  }
}