{
  "Plan": {
    "Node Type": "Merge Join",
    "Parent Relationship": "Outer",
    "Parallel Aware": false,
    "Join Type": "Inner",
    "Startup Cost": 66477.19,
    "Total Cost": 80792.22,
    "Plan Rows": 3,
    "Plan Width": 56,
    "Actual Startup Time": 4874.367,
    "Actual Total Time": 364993.127,
    "Actual Rows": 21564,
    "Actual Loops": 1,
    "Inner Unique": false,
    "Merge Cond": "(mk.movie_id = ml.movie_id)",
    "Plans": [
      {
        "Node Type": "Nested Loop",
        "Parent Relationship": "Outer",
        "Parallel Aware": false,
        "Join Type": "Inner",
        "Startup Cost": 63783.35,
        "Total Cost": 191270.37,
        "Plan Rows": 9,
        "Plan Width": 48,
        "Actual Startup Time": 2029.607,
        "Actual Total Time": 364951.194,
        "Actual Rows": 1007,
        "Actual Loops": 1,
        "Inner Unique": false,
        "Join Filter": "(mc.movie_id = mk.movie_id)",
        "Rows Removed by Join Filter": 1167174793,
        "Plans": [
          {
            "Node Type": "Nested Loop",
            "Parent Relationship": "Outer",
            "Parallel Aware": false,
            "Join Type": "Inner",
            "Startup Cost": 63783.35,
            "Total Cost": 65027.94,
            "Plan Rows": 1,
            "Plan Width": 40,
            "Actual Startup Time": 655.736,
            "Actual Total Time": 677.456,
            "Actual Rows": 259,
            "Actual Loops": 1,
            "Inner Unique": true,
            "Plans": [
              {
                "Node Type": "Gather Merge",
                "Parent Relationship": "Outer",
                "Parallel Aware": false,
                "Startup Cost": 63783.2,
                "Total Cost": 65027.76,
                "Plan Rows": 1,
                "Plan Width": 44,
                "Actual Startup Time": 655.727,
                "Actual Total Time": 671.676,
                "Actual Rows": 278,
                "Actual Loops": 1,
                "Workers Planned": 2,
                "Workers Launched": 2,
                "Plans": [
                  {
                    "Node Type": "Nested Loop",
                    "Parent Relationship": "Outer",
                    "Parallel Aware": false,
                    "Join Type": "Inner",
                    "Startup Cost": 62783.18,
                    "Total Cost": 64027.62,
                    "Plan Rows": 1,
                    "Plan Width": 44,
                    "Actual Startup Time": 648.309,
                    "Actual Total Time": 669.578,
                    "Actual Rows": 653,
                    "Actual Loops": 3,
                    "Inner Unique": true,
                    "Plans": [
                      {
                        "Node Type": "Nested Loop",
                        "Parent Relationship": "Outer",
                        "Parallel Aware": false,
                        "Join Type": "Inner",
                        "Startup Cost": 62783.03,
                        "Total Cost": 64026.43,
                        "Plan Rows": 7,
                        "Plan Width": 48,
                        "Actual Startup Time": 648.264,
                        "Actual Total Time": 667.904,
                        "Actual Rows": 653,
                        "Actual Loops": 3,
                        "Inner Unique": true,
                        "Plans": [
                          {
                            "Node Type": "Merge Join",
                            "Parent Relationship": "Outer",
                            "Parallel Aware": false,
                            "Join Type": "Inner",
                            "Startup Cost": 62782.88,
                            "Total Cost": 63829.71,
                            "Plan Rows": 1157,
                            "Plan Width": 52,
                            "Actual Startup Time": 648.203,
                            "Actual Total Time": 665.916,
                            "Actual Rows": 664,
                            "Actual Loops": 3,
                            "Inner Unique": false,
                            "Merge Cond": "(mc.movie_id = cc.movie_id)",
                            "Plans": [
                              {
                                "Node Type": "Sort",
                                "Parent Relationship": "Outer",
                                "Parallel Aware": false,
                                "Startup Cost": 46868.32,
                                "Total Cost": 46879.37,
                                "Plan Rows": 4423,
                                "Plan Width": 40,
                                "Actual Startup Time": 510.003,
                                "Actual Total Time": 511.584,
                                "Actual Rows": 4581,
                                "Actual Loops": 3,
                                "Sort Key": [
                                  "mc.movie_id"
                                ],
                                "Sort Method": "external merge",
                                "Sort Space Used": 3240,
                                "Sort Space Type": "Disk",
                                "Workers": [
                                  {
                                    "Worker Number": 0,
                                    "Sort Method": "external merge",
                                    "Sort Space Used": 3064,
                                    "Sort Space Type": "Disk"
                                  },
                                  {
                                    "Worker Number": 1,
                                    "Sort Method": "external merge",
                                    "Sort Space Used": 3024,
                                    "Sort Space Type": "Disk"
                                  }
                                ],
                                "Plans": [
                                  {
                                    "Node Type": "Hash Join",
                                    "Parent Relationship": "Outer",
                                    "Parallel Aware": true,
                                    "Join Type": "Inner",
                                    "Startup Cost": 5445.39,
                                    "Total Cost": 46600.49,
                                    "Plan Rows": 4423,
                                    "Plan Width": 40,
                                    "Actual Startup Time": 64.698,
                                    "Actual Total Time": 437.482,
                                    "Actual Rows": 80292,
                                    "Actual Loops": 3,
                                    "Inner Unique": true,
                                    "Hash Cond": "(mc.company_id = cn.id)",
                                    "Plans": [
                                      {
                                        "Node Type": "Seq Scan",
                                        "Parent Relationship": "Outer",
                                        "Parallel Aware": true,
                                        "Relation Name": "movie_companies",
                                        "Alias": "mc",
                                        "Startup Cost": 0.0,
                                        "Total Cost": 39752.37,
                                        "Plan Rows": 534364,
                                        "Plan Width": 12,
                                        "Actual Startup Time": 0.063,
                                        "Actual Total Time": 237.257,
                                        "Actual Rows": 423996,
                                        "Actual Loops": 3,
                                        "Filter": "(note IS NULL)",
                                        "Rows Removed by Filter": 445713
                                      },
                                      {
                                        "Node Type": "Hash",
                                        "Parent Relationship": "Inner",
                                        "Parallel Aware": true,
                                        "Startup Cost": 5431.09,
                                        "Total Cost": 5431.09,
                                        "Plan Rows": 1144,
                                        "Plan Width": 36,
                                        "Actual Startup Time": 64.276,
                                        "Actual Total Time": 64.277,
                                        "Actual Rows": 16101,
                                        "Actual Loops": 3,
                                        "Hash Buckets": 65536,
                                        "Original Hash Buckets": 2048,
                                        "Hash Batches": 1,
                                        "Original Hash Batches": 1,
                                        "Peak Memory Usage": 3792,
                                        "Plans": [
                                          {
                                            "Node Type": "Seq Scan",
                                            "Parent Relationship": "Outer",
                                            "Parallel Aware": true,
                                            "Relation Name": "company_name",
                                            "Alias": "cn",
                                            "Startup Cost": 0.0,
                                            "Total Cost": 5431.09,
                                            "Plan Rows": 1144,
                                            "Plan Width": 36,
                                            "Actual Startup Time": 0.056,
                                            "Actual Total Time": 48.342,
                                            "Actual Rows": 16101,
                                            "Actual Loops": 3,
                                            "Filter": "(((country_code)::text <> '[pl]'::text) AND (((name)::text ~~ '%Film%'::text) OR ((name)::text ~~ '%Warner%'::text)))",
                                            "Rows Removed by Filter": 62232
                                          }
                                        ]
                                      }
                                    ]
                                  }
                                ]
                              },
                              {
                                "Node Type": "Materialize",
                                "Parent Relationship": "Inner",
                                "Parallel Aware": false,
                                "Startup Cost": 15914.56,
                                "Total Cost": 16589.99,
                                "Plan Rows": 135086,
                                "Plan Width": 12,
                                "Actual Startup Time": 137.928,
                                "Actual Total Time": 148.551,
                                "Actual Rows": 26118,
                                "Actual Loops": 3,
                                "Plans": [
                                  {
                                    "Node Type": "Sort",
                                    "Parent Relationship": "Outer",
                                    "Parallel Aware": false,
                                    "Startup Cost": 15914.56,
                                    "Total Cost": 16252.28,
                                    "Plan Rows": 135086,
                                    "Plan Width": 12,
                                    "Actual Startup Time": 137.922,
                                    "Actual Total Time": 144.435,
                                    "Actual Rows": 26085,
                                    "Actual Loops": 3,
                                    "Sort Key": [
                                      "cc.movie_id"
                                    ],
                                    "Sort Method": "external merge",
                                    "Sort Space Used": 2920,
                                    "Sort Space Type": "Disk",
                                    "Workers": [
                                      {
                                        "Worker Number": 0,
                                        "Sort Method": "external merge",
                                        "Sort Space Used": 2920,
                                        "Sort Space Type": "Disk"
                                      },
                                      {
                                        "Worker Number": 1,
                                        "Sort Method": "external merge",
                                        "Sort Space Used": 2920,
                                        "Sort Space Type": "Disk"
                                      }
                                    ],
                                    "Plans": [
                                      {
                                        "Node Type": "Seq Scan",
                                        "Parent Relationship": "Outer",
                                        "Parallel Aware": false,
                                        "Relation Name": "complete_cast",
                                        "Alias": "cc",
                                        "Startup Cost": 0.0,
                                        "Total Cost": 2092.86,
                                        "Plan Rows": 135086,
                                        "Plan Width": 12,
                                        "Actual Startup Time": 0.044,
                                        "Actual Total Time": 42.855,
                                        "Actual Rows": 135086,
                                        "Actual Loops": 3
                                      }
                                    ]
                                  }
                                ]
                              }
                            ]
                          },
                          {
                            "Node Type": "Index Scan",
                            "Parent Relationship": "Inner",
                            "Parallel Aware": false,
                            "Scan Direction": "Forward",
                            "Index Name": "company_type_pkey",
                            "Relation Name": "company_type",
                            "Alias": "ct",
                            "Startup Cost": 0.15,
                            "Total Cost": 0.17,
                            "Plan Rows": 1,
                            "Plan Width": 4,
                            "Actual Startup Time": 0.002,
                            "Actual Total Time": 0.002,
                            "Actual Rows": 1,
                            "Actual Loops": 1993,
                            "Index Cond": "(id = mc.company_type_id)",
                            "Rows Removed by Index Recheck": 0,
                            "Filter": "((kind)::text = 'production companies'::text)",
                            "Rows Removed by Filter": 0
                          }
                        ]
                      },
                      {
                        "Node Type": "Index Scan",
                        "Parent Relationship": "Inner",
                        "Parallel Aware": false,
                        "Scan Direction": "Forward",
                        "Index Name": "comp_cast_type_pkey",
                        "Relation Name": "comp_cast_type",
                        "Alias": "cct1",
                        "Startup Cost": 0.15,
                        "Total Cost": 0.17,
                        "Plan Rows": 1,
                        "Plan Width": 4,
                        "Actual Startup Time": 0.002,
                        "Actual Total Time": 0.002,
                        "Actual Rows": 1,
                        "Actual Loops": 1959,
                        "Index Cond": "(id = cc.subject_id)",
                        "Rows Removed by Index Recheck": 0,
                        "Filter": "((kind)::text = ANY ('{cast,crew}'::text[]))",
                        "Rows Removed by Filter": 0
                      }
                    ]
                  }
                ]
              },
              {
                "Node Type": "Index Scan",
                "Parent Relationship": "Inner",
                "Parallel Aware": false,
                "Scan Direction": "Forward",
                "Index Name": "comp_cast_type_pkey",
                "Relation Name": "comp_cast_type",
                "Alias": "cct2",
                "Startup Cost": 0.15,
                "Total Cost": 0.17,
                "Plan Rows": 1,
                "Plan Width": 4,
                "Actual Startup Time": 0.012,
                "Actual Total Time": 0.012,
                "Actual Rows": 1,
                "Actual Loops": 278,
                "Index Cond": "(id = cc.status_id)",
                "Rows Removed by Index Recheck": 0,
                "Filter": "((kind)::text = 'complete'::text)",
                "Rows Removed by Filter": 0
              }
            ]
          },
          {
            "Node Type": "Seq Scan",
            "Parent Relationship": "Inner",
            "Parallel Aware": false,
            "Relation Name": "movie_keyword",
            "Alias": "mk",
            "Startup Cost": 0.0,
            "Total Cost": 69693.3,
            "Plan Rows": 4523930,
            "Plan Width": 8,
            "Actual Startup Time": 0.023,
            "Actual Total Time": 798.069,
            "Actual Rows": 4506470,
            "Actual Loops": 259
          }
        ]
      },
      {
        "Node Type": "Sort",
        "Parent Relationship": "Inner",
        "Parallel Aware": false,
        "Startup Cost": 2693.63,
        "Total Cost": 2768.62,
        "Plan Rows": 29997,
        "Plan Width": 8,
        "Actual Startup Time": 23.034,
        "Actual Total Time": 30.031,
        "Actual Rows": 51256,
        "Actual Loops": 1,
        "Sort Key": [
          "ml.movie_id"
        ],
        "Sort Method": "quicksort",
        "Sort Space Used": 2175,
        "Sort Space Type": "Memory",
        "Plans": [
          {
            "Node Type": "Seq Scan",
            "Parent Relationship": "Outer",
            "Parallel Aware": false,
            "Relation Name": "movie_link",
            "Alias": "ml",
            "Startup Cost": 0.0,
            "Total Cost": 462.97,
            "Plan Rows": 29997,
            "Plan Width": 8,
            "Actual Startup Time": 0.1,
            "Actual Total Time": 9.379,
            "Actual Rows": 29997,
            "Actual Loops": 1
          }
        ]
      }
    ]
  }
}