{
  "Plan": {
    "Node Type": "Nested Loop",
    "Parent Relationship": "Outer",
    "Parallel Aware": false,
    "Join Type": "Inner",
    "Startup Cost": 2489.63,
    "Total Cost": 44246.45,
    "Plan Rows": 1,
    "Plan Width": 12,
    "Actual Startup Time": 247.001,
    "Actual Total Time": 591.102,
    "Actual Rows": 31614,
    "Actual Loops": 3,
    "Inner Unique": true,
    "Plans": [
      {
        "Node Type": "Hash Join",
        "Parent Relationship": "Outer",
        "Parallel Aware": false,
        "Join Type": "Inner",
        "Startup Cost": 2489.48,
        "Total Cost": 44245.76,
        "Plan Rows": 4,
        "Plan Width": 16,
        "Actual Startup Time": 134.549,
        "Actual Total Time": 498.011,
        "Actual Rows": 35438,
        "Actual Loops": 3,
        "Inner Unique": false,
        "Hash Cond": "(mc.movie_id = cc.movie_id)",
        "Plans": [
          {
            "Node Type": "Seq Scan",
            "Parent Relationship": "Outer",
            "Parallel Aware": true,
            "Relation Name": "movie_companies",
            "Alias": "mc",
            "Startup Cost": 0.0,
            "Total Cost": 39752.37,
            "Plan Rows": 534364,
            "Plan Width": 12,
            "Actual Startup Time": 0.82,
            "Actual Total Time": 241.527,
            "Actual Rows": 423996,
            "Actual Loops": 3,
            "Filter": "(note IS NULL)",
            "Rows Removed by Filter": 445713
          },
          {
            "Node Type": "Hash",
            "Parent Relationship": "Inner",
            "Parallel Aware": false,
            "Startup Cost": 2489.43,
            "Total Cost": 2489.43,
            "Plan Rows": 4,
            "Plan Width": 4,
            "Actual Startup Time": 133.669,
            "Actual Total Time": 133.685,
            "Actual Rows": 85941,
            "Actual Loops": 3,
            "Hash Buckets": 131072,
            "Original Hash Buckets": 1024,
            "Hash Batches": 1,
            "Original Hash Batches": 1,
            "Peak Memory Usage": 4046,
            "Plans": [
              {
                "Node Type": "Hash Join",
                "Parent Relationship": "Outer",
                "Parallel Aware": false,
                "Join Type": "Inner",
                "Startup Cost": 37.85,
                "Total Cost": 2489.43,
                "Plan Rows": 4,
                "Plan Width": 4,
                "Actual Startup Time": 0.13,
                "Actual Total Time": 103.876,
                "Actual Rows": 85941,
                "Actual Loops": 3,
                "Inner Unique": true,
                "Hash Cond": "(cc.status_id = cct2.id)",
                "Plans": [
                  {
                    "Node Type": "Hash Join",
                    "Parent Relationship": "Outer",
                    "Parallel Aware": false,
                    "Join Type": "Inner",
                    "Startup Cost": 18.93,
                    "Total Cost": 2468.5,
                    "Plan Rows": 761,
                    "Plan Width": 8,
                    "Actual Startup Time": 0.065,
                    "Actual Total Time": 75.891,
                    "Actual Rows": 85941,
                    "Actual Loops": 3,
                    "Inner Unique": true,
                    "Hash Cond": "(cc.subject_id = cct1.id)",
                    "Plans": [
                      {
                        "Node Type": "Seq Scan",
                        "Parent Relationship": "Outer",
                        "Parallel Aware": false,
                        "Relation Name": "complete_cast",
                        "Alias": "cc",
                        "Startup Cost": 0.0,
                        "Total Cost": 2092.86,
                        "Plan Rows": 135086,
                        "Plan Width": 12,
                        "Actual Startup Time": 0.022,
                        "Actual Total Time": 19.659,
                        "Actual Rows": 135086,
                        "Actual Loops": 3
                      },
                      {
                        "Node Type": "Hash",
                        "Parent Relationship": "Inner",
                        "Parallel Aware": false,
                        "Startup Cost": 18.88,
                        "Total Cost": 18.88,
                        "Plan Rows": 4,
                        "Plan Width": 4,
                        "Actual Startup Time": 0.014,
                        "Actual Total Time": 0.018,
                        "Actual Rows": 1,
                        "Actual Loops": 3,
                        "Hash Buckets": 1024,
                        "Original Hash Buckets": 1024,
                        "Hash Batches": 1,
                        "Original Hash Batches": 1,
                        "Peak Memory Usage": 9,
                        "Plans": [
                          {
                            "Node Type": "Seq Scan",
                            "Parent Relationship": "Outer",
                            "Parallel Aware": false,
                            "Relation Name": "comp_cast_type",
                            "Alias": "cct1",
                            "Startup Cost": 0.0,
                            "Total Cost": 18.88,
                            "Plan Rows": 4,
                            "Plan Width": 4,
                            "Actual Startup Time": 0.008,
                            "Actual Total Time": 0.01,
                            "Actual Rows": 1,
                            "Actual Loops": 3,
                            "Filter": "((kind)::text = 'cast'::text)",
                            "Rows Removed by Filter": 3
                          }
                        ]
                      }
                    ]
                  },
                  {
                    "Node Type": "Hash",
                    "Parent Relationship": "Inner",
                    "Parallel Aware": false,
                    "Startup Cost": 18.88,
                    "Total Cost": 18.88,
                    "Plan Rows": 4,
                    "Plan Width": 4,
                    "Actual Startup Time": 0.042,
                    "Actual Total Time": 0.045,
                    "Actual Rows": 2,
                    "Actual Loops": 3,
                    "Hash Buckets": 1024,
                    "Original Hash Buckets": 1024,
                    "Hash Batches": 1,
                    "Original Hash Batches": 1,
                    "Peak Memory Usage": 9,
                    "Plans": [
                      {
                        "Node Type": "Seq Scan",
                        "Parent Relationship": "Outer",
                        "Parallel Aware": false,
                        "Relation Name": "comp_cast_type",
                        "Alias": "cct2",
                        "Startup Cost": 0.0,
                        "Total Cost": 18.88,
                        "Plan Rows": 4,
                        "Plan Width": 4,
                        "Actual Startup Time": 0.033,
                        "Actual Total Time": 0.036,
                        "Actual Rows": 2,
                        "Actual Loops": 3,
                        "Filter": "((kind)::text ~~ 'complete%'::text)",
                        "Rows Removed by Filter": 2
                      }
                    ]
                  }
                ]
              }
            ]
          }
        ]
      },
      {
        "Node Type": "Index Scan",
        "Parent Relationship": "Inner",
        "Parallel Aware": false,
        "Scan Direction": "Forward",
        "Index Name": "company_type_pkey",
        "Relation Name": "company_type",
        "Alias": "ct",
        "Startup Cost": 0.15,
        "Total Cost": 0.17,
        "Plan Rows": 1,
        "Plan Width": 4,
        "Actual Startup Time": 0.002,
        "Actual Total Time": 0.002,
        "Actual Rows": 1,
        "Actual Loops": 106313,
        "Index Cond": "(id = mc.company_type_id)",
        "Rows Removed by Index Recheck": 0,
        "Filter": "((kind)::text = 'production companies'::text)",
        "Rows Removed by Filter": 0
      }
    ]
  }
}