{
  "Plan": {
    "Node Type": "Nested Loop",
    "Parent Relationship": "Outer",
    "Parallel Aware": false,
    "Join Type": "Inner",
    "Startup Cost": 95459.24,
    "Total Cost": 389753.19,
    "Plan Rows": 1,
    "Plan Width": 134,
    "Actual Startup Time": 1796070.763,
    "Actual Total Time": 1797529.639,
    "Actual Rows": 248,
    "Actual Loops": 3,
    "Inner Unique": true,
    "Plans": [
      {
        "Node Type": "Hash Join",
        "Parent Relationship": "Outer",
        "Parallel Aware": true,
        "Join Type": "Inner",
        "Startup Cost": 95458.82,
        "Total Cost": 389752.75,
        "Plan Rows": 1,
        "Plan Width": 138,
        "Actual Startup Time": 1795338.389,
        "Actual Total Time": 1797516.414,
        "Actual Rows": 3873,
        "Actual Loops": 3,
        "Inner Unique": false,
        "Hash Cond": "(mi.movie_id = ml.movie_id)",
        "Plans": [
          {
            "Node Type": "Seq Scan",
            "Parent Relationship": "Outer",
            "Parallel Aware": true,
            "Relation Name": "movie_info",
            "Alias": "mi",
            "Startup Cost": 0.0,
            "Total Cost": 292840.11,
            "Plan Rows": 387682,
            "Plan Width": 4,
            "Actual Startup Time": 0.156,
            "Actual Total Time": 2610.017,
            "Actual Rows": 312074,
            "Actual Loops": 3,
            "Filter": "((info)::text = ANY ('{Sweden,Norway,Germany,Denmark,Swedish,Denish,Norwegian,German,English}'::text[]))",
            "Rows Removed by Filter": 4633166
          },
          {
            "Node Type": "Hash",
            "Parent Relationship": "Inner",
            "Parallel Aware": true,
            "Startup Cost": 95458.8,
            "Total Cost": 95458.8,
            "Plan Rows": 1,
            "Plan Width": 134,
            "Actual Startup Time": 1794833.584,
            "Actual Total Time": 1794833.618,
            "Actual Rows": 1099,
            "Actual Loops": 3,
            "Hash Buckets": 4096,
            "Original Hash Buckets": 1024,
            "Hash Batches": 1,
            "Original Hash Batches": 1,
            "Peak Memory Usage": 408,
            "Plans": [
              {
                "Node Type": "Nested Loop",
                "Parent Relationship": "Outer",
                "Parallel Aware": false,
                "Join Type": "Inner",
                "Startup Cost": 44247.03,
                "Total Cost": 95458.8,
                "Plan Rows": 1,
                "Plan Width": 134,
                "Actual Startup Time": 1790098.309,
                "Actual Total Time": 1793002.357,
                "Actual Rows": 1099,
                "Actual Loops": 3,
                "Inner Unique": true,
                "Plans": [
                  {
                    "Node Type": "Nested Loop",
                    "Parent Relationship": "Outer",
                    "Parallel Aware": false,
                    "Join Type": "Inner",
                    "Startup Cost": 44246.88,
                    "Total Cost": 95458.61,
                    "Plan Rows": 1,
                    "Plan Width": 56,
                    "Actual Startup Time": 1790059.119,
                    "Actual Total Time": 1792983.312,
                    "Actual Rows": 7109,
                    "Actual Loops": 3,
                    "Inner Unique": false,
                    "Join Filter": "(mk.movie_id = ml.movie_id)",
                    "Rows Removed by Join Filter": 5411511685,
                    "Plans": [
                      {
                        "Node Type": "Nested Loop",
                        "Parent Relationship": "Outer",
                        "Parallel Aware": false,
                        "Join Type": "Inner",
                        "Startup Cost": 44246.88,
                        "Total Cost": 94620.68,
                        "Plan Rows": 1,
                        "Plan Width": 48,
                        "Actual Startup Time": 634.805,
                        "Actual Total Time": 9777.521,
                        "Actual Rows": 180402,
                        "Actual Loops": 3,
                        "Inner Unique": true,
                        "Plans": [
                          {
                            "Node Type": "Hash Join",
                            "Parent Relationship": "Outer",
                            "Parallel Aware": true,
                            "Join Type": "Inner",
                            "Startup Cost": 44246.46,
                            "Total Cost": 94618.85,
                            "Plan Rows": 4,
                            "Plan Width": 20,
                            "Actual Startup Time": 630.664,
                            "Actual Total Time": 2403.647,
                            "Actual Rows": 738184,
                            "Actual Loops": 3,
                            "Inner Unique": false,
                            "Hash Cond": "(mk.movie_id = mc.movie_id)",
                            "Plans": [
                              {
                                "Node Type": "Seq Scan",
                                "Parent Relationship": "Outer",
                                "Parallel Aware": true,
                                "Relation Name": "movie_keyword",
                                "Alias": "mk",
                                "Startup Cost": 0.0,
                                "Total Cost": 43303.71,
                                "Plan Rows": 1884971,
                                "Plan Width": 8,
                                "Actual Startup Time": 0.04,
                                "Actual Total Time": 439.695,
                                "Actual Rows": 1507977,
                                "Actual Loops": 3
                              },
                              {
                                "Node Type": "Hash",
                                "Parent Relationship": "Inner",
                                "Parallel Aware": true,
                                "Startup Cost": 44246.45,
                                "Total Cost": 44246.45,
                                "Plan Rows": 1,
                                "Plan Width": 12,
                                "Actual Startup Time": 630.554,
                                "Actual Total Time": 630.582,
                                "Actual Rows": 31614,
                                "Actual Loops": 3,
                                "Hash Buckets": 131072,
                                "Original Hash Buckets": 1024,
                                "Hash Batches": 1,
                                "Original Hash Batches": 1,
                                "Peak Memory Usage": 6552,
                                "Plans": [
                                  {
                                    "Node Type": "Nested Loop",
                                    "Parent Relationship": "Outer",
                                    "Parallel Aware": false,
                                    "Join Type": "Inner",
                                    "Startup Cost": 2489.63,
                                    "Total Cost": 44246.45,
                                    "Plan Rows": 1,
                                    "Plan Width": 12,
                                    "Actual Startup Time": 247.001,
                                    "Actual Total Time": 591.102,
                                    "Actual Rows": 31614,
                                    "Actual Loops": 3,
                                    "Inner Unique": true,
                                    "Plans": [
                                      {
                                        "Node Type": "Hash Join",
                                        "Parent Relationship": "Outer",
                                        "Parallel Aware": false,
                                        "Join Type": "Inner",
                                        "Startup Cost": 2489.48,
                                        "Total Cost": 44245.76,
                                        "Plan Rows": 4,
                                        "Plan Width": 16,
                                        "Actual Startup Time": 134.549,
                                        "Actual Total Time": 498.011,
                                        "Actual Rows": 35438,
                                        "Actual Loops": 3,
                                        "Inner Unique": false,
                                        "Hash Cond": "(mc.movie_id = cc.movie_id)",
                                        "Plans": [
                                          {
                                            "Node Type": "Seq Scan",
                                            "Parent Relationship": "Outer",
                                            "Parallel Aware": true,
                                            "Relation Name": "movie_companies",
                                            "Alias": "mc",
                                            "Startup Cost": 0.0,
                                            "Total Cost": 39752.37,
                                            "Plan Rows": 534364,
                                            "Plan Width": 12,
                                            "Actual Startup Time": 0.82,
                                            "Actual Total Time": 241.527,
                                            "Actual Rows": 423996,
                                            "Actual Loops": 3,
                                            "Filter": "(note IS NULL)",
                                            "Rows Removed by Filter": 445713
                                          },
                                          {
                                            "Node Type": "Hash",
                                            "Parent Relationship": "Inner",
                                            "Parallel Aware": false,
                                            "Startup Cost": 2489.43,
                                            "Total Cost": 2489.43,
                                            "Plan Rows": 4,
                                            "Plan Width": 4,
                                            "Actual Startup Time": 133.669,
                                            "Actual Total Time": 133.685,
                                            "Actual Rows": 85941,
                                            "Actual Loops": 3,
                                            "Hash Buckets": 131072,
                                            "Original Hash Buckets": 1024,
                                            "Hash Batches": 1,
                                            "Original Hash Batches": 1,
                                            "Peak Memory Usage": 4046,
                                            "Plans": [
                                              {
                                                "Node Type": "Hash Join",
                                                "Parent Relationship": "Outer",
                                                "Parallel Aware": false,
                                                "Join Type": "Inner",
                                                "Startup Cost": 37.85,
                                                "Total Cost": 2489.43,
                                                "Plan Rows": 4,
                                                "Plan Width": 4,
                                                "Actual Startup Time": 0.13,
                                                "Actual Total Time": 103.876,
                                                "Actual Rows": 85941,
                                                "Actual Loops": 3,
                                                "Inner Unique": true,
                                                "Hash Cond": "(cc.status_id = cct2.id)",
                                                "Plans": [
                                                  {
                                                    "Node Type": "Hash Join",
                                                    "Parent Relationship": "Outer",
                                                    "Parallel Aware": false,
                                                    "Join Type": "Inner",
                                                    "Startup Cost": 18.93,
                                                    "Total Cost": 2468.5,
                                                    "Plan Rows": 761,
                                                    "Plan Width": 8,
                                                    "Actual Startup Time": 0.065,
                                                    "Actual Total Time": 75.891,
                                                    "Actual Rows": 85941,
                                                    "Actual Loops": 3,
                                                    "Inner Unique": true,
                                                    "Hash Cond": "(cc.subject_id = cct1.id)",
                                                    "Plans": [
                                                      {
                                                        "Node Type": "Seq Scan",
                                                        "Parent Relationship": "Outer",
                                                        "Parallel Aware": false,
                                                        "Relation Name": "complete_cast",
                                                        "Alias": "cc",
                                                        "Startup Cost": 0.0,
                                                        "Total Cost": 2092.86,
                                                        "Plan Rows": 135086,
                                                        "Plan Width": 12,
                                                        "Actual Startup Time": 0.022,
                                                        "Actual Total Time": 19.659,
                                                        "Actual Rows": 135086,
                                                        "Actual Loops": 3
                                                      },
                                                      {
                                                        "Node Type": "Hash",
                                                        "Parent Relationship": "Inner",
                                                        "Parallel Aware": false,
                                                        "Startup Cost": 18.88,
                                                        "Total Cost": 18.88,
                                                        "Plan Rows": 4,
                                                        "Plan Width": 4,
                                                        "Actual Startup Time": 0.014,
                                                        "Actual Total Time": 0.018,
                                                        "Actual Rows": 1,
                                                        "Actual Loops": 3,
                                                        "Hash Buckets": 1024,
                                                        "Original Hash Buckets": 1024,
                                                        "Hash Batches": 1,
                                                        "Original Hash Batches": 1,
                                                        "Peak Memory Usage": 9,
                                                        "Plans": [
                                                          {
                                                            "Node Type": "Seq Scan",
                                                            "Parent Relationship": "Outer",
                                                            "Parallel Aware": false,
                                                            "Relation Name": "comp_cast_type",
                                                            "Alias": "cct1",
                                                            "Startup Cost": 0.0,
                                                            "Total Cost": 18.88,
                                                            "Plan Rows": 4,
                                                            "Plan Width": 4,
                                                            "Actual Startup Time": 0.008,
                                                            "Actual Total Time": 0.01,
                                                            "Actual Rows": 1,
                                                            "Actual Loops": 3,
                                                            "Filter": "((kind)::text = 'cast'::text)",
                                                            "Rows Removed by Filter": 3
                                                          }
                                                        ]
                                                      }
                                                    ]
                                                  },
                                                  {
                                                    "Node Type": "Hash",
                                                    "Parent Relationship": "Inner",
                                                    "Parallel Aware": false,
                                                    "Startup Cost": 18.88,
                                                    "Total Cost": 18.88,
                                                    "Plan Rows": 4,
                                                    "Plan Width": 4,
                                                    "Actual Startup Time": 0.042,
                                                    "Actual Total Time": 0.045,
                                                    "Actual Rows": 2,
                                                    "Actual Loops": 3,
                                                    "Hash Buckets": 1024,
                                                    "Original Hash Buckets": 1024,
                                                    "Hash Batches": 1,
                                                    "Original Hash Batches": 1,
                                                    "Peak Memory Usage": 9,
                                                    "Plans": [
                                                      {
                                                        "Node Type": "Seq Scan",
                                                        "Parent Relationship": "Outer",
                                                        "Parallel Aware": false,
                                                        "Relation Name": "comp_cast_type",
                                                        "Alias": "cct2",
                                                        "Startup Cost": 0.0,
                                                        "Total Cost": 18.88,
                                                        "Plan Rows": 4,
                                                        "Plan Width": 4,
                                                        "Actual Startup Time": 0.033,
                                                        "Actual Total Time": 0.036,
                                                        "Actual Rows": 2,
                                                        "Actual Loops": 3,
                                                        "Filter": "((kind)::text ~~ 'complete%'::text)",
                                                        "Rows Removed by Filter": 2
                                                      }
                                                    ]
                                                  }
                                                ]
                                              }
                                            ]
                                          }
                                        ]
                                      },
                                      {
                                        "Node Type": "Index Scan",
                                        "Parent Relationship": "Inner",
                                        "Parallel Aware": false,
                                        "Scan Direction": "Forward",
                                        "Index Name": "company_type_pkey",
                                        "Relation Name": "company_type",
                                        "Alias": "ct",
                                        "Startup Cost": 0.15,
                                        "Total Cost": 0.17,
                                        "Plan Rows": 1,
                                        "Plan Width": 4,
                                        "Actual Startup Time": 0.002,
                                        "Actual Total Time": 0.002,
                                        "Actual Rows": 1,
                                        "Actual Loops": 106313,
                                        "Index Cond": "(id = mc.company_type_id)",
                                        "Rows Removed by Index Recheck": 0,
                                        "Filter": "((kind)::text = 'production companies'::text)",
                                        "Rows Removed by Filter": 0
                                      }
                                    ]
                                  }
                                ]
                              }
                            ]
                          },
                          {
                            "Node Type": "Index Scan",
                            "Parent Relationship": "Inner",
                            "Parallel Aware": false,
                            "Scan Direction": "Forward",
                            "Index Name": "company_name_pkey",
                            "Relation Name": "company_name",
                            "Alias": "cn",
                            "Startup Cost": 0.42,
                            "Total Cost": 0.46,
                            "Plan Rows": 1,
                            "Plan Width": 36,
                            "Actual Startup Time": 0.008,
                            "Actual Total Time": 0.008,
                            "Actual Rows": 0,
                            "Actual Loops": 2214553,
                            "Index Cond": "(id = mc.company_id)",
                            "Rows Removed by Index Recheck": 0,
                            "Filter": "(((country_code)::text <> '[pl]'::text) AND (((name)::text ~~ '%Film%'::text) OR ((name)::text ~~ '%Warner%'::text)))",
                            "Rows Removed by Filter": 1
                          }
                        ]
                      },
                      {
                        "Node Type": "Seq Scan",
                        "Parent Relationship": "Inner",
                        "Parallel Aware": false,
                        "Relation Name": "movie_link",
                        "Alias": "ml",
                        "Startup Cost": 0.0,
                        "Total Cost": 462.97,
                        "Plan Rows": 29997,
                        "Plan Width": 8,
                        "Actual Startup Time": 0.016,
                        "Actual Total Time": 5.837,
                        "Actual Rows": 29997,
                        "Actual Loops": 541206
                      }
                    ]
                  },
                  {
                    "Node Type": "Index Scan",
                    "Parent Relationship": "Inner",
                    "Parallel Aware": false,
                    "Scan Direction": "Forward",
                    "Index Name": "link_type_pkey",
                    "Relation Name": "link_type",
                    "Alias": "lt",
                    "Startup Cost": 0.15,
                    "Total Cost": 0.17,
                    "Plan Rows": 1,
                    "Plan Width": 86,
                    "Actual Startup Time": 0.002,
                    "Actual Total Time": 0.002,
                    "Actual Rows": 0,
                    "Actual Loops": 21328,
                    "Index Cond": "(id = ml.link_type_id)",
                    "Rows Removed by Index Recheck": 0,
                    "Filter": "((link)::text ~~ '%follow%'::text)",
                    "Rows Removed by Filter": 1
                  }
                ]
              }
            ]
          }
        ]
      },
      {
        "Node Type": "Index Scan",
        "Parent Relationship": "Inner",
        "Parallel Aware": false,
        "Scan Direction": "Forward",
        "Index Name": "keyword_pkey",
        "Relation Name": "keyword",
        "Alias": "k",
        "Startup Cost": 0.42,
        "Total Cost": 0.44,
        "Plan Rows": 1,
        "Plan Width": 4,
        "Actual Startup Time": 0.003,
        "Actual Total Time": 0.003,
        "Actual Rows": 0,
        "Actual Loops": 11620,
        "Index Cond": "(id = mk.keyword_id)",
        "Rows Removed by Index Recheck": 0,
        "Filter": "((keyword)::text = 'sequel'::text)",
        "Rows Removed by Filter": 1
      }
    ]
  }
}