{
  "Plan": {
    "Node Type": "Nested Loop",
    "Parent Relationship": "Outer",
    "Parallel Aware": false,
    "Join Type": "Inner",
    "Startup Cost": 16714.56,
    "Total Cost": 318393.41,
    "Plan Rows": 35,
    "Plan Width": 38,
    "Actual Startup Time": 3246.719,
    "Actual Total Time": 4297.224,
    "Actual Rows": 34451,
    "Actual Loops": 3,
    "Inner Unique": true,
    "Join Filter": "(mi.movie_id = t.id)",
    "Rows Removed by Join Filter": 0,
    "Plans": [
      {
        "Node Type": "Hash Join",
        "Parent Relationship": "Outer",
        "Parallel Aware": false,
        "Join Type": "Inner",
        "Startup Cost": 16714.13,
        "Total Cost": 318355.83,
        "Plan Rows": 63,
        "Plan Width": 13,
        "Actual Startup Time": 3246.483,
        "Actual Total Time": 3447.425,
        "Actual Rows": 71080,
        "Actual Loops": 3,
        "Inner Unique": true,
        "Hash Cond": "(mi.info_type_id = it1.id)",
        "Plans": [
          {
            "Node Type": "Hash Join",
            "Parent Relationship": "Outer",
            "Parallel Aware": true,
            "Join Type": "Inner",
            "Startup Cost": 16711.7,
            "Total Cost": 318334.04,
            "Plan Rows": 7111,
            "Plan Width": 17,
            "Actual Startup Time": 3246.362,
            "Actual Total Time": 3413.835,
            "Actual Rows": 85451,
            "Actual Loops": 3,
            "Inner Unique": false,
            "Hash Cond": "(mi.movie_id = mi_idx.movie_id)",
            "Plans": [
              {
                "Node Type": "Seq Scan",
                "Parent Relationship": "Outer",
                "Parallel Aware": true,
                "Relation Name": "movie_info",
                "Alias": "mi",
                "Startup Cost": 0.0,
                "Total Cost": 300537.0,
                "Plan Rows": 281520,
                "Plan Width": 8,
                "Actual Startup Time": 0.114,
                "Actual Total Time": 2715.087,
                "Actual Rows": 238737,
                "Actual Loops": 3,
                "Filter": "((info)::text = ANY ('{Sweden,Norway,Germany,Denmark,Swedish,Danish,Norwegian,German,USA,American}'::text[]))",
                "Rows Removed by Filter": 4706503
              },
              {
                "Node Type": "Hash",
                "Parent Relationship": "Inner",
                "Parallel Aware": true,
                "Startup Cost": 16649.78,
                "Total Cost": 16649.78,
                "Plan Rows": 4954,
                "Plan Width": 9,
                "Actual Startup Time": 450.43,
                "Actual Total Time": 450.458,
                "Actual Rows": 151410,
                "Actual Loops": 3,
                "Hash Buckets": 131072,
                "Original Hash Buckets": 16384,
                "Hash Batches": 8,
                "Original Hash Batches": 1,
                "Peak Memory Usage": 3296,
                "Plans": [
                  {
                    "Node Type": "Hash Join",
                    "Parent Relationship": "Outer",
                    "Parallel Aware": false,
                    "Join Type": "Inner",
                    "Startup Cost": 2.43,
                    "Total Cost": 16649.78,
                    "Plan Rows": 4954,
                    "Plan Width": 9,
                    "Actual Startup Time": 0.27,
                    "Actual Total Time": 342.294,
                    "Actual Rows": 151410,
                    "Actual Loops": 3,
                    "Inner Unique": true,
                    "Hash Cond": "(mi_idx.info_type_id = it2.id)",
                    "Plans": [
                      {
                        "Node Type": "Seq Scan",
                        "Parent Relationship": "Outer",
                        "Parallel Aware": true,
                        "Relation Name": "movie_info_idx",
                        "Alias": "mi_idx",
                        "Startup Cost": 0.0,
                        "Total Cost": 15122.68,
                        "Plan Rows": 559831,
                        "Plan Width": 13,
                        "Actual Startup Time": 0.209,
                        "Actual Total Time": 245.922,
                        "Actual Rows": 447852,
                        "Actual Loops": 3,
                        "Filter": "((info)::text < '8.5'::text)",
                        "Rows Removed by Filter": 12160
                      },
                      {
                        "Node Type": "Hash",
                        "Parent Relationship": "Inner",
                        "Parallel Aware": false,
                        "Startup Cost": 2.41,
                        "Total Cost": 2.41,
                        "Plan Rows": 1,
                        "Plan Width": 4,
                        "Actual Startup Time": 0.03,
                        "Actual Total Time": 0.04,
                        "Actual Rows": 1,
                        "Actual Loops": 3,
                        "Hash Buckets": 1024,
                        "Original Hash Buckets": 1024,
                        "Hash Batches": 1,
                        "Original Hash Batches": 1,
                        "Peak Memory Usage": 9,
                        "Plans": [
                          {
                            "Node Type": "Seq Scan",
                            "Parent Relationship": "Outer",
                            "Parallel Aware": false,
                            "Relation Name": "info_type",
                            "Alias": "it2",
                            "Startup Cost": 0.0,
                            "Total Cost": 2.41,
                            "Plan Rows": 1,
                            "Plan Width": 4,
                            "Actual Startup Time": 0.02,
                            "Actual Total Time": 0.026,
                            "Actual Rows": 1,
                            "Actual Loops": 3,
                            "Filter": "((info)::text = 'rating'::text)",
                            "Rows Removed by Filter": 112
                          }
                        ]
                      }
                    ]
                  }
                ]
              }
            ]
          },
          {
            "Node Type": "Hash",
            "Parent Relationship": "Inner",
            "Parallel Aware": false,
            "Startup Cost": 2.41,
            "Total Cost": 2.41,
            "Plan Rows": 1,
            "Plan Width": 4,
            "Actual Startup Time": 0.079,
            "Actual Total Time": 0.083,
            "Actual Rows": 1,
            "Actual Loops": 3,
            "Hash Buckets": 1024,
            "Original Hash Buckets": 1024,
            "Hash Batches": 1,
            "Original Hash Batches": 1,
            "Peak Memory Usage": 9,
            "Plans": [
              {
                "Node Type": "Seq Scan",
                "Parent Relationship": "Outer",
                "Parallel Aware": false,
                "Relation Name": "info_type",
                "Alias": "it1",
                "Startup Cost": 0.0,
                "Total Cost": 2.41,
                "Plan Rows": 1,
                "Plan Width": 4,
                "Actual Startup Time": 0.046,
                "Actual Total Time": 0.07,
                "Actual Rows": 1,
                "Actual Loops": 3,
                "Filter": "((info)::text = 'countries'::text)",
                "Rows Removed by Filter": 112
              }
            ]
          }
        ]
      },
      {
        "Node Type": "Index Scan",
        "Parent Relationship": "Inner",
        "Parallel Aware": false,
        "Scan Direction": "Forward",
        "Index Name": "title_pkey",
        "Relation Name": "title",
        "Alias": "t",
        "Startup Cost": 0.43,
        "Total Cost": 0.58,
        "Plan Rows": 1,
        "Plan Width": 25,
        "Actual Startup Time": 0.011,
        "Actual Total Time": 0.011,
        "Actual Rows": 0,
        "Actual Loops": 213239,
        "Index Cond": "(id = mi_idx.movie_id)",
        "Rows Removed by Index Recheck": 0,
        "Filter": "(production_year > 2000)",
        "Rows Removed by Filter": 1
      }
    ]
  }
}