{
  "Plan": {
    "Node Type": "Hash Join",
    "Parent Relationship": "Outer",
    "Parallel Aware": true,
    "Join Type": "Inner",
    "Startup Cost": 47924.87,
    "Total Cost": 287709.39,
    "Plan Rows": 1,
    "Plan Width": 12,
    "Actual Startup Time": 303.864,
    "Actual Total Time": 303.869,
    "Actual Rows": 0,
    "Actual Loops": 3,
    "Inner Unique": false,
    "Hash Cond": "(mi.movie_id = mc.movie_id)",
    "Plans": [
      {
        "Node Type": "Seq Scan",
        "Parent Relationship": "Outer",
        "Parallel Aware": true,
        "Relation Name": "movie_info",
        "Alias": "mi",
        "Startup Cost": 0.0,
        "Total Cost": 238961.89,
        "Plan Rows": 219365,
        "Plan Width": 8,
        "Actual Startup Time": 0.0,
        "Actual Total Time": 0.0,
        "Actual Rows": 0,
        "Actual Loops": 0,
        "Filter": "((info)::text = ANY ('{USA,America}'::text[]))",
        "Rows Removed by Filter": 0
      },
      {
        "Node Type": "Hash",
        "Parent Relationship": "Inner",
        "Parallel Aware": true,
        "Startup Cost": 47924.86,
        "Total Cost": 47924.86,
        "Plan Rows": 1,
        "Plan Width": 4,
        "Actual Startup Time": 303.436,
        "Actual Total Time": 303.439,
        "Actual Rows": 0,
        "Actual Loops": 3,
        "Hash Buckets": 1024,
        "Original Hash Buckets": 1024,
        "Hash Batches": 1,
        "Original Hash Batches": 1,
        "Peak Memory Usage": 0,
        "Plans": [
          {
            "Node Type": "Hash Join",
            "Parent Relationship": "Outer",
            "Parallel Aware": false,
            "Join Type": "Inner",
            "Startup Cost": 18.93,
            "Total Cost": 47924.86,
            "Plan Rows": 1,
            "Plan Width": 4,
            "Actual Startup Time": 303.344,
            "Actual Total Time": 303.347,
            "Actual Rows": 0,
            "Actual Loops": 3,
            "Inner Unique": true,
            "Hash Cond": "(mc.company_type_id = ct.id)",
            "Plans": [
              {
                "Node Type": "Seq Scan",
                "Parent Relationship": "Outer",
                "Parallel Aware": true,
                "Relation Name": "movie_companies",
                "Alias": "mc",
                "Startup Cost": 0.0,
                "Total Cost": 47905.9,
                "Plan Rows": 13,
                "Plan Width": 8,
                "Actual Startup Time": 2.744,
                "Actual Total Time": 303.072,
                "Actual Rows": 473,
                "Actual Loops": 3,
                "Filter": "(((note)::text ~~ '%(VHS)%'::text) AND ((note)::text ~~ '%(USA)%'::text) AND ((note)::text ~~ '%(1994)%'::text))",
                "Rows Removed by Filter": 869237
              },
              {
                "Node Type": "Hash",
                "Parent Relationship": "Inner",
                "Parallel Aware": false,
                "Startup Cost": 18.88,
                "Total Cost": 18.88,
                "Plan Rows": 4,
                "Plan Width": 4,
                "Actual Startup Time": 0.04,
                "Actual Total Time": 0.041,
                "Actual Rows": 1,
                "Actual Loops": 3,
                "Hash Buckets": 1024,
                "Original Hash Buckets": 1024,
                "Hash Batches": 1,
                "Original Hash Batches": 1,
                "Peak Memory Usage": 9,
                "Plans": [
                  {
                    "Node Type": "Seq Scan",
                    "Parent Relationship": "Outer",
                    "Parallel Aware": false,
                    "Relation Name": "company_type",
                    "Alias": "ct",
                    "Startup Cost": 0.0,
                    "Total Cost": 18.88,
                    "Plan Rows": 4,
                    "Plan Width": 4,
                    "Actual Startup Time": 0.031,
                    "Actual Total Time": 0.032,
                    "Actual Rows": 1,
                    "Actual Loops": 3,
                    "Filter": "((kind)::text = 'production companies'::text)",
                    "Rows Removed by Filter": 3
                  }
                ]
              }
            ]
          }
        ]
      }
    ]
  }
}