{
  "Plan": {
    "Node Type": "Nested Loop",
    "Parent Relationship": "Outer",
    "Parallel Aware": false,
    "Join Type": "Inner",
    "Startup Cost": 270048.01,
    "Total Cost": 319239.91,
    "Plan Rows": 1,
    "Plan Width": 33,
    "Actual Startup Time": 5849.608,
    "Actual Total Time": 132818.197,
    "Actual Rows": 452,
    "Actual Loops": 3,
    "Inner Unique": true,
    "Plans": [
      {
        "Node Type": "Nested Loop",
        "Parent Relationship": "Outer",
        "Parallel Aware": false,
        "Join Type": "Inner",
        "Startup Cost": 270047.86,
        "Total Cost": 319239.73,
        "Plan Rows": 1,
        "Plan Width": 37,
        "Actual Startup Time": 4415.758,
        "Actual Total Time": 132782.038,
        "Actual Rows": 1830,
        "Actual Loops": 3,
        "Inner Unique": false,
        "Join Filter": "(mi.movie_id = cc.movie_id)",
        "Rows Removed by Join Filter": 389586194,
        "Plans": [
          {
            "Node Type": "Hash Join",
            "Parent Relationship": "Outer",
            "Parallel Aware": true,
            "Join Type": "Inner",
            "Startup Cost": 270047.86,
            "Total Cost": 315458.3,
            "Plan Rows": 1,
            "Plan Width": 25,
            "Actual Startup Time": 2342.391,
            "Actual Total Time": 2759.944,
            "Actual Rows": 2884,
            "Actual Loops": 3,
            "Inner Unique": false,
            "Hash Cond": "(mc.movie_id = mi.movie_id)",
            "Plans": [
              {
                "Node Type": "Seq Scan",
                "Parent Relationship": "Outer",
                "Parallel Aware": true,
                "Relation Name": "movie_companies",
                "Alias": "mc",
                "Startup Cost": 0.0,
                "Total Cost": 45188.06,
                "Plan Rows": 59298,
                "Plan Width": 12,
                "Actual Startup Time": 0.119,
                "Actual Total Time": 368.599,
                "Actual Rows": 101090,
                "Actual Loops": 3,
                "Filter": "(((note)::text !~~ '%(USA)%'::text) AND ((note)::text ~~ '%(200%)%'::text))",
                "Rows Removed by Filter": 768619
              },
              {
                "Node Type": "Hash",
                "Parent Relationship": "Inner",
                "Parallel Aware": true,
                "Startup Cost": 270047.83,
                "Total Cost": 270047.83,
                "Plan Rows": 3,
                "Plan Width": 13,
                "Actual Startup Time": 2341.263,
                "Actual Total Time": 2341.291,
                "Actual Rows": 1925,
                "Actual Loops": 3,
                "Hash Buckets": 4096,
                "Original Hash Buckets": 1024,
                "Hash Batches": 1,
                "Original Hash Batches": 1,
                "Peak Memory Usage": 344,
                "Plans": [
                  {
                    "Node Type": "Hash Join",
                    "Parent Relationship": "Outer",
                    "Parallel Aware": false,
                    "Join Type": "Inner",
                    "Startup Cost": 15475.59,
                    "Total Cost": 270047.83,
                    "Plan Rows": 3,
                    "Plan Width": 13,
                    "Actual Startup Time": 310.755,
                    "Actual Total Time": 2286.915,
                    "Actual Rows": 1925,
                    "Actual Loops": 3,
                    "Inner Unique": true,
                    "Hash Cond": "(mi.info_type_id = it1.id)",
                    "Plans": [
                      {
                        "Node Type": "Hash Join",
                        "Parent Relationship": "Outer",
                        "Parallel Aware": true,
                        "Join Type": "Inner",
                        "Startup Cost": 15473.17,
                        "Total Cost": 270044.54,
                        "Plan Rows": 317,
                        "Plan Width": 17,
                        "Actual Startup Time": 310.654,
                        "Actual Total Time": 2285.231,
                        "Actual Rows": 4480,
                        "Actual Loops": 3,
                        "Inner Unique": false,
                        "Hash Cond": "(mi.movie_id = mi_idx.movie_id)",
                        "Plans": [
                          {
                            "Node Type": "Seq Scan",
                            "Parent Relationship": "Outer",
                            "Parallel Aware": true,
                            "Relation Name": "movie_info",
                            "Alias": "mi",
                            "Startup Cost": 0.0,
                            "Total Cost": 254355.67,
                            "Plan Rows": 57168,
                            "Plan Width": 8,
                            "Actual Startup Time": 0.141,
                            "Actual Total Time": 1950.667,
                            "Actual Rows": 44746,
                            "Actual Loops": 3,
                            "Filter": "((info)::text = ANY ('{Sweden,Germany,Swedish,German}'::text[]))",
                            "Rows Removed by Filter": 4900494
                          },
                          {
                            "Node Type": "Hash",
                            "Parent Relationship": "Inner",
                            "Parallel Aware": true,
                            "Startup Cost": 15459.58,
                            "Total Cost": 15459.58,
                            "Plan Rows": 1087,
                            "Plan Width": 9,
                            "Actual Startup Time": 310.292,
                            "Actual Total Time": 310.304,
                            "Actual Rows": 64971,
                            "Actual Loops": 3,
                            "Hash Buckets": 262144,
                            "Original Hash Buckets": 4096,
                            "Hash Batches": 1,
                            "Original Hash Batches": 1,
                            "Peak Memory Usage": 11744,
                            "Plans": [
                              {
                                "Node Type": "Hash Join",
                                "Parent Relationship": "Outer",
                                "Parallel Aware": false,
                                "Join Type": "Inner",
                                "Startup Cost": 2.43,
                                "Total Cost": 15459.58,
                                "Plan Rows": 1087,
                                "Plan Width": 9,
                                "Actual Startup Time": 0.11,
                                "Actual Total Time": 261.481,
                                "Actual Rows": 64971,
                                "Actual Loops": 3,
                                "Inner Unique": true,
                                "Hash Cond": "(mi_idx.info_type_id = it2.id)",
                                "Plans": [
                                  {
                                    "Node Type": "Seq Scan",
                                    "Parent Relationship": "Outer",
                                    "Parallel Aware": true,
                                    "Relation Name": "movie_info_idx",
                                    "Alias": "mi_idx",
                                    "Startup Cost": 0.0,
                                    "Total Cost": 15122.68,
                                    "Plan Rows": 122811,
                                    "Plan Width": 13,
                                    "Actual Startup Time": 0.052,
                                    "Actual Total Time": 232.788,
                                    "Actual Rows": 99619,
                                    "Actual Loops": 3,
                                    "Filter": "((info)::text > '6.5'::text)",
                                    "Rows Removed by Filter": 360393
                                  },
                                  {
                                    "Node Type": "Hash",
                                    "Parent Relationship": "Inner",
                                    "Parallel Aware": false,
                                    "Startup Cost": 2.41,
                                    "Total Cost": 2.41,
                                    "Plan Rows": 1,
                                    "Plan Width": 4,
                                    "Actual Startup Time": 0.026,
                                    "Actual Total Time": 0.028,
                                    "Actual Rows": 1,
                                    "Actual Loops": 3,
                                    "Hash Buckets": 1024,
                                    "Original Hash Buckets": 1024,
                                    "Hash Batches": 1,
                                    "Original Hash Batches": 1,
                                    "Peak Memory Usage": 9,
                                    "Plans": [
                                      {
                                        "Node Type": "Seq Scan",
                                        "Parent Relationship": "Outer",
                                        "Parallel Aware": false,
                                        "Relation Name": "info_type",
                                        "Alias": "it2",
                                        "Startup Cost": 0.0,
                                        "Total Cost": 2.41,
                                        "Plan Rows": 1,
                                        "Plan Width": 4,
                                        "Actual Startup Time": 0.019,
                                        "Actual Total Time": 0.022,
                                        "Actual Rows": 1,
                                        "Actual Loops": 3,
                                        "Filter": "((info)::text = 'rating'::text)",
                                        "Rows Removed by Filter": 112
                                      }
                                    ]
                                  }
                                ]
                              }
                            ]
                          }
                        ]
                      },
                      {
                        "Node Type": "Hash",
                        "Parent Relationship": "Inner",
                        "Parallel Aware": false,
                        "Startup Cost": 2.41,
                        "Total Cost": 2.41,
                        "Plan Rows": 1,
                        "Plan Width": 4,
                        "Actual Startup Time": 0.074,
                        "Actual Total Time": 0.076,
                        "Actual Rows": 1,
                        "Actual Loops": 3,
                        "Hash Buckets": 1024,
                        "Original Hash Buckets": 1024,
                        "Hash Batches": 1,
                        "Original Hash Batches": 1,
                        "Peak Memory Usage": 9,
                        "Plans": [
                          {
                            "Node Type": "Seq Scan",
                            "Parent Relationship": "Outer",
                            "Parallel Aware": false,
                            "Relation Name": "info_type",
                            "Alias": "it1",
                            "Startup Cost": 0.0,
                            "Total Cost": 2.41,
                            "Plan Rows": 1,
                            "Plan Width": 4,
                            "Actual Startup Time": 0.041,
                            "Actual Total Time": 0.065,
                            "Actual Rows": 1,
                            "Actual Loops": 3,
                            "Filter": "((info)::text = 'countries'::text)",
                            "Rows Removed by Filter": 112
                          }
                        ]
                      }
                    ]
                  }
                ]
              }
            ]
          },
          {
            "Node Type": "Seq Scan",
            "Parent Relationship": "Inner",
            "Parallel Aware": false,
            "Relation Name": "complete_cast",
            "Alias": "cc",
            "Startup Cost": 0.0,
            "Total Cost": 2092.86,
            "Plan Rows": 135086,
            "Plan Width": 12,
            "Actual Startup Time": 0.006,
            "Actual Total Time": 18.115,
            "Actual Rows": 135086,
            "Actual Loops": 8652
          }
        ]
      },
      {
        "Node Type": "Index Scan",
        "Parent Relationship": "Inner",
        "Parallel Aware": false,
        "Scan Direction": "Forward",
        "Index Name": "comp_cast_type_pkey",
        "Relation Name": "comp_cast_type",
        "Alias": "cct1",
        "Startup Cost": 0.15,
        "Total Cost": 0.17,
        "Plan Rows": 1,
        "Plan Width": 4,
        "Actual Startup Time": 0.014,
        "Actual Total Time": 0.014,
        "Actual Rows": 0,
        "Actual Loops": 5491,
        "Index Cond": "(id = cc.subject_id)",
        "Rows Removed by Index Recheck": 0,
        "Filter": "((kind)::text = 'crew'::text)",
        "Rows Removed by Filter": 1
      }
    ]
  }
}