{
  "Plan": {
    "Node Type": "Hash Join",
    "Parent Relationship": "Outer",
    "Parallel Aware": true,
    "Join Type": "Inner",
    "Startup Cost": 367591.77,
    "Total Cost": 417964.13,
    "Plan Rows": 1,
    "Plan Width": 30,
    "Actual Startup Time": 1310171.534,
    "Actual Total Time": 1310861.279,
    "Actual Rows": 253872,
    "Actual Loops": 3,
    "Inner Unique": false,
    "Hash Cond": "(mk.movie_id = t.id)",
    "Plans": [
      {
        "Node Type": "Seq Scan",
        "Parent Relationship": "Outer",
        "Parallel Aware": true,
        "Relation Name": "movie_keyword",
        "Alias": "mk",
        "Startup Cost": 0.0,
        "Total Cost": 43303.71,
        "Plan Rows": 1884971,
        "Plan Width": 8,
        "Actual Startup Time": 0.078,
        "Actual Total Time": 285.721,
        "Actual Rows": 1507977,
        "Actual Loops": 3
      },
      {
        "Node Type": "Hash",
        "Parent Relationship": "Inner",
        "Parallel Aware": true,
        "Startup Cost": 367591.76,
        "Total Cost": 367591.76,
        "Plan Rows": 1,
        "Plan Width": 46,
        "Actual Startup Time": 1310170.293,
        "Actual Total Time": 1310170.357,
        "Actual Rows": 2994,
        "Actual Loops": 3,
        "Hash Buckets": 16384,
        "Original Hash Buckets": 1024,
        "Hash Batches": 1,
        "Original Hash Batches": 1,
        "Peak Memory Usage": 984,
        "Plans": [
          {
            "Node Type": "Nested Loop",
            "Parent Relationship": "Outer",
            "Parallel Aware": false,
            "Join Type": "Inner",
            "Startup Cost": 318399.82,
            "Total Cost": 367591.76,
            "Plan Rows": 1,
            "Plan Width": 46,
            "Actual Startup Time": 8547.867,
            "Actual Total Time": 1161333.234,
            "Actual Rows": 2994,
            "Actual Loops": 3,
            "Inner Unique": true,
            "Plans": [
              {
                "Node Type": "Nested Loop",
                "Parent Relationship": "Outer",
                "Parallel Aware": false,
                "Join Type": "Inner",
                "Startup Cost": 318399.67,
                "Total Cost": 367591.59,
                "Plan Rows": 1,
                "Plan Width": 50,
                "Actual Startup Time": 8547.816,
                "Actual Total Time": 1161309.599,
                "Actual Rows": 3351,
                "Actual Loops": 3,
                "Inner Unique": true,
                "Plans": [
                  {
                    "Node Type": "Nested Loop",
                    "Parent Relationship": "Outer",
                    "Parallel Aware": false,
                    "Join Type": "Inner",
                    "Startup Cost": 318399.52,
                    "Total Cost": 367591.41,
                    "Plan Rows": 1,
                    "Plan Width": 54,
                    "Actual Startup Time": 8092.597,
                    "Actual Total Time": 1161009.087,
                    "Actual Rows": 16208,
                    "Actual Loops": 3,
                    "Inner Unique": false,
                    "Join Filter": "(t.id = cc.movie_id)",
                    "Rows Removed by Join Filter": 3452691895,
                    "Plans": [
                      {
                        "Node Type": "Nested Loop",
                        "Parent Relationship": "Outer",
                        "Parallel Aware": false,
                        "Join Type": "Inner",
                        "Startup Cost": 318399.52,
                        "Total Cost": 363809.98,
                        "Plan Rows": 1,
                        "Plan Width": 42,
                        "Actual Startup Time": 4496.976,
                        "Actual Total Time": 5627.481,
                        "Actual Rows": 25559,
                        "Actual Loops": 3,
                        "Inner Unique": true,
                        "Plans": [
                          {
                            "Node Type": "Hash Join",
                            "Parent Relationship": "Outer",
                            "Parallel Aware": true,
                            "Join Type": "Inner",
                            "Startup Cost": 318399.37,
                            "Total Cost": 363809.81,
                            "Plan Rows": 1,
                            "Plan Width": 46,
                            "Actual Startup Time": 4496.913,
                            "Actual Total Time": 5162.06,
                            "Actual Rows": 25559,
                            "Actual Loops": 3,
                            "Inner Unique": false,
                            "Hash Cond": "(mc.movie_id = t.id)",
                            "Plans": [
                              {
                                "Node Type": "Seq Scan",
                                "Parent Relationship": "Outer",
                                "Parallel Aware": true,
                                "Relation Name": "movie_companies",
                                "Alias": "mc",
                                "Startup Cost": 0.0,
                                "Total Cost": 45188.06,
                                "Plan Rows": 59298,
                                "Plan Width": 12,
                                "Actual Startup Time": 0.086,
                                "Actual Total Time": 491.011,
                                "Actual Rows": 101090,
                                "Actual Loops": 3,
                                "Filter": "(((note)::text !~~ '%(USA)%'::text) AND ((note)::text ~~ '%(200%)%'::text))",
                                "Rows Removed by Filter": 768619
                              },
                              {
                                "Node Type": "Hash",
                                "Parent Relationship": "Inner",
                                "Parallel Aware": true,
                                "Startup Cost": 318399.36,
                                "Total Cost": 318399.36,
                                "Plan Rows": 1,
                                "Plan Width": 34,
                                "Actual Startup Time": 4496.577,
                                "Actual Total Time": 4496.635,
                                "Actual Rows": 22704,
                                "Actual Loops": 3,
                                "Hash Buckets": 131072,
                                "Original Hash Buckets": 1024,
                                "Hash Batches": 1,
                                "Original Hash Batches": 1,
                                "Peak Memory Usage": 6648,
                                "Plans": [
                                  {
                                    "Node Type": "Nested Loop",
                                    "Parent Relationship": "Outer",
                                    "Parallel Aware": false,
                                    "Join Type": "Inner",
                                    "Startup Cost": 16714.71,
                                    "Total Cost": 318399.36,
                                    "Plan Rows": 1,
                                    "Plan Width": 34,
                                    "Actual Startup Time": 3246.785,
                                    "Actual Total Time": 4396.225,
                                    "Actual Rows": 22704,
                                    "Actual Loops": 3,
                                    "Inner Unique": true,
                                    "Plans": [
                                      {
                                        "Node Type": "Nested Loop",
                                        "Parent Relationship": "Outer",
                                        "Parallel Aware": false,
                                        "Join Type": "Inner",
                                        "Startup Cost": 16714.56,
                                        "Total Cost": 318393.41,
                                        "Plan Rows": 35,
                                        "Plan Width": 38,
                                        "Actual Startup Time": 3246.719,
                                        "Actual Total Time": 4297.224,
                                        "Actual Rows": 34451,
                                        "Actual Loops": 3,
                                        "Inner Unique": true,
                                        "Join Filter": "(mi.movie_id = t.id)",
                                        "Rows Removed by Join Filter": 0,
                                        "Plans": [
                                          {
                                            "Node Type": "Hash Join",
                                            "Parent Relationship": "Outer",
                                            "Parallel Aware": false,
                                            "Join Type": "Inner",
                                            "Startup Cost": 16714.13,
                                            "Total Cost": 318355.83,
                                            "Plan Rows": 63,
                                            "Plan Width": 13,
                                            "Actual Startup Time": 3246.483,
                                            "Actual Total Time": 3447.425,
                                            "Actual Rows": 71080,
                                            "Actual Loops": 3,
                                            "Inner Unique": true,
                                            "Hash Cond": "(mi.info_type_id = it1.id)",
                                            "Plans": [
                                              {
                                                "Node Type": "Hash Join",
                                                "Parent Relationship": "Outer",
                                                "Parallel Aware": true,
                                                "Join Type": "Inner",
                                                "Startup Cost": 16711.7,
                                                "Total Cost": 318334.04,
                                                "Plan Rows": 7111,
                                                "Plan Width": 17,
                                                "Actual Startup Time": 3246.362,
                                                "Actual Total Time": 3413.835,
                                                "Actual Rows": 85451,
                                                "Actual Loops": 3,
                                                "Inner Unique": false,
                                                "Hash Cond": "(mi.movie_id = mi_idx.movie_id)",
                                                "Plans": [
                                                  {
                                                    "Node Type": "Seq Scan",
                                                    "Parent Relationship": "Outer",
                                                    "Parallel Aware": true,
                                                    "Relation Name": "movie_info",
                                                    "Alias": "mi",
                                                    "Startup Cost": 0.0,
                                                    "Total Cost": 300537.0,
                                                    "Plan Rows": 281520,
                                                    "Plan Width": 8,
                                                    "Actual Startup Time": 0.114,
                                                    "Actual Total Time": 2715.087,
                                                    "Actual Rows": 238737,
                                                    "Actual Loops": 3,
                                                    "Filter": "((info)::text = ANY ('{Sweden,Norway,Germany,Denmark,Swedish,Danish,Norwegian,German,USA,American}'::text[]))",
                                                    "Rows Removed by Filter": 4706503
                                                  },
                                                  {
                                                    "Node Type": "Hash",
                                                    "Parent Relationship": "Inner",
                                                    "Parallel Aware": true,
                                                    "Startup Cost": 16649.78,
                                                    "Total Cost": 16649.78,
                                                    "Plan Rows": 4954,
                                                    "Plan Width": 9,
                                                    "Actual Startup Time": 450.43,
                                                    "Actual Total Time": 450.458,
                                                    "Actual Rows": 151410,
                                                    "Actual Loops": 3,
                                                    "Hash Buckets": 131072,
                                                    "Original Hash Buckets": 16384,
                                                    "Hash Batches": 8,
                                                    "Original Hash Batches": 1,
                                                    "Peak Memory Usage": 3296,
                                                    "Plans": [
                                                      {
                                                        "Node Type": "Hash Join",
                                                        "Parent Relationship": "Outer",
                                                        "Parallel Aware": false,
                                                        "Join Type": "Inner",
                                                        "Startup Cost": 2.43,
                                                        "Total Cost": 16649.78,
                                                        "Plan Rows": 4954,
                                                        "Plan Width": 9,
                                                        "Actual Startup Time": 0.27,
                                                        "Actual Total Time": 342.294,
                                                        "Actual Rows": 151410,
                                                        "Actual Loops": 3,
                                                        "Inner Unique": true,
                                                        "Hash Cond": "(mi_idx.info_type_id = it2.id)",
                                                        "Plans": [
                                                          {
                                                            "Node Type": "Seq Scan",
                                                            "Parent Relationship": "Outer",
                                                            "Parallel Aware": true,
                                                            "Relation Name": "movie_info_idx",
                                                            "Alias": "mi_idx",
                                                            "Startup Cost": 0.0,
                                                            "Total Cost": 15122.68,
                                                            "Plan Rows": 559831,
                                                            "Plan Width": 13,
                                                            "Actual Startup Time": 0.209,
                                                            "Actual Total Time": 245.922,
                                                            "Actual Rows": 447852,
                                                            "Actual Loops": 3,
                                                            "Filter": "((info)::text < '8.5'::text)",
                                                            "Rows Removed by Filter": 12160
                                                          },
                                                          {
                                                            "Node Type": "Hash",
                                                            "Parent Relationship": "Inner",
                                                            "Parallel Aware": false,
                                                            "Startup Cost": 2.41,
                                                            "Total Cost": 2.41,
                                                            "Plan Rows": 1,
                                                            "Plan Width": 4,
                                                            "Actual Startup Time": 0.03,
                                                            "Actual Total Time": 0.04,
                                                            "Actual Rows": 1,
                                                            "Actual Loops": 3,
                                                            "Hash Buckets": 1024,
                                                            "Original Hash Buckets": 1024,
                                                            "Hash Batches": 1,
                                                            "Original Hash Batches": 1,
                                                            "Peak Memory Usage": 9,
                                                            "Plans": [
                                                              {
                                                                "Node Type": "Seq Scan",
                                                                "Parent Relationship": "Outer",
                                                                "Parallel Aware": false,
                                                                "Relation Name": "info_type",
                                                                "Alias": "it2",
                                                                "Startup Cost": 0.0,
                                                                "Total Cost": 2.41,
                                                                "Plan Rows": 1,
                                                                "Plan Width": 4,
                                                                "Actual Startup Time": 0.02,
                                                                "Actual Total Time": 0.026,
                                                                "Actual Rows": 1,
                                                                "Actual Loops": 3,
                                                                "Filter": "((info)::text = 'rating'::text)",
                                                                "Rows Removed by Filter": 112
                                                              }
                                                            ]
                                                          }
                                                        ]
                                                      }
                                                    ]
                                                  }
                                                ]
                                              },
                                              {
                                                "Node Type": "Hash",
                                                "Parent Relationship": "Inner",
                                                "Parallel Aware": false,
                                                "Startup Cost": 2.41,
                                                "Total Cost": 2.41,
                                                "Plan Rows": 1,
                                                "Plan Width": 4,
                                                "Actual Startup Time": 0.079,
                                                "Actual Total Time": 0.083,
                                                "Actual Rows": 1,
                                                "Actual Loops": 3,
                                                "Hash Buckets": 1024,
                                                "Original Hash Buckets": 1024,
                                                "Hash Batches": 1,
                                                "Original Hash Batches": 1,
                                                "Peak Memory Usage": 9,
                                                "Plans": [
                                                  {
                                                    "Node Type": "Seq Scan",
                                                    "Parent Relationship": "Outer",
                                                    "Parallel Aware": false,
                                                    "Relation Name": "info_type",
                                                    "Alias": "it1",
                                                    "Startup Cost": 0.0,
                                                    "Total Cost": 2.41,
                                                    "Plan Rows": 1,
                                                    "Plan Width": 4,
                                                    "Actual Startup Time": 0.046,
                                                    "Actual Total Time": 0.07,
                                                    "Actual Rows": 1,
                                                    "Actual Loops": 3,
                                                    "Filter": "((info)::text = 'countries'::text)",
                                                    "Rows Removed by Filter": 112
                                                  }
                                                ]
                                              }
                                            ]
                                          },
                                          {
                                            "Node Type": "Index Scan",
                                            "Parent Relationship": "Inner",
                                            "Parallel Aware": false,
                                            "Scan Direction": "Forward",
                                            "Index Name": "title_pkey",
                                            "Relation Name": "title",
                                            "Alias": "t",
                                            "Startup Cost": 0.43,
                                            "Total Cost": 0.58,
                                            "Plan Rows": 1,
                                            "Plan Width": 25,
                                            "Actual Startup Time": 0.011,
                                            "Actual Total Time": 0.011,
                                            "Actual Rows": 0,
                                            "Actual Loops": 213239,
                                            "Index Cond": "(id = mi_idx.movie_id)",
                                            "Rows Removed by Index Recheck": 0,
                                            "Filter": "(production_year > 2000)",
                                            "Rows Removed by Filter": 1
                                          }
                                        ]
                                      },
                                      {
                                        "Node Type": "Index Scan",
                                        "Parent Relationship": "Inner",
                                        "Parallel Aware": false,
                                        "Scan Direction": "Forward",
                                        "Index Name": "kind_type_pkey",
                                        "Relation Name": "kind_type",
                                        "Alias": "kt",
                                        "Startup Cost": 0.15,
                                        "Total Cost": 0.17,
                                        "Plan Rows": 1,
                                        "Plan Width": 4,
                                        "Actual Startup Time": 0.002,
                                        "Actual Total Time": 0.002,
                                        "Actual Rows": 1,
                                        "Actual Loops": 103352,
                                        "Index Cond": "(id = t.kind_id)",
                                        "Rows Removed by Index Recheck": 0,
                                        "Filter": "((kind)::text = ANY ('{movie,episode}'::text[]))",
                                        "Rows Removed by Filter": 0
                                      }
                                    ]
                                  }
                                ]
                              }
                            ]
                          },
                          {
                            "Node Type": "Index Only Scan",
                            "Parent Relationship": "Inner",
                            "Parallel Aware": false,
                            "Scan Direction": "Forward",
                            "Index Name": "company_type_pkey",
                            "Relation Name": "company_type",
                            "Alias": "ct",
                            "Startup Cost": 0.15,
                            "Total Cost": 0.17,
                            "Plan Rows": 1,
                            "Plan Width": 4,
                            "Actual Startup Time": 0.012,
                            "Actual Total Time": 0.012,
                            "Actual Rows": 1,
                            "Actual Loops": 76678,
                            "Index Cond": "(id = mc.company_type_id)",
                            "Rows Removed by Index Recheck": 0,
                            "Heap Fetches": 76678
                          }
                        ]
                      },
                      {
                        "Node Type": "Seq Scan",
                        "Parent Relationship": "Inner",
                        "Parallel Aware": false,
                        "Relation Name": "complete_cast",
                        "Alias": "cc",
                        "Startup Cost": 0.0,
                        "Total Cost": 2092.86,
                        "Plan Rows": 135086,
                        "Plan Width": 12,
                        "Actual Startup Time": 0.005,
                        "Actual Total Time": 18.173,
                        "Actual Rows": 135086,
                        "Actual Loops": 76678
                      }
                    ]
                  },
                  {
                    "Node Type": "Index Scan",
                    "Parent Relationship": "Inner",
                    "Parallel Aware": false,
                    "Scan Direction": "Forward",
                    "Index Name": "comp_cast_type_pkey",
                    "Relation Name": "comp_cast_type",
                    "Alias": "cct1",
                    "Startup Cost": 0.15,
                    "Total Cost": 0.17,
                    "Plan Rows": 1,
                    "Plan Width": 4,
                    "Actual Startup Time": 0.013,
                    "Actual Total Time": 0.013,
                    "Actual Rows": 0,
                    "Actual Loops": 48623,
                    "Index Cond": "(id = cc.subject_id)",
                    "Rows Removed by Index Recheck": 0,
                    "Filter": "((kind)::text = 'crew'::text)",
                    "Rows Removed by Filter": 1
                  }
                ]
              },
              {
                "Node Type": "Index Scan",
                "Parent Relationship": "Inner",
                "Parallel Aware": false,
                "Scan Direction": "Forward",
                "Index Name": "comp_cast_type_pkey",
                "Relation Name": "comp_cast_type",
                "Alias": "cct2",
                "Startup Cost": 0.15,
                "Total Cost": 0.17,
                "Plan Rows": 1,
                "Plan Width": 4,
                "Actual Startup Time": 0.003,
                "Actual Total Time": 0.003,
                "Actual Rows": 1,
                "Actual Loops": 10053,
                "Index Cond": "(id = cc.status_id)",
                "Rows Removed by Index Recheck": 0,
                "Filter": "((kind)::text <> 'completeverified'::text)",
                "Rows Removed by Filter": 0
              }
            ]
          }
        ]
      }
    ]
  }
}