{
  "Plan": {
    "Node Type": "Hash Join",
    "Parent Relationship": "Outer",
    "Parallel Aware": false,
    "Join Type": "Inner",
    "Startup Cost": 18.93,
    "Total Cost": 45388.29,
    "Plan Rows": 387,
    "Plan Width": 4,
    "Actual Startup Time": 243.87,
    "Actual Total Time": 372.663,
    "Actual Rows": 266,
    "Actual Loops": 3,
    "Inner Unique": true,
    "Hash Cond": "(mc.company_type_id = ct.id)",
    "Plans": [
      {
        "Node Type": "Seq Scan",
        "Parent Relationship": "Outer",
        "Parallel Aware": true,
        "Relation Name": "movie_companies",
        "Alias": "mc",
        "Startup Cost": 0.0,
        "Total Cost": 45188.06,
        "Plan Rows": 68659,
        "Plan Width": 8,
        "Actual Startup Time": 0.062,
        "Actual Total Time": 359.021,
        "Actual Rows": 98543,
        "Actual Loops": 3,
        "Filter": "(((note)::text !~~ '%(TV)%'::text) AND ((note)::text ~~ '%(USA)%'::text))",
        "Rows Removed by Filter": 771167
      },
      {
        "Node Type": "Hash",
        "Parent Relationship": "Inner",
        "Parallel Aware": false,
        "Startup Cost": 18.88,
        "Total Cost": 18.88,
        "Plan Rows": 4,
        "Plan Width": 4,
        "Actual Startup Time": 0.026,
        "Actual Total Time": 0.028,
        "Actual Rows": 1,
        "Actual Loops": 3,
        "Hash Buckets": 1024,
        "Original Hash Buckets": 1024,
        "Hash Batches": 1,
        "Original Hash Batches": 1,
        "Peak Memory Usage": 9,
        "Plans": [
          {
            "Node Type": "Seq Scan",
            "Parent Relationship": "Outer",
            "Parallel Aware": false,
            "Relation Name": "company_type",
            "Alias": "ct",
            "Startup Cost": 0.0,
            "Total Cost": 18.88,
            "Plan Rows": 4,
            "Plan Width": 4,
            "Actual Startup Time": 0.021,
            "Actual Total Time": 0.023,
            "Actual Rows": 1,
            "Actual Loops": 3,
            "Filter": "((kind)::text = 'production companies'::text)",
            "Rows Removed by Filter": 3
          }
        ]
      }
    ]
  }
}