{
  "Plan": {
    "Node Type": "Hash Join",
    "Parent Relationship": "Outer",
    "Parallel Aware": false,
    "Join Type": "Inner",
    "Startup Cost": 2.43,
    "Total Cost": 15253.6,
    "Plan Rows": 5089,
    "Plan Width": 4,
    "Actual Startup Time": 174.735,
    "Actual Total Time": 174.74,
    "Actual Rows": 3,
    "Actual Loops": 3,
    "Inner Unique": true,
    "Hash Cond": "(mi_idx.info_type_id = it.id)",
    "Plans": [
      {
        "Node Type": "Seq Scan",
        "Parent Relationship": "Outer",
        "Parallel Aware": true,
        "Relation Name": "movie_info_idx",
        "Alias": "mi_idx",
        "Startup Cost": 0.0,
        "Total Cost": 13685.15,
        "Plan Rows": 575015,
        "Plan Width": 8,
        "Actual Startup Time": 0.062,
        "Actual Total Time": 86.143,
        "Actual Rows": 460012,
        "Actual Loops": 3
      },
      {
        "Node Type": "Hash",
        "Parent Relationship": "Inner",
        "Parallel Aware": false,
        "Startup Cost": 2.41,
        "Total Cost": 2.41,
        "Plan Rows": 1,
        "Plan Width": 4,
        "Actual Startup Time": 0.065,
        "Actual Total Time": 0.065,
        "Actual Rows": 1,
        "Actual Loops": 3,
        "Hash Buckets": 1024,
        "Original Hash Buckets": 1024,
        "Hash Batches": 1,
        "Original Hash Batches": 1,
        "Peak Memory Usage": 9,
        "Plans": [
          {
            "Node Type": "Seq Scan",
            "Parent Relationship": "Outer",
            "Parallel Aware": false,
            "Relation Name": "info_type",
            "Alias": "it",
            "Startup Cost": 0.0,
            "Total Cost": 2.41,
            "Plan Rows": 1,
            "Plan Width": 4,
            "Actual Startup Time": 0.045,
            "Actual Total Time": 0.047,
            "Actual Rows": 1,
            "Actual Loops": 3,
            "Filter": "((info)::text = 'bottom 10 rank'::text)",
            "Rows Removed by Filter": 112
          }
        ]
      }
    ]
  }
}