{
  "Plan": {
    "Node Type": "Hash Join",
    "Parent Relationship": "Outer",
    "Parallel Aware": true,
    "Join Type": "Inner",
    "Startup Cost": 55036.87,
    "Total Cost": 514714.11,
    "Plan Rows": 1,
    "Plan Width": 45,
    "Actual Startup Time": 1346.652,
    "Actual Total Time": 4220.294,
    "Actual Rows": 13,
    "Actual Loops": 3,
    "Inner Unique": false,
    "Hash Cond": "(ci.movie_id = t.id)",
    "Plans": [
      {
        "Node Type": "Seq Scan",
        "Parent Relationship": "Outer",
        "Parallel Aware": true,
        "Relation Name": "cast_info",
        "Alias": "ci",
        "Startup Cost": 0.0,
        "Total Cost": 458833.95,
        "Plan Rows": 224873,
        "Plan Width": 16,
        "Actual Startup Time": 0.167,
        "Actual Total Time": 3227.0,
        "Actual Rows": 278900,
        "Actual Loops": 3,
        "Filter": "((note)::text = ANY ('{(voice),\"(voice) (uncredited)\",\"(voice: English version)\"}'::text[]))",
        "Rows Removed by Filter": 11802548
      },
      {
        "Node Type": "Hash",
        "Parent Relationship": "Inner",
        "Parallel Aware": true,
        "Startup Cost": 55036.86,
        "Total Cost": 55036.86,
        "Plan Rows": 1,
        "Plan Width": 29,
        "Actual Startup Time": 947.792,
        "Actual Total Time": 947.823,
        "Actual Rows": 0,
        "Actual Loops": 3,
        "Hash Buckets": 1024,
        "Original Hash Buckets": 1024,
        "Hash Batches": 1,
        "Original Hash Batches": 1,
        "Peak Memory Usage": 40,
        "Plans": [
          {
            "Node Type": "Nested Loop",
            "Parent Relationship": "Outer",
            "Parallel Aware": false,
            "Join Type": "Inner",
            "Startup Cost": 4662.8,
            "Total Cost": 55036.86,
            "Plan Rows": 1,
            "Plan Width": 29,
            "Actual Startup Time": 898.815,
            "Actual Total Time": 947.776,
            "Actual Rows": 0,
            "Actual Loops": 3,
            "Inner Unique": true,
            "Plans": [
              {
                "Node Type": "Hash Join",
                "Parent Relationship": "Outer",
                "Parallel Aware": false,
                "Join Type": "Inner",
                "Startup Cost": 4662.38,
                "Total Cost": 55034.74,
                "Plan Rows": 1,
                "Plan Width": 33,
                "Actual Startup Time": 898.619,
                "Actual Total Time": 947.145,
                "Actual Rows": 36,
                "Actual Loops": 3,
                "Inner Unique": false,
                "Hash Cond": "(mk.movie_id = t.id)",
                "Plans": [
                  {
                    "Node Type": "Seq Scan",
                    "Parent Relationship": "Outer",
                    "Parallel Aware": true,
                    "Relation Name": "movie_keyword",
                    "Alias": "mk",
                    "Startup Cost": 0.0,
                    "Total Cost": 43303.71,
                    "Plan Rows": 1884971,
                    "Plan Width": 8,
                    "Actual Startup Time": 0.049,
                    "Actual Total Time": 274.545,
                    "Actual Rows": 1507977,
                    "Actual Loops": 3
                  },
                  {
                    "Node Type": "Hash",
                    "Parent Relationship": "Inner",
                    "Parallel Aware": false,
                    "Startup Cost": 4662.36,
                    "Total Cost": 4662.36,
                    "Plan Rows": 1,
                    "Plan Width": 25,
                    "Actual Startup Time": 413.458,
                    "Actual Total Time": 413.477,
                    "Actual Rows": 1,
                    "Actual Loops": 3,
                    "Hash Buckets": 1024,
                    "Original Hash Buckets": 1024,
                    "Hash Batches": 1,
                    "Original Hash Batches": 1,
                    "Peak Memory Usage": 9,
                    "Plans": [
                      {
                        "Node Type": "Nested Loop",
                        "Parent Relationship": "Outer",
                        "Parallel Aware": false,
                        "Join Type": "Inner",
                        "Startup Cost": 19.5,
                        "Total Cost": 4662.36,
                        "Plan Rows": 1,
                        "Plan Width": 25,
                        "Actual Startup Time": 220.648,
                        "Actual Total Time": 413.469,
                        "Actual Rows": 1,
                        "Actual Loops": 3,
                        "Inner Unique": true,
                        "Plans": [
                          {
                            "Node Type": "Nested Loop",
                            "Parent Relationship": "Outer",
                            "Parallel Aware": false,
                            "Join Type": "Inner",
                            "Startup Cost": 19.36,
                            "Total Cost": 4661.07,
                            "Plan Rows": 1,
                            "Plan Width": 29,
                            "Actual Startup Time": 220.613,
                            "Actual Total Time": 413.427,
                            "Actual Rows": 1,
                            "Actual Loops": 3,
                            "Inner Unique": true,
                            "Plans": [
                              {
                                "Node Type": "Hash Join",
                                "Parent Relationship": "Outer",
                                "Parallel Aware": false,
                                "Join Type": "Inner",
                                "Startup Cost": 18.93,
                                "Total Cost": 2468.5,
                                "Plan Rows": 761,
                                "Plan Width": 8,
                                "Actual Startup Time": 0.088,
                                "Actual Total Time": 66.353,
                                "Actual Rows": 24592,
                                "Actual Loops": 3,
                                "Inner Unique": true,
                                "Hash Cond": "(cc.status_id = cct2.id)",
                                "Plans": [
                                  {
                                    "Node Type": "Seq Scan",
                                    "Parent Relationship": "Outer",
                                    "Parallel Aware": false,
                                    "Relation Name": "complete_cast",
                                    "Alias": "cc",
                                    "Startup Cost": 0.0,
                                    "Total Cost": 2092.86,
                                    "Plan Rows": 135086,
                                    "Plan Width": 12,
                                    "Actual Startup Time": 0.02,
                                    "Actual Total Time": 23.675,
                                    "Actual Rows": 135086,
                                    "Actual Loops": 3
                                  },
                                  {
                                    "Node Type": "Hash",
                                    "Parent Relationship": "Inner",
                                    "Parallel Aware": false,
                                    "Startup Cost": 18.88,
                                    "Total Cost": 18.88,
                                    "Plan Rows": 4,
                                    "Plan Width": 4,
                                    "Actual Startup Time": 0.04,
                                    "Actual Total Time": 0.044,
                                    "Actual Rows": 1,
                                    "Actual Loops": 3,
                                    "Hash Buckets": 1024,
                                    "Original Hash Buckets": 1024,
                                    "Hash Batches": 1,
                                    "Original Hash Batches": 1,
                                    "Peak Memory Usage": 9,
                                    "Plans": [
                                      {
                                        "Node Type": "Seq Scan",
                                        "Parent Relationship": "Outer",
                                        "Parallel Aware": false,
                                        "Relation Name": "comp_cast_type",
                                        "Alias": "cct2",
                                        "Startup Cost": 0.0,
                                        "Total Cost": 18.88,
                                        "Plan Rows": 4,
                                        "Plan Width": 4,
                                        "Actual Startup Time": 0.03,
                                        "Actual Total Time": 0.031,
                                        "Actual Rows": 1,
                                        "Actual Loops": 3,
                                        "Filter": "((kind)::text = 'completeverified'::text)",
                                        "Rows Removed by Filter": 3
                                      }
                                    ]
                                  }
                                ]
                              },
                              {
                                "Node Type": "Index Scan",
                                "Parent Relationship": "Inner",
                                "Parallel Aware": false,
                                "Scan Direction": "Forward",
                                "Index Name": "title_pkey",
                                "Relation Name": "title",
                                "Alias": "t",
                                "Startup Cost": 0.43,
                                "Total Cost": 2.88,
                                "Plan Rows": 1,
                                "Plan Width": 21,
                                "Actual Startup Time": 0.014,
                                "Actual Total Time": 0.014,
                                "Actual Rows": 0,
                                "Actual Loops": 73776,
                                "Index Cond": "(id = cc.movie_id)",
                                "Rows Removed by Index Recheck": 0,
                                "Filter": "((production_year >= 2000) AND (production_year <= 2010) AND ((title)::text = 'Shrek 2'::text))",
                                "Rows Removed by Filter": 1
                              }
                            ]
                          },
                          {
                            "Node Type": "Index Scan",
                            "Parent Relationship": "Inner",
                            "Parallel Aware": false,
                            "Scan Direction": "Forward",
                            "Index Name": "comp_cast_type_pkey",
                            "Relation Name": "comp_cast_type",
                            "Alias": "cct1",
                            "Startup Cost": 0.15,
                            "Total Cost": 0.97,
                            "Plan Rows": 1,
                            "Plan Width": 4,
                            "Actual Startup Time": 0.031,
                            "Actual Total Time": 0.033,
                            "Actual Rows": 1,
                            "Actual Loops": 3,
                            "Index Cond": "(id = cc.subject_id)",
                            "Rows Removed by Index Recheck": 0,
                            "Filter": "((kind)::text = 'cast'::text)",
                            "Rows Removed by Filter": 0
                          }
                        ]
                      }
                    ]
                  }
                ]
              },
              {
                "Node Type": "Index Scan",
                "Parent Relationship": "Inner",
                "Parallel Aware": false,
                "Scan Direction": "Forward",
                "Index Name": "keyword_pkey",
                "Relation Name": "keyword",
                "Alias": "k",
                "Startup Cost": 0.42,
                "Total Cost": 2.12,
                "Plan Rows": 1,
                "Plan Width": 4,
                "Actual Startup Time": 0.017,
                "Actual Total Time": 0.017,
                "Actual Rows": 0,
                "Actual Loops": 108,
                "Index Cond": "(id = mk.keyword_id)",
                "Rows Removed by Index Recheck": 0,
                "Filter": "((keyword)::text = 'computer-animation'::text)",
                "Rows Removed by Filter": 1
              }
            ]
          }
        ]
      }
    ]
  }
}