{
  "Plan": {
    "Node Type": "Nested Loop",
    "Parent Relationship": "Outer",
    "Parallel Aware": false,
    "Join Type": "Inner",
    "Startup Cost": 19.36,
    "Total Cost": 4661.07,
    "Plan Rows": 1,
    "Plan Width": 29,
    "Actual Startup Time": 220.613,
    "Actual Total Time": 413.427,
    "Actual Rows": 1,
    "Actual Loops": 3,
    "Inner Unique": true,
    "Plans": [
      {
        "Node Type": "Hash Join",
        "Parent Relationship": "Outer",
        "Parallel Aware": false,
        "Join Type": "Inner",
        "Startup Cost": 18.93,
        "Total Cost": 2468.5,
        "Plan Rows": 761,
        "Plan Width": 8,
        "Actual Startup Time": 0.088,
        "Actual Total Time": 66.353,
        "Actual Rows": 24592,
        "Actual Loops": 3,
        "Inner Unique": true,
        "Hash Cond": "(cc.status_id = cct2.id)",
        "Plans": [
          {
            "Node Type": "Seq Scan",
            "Parent Relationship": "Outer",
            "Parallel Aware": false,
            "Relation Name": "complete_cast",
            "Alias": "cc",
            "Startup Cost": 0.0,
            "Total Cost": 2092.86,
            "Plan Rows": 135086,
            "Plan Width": 12,
            "Actual Startup Time": 0.02,
            "Actual Total Time": 23.675,
            "Actual Rows": 135086,
            "Actual Loops": 3
          },
          {
            "Node Type": "Hash",
            "Parent Relationship": "Inner",
            "Parallel Aware": false,
            "Startup Cost": 18.88,
            "Total Cost": 18.88,
            "Plan Rows": 4,
            "Plan Width": 4,
            "Actual Startup Time": 0.04,
            "Actual Total Time": 0.044,
            "Actual Rows": 1,
            "Actual Loops": 3,
            "Hash Buckets": 1024,
            "Original Hash Buckets": 1024,
            "Hash Batches": 1,
            "Original Hash Batches": 1,
            "Peak Memory Usage": 9,
            "Plans": [
              {
                "Node Type": "Seq Scan",
                "Parent Relationship": "Outer",
                "Parallel Aware": false,
                "Relation Name": "comp_cast_type",
                "Alias": "cct2",
                "Startup Cost": 0.0,
                "Total Cost": 18.88,
                "Plan Rows": 4,
                "Plan Width": 4,
                "Actual Startup Time": 0.03,
                "Actual Total Time": 0.031,
                "Actual Rows": 1,
                "Actual Loops": 3,
                "Filter": "((kind)::text = 'completeverified'::text)",
                "Rows Removed by Filter": 3
              }
            ]
          }
        ]
      },
      {
        "Node Type": "Index Scan",
        "Parent Relationship": "Inner",
        "Parallel Aware": false,
        "Scan Direction": "Forward",
        "Index Name": "title_pkey",
        "Relation Name": "title",
        "Alias": "t",
        "Startup Cost": 0.43,
        "Total Cost": 2.88,
        "Plan Rows": 1,
        "Plan Width": 21,
        "Actual Startup Time": 0.014,
        "Actual Total Time": 0.014,
        "Actual Rows": 0,
        "Actual Loops": 73776,
        "Index Cond": "(id = cc.movie_id)",
        "Rows Removed by Index Recheck": 0,
        "Filter": "((production_year >= 2000) AND (production_year <= 2010) AND ((title)::text = 'Shrek 2'::text))",
        "Rows Removed by Filter": 1
      }
    ]
  }
}