{
  "Plan": {
    "Node Type": "Hash Join",
    "Parent Relationship": "Outer",
    "Parallel Aware": true,
    "Join Type": "Inner",
    "Startup Cost": 599327.79,
    "Total Cost": 839016.14,
    "Plan Rows": 1,
    "Plan Width": 88,
    "Actual Startup Time": 6105.436,
    "Actual Total Time": 6307.315,
    "Actual Rows": 1,
    "Actual Loops": 3,
    "Inner Unique": false,
    "Hash Cond": "(mi.movie_id = t.id)",
    "Plans": [
      {
        "Node Type": "Seq Scan",
        "Parent Relationship": "Outer",
        "Parallel Aware": true,
        "Relation Name": "movie_info",
        "Alias": "mi",
        "Startup Cost": 0.0,
        "Total Cost": 238961.89,
        "Plan Rows": 193719,
        "Plan Width": 8,
        "Actual Startup Time": 445.628,
        "Actual Total Time": 1589.784,
        "Actual Rows": 129228,
        "Actual Loops": 3,
        "Filter": "((info)::text ~~ 'USA:%200%'::text)",
        "Rows Removed by Filter": 4816012
      },
      {
        "Node Type": "Hash",
        "Parent Relationship": "Inner",
        "Parallel Aware": true,
        "Startup Cost": 599327.78,
        "Total Cost": 599327.78,
        "Plan Rows": 1,
        "Plan Width": 80,
        "Actual Startup Time": 4698.063,
        "Actual Total Time": 4698.14,
        "Actual Rows": 1,
        "Actual Loops": 3,
        "Hash Buckets": 1024,
        "Original Hash Buckets": 1024,
        "Hash Batches": 1,
        "Original Hash Batches": 1,
        "Peak Memory Usage": 40,
        "Plans": [
          {
            "Node Type": "Nested Loop",
            "Parent Relationship": "Outer",
            "Parallel Aware": false,
            "Join Type": "Inner",
            "Startup Cost": 531307.14,
            "Total Cost": 599327.78,
            "Plan Rows": 1,
            "Plan Width": 80,
            "Actual Startup Time": 4552.585,
            "Actual Total Time": 4698.084,
            "Actual Rows": 1,
            "Actual Loops": 3,
            "Inner Unique": true,
            "Plans": [
              {
                "Node Type": "Hash Join",
                "Parent Relationship": "Outer",
                "Parallel Aware": true,
                "Join Type": "Inner",
                "Startup Cost": 531307.0,
                "Total Cost": 599327.59,
                "Plan Rows": 1,
                "Plan Width": 84,
                "Actual Startup Time": 4261.046,
                "Actual Total Time": 4697.53,
                "Actual Rows": 163,
                "Actual Loops": 3,
                "Inner Unique": false,
                "Hash Cond": "(pi.person_id = n.id)",
                "Plans": [
                  {
                    "Node Type": "Seq Scan",
                    "Parent Relationship": "Outer",
                    "Parallel Aware": true,
                    "Relation Name": "person_info",
                    "Alias": "pi",
                    "Startup Cost": 0.0,
                    "Total Cost": 63392.52,
                    "Plan Rows": 1234152,
                    "Plan Width": 8,
                    "Actual Startup Time": 0.038,
                    "Actual Total Time": 262.447,
                    "Actual Rows": 987888,
                    "Actual Loops": 3
                  },
                  {
                    "Node Type": "Hash",
                    "Parent Relationship": "Inner",
                    "Parallel Aware": true,
                    "Startup Cost": 531306.98,
                    "Total Cost": 531306.98,
                    "Plan Rows": 1,
                    "Plan Width": 92,
                    "Actual Startup Time": 4250.039,
                    "Actual Total Time": 4250.102,
                    "Actual Rows": 1,
                    "Actual Loops": 3,
                    "Hash Buckets": 1024,
                    "Original Hash Buckets": 1024,
                    "Hash Batches": 1,
                    "Original Hash Batches": 1,
                    "Peak Memory Usage": 40,
                    "Plans": [
                      {
                        "Node Type": "Nested Loop",
                        "Parent Relationship": "Outer",
                        "Parallel Aware": false,
                        "Join Type": "Inner",
                        "Startup Cost": 514717.72,
                        "Total Cost": 531306.98,
                        "Plan Rows": 1,
                        "Plan Width": 92,
                        "Actual Startup Time": 4208.688,
                        "Actual Total Time": 4250.034,
                        "Actual Rows": 1,
                        "Actual Loops": 3,
                        "Inner Unique": true,
                        "Join Filter": "(ci.person_id = n.id)",
                        "Rows Removed by Join Filter": 0,
                        "Plans": [
                          {
                            "Node Type": "Nested Loop",
                            "Parent Relationship": "Outer",
                            "Parallel Aware": false,
                            "Join Type": "Inner",
                            "Startup Cost": 514717.29,
                            "Total Cost": 531304.55,
                            "Plan Rows": 1,
                            "Plan Width": 73,
                            "Actual Startup Time": 4208.66,
                            "Actual Total Time": 4249.992,
                            "Actual Rows": 1,
                            "Actual Loops": 3,
                            "Inner Unique": true,
                            "Plans": [
                              {
                                "Node Type": "Hash Join",
                                "Parent Relationship": "Outer",
                                "Parallel Aware": true,
                                "Join Type": "Inner",
                                "Startup Cost": 514717.14,
                                "Total Cost": 531303.25,
                                "Plan Rows": 1,
                                "Plan Width": 77,
                                "Actual Startup Time": 4208.625,
                                "Actual Total Time": 4249.942,
                                "Actual Rows": 1,
                                "Actual Loops": 3,
                                "Inner Unique": false,
                                "Hash Cond": "(an.person_id = ci.person_id)",
                                "Plans": [
                                  {
                                    "Node Type": "Seq Scan",
                                    "Parent Relationship": "Outer",
                                    "Parallel Aware": true,
                                    "Relation Name": "aka_name",
                                    "Alias": "an",
                                    "Startup Cost": 0.0,
                                    "Total Cost": 15175.53,
                                    "Plan Rows": 376153,
                                    "Plan Width": 4,
                                    "Actual Startup Time": 0.046,
                                    "Actual Total Time": 70.05,
                                    "Actual Rows": 300448,
                                    "Actual Loops": 3
                                  },
                                  {
                                    "Node Type": "Hash",
                                    "Parent Relationship": "Inner",
                                    "Parallel Aware": true,
                                    "Startup Cost": 514717.13,
                                    "Total Cost": 514717.13,
                                    "Plan Rows": 1,
                                    "Plan Width": 73,
                                    "Actual Startup Time": 4123.264,
                                    "Actual Total Time": 4123.307,
                                    "Actual Rows": 0,
                                    "Actual Loops": 3,
                                    "Hash Buckets": 1024,
                                    "Original Hash Buckets": 1024,
                                    "Hash Batches": 1,
                                    "Original Hash Batches": 1,
                                    "Peak Memory Usage": 40,
                                    "Plans": [
                                      {
                                        "Node Type": "Nested Loop",
                                        "Parent Relationship": "Outer",
                                        "Parallel Aware": false,
                                        "Join Type": "Inner",
                                        "Startup Cost": 55037.92,
                                        "Total Cost": 514717.13,
                                        "Plan Rows": 1,
                                        "Plan Width": 73,
                                        "Actual Startup Time": 3309.391,
                                        "Actual Total Time": 4123.217,
                                        "Actual Rows": 0,
                                        "Actual Loops": 3,
                                        "Inner Unique": true,
                                        "Plans": [
                                          {
                                            "Node Type": "Hash Join",
                                            "Parent Relationship": "Outer",
                                            "Parallel Aware": true,
                                            "Join Type": "Inner",
                                            "Startup Cost": 55037.49,
                                            "Total Cost": 514714.72,
                                            "Plan Rows": 1,
                                            "Plan Width": 45,
                                            "Actual Startup Time": 1091.557,
                                            "Actual Total Time": 4122.46,
                                            "Actual Rows": 13,
                                            "Actual Loops": 3,
                                            "Inner Unique": false,
                                            "Hash Cond": "(ci.movie_id = t.id)",
                                            "Plans": [
                                              {
                                                "Node Type": "Seq Scan",
                                                "Parent Relationship": "Outer",
                                                "Parallel Aware": true,
                                                "Relation Name": "cast_info",
                                                "Alias": "ci",
                                                "Startup Cost": 0.0,
                                                "Total Cost": 458833.95,
                                                "Plan Rows": 224873,
                                                "Plan Width": 16,
                                                "Actual Startup Time": 0.137,
                                                "Actual Total Time": 3222.856,
                                                "Actual Rows": 278900,
                                                "Actual Loops": 3,
                                                "Filter": "((note)::text = ANY ('{(voice),\"(voice) (uncredited)\",\"(voice: English version)\"}'::text[]))",
                                                "Rows Removed by Filter": 11802548
                                              },
                                              {
                                                "Node Type": "Hash",
                                                "Parent Relationship": "Inner",
                                                "Parallel Aware": true,
                                                "Startup Cost": 55037.47,
                                                "Total Cost": 55037.47,
                                                "Plan Rows": 1,
                                                "Plan Width": 29,
                                                "Actual Startup Time": 854.661,
                                                "Actual Total Time": 854.687,
                                                "Actual Rows": 0,
                                                "Actual Loops": 3,
                                                "Hash Buckets": 1024,
                                                "Original Hash Buckets": 1024,
                                                "Hash Batches": 1,
                                                "Original Hash Batches": 1,
                                                "Peak Memory Usage": 40,
                                                "Plans": [
                                                  {
                                                    "Node Type": "Nested Loop",
                                                    "Parent Relationship": "Outer",
                                                    "Parallel Aware": false,
                                                    "Join Type": "Inner",
                                                    "Startup Cost": 4663.41,
                                                    "Total Cost": 55037.47,
                                                    "Plan Rows": 1,
                                                    "Plan Width": 29,
                                                    "Actual Startup Time": 805.762,
                                                    "Actual Total Time": 854.642,
                                                    "Actual Rows": 0,
                                                    "Actual Loops": 3,
                                                    "Inner Unique": true,
                                                    "Plans": [
                                                      {
                                                        "Node Type": "Hash Join",
                                                        "Parent Relationship": "Outer",
                                                        "Parallel Aware": false,
                                                        "Join Type": "Inner",
                                                        "Startup Cost": 4662.99,
                                                        "Total Cost": 55035.35,
                                                        "Plan Rows": 1,
                                                        "Plan Width": 33,
                                                        "Actual Startup Time": 805.612,
                                                        "Actual Total Time": 854.131,
                                                        "Actual Rows": 36,
                                                        "Actual Loops": 3,
                                                        "Inner Unique": false,
                                                        "Hash Cond": "(mk.movie_id = t.id)",
                                                        "Plans": [
                                                          {
                                                            "Node Type": "Seq Scan",
                                                            "Parent Relationship": "Outer",
                                                            "Parallel Aware": true,
                                                            "Relation Name": "movie_keyword",
                                                            "Alias": "mk",
                                                            "Startup Cost": 0.0,
                                                            "Total Cost": 43303.71,
                                                            "Plan Rows": 1884971,
                                                            "Plan Width": 8,
                                                            "Actual Startup Time": 0.052,
                                                            "Actual Total Time": 277.034,
                                                            "Actual Rows": 1507977,
                                                            "Actual Loops": 3
                                                          },
                                                          {
                                                            "Node Type": "Hash",
                                                            "Parent Relationship": "Inner",
                                                            "Parallel Aware": false,
                                                            "Startup Cost": 4662.98,
                                                            "Total Cost": 4662.98,
                                                            "Plan Rows": 1,
                                                            "Plan Width": 25,
                                                            "Actual Startup Time": 318.648,
                                                            "Actual Total Time": 318.665,
                                                            "Actual Rows": 1,
                                                            "Actual Loops": 3,
                                                            "Hash Buckets": 1024,
                                                            "Original Hash Buckets": 1024,
                                                            "Hash Batches": 1,
                                                            "Original Hash Batches": 1,
                                                            "Peak Memory Usage": 9,
                                                            "Plans": [
                                                              {
                                                                "Node Type": "Nested Loop",
                                                                "Parent Relationship": "Outer",
                                                                "Parallel Aware": false,
                                                                "Join Type": "Inner",
                                                                "Startup Cost": 19.5,
                                                                "Total Cost": 4662.98,
                                                                "Plan Rows": 1,
                                                                "Plan Width": 25,
                                                                "Actual Startup Time": 171.955,
                                                                "Actual Total Time": 318.655,
                                                                "Actual Rows": 1,
                                                                "Actual Loops": 3,
                                                                "Inner Unique": true,
                                                                "Plans": [
                                                                  {
                                                                    "Node Type": "Nested Loop",
                                                                    "Parent Relationship": "Outer",
                                                                    "Parallel Aware": false,
                                                                    "Join Type": "Inner",
                                                                    "Startup Cost": 19.36,
                                                                    "Total Cost": 4661.68,
                                                                    "Plan Rows": 1,
                                                                    "Plan Width": 29,
                                                                    "Actual Startup Time": 171.921,
                                                                    "Actual Total Time": 318.616,
                                                                    "Actual Rows": 1,
                                                                    "Actual Loops": 3,
                                                                    "Inner Unique": true,
                                                                    "Plans": [
                                                                      {
                                                                        "Node Type": "Hash Join",
                                                                        "Parent Relationship": "Outer",
                                                                        "Parallel Aware": false,
                                                                        "Join Type": "Inner",
                                                                        "Startup Cost": 18.93,
                                                                        "Total Cost": 2468.5,
                                                                        "Plan Rows": 761,
                                                                        "Plan Width": 8,
                                                                        "Actual Startup Time": 0.09,
                                                                        "Actual Total Time": 64.613,
                                                                        "Actual Rows": 24592,
                                                                        "Actual Loops": 3,
                                                                        "Inner Unique": true,
                                                                        "Hash Cond": "(cc.status_id = cct2.id)",
                                                                        "Plans": [
                                                                          {
                                                                            "Node Type": "Seq Scan",
                                                                            "Parent Relationship": "Outer",
                                                                            "Parallel Aware": false,
                                                                            "Relation Name": "complete_cast",
                                                                            "Alias": "cc",
                                                                            "Startup Cost": 0.0,
                                                                            "Total Cost": 2092.86,
                                                                            "Plan Rows": 135086,
                                                                            "Plan Width": 12,
                                                                            "Actual Startup Time": 0.02,
                                                                            "Actual Total Time": 24.221,
                                                                            "Actual Rows": 135086,
                                                                            "Actual Loops": 3
                                                                          },
                                                                          {
                                                                            "Node Type": "Hash",
                                                                            "Parent Relationship": "Inner",
                                                                            "Parallel Aware": false,
                                                                            "Startup Cost": 18.88,
                                                                            "Total Cost": 18.88,
                                                                            "Plan Rows": 4,
                                                                            "Plan Width": 4,
                                                                            "Actual Startup Time": 0.042,
                                                                            "Actual Total Time": 0.044,
                                                                            "Actual Rows": 1,
                                                                            "Actual Loops": 3,
                                                                            "Hash Buckets": 1024,
                                                                            "Original Hash Buckets": 1024,
                                                                            "Hash Batches": 1,
                                                                            "Original Hash Batches": 1,
                                                                            "Peak Memory Usage": 9,
                                                                            "Plans": [
                                                                              {
                                                                                "Node Type": "Seq Scan",
                                                                                "Parent Relationship": "Outer",
                                                                                "Parallel Aware": false,
                                                                                "Relation Name": "comp_cast_type",
                                                                                "Alias": "cct2",
                                                                                "Startup Cost": 0.0,
                                                                                "Total Cost": 18.88,
                                                                                "Plan Rows": 4,
                                                                                "Plan Width": 4,
                                                                                "Actual Startup Time": 0.03,
                                                                                "Actual Total Time": 0.031,
                                                                                "Actual Rows": 1,
                                                                                "Actual Loops": 3,
                                                                                "Filter": "((kind)::text = 'completeverified'::text)",
                                                                                "Rows Removed by Filter": 3
                                                                              }
                                                                            ]
                                                                          }
                                                                        ]
                                                                      },
                                                                      {
                                                                        "Node Type": "Index Scan",
                                                                        "Parent Relationship": "Inner",
                                                                        "Parallel Aware": false,
                                                                        "Scan Direction": "Forward",
                                                                        "Index Name": "title_pkey",
                                                                        "Relation Name": "title",
                                                                        "Alias": "t",
                                                                        "Startup Cost": 0.43,
                                                                        "Total Cost": 2.88,
                                                                        "Plan Rows": 1,
                                                                        "Plan Width": 21,
                                                                        "Actual Startup Time": 0.01,
                                                                        "Actual Total Time": 0.01,
                                                                        "Actual Rows": 0,
                                                                        "Actual Loops": 73776,
                                                                        "Index Cond": "(id = cc.movie_id)",
                                                                        "Rows Removed by Index Recheck": 0,
                                                                        "Filter": "((production_year >= 2000) AND (production_year <= 2005) AND ((title)::text = 'Shrek 2'::text))",
                                                                        "Rows Removed by Filter": 1
                                                                      }
                                                                    ]
                                                                  },
                                                                  {
                                                                    "Node Type": "Index Scan",
                                                                    "Parent Relationship": "Inner",
                                                                    "Parallel Aware": false,
                                                                    "Scan Direction": "Forward",
                                                                    "Index Name": "comp_cast_type_pkey",
                                                                    "Relation Name": "comp_cast_type",
                                                                    "Alias": "cct1",
                                                                    "Startup Cost": 0.15,
                                                                    "Total Cost": 0.97,
                                                                    "Plan Rows": 1,
                                                                    "Plan Width": 4,
                                                                    "Actual Startup Time": 0.03,
                                                                    "Actual Total Time": 0.032,
                                                                    "Actual Rows": 1,
                                                                    "Actual Loops": 3,
                                                                    "Index Cond": "(id = cc.subject_id)",
                                                                    "Rows Removed by Index Recheck": 0,
                                                                    "Filter": "((kind)::text = 'cast'::text)",
                                                                    "Rows Removed by Filter": 0
                                                                  }
                                                                ]
                                                              }
                                                            ]
                                                          }
                                                        ]
                                                      },
                                                      {
                                                        "Node Type": "Index Scan",
                                                        "Parent Relationship": "Inner",
                                                        "Parallel Aware": false,
                                                        "Scan Direction": "Forward",
                                                        "Index Name": "keyword_pkey",
                                                        "Relation Name": "keyword",
                                                        "Alias": "k",
                                                        "Startup Cost": 0.42,
                                                        "Total Cost": 2.12,
                                                        "Plan Rows": 1,
                                                        "Plan Width": 4,
                                                        "Actual Startup Time": 0.014,
                                                        "Actual Total Time": 0.014,
                                                        "Actual Rows": 0,
                                                        "Actual Loops": 108,
                                                        "Index Cond": "(id = mk.keyword_id)",
                                                        "Rows Removed by Index Recheck": 0,
                                                        "Filter": "((keyword)::text = 'computer-animation'::text)",
                                                        "Rows Removed by Filter": 1
                                                      }
                                                    ]
                                                  }
                                                ]
                                              }
                                            ]
                                          },
                                          {
                                            "Node Type": "Index Scan",
                                            "Parent Relationship": "Inner",
                                            "Parallel Aware": false,
                                            "Scan Direction": "Forward",
                                            "Index Name": "char_name_pkey",
                                            "Relation Name": "char_name",
                                            "Alias": "chn",
                                            "Startup Cost": 0.43,
                                            "Total Cost": 2.41,
                                            "Plan Rows": 1,
                                            "Plan Width": 36,
                                            "Actual Startup Time": 0.051,
                                            "Actual Total Time": 0.051,
                                            "Actual Rows": 0,
                                            "Actual Loops": 38,
                                            "Index Cond": "(id = ci.person_role_id)",
                                            "Rows Removed by Index Recheck": 0,
                                            "Filter": "((name)::text = 'Queen'::text)",
                                            "Rows Removed by Filter": 1
                                          }
                                        ]
                                      }
                                    ]
                                  }
                                ]
                              },
                              {
                                "Node Type": "Index Scan",
                                "Parent Relationship": "Inner",
                                "Parallel Aware": false,
                                "Scan Direction": "Forward",
                                "Index Name": "role_type_pkey",
                                "Relation Name": "role_type",
                                "Alias": "rt",
                                "Startup Cost": 0.15,
                                "Total Cost": 0.97,
                                "Plan Rows": 1,
                                "Plan Width": 4,
                                "Actual Startup Time": 0.03,
                                "Actual Total Time": 0.03,
                                "Actual Rows": 1,
                                "Actual Loops": 3,
                                "Index Cond": "(id = ci.role_id)",
                                "Rows Removed by Index Recheck": 0,
                                "Filter": "((role)::text = 'actress'::text)",
                                "Rows Removed by Filter": 0
                              }
                            ]
                          },
                          {
                            "Node Type": "Index Scan",
                            "Parent Relationship": "Inner",
                            "Parallel Aware": false,
                            "Scan Direction": "Forward",
                            "Index Name": "name_pkey",
                            "Relation Name": "name",
                            "Alias": "n",
                            "Startup Cost": 0.43,
                            "Total Cost": 2.42,
                            "Plan Rows": 1,
                            "Plan Width": 19,
                            "Actual Startup Time": 0.027,
                            "Actual Total Time": 0.027,
                            "Actual Rows": 1,
                            "Actual Loops": 3,
                            "Index Cond": "(id = an.person_id)",
                            "Rows Removed by Index Recheck": 0,
                            "Filter": "(((name)::text ~~ '%An%'::text) AND ((gender)::text = 'f'::text))",
                            "Rows Removed by Filter": 0
                          }
                        ]
                      }
                    ]
                  }
                ]
              },
              {
                "Node Type": "Index Scan",
                "Parent Relationship": "Inner",
                "Parallel Aware": false,
                "Scan Direction": "Forward",
                "Index Name": "info_type_pkey",
                "Relation Name": "info_type",
                "Alias": "it3",
                "Startup Cost": 0.14,
                "Total Cost": 0.16,
                "Plan Rows": 1,
                "Plan Width": 4,
                "Actual Startup Time": 0.003,
                "Actual Total Time": 0.003,
                "Actual Rows": 0,
                "Actual Loops": 489,
                "Index Cond": "(id = pi.info_type_id)",
                "Rows Removed by Index Recheck": 0,
                "Filter": "((info)::text = 'height'::text)",
                "Rows Removed by Filter": 1
              }
            ]
          }
        ]
      }
    ]
  }
}