{
  "Plan": {
    "Node Type": "Hash Join",
    "Parent Relationship": "Outer",
    "Parallel Aware": false,
    "Join Type": "Inner",
    "Startup Cost": 37.89,
    "Total Cost": 2490.98,
    "Plan Rows": 8,
    "Plan Width": 4,
    "Actual Startup Time": 0.15,
    "Actual Total Time": 107.564,
    "Actual Rows": 24592,
    "Actual Loops": 3,
    "Inner Unique": true,
    "Hash Cond": "(cc.status_id = cct2.id)",
    "Plans": [
      {
        "Node Type": "Hash Join",
        "Parent Relationship": "Outer",
        "Parallel Aware": false,
        "Join Type": "Inner",
        "Startup Cost": 18.96,
        "Total Cost": 2468.54,
        "Plan Rows": 1332,
        "Plan Width": 8,
        "Actual Startup Time": 0.084,
        "Actual Total Time": 83.861,
        "Actual Rows": 135086,
        "Actual Loops": 3,
        "Inner Unique": true,
        "Hash Cond": "(cc.subject_id = cct1.id)",
        "Plans": [
          {
            "Node Type": "Seq Scan",
            "Parent Relationship": "Outer",
            "Parallel Aware": false,
            "Relation Name": "complete_cast",
            "Alias": "cc",
            "Startup Cost": 0.0,
            "Total Cost": 2092.86,
            "Plan Rows": 135086,
            "Plan Width": 12,
            "Actual Startup Time": 0.022,
            "Actual Total Time": 22.5,
            "Actual Rows": 135086,
            "Actual Loops": 3
          },
          {
            "Node Type": "Hash",
            "Parent Relationship": "Inner",
            "Parallel Aware": false,
            "Startup Cost": 18.88,
            "Total Cost": 18.88,
            "Plan Rows": 7,
            "Plan Width": 4,
            "Actual Startup Time": 0.032,
            "Actual Total Time": 0.045,
            "Actual Rows": 2,
            "Actual Loops": 3,
            "Hash Buckets": 1024,
            "Original Hash Buckets": 1024,
            "Hash Batches": 1,
            "Original Hash Batches": 1,
            "Peak Memory Usage": 9,
            "Plans": [
              {
                "Node Type": "Seq Scan",
                "Parent Relationship": "Outer",
                "Parallel Aware": false,
                "Relation Name": "comp_cast_type",
                "Alias": "cct1",
                "Startup Cost": 0.0,
                "Total Cost": 18.88,
                "Plan Rows": 7,
                "Plan Width": 4,
                "Actual Startup Time": 0.024,
                "Actual Total Time": 0.026,
                "Actual Rows": 2,
                "Actual Loops": 3,
                "Filter": "((kind)::text = ANY ('{cast,crew}'::text[]))",
                "Rows Removed by Filter": 2
              }
            ]
          }
        ]
      },
      {
        "Node Type": "Hash",
        "Parent Relationship": "Inner",
        "Parallel Aware": false,
        "Startup Cost": 18.88,
        "Total Cost": 18.88,
        "Plan Rows": 4,
        "Plan Width": 4,
        "Actual Startup Time": 0.044,
        "Actual Total Time": 0.045,
        "Actual Rows": 1,
        "Actual Loops": 3,
        "Hash Buckets": 1024,
        "Original Hash Buckets": 1024,
        "Hash Batches": 1,
        "Original Hash Batches": 1,
        "Peak Memory Usage": 9,
        "Plans": [
          {
            "Node Type": "Seq Scan",
            "Parent Relationship": "Outer",
            "Parallel Aware": false,
            "Relation Name": "comp_cast_type",
            "Alias": "cct2",
            "Startup Cost": 0.0,
            "Total Cost": 18.88,
            "Plan Rows": 4,
            "Plan Width": 4,
            "Actual Startup Time": 0.034,
            "Actual Total Time": 0.036,
            "Actual Rows": 1,
            "Actual Loops": 3,
            "Filter": "((kind)::text = 'completeverified'::text)",
            "Rows Removed by Filter": 3
          }
        ]
      }
    ]
  }
}