{
  "Plan": {
    "Node Type": "Nested Loop",
    "Parent Relationship": "Outer",
    "Parallel Aware": false,
    "Join Type": "Inner",
    "Startup Cost": 2491.22,
    "Total Cost": 18334.28,
    "Plan Rows": 1,
    "Plan Width": 13,
    "Actual Startup Time": 113.908,
    "Actual Total Time": 388.298,
    "Actual Rows": 7853,
    "Actual Loops": 3,
    "Inner Unique": true,
    "Plans": [
      {
        "Node Type": "Hash Join",
        "Parent Relationship": "Outer",
        "Parallel Aware": false,
        "Join Type": "Inner",
        "Startup Cost": 2491.08,
        "Total Cost": 18332.63,
        "Plan Rows": 10,
        "Plan Width": 17,
        "Actual Startup Time": 113.839,
        "Actual Total Time": 324.968,
        "Actual Rows": 23670,
        "Actual Loops": 3,
        "Inner Unique": false,
        "Hash Cond": "(mi_idx.movie_id = cc.movie_id)",
        "Plans": [
          {
            "Node Type": "Seq Scan",
            "Parent Relationship": "Outer",
            "Parallel Aware": true,
            "Relation Name": "movie_info_idx",
            "Alias": "mi_idx",
            "Startup Cost": 0.0,
            "Total Cost": 13685.15,
            "Plan Rows": 575015,
            "Plan Width": 13,
            "Actual Startup Time": 0.043,
            "Actual Total Time": 90.17,
            "Actual Rows": 460012,
            "Actual Loops": 3
          },
          {
            "Node Type": "Hash",
            "Parent Relationship": "Inner",
            "Parallel Aware": false,
            "Startup Cost": 2490.98,
            "Total Cost": 2490.98,
            "Plan Rows": 8,
            "Plan Width": 4,
            "Actual Startup Time": 113.609,
            "Actual Total Time": 113.624,
            "Actual Rows": 24592,
            "Actual Loops": 3,
            "Hash Buckets": 32768,
            "Original Hash Buckets": 1024,
            "Hash Batches": 1,
            "Original Hash Batches": 1,
            "Peak Memory Usage": 1121,
            "Plans": [
              {
                "Node Type": "Hash Join",
                "Parent Relationship": "Outer",
                "Parallel Aware": false,
                "Join Type": "Inner",
                "Startup Cost": 37.89,
                "Total Cost": 2490.98,
                "Plan Rows": 8,
                "Plan Width": 4,
                "Actual Startup Time": 0.134,
                "Actual Total Time": 104.621,
                "Actual Rows": 24592,
                "Actual Loops": 3,
                "Inner Unique": true,
                "Hash Cond": "(cc.status_id = cct2.id)",
                "Plans": [
                  {
                    "Node Type": "Hash Join",
                    "Parent Relationship": "Outer",
                    "Parallel Aware": false,
                    "Join Type": "Inner",
                    "Startup Cost": 18.96,
                    "Total Cost": 2468.54,
                    "Plan Rows": 1332,
                    "Plan Width": 8,
                    "Actual Startup Time": 0.073,
                    "Actual Total Time": 81.066,
                    "Actual Rows": 135086,
                    "Actual Loops": 3,
                    "Inner Unique": true,
                    "Hash Cond": "(cc.subject_id = cct1.id)",
                    "Plans": [
                      {
                        "Node Type": "Seq Scan",
                        "Parent Relationship": "Outer",
                        "Parallel Aware": false,
                        "Relation Name": "complete_cast",
                        "Alias": "cc",
                        "Startup Cost": 0.0,
                        "Total Cost": 2092.86,
                        "Plan Rows": 135086,
                        "Plan Width": 12,
                        "Actual Startup Time": 0.018,
                        "Actual Total Time": 22.485,
                        "Actual Rows": 135086,
                        "Actual Loops": 3
                      },
                      {
                        "Node Type": "Hash",
                        "Parent Relationship": "Inner",
                        "Parallel Aware": false,
                        "Startup Cost": 18.88,
                        "Total Cost": 18.88,
                        "Plan Rows": 7,
                        "Plan Width": 4,
                        "Actual Startup Time": 0.028,
                        "Actual Total Time": 0.032,
                        "Actual Rows": 2,
                        "Actual Loops": 3,
                        "Hash Buckets": 1024,
                        "Original Hash Buckets": 1024,
                        "Hash Batches": 1,
                        "Original Hash Batches": 1,
                        "Peak Memory Usage": 9,
                        "Plans": [
                          {
                            "Node Type": "Seq Scan",
                            "Parent Relationship": "Outer",
                            "Parallel Aware": false,
                            "Relation Name": "comp_cast_type",
                            "Alias": "cct1",
                            "Startup Cost": 0.0,
                            "Total Cost": 18.88,
                            "Plan Rows": 7,
                            "Plan Width": 4,
                            "Actual Startup Time": 0.02,
                            "Actual Total Time": 0.023,
                            "Actual Rows": 2,
                            "Actual Loops": 3,
                            "Filter": "((kind)::text = ANY ('{cast,crew}'::text[]))",
                            "Rows Removed by Filter": 2
                          }
                        ]
                      }
                    ]
                  },
                  {
                    "Node Type": "Hash",
                    "Parent Relationship": "Inner",
                    "Parallel Aware": false,
                    "Startup Cost": 18.88,
                    "Total Cost": 18.88,
                    "Plan Rows": 4,
                    "Plan Width": 4,
                    "Actual Startup Time": 0.038,
                    "Actual Total Time": 0.04,
                    "Actual Rows": 1,
                    "Actual Loops": 3,
                    "Hash Buckets": 1024,
                    "Original Hash Buckets": 1024,
                    "Hash Batches": 1,
                    "Original Hash Batches": 1,
                    "Peak Memory Usage": 9,
                    "Plans": [
                      {
                        "Node Type": "Seq Scan",
                        "Parent Relationship": "Outer",
                        "Parallel Aware": false,
                        "Relation Name": "comp_cast_type",
                        "Alias": "cct2",
                        "Startup Cost": 0.0,
                        "Total Cost": 18.88,
                        "Plan Rows": 4,
                        "Plan Width": 4,
                        "Actual Startup Time": 0.03,
                        "Actual Total Time": 0.031,
                        "Actual Rows": 1,
                        "Actual Loops": 3,
                        "Filter": "((kind)::text = 'completeverified'::text)",
                        "Rows Removed by Filter": 3
                      }
                    ]
                  }
                ]
              }
            ]
          }
        ]
      },
      {
        "Node Type": "Index Scan",
        "Parent Relationship": "Inner",
        "Parallel Aware": false,
        "Scan Direction": "Forward",
        "Index Name": "info_type_pkey",
        "Relation Name": "info_type",
        "Alias": "it2",
        "Startup Cost": 0.14,
        "Total Cost": 0.16,
        "Plan Rows": 1,
        "Plan Width": 4,
        "Actual Startup Time": 0.002,
        "Actual Total Time": 0.002,
        "Actual Rows": 0,
        "Actual Loops": 71011,
        "Index Cond": "(id = mi_idx.info_type_id)",
        "Rows Removed by Index Recheck": 0,
        "Filter": "((info)::text = 'votes'::text)",
        "Rows Removed by Filter": 1
      }
    ]
  }
}