{
  "Plan": {
    "Node Type": "Nested Loop",
    "Parent Relationship": "Outer",
    "Parallel Aware": false,
    "Join Type": "Inner",
    "Startup Cost": 567427.93,
    "Total Cost": 806498.5,
    "Plan Rows": 1,
    "Plan Width": 79,
    "Actual Startup Time": 4711.894,
    "Actual Total Time": 6233.601,
    "Actual Rows": 28,
    "Actual Loops": 1,
    "Inner Unique": true,
    "Plans": [
      {
        "Node Type": "Gather",
        "Parent Relationship": "Outer",
        "Parallel Aware": false,
        "Startup Cost": 567427.79,
        "Total Cost": 806498.31,
        "Plan Rows": 1,
        "Plan Width": 83,
        "Actual Startup Time": 4711.824,
        "Actual Total Time": 6233.436,
        "Actual Rows": 28,
        "Actual Loops": 1,
        "Workers Planned": 2,
        "Workers Launched": 2,
        "Single Copy": false,
        "Plans": [
          {
            "Node Type": "Hash Join",
            "Parent Relationship": "Outer",
            "Parallel Aware": true,
            "Join Type": "Inner",
            "Startup Cost": 566427.79,
            "Total Cost": 805498.21,
            "Plan Rows": 1,
            "Plan Width": 83,
            "Actual Startup Time": 5714.886,
            "Actual Total Time": 6219.84,
            "Actual Rows": 9,
            "Actual Loops": 3,
            "Inner Unique": false,
            "Hash Cond": "(mi.movie_id = t.id)",
            "Plans": [
              {
                "Node Type": "Seq Scan",
                "Parent Relationship": "Outer",
                "Parallel Aware": true,
                "Relation Name": "movie_info",
                "Alias": "mi",
                "Startup Cost": 0.0,
                "Total Cost": 238961.89,
                "Plan Rows": 28940,
                "Plan Width": 50,
                "Actual Startup Time": 128.627,
                "Actual Total Time": 1699.478,
                "Actual Rows": 24349,
                "Actual Loops": 3,
                "Filter": "((info)::text = ANY ('{Horror,Thriller}'::text[]))",
                "Rows Removed by Filter": 4920891
              },
              {
                "Node Type": "Hash",
                "Parent Relationship": "Inner",
                "Parallel Aware": true,
                "Startup Cost": 566427.78,
                "Total Cost": 566427.78,
                "Plan Rows": 1,
                "Plan Width": 57,
                "Actual Startup Time": 4515.63,
                "Actual Total Time": 4515.69,
                "Actual Rows": 7,
                "Actual Loops": 3,
                "Hash Buckets": 1024,
                "Original Hash Buckets": 1024,
                "Hash Batches": 1,
                "Original Hash Batches": 1,
                "Peak Memory Usage": 72,
                "Plans": [
                  {
                    "Node Type": "Nested Loop",
                    "Parent Relationship": "Outer",
                    "Parallel Aware": false,
                    "Join Type": "Inner",
                    "Startup Cost": 68708.72,
                    "Total Cost": 566427.78,
                    "Plan Rows": 1,
                    "Plan Width": 57,
                    "Actual Startup Time": 3696.996,
                    "Actual Total Time": 4515.544,
                    "Actual Rows": 7,
                    "Actual Loops": 3,
                    "Inner Unique": true,
                    "Plans": [
                      {
                        "Node Type": "Hash Join",
                        "Parent Relationship": "Outer",
                        "Parallel Aware": true,
                        "Join Type": "Inner",
                        "Startup Cost": 68708.29,
                        "Total Cost": 566426.61,
                        "Plan Rows": 1,
                        "Plan Width": 46,
                        "Actual Startup Time": 3696.874,
                        "Actual Total Time": 4515.359,
                        "Actual Rows": 7,
                        "Actual Loops": 3,
                        "Inner Unique": false,
                        "Hash Cond": "(ci.movie_id = t.id)",
                        "Plans": [
                          {
                            "Node Type": "Seq Scan",
                            "Parent Relationship": "Outer",
                            "Parallel Aware": true,
                            "Relation Name": "cast_info",
                            "Alias": "ci",
                            "Startup Cost": 0.0,
                            "Total Cost": 496312.85,
                            "Plan Rows": 374789,
                            "Plan Width": 8,
                            "Actual Startup Time": 110.571,
                            "Actual Total Time": 3428.123,
                            "Actual Rows": 414905,
                            "Actual Loops": 3,
                            "Filter": "((note)::text = ANY ('{(writer),\"(head writer)\",\"(written by)\",(story),\"(story editor)\"}'::text[]))",
                            "Rows Removed by Filter": 11666543
                          },
                          {
                            "Node Type": "Hash",
                            "Parent Relationship": "Inner",
                            "Parallel Aware": true,
                            "Startup Cost": 68708.28,
                            "Total Cost": 68708.28,
                            "Plan Rows": 1,
                            "Plan Width": 38,
                            "Actual Startup Time": 1025.994,
                            "Actual Total Time": 1026.041,
                            "Actual Rows": 3,
                            "Actual Loops": 3,
                            "Hash Buckets": 1024,
                            "Original Hash Buckets": 1024,
                            "Hash Batches": 1,
                            "Original Hash Batches": 1,
                            "Peak Memory Usage": 72,
                            "Plans": [
                              {
                                "Node Type": "Nested Loop",
                                "Parent Relationship": "Outer",
                                "Parallel Aware": false,
                                "Join Type": "Inner",
                                "Startup Cost": 18335.65,
                                "Total Cost": 68708.28,
                                "Plan Rows": 1,
                                "Plan Width": 38,
                                "Actual Startup Time": 804.623,
                                "Actual Total Time": 1025.945,
                                "Actual Rows": 3,
                                "Actual Loops": 3,
                                "Inner Unique": true,
                                "Plans": [
                                  {
                                    "Node Type": "Hash Join",
                                    "Parent Relationship": "Outer",
                                    "Parallel Aware": true,
                                    "Join Type": "Inner",
                                    "Startup Cost": 18335.23,
                                    "Total Cost": 68707.59,
                                    "Plan Rows": 1,
                                    "Plan Width": 42,
                                    "Actual Startup Time": 804.527,
                                    "Actual Total Time": 1025.031,
                                    "Actual Rows": 97,
                                    "Actual Loops": 3,
                                    "Inner Unique": false,
                                    "Hash Cond": "(mk.movie_id = t.id)",
                                    "Plans": [
                                      {
                                        "Node Type": "Seq Scan",
                                        "Parent Relationship": "Outer",
                                        "Parallel Aware": true,
                                        "Relation Name": "movie_keyword",
                                        "Alias": "mk",
                                        "Startup Cost": 0.0,
                                        "Total Cost": 43303.71,
                                        "Plan Rows": 1884971,
                                        "Plan Width": 8,
                                        "Actual Startup Time": 0.052,
                                        "Actual Total Time": 274.129,
                                        "Actual Rows": 1507977,
                                        "Actual Loops": 3
                                      },
                                      {
                                        "Node Type": "Hash",
                                        "Parent Relationship": "Inner",
                                        "Parallel Aware": true,
                                        "Startup Cost": 18335.22,
                                        "Total Cost": 18335.22,
                                        "Plan Rows": 1,
                                        "Plan Width": 34,
                                        "Actual Startup Time": 477.709,
                                        "Actual Total Time": 477.74,
                                        "Actual Rows": 1,
                                        "Actual Loops": 3,
                                        "Hash Buckets": 1024,
                                        "Original Hash Buckets": 1024,
                                        "Hash Batches": 1,
                                        "Original Hash Batches": 1,
                                        "Peak Memory Usage": 40,
                                        "Plans": [
                                          {
                                            "Node Type": "Nested Loop",
                                            "Parent Relationship": "Outer",
                                            "Parallel Aware": false,
                                            "Join Type": "Inner",
                                            "Startup Cost": 2491.65,
                                            "Total Cost": 18335.22,
                                            "Plan Rows": 1,
                                            "Plan Width": 34,
                                            "Actual Startup Time": 416.121,
                                            "Actual Total Time": 477.342,
                                            "Actual Rows": 1,
                                            "Actual Loops": 3,
                                            "Inner Unique": true,
                                            "Plans": [
                                              {
                                                "Node Type": "Nested Loop",
                                                "Parent Relationship": "Outer",
                                                "Parallel Aware": false,
                                                "Join Type": "Inner",
                                                "Startup Cost": 2491.22,
                                                "Total Cost": 18334.28,
                                                "Plan Rows": 1,
                                                "Plan Width": 13,
                                                "Actual Startup Time": 113.908,
                                                "Actual Total Time": 388.298,
                                                "Actual Rows": 7853,
                                                "Actual Loops": 3,
                                                "Inner Unique": true,
                                                "Plans": [
                                                  {
                                                    "Node Type": "Hash Join",
                                                    "Parent Relationship": "Outer",
                                                    "Parallel Aware": false,
                                                    "Join Type": "Inner",
                                                    "Startup Cost": 2491.08,
                                                    "Total Cost": 18332.63,
                                                    "Plan Rows": 10,
                                                    "Plan Width": 17,
                                                    "Actual Startup Time": 113.839,
                                                    "Actual Total Time": 324.968,
                                                    "Actual Rows": 23670,
                                                    "Actual Loops": 3,
                                                    "Inner Unique": false,
                                                    "Hash Cond": "(mi_idx.movie_id = cc.movie_id)",
                                                    "Plans": [
                                                      {
                                                        "Node Type": "Seq Scan",
                                                        "Parent Relationship": "Outer",
                                                        "Parallel Aware": true,
                                                        "Relation Name": "movie_info_idx",
                                                        "Alias": "mi_idx",
                                                        "Startup Cost": 0.0,
                                                        "Total Cost": 13685.15,
                                                        "Plan Rows": 575015,
                                                        "Plan Width": 13,
                                                        "Actual Startup Time": 0.043,
                                                        "Actual Total Time": 90.17,
                                                        "Actual Rows": 460012,
                                                        "Actual Loops": 3
                                                      },
                                                      {
                                                        "Node Type": "Hash",
                                                        "Parent Relationship": "Inner",
                                                        "Parallel Aware": false,
                                                        "Startup Cost": 2490.98,
                                                        "Total Cost": 2490.98,
                                                        "Plan Rows": 8,
                                                        "Plan Width": 4,
                                                        "Actual Startup Time": 113.609,
                                                        "Actual Total Time": 113.624,
                                                        "Actual Rows": 24592,
                                                        "Actual Loops": 3,
                                                        "Hash Buckets": 32768,
                                                        "Original Hash Buckets": 1024,
                                                        "Hash Batches": 1,
                                                        "Original Hash Batches": 1,
                                                        "Peak Memory Usage": 1121,
                                                        "Plans": [
                                                          {
                                                            "Node Type": "Hash Join",
                                                            "Parent Relationship": "Outer",
                                                            "Parallel Aware": false,
                                                            "Join Type": "Inner",
                                                            "Startup Cost": 37.89,
                                                            "Total Cost": 2490.98,
                                                            "Plan Rows": 8,
                                                            "Plan Width": 4,
                                                            "Actual Startup Time": 0.134,
                                                            "Actual Total Time": 104.621,
                                                            "Actual Rows": 24592,
                                                            "Actual Loops": 3,
                                                            "Inner Unique": true,
                                                            "Hash Cond": "(cc.status_id = cct2.id)",
                                                            "Plans": [
                                                              {
                                                                "Node Type": "Hash Join",
                                                                "Parent Relationship": "Outer",
                                                                "Parallel Aware": false,
                                                                "Join Type": "Inner",
                                                                "Startup Cost": 18.96,
                                                                "Total Cost": 2468.54,
                                                                "Plan Rows": 1332,
                                                                "Plan Width": 8,
                                                                "Actual Startup Time": 0.073,
                                                                "Actual Total Time": 81.066,
                                                                "Actual Rows": 135086,
                                                                "Actual Loops": 3,
                                                                "Inner Unique": true,
                                                                "Hash Cond": "(cc.subject_id = cct1.id)",
                                                                "Plans": [
                                                                  {
                                                                    "Node Type": "Seq Scan",
                                                                    "Parent Relationship": "Outer",
                                                                    "Parallel Aware": false,
                                                                    "Relation Name": "complete_cast",
                                                                    "Alias": "cc",
                                                                    "Startup Cost": 0.0,
                                                                    "Total Cost": 2092.86,
                                                                    "Plan Rows": 135086,
                                                                    "Plan Width": 12,
                                                                    "Actual Startup Time": 0.018,
                                                                    "Actual Total Time": 22.485,
                                                                    "Actual Rows": 135086,
                                                                    "Actual Loops": 3
                                                                  },
                                                                  {
                                                                    "Node Type": "Hash",
                                                                    "Parent Relationship": "Inner",
                                                                    "Parallel Aware": false,
                                                                    "Startup Cost": 18.88,
                                                                    "Total Cost": 18.88,
                                                                    "Plan Rows": 7,
                                                                    "Plan Width": 4,
                                                                    "Actual Startup Time": 0.028,
                                                                    "Actual Total Time": 0.032,
                                                                    "Actual Rows": 2,
                                                                    "Actual Loops": 3,
                                                                    "Hash Buckets": 1024,
                                                                    "Original Hash Buckets": 1024,
                                                                    "Hash Batches": 1,
                                                                    "Original Hash Batches": 1,
                                                                    "Peak Memory Usage": 9,
                                                                    "Plans": [
                                                                      {
                                                                        "Node Type": "Seq Scan",
                                                                        "Parent Relationship": "Outer",
                                                                        "Parallel Aware": false,
                                                                        "Relation Name": "comp_cast_type",
                                                                        "Alias": "cct1",
                                                                        "Startup Cost": 0.0,
                                                                        "Total Cost": 18.88,
                                                                        "Plan Rows": 7,
                                                                        "Plan Width": 4,
                                                                        "Actual Startup Time": 0.02,
                                                                        "Actual Total Time": 0.023,
                                                                        "Actual Rows": 2,
                                                                        "Actual Loops": 3,
                                                                        "Filter": "((kind)::text = ANY ('{cast,crew}'::text[]))",
                                                                        "Rows Removed by Filter": 2
                                                                      }
                                                                    ]
                                                                  }
                                                                ]
                                                              },
                                                              {
                                                                "Node Type": "Hash",
                                                                "Parent Relationship": "Inner",
                                                                "Parallel Aware": false,
                                                                "Startup Cost": 18.88,
                                                                "Total Cost": 18.88,
                                                                "Plan Rows": 4,
                                                                "Plan Width": 4,
                                                                "Actual Startup Time": 0.038,
                                                                "Actual Total Time": 0.04,
                                                                "Actual Rows": 1,
                                                                "Actual Loops": 3,
                                                                "Hash Buckets": 1024,
                                                                "Original Hash Buckets": 1024,
                                                                "Hash Batches": 1,
                                                                "Original Hash Batches": 1,
                                                                "Peak Memory Usage": 9,
                                                                "Plans": [
                                                                  {
                                                                    "Node Type": "Seq Scan",
                                                                    "Parent Relationship": "Outer",
                                                                    "Parallel Aware": false,
                                                                    "Relation Name": "comp_cast_type",
                                                                    "Alias": "cct2",
                                                                    "Startup Cost": 0.0,
                                                                    "Total Cost": 18.88,
                                                                    "Plan Rows": 4,
                                                                    "Plan Width": 4,
                                                                    "Actual Startup Time": 0.03,
                                                                    "Actual Total Time": 0.031,
                                                                    "Actual Rows": 1,
                                                                    "Actual Loops": 3,
                                                                    "Filter": "((kind)::text = 'completeverified'::text)",
                                                                    "Rows Removed by Filter": 3
                                                                  }
                                                                ]
                                                              }
                                                            ]
                                                          }
                                                        ]
                                                      }
                                                    ]
                                                  },
                                                  {
                                                    "Node Type": "Index Scan",
                                                    "Parent Relationship": "Inner",
                                                    "Parallel Aware": false,
                                                    "Scan Direction": "Forward",
                                                    "Index Name": "info_type_pkey",
                                                    "Relation Name": "info_type",
                                                    "Alias": "it2",
                                                    "Startup Cost": 0.14,
                                                    "Total Cost": 0.16,
                                                    "Plan Rows": 1,
                                                    "Plan Width": 4,
                                                    "Actual Startup Time": 0.002,
                                                    "Actual Total Time": 0.002,
                                                    "Actual Rows": 0,
                                                    "Actual Loops": 71011,
                                                    "Index Cond": "(id = mi_idx.info_type_id)",
                                                    "Rows Removed by Index Recheck": 0,
                                                    "Filter": "((info)::text = 'votes'::text)",
                                                    "Rows Removed by Filter": 1
                                                  }
                                                ]
                                              },
                                              {
                                                "Node Type": "Index Scan",
                                                "Parent Relationship": "Inner",
                                                "Parallel Aware": false,
                                                "Scan Direction": "Forward",
                                                "Index Name": "title_pkey",
                                                "Relation Name": "title",
                                                "Alias": "t",
                                                "Startup Cost": 0.43,
                                                "Total Cost": 0.94,
                                                "Plan Rows": 1,
                                                "Plan Width": 21,
                                                "Actual Startup Time": 0.011,
                                                "Actual Total Time": 0.011,
                                                "Actual Rows": 0,
                                                "Actual Loops": 23558,
                                                "Index Cond": "(id = mi_idx.movie_id)",
                                                "Rows Removed by Index Recheck": 0,
                                                "Filter": "((production_year > 2000) AND (((title)::text ~~ '%Freddy%'::text) OR ((title)::text ~~ '%Jason%'::text) OR ((title)::text ~~ 'Saw%'::text)))",
                                                "Rows Removed by Filter": 1
                                              }
                                            ]
                                          }
                                        ]
                                      }
                                    ]
                                  },
                                  {
                                    "Node Type": "Index Scan",
                                    "Parent Relationship": "Inner",
                                    "Parallel Aware": false,
                                    "Scan Direction": "Forward",
                                    "Index Name": "keyword_pkey",
                                    "Relation Name": "keyword",
                                    "Alias": "k",
                                    "Startup Cost": 0.42,
                                    "Total Cost": 0.69,
                                    "Plan Rows": 1,
                                    "Plan Width": 4,
                                    "Actual Startup Time": 0.009,
                                    "Actual Total Time": 0.009,
                                    "Actual Rows": 0,
                                    "Actual Loops": 291,
                                    "Index Cond": "(id = mk.keyword_id)",
                                    "Rows Removed by Index Recheck": 0,
                                    "Filter": "((keyword)::text = ANY ('{murder,violence,blood,gore,death,female-nudity,hospital}'::text[]))",
                                    "Rows Removed by Filter": 1
                                  }
                                ]
                              }
                            ]
                          }
                        ]
                      },
                      {
                        "Node Type": "Index Scan",
                        "Parent Relationship": "Inner",
                        "Parallel Aware": false,
                        "Scan Direction": "Forward",
                        "Index Name": "name_pkey",
                        "Relation Name": "name",
                        "Alias": "n",
                        "Startup Cost": 0.43,
                        "Total Cost": 1.17,
                        "Plan Rows": 1,
                        "Plan Width": 19,
                        "Actual Startup Time": 0.02,
                        "Actual Total Time": 0.02,
                        "Actual Rows": 1,
                        "Actual Loops": 20,
                        "Index Cond": "(id = ci.person_id)",
                        "Rows Removed by Index Recheck": 0,
                        "Filter": "((gender)::text = 'm'::text)",
                        "Rows Removed by Filter": 0
                      }
                    ]
                  }
                ]
              }
            ]
          }
        ]
      },
      {
        "Node Type": "Index Scan",
        "Parent Relationship": "Inner",
        "Parallel Aware": false,
        "Scan Direction": "Forward",
        "Index Name": "info_type_pkey",
        "Relation Name": "info_type",
        "Alias": "it1",
        "Startup Cost": 0.14,
        "Total Cost": 0.16,
        "Plan Rows": 1,
        "Plan Width": 4,
        "Actual Startup Time": 0.004,
        "Actual Total Time": 0.004,
        "Actual Rows": 1,
        "Actual Loops": 28,
        "Index Cond": "(id = mi.info_type_id)",
        "Rows Removed by Index Recheck": 0,
        "Filter": "((info)::text = 'genres'::text)",
        "Rows Removed by Filter": 0
      }
    ]
  }
}