{
  "Plan": {
    "Node Type": "Nested Loop",
    "Parent Relationship": "Outer",
    "Parallel Aware": false,
    "Join Type": "Inner",
    "Startup Cost": 128337.49,
    "Total Cost": 570480.02,
    "Plan Rows": 55,
    "Plan Width": 64,
    "Actual Startup Time": 4042.173,
    "Actual Total Time": 5498.971,
    "Actual Rows": 2,
    "Actual Loops": 3,
    "Inner Unique": true,
    "Join Filter": "(mk.movie_id = t.id)",
    "Rows Removed by Join Filter": 0,
    "Plans": [
      {
        "Node Type": "Hash Join",
        "Parent Relationship": "Outer",
        "Parallel Aware": true,
        "Join Type": "Inner",
        "Startup Cost": 128337.06,
        "Total Cost": 570314.52,
        "Plan Rows": 354,
        "Plan Width": 55,
        "Actual Startup Time": 4042.097,
        "Actual Total Time": 5498.863,
        "Actual Rows": 2,
        "Actual Loops": 3,
        "Inner Unique": false,
        "Hash Cond": "(ci.movie_id = mk.movie_id)",
        "Plans": [
          {
            "Node Type": "Hash Join",
            "Parent Relationship": "Outer",
            "Parallel Aware": true,
            "Join Type": "Inner",
            "Startup Cost": 77319.8,
            "Total Cost": 519288.29,
            "Plan Rows": 1500,
            "Plan Width": 19,
            "Actual Startup Time": 529.132,
            "Actual Total Time": 4899.587,
            "Actual Rows": 162,
            "Actual Loops": 3,
            "Inner Unique": true,
            "Hash Cond": "(ci.person_id = n.id)",
            "Plans": [
              {
                "Node Type": "Seq Scan",
                "Parent Relationship": "Outer",
                "Parallel Aware": true,
                "Relation Name": "cast_info",
                "Alias": "ci",
                "Startup Cost": 0.0,
                "Total Cost": 402615.6,
                "Plan Rows": 14991560,
                "Plan Width": 8,
                "Actual Startup Time": 0.089,
                "Actual Total Time": 2106.858,
                "Actual Rows": 12081448,
                "Actual Loops": 3
              },
              {
                "Node Type": "Hash",
                "Parent Relationship": "Inner",
                "Parallel Aware": true,
                "Startup Cost": 77317.62,
                "Total Cost": 77317.62,
                "Plan Rows": 174,
                "Plan Width": 19,
                "Actual Startup Time": 497.998,
                "Actual Total Time": 498.001,
                "Actual Rows": 1,
                "Actual Loops": 3,
                "Hash Buckets": 1024,
                "Original Hash Buckets": 1024,
                "Hash Batches": 1,
                "Original Hash Batches": 1,
                "Peak Memory Usage": 72,
                "Plans": [
                  {
                    "Node Type": "Seq Scan",
                    "Parent Relationship": "Outer",
                    "Parallel Aware": true,
                    "Relation Name": "name",
                    "Alias": "n",
                    "Startup Cost": 0.0,
                    "Total Cost": 77317.62,
                    "Plan Rows": 174,
                    "Plan Width": 19,
                    "Actual Startup Time": 199.943,
                    "Actual Total Time": 497.853,
                    "Actual Rows": 1,
                    "Actual Loops": 3,
                    "Filter": "((name)::text ~~ '%Downey%Robert%'::text)",
                    "Rows Removed by Filter": 1389163
                  }
                ]
              }
            ]
          },
          {
            "Node Type": "Hash",
            "Parent Relationship": "Inner",
            "Parallel Aware": true,
            "Startup Cost": 50899.43,
            "Total Cost": 50899.43,
            "Plan Rows": 9427,
            "Plan Width": 36,
            "Actual Startup Time": 598.709,
            "Actual Total Time": 598.735,
            "Actual Rows": 5,
            "Actual Loops": 3,
            "Hash Buckets": 32768,
            "Original Hash Buckets": 32768,
            "Hash Batches": 1,
            "Original Hash Batches": 1,
            "Peak Memory Usage": 352,
            "Plans": [
              {
                "Node Type": "Hash Join",
                "Parent Relationship": "Outer",
                "Parallel Aware": false,
                "Join Type": "Inner",
                "Startup Cost": 2647.51,
                "Total Cost": 50899.43,
                "Plan Rows": 9427,
                "Plan Width": 36,
                "Actual Startup Time": 302.936,
                "Actual Total Time": 598.579,
                "Actual Rows": 5,
                "Actual Loops": 3,
                "Inner Unique": true,
                "Hash Cond": "(mk.keyword_id = k.id)",
                "Plans": [
                  {
                    "Node Type": "Seq Scan",
                    "Parent Relationship": "Outer",
                    "Parallel Aware": true,
                    "Relation Name": "movie_keyword",
                    "Alias": "mk",
                    "Startup Cost": 0.0,
                    "Total Cost": 43303.71,
                    "Plan Rows": 1884971,
                    "Plan Width": 8,
                    "Actual Startup Time": 0.053,
                    "Actual Total Time": 283.461,
                    "Actual Rows": 1507977,
                    "Actual Loops": 3
                  },
                  {
                    "Node Type": "Hash",
                    "Parent Relationship": "Inner",
                    "Parallel Aware": false,
                    "Startup Cost": 2639.12,
                    "Total Cost": 2639.12,
                    "Plan Rows": 671,
                    "Plan Width": 36,
                    "Actual Startup Time": 39.284,
                    "Actual Total Time": 39.289,
                    "Actual Rows": 1,
                    "Actual Loops": 3,
                    "Hash Buckets": 1024,
                    "Original Hash Buckets": 1024,
                    "Hash Batches": 1,
                    "Original Hash Batches": 1,
                    "Peak Memory Usage": 9,
                    "Plans": [
                      {
                        "Node Type": "Seq Scan",
                        "Parent Relationship": "Outer",
                        "Parallel Aware": false,
                        "Relation Name": "keyword",
                        "Alias": "k",
                        "Startup Cost": 0.0,
                        "Total Cost": 2639.12,
                        "Plan Rows": 671,
                        "Plan Width": 36,
                        "Actual Startup Time": 0.993,
                        "Actual Total Time": 39.273,
                        "Actual Rows": 1,
                        "Actual Loops": 3,
                        "Filter": "((keyword)::text = 'marvel-cinematic-universe'::text)",
                        "Rows Removed by Filter": 134169
                      }
                    ]
                  }
                ]
              }
            ]
          }
        ]
      },
      {
        "Node Type": "Index Scan",
        "Parent Relationship": "Inner",
        "Parallel Aware": false,
        "Scan Direction": "Forward",
        "Index Name": "title_pkey",
        "Relation Name": "title",
        "Alias": "t",
        "Startup Cost": 0.43,
        "Total Cost": 0.46,
        "Plan Rows": 1,
        "Plan Width": 21,
        "Actual Startup Time": 0.039,
        "Actual Total Time": 0.039,
        "Actual Rows": 1,
        "Actual Loops": 6,
        "Index Cond": "(id = ci.movie_id)",
        "Rows Removed by Index Recheck": 0,
        "Filter": "(production_year > 2010)",
        "Rows Removed by Filter": 0
      }
    ]
  }
}