{
  "Plan": {
    "Node Type": "Nested Loop",
    "Parent Relationship": "Outer",
    "Parallel Aware": false,
    "Join Type": "Inner",
    "Startup Cost": 821602.18,
    "Total Cost": 837443.78,
    "Plan Rows": 1,
    "Plan Width": 79,
    "Actual Startup Time": 8047.881,
    "Actual Total Time": 8267.935,
    "Actual Rows": 8024,
    "Actual Loops": 1,
    "Inner Unique": true,
    "Plans": [
      {
        "Node Type": "Gather",
        "Parent Relationship": "Outer",
        "Parallel Aware": false,
        "Startup Cost": 821602.04,
        "Total Cost": 837443.6,
        "Plan Rows": 1,
        "Plan Width": 83,
        "Actual Startup Time": 8047.803,
        "Actual Total Time": 8205.809,
        "Actual Rows": 24392,
        "Actual Loops": 1,
        "Workers Planned": 2,
        "Workers Launched": 2,
        "Single Copy": false,
        "Plans": [
          {
            "Node Type": "Hash Join",
            "Parent Relationship": "Outer",
            "Parallel Aware": true,
            "Join Type": "Inner",
            "Startup Cost": 820602.04,
            "Total Cost": 836443.5,
            "Plan Rows": 1,
            "Plan Width": 83,
            "Actual Startup Time": 8048.865,
            "Actual Total Time": 8234.738,
            "Actual Rows": 8131,
            "Actual Loops": 3,
            "Inner Unique": false,
            "Hash Cond": "(mi_idx.movie_id = t.id)",
            "Plans": [
              {
                "Node Type": "Seq Scan",
                "Parent Relationship": "Outer",
                "Parallel Aware": true,
                "Relation Name": "movie_info_idx",
                "Alias": "mi_idx",
                "Startup Cost": 0.0,
                "Total Cost": 13685.15,
                "Plan Rows": 575015,
                "Plan Width": 13,
                "Actual Startup Time": 0.087,
                "Actual Total Time": 89.554,
                "Actual Rows": 460012,
                "Actual Loops": 3
              },
              {
                "Node Type": "Hash",
                "Parent Relationship": "Inner",
                "Parallel Aware": true,
                "Startup Cost": 820602.03,
                "Total Cost": 820602.03,
                "Plan Rows": 1,
                "Plan Width": 94,
                "Actual Startup Time": 8028.127,
                "Actual Total Time": 8028.187,
                "Actual Rows": 2675,
                "Actual Loops": 3,
                "Hash Buckets": 8192,
                "Original Hash Buckets": 1024,
                "Hash Batches": 1,
                "Original Hash Batches": 1,
                "Peak Memory Usage": 952,
                "Plans": [
                  {
                    "Node Type": "Nested Loop",
                    "Parent Relationship": "Outer",
                    "Parallel Aware": false,
                    "Join Type": "Inner",
                    "Startup Cost": 322882.97,
                    "Total Cost": 820602.03,
                    "Plan Rows": 1,
                    "Plan Width": 94,
                    "Actual Startup Time": 6297.102,
                    "Actual Total Time": 7984.99,
                    "Actual Rows": 2675,
                    "Actual Loops": 3,
                    "Inner Unique": true,
                    "Plans": [
                      {
                        "Node Type": "Hash Join",
                        "Parent Relationship": "Outer",
                        "Parallel Aware": true,
                        "Join Type": "Inner",
                        "Startup Cost": 322882.54,
                        "Total Cost": 820600.86,
                        "Plan Rows": 1,
                        "Plan Width": 83,
                        "Actual Startup Time": 6296.419,
                        "Actual Total Time": 7947.015,
                        "Actual Rows": 3955,
                        "Actual Loops": 3,
                        "Inner Unique": false,
                        "Hash Cond": "(ci.movie_id = t.id)",
                        "Plans": [
                          {
                            "Node Type": "Seq Scan",
                            "Parent Relationship": "Outer",
                            "Parallel Aware": true,
                            "Relation Name": "cast_info",
                            "Alias": "ci",
                            "Startup Cost": 0.0,
                            "Total Cost": 496312.85,
                            "Plan Rows": 374789,
                            "Plan Width": 8,
                            "Actual Startup Time": 95.088,
                            "Actual Total Time": 3435.177,
                            "Actual Rows": 414905,
                            "Actual Loops": 3,
                            "Filter": "((note)::text = ANY ('{(writer),\"(head writer)\",\"(written by)\",(story),\"(story editor)\"}'::text[]))",
                            "Rows Removed by Filter": 11666543
                          },
                          {
                            "Node Type": "Hash",
                            "Parent Relationship": "Inner",
                            "Parallel Aware": true,
                            "Startup Cost": 322882.53,
                            "Total Cost": 322882.53,
                            "Plan Rows": 1,
                            "Plan Width": 75,
                            "Actual Startup Time": 4380.123,
                            "Actual Total Time": 4380.176,
                            "Actual Rows": 4889,
                            "Actual Loops": 3,
                            "Hash Buckets": 16384,
                            "Original Hash Buckets": 1024,
                            "Hash Batches": 1,
                            "Original Hash Batches": 1,
                            "Peak Memory Usage": 1400,
                            "Plans": [
                              {
                                "Node Type": "Nested Loop",
                                "Parent Relationship": "Outer",
                                "Parallel Aware": false,
                                "Join Type": "Inner",
                                "Startup Cost": 272509.9,
                                "Total Cost": 322882.53,
                                "Plan Rows": 1,
                                "Plan Width": 75,
                                "Actual Startup Time": 2395.582,
                                "Actual Total Time": 4155.689,
                                "Actual Rows": 4889,
                                "Actual Loops": 3,
                                "Inner Unique": true,
                                "Plans": [
                                  {
                                    "Node Type": "Hash Join",
                                    "Parent Relationship": "Outer",
                                    "Parallel Aware": true,
                                    "Join Type": "Inner",
                                    "Startup Cost": 272509.48,
                                    "Total Cost": 322881.84,
                                    "Plan Rows": 1,
                                    "Plan Width": 79,
                                    "Actual Startup Time": 2394.056,
                                    "Actual Total Time": 3076.915,
                                    "Actual Rows": 214741,
                                    "Actual Loops": 3,
                                    "Inner Unique": false,
                                    "Hash Cond": "(mk.movie_id = t.id)",
                                    "Plans": [
                                      {
                                        "Node Type": "Seq Scan",
                                        "Parent Relationship": "Outer",
                                        "Parallel Aware": true,
                                        "Relation Name": "movie_keyword",
                                        "Alias": "mk",
                                        "Startup Cost": 0.0,
                                        "Total Cost": 43303.71,
                                        "Plan Rows": 1884971,
                                        "Plan Width": 8,
                                        "Actual Startup Time": 0.085,
                                        "Actual Total Time": 292.112,
                                        "Actual Rows": 1507977,
                                        "Actual Loops": 3
                                      },
                                      {
                                        "Node Type": "Hash",
                                        "Parent Relationship": "Inner",
                                        "Parallel Aware": true,
                                        "Startup Cost": 272509.47,
                                        "Total Cost": 272509.47,
                                        "Plan Rows": 1,
                                        "Plan Width": 71,
                                        "Actual Startup Time": 2392.142,
                                        "Actual Total Time": 2392.173,
                                        "Actual Rows": 3442,
                                        "Actual Loops": 3,
                                        "Hash Buckets": 16384,
                                        "Original Hash Buckets": 1024,
                                        "Hash Batches": 1,
                                        "Original Hash Batches": 1,
                                        "Peak Memory Usage": 1016,
                                        "Plans": [
                                          {
                                            "Node Type": "Nested Loop",
                                            "Parent Relationship": "Outer",
                                            "Parallel Aware": false,
                                            "Join Type": "Inner",
                                            "Startup Cost": 2490.06,
                                            "Total Cost": 272509.47,
                                            "Plan Rows": 1,
                                            "Plan Width": 71,
                                            "Actual Startup Time": 268.837,
                                            "Actual Total Time": 2341.53,
                                            "Actual Rows": 3442,
                                            "Actual Loops": 3,
                                            "Inner Unique": true,
                                            "Plans": [
                                              {
                                                "Node Type": "Nested Loop",
                                                "Parent Relationship": "Outer",
                                                "Parallel Aware": false,
                                                "Join Type": "Inner",
                                                "Startup Cost": 2489.63,
                                                "Total Cost": 272507.74,
                                                "Plan Rows": 1,
                                                "Plan Width": 50,
                                                "Actual Startup Time": 268.755,
                                                "Actual Total Time": 2305.086,
                                                "Actual Rows": 3442,
                                                "Actual Loops": 3,
                                                "Inner Unique": true,
                                                "Plans": [
                                                  {
                                                    "Node Type": "Hash Join",
                                                    "Parent Relationship": "Outer",
                                                    "Parallel Aware": false,
                                                    "Join Type": "Inner",
                                                    "Startup Cost": 2489.48,
                                                    "Total Cost": 272507.56,
                                                    "Plan Rows": 1,
                                                    "Plan Width": 54,
                                                    "Actual Startup Time": 268.699,
                                                    "Actual Total Time": 2290.491,
                                                    "Actual Rows": 4077,
                                                    "Actual Loops": 3,
                                                    "Inner Unique": false,
                                                    "Hash Cond": "(mi.movie_id = cc.movie_id)",
                                                    "Plans": [
                                                      {
                                                        "Node Type": "Seq Scan",
                                                        "Parent Relationship": "Outer",
                                                        "Parallel Aware": true,
                                                        "Relation Name": "movie_info",
                                                        "Alias": "mi",
                                                        "Startup Cost": 0.0,
                                                        "Total Cost": 269749.45,
                                                        "Plan Rows": 71632,
                                                        "Plan Width": 50,
                                                        "Actual Startup Time": 174.539,
                                                        "Actual Total Time": 2176.652,
                                                        "Actual Rows": 62990,
                                                        "Actual Loops": 3,
                                                        "Filter": "((info)::text = ANY ('{Horror,Action,Sci-Fi,Thriller,Crime,War}'::text[]))",
                                                        "Rows Removed by Filter": 4882250
                                                      },
                                                      {
                                                        "Node Type": "Hash",
                                                        "Parent Relationship": "Inner",
                                                        "Parallel Aware": false,
                                                        "Startup Cost": 2489.43,
                                                        "Total Cost": 2489.43,
                                                        "Plan Rows": 4,
                                                        "Plan Width": 4,
                                                        "Actual Startup Time": 93.984,
                                                        "Actual Total Time": 93.997,
                                                        "Actual Rows": 17879,
                                                        "Actual Loops": 3,
                                                        "Hash Buckets": 32768,
                                                        "Original Hash Buckets": 1024,
                                                        "Hash Batches": 1,
                                                        "Original Hash Batches": 1,
                                                        "Peak Memory Usage": 885,
                                                        "Plans": [
                                                          {
                                                            "Node Type": "Hash Join",
                                                            "Parent Relationship": "Outer",
                                                            "Parallel Aware": false,
                                                            "Join Type": "Inner",
                                                            "Startup Cost": 37.85,
                                                            "Total Cost": 2489.43,
                                                            "Plan Rows": 4,
                                                            "Plan Width": 4,
                                                            "Actual Startup Time": 0.136,
                                                            "Actual Total Time": 87.405,
                                                            "Actual Rows": 17879,
                                                            "Actual Loops": 3,
                                                            "Inner Unique": true,
                                                            "Hash Cond": "(cc.status_id = cct2.id)",
                                                            "Plans": [
                                                              {
                                                                "Node Type": "Hash Join",
                                                                "Parent Relationship": "Outer",
                                                                "Parallel Aware": false,
                                                                "Join Type": "Inner",
                                                                "Startup Cost": 18.93,
                                                                "Total Cost": 2468.5,
                                                                "Plan Rows": 761,
                                                                "Plan Width": 8,
                                                                "Actual Startup Time": 0.059,
                                                                "Actual Total Time": 72.021,
                                                                "Actual Rows": 85941,
                                                                "Actual Loops": 3,
                                                                "Inner Unique": true,
                                                                "Hash Cond": "(cc.subject_id = cct1.id)",
                                                                "Plans": [
                                                                  {
                                                                    "Node Type": "Seq Scan",
                                                                    "Parent Relationship": "Outer",
                                                                    "Parallel Aware": false,
                                                                    "Relation Name": "complete_cast",
                                                                    "Alias": "cc",
                                                                    "Startup Cost": 0.0,
                                                                    "Total Cost": 2092.86,
                                                                    "Plan Rows": 135086,
                                                                    "Plan Width": 12,
                                                                    "Actual Startup Time": 0.017,
                                                                    "Actual Total Time": 19.389,
                                                                    "Actual Rows": 135086,
                                                                    "Actual Loops": 3
                                                                  },
                                                                  {
                                                                    "Node Type": "Hash",
                                                                    "Parent Relationship": "Inner",
                                                                    "Parallel Aware": false,
                                                                    "Startup Cost": 18.88,
                                                                    "Total Cost": 18.88,
                                                                    "Plan Rows": 4,
                                                                    "Plan Width": 4,
                                                                    "Actual Startup Time": 0.013,
                                                                    "Actual Total Time": 0.015,
                                                                    "Actual Rows": 1,
                                                                    "Actual Loops": 3,
                                                                    "Hash Buckets": 1024,
                                                                    "Original Hash Buckets": 1024,
                                                                    "Hash Batches": 1,
                                                                    "Original Hash Batches": 1,
                                                                    "Peak Memory Usage": 9,
                                                                    "Plans": [
                                                                      {
                                                                        "Node Type": "Seq Scan",
                                                                        "Parent Relationship": "Outer",
                                                                        "Parallel Aware": false,
                                                                        "Relation Name": "comp_cast_type",
                                                                        "Alias": "cct1",
                                                                        "Startup Cost": 0.0,
                                                                        "Total Cost": 18.88,
                                                                        "Plan Rows": 4,
                                                                        "Plan Width": 4,
                                                                        "Actual Startup Time": 0.005,
                                                                        "Actual Total Time": 0.006,
                                                                        "Actual Rows": 1,
                                                                        "Actual Loops": 3,
                                                                        "Filter": "((kind)::text = 'cast'::text)",
                                                                        "Rows Removed by Filter": 3
                                                                      }
                                                                    ]
                                                                  }
                                                                ]
                                                              },
                                                              {
                                                                "Node Type": "Hash",
                                                                "Parent Relationship": "Inner",
                                                                "Parallel Aware": false,
                                                                "Startup Cost": 18.88,
                                                                "Total Cost": 18.88,
                                                                "Plan Rows": 4,
                                                                "Plan Width": 4,
                                                                "Actual Startup Time": 0.05,
                                                                "Actual Total Time": 0.051,
                                                                "Actual Rows": 1,
                                                                "Actual Loops": 3,
                                                                "Hash Buckets": 1024,
                                                                "Original Hash Buckets": 1024,
                                                                "Hash Batches": 1,
                                                                "Original Hash Batches": 1,
                                                                "Peak Memory Usage": 9,
                                                                "Plans": [
                                                                  {
                                                                    "Node Type": "Seq Scan",
                                                                    "Parent Relationship": "Outer",
                                                                    "Parallel Aware": false,
                                                                    "Relation Name": "comp_cast_type",
                                                                    "Alias": "cct2",
                                                                    "Startup Cost": 0.0,
                                                                    "Total Cost": 18.88,
                                                                    "Plan Rows": 4,
                                                                    "Plan Width": 4,
                                                                    "Actual Startup Time": 0.042,
                                                                    "Actual Total Time": 0.043,
                                                                    "Actual Rows": 1,
                                                                    "Actual Loops": 3,
                                                                    "Filter": "((kind)::text = 'completeverified'::text)",
                                                                    "Rows Removed by Filter": 3
                                                                  }
                                                                ]
                                                              }
                                                            ]
                                                          }
                                                        ]
                                                      }
                                                    ]
                                                  },
                                                  {
                                                    "Node Type": "Index Scan",
                                                    "Parent Relationship": "Inner",
                                                    "Parallel Aware": false,
                                                    "Scan Direction": "Forward",
                                                    "Index Name": "info_type_pkey",
                                                    "Relation Name": "info_type",
                                                    "Alias": "it1",
                                                    "Startup Cost": 0.14,
                                                    "Total Cost": 0.16,
                                                    "Plan Rows": 1,
                                                    "Plan Width": 4,
                                                    "Actual Startup Time": 0.003,
                                                    "Actual Total Time": 0.003,
                                                    "Actual Rows": 1,
                                                    "Actual Loops": 12230,
                                                    "Index Cond": "(id = mi.info_type_id)",
                                                    "Rows Removed by Index Recheck": 0,
                                                    "Filter": "((info)::text = 'genres'::text)",
                                                    "Rows Removed by Filter": 0
                                                  }
                                                ]
                                              },
                                              {
                                                "Node Type": "Index Scan",
                                                "Parent Relationship": "Inner",
                                                "Parallel Aware": false,
                                                "Scan Direction": "Forward",
                                                "Index Name": "title_pkey",
                                                "Relation Name": "title",
                                                "Alias": "t",
                                                "Startup Cost": 0.43,
                                                "Total Cost": 1.73,
                                                "Plan Rows": 1,
                                                "Plan Width": 21,
                                                "Actual Startup Time": 0.01,
                                                "Actual Total Time": 0.01,
                                                "Actual Rows": 1,
                                                "Actual Loops": 10327,
                                                "Index Cond": "(id = mi.movie_id)",
                                                "Rows Removed by Index Recheck": 0
                                              }
                                            ]
                                          }
                                        ]
                                      }
                                    ]
                                  },
                                  {
                                    "Node Type": "Index Scan",
                                    "Parent Relationship": "Inner",
                                    "Parallel Aware": false,
                                    "Scan Direction": "Forward",
                                    "Index Name": "keyword_pkey",
                                    "Relation Name": "keyword",
                                    "Alias": "k",
                                    "Startup Cost": 0.42,
                                    "Total Cost": 0.69,
                                    "Plan Rows": 1,
                                    "Plan Width": 4,
                                    "Actual Startup Time": 0.005,
                                    "Actual Total Time": 0.005,
                                    "Actual Rows": 0,
                                    "Actual Loops": 644223,
                                    "Index Cond": "(id = mk.keyword_id)",
                                    "Rows Removed by Index Recheck": 0,
                                    "Filter": "((keyword)::text = ANY ('{murder,violence,blood,gore,death,female-nudity,hospital}'::text[]))",
                                    "Rows Removed by Filter": 1
                                  }
                                ]
                              }
                            ]
                          }
                        ]
                      },
                      {
                        "Node Type": "Index Scan",
                        "Parent Relationship": "Inner",
                        "Parallel Aware": false,
                        "Scan Direction": "Forward",
                        "Index Name": "name_pkey",
                        "Relation Name": "name",
                        "Alias": "n",
                        "Startup Cost": 0.43,
                        "Total Cost": 1.17,
                        "Plan Rows": 1,
                        "Plan Width": 19,
                        "Actual Startup Time": 0.009,
                        "Actual Total Time": 0.009,
                        "Actual Rows": 1,
                        "Actual Loops": 11866,
                        "Index Cond": "(id = ci.person_id)",
                        "Rows Removed by Index Recheck": 0,
                        "Filter": "((gender)::text = 'm'::text)",
                        "Rows Removed by Filter": 0
                      }
                    ]
                  }
                ]
              }
            ]
          }
        ]
      },
      {
        "Node Type": "Index Scan",
        "Parent Relationship": "Inner",
        "Parallel Aware": false,
        "Scan Direction": "Forward",
        "Index Name": "info_type_pkey",
        "Relation Name": "info_type",
        "Alias": "it2",
        "Startup Cost": 0.14,
        "Total Cost": 0.16,
        "Plan Rows": 1,
        "Plan Width": 4,
        "Actual Startup Time": 0.002,
        "Actual Total Time": 0.002,
        "Actual Rows": 0,
        "Actual Loops": 24392,
        "Index Cond": "(id = mi_idx.info_type_id)",
        "Rows Removed by Index Recheck": 0,
        "Filter": "((info)::text = 'votes'::text)",
        "Rows Removed by Filter": 1
      }
    ]
  }
}