{
  "Plan": {
    "Node Type": "Hash Join",
    "Parent Relationship": "Outer",
    "Parallel Aware": true,
    "Join Type": "Inner",
    "Startup Cost": 795949.78,
    "Total Cost": 846322.14,
    "Plan Rows": 2,
    "Plan Width": 83,
    "Actual Startup Time": 6676.755,
    "Actual Total Time": 7152.24,
    "Actual Rows": 15754,
    "Actual Loops": 3,
    "Inner Unique": false,
    "Hash Cond": "(mk.movie_id = t.id)",
    "Plans": [
      {
        "Node Type": "Seq Scan",
        "Parent Relationship": "Outer",
        "Parallel Aware": true,
        "Relation Name": "movie_keyword",
        "Alias": "mk",
        "Startup Cost": 0.0,
        "Total Cost": 43303.71,
        "Plan Rows": 1884971,
        "Plan Width": 8,
        "Actual Startup Time": 0.096,
        "Actual Total Time": 281.39,
        "Actual Rows": 1507977,
        "Actual Loops": 3
      },
      {
        "Node Type": "Hash",
        "Parent Relationship": "Inner",
        "Parallel Aware": true,
        "Startup Cost": 795949.77,
        "Total Cost": 795949.77,
        "Plan Rows": 1,
        "Plan Width": 99,
        "Actual Startup Time": 6578.573,
        "Actual Total Time": 6578.632,
        "Actual Rows": 146,
        "Actual Loops": 3,
        "Hash Buckets": 1024,
        "Original Hash Buckets": 1024,
        "Hash Batches": 1,
        "Original Hash Batches": 1,
        "Peak Memory Usage": 104,
        "Plans": [
          {
            "Node Type": "Nested Loop",
            "Parent Relationship": "Outer",
            "Parallel Aware": false,
            "Join Type": "Inner",
            "Startup Cost": 298229.49,
            "Total Cost": 795949.77,
            "Plan Rows": 1,
            "Plan Width": 99,
            "Actual Startup Time": 4995.838,
            "Actual Total Time": 6578.224,
            "Actual Rows": 146,
            "Actual Loops": 3,
            "Inner Unique": true,
            "Join Filter": "(mi.movie_id = t.id)",
            "Rows Removed by Join Filter": 0,
            "Plans": [
              {
                "Node Type": "Nested Loop",
                "Parent Relationship": "Outer",
                "Parallel Aware": false,
                "Join Type": "Inner",
                "Startup Cost": 298229.06,
                "Total Cost": 795948.48,
                "Plan Rows": 1,
                "Plan Width": 78,
                "Actual Startup Time": 4995.735,
                "Actual Total Time": 6576.14,
                "Actual Rows": 146,
                "Actual Loops": 3,
                "Inner Unique": true,
                "Plans": [
                  {
                    "Node Type": "Hash Join",
                    "Parent Relationship": "Outer",
                    "Parallel Aware": true,
                    "Join Type": "Inner",
                    "Startup Cost": 298228.63,
                    "Total Cost": 795946.95,
                    "Plan Rows": 1,
                    "Plan Width": 67,
                    "Actual Startup Time": 4991.741,
                    "Actual Total Time": 6571.759,
                    "Actual Rows": 196,
                    "Actual Loops": 3,
                    "Inner Unique": false,
                    "Hash Cond": "(ci.movie_id = mi.movie_id)",
                    "Plans": [
                      {
                        "Node Type": "Seq Scan",
                        "Parent Relationship": "Outer",
                        "Parallel Aware": true,
                        "Relation Name": "cast_info",
                        "Alias": "ci",
                        "Startup Cost": 0.0,
                        "Total Cost": 496312.85,
                        "Plan Rows": 374789,
                        "Plan Width": 8,
                        "Actual Startup Time": 75.417,
                        "Actual Total Time": 3426.988,
                        "Actual Rows": 414905,
                        "Actual Loops": 3,
                        "Filter": "((note)::text = ANY ('{(writer),\"(head writer)\",\"(written by)\",(story),\"(story editor)\"}'::text[]))",
                        "Rows Removed by Filter": 11666543
                      },
                      {
                        "Node Type": "Hash",
                        "Parent Relationship": "Inner",
                        "Parallel Aware": true,
                        "Startup Cost": 298228.62,
                        "Total Cost": 298228.62,
                        "Plan Rows": 1,
                        "Plan Width": 59,
                        "Actual Startup Time": 3069.46,
                        "Actual Total Time": 3069.508,
                        "Actual Rows": 220,
                        "Actual Loops": 3,
                        "Hash Buckets": 1024,
                        "Original Hash Buckets": 1024,
                        "Hash Batches": 1,
                        "Original Hash Batches": 1,
                        "Peak Memory Usage": 104,
                        "Plans": [
                          {
                            "Node Type": "Nested Loop",
                            "Parent Relationship": "Outer",
                            "Parallel Aware": false,
                            "Join Type": "Inner",
                            "Startup Cost": 254361.84,
                            "Total Cost": 298228.62,
                            "Plan Rows": 1,
                            "Plan Width": 59,
                            "Actual Startup Time": 2194.102,
                            "Actual Total Time": 3068.874,
                            "Actual Rows": 220,
                            "Actual Loops": 3,
                            "Inner Unique": true,
                            "Plans": [
                              {
                                "Node Type": "Hash Join",
                                "Parent Relationship": "Outer",
                                "Parallel Aware": true,
                                "Join Type": "Inner",
                                "Startup Cost": 254361.42,
                                "Total Cost": 298190.71,
                                "Plan Rows": 34,
                                "Plan Width": 63,
                                "Actual Startup Time": 2121.695,
                                "Actual Total Time": 2620.115,
                                "Actual Rows": 76541,
                                "Actual Loops": 3,
                                "Inner Unique": false,
                                "Hash Cond": "(mc.movie_id = mi.movie_id)",
                                "Plans": [
                                  {
                                    "Node Type": "Seq Scan",
                                    "Parent Relationship": "Outer",
                                    "Parallel Aware": true,
                                    "Relation Name": "movie_companies",
                                    "Alias": "mc",
                                    "Startup Cost": 0.0,
                                    "Total Cost": 39752.37,
                                    "Plan Rows": 1087137,
                                    "Plan Width": 8,
                                    "Actual Startup Time": 0.059,
                                    "Actual Total Time": 192.846,
                                    "Actual Rows": 869710,
                                    "Actual Loops": 3
                                  },
                                  {
                                    "Node Type": "Hash",
                                    "Parent Relationship": "Inner",
                                    "Parallel Aware": true,
                                    "Startup Cost": 254361.33,
                                    "Total Cost": 254361.33,
                                    "Plan Rows": 7,
                                    "Plan Width": 55,
                                    "Actual Startup Time": 2121.499,
                                    "Actual Total Time": 2121.533,
                                    "Actual Rows": 13022,
                                    "Actual Loops": 3,
                                    "Hash Buckets": 65536,
                                    "Original Hash Buckets": 1024,
                                    "Hash Batches": 1,
                                    "Original Hash Batches": 1,
                                    "Peak Memory Usage": 3256,
                                    "Plans": [
                                      {
                                        "Node Type": "Hash Join",
                                        "Parent Relationship": "Outer",
                                        "Parallel Aware": true,
                                        "Join Type": "Inner",
                                        "Startup Cost": 15319.64,
                                        "Total Cost": 254361.33,
                                        "Plan Rows": 7,
                                        "Plan Width": 55,
                                        "Actual Startup Time": 2052.792,
                                        "Actual Total Time": 2100.804,
                                        "Actual Rows": 13022,
                                        "Actual Loops": 3,
                                        "Inner Unique": false,
                                        "Hash Cond": "(mi.movie_id = mi_idx.movie_id)",
                                        "Plans": [
                                          {
                                            "Node Type": "Hash Join",
                                            "Parent Relationship": "Outer",
                                            "Parallel Aware": false,
                                            "Join Type": "Inner",
                                            "Startup Cost": 2.43,
                                            "Total Cost": 239043.13,
                                            "Plan Rows": 256,
                                            "Plan Width": 46,
                                            "Actual Startup Time": 128.604,
                                            "Actual Total Time": 1722.511,
                                            "Actual Rows": 24086,
                                            "Actual Loops": 3,
                                            "Inner Unique": true,
                                            "Hash Cond": "(mi.info_type_id = it1.id)",
                                            "Plans": [
                                              {
                                                "Node Type": "Seq Scan",
                                                "Parent Relationship": "Outer",
                                                "Parallel Aware": true,
                                                "Relation Name": "movie_info",
                                                "Alias": "mi",
                                                "Startup Cost": 0.0,
                                                "Total Cost": 238961.89,
                                                "Plan Rows": 28940,
                                                "Plan Width": 50,
                                                "Actual Startup Time": 128.537,
                                                "Actual Total Time": 1712.56,
                                                "Actual Rows": 24349,
                                                "Actual Loops": 3,
                                                "Filter": "((info)::text = ANY ('{Horror,Thriller}'::text[]))",
                                                "Rows Removed by Filter": 4920891
                                              },
                                              {
                                                "Node Type": "Hash",
                                                "Parent Relationship": "Inner",
                                                "Parallel Aware": false,
                                                "Startup Cost": 2.41,
                                                "Total Cost": 2.41,
                                                "Plan Rows": 1,
                                                "Plan Width": 4,
                                                "Actual Startup Time": 0.044,
                                                "Actual Total Time": 0.045,
                                                "Actual Rows": 1,
                                                "Actual Loops": 3,
                                                "Hash Buckets": 1024,
                                                "Original Hash Buckets": 1024,
                                                "Hash Batches": 1,
                                                "Original Hash Batches": 1,
                                                "Peak Memory Usage": 9,
                                                "Plans": [
                                                  {
                                                    "Node Type": "Seq Scan",
                                                    "Parent Relationship": "Outer",
                                                    "Parallel Aware": false,
                                                    "Relation Name": "info_type",
                                                    "Alias": "it1",
                                                    "Startup Cost": 0.0,
                                                    "Total Cost": 2.41,
                                                    "Plan Rows": 1,
                                                    "Plan Width": 4,
                                                    "Actual Startup Time": 0.014,
                                                    "Actual Total Time": 0.035,
                                                    "Actual Rows": 1,
                                                    "Actual Loops": 3,
                                                    "Filter": "((info)::text = 'genres'::text)",
                                                    "Rows Removed by Filter": 112
                                                  }
                                                ]
                                              }
                                            ]
                                          },
                                          {
                                            "Node Type": "Hash",
                                            "Parent Relationship": "Inner",
                                            "Parallel Aware": true,
                                            "Startup Cost": 15253.6,
                                            "Total Cost": 15253.6,
                                            "Plan Rows": 5089,
                                            "Plan Width": 9,
                                            "Actual Startup Time": 308.49,
                                            "Actual Total Time": 308.503,
                                            "Actual Rows": 153308,
                                            "Actual Loops": 3,
                                            "Hash Buckets": 65536,
                                            "Original Hash Buckets": 16384,
                                            "Hash Batches": 8,
                                            "Original Hash Batches": 1,
                                            "Peak Memory Usage": 2848,
                                            "Plans": [
                                              {
                                                "Node Type": "Hash Join",
                                                "Parent Relationship": "Outer",
                                                "Parallel Aware": false,
                                                "Join Type": "Inner",
                                                "Startup Cost": 2.43,
                                                "Total Cost": 15253.6,
                                                "Plan Rows": 5089,
                                                "Plan Width": 9,
                                                "Actual Startup Time": 0.131,
                                                "Actual Total Time": 213.956,
                                                "Actual Rows": 153308,
                                                "Actual Loops": 3,
                                                "Inner Unique": true,
                                                "Hash Cond": "(mi_idx.info_type_id = it2.id)",
                                                "Plans": [
                                                  {
                                                    "Node Type": "Seq Scan",
                                                    "Parent Relationship": "Outer",
                                                    "Parallel Aware": true,
                                                    "Relation Name": "movie_info_idx",
                                                    "Alias": "mi_idx",
                                                    "Startup Cost": 0.0,
                                                    "Total Cost": 13685.15,
                                                    "Plan Rows": 575015,
                                                    "Plan Width": 13,
                                                    "Actual Startup Time": 0.043,
                                                    "Actual Total Time": 89.597,
                                                    "Actual Rows": 460012,
                                                    "Actual Loops": 3
                                                  },
                                                  {
                                                    "Node Type": "Hash",
                                                    "Parent Relationship": "Inner",
                                                    "Parallel Aware": false,
                                                    "Startup Cost": 2.41,
                                                    "Total Cost": 2.41,
                                                    "Plan Rows": 1,
                                                    "Plan Width": 4,
                                                    "Actual Startup Time": 0.061,
                                                    "Actual Total Time": 0.064,
                                                    "Actual Rows": 1,
                                                    "Actual Loops": 3,
                                                    "Hash Buckets": 1024,
                                                    "Original Hash Buckets": 1024,
                                                    "Hash Batches": 1,
                                                    "Original Hash Batches": 1,
                                                    "Peak Memory Usage": 9,
                                                    "Plans": [
                                                      {
                                                        "Node Type": "Seq Scan",
                                                        "Parent Relationship": "Outer",
                                                        "Parallel Aware": false,
                                                        "Relation Name": "info_type",
                                                        "Alias": "it2",
                                                        "Startup Cost": 0.0,
                                                        "Total Cost": 2.41,
                                                        "Plan Rows": 1,
                                                        "Plan Width": 4,
                                                        "Actual Startup Time": 0.05,
                                                        "Actual Total Time": 0.054,
                                                        "Actual Rows": 1,
                                                        "Actual Loops": 3,
                                                        "Filter": "((info)::text = 'votes'::text)",
                                                        "Rows Removed by Filter": 112
                                                      }
                                                    ]
                                                  }
                                                ]
                                              }
                                            ]
                                          }
                                        ]
                                      }
                                    ]
                                  }
                                ]
                              },
                              {
                                "Node Type": "Index Scan",
                                "Parent Relationship": "Inner",
                                "Parallel Aware": false,
                                "Scan Direction": "Forward",
                                "Index Name": "company_name_pkey",
                                "Relation Name": "company_name",
                                "Alias": "cn",
                                "Startup Cost": 0.42,
                                "Total Cost": 1.12,
                                "Plan Rows": 1,
                                "Plan Width": 4,
                                "Actual Startup Time": 0.005,
                                "Actual Total Time": 0.005,
                                "Actual Rows": 0,
                                "Actual Loops": 229623,
                                "Index Cond": "(id = mc.company_id)",
                                "Rows Removed by Index Recheck": 0,
                                "Filter": "((name)::text ~~ 'Lionsgate%'::text)",
                                "Rows Removed by Filter": 1
                              }
                            ]
                          }
                        ]
                      }
                    ]
                  },
                  {
                    "Node Type": "Index Scan",
                    "Parent Relationship": "Inner",
                    "Parallel Aware": false,
                    "Scan Direction": "Forward",
                    "Index Name": "name_pkey",
                    "Relation Name": "name",
                    "Alias": "n",
                    "Startup Cost": 0.43,
                    "Total Cost": 1.53,
                    "Plan Rows": 1,
                    "Plan Width": 19,
                    "Actual Startup Time": 0.02,
                    "Actual Total Time": 0.02,
                    "Actual Rows": 1,
                    "Actual Loops": 588,
                    "Index Cond": "(id = ci.person_id)",
                    "Rows Removed by Index Recheck": 0,
                    "Filter": "((gender)::text = 'm'::text)",
                    "Rows Removed by Filter": 0
                  }
                ]
              },
              {
                "Node Type": "Index Scan",
                "Parent Relationship": "Inner",
                "Parallel Aware": false,
                "Scan Direction": "Forward",
                "Index Name": "title_pkey",
                "Relation Name": "title",
                "Alias": "t",
                "Startup Cost": 0.43,
                "Total Cost": 1.27,
                "Plan Rows": 1,
                "Plan Width": 21,
                "Actual Startup Time": 0.012,
                "Actual Total Time": 0.012,
                "Actual Rows": 1,
                "Actual Loops": 439,
                "Index Cond": "(id = mc.movie_id)",
                "Rows Removed by Index Recheck": 0
              }
            ]
          }
        ]
      }
    ]
  }
}