{
  "Plan": {
    "Node Type": "Nested Loop",
    "Parent Relationship": "Outer",
    "Parallel Aware": false,
    "Join Type": "Inner",
    "Startup Cost": 296836.59,
    "Total Cost": 794557.8,
    "Plan Rows": 1,
    "Plan Width": 88,
    "Actual Startup Time": 4929.332,
    "Actual Total Time": 5958.333,
    "Actual Rows": 6,
    "Actual Loops": 3,
    "Inner Unique": true,
    "Join Filter": "(mi.movie_id = t.id)",
    "Rows Removed by Join Filter": 0,
    "Plans": [
      {
        "Node Type": "Nested Loop",
        "Parent Relationship": "Outer",
        "Parallel Aware": false,
        "Join Type": "Inner",
        "Startup Cost": 296836.16,
        "Total Cost": 794556.46,
        "Plan Rows": 1,
        "Plan Width": 67,
        "Actual Startup Time": 4360.485,
        "Actual Total Time": 5957.608,
        "Actual Rows": 28,
        "Actual Loops": 3,
        "Inner Unique": true,
        "Plans": [
          {
            "Node Type": "Hash Join",
            "Parent Relationship": "Outer",
            "Parallel Aware": true,
            "Join Type": "Inner",
            "Startup Cost": 296835.74,
            "Total Cost": 794554.06,
            "Plan Rows": 1,
            "Plan Width": 71,
            "Actual Startup Time": 4333.284,
            "Actual Total Time": 5947.776,
            "Actual Rows": 1054,
            "Actual Loops": 3,
            "Inner Unique": false,
            "Hash Cond": "(ci.movie_id = mi.movie_id)",
            "Plans": [
              {
                "Node Type": "Seq Scan",
                "Parent Relationship": "Outer",
                "Parallel Aware": true,
                "Relation Name": "cast_info",
                "Alias": "ci",
                "Startup Cost": 0.0,
                "Total Cost": 496312.85,
                "Plan Rows": 374789,
                "Plan Width": 8,
                "Actual Startup Time": 75.356,
                "Actual Total Time": 3429.824,
                "Actual Rows": 414905,
                "Actual Loops": 3,
                "Filter": "((note)::text = ANY ('{(writer),\"(head writer)\",\"(written by)\",(story),\"(story editor)\"}'::text[]))",
                "Rows Removed by Filter": 11666543
              },
              {
                "Node Type": "Hash",
                "Parent Relationship": "Inner",
                "Parallel Aware": true,
                "Startup Cost": 296835.73,
                "Total Cost": 296835.73,
                "Plan Rows": 1,
                "Plan Width": 63,
                "Actual Startup Time": 2411.483,
                "Actual Total Time": 2411.514,
                "Actual Rows": 1236,
                "Actual Loops": 3,
                "Hash Buckets": 4096,
                "Original Hash Buckets": 1024,
                "Hash Batches": 1,
                "Original Hash Batches": 1,
                "Peak Memory Usage": 376,
                "Plans": [
                  {
                    "Node Type": "Hash Join",
                    "Parent Relationship": "Outer",
                    "Parallel Aware": true,
                    "Join Type": "Inner",
                    "Startup Cost": 281565.46,
                    "Total Cost": 296835.73,
                    "Plan Rows": 1,
                    "Plan Width": 63,
                    "Actual Startup Time": 2123.383,
                    "Actual Total Time": 2369.194,
                    "Actual Rows": 1236,
                    "Actual Loops": 3,
                    "Inner Unique": false,
                    "Hash Cond": "(mi_idx.movie_id = mi.movie_id)",
                    "Plans": [
                      {
                        "Node Type": "Hash Join",
                        "Parent Relationship": "Outer",
                        "Parallel Aware": false,
                        "Join Type": "Inner",
                        "Startup Cost": 2.43,
                        "Total Cost": 15253.6,
                        "Plan Rows": 5089,
                        "Plan Width": 9,
                        "Actual Startup Time": 0.191,
                        "Actual Total Time": 211.238,
                        "Actual Rows": 153308,
                        "Actual Loops": 3,
                        "Inner Unique": true,
                        "Hash Cond": "(mi_idx.info_type_id = it2.id)",
                        "Plans": [
                          {
                            "Node Type": "Seq Scan",
                            "Parent Relationship": "Outer",
                            "Parallel Aware": true,
                            "Relation Name": "movie_info_idx",
                            "Alias": "mi_idx",
                            "Startup Cost": 0.0,
                            "Total Cost": 13685.15,
                            "Plan Rows": 575015,
                            "Plan Width": 13,
                            "Actual Startup Time": 0.061,
                            "Actual Total Time": 89.37,
                            "Actual Rows": 460012,
                            "Actual Loops": 3
                          },
                          {
                            "Node Type": "Hash",
                            "Parent Relationship": "Inner",
                            "Parallel Aware": false,
                            "Startup Cost": 2.41,
                            "Total Cost": 2.41,
                            "Plan Rows": 1,
                            "Plan Width": 4,
                            "Actual Startup Time": 0.063,
                            "Actual Total Time": 0.065,
                            "Actual Rows": 1,
                            "Actual Loops": 3,
                            "Hash Buckets": 1024,
                            "Original Hash Buckets": 1024,
                            "Hash Batches": 1,
                            "Original Hash Batches": 1,
                            "Peak Memory Usage": 9,
                            "Plans": [
                              {
                                "Node Type": "Seq Scan",
                                "Parent Relationship": "Outer",
                                "Parallel Aware": false,
                                "Relation Name": "info_type",
                                "Alias": "it2",
                                "Startup Cost": 0.0,
                                "Total Cost": 2.41,
                                "Plan Rows": 1,
                                "Plan Width": 4,
                                "Actual Startup Time": 0.039,
                                "Actual Total Time": 0.043,
                                "Actual Rows": 1,
                                "Actual Loops": 3,
                                "Filter": "((info)::text = 'votes'::text)",
                                "Rows Removed by Filter": 112
                              }
                            ]
                          }
                        ]
                      },
                      {
                        "Node Type": "Hash",
                        "Parent Relationship": "Inner",
                        "Parallel Aware": true,
                        "Startup Cost": 281562.97,
                        "Total Cost": 281562.97,
                        "Plan Rows": 5,
                        "Plan Width": 54,
                        "Actual Startup Time": 2119.126,
                        "Actual Total Time": 2119.144,
                        "Actual Rows": 1237,
                        "Actual Loops": 3,
                        "Hash Buckets": 4096,
                        "Original Hash Buckets": 1024,
                        "Hash Batches": 1,
                        "Original Hash Batches": 1,
                        "Peak Memory Usage": 312,
                        "Plans": [
                          {
                            "Node Type": "Hash Join",
                            "Parent Relationship": "Outer",
                            "Parallel Aware": true,
                            "Join Type": "Inner",
                            "Startup Cost": 42520.96,
                            "Total Cost": 281562.97,
                            "Plan Rows": 5,
                            "Plan Width": 54,
                            "Actual Startup Time": 427.499,
                            "Actual Total Time": 2031.284,
                            "Actual Rows": 1237,
                            "Actual Loops": 3,
                            "Inner Unique": false,
                            "Hash Cond": "(mi.movie_id = mc.movie_id)",
                            "Plans": [
                              {
                                "Node Type": "Hash Join",
                                "Parent Relationship": "Outer",
                                "Parallel Aware": false,
                                "Join Type": "Inner",
                                "Startup Cost": 2.43,
                                "Total Cost": 239043.13,
                                "Plan Rows": 256,
                                "Plan Width": 46,
                                "Actual Startup Time": 129.64,
                                "Actual Total Time": 1725.564,
                                "Actual Rows": 24086,
                                "Actual Loops": 3,
                                "Inner Unique": true,
                                "Hash Cond": "(mi.info_type_id = it1.id)",
                                "Plans": [
                                  {
                                    "Node Type": "Seq Scan",
                                    "Parent Relationship": "Outer",
                                    "Parallel Aware": true,
                                    "Relation Name": "movie_info",
                                    "Alias": "mi",
                                    "Startup Cost": 0.0,
                                    "Total Cost": 238961.89,
                                    "Plan Rows": 28940,
                                    "Plan Width": 50,
                                    "Actual Startup Time": 129.514,
                                    "Actual Total Time": 1716.912,
                                    "Actual Rows": 24349,
                                    "Actual Loops": 3,
                                    "Filter": "((info)::text = ANY ('{Horror,Thriller}'::text[]))",
                                    "Rows Removed by Filter": 4920891
                                  },
                                  {
                                    "Node Type": "Hash",
                                    "Parent Relationship": "Inner",
                                    "Parallel Aware": false,
                                    "Startup Cost": 2.41,
                                    "Total Cost": 2.41,
                                    "Plan Rows": 1,
                                    "Plan Width": 4,
                                    "Actual Startup Time": 0.074,
                                    "Actual Total Time": 0.076,
                                    "Actual Rows": 1,
                                    "Actual Loops": 3,
                                    "Hash Buckets": 1024,
                                    "Original Hash Buckets": 1024,
                                    "Hash Batches": 1,
                                    "Original Hash Batches": 1,
                                    "Peak Memory Usage": 9,
                                    "Plans": [
                                      {
                                        "Node Type": "Seq Scan",
                                        "Parent Relationship": "Outer",
                                        "Parallel Aware": false,
                                        "Relation Name": "info_type",
                                        "Alias": "it1",
                                        "Startup Cost": 0.0,
                                        "Total Cost": 2.41,
                                        "Plan Rows": 1,
                                        "Plan Width": 4,
                                        "Actual Startup Time": 0.039,
                                        "Actual Total Time": 0.067,
                                        "Actual Rows": 1,
                                        "Actual Loops": 3,
                                        "Filter": "((info)::text = 'genres'::text)",
                                        "Rows Removed by Filter": 112
                                      }
                                    ]
                                  }
                                ]
                              },
                              {
                                "Node Type": "Hash",
                                "Parent Relationship": "Inner",
                                "Parallel Aware": true,
                                "Startup Cost": 42470.21,
                                "Total Cost": 42470.21,
                                "Plan Rows": 3866,
                                "Plan Width": 8,
                                "Actual Startup Time": 297.307,
                                "Actual Total Time": 297.31,
                                "Actual Rows": 2654,
                                "Actual Loops": 3,
                                "Hash Buckets": 16384,
                                "Original Hash Buckets": 16384,
                                "Hash Batches": 1,
                                "Original Hash Batches": 1,
                                "Peak Memory Usage": 512,
                                "Plans": [
                                  {
                                    "Node Type": "Seq Scan",
                                    "Parent Relationship": "Outer",
                                    "Parallel Aware": true,
                                    "Relation Name": "movie_companies",
                                    "Alias": "mc",
                                    "Startup Cost": 0.0,
                                    "Total Cost": 42470.21,
                                    "Plan Rows": 3866,
                                    "Plan Width": 8,
                                    "Actual Startup Time": 1.219,
                                    "Actual Total Time": 295.648,
                                    "Actual Rows": 2654,
                                    "Actual Loops": 3,
                                    "Filter": "((note)::text ~~ '%(Blu-ray)%'::text)",
                                    "Rows Removed by Filter": 867055
                                  }
                                ]
                              }
                            ]
                          }
                        ]
                      }
                    ]
                  }
                ]
              }
            ]
          },
          {
            "Node Type": "Index Scan",
            "Parent Relationship": "Inner",
            "Parallel Aware": false,
            "Scan Direction": "Forward",
            "Index Name": "company_name_pkey",
            "Relation Name": "company_name",
            "Alias": "cn",
            "Startup Cost": 0.42,
            "Total Cost": 2.4,
            "Plan Rows": 1,
            "Plan Width": 4,
            "Actual Startup Time": 0.008,
            "Actual Total Time": 0.008,
            "Actual Rows": 0,
            "Actual Loops": 3162,
            "Index Cond": "(id = mc.company_id)",
            "Rows Removed by Index Recheck": 0,
            "Filter": "((name)::text ~~ 'Lionsgate%'::text)",
            "Rows Removed by Filter": 1
          }
        ]
      },
      {
        "Node Type": "Index Scan",
        "Parent Relationship": "Inner",
        "Parallel Aware": false,
        "Scan Direction": "Forward",
        "Index Name": "title_pkey",
        "Relation Name": "title",
        "Alias": "t",
        "Startup Cost": 0.43,
        "Total Cost": 1.33,
        "Plan Rows": 1,
        "Plan Width": 21,
        "Actual Startup Time": 0.023,
        "Actual Total Time": 0.023,
        "Actual Rows": 0,
        "Actual Loops": 83,
        "Index Cond": "(id = mi_idx.movie_id)",
        "Rows Removed by Index Recheck": 0,
        "Filter": "((production_year > 2000) AND (((title)::text ~~ '%Freddy%'::text) OR ((title)::text ~~ '%Jason%'::text) OR ((title)::text ~~ 'Saw%'::text)))",
        "Rows Removed by Filter": 1
      }
    ]
  }
}