{
  "Plan": {
    "Node Type": "Hash Join",
    "Parent Relationship": "Outer",
    "Parallel Aware": true,
    "Join Type": "Inner",
    "Startup Cost": 281565.46,
    "Total Cost": 296835.73,
    "Plan Rows": 1,
    "Plan Width": 63,
    "Actual Startup Time": 2123.383,
    "Actual Total Time": 2369.194,
    "Actual Rows": 1236,
    "Actual Loops": 3,
    "Inner Unique": false,
    "Hash Cond": "(mi_idx.movie_id = mi.movie_id)",
    "Plans": [
      {
        "Node Type": "Hash Join",
        "Parent Relationship": "Outer",
        "Parallel Aware": false,
        "Join Type": "Inner",
        "Startup Cost": 2.43,
        "Total Cost": 15253.6,
        "Plan Rows": 5089,
        "Plan Width": 9,
        "Actual Startup Time": 0.191,
        "Actual Total Time": 211.238,
        "Actual Rows": 153308,
        "Actual Loops": 3,
        "Inner Unique": true,
        "Hash Cond": "(mi_idx.info_type_id = it2.id)",
        "Plans": [
          {
            "Node Type": "Seq Scan",
            "Parent Relationship": "Outer",
            "Parallel Aware": true,
            "Relation Name": "movie_info_idx",
            "Alias": "mi_idx",
            "Startup Cost": 0.0,
            "Total Cost": 13685.15,
            "Plan Rows": 575015,
            "Plan Width": 13,
            "Actual Startup Time": 0.061,
            "Actual Total Time": 89.37,
            "Actual Rows": 460012,
            "Actual Loops": 3
          },
          {
            "Node Type": "Hash",
            "Parent Relationship": "Inner",
            "Parallel Aware": false,
            "Startup Cost": 2.41,
            "Total Cost": 2.41,
            "Plan Rows": 1,
            "Plan Width": 4,
            "Actual Startup Time": 0.063,
            "Actual Total Time": 0.065,
            "Actual Rows": 1,
            "Actual Loops": 3,
            "Hash Buckets": 1024,
            "Original Hash Buckets": 1024,
            "Hash Batches": 1,
            "Original Hash Batches": 1,
            "Peak Memory Usage": 9,
            "Plans": [
              {
                "Node Type": "Seq Scan",
                "Parent Relationship": "Outer",
                "Parallel Aware": false,
                "Relation Name": "info_type",
                "Alias": "it2",
                "Startup Cost": 0.0,
                "Total Cost": 2.41,
                "Plan Rows": 1,
                "Plan Width": 4,
                "Actual Startup Time": 0.039,
                "Actual Total Time": 0.043,
                "Actual Rows": 1,
                "Actual Loops": 3,
                "Filter": "((info)::text = 'votes'::text)",
                "Rows Removed by Filter": 112
              }
            ]
          }
        ]
      },
      {
        "Node Type": "Hash",
        "Parent Relationship": "Inner",
        "Parallel Aware": true,
        "Startup Cost": 281562.97,
        "Total Cost": 281562.97,
        "Plan Rows": 5,
        "Plan Width": 54,
        "Actual Startup Time": 2119.126,
        "Actual Total Time": 2119.144,
        "Actual Rows": 1237,
        "Actual Loops": 3,
        "Hash Buckets": 4096,
        "Original Hash Buckets": 1024,
        "Hash Batches": 1,
        "Original Hash Batches": 1,
        "Peak Memory Usage": 312,
        "Plans": [
          {
            "Node Type": "Hash Join",
            "Parent Relationship": "Outer",
            "Parallel Aware": true,
            "Join Type": "Inner",
            "Startup Cost": 42520.96,
            "Total Cost": 281562.97,
            "Plan Rows": 5,
            "Plan Width": 54,
            "Actual Startup Time": 427.499,
            "Actual Total Time": 2031.284,
            "Actual Rows": 1237,
            "Actual Loops": 3,
            "Inner Unique": false,
            "Hash Cond": "(mi.movie_id = mc.movie_id)",
            "Plans": [
              {
                "Node Type": "Hash Join",
                "Parent Relationship": "Outer",
                "Parallel Aware": false,
                "Join Type": "Inner",
                "Startup Cost": 2.43,
                "Total Cost": 239043.13,
                "Plan Rows": 256,
                "Plan Width": 46,
                "Actual Startup Time": 129.64,
                "Actual Total Time": 1725.564,
                "Actual Rows": 24086,
                "Actual Loops": 3,
                "Inner Unique": true,
                "Hash Cond": "(mi.info_type_id = it1.id)",
                "Plans": [
                  {
                    "Node Type": "Seq Scan",
                    "Parent Relationship": "Outer",
                    "Parallel Aware": true,
                    "Relation Name": "movie_info",
                    "Alias": "mi",
                    "Startup Cost": 0.0,
                    "Total Cost": 238961.89,
                    "Plan Rows": 28940,
                    "Plan Width": 50,
                    "Actual Startup Time": 129.514,
                    "Actual Total Time": 1716.912,
                    "Actual Rows": 24349,
                    "Actual Loops": 3,
                    "Filter": "((info)::text = ANY ('{Horror,Thriller}'::text[]))",
                    "Rows Removed by Filter": 4920891
                  },
                  {
                    "Node Type": "Hash",
                    "Parent Relationship": "Inner",
                    "Parallel Aware": false,
                    "Startup Cost": 2.41,
                    "Total Cost": 2.41,
                    "Plan Rows": 1,
                    "Plan Width": 4,
                    "Actual Startup Time": 0.074,
                    "Actual Total Time": 0.076,
                    "Actual Rows": 1,
                    "Actual Loops": 3,
                    "Hash Buckets": 1024,
                    "Original Hash Buckets": 1024,
                    "Hash Batches": 1,
                    "Original Hash Batches": 1,
                    "Peak Memory Usage": 9,
                    "Plans": [
                      {
                        "Node Type": "Seq Scan",
                        "Parent Relationship": "Outer",
                        "Parallel Aware": false,
                        "Relation Name": "info_type",
                        "Alias": "it1",
                        "Startup Cost": 0.0,
                        "Total Cost": 2.41,
                        "Plan Rows": 1,
                        "Plan Width": 4,
                        "Actual Startup Time": 0.039,
                        "Actual Total Time": 0.067,
                        "Actual Rows": 1,
                        "Actual Loops": 3,
                        "Filter": "((info)::text = 'genres'::text)",
                        "Rows Removed by Filter": 112
                      }
                    ]
                  }
                ]
              },
              {
                "Node Type": "Hash",
                "Parent Relationship": "Inner",
                "Parallel Aware": true,
                "Startup Cost": 42470.21,
                "Total Cost": 42470.21,
                "Plan Rows": 3866,
                "Plan Width": 8,
                "Actual Startup Time": 297.307,
                "Actual Total Time": 297.31,
                "Actual Rows": 2654,
                "Actual Loops": 3,
                "Hash Buckets": 16384,
                "Original Hash Buckets": 16384,
                "Hash Batches": 1,
                "Original Hash Batches": 1,
                "Peak Memory Usage": 512,
                "Plans": [
                  {
                    "Node Type": "Seq Scan",
                    "Parent Relationship": "Outer",
                    "Parallel Aware": true,
                    "Relation Name": "movie_companies",
                    "Alias": "mc",
                    "Startup Cost": 0.0,
                    "Total Cost": 42470.21,
                    "Plan Rows": 3866,
                    "Plan Width": 8,
                    "Actual Startup Time": 1.219,
                    "Actual Total Time": 295.648,
                    "Actual Rows": 2654,
                    "Actual Loops": 3,
                    "Filter": "((note)::text ~~ '%(Blu-ray)%'::text)",
                    "Rows Removed by Filter": 867055
                  }
                ]
              }
            ]
          }
        ]
      }
    ]
  }
}