{
  "Plan": {
    "Node Type": "Nested Loop",
    "Parent Relationship": "Outer",
    "Parallel Aware": false,
    "Join Type": "Inner",
    "Startup Cost": 54216.0,
    "Total Cost": 55830.34,
    "Plan Rows": 2944,
    "Plan Width": 25,
    "Actual Startup Time": 605.052,
    "Actual Total Time": 605.06,
    "Actual Rows": 0,
    "Actual Loops": 3,
    "Inner Unique": true,
    "Plans": [
      {
        "Node Type": "Merge Join",
        "Parent Relationship": "Outer",
        "Parallel Aware": false,
        "Join Type": "Inner",
        "Startup Cost": 54215.57,
        "Total Cost": 54395.75,
        "Plan Rows": 2944,
        "Plan Width": 16,
        "Actual Startup Time": 605.051,
        "Actual Total Time": 605.059,
        "Actual Rows": 0,
        "Actual Loops": 3,
        "Inner Unique": false,
        "Merge Cond": "(mk.movie_id = ml.movie_id)",
        "Plans": [
          {
            "Node Type": "Sort",
            "Parent Relationship": "Outer",
            "Parallel Aware": false,
            "Startup Cost": 51521.73,
            "Total Cost": 51545.3,
            "Plan Rows": 9427,
            "Plan Width": 4,
            "Actual Startup Time": 594.768,
            "Actual Total Time": 594.775,
            "Actual Rows": 0,
            "Actual Loops": 3,
            "Sort Key": [
              "mk.movie_id"
            ],
            "Sort Method": "quicksort",
            "Sort Space Used": 25,
            "Sort Space Type": "Memory",
            "Workers": [
              {
                "Worker Number": 0,
                "Sort Method": "quicksort",
                "Sort Space Used": 25,
                "Sort Space Type": "Memory"
              },
              {
                "Worker Number": 1,
                "Sort Method": "quicksort",
                "Sort Space Used": 25,
                "Sort Space Type": "Memory"
              }
            ],
            "Plans": [
              {
                "Node Type": "Hash Join",
                "Parent Relationship": "Outer",
                "Parallel Aware": false,
                "Join Type": "Inner",
                "Startup Cost": 2647.51,
                "Total Cost": 50899.43,
                "Plan Rows": 9427,
                "Plan Width": 4,
                "Actual Startup Time": 581.383,
                "Actual Total Time": 594.723,
                "Actual Rows": 0,
                "Actual Loops": 3,
                "Inner Unique": true,
                "Hash Cond": "(mk.keyword_id = k.id)",
                "Plans": [
                  {
                    "Node Type": "Seq Scan",
                    "Parent Relationship": "Outer",
                    "Parallel Aware": true,
                    "Relation Name": "movie_keyword",
                    "Alias": "mk",
                    "Startup Cost": 0.0,
                    "Total Cost": 43303.71,
                    "Plan Rows": 1884971,
                    "Plan Width": 8,
                    "Actual Startup Time": 0.044,
                    "Actual Total Time": 277.484,
                    "Actual Rows": 1507977,
                    "Actual Loops": 3
                  },
                  {
                    "Node Type": "Hash",
                    "Parent Relationship": "Inner",
                    "Parallel Aware": false,
                    "Startup Cost": 2639.12,
                    "Total Cost": 2639.12,
                    "Plan Rows": 671,
                    "Plan Width": 4,
                    "Actual Startup Time": 41.721,
                    "Actual Total Time": 41.722,
                    "Actual Rows": 1,
                    "Actual Loops": 3,
                    "Hash Buckets": 1024,
                    "Original Hash Buckets": 1024,
                    "Hash Batches": 1,
                    "Original Hash Batches": 1,
                    "Peak Memory Usage": 9,
                    "Plans": [
                      {
                        "Node Type": "Seq Scan",
                        "Parent Relationship": "Outer",
                        "Parallel Aware": false,
                        "Relation Name": "keyword",
                        "Alias": "k",
                        "Startup Cost": 0.0,
                        "Total Cost": 2639.12,
                        "Plan Rows": 671,
                        "Plan Width": 4,
                        "Actual Startup Time": 40.708,
                        "Actual Total Time": 41.701,
                        "Actual Rows": 1,
                        "Actual Loops": 3,
                        "Filter": "((keyword)::text = '10,000-mile-club'::text)",
                        "Rows Removed by Filter": 134169
                      }
                    ]
                  }
                ]
              }
            ]
          },
          {
            "Node Type": "Sort",
            "Parent Relationship": "Inner",
            "Parallel Aware": false,
            "Startup Cost": 2693.63,
            "Total Cost": 2768.62,
            "Plan Rows": 29997,
            "Plan Width": 12,
            "Actual Startup Time": 22.261,
            "Actual Total Time": 26.609,
            "Actual Rows": 29997,
            "Actual Loops": 1,
            "Sort Key": [
              "ml.movie_id"
            ],
            "Sort Method": "quicksort",
            "Sort Space Used": 2175,
            "Sort Space Type": "Memory",
            "Plans": [
              {
                "Node Type": "Seq Scan",
                "Parent Relationship": "Outer",
                "Parallel Aware": false,
                "Relation Name": "movie_link",
                "Alias": "ml",
                "Startup Cost": 0.0,
                "Total Cost": 462.97,
                "Plan Rows": 29997,
                "Plan Width": 12,
                "Actual Startup Time": 0.054,
                "Actual Total Time": 9.85,
                "Actual Rows": 29997,
                "Actual Loops": 1
              }
            ]
          }
        ]
      },
      {
        "Node Type": "Index Scan",
        "Parent Relationship": "Inner",
        "Parallel Aware": false,
        "Scan Direction": "Forward",
        "Index Name": "title_pkey",
        "Relation Name": "title",
        "Alias": "t1",
        "Startup Cost": 0.43,
        "Total Cost": 0.49,
        "Plan Rows": 1,
        "Plan Width": 21,
        "Actual Startup Time": 0.0,
        "Actual Total Time": 0.0,
        "Actual Rows": 0,
        "Actual Loops": 0,
        "Index Cond": "(id = mk.movie_id)",
        "Rows Removed by Index Recheck": 0
      }
    ]
  }
}