{
  "Plan": {
    "Node Type": "Nested Loop",
    "Parent Relationship": "Outer",
    "Parallel Aware": false,
    "Join Type": "Inner",
    "Startup Cost": 54242.41,
    "Total Cost": 69025.45,
    "Plan Rows": 2944,
    "Plan Width": 116,
    "Actual Startup Time": 628.053,
    "Actual Total Time": 680.118,
    "Actual Rows": 1463,
    "Actual Loops": 3,
    "Inner Unique": true,
    "Plans": [
      {
        "Node Type": "Hash Join",
        "Parent Relationship": "Outer",
        "Parallel Aware": false,
        "Join Type": "Inner",
        "Startup Cost": 54241.98,
        "Total Cost": 55864.09,
        "Plan Rows": 2944,
        "Plan Width": 103,
        "Actual Startup Time": 628.012,
        "Actual Total Time": 648.253,
        "Actual Rows": 1463,
        "Actual Loops": 3,
        "Inner Unique": true,
        "Hash Cond": "(ml.link_type_id = lt.id)",
        "Plans": [
          {
            "Node Type": "Nested Loop",
            "Parent Relationship": "Outer",
            "Parallel Aware": false,
            "Join Type": "Inner",
            "Startup Cost": 54216.0,
            "Total Cost": 55830.34,
            "Plan Rows": 2944,
            "Plan Width": 25,
            "Actual Startup Time": 627.82,
            "Actual Total Time": 647.029,
            "Actual Rows": 1463,
            "Actual Loops": 3,
            "Inner Unique": true,
            "Plans": [
              {
                "Node Type": "Merge Join",
                "Parent Relationship": "Outer",
                "Parallel Aware": false,
                "Join Type": "Inner",
                "Startup Cost": 54215.57,
                "Total Cost": 54395.75,
                "Plan Rows": 2944,
                "Plan Width": 16,
                "Actual Startup Time": 627.701,
                "Actual Total Time": 636.673,
                "Actual Rows": 1463,
                "Actual Loops": 3,
                "Inner Unique": false,
                "Merge Cond": "(mk.movie_id = ml.movie_id)",
                "Plans": [
                  {
                    "Node Type": "Sort",
                    "Parent Relationship": "Outer",
                    "Parallel Aware": false,
                    "Startup Cost": 51521.73,
                    "Total Cost": 51545.3,
                    "Plan Rows": 9427,
                    "Plan Width": 4,
                    "Actual Startup Time": 605.181,
                    "Actual Total Time": 605.314,
                    "Actual Rows": 745,
                    "Actual Loops": 3,
                    "Sort Key": [
                      "mk.movie_id"
                    ],
                    "Sort Method": "quicksort",
                    "Sort Space Used": 1052,
                    "Sort Space Type": "Memory",
                    "Workers": [
                      {
                        "Worker Number": 0,
                        "Sort Method": "quicksort",
                        "Sort Space Used": 1040,
                        "Sort Space Type": "Memory"
                      },
                      {
                        "Worker Number": 1,
                        "Sort Method": "quicksort",
                        "Sort Space Used": 1023,
                        "Sort Space Type": "Memory"
                      }
                    ],
                    "Plans": [
                      {
                        "Node Type": "Hash Join",
                        "Parent Relationship": "Outer",
                        "Parallel Aware": false,
                        "Join Type": "Inner",
                        "Startup Cost": 2647.51,
                        "Total Cost": 50899.43,
                        "Plan Rows": 9427,
                        "Plan Width": 4,
                        "Actual Startup Time": 39.504,
                        "Actual Total Time": 597.104,
                        "Actual Rows": 13947,
                        "Actual Loops": 3,
                        "Inner Unique": true,
                        "Hash Cond": "(mk.keyword_id = k.id)",
                        "Plans": [
                          {
                            "Node Type": "Seq Scan",
                            "Parent Relationship": "Outer",
                            "Parallel Aware": true,
                            "Relation Name": "movie_keyword",
                            "Alias": "mk",
                            "Startup Cost": 0.0,
                            "Total Cost": 43303.71,
                            "Plan Rows": 1884971,
                            "Plan Width": 8,
                            "Actual Startup Time": 0.053,
                            "Actual Total Time": 279.196,
                            "Actual Rows": 1507977,
                            "Actual Loops": 3
                          },
                          {
                            "Node Type": "Hash",
                            "Parent Relationship": "Inner",
                            "Parallel Aware": false,
                            "Startup Cost": 2639.12,
                            "Total Cost": 2639.12,
                            "Plan Rows": 671,
                            "Plan Width": 4,
                            "Actual Startup Time": 39.312,
                            "Actual Total Time": 39.313,
                            "Actual Rows": 1,
                            "Actual Loops": 3,
                            "Hash Buckets": 1024,
                            "Original Hash Buckets": 1024,
                            "Hash Batches": 1,
                            "Original Hash Batches": 1,
                            "Peak Memory Usage": 9,
                            "Plans": [
                              {
                                "Node Type": "Seq Scan",
                                "Parent Relationship": "Outer",
                                "Parallel Aware": false,
                                "Relation Name": "keyword",
                                "Alias": "k",
                                "Startup Cost": 0.0,
                                "Total Cost": 2639.12,
                                "Plan Rows": 671,
                                "Plan Width": 4,
                                "Actual Startup Time": 1.705,
                                "Actual Total Time": 39.302,
                                "Actual Rows": 1,
                                "Actual Loops": 3,
                                "Filter": "((keyword)::text = 'character-name-in-title'::text)",
                                "Rows Removed by Filter": 134169
                              }
                            ]
                          }
                        ]
                      }
                    ]
                  },
                  {
                    "Node Type": "Sort",
                    "Parent Relationship": "Inner",
                    "Parallel Aware": false,
                    "Startup Cost": 2693.63,
                    "Total Cost": 2768.62,
                    "Plan Rows": 29997,
                    "Plan Width": 12,
                    "Actual Startup Time": 22.006,
                    "Actual Total Time": 26.429,
                    "Actual Rows": 29997,
                    "Actual Loops": 3,
                    "Sort Key": [
                      "ml.movie_id"
                    ],
                    "Sort Method": "quicksort",
                    "Sort Space Used": 2175,
                    "Sort Space Type": "Memory",
                    "Workers": [
                      {
                        "Worker Number": 0,
                        "Sort Method": "quicksort",
                        "Sort Space Used": 2175,
                        "Sort Space Type": "Memory"
                      },
                      {
                        "Worker Number": 1,
                        "Sort Method": "quicksort",
                        "Sort Space Used": 2175,
                        "Sort Space Type": "Memory"
                      }
                    ],
                    "Plans": [
                      {
                        "Node Type": "Seq Scan",
                        "Parent Relationship": "Outer",
                        "Parallel Aware": false,
                        "Relation Name": "movie_link",
                        "Alias": "ml",
                        "Startup Cost": 0.0,
                        "Total Cost": 462.97,
                        "Plan Rows": 29997,
                        "Plan Width": 12,
                        "Actual Startup Time": 0.056,
                        "Actual Total Time": 9.77,
                        "Actual Rows": 29997,
                        "Actual Loops": 3
                      }
                    ]
                  }
                ]
              },
              {
                "Node Type": "Index Scan",
                "Parent Relationship": "Inner",
                "Parallel Aware": false,
                "Scan Direction": "Forward",
                "Index Name": "title_pkey",
                "Relation Name": "title",
                "Alias": "t1",
                "Startup Cost": 0.43,
                "Total Cost": 0.49,
                "Plan Rows": 1,
                "Plan Width": 21,
                "Actual Startup Time": 0.006,
                "Actual Total Time": 0.006,
                "Actual Rows": 1,
                "Actual Loops": 4388,
                "Index Cond": "(id = mk.movie_id)",
                "Rows Removed by Index Recheck": 0
              }
            ]
          },
          {
            "Node Type": "Hash",
            "Parent Relationship": "Inner",
            "Parallel Aware": false,
            "Startup Cost": 17.1,
            "Total Cost": 17.1,
            "Plan Rows": 710,
            "Plan Width": 86,
            "Actual Startup Time": 0.051,
            "Actual Total Time": 0.051,
            "Actual Rows": 18,
            "Actual Loops": 3,
            "Hash Buckets": 1024,
            "Original Hash Buckets": 1024,
            "Hash Batches": 1,
            "Original Hash Batches": 1,
            "Peak Memory Usage": 9,
            "Plans": [
              {
                "Node Type": "Seq Scan",
                "Parent Relationship": "Outer",
                "Parallel Aware": false,
                "Relation Name": "link_type",
                "Alias": "lt",
                "Startup Cost": 0.0,
                "Total Cost": 17.1,
                "Plan Rows": 710,
                "Plan Width": 86,
                "Actual Startup Time": 0.031,
                "Actual Total Time": 0.036,
                "Actual Rows": 18,
                "Actual Loops": 3
              }
            ]
          }
        ]
      },
      {
        "Node Type": "Index Scan",
        "Parent Relationship": "Inner",
        "Parallel Aware": false,
        "Scan Direction": "Forward",
        "Index Name": "title_pkey",
        "Relation Name": "title",
        "Alias": "t2",
        "Startup Cost": 0.43,
        "Total Cost": 4.47,
        "Plan Rows": 1,
        "Plan Width": 21,
        "Actual Startup Time": 0.021,
        "Actual Total Time": 0.021,
        "Actual Rows": 1,
        "Actual Loops": 4388,
        "Index Cond": "(id = ml.linked_movie_id)",
        "Rows Removed by Index Recheck": 0
      }
    ]
  }
}