{
  "Plan": {
    "Node Type": "Hash Join",
    "Parent Relationship": "Outer",
    "Parallel Aware": false,
    "Join Type": "Inner",
    "Startup Cost": 25.67,
    "Total Cost": 17676.27,
    "Plan Rows": 2,
    "Plan Width": 30,
    "Actual Startup Time": 0.901,
    "Actual Total Time": 424.178,
    "Actual Rows": 394,
    "Actual Loops": 3,
    "Inner Unique": true,
    "Hash Cond": "(t2.kind_id = kt2.id)",
    "Plans": [
      {
        "Node Type": "Nested Loop",
        "Parent Relationship": "Outer",
        "Parallel Aware": false,
        "Join Type": "Inner",
        "Startup Cost": 2.86,
        "Total Cost": 17652.32,
        "Plan Rows": 432,
        "Plan Width": 34,
        "Actual Startup Time": 0.689,
        "Actual Total Time": 423.234,
        "Actual Rows": 2140,
        "Actual Loops": 3,
        "Inner Unique": true,
        "Plans": [
          {
            "Node Type": "Hash Join",
            "Parent Relationship": "Outer",
            "Parallel Aware": false,
            "Join Type": "Inner",
            "Startup Cost": 2.43,
            "Total Cost": 15879.45,
            "Plan Rows": 2451,
            "Plan Width": 9,
            "Actual Startup Time": 0.173,
            "Actual Total Time": 267.252,
            "Actual Rows": 8530,
            "Actual Loops": 3,
            "Inner Unique": true,
            "Hash Cond": "(mi_idx2.info_type_id = it2.id)",
            "Plans": [
              {
                "Node Type": "Seq Scan",
                "Parent Relationship": "Outer",
                "Parallel Aware": true,
                "Relation Name": "movie_info_idx",
                "Alias": "mi_idx2",
                "Startup Cost": 0.0,
                "Total Cost": 15122.68,
                "Plan Rows": 276980,
                "Plan Width": 13,
                "Actual Startup Time": 0.064,
                "Actual Total Time": 235.055,
                "Actual Rows": 219432,
                "Actual Loops": 3,
                "Filter": "((info)::text < '3.0'::text)",
                "Rows Removed by Filter": 240580
              },
              {
                "Node Type": "Hash",
                "Parent Relationship": "Inner",
                "Parallel Aware": false,
                "Startup Cost": 2.41,
                "Total Cost": 2.41,
                "Plan Rows": 1,
                "Plan Width": 4,
                "Actual Startup Time": 0.061,
                "Actual Total Time": 0.063,
                "Actual Rows": 1,
                "Actual Loops": 3,
                "Hash Buckets": 1024,
                "Original Hash Buckets": 1024,
                "Hash Batches": 1,
                "Original Hash Batches": 1,
                "Peak Memory Usage": 9,
                "Plans": [
                  {
                    "Node Type": "Seq Scan",
                    "Parent Relationship": "Outer",
                    "Parallel Aware": false,
                    "Relation Name": "info_type",
                    "Alias": "it2",
                    "Startup Cost": 0.0,
                    "Total Cost": 2.41,
                    "Plan Rows": 1,
                    "Plan Width": 4,
                    "Actual Startup Time": 0.049,
                    "Actual Total Time": 0.054,
                    "Actual Rows": 1,
                    "Actual Loops": 3,
                    "Filter": "((info)::text = 'rating'::text)",
                    "Rows Removed by Filter": 112
                  }
                ]
              }
            ]
          },
          {
            "Node Type": "Index Scan",
            "Parent Relationship": "Inner",
            "Parallel Aware": false,
            "Scan Direction": "Forward",
            "Index Name": "title_pkey",
            "Relation Name": "title",
            "Alias": "t2",
            "Startup Cost": 0.43,
            "Total Cost": 0.72,
            "Plan Rows": 1,
            "Plan Width": 25,
            "Actual Startup Time": 0.017,
            "Actual Total Time": 0.017,
            "Actual Rows": 0,
            "Actual Loops": 25591,
            "Index Cond": "(id = mi_idx2.movie_id)",
            "Rows Removed by Index Recheck": 0,
            "Filter": "((production_year >= 2005) AND (production_year <= 2008))",
            "Rows Removed by Filter": 1
          }
        ]
      },
      {
        "Node Type": "Hash",
        "Parent Relationship": "Inner",
        "Parallel Aware": false,
        "Startup Cost": 22.75,
        "Total Cost": 22.75,
        "Plan Rows": 5,
        "Plan Width": 4,
        "Actual Startup Time": 0.027,
        "Actual Total Time": 0.029,
        "Actual Rows": 1,
        "Actual Loops": 3,
        "Hash Buckets": 1024,
        "Original Hash Buckets": 1024,
        "Hash Batches": 1,
        "Original Hash Batches": 1,
        "Peak Memory Usage": 9,
        "Plans": [
          {
            "Node Type": "Seq Scan",
            "Parent Relationship": "Outer",
            "Parallel Aware": false,
            "Relation Name": "kind_type",
            "Alias": "kt2",
            "Startup Cost": 0.0,
            "Total Cost": 22.75,
            "Plan Rows": 5,
            "Plan Width": 4,
            "Actual Startup Time": 0.022,
            "Actual Total Time": 0.023,
            "Actual Rows": 1,
            "Actual Loops": 3,
            "Filter": "((kind)::text = 'tv series'::text)",
            "Rows Removed by Filter": 6
          }
        ]
      }
    ]
  }
}