{
  "Plan": {
    "Node Type": "Hash Join",
    "Parent Relationship": "Outer",
    "Parallel Aware": true,
    "Join Type": "Inner",
    "Startup Cost": 15910.08,
    "Total Cost": 59790.8,
    "Plan Rows": 12380,
    "Plan Width": 17,
    "Actual Startup Time": 302.549,
    "Actual Total Time": 761.079,
    "Actual Rows": 16346,
    "Actual Loops": 3,
    "Inner Unique": false,
    "Hash Cond": "(mc2.movie_id = mi_idx2.movie_id)",
    "Plans": [
      {
        "Node Type": "Seq Scan",
        "Parent Relationship": "Outer",
        "Parallel Aware": true,
        "Relation Name": "movie_companies",
        "Alias": "mc2",
        "Startup Cost": 0.0,
        "Total Cost": 39752.37,
        "Plan Rows": 1087137,
        "Plan Width": 8,
        "Actual Startup Time": 0.053,
        "Actual Total Time": 184.29,
        "Actual Rows": 869710,
        "Actual Loops": 3
      },
      {
        "Node Type": "Hash",
        "Parent Relationship": "Inner",
        "Parallel Aware": true,
        "Startup Cost": 15879.45,
        "Total Cost": 15879.45,
        "Plan Rows": 2451,
        "Plan Width": 9,
        "Actual Startup Time": 301.793,
        "Actual Total Time": 301.797,
        "Actual Rows": 8530,
        "Actual Loops": 3,
        "Hash Buckets": 32768,
        "Original Hash Buckets": 8192,
        "Hash Batches": 1,
        "Original Hash Batches": 1,
        "Peak Memory Usage": 1472,
        "Plans": [
          {
            "Node Type": "Hash Join",
            "Parent Relationship": "Outer",
            "Parallel Aware": false,
            "Join Type": "Inner",
            "Startup Cost": 2.43,
            "Total Cost": 15879.45,
            "Plan Rows": 2451,
            "Plan Width": 9,
            "Actual Startup Time": 0.152,
            "Actual Total Time": 268.092,
            "Actual Rows": 8530,
            "Actual Loops": 3,
            "Inner Unique": true,
            "Hash Cond": "(mi_idx2.info_type_id = it2.id)",
            "Plans": [
              {
                "Node Type": "Seq Scan",
                "Parent Relationship": "Outer",
                "Parallel Aware": true,
                "Relation Name": "movie_info_idx",
                "Alias": "mi_idx2",
                "Startup Cost": 0.0,
                "Total Cost": 15122.68,
                "Plan Rows": 276980,
                "Plan Width": 13,
                "Actual Startup Time": 0.065,
                "Actual Total Time": 236.343,
                "Actual Rows": 219432,
                "Actual Loops": 3,
                "Filter": "((info)::text < '3.0'::text)",
                "Rows Removed by Filter": 240580
              },
              {
                "Node Type": "Hash",
                "Parent Relationship": "Inner",
                "Parallel Aware": false,
                "Startup Cost": 2.41,
                "Total Cost": 2.41,
                "Plan Rows": 1,
                "Plan Width": 4,
                "Actual Startup Time": 0.051,
                "Actual Total Time": 0.052,
                "Actual Rows": 1,
                "Actual Loops": 3,
                "Hash Buckets": 1024,
                "Original Hash Buckets": 1024,
                "Hash Batches": 1,
                "Original Hash Batches": 1,
                "Peak Memory Usage": 9,
                "Plans": [
                  {
                    "Node Type": "Seq Scan",
                    "Parent Relationship": "Outer",
                    "Parallel Aware": false,
                    "Relation Name": "info_type",
                    "Alias": "it2",
                    "Startup Cost": 0.0,
                    "Total Cost": 2.41,
                    "Plan Rows": 1,
                    "Plan Width": 4,
                    "Actual Startup Time": 0.041,
                    "Actual Total Time": 0.044,
                    "Actual Rows": 1,
                    "Actual Loops": 3,
                    "Filter": "((info)::text = 'rating'::text)",
                    "Rows Removed by Filter": 112
                  }
                ]
              }
            ]
          }
        ]
      }
    ]
  }
}