{
  "Plan": {
    "Node Type": "Hash Join",
    "Parent Relationship": "Outer",
    "Parallel Aware": true,
    "Join Type": "Inner",
    "Startup Cost": 47422.67,
    "Total Cost": 63324.63,
    "Plan Rows": 14521,
    "Plan Width": 49,
    "Actual Startup Time": 445.991,
    "Actual Total Time": 682.835,
    "Actual Rows": 43838,
    "Actual Loops": 3,
    "Inner Unique": false,
    "Hash Cond": "(mi_idx1.movie_id = mc1.movie_id)",
    "Plans": [
      {
        "Node Type": "Seq Scan",
        "Parent Relationship": "Outer",
        "Parallel Aware": true,
        "Relation Name": "movie_info_idx",
        "Alias": "mi_idx1",
        "Startup Cost": 0.0,
        "Total Cost": 13685.15,
        "Plan Rows": 575015,
        "Plan Width": 13,
        "Actual Startup Time": 0.052,
        "Actual Total Time": 90.509,
        "Actual Rows": 460012,
        "Actual Loops": 3
      },
      {
        "Node Type": "Hash",
        "Parent Relationship": "Inner",
        "Parallel Aware": true,
        "Startup Cost": 47354.72,
        "Total Cost": 47354.72,
        "Plan Rows": 5436,
        "Plan Width": 36,
        "Actual Startup Time": 445.43,
        "Actual Total Time": 445.437,
        "Actual Rows": 18803,
        "Actual Loops": 3,
        "Hash Buckets": 65536,
        "Original Hash Buckets": 16384,
        "Hash Batches": 1,
        "Original Hash Batches": 1,
        "Peak Memory Usage": 4288,
        "Plans": [
          {
            "Node Type": "Hash Join",
            "Parent Relationship": "Outer",
            "Parallel Aware": true,
            "Join Type": "Inner",
            "Startup Cost": 4748.56,
            "Total Cost": 47354.72,
            "Plan Rows": 5436,
            "Plan Width": 36,
            "Actual Startup Time": 31.291,
            "Actual Total Time": 427.585,
            "Actual Rows": 18803,
            "Actual Loops": 3,
            "Inner Unique": true,
            "Hash Cond": "(mc1.company_id = cn1.id)",
            "Plans": [
              {
                "Node Type": "Seq Scan",
                "Parent Relationship": "Outer",
                "Parallel Aware": true,
                "Relation Name": "movie_companies",
                "Alias": "mc1",
                "Startup Cost": 0.0,
                "Total Cost": 39752.37,
                "Plan Rows": 1087137,
                "Plan Width": 8,
                "Actual Startup Time": 0.041,
                "Actual Total Time": 178.249,
                "Actual Rows": 869710,
                "Actual Loops": 3
              },
              {
                "Node Type": "Hash",
                "Parent Relationship": "Inner",
                "Parallel Aware": true,
                "Startup Cost": 4739.92,
                "Total Cost": 4739.92,
                "Plan Rows": 691,
                "Plan Width": 36,
                "Actual Startup Time": 31.17,
                "Actual Total Time": 31.171,
                "Actual Rows": 780,
                "Actual Loops": 3,
                "Hash Buckets": 2048,
                "Original Hash Buckets": 2048,
                "Hash Batches": 1,
                "Original Hash Batches": 1,
                "Peak Memory Usage": 208,
                "Plans": [
                  {
                    "Node Type": "Seq Scan",
                    "Parent Relationship": "Outer",
                    "Parallel Aware": true,
                    "Relation Name": "company_name",
                    "Alias": "cn1",
                    "Startup Cost": 0.0,
                    "Total Cost": 4739.92,
                    "Plan Rows": 691,
                    "Plan Width": 36,
                    "Actual Startup Time": 0.066,
                    "Actual Total Time": 30.563,
                    "Actual Rows": 780,
                    "Actual Loops": 3,
                    "Filter": "((country_code)::text = '[nl]'::text)",
                    "Rows Removed by Filter": 77552
                  }
                ]
              }
            ]
          }
        ]
      }
    ]
  }
}