{
  "Plan": {
    "Node Type": "Nested Loop",
    "Parent Relationship": "Outer",
    "Parallel Aware": false,
    "Join Type": "Inner",
    "Startup Cost": 90043.41,
    "Total Cost": 102825.81,
    "Plan Rows": 1,
    "Plan Width": 79,
    "Actual Startup Time": 58166.476,
    "Actual Total Time": 206577.87,
    "Actual Rows": 10,
    "Actual Loops": 1,
    "Inner Unique": true,
    "Plans": [
      {
        "Node Type": "Merge Join",
        "Parent Relationship": "Outer",
        "Parallel Aware": false,
        "Join Type": "Inner",
        "Startup Cost": 90043.26,
        "Total Cost": 102825.62,
        "Plan Rows": 1,
        "Plan Width": 83,
        "Actual Startup Time": 10886.355,
        "Actual Total Time": 206564.132,
        "Actual Rows": 1060,
        "Actual Loops": 1,
        "Inner Unique": false,
        "Merge Cond": "(t1.id = ml.movie_id)",
        "Join Filter": "(mi_idx2.movie_id = ml.linked_movie_id)",
        "Rows Removed by Join Filter": 616492104,
        "Plans": [
          {
            "Node Type": "Nested Loop",
            "Parent Relationship": "Outer",
            "Parallel Aware": false,
            "Join Type": "Inner",
            "Startup Cost": 87349.58,
            "Total Cost": 256959.39,
            "Plan Rows": 237704,
            "Plan Width": 87,
            "Actual Startup Time": 1141.207,
            "Actual Total Time": 12556.481,
            "Actual Rows": 26234796,
            "Actual Loops": 1,
            "Inner Unique": false,
            "Plans": [
              {
                "Node Type": "Nested Loop",
                "Parent Relationship": "Outer",
                "Parallel Aware": false,
                "Join Type": "Inner",
                "Startup Cost": 70439.49,
                "Total Cost": 190151.71,
                "Plan Rows": 8,
                "Plan Width": 70,
                "Actual Startup Time": 833.728,
                "Actual Total Time": 1144.534,
                "Actual Rows": 536,
                "Actual Loops": 1,
                "Inner Unique": true,
                "Join Filter": "(mi_idx1.info_type_id = it1.id)",
                "Rows Removed by Join Filter": 1070,
                "Plans": [
                  {
                    "Node Type": "Nested Loop",
                    "Parent Relationship": "Outer",
                    "Parallel Aware": false,
                    "Join Type": "Inner",
                    "Startup Cost": 70439.49,
                    "Total Cost": 190136.47,
                    "Plan Rows": 855,
                    "Plan Width": 74,
                    "Actual Startup Time": 833.693,
                    "Actual Total Time": 1142.557,
                    "Actual Rows": 1606,
                    "Actual Loops": 1,
                    "Inner Unique": false,
                    "Plans": [
                      {
                        "Node Type": "Nested Loop",
                        "Parent Relationship": "Outer",
                        "Parallel Aware": false,
                        "Join Type": "Inner",
                        "Startup Cost": 70439.49,
                        "Total Cost": 190103.02,
                        "Plan Rows": 171,
                        "Plan Width": 70,
                        "Actual Startup Time": 833.674,
                        "Actual Total Time": 1140.218,
                        "Actual Rows": 1606,
                        "Actual Loops": 1,
                        "Inner Unique": true,
                        "Join Filter": "(t1.kind_id = kt1.id)",
                        "Rows Removed by Join Filter": 3102,
                        "Plans": [
                          {
                            "Node Type": "Merge Join",
                            "Parent Relationship": "Outer",
                            "Parallel Aware": false,
                            "Join Type": "Inner",
                            "Startup Cost": 70439.49,
                            "Total Cost": 187468.13,
                            "Plan Rows": 34851,
                            "Plan Width": 74,
                            "Actual Startup Time": 833.643,
                            "Actual Total Time": 1135.995,
                            "Actual Rows": 4708,
                            "Actual Loops": 1,
                            "Inner Unique": false,
                            "Merge Cond": "(t1.id = mi_idx1.movie_id)",
                            "Plans": [
                              {
                                "Node Type": "Index Scan",
                                "Parent Relationship": "Outer",
                                "Parallel Aware": false,
                                "Scan Direction": "Forward",
                                "Index Name": "title_pkey",
                                "Relation Name": "title",
                                "Alias": "t1",
                                "Startup Cost": 0.43,
                                "Total Cost": 110318.32,
                                "Plan Rows": 2528291,
                                "Plan Width": 25,
                                "Actual Startup Time": 0.042,
                                "Actual Total Time": 262.84,
                                "Actual Rows": 186578,
                                "Actual Loops": 1
                              },
                              {
                                "Node Type": "Sort",
                                "Parent Relationship": "Inner",
                                "Parallel Aware": false,
                                "Startup Cost": 70439.05,
                                "Total Cost": 70526.18,
                                "Plan Rows": 34851,
                                "Plan Width": 49,
                                "Actual Startup Time": 833.349,
                                "Actual Total Time": 838.644,
                                "Actual Rows": 4708,
                                "Actual Loops": 1,
                                "Sort Key": [
                                  "mc1.movie_id"
                                ],
                                "Sort Method": "external sort",
                                "Sort Space Used": 7056,
                                "Sort Space Type": "Disk",
                                "Plans": [
                                  {
                                    "Node Type": "Gather",
                                    "Parent Relationship": "Outer",
                                    "Parallel Aware": false,
                                    "Startup Cost": 48422.67,
                                    "Total Cost": 67809.73,
                                    "Plan Rows": 34851,
                                    "Plan Width": 49,
                                    "Actual Startup Time": 450.955,
                                    "Actual Total Time": 691.584,
                                    "Actual Rows": 131515,
                                    "Actual Loops": 1,
                                    "Workers Planned": 2,
                                    "Workers Launched": 2,
                                    "Single Copy": false,
                                    "Plans": [
                                      {
                                        "Node Type": "Hash Join",
                                        "Parent Relationship": "Outer",
                                        "Parallel Aware": true,
                                        "Join Type": "Inner",
                                        "Startup Cost": 47422.67,
                                        "Total Cost": 63324.63,
                                        "Plan Rows": 14521,
                                        "Plan Width": 49,
                                        "Actual Startup Time": 445.991,
                                        "Actual Total Time": 682.835,
                                        "Actual Rows": 43838,
                                        "Actual Loops": 3,
                                        "Inner Unique": false,
                                        "Hash Cond": "(mi_idx1.movie_id = mc1.movie_id)",
                                        "Plans": [
                                          {
                                            "Node Type": "Seq Scan",
                                            "Parent Relationship": "Outer",
                                            "Parallel Aware": true,
                                            "Relation Name": "movie_info_idx",
                                            "Alias": "mi_idx1",
                                            "Startup Cost": 0.0,
                                            "Total Cost": 13685.15,
                                            "Plan Rows": 575015,
                                            "Plan Width": 13,
                                            "Actual Startup Time": 0.052,
                                            "Actual Total Time": 90.509,
                                            "Actual Rows": 460012,
                                            "Actual Loops": 3
                                          },
                                          {
                                            "Node Type": "Hash",
                                            "Parent Relationship": "Inner",
                                            "Parallel Aware": true,
                                            "Startup Cost": 47354.72,
                                            "Total Cost": 47354.72,
                                            "Plan Rows": 5436,
                                            "Plan Width": 36,
                                            "Actual Startup Time": 445.43,
                                            "Actual Total Time": 445.437,
                                            "Actual Rows": 18803,
                                            "Actual Loops": 3,
                                            "Hash Buckets": 65536,
                                            "Original Hash Buckets": 16384,
                                            "Hash Batches": 1,
                                            "Original Hash Batches": 1,
                                            "Peak Memory Usage": 4288,
                                            "Plans": [
                                              {
                                                "Node Type": "Hash Join",
                                                "Parent Relationship": "Outer",
                                                "Parallel Aware": true,
                                                "Join Type": "Inner",
                                                "Startup Cost": 4748.56,
                                                "Total Cost": 47354.72,
                                                "Plan Rows": 5436,
                                                "Plan Width": 36,
                                                "Actual Startup Time": 31.291,
                                                "Actual Total Time": 427.585,
                                                "Actual Rows": 18803,
                                                "Actual Loops": 3,
                                                "Inner Unique": true,
                                                "Hash Cond": "(mc1.company_id = cn1.id)",
                                                "Plans": [
                                                  {
                                                    "Node Type": "Seq Scan",
                                                    "Parent Relationship": "Outer",
                                                    "Parallel Aware": true,
                                                    "Relation Name": "movie_companies",
                                                    "Alias": "mc1",
                                                    "Startup Cost": 0.0,
                                                    "Total Cost": 39752.37,
                                                    "Plan Rows": 1087137,
                                                    "Plan Width": 8,
                                                    "Actual Startup Time": 0.041,
                                                    "Actual Total Time": 178.249,
                                                    "Actual Rows": 869710,
                                                    "Actual Loops": 3
                                                  },
                                                  {
                                                    "Node Type": "Hash",
                                                    "Parent Relationship": "Inner",
                                                    "Parallel Aware": true,
                                                    "Startup Cost": 4739.92,
                                                    "Total Cost": 4739.92,
                                                    "Plan Rows": 691,
                                                    "Plan Width": 36,
                                                    "Actual Startup Time": 31.17,
                                                    "Actual Total Time": 31.171,
                                                    "Actual Rows": 780,
                                                    "Actual Loops": 3,
                                                    "Hash Buckets": 2048,
                                                    "Original Hash Buckets": 2048,
                                                    "Hash Batches": 1,
                                                    "Original Hash Batches": 1,
                                                    "Peak Memory Usage": 208,
                                                    "Plans": [
                                                      {
                                                        "Node Type": "Seq Scan",
                                                        "Parent Relationship": "Outer",
                                                        "Parallel Aware": true,
                                                        "Relation Name": "company_name",
                                                        "Alias": "cn1",
                                                        "Startup Cost": 0.0,
                                                        "Total Cost": 4739.92,
                                                        "Plan Rows": 691,
                                                        "Plan Width": 36,
                                                        "Actual Startup Time": 0.066,
                                                        "Actual Total Time": 30.563,
                                                        "Actual Rows": 780,
                                                        "Actual Loops": 3,
                                                        "Filter": "((country_code)::text = '[nl]'::text)",
                                                        "Rows Removed by Filter": 77552
                                                      }
                                                    ]
                                                  }
                                                ]
                                              }
                                            ]
                                          }
                                        ]
                                      }
                                    ]
                                  }
                                ]
                              }
                            ]
                          },
                          {
                            "Node Type": "Materialize",
                            "Parent Relationship": "Inner",
                            "Parallel Aware": false,
                            "Startup Cost": 0.0,
                            "Total Cost": 22.77,
                            "Plan Rows": 5,
                            "Plan Width": 4,
                            "Actual Startup Time": 0.0,
                            "Actual Total Time": 0.0,
                            "Actual Rows": 1,
                            "Actual Loops": 4708,
                            "Plans": [
                              {
                                "Node Type": "Seq Scan",
                                "Parent Relationship": "Outer",
                                "Parallel Aware": false,
                                "Relation Name": "kind_type",
                                "Alias": "kt1",
                                "Startup Cost": 0.0,
                                "Total Cost": 22.75,
                                "Plan Rows": 5,
                                "Plan Width": 4,
                                "Actual Startup Time": 0.018,
                                "Actual Total Time": 0.02,
                                "Actual Rows": 1,
                                "Actual Loops": 1,
                                "Filter": "((kind)::text = 'tv series'::text)",
                                "Rows Removed by Filter": 6
                              }
                            ]
                          }
                        ]
                      },
                      {
                        "Node Type": "Materialize",
                        "Parent Relationship": "Inner",
                        "Parallel Aware": false,
                        "Startup Cost": 0.0,
                        "Total Cost": 22.77,
                        "Plan Rows": 5,
                        "Plan Width": 4,
                        "Actual Startup Time": 0.0,
                        "Actual Total Time": 0.0,
                        "Actual Rows": 1,
                        "Actual Loops": 1606,
                        "Plans": [
                          {
                            "Node Type": "Seq Scan",
                            "Parent Relationship": "Outer",
                            "Parallel Aware": false,
                            "Relation Name": "kind_type",
                            "Alias": "kt2",
                            "Startup Cost": 0.0,
                            "Total Cost": 22.75,
                            "Plan Rows": 5,
                            "Plan Width": 4,
                            "Actual Startup Time": 0.005,
                            "Actual Total Time": 0.014,
                            "Actual Rows": 1,
                            "Actual Loops": 1,
                            "Filter": "((kind)::text = 'tv series'::text)",
                            "Rows Removed by Filter": 6
                          }
                        ]
                      }
                    ]
                  },
                  {
                    "Node Type": "Materialize",
                    "Parent Relationship": "Inner",
                    "Parallel Aware": false,
                    "Startup Cost": 0.0,
                    "Total Cost": 2.42,
                    "Plan Rows": 1,
                    "Plan Width": 4,
                    "Actual Startup Time": 0.0,
                    "Actual Total Time": 0.0,
                    "Actual Rows": 1,
                    "Actual Loops": 1606,
                    "Plans": [
                      {
                        "Node Type": "Seq Scan",
                        "Parent Relationship": "Outer",
                        "Parallel Aware": false,
                        "Relation Name": "info_type",
                        "Alias": "it1",
                        "Startup Cost": 0.0,
                        "Total Cost": 2.41,
                        "Plan Rows": 1,
                        "Plan Width": 4,
                        "Actual Startup Time": 0.032,
                        "Actual Total Time": 0.038,
                        "Actual Rows": 1,
                        "Actual Loops": 1,
                        "Filter": "((info)::text = 'rating'::text)",
                        "Rows Removed by Filter": 112
                      }
                    ]
                  }
                ]
              },
              {
                "Node Type": "Materialize",
                "Parent Relationship": "Inner",
                "Parallel Aware": false,
                "Startup Cost": 16910.08,
                "Total Cost": 63910.66,
                "Plan Rows": 29713,
                "Plan Width": 17,
                "Actual Startup Time": 0.574,
                "Actual Total Time": 6.808,
                "Actual Rows": 48946,
                "Actual Loops": 536,
                "Plans": [
                  {
                    "Node Type": "Gather",
                    "Parent Relationship": "Outer",
                    "Parallel Aware": false,
                    "Startup Cost": 16910.08,
                    "Total Cost": 63762.1,
                    "Plan Rows": 29713,
                    "Plan Width": 17,
                    "Actual Startup Time": 307.462,
                    "Actual Total Time": 651.701,
                    "Actual Rows": 49037,
                    "Actual Loops": 1,
                    "Workers Planned": 2,
                    "Workers Launched": 2,
                    "Single Copy": false,
                    "Plans": [
                      {
                        "Node Type": "Hash Join",
                        "Parent Relationship": "Outer",
                        "Parallel Aware": true,
                        "Join Type": "Inner",
                        "Startup Cost": 15910.08,
                        "Total Cost": 59790.8,
                        "Plan Rows": 12380,
                        "Plan Width": 17,
                        "Actual Startup Time": 302.549,
                        "Actual Total Time": 761.079,
                        "Actual Rows": 16346,
                        "Actual Loops": 3,
                        "Inner Unique": false,
                        "Hash Cond": "(mc2.movie_id = mi_idx2.movie_id)",
                        "Plans": [
                          {
                            "Node Type": "Seq Scan",
                            "Parent Relationship": "Outer",
                            "Parallel Aware": true,
                            "Relation Name": "movie_companies",
                            "Alias": "mc2",
                            "Startup Cost": 0.0,
                            "Total Cost": 39752.37,
                            "Plan Rows": 1087137,
                            "Plan Width": 8,
                            "Actual Startup Time": 0.053,
                            "Actual Total Time": 184.29,
                            "Actual Rows": 869710,
                            "Actual Loops": 3
                          },
                          {
                            "Node Type": "Hash",
                            "Parent Relationship": "Inner",
                            "Parallel Aware": true,
                            "Startup Cost": 15879.45,
                            "Total Cost": 15879.45,
                            "Plan Rows": 2451,
                            "Plan Width": 9,
                            "Actual Startup Time": 301.793,
                            "Actual Total Time": 301.797,
                            "Actual Rows": 8530,
                            "Actual Loops": 3,
                            "Hash Buckets": 32768,
                            "Original Hash Buckets": 8192,
                            "Hash Batches": 1,
                            "Original Hash Batches": 1,
                            "Peak Memory Usage": 1472,
                            "Plans": [
                              {
                                "Node Type": "Hash Join",
                                "Parent Relationship": "Outer",
                                "Parallel Aware": false,
                                "Join Type": "Inner",
                                "Startup Cost": 2.43,
                                "Total Cost": 15879.45,
                                "Plan Rows": 2451,
                                "Plan Width": 9,
                                "Actual Startup Time": 0.152,
                                "Actual Total Time": 268.092,
                                "Actual Rows": 8530,
                                "Actual Loops": 3,
                                "Inner Unique": true,
                                "Hash Cond": "(mi_idx2.info_type_id = it2.id)",
                                "Plans": [
                                  {
                                    "Node Type": "Seq Scan",
                                    "Parent Relationship": "Outer",
                                    "Parallel Aware": true,
                                    "Relation Name": "movie_info_idx",
                                    "Alias": "mi_idx2",
                                    "Startup Cost": 0.0,
                                    "Total Cost": 15122.68,
                                    "Plan Rows": 276980,
                                    "Plan Width": 13,
                                    "Actual Startup Time": 0.065,
                                    "Actual Total Time": 236.343,
                                    "Actual Rows": 219432,
                                    "Actual Loops": 3,
                                    "Filter": "((info)::text < '3.0'::text)",
                                    "Rows Removed by Filter": 240580
                                  },
                                  {
                                    "Node Type": "Hash",
                                    "Parent Relationship": "Inner",
                                    "Parallel Aware": false,
                                    "Startup Cost": 2.41,
                                    "Total Cost": 2.41,
                                    "Plan Rows": 1,
                                    "Plan Width": 4,
                                    "Actual Startup Time": 0.051,
                                    "Actual Total Time": 0.052,
                                    "Actual Rows": 1,
                                    "Actual Loops": 3,
                                    "Hash Buckets": 1024,
                                    "Original Hash Buckets": 1024,
                                    "Hash Batches": 1,
                                    "Original Hash Batches": 1,
                                    "Peak Memory Usage": 9,
                                    "Plans": [
                                      {
                                        "Node Type": "Seq Scan",
                                        "Parent Relationship": "Outer",
                                        "Parallel Aware": false,
                                        "Relation Name": "info_type",
                                        "Alias": "it2",
                                        "Startup Cost": 0.0,
                                        "Total Cost": 2.41,
                                        "Plan Rows": 1,
                                        "Plan Width": 4,
                                        "Actual Startup Time": 0.041,
                                        "Actual Total Time": 0.044,
                                        "Actual Rows": 1,
                                        "Actual Loops": 3,
                                        "Filter": "((info)::text = 'rating'::text)",
                                        "Rows Removed by Filter": 112
                                      }
                                    ]
                                  }
                                ]
                              }
                            ]
                          }
                        ]
                      }
                    ]
                  }
                ]
              }
            ]
          },
          {
            "Node Type": "Sort",
            "Parent Relationship": "Inner",
            "Parallel Aware": false,
            "Startup Cost": 2693.63,
            "Total Cost": 2768.62,
            "Plan Rows": 29997,
            "Plan Width": 12,
            "Actual Startup Time": 22.69,
            "Actual Total Time": 54061.076,
            "Actual Rows": 616519052,
            "Actual Loops": 1,
            "Sort Key": [
              "ml.movie_id"
            ],
            "Sort Method": "quicksort",
            "Sort Space Used": 2175,
            "Sort Space Type": "Memory",
            "Plans": [
              {
                "Node Type": "Seq Scan",
                "Parent Relationship": "Outer",
                "Parallel Aware": false,
                "Relation Name": "movie_link",
                "Alias": "ml",
                "Startup Cost": 0.0,
                "Total Cost": 462.97,
                "Plan Rows": 29997,
                "Plan Width": 12,
                "Actual Startup Time": 0.029,
                "Actual Total Time": 10.021,
                "Actual Rows": 29997,
                "Actual Loops": 1
              }
            ]
          }
        ]
      },
      {
        "Node Type": "Index Scan",
        "Parent Relationship": "Inner",
        "Parallel Aware": false,
        "Scan Direction": "Forward",
        "Index Name": "link_type_pkey",
        "Relation Name": "link_type",
        "Alias": "lt",
        "Startup Cost": 0.15,
        "Total Cost": 0.17,
        "Plan Rows": 1,
        "Plan Width": 4,
        "Actual Startup Time": 0.01,
        "Actual Total Time": 0.01,
        "Actual Rows": 0,
        "Actual Loops": 1060,
        "Index Cond": "(id = ml.link_type_id)",
        "Rows Removed by Index Recheck": 0,
        "Filter": "((link)::text ~~ '%follow%'::text)",
        "Rows Removed by Filter": 1
      }
    ]
  }
}