{
  "Plan": {
    "Node Type": "Nested Loop",
    "Parent Relationship": "Outer",
    "Parallel Aware": false,
    "Join Type": "Inner",
    "Startup Cost": 864.24,
    "Total Cost": 18641.06,
    "Plan Rows": 1,
    "Plan Width": 63,
    "Actual Startup Time": 27.547,
    "Actual Total Time": 488.233,
    "Actual Rows": 7,
    "Actual Loops": 3,
    "Inner Unique": true,
    "Plans": [
      {
        "Node Type": "Nested Loop",
        "Parent Relationship": "Outer",
        "Parallel Aware": false,
        "Join Type": "Inner",
        "Startup Cost": 864.09,
        "Total Cost": 18640.88,
        "Plan Rows": 1,
        "Plan Width": 67,
        "Actual Startup Time": 22.575,
        "Actual Total Time": 487.268,
        "Actual Rows": 290,
        "Actual Loops": 3,
        "Inner Unique": true,
        "Plans": [
          {
            "Node Type": "Hash Join",
            "Parent Relationship": "Outer",
            "Parallel Aware": false,
            "Join Type": "Inner",
            "Startup Cost": 863.66,
            "Total Cost": 18636.41,
            "Plan Rows": 1,
            "Plan Width": 42,
            "Actual Startup Time": 22.537,
            "Actual Total Time": 484.947,
            "Actual Rows": 290,
            "Actual Loops": 3,
            "Inner Unique": false,
            "Hash Cond": "(t2.id = ml.linked_movie_id)",
            "Plans": [
              {
                "Node Type": "Hash Join",
                "Parent Relationship": "Outer",
                "Parallel Aware": false,
                "Join Type": "Inner",
                "Startup Cost": 25.73,
                "Total Cost": 17796.64,
                "Plan Rows": 11,
                "Plan Width": 30,
                "Actual Startup Time": 0.409,
                "Actual Total Time": 463.613,
                "Actual Rows": 2165,
                "Actual Loops": 3,
                "Inner Unique": true,
                "Hash Cond": "(t2.kind_id = kt2.id)",
                "Plans": [
                  {
                    "Node Type": "Nested Loop",
                    "Parent Relationship": "Outer",
                    "Parallel Aware": false,
                    "Join Type": "Inner",
                    "Startup Cost": 2.86,
                    "Total Cost": 17770.9,
                    "Plan Rows": 1087,
                    "Plan Width": 34,
                    "Actual Startup Time": 0.323,
                    "Actual Total Time": 461.02,
                    "Actual Rows": 6606,
                    "Actual Loops": 3,
                    "Inner Unique": true,
                    "Plans": [
                      {
                        "Node Type": "Hash Join",
                        "Parent Relationship": "Outer",
                        "Parallel Aware": false,
                        "Join Type": "Inner",
                        "Startup Cost": 2.43,
                        "Total Cost": 15927.33,
                        "Plan Rows": 2607,
                        "Plan Width": 9,
                        "Actual Startup Time": 0.242,
                        "Actual Total Time": 270.494,
                        "Actual Rows": 12250,
                        "Actual Loops": 3,
                        "Inner Unique": true,
                        "Hash Cond": "(mi_idx2.info_type_id = it2.id)",
                        "Plans": [
                          {
                            "Node Type": "Seq Scan",
                            "Parent Relationship": "Outer",
                            "Parallel Aware": true,
                            "Relation Name": "movie_info_idx",
                            "Alias": "mi_idx2",
                            "Startup Cost": 0.0,
                            "Total Cost": 15122.68,
                            "Plan Rows": 294560,
                            "Plan Width": 13,
                            "Actual Startup Time": 0.085,
                            "Actual Total Time": 235.29,
                            "Actual Rows": 235520,
                            "Actual Loops": 3,
                            "Filter": "((info)::text < '3.5'::text)",
                            "Rows Removed by Filter": 224492
                          },
                          {
                            "Node Type": "Hash",
                            "Parent Relationship": "Inner",
                            "Parallel Aware": false,
                            "Startup Cost": 2.41,
                            "Total Cost": 2.41,
                            "Plan Rows": 1,
                            "Plan Width": 4,
                            "Actual Startup Time": 0.062,
                            "Actual Total Time": 0.066,
                            "Actual Rows": 1,
                            "Actual Loops": 3,
                            "Hash Buckets": 1024,
                            "Original Hash Buckets": 1024,
                            "Hash Batches": 1,
                            "Original Hash Batches": 1,
                            "Peak Memory Usage": 9,
                            "Plans": [
                              {
                                "Node Type": "Seq Scan",
                                "Parent Relationship": "Outer",
                                "Parallel Aware": false,
                                "Relation Name": "info_type",
                                "Alias": "it2",
                                "Startup Cost": 0.0,
                                "Total Cost": 2.41,
                                "Plan Rows": 1,
                                "Plan Width": 4,
                                "Actual Startup Time": 0.049,
                                "Actual Total Time": 0.055,
                                "Actual Rows": 1,
                                "Actual Loops": 3,
                                "Filter": "((info)::text = 'rating'::text)",
                                "Rows Removed by Filter": 112
                              }
                            ]
                          }
                        ]
                      },
                      {
                        "Node Type": "Index Scan",
                        "Parent Relationship": "Inner",
                        "Parallel Aware": false,
                        "Scan Direction": "Forward",
                        "Index Name": "title_pkey",
                        "Relation Name": "title",
                        "Alias": "t2",
                        "Startup Cost": 0.43,
                        "Total Cost": 0.71,
                        "Plan Rows": 1,
                        "Plan Width": 25,
                        "Actual Startup Time": 0.015,
                        "Actual Total Time": 0.015,
                        "Actual Rows": 1,
                        "Actual Loops": 36749,
                        "Index Cond": "(id = mi_idx2.movie_id)",
                        "Rows Removed by Index Recheck": 0,
                        "Filter": "((production_year >= 2000) AND (production_year <= 2010))",
                        "Rows Removed by Filter": 0
                      }
                    ]
                  },
                  {
                    "Node Type": "Hash",
                    "Parent Relationship": "Inner",
                    "Parallel Aware": false,
                    "Startup Cost": 22.75,
                    "Total Cost": 22.75,
                    "Plan Rows": 10,
                    "Plan Width": 4,
                    "Actual Startup Time": 0.048,
                    "Actual Total Time": 0.055,
                    "Actual Rows": 2,
                    "Actual Loops": 3,
                    "Hash Buckets": 1024,
                    "Original Hash Buckets": 1024,
                    "Hash Batches": 1,
                    "Original Hash Batches": 1,
                    "Peak Memory Usage": 9,
                    "Plans": [
                      {
                        "Node Type": "Seq Scan",
                        "Parent Relationship": "Outer",
                        "Parallel Aware": false,
                        "Relation Name": "kind_type",
                        "Alias": "kt2",
                        "Startup Cost": 0.0,
                        "Total Cost": 22.75,
                        "Plan Rows": 10,
                        "Plan Width": 4,
                        "Actual Startup Time": 0.04,
                        "Actual Total Time": 0.044,
                        "Actual Rows": 2,
                        "Actual Loops": 3,
                        "Filter": "((kind)::text = ANY ('{\"tv series\",episode}'::text[]))",
                        "Rows Removed by Filter": 5
                      }
                    ]
                  }
                ]
              },
              {
                "Node Type": "Hash",
                "Parent Relationship": "Inner",
                "Parallel Aware": false,
                "Startup Cost": 462.97,
                "Total Cost": 462.97,
                "Plan Rows": 29997,
                "Plan Width": 12,
                "Actual Startup Time": 19.858,
                "Actual Total Time": 19.864,
                "Actual Rows": 29997,
                "Actual Loops": 3,
                "Hash Buckets": 32768,
                "Original Hash Buckets": 32768,
                "Hash Batches": 1,
                "Original Hash Batches": 1,
                "Peak Memory Usage": 1545,
                "Plans": [
                  {
                    "Node Type": "Seq Scan",
                    "Parent Relationship": "Outer",
                    "Parallel Aware": false,
                    "Relation Name": "movie_link",
                    "Alias": "ml",
                    "Startup Cost": 0.0,
                    "Total Cost": 462.97,
                    "Plan Rows": 29997,
                    "Plan Width": 12,
                    "Actual Startup Time": 0.036,
                    "Actual Total Time": 9.991,
                    "Actual Rows": 29997,
                    "Actual Loops": 3
                  }
                ]
              }
            ]
          },
          {
            "Node Type": "Index Scan",
            "Parent Relationship": "Inner",
            "Parallel Aware": false,
            "Scan Direction": "Forward",
            "Index Name": "title_pkey",
            "Relation Name": "title",
            "Alias": "t1",
            "Startup Cost": 0.43,
            "Total Cost": 4.47,
            "Plan Rows": 1,
            "Plan Width": 25,
            "Actual Startup Time": 0.007,
            "Actual Total Time": 0.007,
            "Actual Rows": 1,
            "Actual Loops": 870,
            "Index Cond": "(id = ml.movie_id)",
            "Rows Removed by Index Recheck": 0
          }
        ]
      },
      {
        "Node Type": "Index Scan",
        "Parent Relationship": "Inner",
        "Parallel Aware": false,
        "Scan Direction": "Forward",
        "Index Name": "link_type_pkey",
        "Relation Name": "link_type",
        "Alias": "lt",
        "Startup Cost": 0.15,
        "Total Cost": 0.17,
        "Plan Rows": 1,
        "Plan Width": 4,
        "Actual Startup Time": 0.003,
        "Actual Total Time": 0.003,
        "Actual Rows": 0,
        "Actual Loops": 870,
        "Index Cond": "(id = ml.link_type_id)",
        "Rows Removed by Index Recheck": 0,
        "Filter": "((link)::text = ANY ('{sequel,follows,\"followed by\"}'::text[]))",
        "Rows Removed by Filter": 1
      }
    ]
  }
}