{
  "Plan": {
    "Node Type": "Nested Loop",
    "Parent Relationship": "Outer",
    "Parallel Aware": false,
    "Join Type": "Inner",
    "Startup Cost": 2647.94,
    "Total Cost": 55516.73,
    "Plan Rows": 8,
    "Plan Width": 57,
    "Actual Startup Time": 408.348,
    "Actual Total Time": 593.899,
    "Actual Rows": 1,
    "Actual Loops": 3,
    "Inner Unique": true,
    "Plans": [
      {
        "Node Type": "Hash Join",
        "Parent Relationship": "Outer",
        "Parallel Aware": false,
        "Join Type": "Inner",
        "Startup Cost": 2647.51,
        "Total Cost": 50899.43,
        "Plan Rows": 9427,
        "Plan Width": 36,
        "Actual Startup Time": 191.64,
        "Actual Total Time": 593.55,
        "Actual Rows": 5,
        "Actual Loops": 3,
        "Inner Unique": true,
        "Hash Cond": "(mk.keyword_id = k.id)",
        "Plans": [
          {
            "Node Type": "Seq Scan",
            "Parent Relationship": "Outer",
            "Parallel Aware": true,
            "Relation Name": "movie_keyword",
            "Alias": "mk",
            "Startup Cost": 0.0,
            "Total Cost": 43303.71,
            "Plan Rows": 1884971,
            "Plan Width": 8,
            "Actual Startup Time": 0.05,
            "Actual Total Time": 280.584,
            "Actual Rows": 1507977,
            "Actual Loops": 3
          },
          {
            "Node Type": "Hash",
            "Parent Relationship": "Inner",
            "Parallel Aware": false,
            "Startup Cost": 2639.12,
            "Total Cost": 2639.12,
            "Plan Rows": 671,
            "Plan Width": 36,
            "Actual Startup Time": 39.163,
            "Actual Total Time": 39.165,
            "Actual Rows": 1,
            "Actual Loops": 3,
            "Hash Buckets": 1024,
            "Original Hash Buckets": 1024,
            "Hash Batches": 1,
            "Original Hash Batches": 1,
            "Peak Memory Usage": 9,
            "Plans": [
              {
                "Node Type": "Seq Scan",
                "Parent Relationship": "Outer",
                "Parallel Aware": false,
                "Relation Name": "keyword",
                "Alias": "k",
                "Startup Cost": 0.0,
                "Total Cost": 2639.12,
                "Plan Rows": 671,
                "Plan Width": 36,
                "Actual Startup Time": 0.991,
                "Actual Total Time": 39.153,
                "Actual Rows": 1,
                "Actual Loops": 3,
                "Filter": "((keyword)::text = 'marvel-cinematic-universe'::text)",
                "Rows Removed by Filter": 134169
              }
            ]
          }
        ]
      },
      {
        "Node Type": "Index Scan",
        "Parent Relationship": "Inner",
        "Parallel Aware": false,
        "Scan Direction": "Forward",
        "Index Name": "title_pkey",
        "Relation Name": "title",
        "Alias": "t",
        "Startup Cost": 0.43,
        "Total Cost": 0.49,
        "Plan Rows": 1,
        "Plan Width": 21,
        "Actual Startup Time": 0.061,
        "Actual Total Time": 0.063,
        "Actual Rows": 0,
        "Actual Loops": 14,
        "Index Cond": "(id = mk.movie_id)",
        "Rows Removed by Index Recheck": 0,
        "Filter": "(production_year > 2014)",
        "Rows Removed by Filter": 1
      }
    ]
  }
}