{
  "Plan": {
    "Node Type": "Nested Loop",
    "Parent Relationship": "Outer",
    "Parallel Aware": false,
    "Join Type": "Inner",
    "Startup Cost": 77320.23,
    "Total Cost": 519970.8,
    "Plan Rows": 825,
    "Plan Width": 40,
    "Actual Startup Time": 538.935,
    "Actual Total Time": 4940.234,
    "Actual Rows": 102,
    "Actual Loops": 3,
    "Inner Unique": true,
    "Plans": [
      {
        "Node Type": "Hash Join",
        "Parent Relationship": "Outer",
        "Parallel Aware": true,
        "Join Type": "Inner",
        "Startup Cost": 77319.8,
        "Total Cost": 519288.29,
        "Plan Rows": 1500,
        "Plan Width": 19,
        "Actual Startup Time": 538.829,
        "Actual Total Time": 4936.354,
        "Actual Rows": 162,
        "Actual Loops": 3,
        "Inner Unique": true,
        "Hash Cond": "(ci.person_id = n.id)",
        "Plans": [
          {
            "Node Type": "Seq Scan",
            "Parent Relationship": "Outer",
            "Parallel Aware": true,
            "Relation Name": "cast_info",
            "Alias": "ci",
            "Startup Cost": 0.0,
            "Total Cost": 402615.6,
            "Plan Rows": 14991560,
            "Plan Width": 8,
            "Actual Startup Time": 0.047,
            "Actual Total Time": 2122.391,
            "Actual Rows": 12081448,
            "Actual Loops": 3
          },
          {
            "Node Type": "Hash",
            "Parent Relationship": "Inner",
            "Parallel Aware": true,
            "Startup Cost": 77317.62,
            "Total Cost": 77317.62,
            "Plan Rows": 174,
            "Plan Width": 19,
            "Actual Startup Time": 507.777,
            "Actual Total Time": 507.778,
            "Actual Rows": 1,
            "Actual Loops": 3,
            "Hash Buckets": 1024,
            "Original Hash Buckets": 1024,
            "Hash Batches": 1,
            "Original Hash Batches": 1,
            "Peak Memory Usage": 72,
            "Plans": [
              {
                "Node Type": "Seq Scan",
                "Parent Relationship": "Outer",
                "Parallel Aware": true,
                "Relation Name": "name",
                "Alias": "n",
                "Startup Cost": 0.0,
                "Total Cost": 77317.62,
                "Plan Rows": 174,
                "Plan Width": 19,
                "Actual Startup Time": 204.22,
                "Actual Total Time": 507.702,
                "Actual Rows": 1,
                "Actual Loops": 3,
                "Filter": "((name)::text ~~ '%Downey%Robert%'::text)",
                "Rows Removed by Filter": 1389163
              }
            ]
          }
        ]
      },
      {
        "Node Type": "Index Scan",
        "Parent Relationship": "Inner",
        "Parallel Aware": false,
        "Scan Direction": "Forward",
        "Index Name": "title_pkey",
        "Relation Name": "title",
        "Alias": "t",
        "Startup Cost": 0.43,
        "Total Cost": 0.46,
        "Plan Rows": 1,
        "Plan Width": 21,
        "Actual Startup Time": 0.023,
        "Actual Total Time": 0.023,
        "Actual Rows": 1,
        "Actual Loops": 486,
        "Index Cond": "(id = ci.movie_id)",
        "Rows Removed by Index Recheck": 0,
        "Filter": "(production_year > 2000)",
        "Rows Removed by Filter": 0
      }
    ]
  }
}