{
  "Plan": {
    "Node Type": "Hash Join",
    "Parent Relationship": "Outer",
    "Parallel Aware": true,
    "Join Type": "Inner",
    "Startup Cost": 104856.32,
    "Total Cost": 674121.81,
    "Plan Rows": 14991560,
    "Plan Width": 19,
    "Actual Startup Time": 8679.972,
    "Actual Total Time": 14556.646,
    "Actual Rows": 12081448,
    "Actual Loops": 3,
    "Inner Unique": true,
    "Hash Cond": "(ci.person_id = n.id)",
    "Plans": [
      {
        "Node Type": "Seq Scan",
        "Parent Relationship": "Outer",
        "Parallel Aware": true,
        "Relation Name": "cast_info",
        "Alias": "ci",
        "Startup Cost": 0.0,
        "Total Cost": 402615.6,
        "Plan Rows": 14991560,
        "Plan Width": 8,
        "Actual Startup Time": 0.104,
        "Actual Total Time": 3688.673,
        "Actual Rows": 12081448,
        "Actual Loops": 3
      },
      {
        "Node Type": "Hash",
        "Parent Relationship": "Inner",
        "Parallel Aware": true,
        "Startup Cost": 72976.7,
        "Total Cost": 72976.7,
        "Plan Rows": 1736370,
        "Plan Width": 19,
        "Actual Startup Time": 1146.19,
        "Actual Total Time": 1146.193,
        "Actual Rows": 1389164,
        "Actual Loops": 3,
        "Hash Buckets": 65536,
        "Original Hash Buckets": 65536,
        "Hash Batches": 128,
        "Original Hash Batches": 128,
        "Peak Memory Usage": 2336,
        "Plans": [
          {
            "Node Type": "Seq Scan",
            "Parent Relationship": "Outer",
            "Parallel Aware": true,
            "Relation Name": "name",
            "Alias": "n",
            "Startup Cost": 0.0,
            "Total Cost": 72976.7,
            "Plan Rows": 1736370,
            "Plan Width": 19,
            "Actual Startup Time": 0.042,
            "Actual Total Time": 540.647,
            "Actual Rows": 1389164,
            "Actual Loops": 3
          }
        ]
      }
    ]
  }
}