{
  "Plan": {
    "Node Type": "Nested Loop",
    "Parent Relationship": "Outer",
    "Parallel Aware": false,
    "Join Type": "Inner",
    "Startup Cost": 3712.92,
    "Total Cost": 88895.96,
    "Plan Rows": 41482,
    "Plan Width": 57,
    "Actual Startup Time": 68.498,
    "Actual Total Time": 812.821,
    "Actual Rows": 4722,
    "Actual Loops": 3,
    "Inner Unique": true,
    "Plans": [
      {
        "Node Type": "Hash Join",
        "Parent Relationship": "Outer",
        "Parallel Aware": false,
        "Join Type": "Inner",
        "Startup Cost": 3712.49,
        "Total Cost": 51964.4,
        "Plan Rows": 75402,
        "Plan Width": 36,
        "Actual Startup Time": 68.37,
        "Actual Total Time": 644.542,
        "Actual Rows": 11849,
        "Actual Loops": 3,
        "Inner Unique": true,
        "Hash Cond": "(mk.keyword_id = k.id)",
        "Plans": [
          {
            "Node Type": "Seq Scan",
            "Parent Relationship": "Outer",
            "Parallel Aware": true,
            "Relation Name": "movie_keyword",
            "Alias": "mk",
            "Startup Cost": 0.0,
            "Total Cost": 43303.71,
            "Plan Rows": 1884971,
            "Plan Width": 8,
            "Actual Startup Time": 0.062,
            "Actual Total Time": 287.41,
            "Actual Rows": 1507977,
            "Actual Loops": 3
          },
          {
            "Node Type": "Hash",
            "Parent Relationship": "Inner",
            "Parallel Aware": false,
            "Startup Cost": 3645.4,
            "Total Cost": 3645.4,
            "Plan Rows": 5367,
            "Plan Width": 36,
            "Actual Startup Time": 68.167,
            "Actual Total Time": 68.169,
            "Actual Rows": 8,
            "Actual Loops": 3,
            "Hash Buckets": 8192,
            "Original Hash Buckets": 8192,
            "Hash Batches": 1,
            "Original Hash Batches": 1,
            "Peak Memory Usage": 65,
            "Plans": [
              {
                "Node Type": "Seq Scan",
                "Parent Relationship": "Outer",
                "Parallel Aware": false,
                "Relation Name": "keyword",
                "Alias": "k",
                "Startup Cost": 0.0,
                "Total Cost": 3645.4,
                "Plan Rows": 5367,
                "Plan Width": 36,
                "Actual Startup Time": 0.246,
                "Actual Total Time": 68.152,
                "Actual Rows": 8,
                "Actual Loops": 3,
                "Filter": "((keyword)::text = ANY ('{superhero,sequel,second-part,marvel-comics,based-on-comic,tv-special,fight,violence}'::text[]))",
                "Rows Removed by Filter": 134162
              }
            ]
          }
        ]
      },
      {
        "Node Type": "Index Scan",
        "Parent Relationship": "Inner",
        "Parallel Aware": false,
        "Scan Direction": "Forward",
        "Index Name": "title_pkey",
        "Relation Name": "title",
        "Alias": "t",
        "Startup Cost": 0.43,
        "Total Cost": 0.49,
        "Plan Rows": 1,
        "Plan Width": 21,
        "Actual Startup Time": 0.013,
        "Actual Total Time": 0.013,
        "Actual Rows": 0,
        "Actual Loops": 35548,
        "Index Cond": "(id = mk.movie_id)",
        "Rows Removed by Index Recheck": 0,
        "Filter": "(production_year > 2000)",
        "Rows Removed by Filter": 1
      }
    ]
  }
}