{
  "Plan": {
    "Node Type": "Hash Join",
    "Parent Relationship": "Outer",
    "Parallel Aware": false,
    "Join Type": "Inner",
    "Startup Cost": 2.43,
    "Total Cost": 66480.35,
    "Plan Rows": 1,
    "Plan Width": 4,
    "Actual Startup Time": 15.252,
    "Actual Total Time": 292.058,
    "Actual Rows": 21,
    "Actual Loops": 3,
    "Inner Unique": true,
    "Hash Cond": "(pi.info_type_id = it.id)",
    "Plans": [
      {
        "Node Type": "Seq Scan",
        "Parent Relationship": "Outer",
        "Parallel Aware": true,
        "Relation Name": "person_info",
        "Alias": "pi",
        "Startup Cost": 0.0,
        "Total Cost": 66477.9,
        "Plan Rows": 12,
        "Plan Width": 8,
        "Actual Startup Time": 15.131,
        "Actual Total Time": 291.839,
        "Actual Rows": 21,
        "Actual Loops": 3,
        "Filter": "((note)::text = 'Volker Boehm'::text)",
        "Rows Removed by Filter": 987867
      },
      {
        "Node Type": "Hash",
        "Parent Relationship": "Inner",
        "Parallel Aware": false,
        "Startup Cost": 2.41,
        "Total Cost": 2.41,
        "Plan Rows": 1,
        "Plan Width": 4,
        "Actual Startup Time": 0.078,
        "Actual Total Time": 0.082,
        "Actual Rows": 1,
        "Actual Loops": 3,
        "Hash Buckets": 1024,
        "Original Hash Buckets": 1024,
        "Hash Batches": 1,
        "Original Hash Batches": 1,
        "Peak Memory Usage": 9,
        "Plans": [
          {
            "Node Type": "Seq Scan",
            "Parent Relationship": "Outer",
            "Parallel Aware": false,
            "Relation Name": "info_type",
            "Alias": "it",
            "Startup Cost": 0.0,
            "Total Cost": 2.41,
            "Plan Rows": 1,
            "Plan Width": 4,
            "Actual Startup Time": 0.051,
            "Actual Total Time": 0.071,
            "Actual Rows": 1,
            "Actual Loops": 3,
            "Filter": "((info)::text = 'mini biography'::text)",
            "Rows Removed by Filter": 112
          }
        ]
      }
    ]
  }
}