{
  "Plan": {
    "Node Type": "Nested Loop",
    "Parent Relationship": "Outer",
    "Parallel Aware": false,
    "Join Type": "Inner",
    "Startup Cost": 66480.79,
    "Total Cost": 83606.92,
    "Plan Rows": 1,
    "Plan Width": 27,
    "Actual Startup Time": 394.051,
    "Actual Total Time": 447.976,
    "Actual Rows": 1,
    "Actual Loops": 3,
    "Inner Unique": true,
    "Plans": [
      {
        "Node Type": "Hash Join",
        "Parent Relationship": "Outer",
        "Parallel Aware": true,
        "Join Type": "Inner",
        "Startup Cost": 66480.36,
        "Total Cost": 83606.03,
        "Plan Rows": 1,
        "Plan Width": 8,
        "Actual Startup Time": 302.575,
        "Actual Total Time": 446.958,
        "Actual Rows": 33,
        "Actual Loops": 3,
        "Inner Unique": false,
        "Hash Cond": "(an.person_id = pi.person_id)",
        "Plans": [
          {
            "Node Type": "Seq Scan",
            "Parent Relationship": "Outer",
            "Parallel Aware": true,
            "Relation Name": "aka_name",
            "Alias": "an",
            "Startup Cost": 0.0,
            "Total Cost": 16115.91,
            "Plan Rows": 269266,
            "Plan Width": 4,
            "Actual Startup Time": 0.052,
            "Actual Total Time": 127.537,
            "Actual Rows": 224897,
            "Actual Loops": 3,
            "Filter": "((name)::text ~~ '%a%'::text)",
            "Rows Removed by Filter": 75550
          },
          {
            "Node Type": "Hash",
            "Parent Relationship": "Inner",
            "Parallel Aware": true,
            "Startup Cost": 66480.35,
            "Total Cost": 66480.35,
            "Plan Rows": 1,
            "Plan Width": 4,
            "Actual Startup Time": 286.837,
            "Actual Total Time": 286.853,
            "Actual Rows": 21,
            "Actual Loops": 3,
            "Hash Buckets": 1024,
            "Original Hash Buckets": 1024,
            "Hash Batches": 1,
            "Original Hash Batches": 1,
            "Peak Memory Usage": 104,
            "Plans": [
              {
                "Node Type": "Hash Join",
                "Parent Relationship": "Outer",
                "Parallel Aware": false,
                "Join Type": "Inner",
                "Startup Cost": 2.43,
                "Total Cost": 66480.35,
                "Plan Rows": 1,
                "Plan Width": 4,
                "Actual Startup Time": 8.857,
                "Actual Total Time": 286.723,
                "Actual Rows": 21,
                "Actual Loops": 3,
                "Inner Unique": true,
                "Hash Cond": "(pi.info_type_id = it.id)",
                "Plans": [
                  {
                    "Node Type": "Seq Scan",
                    "Parent Relationship": "Outer",
                    "Parallel Aware": true,
                    "Relation Name": "person_info",
                    "Alias": "pi",
                    "Startup Cost": 0.0,
                    "Total Cost": 66477.9,
                    "Plan Rows": 12,
                    "Plan Width": 8,
                    "Actual Startup Time": 8.72,
                    "Actual Total Time": 286.481,
                    "Actual Rows": 21,
                    "Actual Loops": 3,
                    "Filter": "((note)::text = 'Volker Boehm'::text)",
                    "Rows Removed by Filter": 987867
                  },
                  {
                    "Node Type": "Hash",
                    "Parent Relationship": "Inner",
                    "Parallel Aware": false,
                    "Startup Cost": 2.41,
                    "Total Cost": 2.41,
                    "Plan Rows": 1,
                    "Plan Width": 4,
                    "Actual Startup Time": 0.088,
                    "Actual Total Time": 0.09,
                    "Actual Rows": 1,
                    "Actual Loops": 3,
                    "Hash Buckets": 1024,
                    "Original Hash Buckets": 1024,
                    "Hash Batches": 1,
                    "Original Hash Batches": 1,
                    "Peak Memory Usage": 9,
                    "Plans": [
                      {
                        "Node Type": "Seq Scan",
                        "Parent Relationship": "Outer",
                        "Parallel Aware": false,
                        "Relation Name": "info_type",
                        "Alias": "it",
                        "Startup Cost": 0.0,
                        "Total Cost": 2.41,
                        "Plan Rows": 1,
                        "Plan Width": 4,
                        "Actual Startup Time": 0.048,
                        "Actual Total Time": 0.072,
                        "Actual Rows": 1,
                        "Actual Loops": 3,
                        "Filter": "((info)::text = 'mini biography'::text)",
                        "Rows Removed by Filter": 112
                      }
                    ]
                  }
                ]
              }
            ]
          }
        ]
      },
      {
        "Node Type": "Index Scan",
        "Parent Relationship": "Inner",
        "Parallel Aware": false,
        "Scan Direction": "Forward",
        "Index Name": "name_pkey",
        "Relation Name": "name",
        "Alias": "n",
        "Startup Cost": 0.43,
        "Total Cost": 0.89,
        "Plan Rows": 1,
        "Plan Width": 19,
        "Actual Startup Time": 0.027,
        "Actual Total Time": 0.028,
        "Actual Rows": 0,
        "Actual Loops": 98,
        "Index Cond": "(id = an.person_id)",
        "Rows Removed by Index Recheck": 0,
        "Filter": "(((name_pcode_cf)::text ~~ 'D%'::text) AND ((gender)::text = 'm'::text))",
        "Rows Removed by Filter": 1
      }
    ]
  }
}