{
  "Plan": {
    "Node Type": "Nested Loop",
    "Parent Relationship": "Outer",
    "Parallel Aware": false,
    "Join Type": "Inner",
    "Startup Cost": 84625.87,
    "Total Cost": 544004.25,
    "Plan Rows": 1,
    "Plan Width": 23,
    "Actual Startup Time": 2470.236,
    "Actual Total Time": 47129.602,
    "Actual Rows": 151,
    "Actual Loops": 1,
    "Inner Unique": false,
    "Join Filter": "(ml.linked_movie_id = ci.movie_id)",
    "Rows Removed by Join Filter": 17393693,
    "Plans": [
      {
        "Node Type": "Gather",
        "Parent Relationship": "Outer",
        "Parallel Aware": false,
        "Startup Cost": 84606.94,
        "Total Cost": 543441.03,
        "Plan Rows": 1,
        "Plan Width": 19,
        "Actual Startup Time": 1698.945,
        "Actual Total Time": 1710.151,
        "Actual Rows": 3354,
        "Actual Loops": 1,
        "Workers Planned": 2,
        "Workers Launched": 2,
        "Single Copy": false,
        "Plans": [
          {
            "Node Type": "Hash Join",
            "Parent Relationship": "Outer",
            "Parallel Aware": true,
            "Join Type": "Inner",
            "Startup Cost": 83606.94,
            "Total Cost": 542440.93,
            "Plan Rows": 1,
            "Plan Width": 19,
            "Actual Startup Time": 1288.558,
            "Actual Total Time": 4892.904,
            "Actual Rows": 1118,
            "Actual Loops": 3,
            "Inner Unique": false,
            "Hash Cond": "(ci.person_id = n.id)",
            "Plans": [
              {
                "Node Type": "Seq Scan",
                "Parent Relationship": "Outer",
                "Parallel Aware": true,
                "Relation Name": "cast_info",
                "Alias": "ci",
                "Startup Cost": 0.0,
                "Total Cost": 402615.6,
                "Plan Rows": 14991560,
                "Plan Width": 8,
                "Actual Startup Time": 0.044,
                "Actual Total Time": 2127.513,
                "Actual Rows": 12081448,
                "Actual Loops": 3
              },
              {
                "Node Type": "Hash",
                "Parent Relationship": "Inner",
                "Parallel Aware": true,
                "Startup Cost": 83606.93,
                "Total Cost": 83606.93,
                "Plan Rows": 1,
                "Plan Width": 27,
                "Actual Startup Time": 453.097,
                "Actual Total Time": 453.12,
                "Actual Rows": 7,
                "Actual Loops": 3,
                "Hash Buckets": 1024,
                "Original Hash Buckets": 1024,
                "Hash Batches": 1,
                "Original Hash Batches": 1,
                "Peak Memory Usage": 104,
                "Plans": [
                  {
                    "Node Type": "Nested Loop",
                    "Parent Relationship": "Outer",
                    "Parallel Aware": false,
                    "Join Type": "Inner",
                    "Startup Cost": 66480.79,
                    "Total Cost": 83606.93,
                    "Plan Rows": 1,
                    "Plan Width": 27,
                    "Actual Startup Time": 337.999,
                    "Actual Total Time": 453.009,
                    "Actual Rows": 7,
                    "Actual Loops": 3,
                    "Inner Unique": true,
                    "Plans": [
                      {
                        "Node Type": "Hash Join",
                        "Parent Relationship": "Outer",
                        "Parallel Aware": true,
                        "Join Type": "Inner",
                        "Startup Cost": 66480.36,
                        "Total Cost": 83606.03,
                        "Plan Rows": 1,
                        "Plan Width": 8,
                        "Actual Startup Time": 295.842,
                        "Actual Total Time": 451.433,
                        "Actual Rows": 33,
                        "Actual Loops": 3,
                        "Inner Unique": false,
                        "Hash Cond": "(an.person_id = pi.person_id)",
                        "Plans": [
                          {
                            "Node Type": "Seq Scan",
                            "Parent Relationship": "Outer",
                            "Parallel Aware": true,
                            "Relation Name": "aka_name",
                            "Alias": "an",
                            "Startup Cost": 0.0,
                            "Total Cost": 16115.91,
                            "Plan Rows": 269266,
                            "Plan Width": 4,
                            "Actual Startup Time": 0.061,
                            "Actual Total Time": 126.645,
                            "Actual Rows": 224897,
                            "Actual Loops": 3,
                            "Filter": "((name)::text ~~ '%a%'::text)",
                            "Rows Removed by Filter": 75550
                          },
                          {
                            "Node Type": "Hash",
                            "Parent Relationship": "Inner",
                            "Parallel Aware": true,
                            "Startup Cost": 66480.35,
                            "Total Cost": 66480.35,
                            "Plan Rows": 1,
                            "Plan Width": 4,
                            "Actual Startup Time": 292.159,
                            "Actual Total Time": 292.168,
                            "Actual Rows": 21,
                            "Actual Loops": 3,
                            "Hash Buckets": 1024,
                            "Original Hash Buckets": 1024,
                            "Hash Batches": 1,
                            "Original Hash Batches": 1,
                            "Peak Memory Usage": 104,
                            "Plans": [
                              {
                                "Node Type": "Hash Join",
                                "Parent Relationship": "Outer",
                                "Parallel Aware": false,
                                "Join Type": "Inner",
                                "Startup Cost": 2.43,
                                "Total Cost": 66480.35,
                                "Plan Rows": 1,
                                "Plan Width": 4,
                                "Actual Startup Time": 15.252,
                                "Actual Total Time": 292.058,
                                "Actual Rows": 21,
                                "Actual Loops": 3,
                                "Inner Unique": true,
                                "Hash Cond": "(pi.info_type_id = it.id)",
                                "Plans": [
                                  {
                                    "Node Type": "Seq Scan",
                                    "Parent Relationship": "Outer",
                                    "Parallel Aware": true,
                                    "Relation Name": "person_info",
                                    "Alias": "pi",
                                    "Startup Cost": 0.0,
                                    "Total Cost": 66477.9,
                                    "Plan Rows": 12,
                                    "Plan Width": 8,
                                    "Actual Startup Time": 15.131,
                                    "Actual Total Time": 291.839,
                                    "Actual Rows": 21,
                                    "Actual Loops": 3,
                                    "Filter": "((note)::text = 'Volker Boehm'::text)",
                                    "Rows Removed by Filter": 987867
                                  },
                                  {
                                    "Node Type": "Hash",
                                    "Parent Relationship": "Inner",
                                    "Parallel Aware": false,
                                    "Startup Cost": 2.41,
                                    "Total Cost": 2.41,
                                    "Plan Rows": 1,
                                    "Plan Width": 4,
                                    "Actual Startup Time": 0.078,
                                    "Actual Total Time": 0.082,
                                    "Actual Rows": 1,
                                    "Actual Loops": 3,
                                    "Hash Buckets": 1024,
                                    "Original Hash Buckets": 1024,
                                    "Hash Batches": 1,
                                    "Original Hash Batches": 1,
                                    "Peak Memory Usage": 9,
                                    "Plans": [
                                      {
                                        "Node Type": "Seq Scan",
                                        "Parent Relationship": "Outer",
                                        "Parallel Aware": false,
                                        "Relation Name": "info_type",
                                        "Alias": "it",
                                        "Startup Cost": 0.0,
                                        "Total Cost": 2.41,
                                        "Plan Rows": 1,
                                        "Plan Width": 4,
                                        "Actual Startup Time": 0.051,
                                        "Actual Total Time": 0.071,
                                        "Actual Rows": 1,
                                        "Actual Loops": 3,
                                        "Filter": "((info)::text = 'mini biography'::text)",
                                        "Rows Removed by Filter": 112
                                      }
                                    ]
                                  }
                                ]
                              }
                            ]
                          }
                        ]
                      },
                      {
                        "Node Type": "Index Scan",
                        "Parent Relationship": "Inner",
                        "Parallel Aware": false,
                        "Scan Direction": "Forward",
                        "Index Name": "name_pkey",
                        "Relation Name": "name",
                        "Alias": "n",
                        "Startup Cost": 0.43,
                        "Total Cost": 0.9,
                        "Plan Rows": 1,
                        "Plan Width": 19,
                        "Actual Startup Time": 0.045,
                        "Actual Total Time": 0.045,
                        "Actual Rows": 0,
                        "Actual Loops": 98,
                        "Index Cond": "(id = an.person_id)",
                        "Rows Removed by Index Recheck": 0,
                        "Filter": "(((name_pcode_cf)::text >= 'A'::text) AND ((name_pcode_cf)::text <= 'F'::text) AND (((gender)::text = 'm'::text) OR (((gender)::text = 'f'::text) AND ((name)::text ~~ 'B%'::text))))",
                        "Rows Removed by Filter": 1
                      }
                    ]
                  }
                ]
              }
            ]
          }
        ]
      },
      {
        "Node Type": "Hash Join",
        "Parent Relationship": "Inner",
        "Parallel Aware": false,
        "Join Type": "Inner",
        "Startup Cost": 18.93,
        "Total Cost": 561.1,
        "Plan Rows": 169,
        "Plan Width": 4,
        "Actual Startup Time": 0.056,
        "Actual Total Time": 12.983,
        "Actual Rows": 5186,
        "Actual Loops": 3354,
        "Inner Unique": true,
        "Hash Cond": "(ml.link_type_id = lt.id)",
        "Plans": [
          {
            "Node Type": "Seq Scan",
            "Parent Relationship": "Outer",
            "Parallel Aware": false,
            "Relation Name": "movie_link",
            "Alias": "ml",
            "Startup Cost": 0.0,
            "Total Cost": 462.97,
            "Plan Rows": 29997,
            "Plan Width": 8,
            "Actual Startup Time": 0.023,
            "Actual Total Time": 6.362,
            "Actual Rows": 29997,
            "Actual Loops": 3354
          },
          {
            "Node Type": "Hash",
            "Parent Relationship": "Inner",
            "Parallel Aware": false,
            "Startup Cost": 18.88,
            "Total Cost": 18.88,
            "Plan Rows": 4,
            "Plan Width": 4,
            "Actual Startup Time": 0.057,
            "Actual Total Time": 0.057,
            "Actual Rows": 1,
            "Actual Loops": 1,
            "Hash Buckets": 1024,
            "Original Hash Buckets": 1024,
            "Hash Batches": 1,
            "Original Hash Batches": 1,
            "Peak Memory Usage": 9,
            "Plans": [
              {
                "Node Type": "Seq Scan",
                "Parent Relationship": "Outer",
                "Parallel Aware": false,
                "Relation Name": "link_type",
                "Alias": "lt",
                "Startup Cost": 0.0,
                "Total Cost": 18.88,
                "Plan Rows": 4,
                "Plan Width": 4,
                "Actual Startup Time": 0.034,
                "Actual Total Time": 0.037,
                "Actual Rows": 1,
                "Actual Loops": 1,
                "Filter": "((link)::text = 'features'::text)",
                "Rows Removed by Filter": 17
              }
            ]
          }
        ]
      }
    ]
  }
}