{
  "Plan": {
    "Node Type": "Hash Join",
    "Parent Relationship": "Outer",
    "Parallel Aware": true,
    "Join Type": "Inner",
    "Startup Cost": 64552.18,
    "Total Cost": 523387.35,
    "Plan Rows": 296,
    "Plan Width": 126,
    "Actual Startup Time": 786.75,
    "Actual Total Time": 5847.04,
    "Actual Rows": 305764,
    "Actual Loops": 3,
    "Inner Unique": false,
    "Hash Cond": "(ci.person_id = n.id)",
    "Plans": [
      {
        "Node Type": "Seq Scan",
        "Parent Relationship": "Outer",
        "Parallel Aware": true,
        "Relation Name": "cast_info",
        "Alias": "ci",
        "Startup Cost": 0.0,
        "Total Cost": 402615.6,
        "Plan Rows": 14991560,
        "Plan Width": 8,
        "Actual Startup Time": 0.037,
        "Actual Total Time": 2146.52,
        "Actual Rows": 12081448,
        "Actual Loops": 3
      },
      {
        "Node Type": "Hash",
        "Parent Relationship": "Inner",
        "Parallel Aware": true,
        "Startup Cost": 64551.76,
        "Total Cost": 64551.76,
        "Plan Rows": 34,
        "Plan Width": 118,
        "Actual Startup Time": 786.613,
        "Actual Total Time": 786.628,
        "Actual Rows": 4354,
        "Actual Loops": 3,
        "Hash Buckets": 16384,
        "Original Hash Buckets": 1024,
        "Hash Batches": 1,
        "Original Hash Batches": 1,
        "Peak Memory Usage": 11384,
        "Plans": [
          {
            "Node Type": "Nested Loop",
            "Parent Relationship": "Outer",
            "Parallel Aware": false,
            "Join Type": "Inner",
            "Startup Cost": 2.86,
            "Total Cost": 64551.76,
            "Plan Rows": 34,
            "Plan Width": 118,
            "Actual Startup Time": 0.372,
            "Actual Total Time": 770.409,
            "Actual Rows": 4354,
            "Actual Loops": 3,
            "Inner Unique": true,
            "Plans": [
              {
                "Node Type": "Hash Join",
                "Parent Relationship": "Outer",
                "Parallel Aware": false,
                "Join Type": "Inner",
                "Startup Cost": 2.43,
                "Total Cost": 63488.83,
                "Plan Rows": 305,
                "Plan Width": 99,
                "Actual Startup Time": 0.149,
                "Actual Total Time": 334.83,
                "Actual Rows": 28061,
                "Actual Loops": 3,
                "Inner Unique": true,
                "Hash Cond": "(pi.info_type_id = it.id)",
                "Plans": [
                  {
                    "Node Type": "Seq Scan",
                    "Parent Relationship": "Outer",
                    "Parallel Aware": true,
                    "Relation Name": "person_info",
                    "Alias": "pi",
                    "Startup Cost": 0.0,
                    "Total Cost": 63392.52,
                    "Plan Rows": 34474,
                    "Plan Width": 103,
                    "Actual Startup Time": 0.056,
                    "Actual Total Time": 319.823,
                    "Actual Rows": 28061,
                    "Actual Loops": 3,
                    "Filter": "(note IS NOT NULL)",
                    "Rows Removed by Filter": 959827
                  },
                  {
                    "Node Type": "Hash",
                    "Parent Relationship": "Inner",
                    "Parallel Aware": false,
                    "Startup Cost": 2.41,
                    "Total Cost": 2.41,
                    "Plan Rows": 1,
                    "Plan Width": 4,
                    "Actual Startup Time": 0.064,
                    "Actual Total Time": 0.067,
                    "Actual Rows": 1,
                    "Actual Loops": 3,
                    "Hash Buckets": 1024,
                    "Original Hash Buckets": 1024,
                    "Hash Batches": 1,
                    "Original Hash Batches": 1,
                    "Peak Memory Usage": 9,
                    "Plans": [
                      {
                        "Node Type": "Seq Scan",
                        "Parent Relationship": "Outer",
                        "Parallel Aware": false,
                        "Relation Name": "info_type",
                        "Alias": "it",
                        "Startup Cost": 0.0,
                        "Total Cost": 2.41,
                        "Plan Rows": 1,
                        "Plan Width": 4,
                        "Actual Startup Time": 0.032,
                        "Actual Total Time": 0.056,
                        "Actual Rows": 1,
                        "Actual Loops": 3,
                        "Filter": "((info)::text = 'mini biography'::text)",
                        "Rows Removed by Filter": 112
                      }
                    ]
                  }
                ]
              },
              {
                "Node Type": "Index Scan",
                "Parent Relationship": "Inner",
                "Parallel Aware": false,
                "Scan Direction": "Forward",
                "Index Name": "name_pkey",
                "Relation Name": "name",
                "Alias": "n",
                "Startup Cost": 0.43,
                "Total Cost": 3.49,
                "Plan Rows": 1,
                "Plan Width": 19,
                "Actual Startup Time": 0.015,
                "Actual Total Time": 0.015,
                "Actual Rows": 0,
                "Actual Loops": 84183,
                "Index Cond": "(id = pi.person_id)",
                "Rows Removed by Index Recheck": 0,
                "Filter": "(((name_pcode_cf)::text >= 'A'::text) AND ((name_pcode_cf)::text <= 'F'::text) AND (((gender)::text = 'm'::text) OR (((gender)::text = 'f'::text) AND ((name)::text ~~ 'A%'::text))))",
                "Rows Removed by Filter": 1
              }
            ]
          }
        ]
      }
    ]
  }
}