{
  "Plan": {
    "Node Type": "Hash Join",
    "Parent Relationship": "Outer",
    "Parallel Aware": true,
    "Join Type": "Inner",
    "Startup Cost": 45301.01,
    "Total Cost": 485595.62,
    "Plan Rows": 15,
    "Plan Width": 16,
    "Actual Startup Time": 993.194,
    "Actual Total Time": 2905.478,
    "Actual Rows": 2511,
    "Actual Loops": 3,
    "Inner Unique": false,
    "Hash Cond": "(ci.movie_id = mc.movie_id)",
    "Plans": [
      {
        "Node Type": "Hash Join",
        "Parent Relationship": "Outer",
        "Parallel Aware": false,
        "Join Type": "Inner",
        "Startup Cost": 18.93,
        "Total Cost": 440311.37,
        "Plan Rows": 422,
        "Plan Width": 8,
        "Actual Startup Time": 678.858,
        "Actual Total Time": 2586.469,
        "Actual Rows": 11616,
        "Actual Loops": 3,
        "Inner Unique": true,
        "Hash Cond": "(ci.role_id = rt.id)",
        "Plans": [
          {
            "Node Type": "Seq Scan",
            "Parent Relationship": "Outer",
            "Parallel Aware": true,
            "Relation Name": "cast_info",
            "Alias": "ci",
            "Startup Cost": 0.0,
            "Total Cost": 440094.5,
            "Plan Rows": 74958,
            "Plan Width": 12,
            "Actual Startup Time": 1.148,
            "Actual Total Time": 2577.3,
            "Actual Rows": 31032,
            "Actual Loops": 3,
            "Filter": "((note)::text = '(voice: English version)'::text)",
            "Rows Removed by Filter": 12050416
          },
          {
            "Node Type": "Hash",
            "Parent Relationship": "Inner",
            "Parallel Aware": false,
            "Startup Cost": 18.88,
            "Total Cost": 18.88,
            "Plan Rows": 4,
            "Plan Width": 4,
            "Actual Startup Time": 0.033,
            "Actual Total Time": 0.035,
            "Actual Rows": 1,
            "Actual Loops": 3,
            "Hash Buckets": 1024,
            "Original Hash Buckets": 1024,
            "Hash Batches": 1,
            "Original Hash Batches": 1,
            "Peak Memory Usage": 9,
            "Plans": [
              {
                "Node Type": "Seq Scan",
                "Parent Relationship": "Outer",
                "Parallel Aware": false,
                "Relation Name": "role_type",
                "Alias": "rt",
                "Startup Cost": 0.0,
                "Total Cost": 18.88,
                "Plan Rows": 4,
                "Plan Width": 4,
                "Actual Startup Time": 0.025,
                "Actual Total Time": 0.028,
                "Actual Rows": 1,
                "Actual Loops": 3,
                "Filter": "((role)::text = 'actress'::text)",
                "Rows Removed by Filter": 11
              }
            ]
          }
        ]
      },
      {
        "Node Type": "Hash",
        "Parent Relationship": "Inner",
        "Parallel Aware": true,
        "Startup Cost": 45188.06,
        "Total Cost": 45188.06,
        "Plan Rows": 7522,
        "Plan Width": 8,
        "Actual Startup Time": 312.174,
        "Actual Total Time": 312.181,
        "Actual Rows": 16299,
        "Actual Loops": 3,
        "Hash Buckets": 65536,
        "Original Hash Buckets": 32768,
        "Hash Batches": 1,
        "Original Hash Batches": 1,
        "Peak Memory Usage": 2720,
        "Plans": [
          {
            "Node Type": "Seq Scan",
            "Parent Relationship": "Outer",
            "Parallel Aware": true,
            "Relation Name": "movie_companies",
            "Alias": "mc",
            "Startup Cost": 0.0,
            "Total Cost": 45188.06,
            "Plan Rows": 7522,
            "Plan Width": 8,
            "Actual Startup Time": 0.098,
            "Actual Total Time": 299.921,
            "Actual Rows": 16299,
            "Actual Loops": 3,
            "Filter": "(((note)::text ~~ '%(Japan)%'::text) AND ((note)::text !~~ '%(USA)%'::text))",
            "Rows Removed by Filter": 853411
          }
        ]
      }
    ]
  }
}