{
  "Plan": {
    "Node Type": "Nested Loop",
    "Parent Relationship": "Outer",
    "Parallel Aware": false,
    "Join Type": "Inner",
    "Startup Cost": 485615.93,
    "Total Cost": 502203.39,
    "Plan Rows": 1,
    "Plan Width": 33,
    "Actual Startup Time": 3161.037,
    "Actual Total Time": 3220.481,
    "Actual Rows": 21,
    "Actual Loops": 3,
    "Inner Unique": true,
    "Plans": [
      {
        "Node Type": "Nested Loop",
        "Parent Relationship": "Outer",
        "Parallel Aware": false,
        "Join Type": "Inner",
        "Startup Cost": 485615.5,
        "Total Cost": 502201.95,
        "Plan Rows": 1,
        "Plan Width": 24,
        "Actual Startup Time": 3160.874,
        "Actual Total Time": 3220.068,
        "Actual Rows": 21,
        "Actual Loops": 3,
        "Inner Unique": true,
        "Plans": [
          {
            "Node Type": "Hash Join",
            "Parent Relationship": "Outer",
            "Parallel Aware": true,
            "Join Type": "Inner",
            "Startup Cost": 485615.07,
            "Total Cost": 502201.18,
            "Plan Rows": 1,
            "Plan Width": 32,
            "Actual Startup Time": 3044.446,
            "Actual Total Time": 3193.461,
            "Actual Rows": 5793,
            "Actual Loops": 3,
            "Inner Unique": false,
            "Hash Cond": "(an1.person_id = ci.person_id)",
            "Plans": [
              {
                "Node Type": "Seq Scan",
                "Parent Relationship": "Outer",
                "Parallel Aware": true,
                "Relation Name": "aka_name",
                "Alias": "an1",
                "Startup Cost": 0.0,
                "Total Cost": 15175.53,
                "Plan Rows": 376153,
                "Plan Width": 20,
                "Actual Startup Time": 0.073,
                "Actual Total Time": 72.206,
                "Actual Rows": 300448,
                "Actual Loops": 3
              },
              {
                "Node Type": "Hash",
                "Parent Relationship": "Inner",
                "Parallel Aware": true,
                "Startup Cost": 485615.05,
                "Total Cost": 485615.05,
                "Plan Rows": 1,
                "Plan Width": 12,
                "Actual Startup Time": 3042.406,
                "Actual Total Time": 3042.442,
                "Actual Rows": 2479,
                "Actual Loops": 3,
                "Hash Buckets": 8192,
                "Original Hash Buckets": 1024,
                "Hash Batches": 1,
                "Original Hash Batches": 1,
                "Peak Memory Usage": 504,
                "Plans": [
                  {
                    "Node Type": "Nested Loop",
                    "Parent Relationship": "Outer",
                    "Parallel Aware": false,
                    "Join Type": "Inner",
                    "Startup Cost": 45301.43,
                    "Total Cost": 485615.05,
                    "Plan Rows": 1,
                    "Plan Width": 12,
                    "Actual Startup Time": 993.346,
                    "Actual Total Time": 2923.552,
                    "Actual Rows": 2479,
                    "Actual Loops": 3,
                    "Inner Unique": true,
                    "Plans": [
                      {
                        "Node Type": "Hash Join",
                        "Parent Relationship": "Outer",
                        "Parallel Aware": true,
                        "Join Type": "Inner",
                        "Startup Cost": 45301.01,
                        "Total Cost": 485595.62,
                        "Plan Rows": 15,
                        "Plan Width": 16,
                        "Actual Startup Time": 993.194,
                        "Actual Total Time": 2905.478,
                        "Actual Rows": 2511,
                        "Actual Loops": 3,
                        "Inner Unique": false,
                        "Hash Cond": "(ci.movie_id = mc.movie_id)",
                        "Plans": [
                          {
                            "Node Type": "Hash Join",
                            "Parent Relationship": "Outer",
                            "Parallel Aware": false,
                            "Join Type": "Inner",
                            "Startup Cost": 18.93,
                            "Total Cost": 440311.37,
                            "Plan Rows": 422,
                            "Plan Width": 8,
                            "Actual Startup Time": 678.858,
                            "Actual Total Time": 2586.469,
                            "Actual Rows": 11616,
                            "Actual Loops": 3,
                            "Inner Unique": true,
                            "Hash Cond": "(ci.role_id = rt.id)",
                            "Plans": [
                              {
                                "Node Type": "Seq Scan",
                                "Parent Relationship": "Outer",
                                "Parallel Aware": true,
                                "Relation Name": "cast_info",
                                "Alias": "ci",
                                "Startup Cost": 0.0,
                                "Total Cost": 440094.5,
                                "Plan Rows": 74958,
                                "Plan Width": 12,
                                "Actual Startup Time": 1.148,
                                "Actual Total Time": 2577.3,
                                "Actual Rows": 31032,
                                "Actual Loops": 3,
                                "Filter": "((note)::text = '(voice: English version)'::text)",
                                "Rows Removed by Filter": 12050416
                              },
                              {
                                "Node Type": "Hash",
                                "Parent Relationship": "Inner",
                                "Parallel Aware": false,
                                "Startup Cost": 18.88,
                                "Total Cost": 18.88,
                                "Plan Rows": 4,
                                "Plan Width": 4,
                                "Actual Startup Time": 0.033,
                                "Actual Total Time": 0.035,
                                "Actual Rows": 1,
                                "Actual Loops": 3,
                                "Hash Buckets": 1024,
                                "Original Hash Buckets": 1024,
                                "Hash Batches": 1,
                                "Original Hash Batches": 1,
                                "Peak Memory Usage": 9,
                                "Plans": [
                                  {
                                    "Node Type": "Seq Scan",
                                    "Parent Relationship": "Outer",
                                    "Parallel Aware": false,
                                    "Relation Name": "role_type",
                                    "Alias": "rt",
                                    "Startup Cost": 0.0,
                                    "Total Cost": 18.88,
                                    "Plan Rows": 4,
                                    "Plan Width": 4,
                                    "Actual Startup Time": 0.025,
                                    "Actual Total Time": 0.028,
                                    "Actual Rows": 1,
                                    "Actual Loops": 3,
                                    "Filter": "((role)::text = 'actress'::text)",
                                    "Rows Removed by Filter": 11
                                  }
                                ]
                              }
                            ]
                          },
                          {
                            "Node Type": "Hash",
                            "Parent Relationship": "Inner",
                            "Parallel Aware": true,
                            "Startup Cost": 45188.06,
                            "Total Cost": 45188.06,
                            "Plan Rows": 7522,
                            "Plan Width": 8,
                            "Actual Startup Time": 312.174,
                            "Actual Total Time": 312.181,
                            "Actual Rows": 16299,
                            "Actual Loops": 3,
                            "Hash Buckets": 65536,
                            "Original Hash Buckets": 32768,
                            "Hash Batches": 1,
                            "Original Hash Batches": 1,
                            "Peak Memory Usage": 2720,
                            "Plans": [
                              {
                                "Node Type": "Seq Scan",
                                "Parent Relationship": "Outer",
                                "Parallel Aware": true,
                                "Relation Name": "movie_companies",
                                "Alias": "mc",
                                "Startup Cost": 0.0,
                                "Total Cost": 45188.06,
                                "Plan Rows": 7522,
                                "Plan Width": 8,
                                "Actual Startup Time": 0.098,
                                "Actual Total Time": 299.921,
                                "Actual Rows": 16299,
                                "Actual Loops": 3,
                                "Filter": "(((note)::text ~~ '%(Japan)%'::text) AND ((note)::text !~~ '%(USA)%'::text))",
                                "Rows Removed by Filter": 853411
                              }
                            ]
                          }
                        ]
                      },
                      {
                        "Node Type": "Index Scan",
                        "Parent Relationship": "Inner",
                        "Parallel Aware": false,
                        "Scan Direction": "Forward",
                        "Index Name": "company_name_pkey",
                        "Relation Name": "company_name",
                        "Alias": "cn",
                        "Startup Cost": 0.42,
                        "Total Cost": 1.3,
                        "Plan Rows": 1,
                        "Plan Width": 4,
                        "Actual Startup Time": 0.006,
                        "Actual Total Time": 0.006,
                        "Actual Rows": 1,
                        "Actual Loops": 7532,
                        "Index Cond": "(id = mc.company_id)",
                        "Rows Removed by Index Recheck": 0,
                        "Filter": "((country_code)::text = '[jp]'::text)",
                        "Rows Removed by Filter": 0
                      }
                    ]
                  }
                ]
              }
            ]
          },
          {
            "Node Type": "Index Scan",
            "Parent Relationship": "Inner",
            "Parallel Aware": false,
            "Scan Direction": "Forward",
            "Index Name": "name_pkey",
            "Relation Name": "name",
            "Alias": "n1",
            "Startup Cost": 0.43,
            "Total Cost": 0.77,
            "Plan Rows": 1,
            "Plan Width": 4,
            "Actual Startup Time": 0.004,
            "Actual Total Time": 0.004,
            "Actual Rows": 0,
            "Actual Loops": 17379,
            "Index Cond": "(id = an1.person_id)",
            "Rows Removed by Index Recheck": 0,
            "Filter": "(((name)::text ~~ '%Yo%'::text) AND ((name)::text !~~ '%Yu%'::text))",
            "Rows Removed by Filter": 1
          }
        ]
      },
      {
        "Node Type": "Index Scan",
        "Parent Relationship": "Inner",
        "Parallel Aware": false,
        "Scan Direction": "Forward",
        "Index Name": "title_pkey",
        "Relation Name": "title",
        "Alias": "t",
        "Startup Cost": 0.43,
        "Total Cost": 1.45,
        "Plan Rows": 1,
        "Plan Width": 21,
        "Actual Startup Time": 0.016,
        "Actual Total Time": 0.016,
        "Actual Rows": 1,
        "Actual Loops": 62,
        "Index Cond": "(id = ci.movie_id)",
        "Rows Removed by Index Recheck": 0
      }
    ]
  }
}