{
  "Plan": {
    "Node Type": "Nested Loop",
    "Parent Relationship": "Outer",
    "Parallel Aware": false,
    "Join Type": "Inner",
    "Startup Cost": 50647.45,
    "Total Cost": 490948.24,
    "Plan Rows": 1,
    "Plan Width": 12,
    "Actual Startup Time": 1053.242,
    "Actual Total Time": 2977.253,
    "Actual Rows": 358,
    "Actual Loops": 3,
    "Inner Unique": true,
    "Plans": [
      {
        "Node Type": "Hash Join",
        "Parent Relationship": "Outer",
        "Parallel Aware": true,
        "Join Type": "Inner",
        "Startup Cost": 50647.03,
        "Total Cost": 490941.59,
        "Plan Rows": 1,
        "Plan Width": 16,
        "Actual Startup Time": 1053.129,
        "Actual Total Time": 2973.086,
        "Actual Rows": 360,
        "Actual Loops": 3,
        "Inner Unique": false,
        "Hash Cond": "(ci.movie_id = mc.movie_id)",
        "Plans": [
          {
            "Node Type": "Hash Join",
            "Parent Relationship": "Outer",
            "Parallel Aware": false,
            "Join Type": "Inner",
            "Startup Cost": 18.93,
            "Total Cost": 440311.37,
            "Plan Rows": 422,
            "Plan Width": 8,
            "Actual Startup Time": 682.586,
            "Actual Total Time": 2602.591,
            "Actual Rows": 11616,
            "Actual Loops": 3,
            "Inner Unique": true,
            "Hash Cond": "(ci.role_id = rt.id)",
            "Plans": [
              {
                "Node Type": "Seq Scan",
                "Parent Relationship": "Outer",
                "Parallel Aware": true,
                "Relation Name": "cast_info",
                "Alias": "ci",
                "Startup Cost": 0.0,
                "Total Cost": 440094.5,
                "Plan Rows": 74958,
                "Plan Width": 12,
                "Actual Startup Time": 0.753,
                "Actual Total Time": 2593.513,
                "Actual Rows": 31032,
                "Actual Loops": 3,
                "Filter": "((note)::text = '(voice: English version)'::text)",
                "Rows Removed by Filter": 12050416
              },
              {
                "Node Type": "Hash",
                "Parent Relationship": "Inner",
                "Parallel Aware": false,
                "Startup Cost": 18.88,
                "Total Cost": 18.88,
                "Plan Rows": 4,
                "Plan Width": 4,
                "Actual Startup Time": 0.036,
                "Actual Total Time": 0.038,
                "Actual Rows": 1,
                "Actual Loops": 3,
                "Hash Buckets": 1024,
                "Original Hash Buckets": 1024,
                "Hash Batches": 1,
                "Original Hash Batches": 1,
                "Peak Memory Usage": 9,
                "Plans": [
                  {
                    "Node Type": "Seq Scan",
                    "Parent Relationship": "Outer",
                    "Parallel Aware": false,
                    "Relation Name": "role_type",
                    "Alias": "rt",
                    "Startup Cost": 0.0,
                    "Total Cost": 18.88,
                    "Plan Rows": 4,
                    "Plan Width": 4,
                    "Actual Startup Time": 0.023,
                    "Actual Total Time": 0.026,
                    "Actual Rows": 1,
                    "Actual Loops": 3,
                    "Filter": "((role)::text = 'actress'::text)",
                    "Rows Removed by Filter": 11
                  }
                ]
              }
            ]
          },
          {
            "Node Type": "Hash",
            "Parent Relationship": "Inner",
            "Parallel Aware": true,
            "Startup Cost": 50623.74,
            "Total Cost": 50623.74,
            "Plan Rows": 349,
            "Plan Width": 8,
            "Actual Startup Time": 365.311,
            "Actual Total Time": 365.312,
            "Actual Rows": 2856,
            "Actual Loops": 3,
            "Hash Buckets": 8192,
            "Original Hash Buckets": 1024,
            "Hash Batches": 1,
            "Original Hash Batches": 1,
            "Peak Memory Usage": 472,
            "Plans": [
              {
                "Node Type": "Seq Scan",
                "Parent Relationship": "Outer",
                "Parallel Aware": true,
                "Relation Name": "movie_companies",
                "Alias": "mc",
                "Startup Cost": 0.0,
                "Total Cost": 50623.74,
                "Plan Rows": 349,
                "Plan Width": 8,
                "Actual Startup Time": 0.35,
                "Actual Total Time": 304.084,
                "Actual Rows": 2856,
                "Actual Loops": 3,
                "Filter": "(((note)::text ~~ '%(Japan)%'::text) AND ((note)::text !~~ '%(USA)%'::text) AND (((note)::text ~~ '%(2006)%'::text) OR ((note)::text ~~ '%(2007)%'::text)))",
                "Rows Removed by Filter": 866853
              }
            ]
          }
        ]
      },
      {
        "Node Type": "Index Scan",
        "Parent Relationship": "Inner",
        "Parallel Aware": false,
        "Scan Direction": "Forward",
        "Index Name": "company_name_pkey",
        "Relation Name": "company_name",
        "Alias": "cn",
        "Startup Cost": 0.42,
        "Total Cost": 6.64,
        "Plan Rows": 1,
        "Plan Width": 4,
        "Actual Startup Time": 0.009,
        "Actual Total Time": 0.009,
        "Actual Rows": 1,
        "Actual Loops": 1079,
        "Index Cond": "(id = mc.company_id)",
        "Rows Removed by Index Recheck": 0,
        "Filter": "((country_code)::text = '[jp]'::text)",
        "Rows Removed by Filter": 0
      }
    ]
  }
}