[                                                                                                                                                                   
   {                                                                                                                                                                 
     "Plan": {                                                                                                                                                       
       "Node Type": "Aggregate",                                                                                                                                     
       "Strategy": "Plain",                                                                                                                                          
       "Partial Mode": "Simple",                                                                                                                                     
       "Parallel Aware": false,                                                                                                                                      
       "Startup Cost": 93293.36,                                                                                                                                     
       "Total Cost": 93293.37,                                                                                                                                       
       "Plan Rows": 1,                                                                                                                                               
       "Plan Width": 96,                                                                                                                                             
       "Actual Startup Time": 1289.594,                                                                                                                              
       "Actual Total Time": 1293.375,                                                                                                                                
       "Actual Rows": 1,                                                                                                                                             
       "Actual Loops": 1,                                                                                                                                            
       "Plans": [                                                                                                                                                    
         {                                                                                                                                                           
           "Node Type": "Nested Loop",                                                                                                                               
           "Parent Relationship": "Outer",                                                                                                                           
           "Parallel Aware": false,                                                                                                                                  
           "Join Type": "Inner",                                                                                                                                     
           "Startup Cost": 42920.60,                                                                                                                                 
           "Total Cost": 93293.35,                                                                                                                                   
           "Plan Rows": 1,                                                                                                                                           
           "Plan Width": 131,                                                                                                                                        
           "Actual Startup Time": 903.155,                                                                                                                           
           "Actual Total Time": 1292.976,                                                                                                                            
           "Actual Rows": 310,                                                                                                                                       
           "Actual Loops": 1,                                                                                                                                        
           "Inner Unique": true,                                                                                                                                     
           "Join Filter": "(ml.movie_id = t.id)",                                                                                                                    
           "Rows Removed by Join Filter": 0,                                                                                                                         
           "Plans": [                                                                                                                                                
             {                                                                                                                                                       
               "Node Type": "Nested Loop",                                                                                                                           
               "Parent Relationship": "Outer",                                                                                                                       
               "Parallel Aware": false,                                                                                                                              
               "Join Type": "Inner",                                                                                                                                 
               "Startup Cost": 42920.17,                                                                                                                             
               "Total Cost": 93292.84,                                                                                                                               
               "Plan Rows": 1,                                                                                                                                       
               "Plan Width": 126,                                                                                                                                    
               "Actual Startup Time": 903.107,                                                                                                                       
               "Actual Total Time": 1291.167,                                                                                                                        
               "Actual Rows": 402,                                                                                                                                   
               "Actual Loops": 1,                                                                                                                                    
               "Inner Unique": true,                                                                                                                                 
               "Plans": [                                                                                                                                            
                 {                                                                                                                                                   
                   "Node Type": "Gather",                                                                                                                            
                   "Parent Relationship": "Outer",                                                                                                                   
                   "Parallel Aware": false,                                                                                                                          
                   "Startup Cost": 42919.75,                                                                                                                         
                   "Total Cost": 93292.40,                                                                                                                           
                   "Plan Rows": 1,                                                                                                                                   
                   "Plan Width": 130,                                                                                                                                
                   "Actual Startup Time": 900.726,                                                                                                                   
                   "Actual Total Time": 1260.058,                                                                                                                    
                   "Actual Rows": 8713,                                                                                                                              
                   "Actual Loops": 1,                                                                                                                                
                   "Workers Planned": 2,                                                                                                                             
                   "Workers Launched": 2,                                                                                                                            
                   "Single Copy": false,                                                                                                                             
                   "Plans": [                                                                                                                                        
                     {                                                                                                                                               
                       "Node Type": "Hash Join",                                                                                                                     
                       "Parent Relationship": "Outer",                                                                                                               
                       "Parallel Aware": true,                                                                                                                       
                       "Join Type": "Inner",                                                                                                                         
                       "Startup Cost": 41919.75,                                                                                                                     
                       "Total Cost": 92292.30,                                                                                                                       
                       "Plan Rows": 1,                                                                                                                               
                       "Plan Width": 130,                                                                                                                            
                       "Actual Startup Time": 894.492,                                                                                                               
                       "Actual Total Time": 1254.342,                                                                                                                
                       "Actual Rows": 2904,                                                                                                                          
                       "Actual Loops": 3,                                                                                                                            
                       "Inner Unique": false,                                                                                                                        
                       "Hash Cond": "(mk.movie_id = ml.movie_id)",                                                                                                   
                       "Plans": [                                                                                                                                    
                         {                                                                                                                                           
                           "Node Type": "Seq Scan",                                                                                                                  
                           "Parent Relationship": "Outer",                                                                                                           
                           "Parallel Aware": true,                                                                                                                   
                           "Relation Name": "movie_keyword",                                                                                                         
                           "Alias": "mk",                                                                                                                            
                           "Startup Cost": 0.00,                                                                                                                     
                           "Total Cost": 43303.71,                                                                                                                   
                           "Plan Rows": 1884971,                                                                                                                     
                           "Plan Width": 8,                                                                                                                          
                           "Actual Startup Time": 0.062,                                                                                                             
                           "Actual Total Time": 277.468,                                                                                                             
                           "Actual Rows": 1507977,                                                                                                                   
                           "Actual Loops": 3                                                                                                                         
                         },                                                                                                                                          
                         {                                                                                                                                           
                           "Node Type": "Hash",                                                                                                                      
                           "Parent Relationship": "Inner",                                                                                                           
                           "Parallel Aware": true,                                                                                                                   
                           "Startup Cost": 41919.74,                                                                                                                 
                           "Total Cost": 41919.74,                                                                                                                   
                           "Plan Rows": 1,                                                                                                                           
                           "Plan Width": 122,                                                                                                                        
                           "Actual Startup Time": 667.475,                                                                                                           
                           "Actual Total Time": 667.507,                                                                                                             
                           "Actual Rows": 384,                                                                                                                       
                           "Actual Loops": 3,                                                                                                                        
                           "Hash Buckets": 1024,                                                                                                                     
                           "Original Hash Buckets": 1024,                                                                                                            
                           "Hash Batches": 1,                                                                                                                        
                           "Original Hash Batches": 1,                                                                                                               
                           "Peak Memory Usage": 136,                                                                                                                 
                           "Plans": [                                                                                                                                
                             {                                                                                                                                       
                               "Node Type": "Nested Loop",                                                                                                           
                               "Parent Relationship": "Outer",                                                                                                       
                               "Parallel Aware": false,                                                                                                              
                               "Join Type": "Inner",                                                                                                                 
                               "Startup Cost": 41918.91,                                                                                                             
                               "Total Cost": 41919.74,                                                                                                               
                               "Plan Rows": 1,                                                                                                                       
                               "Plan Width": 122,                                                                                                                    
                               "Actual Startup Time": 643.542,                                                                                                       
                               "Actual Total Time": 658.534,                                                                                                         
                               "Actual Rows": 384,                                                                                                                   
                               "Actual Loops": 3,                                                                                                                    
                               "Inner Unique": true,                                                                                                                 
                               "Plans": [                                                                                                                            
                                 {                                                                                                                                   
                                   "Node Type": "Merge Join",                                                                                                        
                                   "Parent Relationship": "Outer",                                                                                                   
                                   "Parallel Aware": false,                                                                                                          
                                   "Join Type": "Inner",                                                                                                             
                                   "Startup Cost": 41918.49,                                                                                                         
                                   "Total Cost": 41919.28,                                                                                                           
                                   "Plan Rows": 1,                                                                                                                   
                                   "Plan Width": 94,                                                                                                                 
                                   "Actual Startup Time": 642.581,                                                                                                   
                                   "Actual Total Time": 649.683,                                                                                                     
                                   "Actual Rows": 1464,                                                                                                              
                                   "Actual Loops": 3,                                                                                                                
                                   "Inner Unique": false,                                                                                                            
                                   "Merge Cond": "(mc.movie_id = ml.movie_id)",                                                                                      
                                   "Plans": [                                                                                                                        
                                     {                                                                                                                               
                                       "Node Type": "Sort",                                                                                                          
                                       "Parent Relationship": "Outer",                                                                                               
                                       "Parallel Aware": false,                                                                                                      
                                       "Startup Cost": 41356.29,                                                                                                     
                                       "Total Cost": 41363.81,                                                                                                       
                                       "Plan Rows": 3010,                                                                                                            
                                       "Plan Width": 8,                                                                                                              
                                       "Actual Startup Time": 628.317,                                                                                               
                                       "Actual Total Time": 632.048,                                                                                                 
                                       "Actual Rows": 15931,                                                                                                         
                                       "Actual Loops": 3,                                                                                                            
                                       "Sort Key": ["mc.movie_id"],                                                                                                  
                                       "Sort Method": "external merge",                                                                                              
                                       "Sort Space Used": 6896,                                                                                                      
                                       "Sort Space Type": "Disk",                                                                                                    
                                       "Workers": [                                                                                                                  
                                         {                                                                                                                           
                                           "Worker Number": 0,                                                                                                       
                                           "Sort Method": "external merge",                                                                                          
                                           "Sort Space Used": 7168,                                                                                                  
                                           "Sort Space Type": "Disk"                                                                                                 
                                         },                                                                                                                          
                                         {                                                                                                                           
                                           "Worker Number": 1,                                                                                                       
                                           "Sort Method": "external merge",                                                                                          
                                           "Sort Space Used": 7104,                                                                                                  
                                           "Sort Space Type": "Disk"                                                                                                 
                                         }                                                                                                                           
                                       ],                                                                                                                            
                                       "Plans": [                                                                                                                    
                                         {                                                                                                                           
                                           "Node Type": "Hash Join",                                                                                                 
                                           "Parent Relationship": "Outer",                                                                                           
                                           "Parallel Aware": false,                                                                                                  
                                           "Join Type": "Inner",                                                                                                     
                                           "Startup Cost": 18.93,                                                                                                    
                                           "Total Cost": 41182.38,                                                                                                   
                                           "Plan Rows": 3010,                                                                                                        
                                           "Plan Width": 8,                                                                                                          
                                           "Actual Startup Time": 94.525,                                                                                            
                                           "Actual Total Time": 374.313,                                                                                             
                                           "Actual Rows": 397976,                                                                                                    
                                           "Actual Loops": 3,                                                                                                        
                                           "Inner Unique": true,                                                                                                     
                                           "Hash Cond": "(mc.company_type_id = ct.id)",                                                                              
                                           "Plans": [                                                                                                                
                                             {                                                                                                                       
                                               "Node Type": "Seq Scan",                                                                                              
                                               "Parent Relationship": "Outer",                                                                                       
                                               "Parallel Aware": true,                                                                                               
                                               "Relation Name": "movie_companies",                                                                                   
                                               "Alias": "mc",                                                                                                        
                                               "Startup Cost": 0.00,                                                                                                 
                                               "Total Cost": 39752.37,                                                                                               
                                               "Plan Rows": 534364,                                                                                                  
                                               "Plan Width": 12,                                                                                                     
                                               "Actual Startup Time": 0.045,                                                                                         
                                               "Actual Total Time": 239.475,                                                                                         
                                               "Actual Rows": 423996,                                                                                                
                                               "Actual Loops": 3,                                                                                                    
                                               "Filter": "(note IS NULL)",                                                                                           
                                               "Rows Removed by Filter": 445713                                                                                      
                                             },                                                                                                                      
                                             {                                                                                                                       
                                               "Node Type": "Hash",                                                                                                  
                                               "Parent Relationship": "Inner",                                                                                       
                                               "Parallel Aware": false,                                                                                              
                                               "Startup Cost": 18.88,                                                                                                
                                               "Total Cost": 18.88,                                                                                                  
                                               "Plan Rows": 4,                                                                                                       
                                               "Plan Width": 4,                                                                                                      
                                               "Actual Startup Time": 0.034,                                                                                         
                                               "Actual Total Time": 0.036,                                                                                           
                                               "Actual Rows": 1,                                                                                                     
                                               "Actual Loops": 3,                                                                                                    
                                               "Hash Buckets": 1024,                                                                                                 
                                               "Original Hash Buckets": 1024,                                                                                        
                                               "Hash Batches": 1,                                                                                                    
                                               "Original Hash Batches": 1,                                                                                           
                                               "Peak Memory Usage": 9,                                                                                               
                                               "Plans": [                                                                                                            
                                                 {                                                                                                                   
                                                   "Node Type": "Seq Scan",                                                                                          
                                                   "Parent Relationship": "Outer",                                                                                   
                                                   "Parallel Aware": false,                                                                                          
                                                   "Relation Name": "company_type",                                                                                  
                                                   "Alias": "ct",                                                                                                    
                                                   "Startup Cost": 0.00,                                                                                             
                                                   "Total Cost": 18.88,                                                                                              
                                                   "Plan Rows": 4,                                                                                                   
                                                   "Plan Width": 4,                                                                                                  
                                                   "Actual Startup Time": 0.025,                                                                                     
                                                   "Actual Total Time": 0.027,                                                                                       
                                                   "Actual Rows": 1,                                                                                                 
                                                   "Actual Loops": 3,                                                                                                
                                                   "Filter": "((kind)::text = 'production companies'::text)",                                                        
                                                   "Rows Removed by Filter": 3                                                                                       
                                                 }                                                                                                                   
                                               ]                                                                                                                     
                                             }                                                                                                                       
                                           ]                                                                                                                         
                                         }                                                                                                                           
                                       ]                                                                                                                             
                                     },                                                                                                                              
                                     {                                                                                                                               
                                       "Node Type": "Sort",                                                                                                          
                                       "Parent Relationship": "Inner",                                                                                               
                                       "Parallel Aware": false,                                                                                                      
                                       "Startup Cost": 562.20,                                                                                                       
                                       "Total Cost": 562.30,                                                                                                         
                                       "Plan Rows": 42,                                                                                                              
                                       "Plan Width": 86,                                                                                                             
                                       "Actual Startup Time": 14.216,                                                                                                
                                       "Actual Total Time": 14.618,                                                                                                  
                                       "Actual Rows": 3134,                                                                                                          
                                       "Actual Loops": 3,                                                                                                            
                                       "Sort Key": ["ml.movie_id"],                                                                                                  
                                       "Sort Method": "quicksort",                                                                                                   
                                       "Sort Space Used": 205,                                                                                                       
                                       "Sort Space Type": "Memory",                                                                                                  
                                       "Workers": [                                                                                                                  
                                         {                                                                                                                           
                                           "Worker Number": 0,                                                                                                       
                                           "Sort Method": "quicksort",                                                                                               
                                           "Sort Space Used": 205,                                                                                                   
                                           "Sort Space Type": "Memory"                                                                                               
                                         },                                                                                                                          
                                         {                                                                                                                           
                                           "Worker Number": 1,                                                                                                       
                                           "Sort Method": "quicksort",                                                                                               
                                           "Sort Space Used": 205,                                                                                                   
                                           "Sort Space Type": "Memory"                                                                                               
                                         }                                                                                                                           
                                       ],                                                                                                                            
                                       "Plans": [                                                                                                                    
                                         {                                                                                                                           
                                           "Node Type": "Hash Join",                                                                                                 
                                           "Parent Relationship": "Outer",                                                                                           
                                           "Parallel Aware": false,                                                                                                  
                                           "Join Type": "Inner",                                                                                                     
                                           "Startup Cost": 18.89,                                                                                                    
                                           "Total Cost": 561.07,                                                                                                     
                                           "Plan Rows": 42,                                                                                                          
                                           "Plan Width": 86,                                                                                                         
                                           "Actual Startup Time": 0.142,                                                                                             
                                           "Actual Total Time": 13.162,                                                                                              
                                           "Actual Rows": 2315,                                                                                                      
                                           "Actual Loops": 3,                                                                                                        
                                           "Inner Unique": true,                                                                                                     
                                           "Hash Cond": "(ml.link_type_id = lt.id)",                                                                                 
                                           "Plans": [                                                                                                                
                                             {                                                                                                                       
                                               "Node Type": "Seq Scan",                                                                                              
                                               "Parent Relationship": "Outer",                                                                                       
                                               "Parallel Aware": false,                                                                                              
                                               "Relation Name": "movie_link",                                                                                        
                                               "Alias": "ml",                                                                                                        
                                               "Startup Cost": 0.00,                                                                                                 
                                               "Total Cost": 462.97,                                                                                                 
                                               "Plan Rows": 29997,                                                                                                   
                                               "Plan Width": 8,                                                                                                      
                                               "Actual Startup Time": 0.066,                                                                                         
                                               "Actual Total Time": 6.931,                                                                                           
                                               "Actual Rows": 29997,                                                                                                 
                                               "Actual Loops": 3                                                                                                     
                                             },                                                                                                                      
                                             {                                                                                                                       
                                               "Node Type": "Hash",                                                                                                  
                                               "Parent Relationship": "Inner",                                                                                       
                                               "Parallel Aware": false,                                                                                              
                                               "Startup Cost": 18.88,                                                                                                
                                               "Total Cost": 18.88,                                                                                                  
                                               "Plan Rows": 1,                                                                                                       
                                               "Plan Width": 86,                                                                                                     
                                               "Actual Startup Time": 0.041,                                                                                         
                                               "Actual Total Time": 0.043,                                                                                           
                                               "Actual Rows": 2,                                                                                                     
                                               "Actual Loops": 3,                                                                                                    
                                               "Hash Buckets": 1024,                                                                                                 
                                               "Original Hash Buckets": 1024,                                                                                        
                                               "Hash Batches": 1,                                                                                                    
                                               "Original Hash Batches": 1,                                                                                           
                                               "Peak Memory Usage": 9,                                                                                               
                                               "Plans": [                                                                                                            
                                                 {                                                                                                                   
                                                   "Node Type": "Seq Scan",                                                                                          
                                                   "Parent Relationship": "Outer",                                                                                   
                                                   "Parallel Aware": false,                                                                                          
                                                   "Relation Name": "link_type",                                                                                     
                                                   "Alias": "lt",                                                                                                    
                                                   "Startup Cost": 0.00,                                                                                             
                                                   "Total Cost": 18.88,                                                                                              
                                                   "Plan Rows": 1,                                                                                                   
                                                   "Plan Width": 86,                                                                                                 
                                                   "Actual Startup Time": 0.028,                                                                                     
                                                   "Actual Total Time": 0.034,                                                                                       
                                                   "Actual Rows": 2,                                                                                                 
                                                   "Actual Loops": 3,                                                                                                
                                                   "Filter": "((link)::text ~~ '%follow%'::text)",                                                                   
                                                   "Rows Removed by Filter": 16                                                                                      
                                                 }                                                                                                                   
                                               ]                                                                                                                     
                                             }                                                                                                                       
                                           ]                                                                                                                         
                                         }                                                                                                                           
                                       ]                                                                                                                             
                                     }                                                                                                                               
                                   ]                                                                                                                                 
                                 },                                                                                                                                  
                                 {                                                                                                                                   
                                   "Node Type": "Index Scan",                                                                                                        
                                   "Parent Relationship": "Inner",                                                                                                   
                                   "Parallel Aware": false,                                                                                                          
                                   "Scan Direction": "Forward",                                                                                                      
                                   "Index Name": "company_name_pkey",                                                                                                
                                   "Relation Name": "company_name",                                                                                                  
                                   "Alias": "cn",                                                                                                                    
                                   "Startup Cost": 0.42,                                                                                                             
                                   "Total Cost": 0.46,                                                                                                               
                                   "Plan Rows": 1,                                                                                                                   
                                   "Plan Width": 36,                                                                                                                 
                                   "Actual Startup Time": 0.006,                                                                                                     
                                   "Actual Total Time": 0.006,                                                                                                       
                                   "Actual Rows": 0,                                                                                                                 
                                   "Actual Loops": 4393,                                                                                                             
                                   "Index Cond": "(id = mc.company_id)",                                                                                             
                                   "Rows Removed by Index Recheck": 0,                                                                                               
                                   "Filter": "(((country_code)::text <> '[pl]'::text) AND (((name)::text ~~ '%Film%'::text) OR ((name)::text ~~ '%Warner%'::text)))",
                                   "Rows Removed by Filter": 1                                                                                                       
                                 }                                                                                                                                   
                               ]                                                                                                                                     
                             }                                                                                                                                       
                           ]                                                                                                                                         
                         }                                                                                                                                           
                       ]                                                                                                                                             
                     }                                                                                                                                               
                   ]                                                                                                                                                 
                 },                                                                                                                                                  
                 {                                                                                                                                                   
                   "Node Type": "Index Scan",                                                                                                                        
                   "Parent Relationship": "Inner",                                                                                                                   
                   "Parallel Aware": false,                                                                                                                          
                   "Scan Direction": "Forward",                                                                                                                      
                   "Index Name": "keyword_pkey",                                                                                                                     
                   "Relation Name": "keyword",                                                                                                                       
                   "Alias": "k",                                                                                                                                     
                   "Startup Cost": 0.42,                                                                                                                             
                   "Total Cost": 0.44,                                                                                                                               
                   "Plan Rows": 1,                                                                                                                                   
                   "Plan Width": 4,                                                                                                                                  
                   "Actual Startup Time": 0.003,                                                                                                                     
                   "Actual Total Time": 0.003,                                                                                                                       
                   "Actual Rows": 0,                                                                                                                                 
                   "Actual Loops": 8713,                                                                                                                             
                   "Index Cond": "(id = mk.keyword_id)",                                                                                                             
                   "Rows Removed by Index Recheck": 0,                                                                                                               
                   "Filter": "((keyword)::text = 'sequel'::text)",                                                                                                   
                   "Rows Removed by Filter": 1                                                                                                                       
                 }                                                                                                                                                   
               ]                                                                                                                                                     
             },                                                                                                                                                      
             {                                                                                                                                                       
               "Node Type": "Index Scan",                                                                                                                            
               "Parent Relationship": "Inner",                                                                                                                       
               "Parallel Aware": false,                                                                                                                              
               "Scan Direction": "Forward",                                                                                                                          
               "Index Name": "title_pkey",                                                                                                                           
               "Relation Name": "title",                                                                                                                             
               "Alias": "t",                                                                                                                                         
               "Startup Cost": 0.43,                                                                                                                                 
               "Total Cost": 0.49,                                                                                                                                   
               "Plan Rows": 1,                                                                                                                                       
               "Plan Width": 21,                                                                                                                                     
               "Actual Startup Time": 0.004,                                                                                                                         
               "Actual Total Time": 0.004,                                                                                                                           
               "Actual Rows": 1,                                                                                                                                     
               "Actual Loops": 402,                                                                                                                                  
               "Index Cond": "(id = mk.movie_id)",                                                                                                                   
               "Rows Removed by Index Recheck": 0,                                                                                                                   
               "Filter": "((production_year >= 1950) AND (production_year <= 2000))",                                                                                
               "Rows Removed by Filter": 0                                                                                                                           
             }                                                                                                                                                       
           ]                                                                                                                                                         
         }                                                                                                                                                           
       ]                                                                                                                                                             
     },                                                                                                                                                              
     "Planning Time": 8.256,                                                                                                                                         
     "Triggers": [                                                                                                                                                   
     ],                                                                                                                                                              
     "Execution Time": 1296.629                                                                                                                                      
   }                                                                                                                                                                 
 ]
