[                                                                                                                                                                                                            
   {                                                                                                                                                                                                          
     "Plan": {                                                                                                                                                                                                
       "Node Type": "Aggregate",                                                                                                                                                                              
       "Strategy": "Plain",                                                                                                                                                                                   
       "Partial Mode": "Finalize",                                                                                                                                                                            
       "Parallel Aware": false,                                                                                                                                                                               
       "Startup Cost": 100432.79,                                                                                                                                                                             
       "Total Cost": 100432.80,                                                                                                                                                                               
       "Plan Rows": 1,                                                                                                                                                                                        
       "Plan Width": 96,                                                                                                                                                                                      
       "Actual Startup Time": 1001.930,                                                                                                                                                                       
       "Actual Total Time": 1006.498,                                                                                                                                                                         
       "Actual Rows": 1,                                                                                                                                                                                      
       "Actual Loops": 1,                                                                                                                                                                                     
       "Plans": [                                                                                                                                                                                             
         {                                                                                                                                                                                                    
           "Node Type": "Gather",                                                                                                                                                                             
           "Parent Relationship": "Outer",                                                                                                                                                                    
           "Parallel Aware": false,                                                                                                                                                                           
           "Startup Cost": 100432.57,                                                                                                                                                                         
           "Total Cost": 100432.78,                                                                                                                                                                           
           "Plan Rows": 2,                                                                                                                                                                                    
           "Plan Width": 96,                                                                                                                                                                                  
           "Actual Startup Time": 1001.551,                                                                                                                                                                   
           "Actual Total Time": 1006.460,                                                                                                                                                                     
           "Actual Rows": 3,                                                                                                                                                                                  
           "Actual Loops": 1,                                                                                                                                                                                 
           "Workers Planned": 2,                                                                                                                                                                              
           "Workers Launched": 2,                                                                                                                                                                             
           "Single Copy": false,                                                                                                                                                                              
           "Plans": [                                                                                                                                                                                         
             {                                                                                                                                                                                                
               "Node Type": "Aggregate",                                                                                                                                                                      
               "Strategy": "Plain",                                                                                                                                                                           
               "Partial Mode": "Partial",                                                                                                                                                                     
               "Parent Relationship": "Outer",                                                                                                                                                                
               "Parallel Aware": false,                                                                                                                                                                       
               "Startup Cost": 99432.57,                                                                                                                                                                      
               "Total Cost": 99432.58,                                                                                                                                                                        
               "Plan Rows": 1,                                                                                                                                                                                
               "Plan Width": 96,                                                                                                                                                                              
               "Actual Startup Time": 995.349,                                                                                                                                                                
               "Actual Total Time": 995.370,                                                                                                                                                                  
               "Actual Rows": 1,                                                                                                                                                                              
               "Actual Loops": 3,                                                                                                                                                                             
               "Plans": [                                                                                                                                                                                     
                 {                                                                                                                                                                                            
                   "Node Type": "Hash Join",                                                                                                                                                                  
                   "Parent Relationship": "Outer",                                                                                                                                                            
                   "Parallel Aware": false,                                                                                                                                                                   
                   "Join Type": "Inner",                                                                                                                                                                      
                   "Startup Cost": 50444.22,                                                                                                                                                                  
                   "Total Cost": 99431.05,                                                                                                                                                                    
                   "Plan Rows": 202,                                                                                                                                                                          
                   "Plan Width": 73,                                                                                                                                                                          
                   "Actual Startup Time": 636.348,                                                                                                                                                            
                   "Actual Total Time": 991.334,                                                                                                                                                              
                   "Actual Rows": 2315,                                                                                                                                                                       
                   "Actual Loops": 3,                                                                                                                                                                         
                   "Inner Unique": true,                                                                                                                                                                      
                   "Hash Cond": "(ml.link_type_id = lt.id)",                                                                                                                                                  
                   "Plans": [                                                                                                                                                                                 
                     {                                                                                                                                                                                        
                       "Node Type": "Nested Loop",                                                                                                                                                            
                       "Parent Relationship": "Outer",                                                                                                                                                        
                       "Parallel Aware": false,                                                                                                                                                               
                       "Join Type": "Inner",                                                                                                                                                                  
                       "Startup Cost": 50418.25,                                                                                                                                                              
                       "Total Cost": 99404.55,                                                                                                                                                                
                       "Plan Rows": 202,                                                                                                                                                                      
                       "Plan Width": 77,                                                                                                                                                                      
                       "Actual Startup Time": 636.129,                                                                                                                                                        
                       "Actual Total Time": 990.135,                                                                                                                                                          
                       "Actual Rows": 2315,                                                                                                                                                                   
                       "Actual Loops": 3,                                                                                                                                                                     
                       "Inner Unique": true,                                                                                                                                                                  
                       "Join Filter": "(ml.movie_id = t.id)",                                                                                                                                                 
                       "Rows Removed by Join Filter": 0,                                                                                                                                                      
                       "Plans": [                                                                                                                                                                             
                         {                                                                                                                                                                                    
                           "Node Type": "Hash Join",                                                                                                                                                          
                           "Parent Relationship": "Outer",                                                                                                                                                    
                           "Parallel Aware": false,                                                                                                                                                           
                           "Join Type": "Inner",                                                                                                                                                              
                           "Startup Cost": 50417.82,                                                                                                                                                          
                           "Total Cost": 99292.53,                                                                                                                                                            
                           "Plan Rows": 223,                                                                                                                                                                  
                           "Plan Width": 72,                                                                                                                                                                  
                           "Actual Startup Time": 635.998,                                                                                                                                                    
                           "Actual Total Time": 980.760,                                                                                                                                                      
                           "Actual Rows": 2315,                                                                                                                                                               
                           "Actual Loops": 3,                                                                                                                                                                 
                           "Inner Unique": false,                                                                                                                                                             
                           "Hash Cond": "(mk.movie_id = ml.movie_id)",                                                                                                                                        
                           "Plans": [                                                                                                                                                                         
                             {                                                                                                                                                                                
                               "Node Type": "Hash Join",                                                                                                                                                      
                               "Parent Relationship": "Outer",                                                                                                                                                
                               "Parallel Aware": false,                                                                                                                                                       
                               "Join Type": "Inner",                                                                                                                                                          
                               "Startup Cost": 49579.88,                                                                                                                                                      
                               "Total Cost": 97942.75,                                                                                                                                                        
                               "Plan Rows": 714,                                                                                                                                                              
                               "Plan Width": 64,                                                                                                                                                              
                               "Actual Startup Time": 395.087,                                                                                                                                                
                               "Actual Total Time": 961.045,                                                                                                                                                  
                               "Actual Rows": 1575,                                                                                                                                                           
                               "Actual Loops": 3,                                                                                                                                                             
                               "Inner Unique": true,                                                                                                                                                          
                               "Hash Cond": "(mc.company_type_id = ct.id)",                                                                                                                                   
                               "Plans": [                                                                                                                                                                     
                                 {                                                                                                                                                                            
                                   "Node Type": "Hash Join",                                                                                                                                                  
                                   "Parent Relationship": "Outer",                                                                                                                                            
                                   "Parallel Aware": true,                                                                                                                                                    
                                   "Join Type": "Inner",                                                                                                                                                      
                                   "Startup Cost": 49552.22,                                                                                                                                                  
                                   "Total Cost": 97913.19,                                                                                                                                                    
                                   "Plan Rows": 721,                                                                                                                                                          
                                   "Plan Width": 68,                                                                                                                                                          
                                   "Actual Startup Time": 394.989,                                                                                                                                            
                                   "Actual Total Time": 960.075,                                                                                                                                              
                                   "Actual Rows": 1640,                                                                                                                                                       
                                   "Actual Loops": 3,                                                                                                                                                         
                                   "Inner Unique": false,                                                                                                                                                     
                                   "Hash Cond": "(mk.movie_id = mc.movie_id)",                                                                                                                                
                                   "Plans": [                                                                                                                                                                 
                                     {                                                                                                                                                                        
                                       "Node Type": "Hash Join",                                                                                                                                              
                                       "Parent Relationship": "Outer",                                                                                                                                        
                                       "Parallel Aware": false,                                                                                                                                               
                                       "Join Type": "Inner",                                                                                                                                                  
                                       "Startup Cost": 2832.00,                                                                                                                                               
                                       "Total Cost": 51083.91,                                                                                                                                                
                                       "Plan Rows": 28281,                                                                                                                                                    
                                       "Plan Width": 4,                                                                                                                                                       
                                       "Actual Startup Time": 48.288,                                                                                                                                         
                                       "Actual Total Time": 605.657,                                                                                                                                          
                                       "Actual Rows": 15801,                                                                                                                                                  
                                       "Actual Loops": 3,                                                                                                                                                     
                                       "Inner Unique": true,                                                                                                                                                  
                                       "Hash Cond": "(mk.keyword_id = k.id)",                                                                                                                                 
                                       "Plans": [                                                                                                                                                             
                                         {                                                                                                                                                                    
                                           "Node Type": "Seq Scan",                                                                                                                                           
                                           "Parent Relationship": "Outer",                                                                                                                                    
                                           "Parallel Aware": true,                                                                                                                                            
                                           "Relation Name": "movie_keyword",                                                                                                                                  
                                           "Alias": "mk",                                                                                                                                                     
                                           "Startup Cost": 0.00,                                                                                                                                              
                                           "Total Cost": 43303.71,                                                                                                                                            
                                           "Plan Rows": 1884971,                                                                                                                                              
                                           "Plan Width": 8,                                                                                                                                                   
                                           "Actual Startup Time": 0.048,                                                                                                                                      
                                           "Actual Total Time": 277.672,                                                                                                                                      
                                           "Actual Rows": 1507977,                                                                                                                                            
                                           "Actual Loops": 3                                                                                                                                                  
                                         },                                                                                                                                                                   
                                         {                                                                                                                                                                    
                                           "Node Type": "Hash",                                                                                                                                               
                                           "Parent Relationship": "Inner",                                                                                                                                    
                                           "Parallel Aware": false,                                                                                                                                           
                                           "Startup Cost": 2806.84,                                                                                                                                           
                                           "Total Cost": 2806.84,                                                                                                                                             
                                           "Plan Rows": 2013,                                                                                                                                                 
                                           "Plan Width": 4,                                                                                                                                                   
                                           "Actual Startup Time": 48.140,                                                                                                                                     
                                           "Actual Total Time": 48.142,                                                                                                                                       
                                           "Actual Rows": 3,                                                                                                                                                  
                                           "Actual Loops": 3,                                                                                                                                                 
                                           "Hash Buckets": 2048,                                                                                                                                              
                                           "Original Hash Buckets": 2048,                                                                                                                                     
                                           "Hash Batches": 1,                                                                                                                                                 
                                           "Original Hash Batches": 1,                                                                                                                                        
                                           "Peak Memory Usage": 17,                                                                                                                                           
                                           "Plans": [                                                                                                                                                         
                                             {                                                                                                                                                                
                                               "Node Type": "Seq Scan",                                                                                                                                       
                                               "Parent Relationship": "Outer",                                                                                                                                
                                               "Parallel Aware": false,                                                                                                                                       
                                               "Relation Name": "keyword",                                                                                                                                    
                                               "Alias": "k",                                                                                                                                                  
                                               "Startup Cost": 0.00,                                                                                                                                          
                                               "Total Cost": 2806.84,                                                                                                                                         
                                               "Plan Rows": 2013,                                                                                                                                             
                                               "Plan Width": 4,                                                                                                                                               
                                               "Actual Startup Time": 1.830,                                                                                                                                  
                                               "Actual Total Time": 48.127,                                                                                                                                   
                                               "Actual Rows": 3,                                                                                                                                              
                                               "Actual Loops": 3,                                                                                                                                             
                                               "Filter": "((keyword)::text = ANY ('{sequel,revenge,based-on-novel}'::text[]))",                                                                               
                                               "Rows Removed by Filter": 134167                                                                                                                               
                                             }                                                                                                                                                                
                                           ]                                                                                                                                                                  
                                         }                                                                                                                                                                    
                                       ]                                                                                                                                                                      
                                     },                                                                                                                                                                       
                                     {                                                                                                                                                                        
                                       "Node Type": "Hash",                                                                                                                                                   
                                       "Parent Relationship": "Inner",                                                                                                                                        
                                       "Parallel Aware": true,                                                                                                                                                
                                       "Startup Cost": 46651.66,                                                                                                                                              
                                       "Total Cost": 46651.66,                                                                                                                                                
                                       "Plan Rows": 5485,                                                                                                                                                     
                                       "Plan Width": 64,                                                                                                                                                      
                                       "Actual Startup Time": 345.133,                                                                                                                                        
                                       "Actual Total Time": 345.140,                                                                                                                                          
                                       "Actual Rows": 4631,                                                                                                                                                   
                                       "Actual Loops": 3,                                                                                                                                                     
                                       "Hash Buckets": 16384,                                                                                                                                                 
                                       "Original Hash Buckets": 16384,                                                                                                                                        
                                       "Hash Batches": 1,                                                                                                                                                     
                                       "Original Hash Batches": 1,                                                                                                                                            
                                       "Peak Memory Usage": 1600,                                                                                                                                             
                                       "Plans": [                                                                                                                                                             
                                         {                                                                                                                                                                    
                                           "Node Type": "Hash Join",                                                                                                                                          
                                           "Parent Relationship": "Outer",                                                                                                                                    
                                           "Parallel Aware": true,                                                                                                                                            
                                           "Join Type": "Inner",                                                                                                                                              
                                           "Startup Cost": 5448.24,                                                                                                                                           
                                           "Total Cost": 46651.66,                                                                                                                                            
                                           "Plan Rows": 5485,                                                                                                                                                 
                                           "Plan Width": 64,                                                                                                                                                  
                                           "Actual Startup Time": 40.123,                                                                                                                                     
                                           "Actual Total Time": 341.169,                                                                                                                                      
                                           "Actual Rows": 4631,                                                                                                                                               
                                           "Actual Loops": 3,                                                                                                                                                 
                                           "Inner Unique": true,                                                                                                                                              
                                           "Hash Cond": "(mc.company_id = cn.id)",                                                                                                                            
                                           "Plans": [                                                                                                                                                         
                                             {                                                                                                                                                                
                                               "Node Type": "Seq Scan",                                                                                                                                       
                                               "Parent Relationship": "Outer",                                                                                                                                
                                               "Parallel Aware": true,                                                                                                                                        
                                               "Relation Name": "movie_companies",                                                                                                                            
                                               "Alias": "mc",                                                                                                                                                 
                                               "Startup Cost": 0.00,                                                                                                                                          
                                               "Total Cost": 39752.37,                                                                                                                                        
                                               "Plan Rows": 552773,                                                                                                                                           
                                               "Plan Width": 36,                                                                                                                                              
                                               "Actual Startup Time": 0.047,                                                                                                                                  
                                               "Actual Total Time": 234.559,                                                                                                                                  
                                               "Actual Rows": 445713,                                                                                                                                         
                                               "Actual Loops": 3,                                                                                                                                             
                                               "Filter": "(note IS NOT NULL)",                                                                                                                                
                                               "Rows Removed by Filter": 423996                                                                                                                               
                                             },                                                                                                                                                               
                                             {                                                                                                                                                                
                                               "Node Type": "Hash",                                                                                                                                           
                                               "Parent Relationship": "Inner",                                                                                                                                
                                               "Parallel Aware": true,                                                                                                                                        
                                               "Startup Cost": 5431.09,                                                                                                                                       
                                               "Total Cost": 5431.09,                                                                                                                                         
                                               "Plan Rows": 1372,                                                                                                                                             
                                               "Plan Width": 36,                                                                                                                                              
                                               "Actual Startup Time": 39.356,                                                                                                                                 
                                               "Actual Total Time": 39.357,                                                                                                                                   
                                               "Actual Rows": 30,                                                                                                                                             
                                               "Actual Loops": 3,                                                                                                                                             
                                               "Hash Buckets": 4096,                                                                                                                                          
                                               "Original Hash Buckets": 4096,                                                                                                                                 
                                               "Hash Batches": 1,                                                                                                                                             
                                               "Original Hash Batches": 1,                                                                                                                                    
                                               "Peak Memory Usage": 128,                                                                                                                                      
                                               "Plans": [                                                                                                                                                     
                                                 {                                                                                                                                                            
                                                   "Node Type": "Seq Scan",                                                                                                                                   
                                                   "Parent Relationship": "Outer",                                                                                                                            
                                                   "Parallel Aware": true,                                                                                                                                    
                                                   "Relation Name": "company_name",                                                                                                                           
                                                   "Alias": "cn",                                                                                                                                             
                                                   "Startup Cost": 0.00,                                                                                                                                      
                                                   "Total Cost": 5431.09,                                                                                                                                     
                                                   "Plan Rows": 1372,                                                                                                                                         
                                                   "Plan Width": 36,                                                                                                                                          
                                                   "Actual Startup Time": 0.705,                                                                                                                              
                                                   "Actual Total Time": 39.272,                                                                                                                               
                                                   "Actual Rows": 30,                                                                                                                                         
                                                   "Actual Loops": 3,                                                                                                                                         
                                                   "Filter": "(((country_code)::text <> '[pl]'::text) AND (((name)::text ~~ '20th Century Fox%'::text) OR ((name)::text ~~ 'Twentieth Century Fox%'::text)))",
                                                   "Rows Removed by Filter": 78303                                                                                                                            
                                                 }                                                                                                                                                            
                                               ]                                                                                                                                                              
                                             }                                                                                                                                                                
                                           ]                                                                                                                                                                  
                                         }                                                                                                                                                                    
                                       ]                                                                                                                                                                      
                                     }                                                                                                                                                                        
                                   ]                                                                                                                                                                          
                                 },                                                                                                                                                                           
                                 {                                                                                                                                                                            
                                   "Node Type": "Hash",                                                                                                                                                       
                                   "Parent Relationship": "Inner",                                                                                                                                            
                                   "Parallel Aware": false,                                                                                                                                                   
                                   "Startup Cost": 18.88,                                                                                                                                                     
                                   "Total Cost": 18.88,                                                                                                                                                       
                                   "Plan Rows": 703,                                                                                                                                                          
                                   "Plan Width": 4,                                                                                                                                                           
                                   "Actual Startup Time": 0.063,                                                                                                                                              
                                   "Actual Total Time": 0.064,                                                                                                                                                
                                   "Actual Rows": 3,                                                                                                                                                          
                                   "Actual Loops": 3,                                                                                                                                                         
                                   "Hash Buckets": 1024,                                                                                                                                                      
                                   "Original Hash Buckets": 1024,                                                                                                                                             
                                   "Hash Batches": 1,                                                                                                                                                         
                                   "Original Hash Batches": 1,                                                                                                                                                
                                   "Peak Memory Usage": 9,                                                                                                                                                    
                                   "Plans": [                                                                                                                                                                 
                                     {                                                                                                                                                                        
                                       "Node Type": "Seq Scan",                                                                                                                                               
                                       "Parent Relationship": "Outer",                                                                                                                                        
                                       "Parallel Aware": false,                                                                                                                                               
                                       "Relation Name": "company_type",                                                                                                                                       
                                       "Alias": "ct",                                                                                                                                                         
                                       "Startup Cost": 0.00,                                                                                                                                                  
                                       "Total Cost": 18.88,                                                                                                                                                   
                                       "Plan Rows": 703,                                                                                                                                                      
                                       "Plan Width": 4,                                                                                                                                                       
                                       "Actual Startup Time": 0.050,                                                                                                                                          
                                       "Actual Total Time": 0.053,                                                                                                                                            
                                       "Actual Rows": 3,                                                                                                                                                      
                                       "Actual Loops": 3,                                                                                                                                                     
                                       "Filter": "((kind IS NOT NULL) AND ((kind)::text <> 'production companies'::text))",                                                                                   
                                       "Rows Removed by Filter": 1                                                                                                                                            
                                     }                                                                                                                                                                        
                                   ]                                                                                                                                                                          
                                 }                                                                                                                                                                            
                               ]                                                                                                                                                                              
                             },                                                                                                                                                                               
                             {                                                                                                                                                                                
                               "Node Type": "Hash",                                                                                                                                                           
                               "Parent Relationship": "Inner",                                                                                                                                                
                               "Parallel Aware": false,                                                                                                                                                       
                               "Startup Cost": 462.97,                                                                                                                                                        
                               "Total Cost": 462.97,                                                                                                                                                          
                               "Plan Rows": 29997,                                                                                                                                                            
                               "Plan Width": 8,                                                                                                                                                               
                               "Actual Startup Time": 18.327,                                                                                                                                                 
                               "Actual Total Time": 18.328,                                                                                                                                                   
                               "Actual Rows": 29997,                                                                                                                                                          
                               "Actual Loops": 3,                                                                                                                                                             
                               "Hash Buckets": 32768,                                                                                                                                                         
                               "Original Hash Buckets": 32768,                                                                                                                                                
                               "Hash Batches": 1,                                                                                                                                                             
                               "Original Hash Batches": 1,                                                                                                                                                    
                               "Peak Memory Usage": 1428,                                                                                                                                                     
                               "Plans": [                                                                                                                                                                     
                                 {                                                                                                                                                                            
                                   "Node Type": "Seq Scan",                                                                                                                                                   
                                   "Parent Relationship": "Outer",                                                                                                                                            
                                   "Parallel Aware": false,                                                                                                                                                   
                                   "Relation Name": "movie_link",                                                                                                                                             
                                   "Alias": "ml",                                                                                                                                                             
                                   "Startup Cost": 0.00,                                                                                                                                                      
                                   "Total Cost": 462.97,                                                                                                                                                      
                                   "Plan Rows": 29997,                                                                                                                                                        
                                   "Plan Width": 8,                                                                                                                                                           
                                   "Actual Startup Time": 0.032,                                                                                                                                              
                                   "Actual Total Time": 9.767,                                                                                                                                                
                                   "Actual Rows": 29997,                                                                                                                                                      
                                   "Actual Loops": 3                                                                                                                                                          
                                 }                                                                                                                                                                            
                               ]                                                                                                                                                                              
                             }                                                                                                                                                                                
                           ]                                                                                                                                                                                  
                         },                                                                                                                                                                                   
                         {                                                                                                                                                                                    
                           "Node Type": "Index Scan",                                                                                                                                                         
                           "Parent Relationship": "Inner",                                                                                                                                                    
                           "Parallel Aware": false,                                                                                                                                                           
                           "Scan Direction": "Forward",                                                                                                                                                       
                           "Index Name": "title_pkey",                                                                                                                                                        
                           "Relation Name": "title",                                                                                                                                                          
                           "Alias": "t",                                                                                                                                                                      
                           "Startup Cost": 0.43,                                                                                                                                                              
                           "Total Cost": 0.49,                                                                                                                                                                
                           "Plan Rows": 1,                                                                                                                                                                    
                           "Plan Width": 21,                                                                                                                                                                  
                           "Actual Startup Time": 0.003,                                                                                                                                                      
                           "Actual Total Time": 0.003,                                                                                                                                                        
                           "Actual Rows": 1,                                                                                                                                                                  
                           "Actual Loops": 6946,                                                                                                                                                              
                           "Index Cond": "(id = mk.movie_id)",                                                                                                                                                
                           "Rows Removed by Index Recheck": 0,                                                                                                                                                
                           "Filter": "(production_year > 1950)",                                                                                                                                              
                           "Rows Removed by Filter": 0                                                                                                                                                        
                         }                                                                                                                                                                                    
                       ]                                                                                                                                                                                      
                     },                                                                                                                                                                                       
                     {                                                                                                                                                                                        
                       "Node Type": "Hash",                                                                                                                                                                   
                       "Parent Relationship": "Inner",                                                                                                                                                        
                       "Parallel Aware": false,                                                                                                                                                               
                       "Startup Cost": 17.10,                                                                                                                                                                 
                       "Total Cost": 17.10,                                                                                                                                                                   
                       "Plan Rows": 710,                                                                                                                                                                      
                       "Plan Width": 4,                                                                                                                                                                       
                       "Actual Startup Time": 0.055,                                                                                                                                                          
                       "Actual Total Time": 0.055,                                                                                                                                                            
                       "Actual Rows": 18,                                                                                                                                                                     
                       "Actual Loops": 3,                                                                                                                                                                     
                       "Hash Buckets": 1024,                                                                                                                                                                  
                       "Original Hash Buckets": 1024,                                                                                                                                                         
                       "Hash Batches": 1,                                                                                                                                                                     
                       "Original Hash Batches": 1,                                                                                                                                                            
                       "Peak Memory Usage": 9,                                                                                                                                                                
                       "Plans": [                                                                                                                                                                             
                         {                                                                                                                                                                                    
                           "Node Type": "Seq Scan",                                                                                                                                                           
                           "Parent Relationship": "Outer",                                                                                                                                                    
                           "Parallel Aware": false,                                                                                                                                                           
                           "Relation Name": "link_type",                                                                                                                                                      
                           "Alias": "lt",                                                                                                                                                                     
                           "Startup Cost": 0.00,                                                                                                                                                              
                           "Total Cost": 17.10,                                                                                                                                                               
                           "Plan Rows": 710,                                                                                                                                                                  
                           "Plan Width": 4,                                                                                                                                                                   
                           "Actual Startup Time": 0.034,                                                                                                                                                      
                           "Actual Total Time": 0.038,                                                                                                                                                        
                           "Actual Rows": 18,                                                                                                                                                                 
                           "Actual Loops": 3                                                                                                                                                                  
                         }                                                                                                                                                                                    
                       ]                                                                                                                                                                                      
                     }                                                                                                                                                                                        
                   ]                                                                                                                                                                                          
                 }                                                                                                                                                                                            
               ]                                                                                                                                                                                              
             }                                                                                                                                                                                                
           ]                                                                                                                                                                                                  
         }                                                                                                                                                                                                    
       ]                                                                                                                                                                                                      
     },                                                                                                                                                                                                       
     "Planning Time": 8.604,                                                                                                                                                                                  
     "Triggers": [                                                                                                                                                                                            
     ],                                                                                                                                                                                                       
     "Execution Time": 1007.070                                                                                                                                                                               
   }                                                                                                                                                                                                          
 ]
