[                                                                                                       
   {                                                                                                     
     "Plan": {                                                                                           
       "Node Type": "Aggregate",                                                                         
       "Strategy": "Plain",                                                                              
       "Partial Mode": "Simple",                                                                         
       "Parallel Aware": false,                                                                          
       "Startup Cost": 299547.95,                                                                        
       "Total Cost": 299547.96,                                                                          
       "Plan Rows": 1,                                                                                   
       "Plan Width": 96,                                                                                 
       "Actual Startup Time": 8687.305,                                                                  
       "Actual Total Time": 8771.174,                                                                    
       "Actual Rows": 1,                                                                                 
       "Actual Loops": 1,                                                                                
       "Plans": [                                                                                        
         {                                                                                               
           "Node Type": "Nested Loop",                                                                   
           "Parent Relationship": "Outer",                                                               
           "Parallel Aware": false,                                                                      
           "Join Type": "Inner",                                                                         
           "Startup Cost": 58988.08,                                                                     
           "Total Cost": 299547.94,                                                                      
           "Plan Rows": 1,                                                                               
           "Plan Width": 64,                                                                             
           "Actual Startup Time": 4047.344,                                                              
           "Actual Total Time": 8650.454,                                                                
           "Actual Rows": 111101,                                                                        
           "Actual Loops": 1,                                                                            
           "Inner Unique": true,                                                                         
           "Plans": [                                                                                    
             {                                                                                           
               "Node Type": "Nested Loop",                                                               
               "Parent Relationship": "Outer",                                                           
               "Parallel Aware": false,                                                                  
               "Join Type": "Inner",                                                                     
               "Startup Cost": 58987.93,                                                                 
               "Total Cost": 299547.76,                                                                  
               "Plan Rows": 1,                                                                           
               "Plan Width": 68,                                                                         
               "Actual Startup Time": 3946.054,                                                          
               "Actual Total Time": 8367.568,                                                            
               "Actual Rows": 134189,                                                                    
               "Actual Loops": 1,                                                                        
               "Inner Unique": true,                                                                     
               "Plans": [                                                                                
                 {                                                                                       
                   "Node Type": "Gather",                                                                
                   "Parent Relationship": "Outer",                                                       
                   "Parallel Aware": false,                                                              
                   "Startup Cost": 58987.50,                                                             
                   "Total Cost": 299547.30,                                                              
                   "Plan Rows": 1,                                                                       
                   "Plan Width": 59,                                                                     
                   "Actual Startup Time": 3945.987,                                                      
                   "Actual Total Time": 7660.566,                                                        
                   "Actual Rows": 134189,                                                                
                   "Actual Loops": 1,                                                                    
                   "Workers Planned": 2,                                                                 
                   "Workers Launched": 2,                                                                
                   "Single Copy": false,                                                                 
                   "Plans": [                                                                            
                     {                                                                                   
                       "Node Type": "Nested Loop",                                                       
                       "Parent Relationship": "Outer",                                                   
                       "Parallel Aware": false,                                                          
                       "Join Type": "Inner",                                                             
                       "Startup Cost": 57987.50,                                                         
                       "Total Cost": 298547.20,                                                          
                       "Plan Rows": 1,                                                                   
                       "Plan Width": 59,                                                                 
                       "Actual Startup Time": 3934.395,                                                  
                       "Actual Total Time": 8263.465,                                                    
                       "Actual Rows": 44730,                                                             
                       "Actual Loops": 3,                                                                
                       "Inner Unique": true,                                                             
                       "Plans": [                                                                        
                         {                                                                               
                           "Node Type": "Hash Join",                                                     
                           "Parent Relationship": "Outer",                                               
                           "Parallel Aware": true,                                                       
                           "Join Type": "Inner",                                                         
                           "Startup Cost": 57987.08,                                                     
                           "Total Cost": 298529.36,                                                      
                           "Plan Rows": 40,                                                              
                           "Plan Width": 63,                                                             
                           "Actual Startup Time": 3931.605,                                              
                           "Actual Total Time": 4655.684,                                                
                           "Actual Rows": 834997,                                                        
                           "Actual Loops": 3,                                                            
                           "Inner Unique": false,                                                        
                           "Hash Cond": "(mi.movie_id = mc.movie_id)",                                   
                           "Plans": [                                                                    
                             {                                                                           
                               "Node Type": "Hash Join",                                                 
                               "Parent Relationship": "Outer",                                           
                               "Parallel Aware": false,                                                  
                               "Join Type": "Inner",                                                     
                               "Startup Cost": 2.43,                                                     
                               "Total Cost": 240340.22,                                                  
                               "Plan Rows": 54491,                                                       
                               "Plan Width": 46,                                                         
                               "Actual Startup Time": 569.141,                                           
                               "Actual Total Time": 2316.472,                                            
                               "Actual Rows": 1012240,                                                   
                               "Actual Loops": 3,                                                        
                               "Inner Unique": true,                                                     
                               "Hash Cond": "(mi.info_type_id = it2.id)",                                
                               "Plans": [                                                                
                                 {                                                                       
                                   "Node Type": "Seq Scan",                                              
                                   "Parent Relationship": "Outer",                                       
                                   "Parallel Aware": true,                                               
                                   "Relation Name": "movie_info",                                        
                                   "Alias": "mi",                                                        
                                   "Startup Cost": 0.00,                                                 
                                   "Total Cost": 223568.11,                                              
                                   "Plan Rows": 6157511,                                                 
                                   "Plan Width": 50,                                                     
                                   "Actual Startup Time": 0.082,                                         
                                   "Actual Total Time": 1116.685,                                        
                                   "Actual Rows": 4945240,                                               
                                   "Actual Loops": 3                                                     
                                 },                                                                      
                                 {                                                                       
                                   "Node Type": "Hash",                                                  
                                   "Parent Relationship": "Inner",                                       
                                   "Parallel Aware": false,                                              
                                   "Startup Cost": 2.41,                                                 
                                   "Total Cost": 2.41,                                                   
                                   "Plan Rows": 1,                                                       
                                   "Plan Width": 4,                                                      
                                   "Actual Startup Time": 0.048,                                         
                                   "Actual Total Time": 0.051,                                           
                                   "Actual Rows": 1,                                                     
                                   "Actual Loops": 3,                                                    
                                   "Hash Buckets": 1024,                                                 
                                   "Original Hash Buckets": 1024,                                        
                                   "Hash Batches": 1,                                                    
                                   "Original Hash Batches": 1,                                           
                                   "Peak Memory Usage": 9,                                               
                                   "Plans": [                                                            
                                     {                                                                   
                                       "Node Type": "Seq Scan",                                          
                                       "Parent Relationship": "Outer",                                   
                                       "Parallel Aware": false,                                          
                                       "Relation Name": "info_type",                                     
                                       "Alias": "it2",                                                   
                                       "Startup Cost": 0.00,                                             
                                       "Total Cost": 2.41,                                               
                                       "Plan Rows": 1,                                                   
                                       "Plan Width": 4,                                                  
                                       "Actual Startup Time": 0.024,                                     
                                       "Actual Total Time": 0.045,                                       
                                       "Actual Rows": 1,                                                 
                                       "Actual Loops": 3,                                                
                                       "Filter": "((info)::text = 'release dates'::text)",               
                                       "Rows Removed by Filter": 112                                     
                                     }                                                                   
                                   ]                                                                     
                                 }                                                                       
                               ]                                                                         
                             },                                                                          
                             {                                                                           
                               "Node Type": "Hash",                                                      
                               "Parent Relationship": "Inner",                                           
                               "Parallel Aware": true,                                                   
                               "Startup Cost": 57982.84,                                                 
                               "Total Cost": 57982.84,                                                   
                               "Plan Rows": 145,                                                         
                               "Plan Width": 17,                                                         
                               "Actual Startup Time": 1244.717,                                          
                               "Actual Total Time": 1244.738,                                            
                               "Actual Rows": 194741,                                                    
                               "Actual Loops": 3,                                                        
                               "Hash Buckets": 65536,                                                    
                               "Original Hash Buckets": 1024,                                            
                               "Hash Batches": 8,                                                        
                               "Original Hash Batches": 1,                                               
                               "Peak Memory Usage": 4000,                                                
                               "Plans": [                                                                
                                 {                                                                       
                                   "Node Type": "Hash Join",                                             
                                   "Parent Relationship": "Outer",                                       
                                   "Parallel Aware": true,                                               
                                   "Join Type": "Inner",                                                 
                                   "Startup Cost": 15336.14,                                             
                                   "Total Cost": 57982.84,                                               
                                   "Plan Rows": 145,                                                     
                                   "Plan Width": 17,                                                     
                                   "Actual Startup Time": 911.613,                                       
                                   "Actual Total Time": 1124.884,                                        
                                   "Actual Rows": 194741,                                                
                                   "Actual Loops": 3,                                                    
                                   "Inner Unique": false,                                                
                                   "Hash Cond": "(mc.movie_id = miidx.movie_id)",                        
                                   "Plans": [                                                            
                                     {                                                                   
                                       "Node Type": "Hash Join",                                         
                                       "Parent Relationship": "Outer",                                   
                                       "Parallel Aware": false,                                          
                                       "Join Type": "Inner",                                             
                                       "Startup Cost": 18.93,                                            
                                       "Total Cost": 42642.06,                                           
                                       "Plan Rows": 6125,                                                
                                       "Plan Width": 8,                                                  
                                       "Actual Startup Time": 155.379,                                   
                                       "Actual Total Time": 448.174,                                     
                                       "Actual Rows": 444961,                                            
                                       "Actual Loops": 3,                                                
                                       "Inner Unique": true,                                             
                                       "Hash Cond": "(mc.company_type_id = ct.id)",                      
                                       "Plans": [                                                        
                                         {                                                               
                                           "Node Type": "Seq Scan",                                      
                                           "Parent Relationship": "Outer",                               
                                           "Parallel Aware": true,                                       
                                           "Relation Name": "movie_companies",                           
                                           "Alias": "mc",                                                
                                           "Startup Cost": 0.00,                                         
                                           "Total Cost": 39752.37,                                       
                                           "Plan Rows": 1087137,                                         
                                           "Plan Width": 12,                                             
                                           "Actual Startup Time": 0.050,                                 
                                           "Actual Total Time": 179.990,                                 
                                           "Actual Rows": 869710,                                        
                                           "Actual Loops": 3                                             
                                         },                                                              
                                         {                                                               
                                           "Node Type": "Hash",                                          
                                           "Parent Relationship": "Inner",                               
                                           "Parallel Aware": false,                                      
                                           "Startup Cost": 18.88,                                        
                                           "Total Cost": 18.88,                                          
                                           "Plan Rows": 4,                                               
                                           "Plan Width": 4,                                              
                                           "Actual Startup Time": 0.028,                                 
                                           "Actual Total Time": 0.031,                                   
                                           "Actual Rows": 1,                                             
                                           "Actual Loops": 3,                                            
                                           "Hash Buckets": 1024,                                         
                                           "Original Hash Buckets": 1024,                                
                                           "Hash Batches": 1,                                            
                                           "Original Hash Batches": 1,                                   
                                           "Peak Memory Usage": 9,                                       
                                           "Plans": [                                                    
                                             {                                                           
                                               "Node Type": "Seq Scan",                                  
                                               "Parent Relationship": "Outer",                           
                                               "Parallel Aware": false,                                  
                                               "Relation Name": "company_type",                          
                                               "Alias": "ct",                                            
                                               "Startup Cost": 0.00,                                     
                                               "Total Cost": 18.88,                                      
                                               "Plan Rows": 4,                                           
                                               "Plan Width": 4,                                          
                                               "Actual Startup Time": 0.024,                             
                                               "Actual Total Time": 0.026,                               
                                               "Actual Rows": 1,                                         
                                               "Actual Loops": 3,                                        
                                               "Filter": "((kind)::text = 'production companies'::text)",
                                               "Rows Removed by Filter": 3                               
                                             }                                                           
                                           ]                                                             
                                         }                                                               
                                       ]                                                                 
                                     },                                                                  
                                     {                                                                   
                                       "Node Type": "Hash",                                              
                                       "Parent Relationship": "Inner",                                   
                                       "Parallel Aware": true,                                           
                                       "Startup Cost": 15253.60,                                         
                                       "Total Cost": 15253.60,                                           
                                       "Plan Rows": 5089,                                                
                                       "Plan Width": 9,                                                  
                                       "Actual Startup Time": 320.547,                                   
                                       "Actual Total Time": 320.553,                                     
                                       "Actual Rows": 153308,                                            
                                       "Actual Loops": 3,                                                
                                       "Hash Buckets": 131072,                                           
                                       "Original Hash Buckets": 16384,                                   
                                       "Hash Batches": 8,                                                
                                       "Original Hash Batches": 1,                                       
                                       "Peak Memory Usage": 3360,                                        
                                       "Plans": [                                                        
                                         {                                                               
                                           "Node Type": "Hash Join",                                     
                                           "Parent Relationship": "Outer",                               
                                           "Parallel Aware": false,                                      
                                           "Join Type": "Inner",                                         
                                           "Startup Cost": 2.43,                                         
                                           "Total Cost": 15253.60,                                       
                                           "Plan Rows": 5089,                                            
                                           "Plan Width": 9,                                              
                                           "Actual Startup Time": 0.144,                                 
                                           "Actual Total Time": 215.564,                                 
                                           "Actual Rows": 153308,                                        
                                           "Actual Loops": 3,                                            
                                           "Inner Unique": true,                                         
                                           "Hash Cond": "(miidx.info_type_id = it.id)",                  
                                           "Plans": [                                                    
                                             {                                                           
                                               "Node Type": "Seq Scan",                                  
                                               "Parent Relationship": "Outer",                           
                                               "Parallel Aware": true,                                   
                                               "Relation Name": "movie_info_idx",                        
                                               "Alias": "miidx",                                         
                                               "Startup Cost": 0.00,                                     
                                               "Total Cost": 13685.15,                                   
                                               "Plan Rows": 575015,                                      
                                               "Plan Width": 13,                                         
                                               "Actual Startup Time": 0.050,                             
                                               "Actual Total Time": 89.741,                              
                                               "Actual Rows": 460012,                                    
                                               "Actual Loops": 3                                         
                                             },                                                          
                                             {                                                           
                                               "Node Type": "Hash",                                      
                                               "Parent Relationship": "Inner",                           
                                               "Parallel Aware": false,                                  
                                               "Startup Cost": 2.41,                                     
                                               "Total Cost": 2.41,                                       
                                               "Plan Rows": 1,                                           
                                               "Plan Width": 4,                                          
                                               "Actual Startup Time": 0.065,                             
                                               "Actual Total Time": 0.066,                               
                                               "Actual Rows": 1,                                         
                                               "Actual Loops": 3,                                        
                                               "Hash Buckets": 1024,                                     
                                               "Original Hash Buckets": 1024,                            
                                               "Hash Batches": 1,                                        
                                               "Original Hash Batches": 1,                               
                                               "Peak Memory Usage": 9,                                   
                                               "Plans": [                                                
                                                 {                                                       
                                                   "Node Type": "Seq Scan",                              
                                                   "Parent Relationship": "Outer",                       
                                                   "Parallel Aware": false,                              
                                                   "Relation Name": "info_type",                         
                                                   "Alias": "it",                                        
                                                   "Startup Cost": 0.00,                                 
                                                   "Total Cost": 2.41,                                   
                                                   "Plan Rows": 1,                                       
                                                   "Plan Width": 4,                                      
                                                   "Actual Startup Time": 0.053,                         
                                                   "Actual Total Time": 0.057,                           
                                                   "Actual Rows": 1,                                     
                                                   "Actual Loops": 3,                                    
                                                   "Filter": "((info)::text = 'rating'::text)",          
                                                   "Rows Removed by Filter": 112                         
                                                 }                                                       
                                               ]                                                         
                                             }                                                           
                                           ]                                                             
                                         }                                                               
                                       ]                                                                 
                                     }                                                                   
                                   ]                                                                     
                                 }                                                                       
                               ]                                                                         
                             }                                                                           
                           ]                                                                             
                         },                                                                              
                         {                                                                               
                           "Node Type": "Index Scan",                                                    
                           "Parent Relationship": "Inner",                                               
                           "Parallel Aware": false,                                                      
                           "Scan Direction": "Forward",                                                  
                           "Index Name": "company_name_pkey",                                            
                           "Relation Name": "company_name",                                              
                           "Alias": "cn",                                                                
                           "Startup Cost": 0.42,                                                         
                           "Total Cost": 0.45,                                                           
                           "Plan Rows": 1,                                                               
                           "Plan Width": 4,                                                              
                           "Actual Startup Time": 0.004,                                                 
                           "Actual Total Time": 0.004,                                                   
                           "Actual Rows": 0,                                                             
                           "Actual Loops": 2504990,                                                      
                           "Index Cond": "(id = mc.company_id)",                                         
                           "Rows Removed by Index Recheck": 0,                                           
                           "Filter": "((country_code)::text = '[de]'::text)",                            
                           "Rows Removed by Filter": 1                                                   
                         }                                                                               
                       ]                                                                                 
                     }                                                                                   
                   ]                                                                                     
                 },                                                                                      
                 {                                                                                       
                   "Node Type": "Index Scan",                                                            
                   "Parent Relationship": "Inner",                                                       
                   "Parallel Aware": false,                                                              
                   "Scan Direction": "Forward",                                                          
                   "Index Name": "title_pkey",                                                           
                   "Relation Name": "title",                                                             
                   "Alias": "t",                                                                         
                   "Startup Cost": 0.43,                                                                 
                   "Total Cost": 0.46,                                                                   
                   "Plan Rows": 1,                                                                       
                   "Plan Width": 25,                                                                     
                   "Actual Startup Time": 0.004,                                                         
                   "Actual Total Time": 0.004,                                                           
                   "Actual Rows": 1,                                                                     
                   "Actual Loops": 134189,                                                               
                   "Index Cond": "(id = mi.movie_id)",                                                   
                   "Rows Removed by Index Recheck": 0                                                    
                 }                                                                                       
               ]                                                                                         
             },                                                                                          
             {                                                                                           
               "Node Type": "Index Scan",                                                                
               "Parent Relationship": "Inner",                                                           
               "Parallel Aware": false,                                                                  
               "Scan Direction": "Forward",                                                              
               "Index Name": "kind_type_pkey",                                                           
               "Relation Name": "kind_type",                                                             
               "Alias": "kt",                                                                            
               "Startup Cost": 0.15,                                                                     
               "Total Cost": 0.17,                                                                       
               "Plan Rows": 1,                                                                           
               "Plan Width": 4,                                                                          
               "Actual Startup Time": 0.002,                                                             
               "Actual Total Time": 0.002,                                                               
               "Actual Rows": 1,                                                                         
               "Actual Loops": 134189,                                                                   
               "Index Cond": "(id = t.kind_id)",                                                         
               "Rows Removed by Index Recheck": 0,                                                       
               "Filter": "((kind)::text = 'movie'::text)",                                               
               "Rows Removed by Filter": 0                                                               
             }                                                                                           
           ]                                                                                             
         }                                                                                               
       ]                                                                                                 
     },                                                                                                  
     "Planning Time": 11.610,                                                                            
     "Triggers": [                                                                                       
     ],                                                                                                  
     "Execution Time": 8771.641                                                                          
   }                                                                                                     
 ]
