[                                                                                                                                                                       
   {                                                                                                                                                                     
     "Plan": {                                                                                                                                                           
       "Node Type": "Aggregate",                                                                                                                                         
       "Strategy": "Plain",                                                                                                                                              
       "Partial Mode": "Finalize",                                                                                                                                       
       "Parallel Aware": false,                                                                                                                                          
       "Startup Cost": 369439.76,                                                                                                                                        
       "Total Cost": 369439.77,                                                                                                                                          
       "Plan Rows": 1,                                                                                                                                                   
       "Plan Width": 64,                                                                                                                                                 
       "Actual Startup Time": 5254.900,                                                                                                                                  
       "Actual Total Time": 5277.598,                                                                                                                                    
       "Actual Rows": 1,                                                                                                                                                 
       "Actual Loops": 1,                                                                                                                                                
       "Plans": [                                                                                                                                                        
         {                                                                                                                                                               
           "Node Type": "Gather",                                                                                                                                        
           "Parent Relationship": "Outer",                                                                                                                               
           "Parallel Aware": false,                                                                                                                                      
           "Startup Cost": 369439.54,                                                                                                                                    
           "Total Cost": 369439.75,                                                                                                                                      
           "Plan Rows": 2,                                                                                                                                               
           "Plan Width": 64,                                                                                                                                             
           "Actual Startup Time": 5250.764,                                                                                                                              
           "Actual Total Time": 5277.515,                                                                                                                                
           "Actual Rows": 3,                                                                                                                                             
           "Actual Loops": 1,                                                                                                                                            
           "Workers Planned": 2,                                                                                                                                         
           "Workers Launched": 2,                                                                                                                                        
           "Single Copy": false,                                                                                                                                         
           "Plans": [                                                                                                                                                    
             {                                                                                                                                                           
               "Node Type": "Aggregate",                                                                                                                                 
               "Strategy": "Plain",                                                                                                                                      
               "Partial Mode": "Partial",                                                                                                                                
               "Parent Relationship": "Outer",                                                                                                                           
               "Parallel Aware": false,                                                                                                                                  
               "Startup Cost": 368439.54,                                                                                                                                
               "Total Cost": 368439.55,                                                                                                                                  
               "Plan Rows": 1,                                                                                                                                           
               "Plan Width": 64,                                                                                                                                         
               "Actual Startup Time": 5244.440,                                                                                                                          
               "Actual Total Time": 5244.490,                                                                                                                            
               "Actual Rows": 1,                                                                                                                                         
               "Actual Loops": 3,                                                                                                                                        
               "Plans": [                                                                                                                                                
                 {                                                                                                                                                       
                   "Node Type": "Nested Loop",                                                                                                                           
                   "Parent Relationship": "Outer",                                                                                                                       
                   "Parallel Aware": false,                                                                                                                              
                   "Join Type": "Inner",                                                                                                                                 
                   "Startup Cost": 318067.15,                                                                                                                            
                   "Total Cost": 368439.54,                                                                                                                              
                   "Plan Rows": 1,                                                                                                                                       
                   "Plan Width": 22,                                                                                                                                     
                   "Actual Startup Time": 4483.522,                                                                                                                      
                   "Actual Total Time": 5243.432,                                                                                                                        
                   "Actual Rows": 254,                                                                                                                                   
                   "Actual Loops": 3,                                                                                                                                    
                   "Inner Unique": true,                                                                                                                                 
                   "Plans": [                                                                                                                                            
                     {                                                                                                                                                   
                       "Node Type": "Hash Join",                                                                                                                         
                       "Parent Relationship": "Outer",                                                                                                                   
                       "Parallel Aware": true,                                                                                                                           
                       "Join Type": "Inner",                                                                                                                             
                       "Startup Cost": 318066.73,                                                                                                                        
                       "Total Cost": 368439.09,                                                                                                                          
                       "Plan Rows": 1,                                                                                                                                   
                       "Plan Width": 26,                                                                                                                                 
                       "Actual Startup Time": 4473.474,                                                                                                                  
                       "Actual Total Time": 5094.722,                                                                                                                    
                       "Actual Rows": 25223,                                                                                                                             
                       "Actual Loops": 3,                                                                                                                                
                       "Inner Unique": false,                                                                                                                            
                       "Hash Cond": "(mk.movie_id = t.id)",                                                                                                              
                       "Plans": [                                                                                                                                        
                         {                                                                                                                                               
                           "Node Type": "Seq Scan",                                                                                                                      
                           "Parent Relationship": "Outer",                                                                                                               
                           "Parallel Aware": true,                                                                                                                       
                           "Relation Name": "movie_keyword",                                                                                                             
                           "Alias": "mk",                                                                                                                                
                           "Startup Cost": 0.00,                                                                                                                         
                           "Total Cost": 43303.71,                                                                                                                       
                           "Plan Rows": 1884971,                                                                                                                         
                           "Plan Width": 8,                                                                                                                              
                           "Actual Startup Time": 0.072,                                                                                                                 
                           "Actual Total Time": 283.126,                                                                                                                 
                           "Actual Rows": 1507977,                                                                                                                       
                           "Actual Loops": 3                                                                                                                             
                         },                                                                                                                                              
                         {                                                                                                                                               
                           "Node Type": "Hash",                                                                                                                          
                           "Parent Relationship": "Inner",                                                                                                               
                           "Parallel Aware": true,                                                                                                                       
                           "Startup Cost": 318066.72,                                                                                                                    
                           "Total Cost": 318066.72,                                                                                                                      
                           "Plan Rows": 1,                                                                                                                               
                           "Plan Width": 34,                                                                                                                             
                           "Actual Startup Time": 4472.150,                                                                                                              
                           "Actual Total Time": 4472.195,                                                                                                                
                           "Actual Rows": 2915,                                                                                                                          
                           "Actual Loops": 3,                                                                                                                            
                           "Hash Buckets": 8192,                                                                                                                         
                           "Original Hash Buckets": 1024,                                                                                                                
                           "Hash Batches": 1,                                                                                                                            
                           "Original Hash Batches": 1,                                                                                                                   
                           "Peak Memory Usage": 760,                                                                                                                     
                           "Plans": [                                                                                                                                    
                             {                                                                                                                                           
                               "Node Type": "Nested Loop",                                                                                                               
                               "Parent Relationship": "Outer",                                                                                                           
                               "Parallel Aware": false,                                                                                                                  
                               "Join Type": "Inner",                                                                                                                     
                               "Startup Cost": 16714.71,                                                                                                                 
                               "Total Cost": 318066.72,                                                                                                                  
                               "Plan Rows": 1,                                                                                                                           
                               "Plan Width": 34,                                                                                                                         
                               "Actual Startup Time": 3336.070,                                                                                                          
                               "Actual Total Time": 4258.957,                                                                                                            
                               "Actual Rows": 2915,                                                                                                                      
                               "Actual Loops": 3,                                                                                                                        
                               "Inner Unique": true,                                                                                                                     
                               "Plans": [                                                                                                                                
                                 {                                                                                                                                       
                                   "Node Type": "Nested Loop",                                                                                                           
                                   "Parent Relationship": "Outer",                                                                                                       
                                   "Parallel Aware": false,                                                                                                              
                                   "Join Type": "Inner",                                                                                                                 
                                   "Startup Cost": 16714.56,                                                                                                             
                                   "Total Cost": 318065.01,                                                                                                              
                                   "Plan Rows": 10,                                                                                                                      
                                   "Plan Width": 38,                                                                                                                     
                                   "Actual Startup Time": 3275.516,                                                                                                      
                                   "Actual Total Time": 4241.557,                                                                                                        
                                   "Actual Rows": 5838,                                                                                                                  
                                   "Actual Loops": 3,                                                                                                                    
                                   "Inner Unique": true,                                                                                                                 
                                   "Join Filter": "(mi.movie_id = t.id)",                                                                                                
                                   "Rows Removed by Join Filter": 0,                                                                                                     
                                   "Plans": [                                                                                                                            
                                     {                                                                                                                                   
                                       "Node Type": "Hash Join",                                                                                                         
                                       "Parent Relationship": "Outer",                                                                                                   
                                       "Parallel Aware": true,                                                                                                           
                                       "Join Type": "Inner",                                                                                                             
                                       "Startup Cost": 16714.13,                                                                                                         
                                       "Total Cost": 318027.43,                                                                                                          
                                       "Plan Rows": 63,                                                                                                                  
                                       "Plan Width": 13,                                                                                                                 
                                       "Actual Startup Time": 3275.128,                                                                                                  
                                       "Actual Total Time": 3422.304,                                                                                                    
                                       "Actual Rows": 71080,                                                                                                             
                                       "Actual Loops": 3,                                                                                                                
                                       "Inner Unique": false,                                                                                                            
                                       "Hash Cond": "(mi.movie_id = mi_idx.movie_id)",                                                                                   
                                       "Plans": [                                                                                                                        
                                         {                                                                                                                               
                                           "Node Type": "Hash Join",                                                                                                     
                                           "Parent Relationship": "Outer",                                                                                               
                                           "Parallel Aware": false,                                                                                                      
                                           "Join Type": "Inner",                                                                                                         
                                           "Startup Cost": 2.43,                                                                                                         
                                           "Total Cost": 301306.13,                                                                                                      
                                           "Plan Rows": 2491,                                                                                                            
                                           "Plan Width": 4,                                                                                                              
                                           "Actual Startup Time": 2122.192,                                                                                              
                                           "Actual Total Time": 2754.756,                                                                                                
                                           "Actual Rows": 204750,                                                                                                        
                                           "Actual Loops": 3,                                                                                                            
                                           "Inner Unique": true,                                                                                                         
                                           "Hash Cond": "(mi.info_type_id = it1.id)",                                                                                    
                                           "Plans": [                                                                                                                    
                                             {                                                                                                                           
                                               "Node Type": "Seq Scan",                                                                                                  
                                               "Parent Relationship": "Outer",                                                                                           
                                               "Parallel Aware": true,                                                                                                   
                                               "Relation Name": "movie_info",                                                                                            
                                               "Alias": "mi",                                                                                                            
                                               "Startup Cost": 0.00,                                                                                                     
                                               "Total Cost": 300537.00,                                                                                                  
                                               "Plan Rows": 281520,                                                                                                      
                                               "Plan Width": 8,                                                                                                          
                                               "Actual Startup Time": 1.187,                                                                                             
                                               "Actual Total Time": 2678.232,                                                                                            
                                               "Actual Rows": 235558,                                                                                                    
                                               "Actual Loops": 3,                                                                                                        
                                               "Filter": "((info)::text = ANY ('{Sweden,Norway,Germany,Denmark,Swedish,Denish,Norwegian,German,USA,American}'::text[]))",
                                               "Rows Removed by Filter": 4709682                                                                                         
                                             },                                                                                                                          
                                             {                                                                                                                           
                                               "Node Type": "Hash",                                                                                                      
                                               "Parent Relationship": "Inner",                                                                                           
                                               "Parallel Aware": false,                                                                                                  
                                               "Startup Cost": 2.41,                                                                                                     
                                               "Total Cost": 2.41,                                                                                                       
                                               "Plan Rows": 1,                                                                                                           
                                               "Plan Width": 4,                                                                                                          
                                               "Actual Startup Time": 0.040,                                                                                             
                                               "Actual Total Time": 0.041,                                                                                               
                                               "Actual Rows": 1,                                                                                                         
                                               "Actual Loops": 3,                                                                                                        
                                               "Hash Buckets": 1024,                                                                                                     
                                               "Original Hash Buckets": 1024,                                                                                            
                                               "Hash Batches": 1,                                                                                                        
                                               "Original Hash Batches": 1,                                                                                               
                                               "Peak Memory Usage": 9,                                                                                                   
                                               "Plans": [                                                                                                                
                                                 {                                                                                                                       
                                                   "Node Type": "Seq Scan",                                                                                              
                                                   "Parent Relationship": "Outer",                                                                                       
                                                   "Parallel Aware": false,                                                                                              
                                                   "Relation Name": "info_type",                                                                                         
                                                   "Alias": "it1",                                                                                                       
                                                   "Startup Cost": 0.00,                                                                                                 
                                                   "Total Cost": 2.41,                                                                                                   
                                                   "Plan Rows": 1,                                                                                                       
                                                   "Plan Width": 4,                                                                                                      
                                                   "Actual Startup Time": 0.018,                                                                                         
                                                   "Actual Total Time": 0.037,                                                                                           
                                                   "Actual Rows": 1,                                                                                                     
                                                   "Actual Loops": 3,                                                                                                    
                                                   "Filter": "((info)::text = 'countries'::text)",                                                                       
                                                   "Rows Removed by Filter": 112                                                                                         
                                                 }                                                                                                                       
                                               ]                                                                                                                         
                                             }                                                                                                                           
                                           ]                                                                                                                             
                                         },                                                                                                                              
                                         {                                                                                                                               
                                           "Node Type": "Hash",                                                                                                          
                                           "Parent Relationship": "Inner",                                                                                               
                                           "Parallel Aware": true,                                                                                                       
                                           "Startup Cost": 16649.78,                                                                                                     
                                           "Total Cost": 16649.78,                                                                                                       
                                           "Plan Rows": 4954,                                                                                                            
                                           "Plan Width": 9,                                                                                                              
                                           "Actual Startup Time": 447.525,                                                                                               
                                           "Actual Total Time": 447.552,                                                                                                 
                                           "Actual Rows": 151410,                                                                                                        
                                           "Actual Loops": 3,                                                                                                            
                                           "Hash Buckets": 131072,                                                                                                       
                                           "Original Hash Buckets": 16384,                                                                                               
                                           "Hash Batches": 8,                                                                                                            
                                           "Original Hash Batches": 1,                                                                                                   
                                           "Peak Memory Usage": 3296,                                                                                                    
                                           "Plans": [                                                                                                                    
                                             {                                                                                                                           
                                               "Node Type": "Hash Join",                                                                                                 
                                               "Parent Relationship": "Outer",                                                                                           
                                               "Parallel Aware": false,                                                                                                  
                                               "Join Type": "Inner",                                                                                                     
                                               "Startup Cost": 2.43,                                                                                                     
                                               "Total Cost": 16649.78,                                                                                                   
                                               "Plan Rows": 4954,                                                                                                        
                                               "Plan Width": 9,                                                                                                          
                                               "Actual Startup Time": 0.145,                                                                                             
                                               "Actual Total Time": 338.358,                                                                                             
                                               "Actual Rows": 151410,                                                                                                    
                                               "Actual Loops": 3,                                                                                                        
                                               "Inner Unique": true,                                                                                                     
                                               "Hash Cond": "(mi_idx.info_type_id = it2.id)",                                                                            
                                               "Plans": [                                                                                                                
                                                 {                                                                                                                       
                                                   "Node Type": "Seq Scan",                                                                                              
                                                   "Parent Relationship": "Outer",                                                                                       
                                                   "Parallel Aware": true,                                                                                               
                                                   "Relation Name": "movie_info_idx",                                                                                    
                                                   "Alias": "mi_idx",                                                                                                    
                                                   "Startup Cost": 0.00,                                                                                                 
                                                   "Total Cost": 15122.68,                                                                                               
                                                   "Plan Rows": 559831,                                                                                                  
                                                   "Plan Width": 13,                                                                                                     
                                                   "Actual Startup Time": 0.061,                                                                                         
                                                   "Actual Total Time": 242.669,                                                                                         
                                                   "Actual Rows": 447852,                                                                                                
                                                   "Actual Loops": 3,                                                                                                    
                                                   "Filter": "((info)::text < '8.5'::text)",                                                                             
                                                   "Rows Removed by Filter": 12160                                                                                       
                                                 },                                                                                                                      
                                                 {                                                                                                                       
                                                   "Node Type": "Hash",                                                                                                  
                                                   "Parent Relationship": "Inner",                                                                                       
                                                   "Parallel Aware": false,                                                                                              
                                                   "Startup Cost": 2.41,                                                                                                 
                                                   "Total Cost": 2.41,                                                                                                   
                                                   "Plan Rows": 1,                                                                                                       
                                                   "Plan Width": 4,                                                                                                      
                                                   "Actual Startup Time": 0.058,                                                                                         
                                                   "Actual Total Time": 0.066,                                                                                           
                                                   "Actual Rows": 1,                                                                                                     
                                                   "Actual Loops": 3,                                                                                                    
                                                   "Hash Buckets": 1024,                                                                                                 
                                                   "Original Hash Buckets": 1024,                                                                                        
                                                   "Hash Batches": 1,                                                                                                    
                                                   "Original Hash Batches": 1,                                                                                           
                                                   "Peak Memory Usage": 9,                                                                                               
                                                   "Plans": [                                                                                                            
                                                     {                                                                                                                   
                                                       "Node Type": "Seq Scan",                                                                                          
                                                       "Parent Relationship": "Outer",                                                                                   
                                                       "Parallel Aware": false,                                                                                          
                                                       "Relation Name": "info_type",                                                                                     
                                                       "Alias": "it2",                                                                                                   
                                                       "Startup Cost": 0.00,                                                                                             
                                                       "Total Cost": 2.41,                                                                                               
                                                       "Plan Rows": 1,                                                                                                   
                                                       "Plan Width": 4,                                                                                                  
                                                       "Actual Startup Time": 0.048,                                                                                     
                                                       "Actual Total Time": 0.051,                                                                                       
                                                       "Actual Rows": 1,                                                                                                 
                                                       "Actual Loops": 3,                                                                                                
                                                       "Filter": "((info)::text = 'rating'::text)",                                                                      
                                                       "Rows Removed by Filter": 112                                                                                     
                                                     }                                                                                                                   
                                                   ]                                                                                                                     
                                                 }                                                                                                                       
                                               ]                                                                                                                         
                                             }                                                                                                                           
                                           ]                                                                                                                             
                                         }                                                                                                                               
                                       ]                                                                                                                                 
                                     },                                                                                                                                  
                                     {                                                                                                                                   
                                       "Node Type": "Index Scan",                                                                                                        
                                       "Parent Relationship": "Inner",                                                                                                   
                                       "Parallel Aware": false,                                                                                                          
                                       "Scan Direction": "Forward",                                                                                                      
                                       "Index Name": "title_pkey",                                                                                                       
                                       "Relation Name": "title",                                                                                                         
                                       "Alias": "t",                                                                                                                     
                                       "Startup Cost": 0.43,                                                                                                             
                                       "Total Cost": 0.58,                                                                                                               
                                       "Plan Rows": 1,                                                                                                                   
                                       "Plan Width": 25,                                                                                                                 
                                       "Actual Startup Time": 0.011,                                                                                                     
                                       "Actual Total Time": 0.011,                                                                                                       
                                       "Actual Rows": 0,                                                                                                                 
                                       "Actual Loops": 213239,                                                                                                           
                                       "Index Cond": "(id = mi_idx.movie_id)",                                                                                           
                                       "Rows Removed by Index Recheck": 0,                                                                                               
                                       "Filter": "(production_year > 2010)",                                                                                             
                                       "Rows Removed by Filter": 1                                                                                                       
                                     }                                                                                                                                   
                                   ]                                                                                                                                     
                                 },                                                                                                                                      
                                 {                                                                                                                                       
                                   "Node Type": "Index Scan",                                                                                                            
                                   "Parent Relationship": "Inner",                                                                                                       
                                   "Parallel Aware": false,                                                                                                              
                                   "Scan Direction": "Forward",                                                                                                          
                                   "Index Name": "kind_type_pkey",                                                                                                       
                                   "Relation Name": "kind_type",                                                                                                         
                                   "Alias": "kt",                                                                                                                        
                                   "Startup Cost": 0.15,                                                                                                                 
                                   "Total Cost": 0.17,                                                                                                                   
                                   "Plan Rows": 1,                                                                                                                       
                                   "Plan Width": 4,                                                                                                                      
                                   "Actual Startup Time": 0.002,                                                                                                         
                                   "Actual Total Time": 0.002,                                                                                                           
                                   "Actual Rows": 0,                                                                                                                     
                                   "Actual Loops": 17514,                                                                                                                
                                   "Index Cond": "(id = t.kind_id)",                                                                                                     
                                   "Rows Removed by Index Recheck": 0,                                                                                                   
                                   "Filter": "((kind)::text = 'movie'::text)",                                                                                           
                                   "Rows Removed by Filter": 1                                                                                                           
                                 }                                                                                                                                       
                               ]                                                                                                                                         
                             }                                                                                                                                           
                           ]                                                                                                                                             
                         }                                                                                                                                               
                       ]                                                                                                                                                 
                     },                                                                                                                                                  
                     {                                                                                                                                                   
                       "Node Type": "Index Scan",                                                                                                                        
                       "Parent Relationship": "Inner",                                                                                                                   
                       "Parallel Aware": false,                                                                                                                          
                       "Scan Direction": "Forward",                                                                                                                      
                       "Index Name": "keyword_pkey",                                                                                                                     
                       "Relation Name": "keyword",                                                                                                                       
                       "Alias": "k",                                                                                                                                     
                       "Startup Cost": 0.42,                                                                                                                             
                       "Total Cost": 0.44,                                                                                                                               
                       "Plan Rows": 1,                                                                                                                                   
                       "Plan Width": 4,                                                                                                                                  
                       "Actual Startup Time": 0.006,                                                                                                                     
                       "Actual Total Time": 0.006,                                                                                                                       
                       "Actual Rows": 0,                                                                                                                                 
                       "Actual Loops": 75669,                                                                                                                            
                       "Index Cond": "(id = mk.keyword_id)",                                                                                                             
                       "Rows Removed by Index Recheck": 0,                                                                                                               
                       "Filter": "((keyword)::text = ANY ('{murder,murder-in-title,blood,violence}'::text[]))",                                                          
                       "Rows Removed by Filter": 1                                                                                                                       
                     }                                                                                                                                                   
                   ]                                                                                                                                                     
                 }                                                                                                                                                       
               ]                                                                                                                                                         
             }                                                                                                                                                           
           ]                                                                                                                                                             
         }                                                                                                                                                               
       ]                                                                                                                                                                 
     },                                                                                                                                                                  
     "Planning Time": 8.703,                                                                                                                                             
     "Triggers": [                                                                                                                                                       
     ],                                                                                                                                                                  
     "Execution Time": 5278.190                                                                                                                                          
   }                                                                                                                                                                     
 ]
