[                                                                                                                                                                   
   {                                                                                                                                                                 
     "Plan": {                                                                                                                                                       
       "Node Type": "Aggregate",                                                                                                                                     
       "Strategy": "Plain",                                                                                                                                          
       "Partial Mode": "Simple",                                                                                                                                     
       "Parallel Aware": false,                                                                                                                                      
       "Startup Cost": 369443.08,                                                                                                                                    
       "Total Cost": 369443.09,                                                                                                                                      
       "Plan Rows": 1,                                                                                                                                               
       "Plan Width": 64,                                                                                                                                             
       "Actual Startup Time": 6004.570,                                                                                                                              
       "Actual Total Time": 6027.565,                                                                                                                                
       "Actual Rows": 1,                                                                                                                                             
       "Actual Loops": 1,                                                                                                                                            
       "Plans": [                                                                                                                                                    
         {                                                                                                                                                           
           "Node Type": "Gather",                                                                                                                                    
           "Parent Relationship": "Outer",                                                                                                                           
           "Parallel Aware": false,                                                                                                                                  
           "Startup Cost": 319069.70,                                                                                                                                
           "Total Cost": 369443.07,                                                                                                                                  
           "Plan Rows": 1,                                                                                                                                           
           "Plan Width": 22,                                                                                                                                         
           "Actual Startup Time": 4477.889,                                                                                                                          
           "Actual Total Time": 6022.278,                                                                                                                            
           "Actual Rows": 4115,                                                                                                                                      
           "Actual Loops": 1,                                                                                                                                        
           "Workers Planned": 2,                                                                                                                                     
           "Workers Launched": 2,                                                                                                                                    
           "Single Copy": false,                                                                                                                                     
           "Plans": [                                                                                                                                                
             {                                                                                                                                                       
               "Node Type": "Nested Loop",                                                                                                                           
               "Parent Relationship": "Outer",                                                                                                                       
               "Parallel Aware": false,                                                                                                                              
               "Join Type": "Inner",                                                                                                                                 
               "Startup Cost": 318069.70,                                                                                                                            
               "Total Cost": 368442.97,                                                                                                                              
               "Plan Rows": 1,                                                                                                                                       
               "Plan Width": 22,                                                                                                                                     
               "Actual Startup Time": 4471.360,                                                                                                                      
               "Actual Total Time": 5991.924,                                                                                                                        
               "Actual Rows": 1372,                                                                                                                                  
               "Actual Loops": 3,                                                                                                                                    
               "Inner Unique": true,                                                                                                                                 
               "Plans": [                                                                                                                                            
                 {                                                                                                                                                   
                   "Node Type": "Hash Join",                                                                                                                         
                   "Parent Relationship": "Outer",                                                                                                                   
                   "Parallel Aware": true,                                                                                                                           
                   "Join Type": "Inner",                                                                                                                             
                   "Startup Cost": 318069.28,                                                                                                                        
                   "Total Cost": 368441.64,                                                                                                                          
                   "Plan Rows": 3,                                                                                                                                   
                   "Plan Width": 26,                                                                                                                                 
                   "Actual Startup Time": 4469.637,                                                                                                                  
                   "Actual Total Time": 5149.652,                                                                                                                    
                   "Actual Rows": 153383,                                                                                                                            
                   "Actual Loops": 3,                                                                                                                                
                   "Inner Unique": false,                                                                                                                            
                   "Hash Cond": "(mk.movie_id = t.id)",                                                                                                              
                   "Plans": [                                                                                                                                        
                     {                                                                                                                                               
                       "Node Type": "Seq Scan",                                                                                                                      
                       "Parent Relationship": "Outer",                                                                                                               
                       "Parallel Aware": true,                                                                                                                       
                       "Relation Name": "movie_keyword",                                                                                                             
                       "Alias": "mk",                                                                                                                                
                       "Startup Cost": 0.00,                                                                                                                         
                       "Total Cost": 43303.71,                                                                                                                       
                       "Plan Rows": 1884971,                                                                                                                         
                       "Plan Width": 8,                                                                                                                              
                       "Actual Startup Time": 0.052,                                                                                                                 
                       "Actual Total Time": 294.663,                                                                                                                 
                       "Actual Rows": 1507977,                                                                                                                       
                       "Actual Loops": 3                                                                                                                             
                     },                                                                                                                                              
                     {                                                                                                                                               
                       "Node Type": "Hash",                                                                                                                          
                       "Parent Relationship": "Inner",                                                                                                               
                       "Parallel Aware": true,                                                                                                                       
                       "Startup Cost": 318069.27,                                                                                                                    
                       "Total Cost": 318069.27,                                                                                                                      
                       "Plan Rows": 1,                                                                                                                               
                       "Plan Width": 34,                                                                                                                             
                       "Actual Startup Time": 4469.119,                                                                                                              
                       "Actual Total Time": 4469.614,                                                                                                                
                       "Actual Rows": 14805,                                                                                                                         
                       "Actual Loops": 3,                                                                                                                            
                       "Hash Buckets": 65536,                                                                                                                        
                       "Original Hash Buckets": 1024,                                                                                                                
                       "Hash Batches": 1,                                                                                                                            
                       "Original Hash Batches": 1,                                                                                                                   
                       "Peak Memory Usage": 4056,                                                                                                                    
                       "Plans": [                                                                                                                                    
                         {                                                                                                                                           
                           "Node Type": "Nested Loop",                                                                                                               
                           "Parent Relationship": "Outer",                                                                                                           
                           "Parallel Aware": false,                                                                                                                  
                           "Join Type": "Inner",                                                                                                                     
                           "Startup Cost": 16714.71,                                                                                                                 
                           "Total Cost": 318069.27,                                                                                                                  
                           "Plan Rows": 1,                                                                                                                           
                           "Plan Width": 34,                                                                                                                         
                           "Actual Startup Time": 3272.788,                                                                                                          
                           "Actual Total Time": 4344.798,                                                                                                            
                           "Actual Rows": 14805,                                                                                                                     
                           "Actual Loops": 3,                                                                                                                        
                           "Inner Unique": true,                                                                                                                     
                           "Plans": [                                                                                                                                
                             {                                                                                                                                       
                               "Node Type": "Nested Loop",                                                                                                           
                               "Parent Relationship": "Outer",                                                                                                       
                               "Parallel Aware": false,                                                                                                              
                               "Join Type": "Inner",                                                                                                                 
                               "Startup Cost": 16714.56,                                                                                                             
                               "Total Cost": 318065.01,                                                                                                              
                               "Plan Rows": 25,                                                                                                                      
                               "Plan Width": 38,                                                                                                                     
                               "Actual Startup Time": 3272.679,                                                                                                      
                               "Actual Total Time": 4283.364,                                                                                                        
                               "Actual Rows": 21417,                                                                                                                 
                               "Actual Loops": 3,                                                                                                                    
                               "Inner Unique": true,                                                                                                                 
                               "Join Filter": "(mi.movie_id = t.id)",                                                                                                
                               "Rows Removed by Join Filter": 0,                                                                                                     
                               "Plans": [                                                                                                                            
                                 {                                                                                                                                   
                                   "Node Type": "Hash Join",                                                                                                         
                                   "Parent Relationship": "Outer",                                                                                                   
                                   "Parallel Aware": true,                                                                                                           
                                   "Join Type": "Inner",                                                                                                             
                                   "Startup Cost": 16714.13,                                                                                                         
                                   "Total Cost": 318027.43,                                                                                                          
                                   "Plan Rows": 63,                                                                                                                  
                                   "Plan Width": 13,                                                                                                                 
                                   "Actual Startup Time": 3272.506,                                                                                                  
                                   "Actual Total Time": 3415.511,                                                                                                    
                                   "Actual Rows": 71080,                                                                                                             
                                   "Actual Loops": 3,                                                                                                                
                                   "Inner Unique": false,                                                                                                            
                                   "Hash Cond": "(mi.movie_id = mi_idx.movie_id)",                                                                                   
                                   "Plans": [                                                                                                                        
                                     {                                                                                                                               
                                       "Node Type": "Hash Join",                                                                                                     
                                       "Parent Relationship": "Outer",                                                                                               
                                       "Parallel Aware": false,                                                                                                      
                                       "Join Type": "Inner",                                                                                                         
                                       "Startup Cost": 2.43,                                                                                                         
                                       "Total Cost": 301306.13,                                                                                                      
                                       "Plan Rows": 2491,                                                                                                            
                                       "Plan Width": 4,                                                                                                              
                                       "Actual Startup Time": 2121.706,                                                                                              
                                       "Actual Total Time": 2751.230,                                                                                                
                                       "Actual Rows": 204750,                                                                                                        
                                       "Actual Loops": 3,                                                                                                            
                                       "Inner Unique": true,                                                                                                         
                                       "Hash Cond": "(mi.info_type_id = it1.id)",                                                                                    
                                       "Plans": [                                                                                                                    
                                         {                                                                                                                           
                                           "Node Type": "Seq Scan",                                                                                                  
                                           "Parent Relationship": "Outer",                                                                                           
                                           "Parallel Aware": true,                                                                                                   
                                           "Relation Name": "movie_info",                                                                                            
                                           "Alias": "mi",                                                                                                            
                                           "Startup Cost": 0.00,                                                                                                     
                                           "Total Cost": 300537.00,                                                                                                  
                                           "Plan Rows": 281520,                                                                                                      
                                           "Plan Width": 8,                                                                                                          
                                           "Actual Startup Time": 1.219,                                                                                             
                                           "Actual Total Time": 2676.581,                                                                                            
                                           "Actual Rows": 238737,                                                                                                    
                                           "Actual Loops": 3,                                                                                                        
                                           "Filter": "((info)::text = ANY ('{Sweden,Norway,Germany,Denmark,Swedish,Danish,Norwegian,German,USA,American}'::text[]))",
                                           "Rows Removed by Filter": 4706503                                                                                         
                                         },                                                                                                                          
                                         {                                                                                                                           
                                           "Node Type": "Hash",                                                                                                      
                                           "Parent Relationship": "Inner",                                                                                           
                                           "Parallel Aware": false,                                                                                                  
                                           "Startup Cost": 2.41,                                                                                                     
                                           "Total Cost": 2.41,                                                                                                       
                                           "Plan Rows": 1,                                                                                                           
                                           "Plan Width": 4,                                                                                                          
                                           "Actual Startup Time": 0.034,                                                                                             
                                           "Actual Total Time": 0.052,                                                                                               
                                           "Actual Rows": 1,                                                                                                         
                                           "Actual Loops": 3,                                                                                                        
                                           "Hash Buckets": 1024,                                                                                                     
                                           "Original Hash Buckets": 1024,                                                                                            
                                           "Hash Batches": 1,                                                                                                        
                                           "Original Hash Batches": 1,                                                                                               
                                           "Peak Memory Usage": 9,                                                                                                   
                                           "Plans": [                                                                                                                
                                             {                                                                                                                       
                                               "Node Type": "Seq Scan",                                                                                              
                                               "Parent Relationship": "Outer",                                                                                       
                                               "Parallel Aware": false,                                                                                              
                                               "Relation Name": "info_type",                                                                                         
                                               "Alias": "it1",                                                                                                       
                                               "Startup Cost": 0.00,                                                                                                 
                                               "Total Cost": 2.41,                                                                                                   
                                               "Plan Rows": 1,                                                                                                       
                                               "Plan Width": 4,                                                                                                      
                                               "Actual Startup Time": 0.012,                                                                                         
                                               "Actual Total Time": 0.041,                                                                                           
                                               "Actual Rows": 1,                                                                                                     
                                               "Actual Loops": 3,                                                                                                    
                                               "Filter": "((info)::text = 'countries'::text)",                                                                       
                                               "Rows Removed by Filter": 112                                                                                         
                                             }                                                                                                                       
                                           ]                                                                                                                         
                                         }                                                                                                                           
                                       ]                                                                                                                             
                                     },                                                                                                                              
                                     {                                                                                                                               
                                       "Node Type": "Hash",                                                                                                          
                                       "Parent Relationship": "Inner",                                                                                               
                                       "Parallel Aware": true,                                                                                                       
                                       "Startup Cost": 16649.78,                                                                                                     
                                       "Total Cost": 16649.78,                                                                                                       
                                       "Plan Rows": 4954,                                                                                                            
                                       "Plan Width": 9,                                                                                                              
                                       "Actual Startup Time": 449.092,                                                                                               
                                       "Actual Total Time": 449.104,                                                                                                 
                                       "Actual Rows": 151410,                                                                                                        
                                       "Actual Loops": 3,                                                                                                            
                                       "Hash Buckets": 131072,                                                                                                       
                                       "Original Hash Buckets": 16384,                                                                                               
                                       "Hash Batches": 8,                                                                                                            
                                       "Original Hash Batches": 1,                                                                                                   
                                       "Peak Memory Usage": 3328,                                                                                                    
                                       "Plans": [                                                                                                                    
                                         {                                                                                                                           
                                           "Node Type": "Hash Join",                                                                                                 
                                           "Parent Relationship": "Outer",                                                                                           
                                           "Parallel Aware": false,                                                                                                  
                                           "Join Type": "Inner",                                                                                                     
                                           "Startup Cost": 2.43,                                                                                                     
                                           "Total Cost": 16649.78,                                                                                                   
                                           "Plan Rows": 4954,                                                                                                        
                                           "Plan Width": 9,                                                                                                          
                                           "Actual Startup Time": 0.151,                                                                                             
                                           "Actual Total Time": 339.520,                                                                                             
                                           "Actual Rows": 151410,                                                                                                    
                                           "Actual Loops": 3,                                                                                                        
                                           "Inner Unique": true,                                                                                                     
                                           "Hash Cond": "(mi_idx.info_type_id = it2.id)",                                                                            
                                           "Plans": [                                                                                                                
                                             {                                                                                                                       
                                               "Node Type": "Seq Scan",                                                                                              
                                               "Parent Relationship": "Outer",                                                                                       
                                               "Parallel Aware": true,                                                                                               
                                               "Relation Name": "movie_info_idx",                                                                                    
                                               "Alias": "mi_idx",                                                                                                    
                                               "Startup Cost": 0.00,                                                                                                 
                                               "Total Cost": 15122.68,                                                                                               
                                               "Plan Rows": 559831,                                                                                                  
                                               "Plan Width": 13,                                                                                                     
                                               "Actual Startup Time": 0.063,                                                                                         
                                               "Actual Total Time": 244.116,                                                                                         
                                               "Actual Rows": 447852,                                                                                                
                                               "Actual Loops": 3,                                                                                                    
                                               "Filter": "((info)::text < '8.5'::text)",                                                                             
                                               "Rows Removed by Filter": 12160                                                                                       
                                             },                                                                                                                      
                                             {                                                                                                                       
                                               "Node Type": "Hash",                                                                                                  
                                               "Parent Relationship": "Inner",                                                                                       
                                               "Parallel Aware": false,                                                                                              
                                               "Startup Cost": 2.41,                                                                                                 
                                               "Total Cost": 2.41,                                                                                                   
                                               "Plan Rows": 1,                                                                                                       
                                               "Plan Width": 4,                                                                                                      
                                               "Actual Startup Time": 0.059,                                                                                         
                                               "Actual Total Time": 0.061,                                                                                           
                                               "Actual Rows": 1,                                                                                                     
                                               "Actual Loops": 3,                                                                                                    
                                               "Hash Buckets": 1024,                                                                                                 
                                               "Original Hash Buckets": 1024,                                                                                        
                                               "Hash Batches": 1,                                                                                                    
                                               "Original Hash Batches": 1,                                                                                           
                                               "Peak Memory Usage": 9,                                                                                               
                                               "Plans": [                                                                                                            
                                                 {                                                                                                                   
                                                   "Node Type": "Seq Scan",                                                                                          
                                                   "Parent Relationship": "Outer",                                                                                   
                                                   "Parallel Aware": false,                                                                                          
                                                   "Relation Name": "info_type",                                                                                     
                                                   "Alias": "it2",                                                                                                   
                                                   "Startup Cost": 0.00,                                                                                             
                                                   "Total Cost": 2.41,                                                                                               
                                                   "Plan Rows": 1,                                                                                                   
                                                   "Plan Width": 4,                                                                                                  
                                                   "Actual Startup Time": 0.050,                                                                                     
                                                   "Actual Total Time": 0.054,                                                                                       
                                                   "Actual Rows": 1,                                                                                                 
                                                   "Actual Loops": 3,                                                                                                
                                                   "Filter": "((info)::text = 'rating'::text)",                                                                      
                                                   "Rows Removed by Filter": 112                                                                                     
                                                 }                                                                                                                   
                                               ]                                                                                                                     
                                             }                                                                                                                       
                                           ]                                                                                                                         
                                         }                                                                                                                           
                                       ]                                                                                                                             
                                     }                                                                                                                               
                                   ]                                                                                                                                 
                                 },                                                                                                                                  
                                 {                                                                                                                                   
                                   "Node Type": "Index Scan",                                                                                                        
                                   "Parent Relationship": "Inner",                                                                                                   
                                   "Parallel Aware": false,                                                                                                          
                                   "Scan Direction": "Forward",                                                                                                      
                                   "Index Name": "title_pkey",                                                                                                       
                                   "Relation Name": "title",                                                                                                         
                                   "Alias": "t",                                                                                                                     
                                   "Startup Cost": 0.43,                                                                                                             
                                   "Total Cost": 0.58,                                                                                                               
                                   "Plan Rows": 1,                                                                                                                   
                                   "Plan Width": 25,                                                                                                                 
                                   "Actual Startup Time": 0.012,                                                                                                     
                                   "Actual Total Time": 0.012,                                                                                                       
                                   "Actual Rows": 0,                                                                                                                 
                                   "Actual Loops": 213239,                                                                                                           
                                   "Index Cond": "(id = mi_idx.movie_id)",                                                                                           
                                   "Rows Removed by Index Recheck": 0,                                                                                               
                                   "Filter": "(production_year > 2005)",                                                                                             
                                   "Rows Removed by Filter": 1                                                                                                       
                                 }                                                                                                                                   
                               ]                                                                                                                                     
                             },                                                                                                                                      
                             {                                                                                                                                       
                               "Node Type": "Index Scan",                                                                                                            
                               "Parent Relationship": "Inner",                                                                                                       
                               "Parallel Aware": false,                                                                                                              
                               "Scan Direction": "Forward",                                                                                                          
                               "Index Name": "kind_type_pkey",                                                                                                       
                               "Relation Name": "kind_type",                                                                                                         
                               "Alias": "kt",                                                                                                                        
                               "Startup Cost": 0.15,                                                                                                                 
                               "Total Cost": 0.17,                                                                                                                   
                               "Plan Rows": 1,                                                                                                                       
                               "Plan Width": 4,                                                                                                                      
                               "Actual Startup Time": 0.002,                                                                                                         
                               "Actual Total Time": 0.002,                                                                                                           
                               "Actual Rows": 1,                                                                                                                     
                               "Actual Loops": 64250,                                                                                                                
                               "Index Cond": "(id = t.kind_id)",                                                                                                     
                               "Rows Removed by Index Recheck": 0,                                                                                                   
                               "Filter": "((kind)::text = ANY ('{movie,episode}'::text[]))",                                                                         
                               "Rows Removed by Filter": 0                                                                                                           
                             }                                                                                                                                       
                           ]                                                                                                                                         
                         }                                                                                                                                           
                       ]                                                                                                                                             
                     }                                                                                                                                               
                   ]                                                                                                                                                 
                 },                                                                                                                                                  
                 {                                                                                                                                                   
                   "Node Type": "Index Scan",                                                                                                                        
                   "Parent Relationship": "Inner",                                                                                                                   
                   "Parallel Aware": false,                                                                                                                          
                   "Scan Direction": "Forward",                                                                                                                      
                   "Index Name": "keyword_pkey",                                                                                                                     
                   "Relation Name": "keyword",                                                                                                                       
                   "Alias": "k",                                                                                                                                     
                   "Startup Cost": 0.42,                                                                                                                             
                   "Total Cost": 0.44,                                                                                                                               
                   "Plan Rows": 1,                                                                                                                                   
                   "Plan Width": 4,                                                                                                                                  
                   "Actual Startup Time": 0.005,                                                                                                                     
                   "Actual Total Time": 0.005,                                                                                                                       
                   "Actual Rows": 0,                                                                                                                                 
                   "Actual Loops": 460150,                                                                                                                           
                   "Index Cond": "(id = mk.keyword_id)",                                                                                                             
                   "Rows Removed by Index Recheck": 0,                                                                                                               
                   "Filter": "((keyword IS NOT NULL) AND ((keyword)::text = ANY ('{murder,murder-in-title,blood,violence}'::text[])))",                              
                   "Rows Removed by Filter": 1                                                                                                                       
                 }                                                                                                                                                   
               ]                                                                                                                                                     
             }                                                                                                                                                       
           ]                                                                                                                                                         
         }                                                                                                                                                           
       ]                                                                                                                                                             
     },                                                                                                                                                              
     "Planning Time": 8.140,                                                                                                                                         
     "Triggers": [                                                                                                                                                   
     ],                                                                                                                                                              
     "Execution Time": 6027.972                                                                                                                                      
   }                                                                                                                                                                 
 ]
