[                                                                                                                                                         
   {                                                                                                                                                       
     "Plan": {                                                                                                                                             
       "Node Type": "Aggregate",                                                                                                                           
       "Strategy": "Plain",                                                                                                                                
       "Partial Mode": "Finalize",                                                                                                                         
       "Parallel Aware": false,                                                                                                                            
       "Startup Cost": 359244.21,                                                                                                                          
       "Total Cost": 359244.22,                                                                                                                            
       "Plan Rows": 1,                                                                                                                                     
       "Plan Width": 64,                                                                                                                                   
       "Actual Startup Time": 2295.850,                                                                                                                    
       "Actual Total Time": 2299.389,                                                                                                                      
       "Actual Rows": 1,                                                                                                                                   
       "Actual Loops": 1,                                                                                                                                  
       "Plans": [                                                                                                                                          
         {                                                                                                                                                 
           "Node Type": "Gather",                                                                                                                          
           "Parent Relationship": "Outer",                                                                                                                 
           "Parallel Aware": false,                                                                                                                        
           "Startup Cost": 359243.99,                                                                                                                      
           "Total Cost": 359244.20,                                                                                                                        
           "Plan Rows": 2,                                                                                                                                 
           "Plan Width": 64,                                                                                                                               
           "Actual Startup Time": 2295.439,                                                                                                                
           "Actual Total Time": 2299.342,                                                                                                                  
           "Actual Rows": 3,                                                                                                                               
           "Actual Loops": 1,                                                                                                                              
           "Workers Planned": 2,                                                                                                                           
           "Workers Launched": 2,                                                                                                                          
           "Single Copy": false,                                                                                                                           
           "Plans": [                                                                                                                                      
             {                                                                                                                                             
               "Node Type": "Aggregate",                                                                                                                   
               "Strategy": "Plain",                                                                                                                        
               "Partial Mode": "Partial",                                                                                                                  
               "Parent Relationship": "Outer",                                                                                                             
               "Parallel Aware": false,                                                                                                                    
               "Startup Cost": 358243.99,                                                                                                                  
               "Total Cost": 358244.00,                                                                                                                    
               "Plan Rows": 1,                                                                                                                             
               "Plan Width": 64,                                                                                                                           
               "Actual Startup Time": 2288.871,                                                                                                            
               "Actual Total Time": 2288.890,                                                                                                              
               "Actual Rows": 1,                                                                                                                           
               "Actual Loops": 3,                                                                                                                          
               "Plans": [                                                                                                                                  
                 {                                                                                                                                         
                   "Node Type": "Hash Join",                                                                                                               
                   "Parent Relationship": "Outer",                                                                                                         
                   "Parallel Aware": true,                                                                                                                 
                   "Join Type": "Inner",                                                                                                                   
                   "Startup Cost": 349958.32,                                                                                                              
                   "Total Cost": 358243.95,                                                                                                                
                   "Plan Rows": 8,                                                                                                                         
                   "Plan Width": 59,                                                                                                                       
                   "Actual Startup Time": 2234.734,                                                                                                        
                   "Actual Total Time": 2288.617,                                                                                                          
                   "Actual Rows": 109,                                                                                                                     
                   "Actual Loops": 3,                                                                                                                      
                   "Inner Unique": false,                                                                                                                  
                   "Hash Cond": "(at.movie_id = t.id)",                                                                                                    
                   "Plans": [                                                                                                                              
                     {                                                                                                                                     
                       "Node Type": "Seq Scan",                                                                                                            
                       "Parent Relationship": "Outer",                                                                                                     
                       "Parallel Aware": true,                                                                                                             
                       "Relation Name": "aka_title",                                                                                                       
                       "Alias": "at",                                                                                                                      
                       "Startup Cost": 0.00,                                                                                                               
                       "Total Cost": 7719.27,                                                                                                              
                       "Plan Rows": 151027,                                                                                                                
                       "Plan Width": 4,                                                                                                                    
                       "Actual Startup Time": 0.064,                                                                                                       
                       "Actual Total Time": 32.280,                                                                                                        
                       "Actual Rows": 120491,                                                                                                              
                       "Actual Loops": 3                                                                                                                   
                     },                                                                                                                                    
                     {                                                                                                                                     
                       "Node Type": "Hash",                                                                                                                
                       "Parent Relationship": "Inner",                                                                                                     
                       "Parallel Aware": true,                                                                                                             
                       "Startup Cost": 349958.28,                                                                                                          
                       "Total Cost": 349958.28,                                                                                                            
                       "Plan Rows": 3,                                                                                                                     
                       "Plan Width": 75,                                                                                                                   
                       "Actual Startup Time": 2227.684,                                                                                                    
                       "Actual Total Time": 2227.701,                                                                                                      
                       "Actual Rows": 466,                                                                                                                 
                       "Actual Loops": 3,                                                                                                                  
                       "Hash Buckets": 1024,                                                                                                               
                       "Original Hash Buckets": 1024,                                                                                                      
                       "Hash Batches": 1,                                                                                                                  
                       "Original Hash Batches": 1,                                                                                                         
                       "Peak Memory Usage": 168,                                                                                                           
                       "Plans": [                                                                                                                          
                         {                                                                                                                                 
                           "Node Type": "Nested Loop",                                                                                                     
                           "Parent Relationship": "Outer",                                                                                                 
                           "Parallel Aware": false,                                                                                                        
                           "Join Type": "Inner",                                                                                                           
                           "Startup Cost": 299582.91,                                                                                                      
                           "Total Cost": 349958.28,                                                                                                        
                           "Plan Rows": 3,                                                                                                                 
                           "Plan Width": 75,                                                                                                               
                           "Actual Startup Time": 1659.136,                                                                                                
                           "Actual Total Time": 2227.068,                                                                                                  
                           "Actual Rows": 466,                                                                                                             
                           "Actual Loops": 3,                                                                                                              
                           "Inner Unique": true,                                                                                                           
                           "Plans": [                                                                                                                      
                             {                                                                                                                             
                               "Node Type": "Nested Loop",                                                                                                 
                               "Parent Relationship": "Outer",                                                                                             
                               "Parallel Aware": false,                                                                                                    
                               "Join Type": "Inner",                                                                                                       
                               "Startup Cost": 299582.49,                                                                                                  
                               "Total Cost": 349956.97,                                                                                                    
                               "Plan Rows": 3,                                                                                                             
                               "Plan Width": 79,                                                                                                           
                               "Actual Startup Time": 1659.013,                                                                                            
                               "Actual Total Time": 2223.619,                                                                                              
                               "Actual Rows": 466,                                                                                                         
                               "Actual Loops": 3,                                                                                                          
                               "Inner Unique": true,                                                                                                       
                               "Join Filter": "(mi.movie_id = t.id)",                                                                                      
                               "Rows Removed by Join Filter": 0,                                                                                           
                               "Plans": [                                                                                                                  
                                 {                                                                                                                         
                                   "Node Type": "Hash Join",                                                                                               
                                   "Parent Relationship": "Outer",                                                                                         
                                   "Parallel Aware": true,                                                                                                 
                                   "Join Type": "Inner",                                                                                                   
                                   "Startup Cost": 299582.06,                                                                                              
                                   "Total Cost": 349954.46,                                                                                                
                                   "Plan Rows": 5,                                                                                                         
                                   "Plan Width": 58,                                                                                                       
                                   "Actual Startup Time": 1658.858,                                                                                        
                                   "Actual Total Time": 2218.807,                                                                                          
                                   "Actual Rows": 491,                                                                                                     
                                   "Actual Loops": 3,                                                                                                      
                                   "Inner Unique": false,                                                                                                  
                                   "Hash Cond": "(mk.movie_id = mi.movie_id)",                                                                             
                                   "Plans": [                                                                                                              
                                     {                                                                                                                     
                                       "Node Type": "Seq Scan",                                                                                            
                                       "Parent Relationship": "Outer",                                                                                     
                                       "Parallel Aware": true,                                                                                             
                                       "Relation Name": "movie_keyword",                                                                                   
                                       "Alias": "mk",                                                                                                      
                                       "Startup Cost": 0.00,                                                                                               
                                       "Total Cost": 43303.71,                                                                                             
                                       "Plan Rows": 1884971,                                                                                               
                                       "Plan Width": 8,                                                                                                    
                                       "Actual Startup Time": 0.053,                                                                                       
                                       "Actual Total Time": 281.721,                                                                                       
                                       "Actual Rows": 1507977,                                                                                             
                                       "Actual Loops": 3                                                                                                   
                                     },                                                                                                                    
                                     {                                                                                                                     
                                       "Node Type": "Hash",                                                                                                
                                       "Parent Relationship": "Inner",                                                                                     
                                       "Parallel Aware": true,                                                                                             
                                       "Startup Cost": 299582.04,                                                                                          
                                       "Total Cost": 299582.04,                                                                                            
                                       "Plan Rows": 1,                                                                                                     
                                       "Plan Width": 50,                                                                                                   
                                       "Actual Startup Time": 1641.054,                                                                                    
                                       "Actual Total Time": 1641.066,                                                                                      
                                       "Actual Rows": 223,                                                                                                 
                                       "Actual Loops": 3,                                                                                                  
                                       "Hash Buckets": 1024,                                                                                               
                                       "Original Hash Buckets": 1024,                                                                                      
                                       "Hash Batches": 1,                                                                                                  
                                       "Original Hash Batches": 1,                                                                                         
                                       "Peak Memory Usage": 104,                                                                                           
                                       "Plans": [                                                                                                          
                                         {                                                                                                                 
                                           "Node Type": "Nested Loop",                                                                                     
                                           "Parent Relationship": "Outer",                                                                                 
                                           "Parallel Aware": false,                                                                                        
                                           "Join Type": "Inner",                                                                                           
                                           "Startup Cost": 254359.14,                                                                                      
                                           "Total Cost": 299582.04,                                                                                        
                                           "Plan Rows": 1,                                                                                                 
                                           "Plan Width": 50,                                                                                               
                                           "Actual Startup Time": 1312.072,                                                                                
                                           "Actual Total Time": 1640.656,                                                                                  
                                           "Actual Rows": 223,                                                                                             
                                           "Actual Loops": 3,                                                                                              
                                           "Inner Unique": true,                                                                                           
                                           "Plans": [                                                                                                      
                                             {                                                                                                             
                                               "Node Type": "Nested Loop",                                                                                 
                                               "Parent Relationship": "Outer",                                                                             
                                               "Parallel Aware": false,                                                                                    
                                               "Join Type": "Inner",                                                                                       
                                               "Startup Cost": 254358.99,                                                                                  
                                               "Total Cost": 299581.87,                                                                                    
                                               "Plan Rows": 1,                                                                                             
                                               "Plan Width": 54,                                                                                           
                                               "Actual Startup Time": 1312.006,                                                                            
                                               "Actual Total Time": 1639.630,                                                                              
                                               "Actual Rows": 223,                                                                                         
                                               "Actual Loops": 3,                                                                                          
                                               "Inner Unique": true,                                                                                       
                                               "Plans": [                                                                                                  
                                                 {                                                                                                         
                                                   "Node Type": "Hash Join",                                                                               
                                                   "Parent Relationship": "Outer",                                                                         
                                                   "Parallel Aware": true,                                                                                 
                                                   "Join Type": "Inner",                                                                                   
                                                   "Startup Cost": 254358.57,                                                                              
                                                   "Total Cost": 299580.48,                                                                                
                                                   "Plan Rows": 1,                                                                                         
                                                   "Plan Width": 58,                                                                                       
                                                   "Actual Startup Time": 1311.886,                                                                        
                                                   "Actual Total Time": 1634.570,                                                                          
                                                   "Actual Rows": 233,                                                                                     
                                                   "Actual Loops": 3,                                                                                      
                                                   "Inner Unique": false,                                                                                  
                                                   "Hash Cond": "(mc.movie_id = mi.movie_id)",                                                             
                                                   "Plans": [                                                                                              
                                                     {                                                                                                     
                                                       "Node Type": "Seq Scan",                                                                            
                                                       "Parent Relationship": "Outer",                                                                     
                                                       "Parallel Aware": true,                                                                             
                                                       "Relation Name": "movie_companies",                                                                 
                                                       "Alias": "mc",                                                                                      
                                                       "Startup Cost": 0.00,                                                                               
                                                       "Total Cost": 45188.06,                                                                             
                                                       "Plan Rows": 6769,                                                                                  
                                                       "Plan Width": 12,                                                                                   
                                                       "Actual Startup Time": 0.151,                                                                       
                                                       "Actual Total Time": 316.643,                                                                       
                                                       "Actual Rows": 20555,                                                                               
                                                       "Actual Loops": 3,                                                                                  
                                                       "Filter": "(((note)::text ~~ '%(200%)%'::text) AND ((note)::text ~~ '%(worldwide)%'::text))",       
                                                       "Rows Removed by Filter": 849155                                                                    
                                                     },                                                                                                    
                                                     {                                                                                                     
                                                       "Node Type": "Hash",                                                                                
                                                       "Parent Relationship": "Inner",                                                                     
                                                       "Parallel Aware": true,                                                                             
                                                       "Startup Cost": 254358.55,                                                                          
                                                       "Total Cost": 254358.55,                                                                            
                                                       "Plan Rows": 2,                                                                                     
                                                       "Plan Width": 46,                                                                                   
                                                       "Actual Startup Time": 1309.949,                                                                    
                                                       "Actual Total Time": 1309.957,                                                                      
                                                       "Actual Rows": 590,                                                                                 
                                                       "Actual Loops": 3,                                                                                  
                                                       "Hash Buckets": 1024,                                                                               
                                                       "Original Hash Buckets": 1024,                                                                      
                                                       "Hash Batches": 1,                                                                                  
                                                       "Original Hash Batches": 1,                                                                         
                                                       "Peak Memory Usage": 136,                                                                           
                                                       "Plans": [                                                                                          
                                                         {                                                                                                 
                                                           "Node Type": "Hash Join",                                                                       
                                                           "Parent Relationship": "Outer",                                                                 
                                                           "Parallel Aware": false,                                                                        
                                                           "Join Type": "Inner",                                                                           
                                                           "Startup Cost": 2.43,                                                                           
                                                           "Total Cost": 254358.55,                                                                        
                                                           "Plan Rows": 2,                                                                                 
                                                           "Plan Width": 46,                                                                               
                                                           "Actual Startup Time": 351.219,                                                                 
                                                           "Actual Total Time": 1309.247,                                                                  
                                                           "Actual Rows": 590,                                                                             
                                                           "Actual Loops": 3,                                                                              
                                                           "Inner Unique": true,                                                                           
                                                           "Hash Cond": "(mi.info_type_id = it1.id)",                                                      
                                                           "Plans": [                                                                                      
                                                             {                                                                                             
                                                               "Node Type": "Seq Scan",                                                                    
                                                               "Parent Relationship": "Outer",                                                             
                                                               "Parallel Aware": true,                                                                     
                                                               "Relation Name": "movie_info",                                                              
                                                               "Alias": "mi",                                                                              
                                                               "Startup Cost": 0.00,                                                                       
                                                               "Total Cost": 254355.67,                                                                    
                                                               "Plan Rows": 168,                                                                           
                                                               "Plan Width": 50,                                                                           
                                                               "Actual Startup Time": 351.071,                                                             
                                                               "Actual Total Time": 1308.476,                                                              
                                                               "Actual Rows": 590,                                                                         
                                                               "Actual Loops": 3,                                                                          
                                                               "Filter": "(((note)::text ~~ '%internet%'::text) AND ((info)::text ~~ 'USA:% 200%'::text))",
                                                               "Rows Removed by Filter": 4944650                                                           
                                                             },                                                                                            
                                                             {                                                                                             
                                                               "Node Type": "Hash",                                                                        
                                                               "Parent Relationship": "Inner",                                                             
                                                               "Parallel Aware": false,                                                                    
                                                               "Startup Cost": 2.41,                                                                       
                                                               "Total Cost": 2.41,                                                                         
                                                               "Plan Rows": 1,                                                                             
                                                               "Plan Width": 4,                                                                            
                                                               "Actual Startup Time": 0.096,                                                               
                                                               "Actual Total Time": 0.101,                                                                 
                                                               "Actual Rows": 1,                                                                           
                                                               "Actual Loops": 3,                                                                          
                                                               "Hash Buckets": 1024,                                                                       
                                                               "Original Hash Buckets": 1024,                                                              
                                                               "Hash Batches": 1,                                                                          
                                                               "Original Hash Batches": 1,                                                                 
                                                               "Peak Memory Usage": 9,                                                                     
                                                               "Plans": [                                                                                  
                                                                 {                                                                                         
                                                                   "Node Type": "Seq Scan",                                                                
                                                                   "Parent Relationship": "Outer",                                                         
                                                                   "Parallel Aware": false,                                                                
                                                                   "Relation Name": "info_type",                                                           
                                                                   "Alias": "it1",                                                                         
                                                                   "Startup Cost": 0.00,                                                                   
                                                                   "Total Cost": 2.41,                                                                     
                                                                   "Plan Rows": 1,                                                                         
                                                                   "Plan Width": 4,                                                                        
                                                                   "Actual Startup Time": 0.060,                                                           
                                                                   "Actual Total Time": 0.080,                                                             
                                                                   "Actual Rows": 1,                                                                       
                                                                   "Actual Loops": 3,                                                                      
                                                                   "Filter": "((info)::text = 'release dates'::text)",                                     
                                                                   "Rows Removed by Filter": 112                                                           
                                                                 }                                                                                         
                                                               ]                                                                                           
                                                             }                                                                                             
                                                           ]                                                                                               
                                                         }                                                                                                 
                                                       ]                                                                                                   
                                                     }                                                                                                     
                                                   ]                                                                                                       
                                                 },                                                                                                        
                                                 {                                                                                                         
                                                   "Node Type": "Index Scan",                                                                              
                                                   "Parent Relationship": "Inner",                                                                         
                                                   "Parallel Aware": false,                                                                                
                                                   "Scan Direction": "Forward",                                                                            
                                                   "Index Name": "company_name_pkey",                                                                      
                                                   "Relation Name": "company_name",                                                                        
                                                   "Alias": "cn",                                                                                          
                                                   "Startup Cost": 0.42,                                                                                   
                                                   "Total Cost": 1.39,                                                                                     
                                                   "Plan Rows": 1,                                                                                         
                                                   "Plan Width": 4,                                                                                        
                                                   "Actual Startup Time": 0.019,                                                                           
                                                   "Actual Total Time": 0.019,                                                                             
                                                   "Actual Rows": 1,                                                                                       
                                                   "Actual Loops": 699,                                                                                    
                                                   "Index Cond": "(id = mc.company_id)",                                                                   
                                                   "Rows Removed by Index Recheck": 0,                                                                     
                                                   "Filter": "((country_code)::text = '[us]'::text)",                                                      
                                                   "Rows Removed by Filter": 0                                                                             
                                                 }                                                                                                         
                                               ]                                                                                                           
                                             },                                                                                                            
                                             {                                                                                                             
                                               "Node Type": "Index Only Scan",                                                                             
                                               "Parent Relationship": "Inner",                                                                             
                                               "Parallel Aware": false,                                                                                    
                                               "Scan Direction": "Forward",                                                                                
                                               "Index Name": "company_type_pkey",                                                                          
                                               "Relation Name": "company_type",                                                                            
                                               "Alias": "ct",                                                                                              
                                               "Startup Cost": 0.15,                                                                                       
                                               "Total Cost": 0.17,                                                                                         
                                               "Plan Rows": 1,                                                                                             
                                               "Plan Width": 4,                                                                                            
                                               "Actual Startup Time": 0.003,                                                                               
                                               "Actual Total Time": 0.003,                                                                                 
                                               "Actual Rows": 1,                                                                                           
                                               "Actual Loops": 668,                                                                                        
                                               "Index Cond": "(id = mc.company_type_id)",                                                                  
                                               "Rows Removed by Index Recheck": 0,                                                                         
                                               "Heap Fetches": 668                                                                                         
                                             }                                                                                                             
                                           ]                                                                                                               
                                         }                                                                                                                 
                                       ]                                                                                                                   
                                     }                                                                                                                     
                                   ]                                                                                                                       
                                 },                                                                                                                        
                                 {                                                                                                                         
                                   "Node Type": "Index Scan",                                                                                              
                                   "Parent Relationship": "Inner",                                                                                         
                                   "Parallel Aware": false,                                                                                                
                                   "Scan Direction": "Forward",                                                                                            
                                   "Index Name": "title_pkey",                                                                                             
                                   "Relation Name": "title",                                                                                               
                                   "Alias": "t",                                                                                                           
                                   "Startup Cost": 0.43,                                                                                                   
                                   "Total Cost": 0.49,                                                                                                     
                                   "Plan Rows": 1,                                                                                                         
                                   "Plan Width": 21,                                                                                                       
                                   "Actual Startup Time": 0.008,                                                                                           
                                   "Actual Total Time": 0.008,                                                                                             
                                   "Actual Rows": 1,                                                                                                       
                                   "Actual Loops": 1473,                                                                                                   
                                   "Index Cond": "(id = mk.movie_id)",                                                                                     
                                   "Rows Removed by Index Recheck": 0,                                                                                     
                                   "Filter": "(production_year > 2000)",                                                                                   
                                   "Rows Removed by Filter": 0                                                                                             
                                 }                                                                                                                         
                               ]                                                                                                                           
                             },                                                                                                                            
                             {                                                                                                                             
                               "Node Type": "Index Only Scan",                                                                                             
                               "Parent Relationship": "Inner",                                                                                             
                               "Parallel Aware": false,                                                                                                    
                               "Scan Direction": "Forward",                                                                                                
                               "Index Name": "keyword_pkey",                                                                                               
                               "Relation Name": "keyword",                                                                                                 
                               "Alias": "k",                                                                                                               
                               "Startup Cost": 0.42,                                                                                                       
                               "Total Cost": 0.44,                                                                                                         
                               "Plan Rows": 1,                                                                                                             
                               "Plan Width": 4,                                                                                                            
                               "Actual Startup Time": 0.006,                                                                                               
                               "Actual Total Time": 0.006,                                                                                                 
                               "Actual Rows": 1,                                                                                                           
                               "Actual Loops": 1398,                                                                                                       
                               "Index Cond": "(id = mk.keyword_id)",                                                                                       
                               "Rows Removed by Index Recheck": 0,                                                                                         
                               "Heap Fetches": 0                                                                                                           
                             }                                                                                                                             
                           ]                                                                                                                               
                         }                                                                                                                                 
                       ]                                                                                                                                   
                     }                                                                                                                                     
                   ]                                                                                                                                       
                 }                                                                                                                                         
               ]                                                                                                                                           
             }                                                                                                                                             
           ]                                                                                                                                               
         }                                                                                                                                                 
       ]                                                                                                                                                   
     },                                                                                                                                                    
     "Planning Time": 18.675,                                                                                                                              
     "Triggers": [                                                                                                                                         
     ],                                                                                                                                                    
     "Execution Time": 2299.900                                                                                                                            
   }                                                                                                                                                       
 ]
