[                                                                                                                     
   {                                                                                                                   
     "Plan": {                                                                                                         
       "Node Type": "Aggregate",                                                                                       
       "Strategy": "Plain",                                                                                            
       "Partial Mode": "Finalize",                                                                                     
       "Parallel Aware": false,                                                                                        
       "Startup Cost": 576049.05,                                                                                      
       "Total Cost": 576049.06,                                                                                        
       "Plan Rows": 1,                                                                                                 
       "Plan Width": 64,                                                                                               
       "Actual Startup Time": 6451.406,                                                                                
       "Actual Total Time": 6484.179,                                                                                  
       "Actual Rows": 1,                                                                                               
       "Actual Loops": 1,                                                                                              
       "Plans": [                                                                                                      
         {                                                                                                             
           "Node Type": "Gather",                                                                                      
           "Parent Relationship": "Outer",                                                                             
           "Parallel Aware": false,                                                                                    
           "Startup Cost": 576048.83,                                                                                  
           "Total Cost": 576049.04,                                                                                    
           "Plan Rows": 2,                                                                                             
           "Plan Width": 64,                                                                                           
           "Actual Startup Time": 6447.675,                                                                            
           "Actual Total Time": 6484.097,                                                                              
           "Actual Rows": 3,                                                                                           
           "Actual Loops": 1,                                                                                          
           "Workers Planned": 2,                                                                                       
           "Workers Launched": 2,                                                                                      
           "Single Copy": false,                                                                                       
           "Plans": [                                                                                                  
             {                                                                                                         
               "Node Type": "Aggregate",                                                                               
               "Strategy": "Plain",                                                                                    
               "Partial Mode": "Partial",                                                                              
               "Parent Relationship": "Outer",                                                                         
               "Parallel Aware": false,                                                                                
               "Startup Cost": 575048.83,                                                                              
               "Total Cost": 575048.84,                                                                                
               "Plan Rows": 1,                                                                                         
               "Plan Width": 64,                                                                                       
               "Actual Startup Time": 6441.624,                                                                        
               "Actual Total Time": 6441.682,                                                                          
               "Actual Rows": 1,                                                                                       
               "Actual Loops": 3,                                                                                      
               "Plans": [                                                                                              
                 {                                                                                                     
                   "Node Type": "Hash Join",                                                                           
                   "Parent Relationship": "Outer",                                                                     
                   "Parallel Aware": true,                                                                             
                   "Join Type": "Inner",                                                                               
                   "Startup Cost": 558432.86,                                                                          
                   "Total Cost": 575021.13,                                                                            
                   "Plan Rows": 5540,                                                                                  
                   "Plan Width": 33,                                                                                   
                   "Actual Startup Time": 6316.109,                                                                    
                   "Actual Total Time": 6441.297,                                                                      
                   "Actual Rows": 128,                                                                                 
                   "Actual Loops": 3,                                                                                  
                   "Inner Unique": false,                                                                              
                   "Hash Cond": "(an.person_id = n.id)",                                                               
                   "Plans": [                                                                                          
                     {                                                                                                 
                       "Node Type": "Seq Scan",                                                                        
                       "Parent Relationship": "Outer",                                                                 
                       "Parallel Aware": true,                                                                         
                       "Relation Name": "aka_name",                                                                    
                       "Alias": "an",                                                                                  
                       "Startup Cost": 0.00,                                                                           
                       "Total Cost": 15175.53,                                                                         
                       "Plan Rows": 376153,                                                                            
                       "Plan Width": 20,                                                                               
                       "Actual Startup Time": 0.069,                                                                   
                       "Actual Total Time": 69.889,                                                                    
                       "Actual Rows": 300448,                                                                          
                       "Actual Loops": 3                                                                               
                     },                                                                                                
                     {                                                                                                 
                       "Node Type": "Hash",                                                                            
                       "Parent Relationship": "Inner",                                                                 
                       "Parallel Aware": true,                                                                         
                       "Startup Cost": 558402.86,                                                                      
                       "Total Cost": 558402.86,                                                                        
                       "Plan Rows": 2400,                                                                              
                       "Plan Width": 25,                                                                               
                       "Actual Startup Time": 6312.659,                                                                
                       "Actual Total Time": 6312.714,                                                                  
                       "Actual Rows": 108,                                                                             
                       "Actual Loops": 3,                                                                              
                       "Hash Buckets": 8192,                                                                           
                       "Original Hash Buckets": 8192,                                                                  
                       "Hash Batches": 1,                                                                              
                       "Original Hash Batches": 1,                                                                     
                       "Peak Memory Usage": 160,                                                                       
                       "Plans": [                                                                                      
                         {                                                                                             
                           "Node Type": "Nested Loop",                                                                 
                           "Parent Relationship": "Outer",                                                             
                           "Parallel Aware": false,                                                                    
                           "Join Type": "Inner",                                                                       
                           "Startup Cost": 98476.11,                                                                   
                           "Total Cost": 558402.86,                                                                    
                           "Plan Rows": 2400,                                                                          
                           "Plan Width": 25,                                                                           
                           "Actual Startup Time": 1940.397,                                                            
                           "Actual Total Time": 6312.218,                                                              
                           "Actual Rows": 108,                                                                         
                           "Actual Loops": 3,                                                                          
                           "Inner Unique": true,                                                                       
                           "Plans": [                                                                                  
                             {                                                                                         
                               "Node Type": "Hash Join",                                                               
                               "Parent Relationship": "Outer",                                                         
                               "Parallel Aware": true,                                                                 
                               "Join Type": "Inner",                                                                   
                               "Startup Cost": 98475.68,                                                               
                               "Total Cost": 557309.99,                                                                
                               "Plan Rows": 2400,                                                                      
                               "Plan Width": 21,                                                                       
                               "Actual Startup Time": 1940.240,                                                        
                               "Actual Total Time": 6307.866,                                                          
                               "Actual Rows": 108,                                                                     
                               "Actual Loops": 3,                                                                      
                               "Inner Unique": false,                                                                  
                               "Hash Cond": "(ci.movie_id = t.id)",                                                    
                               "Plans": [                                                                              
                                 {                                                                                     
                                   "Node Type": "Seq Scan",                                                            
                                   "Parent Relationship": "Outer",                                                     
                                   "Parallel Aware": true,                                                             
                                   "Relation Name": "cast_info",                                                       
                                   "Alias": "ci",                                                                      
                                   "Startup Cost": 0.00,                                                               
                                   "Total Cost": 402615.60,                                                            
                                   "Plan Rows": 14991560,                                                              
                                   "Plan Width": 8,                                                                    
                                   "Actual Startup Time": 0.070,                                                       
                                   "Actual Total Time": 2122.387,                                                      
                                   "Actual Rows": 12081448,                                                            
                                   "Actual Loops": 3                                                                   
                                 },                                                                                    
                                 {                                                                                     
                                   "Node Type": "Hash",                                                                
                                   "Parent Relationship": "Inner",                                                     
                                   "Parallel Aware": true,                                                             
                                   "Startup Cost": 98475.60,                                                           
                                   "Total Cost": 98475.60,                                                             
                                   "Plan Rows": 6,                                                                     
                                   "Plan Width": 29,                                                                   
                                   "Actual Startup Time": 1729.249,                                                    
                                   "Actual Total Time": 1729.298,                                                      
                                   "Actual Rows": 8,                                                                   
                                   "Actual Loops": 3,                                                                  
                                   "Hash Buckets": 1024,                                                               
                                   "Original Hash Buckets": 1024,                                                      
                                   "Hash Batches": 1,                                                                  
                                   "Original Hash Batches": 1,                                                         
                                   "Peak Memory Usage": 104,                                                           
                                   "Plans": [                                                                          
                                     {                                                                                 
                                       "Node Type": "Nested Loop",                                                     
                                       "Parent Relationship": "Outer",                                                 
                                       "Parallel Aware": false,                                                        
                                       "Join Type": "Inner",                                                           
                                       "Startup Cost": 50070.61,                                                       
                                       "Total Cost": 98475.60,                                                         
                                       "Plan Rows": 6,                                                                 
                                       "Plan Width": 29,                                                               
                                       "Actual Startup Time": 1470.294,                                                
                                       "Actual Total Time": 1725.601,                                                  
                                       "Actual Rows": 8,                                                               
                                       "Actual Loops": 3,                                                              
                                       "Inner Unique": true,                                                           
                                       "Plans": [                                                                      
                                         {                                                                             
                                           "Node Type": "Hash Join",                                                   
                                           "Parent Relationship": "Outer",                                             
                                           "Parallel Aware": true,                                                     
                                           "Join Type": "Inner",                                                       
                                           "Startup Cost": 50070.18,                                                   
                                           "Total Cost": 98358.43,                                                     
                                           "Plan Rows": 238,                                                           
                                           "Plan Width": 8,                                                            
                                           "Actual Startup Time": 1429.808,                                            
                                           "Actual Total Time": 1526.575,                                              
                                           "Actual Rows": 22772,                                                       
                                           "Actual Loops": 3,                                                          
                                           "Inner Unique": false,                                                      
                                           "Hash Cond": "(mk.movie_id = mc.movie_id)",                                 
                                           "Plans": [                                                                  
                                             {                                                                         
                                               "Node Type": "Hash Join",                                               
                                               "Parent Relationship": "Outer",                                         
                                               "Parallel Aware": false,                                                
                                               "Join Type": "Inner",                                                   
                                               "Startup Cost": 2647.51,                                                
                                               "Total Cost": 50899.43,                                                 
                                               "Plan Rows": 9427,                                                      
                                               "Plan Width": 4,                                                        
                                               "Actual Startup Time": 39.413,                                          
                                               "Actual Total Time": 597.689,                                           
                                               "Actual Rows": 13947,                                                   
                                               "Actual Loops": 3,                                                      
                                               "Inner Unique": true,                                                   
                                               "Hash Cond": "(mk.keyword_id = k.id)",                                  
                                               "Plans": [                                                              
                                                 {                                                                     
                                                   "Node Type": "Seq Scan",                                            
                                                   "Parent Relationship": "Outer",                                     
                                                   "Parallel Aware": true,                                             
                                                   "Relation Name": "movie_keyword",                                   
                                                   "Alias": "mk",                                                      
                                                   "Startup Cost": 0.00,                                               
                                                   "Total Cost": 43303.71,                                             
                                                   "Plan Rows": 1884971,                                               
                                                   "Plan Width": 8,                                                    
                                                   "Actual Startup Time": 0.060,                                       
                                                   "Actual Total Time": 281.985,                                       
                                                   "Actual Rows": 1507977,                                             
                                                   "Actual Loops": 3                                                   
                                                 },                                                                    
                                                 {                                                                     
                                                   "Node Type": "Hash",                                                
                                                   "Parent Relationship": "Inner",                                     
                                                   "Parallel Aware": false,                                            
                                                   "Startup Cost": 2639.12,                                            
                                                   "Total Cost": 2639.12,                                              
                                                   "Plan Rows": 671,                                                   
                                                   "Plan Width": 4,                                                    
                                                   "Actual Startup Time": 39.257,                                      
                                                   "Actual Total Time": 39.258,                                        
                                                   "Actual Rows": 1,                                                   
                                                   "Actual Loops": 3,                                                  
                                                   "Hash Buckets": 1024,                                               
                                                   "Original Hash Buckets": 1024,                                      
                                                   "Hash Batches": 1,                                                  
                                                   "Original Hash Batches": 1,                                         
                                                   "Peak Memory Usage": 9,                                             
                                                   "Plans": [                                                          
                                                     {                                                                 
                                                       "Node Type": "Seq Scan",                                        
                                                       "Parent Relationship": "Outer",                                 
                                                       "Parallel Aware": false,                                        
                                                       "Relation Name": "keyword",                                     
                                                       "Alias": "k",                                                   
                                                       "Startup Cost": 0.00,                                           
                                                       "Total Cost": 2639.12,                                          
                                                       "Plan Rows": 671,                                               
                                                       "Plan Width": 4,                                                
                                                       "Actual Startup Time": 1.715,                                   
                                                       "Actual Total Time": 39.249,                                    
                                                       "Actual Rows": 1,                                               
                                                       "Actual Loops": 3,                                              
                                                       "Filter": "((keyword)::text = 'character-name-in-title'::text)",
                                                       "Rows Removed by Filter": 134169                                
                                                     }                                                                 
                                                   ]                                                                   
                                                 }                                                                     
                                               ]                                                                       
                                             },                                                                        
                                             {                                                                         
                                               "Node Type": "Hash",                                                    
                                               "Parent Relationship": "Inner",                                         
                                               "Parallel Aware": true,                                                 
                                               "Startup Cost": 47354.72,                                               
                                               "Total Cost": 47354.72,                                                 
                                               "Plan Rows": 5436,                                                      
                                               "Plan Width": 4,                                                        
                                               "Actual Startup Time": 810.324,                                         
                                               "Actual Total Time": 810.348,                                           
                                               "Actual Rows": 384599,                                                  
                                               "Actual Loops": 3,                                                      
                                               "Hash Buckets": 131072,                                                 
                                               "Original Hash Buckets": 16384,                                         
                                               "Hash Batches": 16,                                                     
                                               "Original Hash Batches": 1,                                             
                                               "Peak Memory Usage": 3872,                                              
                                               "Plans": [                                                              
                                                 {                                                                     
                                                   "Node Type": "Hash Join",                                           
                                                   "Parent Relationship": "Outer",                                     
                                                   "Parallel Aware": true,                                             
                                                   "Join Type": "Inner",                                               
                                                   "Startup Cost": 4748.56,                                            
                                                   "Total Cost": 47354.72,                                             
                                                   "Plan Rows": 5436,                                                  
                                                   "Plan Width": 4,                                                    
                                                   "Actual Startup Time": 55.963,                                      
                                                   "Actual Total Time": 597.910,                                       
                                                   "Actual Rows": 384599,                                              
                                                   "Actual Loops": 3,                                                  
                                                   "Inner Unique": true,                                               
                                                   "Hash Cond": "(mc.company_id = cn.id)",                             
                                                   "Plans": [                                                          
                                                     {                                                                 
                                                       "Node Type": "Seq Scan",                                        
                                                       "Parent Relationship": "Outer",                                 
                                                       "Parallel Aware": true,                                         
                                                       "Relation Name": "movie_companies",                             
                                                       "Alias": "mc",                                                  
                                                       "Startup Cost": 0.00,                                           
                                                       "Total Cost": 39752.37,                                         
                                                       "Plan Rows": 1087137,                                           
                                                       "Plan Width": 8,                                                
                                                       "Actual Startup Time": 0.046,                                   
                                                       "Actual Total Time": 187.494,                                   
                                                       "Actual Rows": 869710,                                          
                                                       "Actual Loops": 3                                               
                                                     },                                                                
                                                     {                                                                 
                                                       "Node Type": "Hash",                                            
                                                       "Parent Relationship": "Inner",                                 
                                                       "Parallel Aware": true,                                         
                                                       "Startup Cost": 4739.92,                                        
                                                       "Total Cost": 4739.92,                                          
                                                       "Plan Rows": 691,                                               
                                                       "Plan Width": 4,                                                
                                                       "Actual Startup Time": 55.864,                                  
                                                       "Actual Total Time": 55.866,                                    
                                                       "Actual Rows": 28281,                                           
                                                       "Actual Loops": 3,                                              
                                                       "Hash Buckets": 131072,                                         
                                                       "Original Hash Buckets": 2048,                                  
                                                       "Hash Batches": 1,                                              
                                                       "Original Hash Batches": 1,                                     
                                                       "Peak Memory Usage": 5424,                                      
                                                       "Plans": [                                                      
                                                         {                                                             
                                                           "Node Type": "Seq Scan",                                    
                                                           "Parent Relationship": "Outer",                             
                                                           "Parallel Aware": true,                                     
                                                           "Relation Name": "company_name",                            
                                                           "Alias": "cn",                                              
                                                           "Startup Cost": 0.00,                                       
                                                           "Total Cost": 4739.92,                                      
                                                           "Plan Rows": 691,                                           
                                                           "Plan Width": 4,                                            
                                                           "Actual Startup Time": 0.029,                               
                                                           "Actual Total Time": 35.967,                                
                                                           "Actual Rows": 28281,                                       
                                                           "Actual Loops": 3,                                          
                                                           "Filter": "((country_code)::text = '[us]'::text)",          
                                                           "Rows Removed by Filter": 50051                             
                                                         }                                                             
                                                       ]                                                               
                                                     }                                                                 
                                                   ]                                                                   
                                                 }                                                                     
                                               ]                                                                       
                                             }                                                                         
                                           ]                                                                           
                                         },                                                                            
                                         {                                                                             
                                           "Node Type": "Index Scan",                                                  
                                           "Parent Relationship": "Inner",                                             
                                           "Parallel Aware": false,                                                    
                                           "Scan Direction": "Forward",                                                
                                           "Index Name": "title_pkey",                                                 
                                           "Relation Name": "title",                                                   
                                           "Alias": "t",                                                               
                                           "Startup Cost": 0.43,                                                       
                                           "Total Cost": 0.49,                                                         
                                           "Plan Rows": 1,                                                             
                                           "Plan Width": 21,                                                           
                                           "Actual Startup Time": 0.008,                                               
                                           "Actual Total Time": 0.008,                                                 
                                           "Actual Rows": 0,                                                           
                                           "Actual Loops": 68316,                                                      
                                           "Index Cond": "(id = mk.movie_id)",                                         
                                           "Rows Removed by Index Recheck": 0,                                         
                                           "Filter": "((episode_nr >= 50) AND (episode_nr < 100))",                    
                                           "Rows Removed by Filter": 1                                                 
                                         }                                                                             
                                       ]                                                                               
                                     }                                                                                 
                                   ]                                                                                   
                                 }                                                                                     
                               ]                                                                                       
                             },                                                                                        
                             {                                                                                         
                               "Node Type": "Index Only Scan",                                                         
                               "Parent Relationship": "Inner",                                                         
                               "Parallel Aware": false,                                                                
                               "Scan Direction": "Forward",                                                            
                               "Index Name": "name_pkey",                                                              
                               "Relation Name": "name",                                                                
                               "Alias": "n",                                                                           
                               "Startup Cost": 0.43,                                                                   
                               "Total Cost": 0.46,                                                                     
                               "Plan Rows": 1,                                                                         
                               "Plan Width": 4,                                                                        
                               "Actual Startup Time": 0.034,                                                           
                               "Actual Total Time": 0.034,                                                             
                               "Actual Rows": 1,                                                                       
                               "Actual Loops": 323,                                                                    
                               "Index Cond": "(id = ci.person_id)",                                                    
                               "Rows Removed by Index Recheck": 0,                                                     
                               "Heap Fetches": 323                                                                     
                             }                                                                                         
                           ]                                                                                           
                         }                                                                                             
                       ]                                                                                               
                     }                                                                                                 
                   ]                                                                                                   
                 }                                                                                                     
               ]                                                                                                       
             }                                                                                                         
           ]                                                                                                           
         }                                                                                                             
       ]                                                                                                               
     },                                                                                                                
     "Planning Time": 9.165,                                                                                           
     "Triggers": [                                                                                                     
     ],                                                                                                                
     "Execution Time": 6484.744                                                                                        
   }                                                                                                                   
 ]
