[                                                                                                                     
   {                                                                                                                   
     "Plan": {                                                                                                         
       "Node Type": "Aggregate",                                                                                       
       "Strategy": "Plain",                                                                                            
       "Partial Mode": "Finalize",                                                                                     
       "Parallel Aware": false,                                                                                        
       "Startup Cost": 591107.28,                                                                                      
       "Total Cost": 591107.29,                                                                                        
       "Plan Rows": 1,                                                                                                 
       "Plan Width": 64,                                                                                               
       "Actual Startup Time": 8829.696,                                                                                
       "Actual Total Time": 8892.923,                                                                                  
       "Actual Rows": 1,                                                                                               
       "Actual Loops": 1,                                                                                              
       "Plans": [                                                                                                      
         {                                                                                                             
           "Node Type": "Gather",                                                                                      
           "Parent Relationship": "Outer",                                                                             
           "Parallel Aware": false,                                                                                    
           "Startup Cost": 591107.06,                                                                                  
           "Total Cost": 591107.27,                                                                                    
           "Plan Rows": 2,                                                                                             
           "Plan Width": 64,                                                                                           
           "Actual Startup Time": 8824.599,                                                                            
           "Actual Total Time": 8892.854,                                                                              
           "Actual Rows": 3,                                                                                           
           "Actual Loops": 1,                                                                                          
           "Workers Planned": 2,                                                                                       
           "Workers Launched": 2,                                                                                      
           "Single Copy": false,                                                                                       
           "Plans": [                                                                                                  
             {                                                                                                         
               "Node Type": "Aggregate",                                                                               
               "Strategy": "Plain",                                                                                    
               "Partial Mode": "Partial",                                                                              
               "Parent Relationship": "Outer",                                                                         
               "Parallel Aware": false,                                                                                
               "Startup Cost": 590107.06,                                                                              
               "Total Cost": 590107.07,                                                                                
               "Plan Rows": 1,                                                                                         
               "Plan Width": 64,                                                                                       
               "Actual Startup Time": 8817.991,                                                                        
               "Actual Total Time": 8818.043,                                                                          
               "Actual Rows": 1,                                                                                       
               "Actual Loops": 3,                                                                                      
               "Plans": [                                                                                              
                 {                                                                                                     
                   "Node Type": "Hash Join",                                                                           
                   "Parent Relationship": "Outer",                                                                     
                   "Parallel Aware": true,                                                                             
                   "Join Type": "Inner",                                                                               
                   "Startup Cost": 573101.16,                                                                          
                   "Total Cost": 589717.72,                                                                            
                   "Plan Rows": 77869,                                                                                 
                   "Plan Width": 33,                                                                                   
                   "Actual Startup Time": 8612.776,                                                                    
                   "Actual Total Time": 8754.974,                                                                      
                   "Actual Rows": 106644,                                                                              
                   "Actual Loops": 3,                                                                                  
                   "Inner Unique": false,                                                                              
                   "Hash Cond": "(an.person_id = n.id)",                                                               
                   "Plans": [                                                                                          
                     {                                                                                                 
                       "Node Type": "Seq Scan",                                                                        
                       "Parent Relationship": "Outer",                                                                 
                       "Parallel Aware": true,                                                                         
                       "Relation Name": "aka_name",                                                                    
                       "Alias": "an",                                                                                  
                       "Startup Cost": 0.00,                                                                           
                       "Total Cost": 15175.53,                                                                         
                       "Plan Rows": 376153,                                                                            
                       "Plan Width": 20,                                                                               
                       "Actual Startup Time": 0.053,                                                                   
                       "Actual Total Time": 79.824,                                                                    
                       "Actual Rows": 300448,                                                                          
                       "Actual Loops": 3                                                                               
                     },                                                                                                
                     {                                                                                                 
                       "Node Type": "Hash",                                                                            
                       "Parent Relationship": "Inner",                                                                 
                       "Parallel Aware": true,                                                                         
                       "Startup Cost": 572679.41,                                                                      
                       "Total Cost": 572679.41,                                                                        
                       "Plan Rows": 33740,                                                                             
                       "Plan Width": 25,                                                                               
                       "Actual Startup Time": 8407.235,                                                                
                       "Actual Total Time": 8407.282,                                                                  
                       "Actual Rows": 73870,                                                                           
                       "Actual Loops": 3,                                                                              
                       "Hash Buckets": 65536,                                                                          
                       "Original Hash Buckets": 131072,                                                                
                       "Hash Batches": 8,                                                                              
                       "Original Hash Batches": 1,                                                                     
                       "Peak Memory Usage": 2464,                                                                      
                       "Plans": [                                                                                      
                         {                                                                                             
                           "Node Type": "Nested Loop",                                                                 
                           "Parent Relationship": "Outer",                                                             
                           "Parallel Aware": false,                                                                    
                           "Join Type": "Inner",                                                                       
                           "Startup Cost": 98476.56,                                                                   
                           "Total Cost": 572679.41,                                                                    
                           "Plan Rows": 33740,                                                                         
                           "Plan Width": 25,                                                                           
                           "Actual Startup Time": 1808.502,                                                            
                           "Actual Total Time": 8293.034,                                                              
                           "Actual Rows": 73870,                                                                       
                           "Actual Loops": 3,                                                                          
                           "Inner Unique": true,                                                                       
                           "Plans": [                                                                                  
                             {                                                                                         
                               "Node Type": "Hash Join",                                                               
                               "Parent Relationship": "Outer",                                                         
                               "Parallel Aware": true,                                                                 
                               "Join Type": "Inner",                                                                   
                               "Startup Cost": 98476.13,                                                               
                               "Total Cost": 557315.42,                                                                
                               "Plan Rows": 33740,                                                                     
                               "Plan Width": 21,                                                                       
                               "Actual Startup Time": 1808.373,                                                        
                               "Actual Total Time": 7787.945,                                                          
                               "Actual Rows": 73870,                                                                   
                               "Actual Loops": 3,                                                                      
                               "Inner Unique": false,                                                                  
                               "Hash Cond": "(ci.movie_id = t.id)",                                                    
                               "Plans": [                                                                              
                                 {                                                                                     
                                   "Node Type": "Seq Scan",                                                            
                                   "Parent Relationship": "Outer",                                                     
                                   "Parallel Aware": true,                                                             
                                   "Relation Name": "cast_info",                                                       
                                   "Alias": "ci",                                                                      
                                   "Startup Cost": 0.00,                                                               
                                   "Total Cost": 402615.60,                                                            
                                   "Plan Rows": 14991560,                                                              
                                   "Plan Width": 8,                                                                    
                                   "Actual Startup Time": 0.056,                                                       
                                   "Actual Total Time": 2210.582,                                                      
                                   "Actual Rows": 12081448,                                                            
                                   "Actual Loops": 3                                                                   
                                 },                                                                                    
                                 {                                                                                     
                                   "Node Type": "Hash",                                                                
                                   "Parent Relationship": "Inner",                                                     
                                   "Parallel Aware": true,                                                             
                                   "Startup Cost": 98475.01,                                                           
                                   "Total Cost": 98475.01,                                                             
                                   "Plan Rows": 90,                                                                    
                                   "Plan Width": 29,                                                                   
                                   "Actual Startup Time": 1807.771,                                                    
                                   "Actual Total Time": 1807.812,                                                      
                                   "Actual Rows": 2846,                                                                
                                   "Actual Loops": 3,                                                                  
                                   "Hash Buckets": 8192,                                                               
                                   "Original Hash Buckets": 1024,                                                      
                                   "Hash Batches": 1,                                                                  
                                   "Original Hash Batches": 1,                                                         
                                   "Peak Memory Usage": 760,                                                           
                                   "Plans": [                                                                          
                                     {                                                                                 
                                       "Node Type": "Nested Loop",                                                     
                                       "Parent Relationship": "Outer",                                                 
                                       "Parallel Aware": false,                                                        
                                       "Join Type": "Inner",                                                           
                                       "Startup Cost": 50070.61,                                                       
                                       "Total Cost": 98475.01,                                                         
                                       "Plan Rows": 90,                                                                
                                       "Plan Width": 29,                                                               
                                       "Actual Startup Time": 1435.290,                                                
                                       "Actual Total Time": 1727.588,                                                  
                                       "Actual Rows": 2846,                                                            
                                       "Actual Loops": 3,                                                              
                                       "Inner Unique": true,                                                           
                                       "Plans": [                                                                      
                                         {                                                                             
                                           "Node Type": "Hash Join",                                                   
                                           "Parent Relationship": "Outer",                                             
                                           "Parallel Aware": true,                                                     
                                           "Join Type": "Inner",                                                       
                                           "Startup Cost": 50070.18,                                                   
                                           "Total Cost": 98358.43,                                                     
                                           "Plan Rows": 238,                                                           
                                           "Plan Width": 8,                                                            
                                           "Actual Startup Time": 1428.753,                                            
                                           "Actual Total Time": 1525.289,                                              
                                           "Actual Rows": 22772,                                                       
                                           "Actual Loops": 3,                                                          
                                           "Inner Unique": false,                                                      
                                           "Hash Cond": "(mk.movie_id = mc.movie_id)",                                 
                                           "Plans": [                                                                  
                                             {                                                                         
                                               "Node Type": "Hash Join",                                               
                                               "Parent Relationship": "Outer",                                         
                                               "Parallel Aware": false,                                                
                                               "Join Type": "Inner",                                                   
                                               "Startup Cost": 2647.51,                                                
                                               "Total Cost": 50899.43,                                                 
                                               "Plan Rows": 9427,                                                      
                                               "Plan Width": 4,                                                        
                                               "Actual Startup Time": 37.492,                                          
                                               "Actual Total Time": 598.110,                                           
                                               "Actual Rows": 13947,                                                   
                                               "Actual Loops": 3,                                                      
                                               "Inner Unique": true,                                                   
                                               "Hash Cond": "(mk.keyword_id = k.id)",                                  
                                               "Plans": [                                                              
                                                 {                                                                     
                                                   "Node Type": "Seq Scan",                                            
                                                   "Parent Relationship": "Outer",                                     
                                                   "Parallel Aware": true,                                             
                                                   "Relation Name": "movie_keyword",                                   
                                                   "Alias": "mk",                                                      
                                                   "Startup Cost": 0.00,                                               
                                                   "Total Cost": 43303.71,                                             
                                                   "Plan Rows": 1884971,                                               
                                                   "Plan Width": 8,                                                    
                                                   "Actual Startup Time": 0.063,                                       
                                                   "Actual Total Time": 282.728,                                       
                                                   "Actual Rows": 1507977,                                             
                                                   "Actual Loops": 3                                                   
                                                 },                                                                    
                                                 {                                                                     
                                                   "Node Type": "Hash",                                                
                                                   "Parent Relationship": "Inner",                                     
                                                   "Parallel Aware": false,                                            
                                                   "Startup Cost": 2639.12,                                            
                                                   "Total Cost": 2639.12,                                              
                                                   "Plan Rows": 671,                                                   
                                                   "Plan Width": 4,                                                    
                                                   "Actual Startup Time": 37.336,                                      
                                                   "Actual Total Time": 37.337,                                        
                                                   "Actual Rows": 1,                                                   
                                                   "Actual Loops": 3,                                                  
                                                   "Hash Buckets": 1024,                                               
                                                   "Original Hash Buckets": 1024,                                      
                                                   "Hash Batches": 1,                                                  
                                                   "Original Hash Batches": 1,                                         
                                                   "Peak Memory Usage": 9,                                             
                                                   "Plans": [                                                          
                                                     {                                                                 
                                                       "Node Type": "Seq Scan",                                        
                                                       "Parent Relationship": "Outer",                                 
                                                       "Parallel Aware": false,                                        
                                                       "Relation Name": "keyword",                                     
                                                       "Alias": "k",                                                   
                                                       "Startup Cost": 0.00,                                           
                                                       "Total Cost": 2639.12,                                          
                                                       "Plan Rows": 671,                                               
                                                       "Plan Width": 4,                                                
                                                       "Actual Startup Time": 1.620,                                   
                                                       "Actual Total Time": 37.330,                                    
                                                       "Actual Rows": 1,                                               
                                                       "Actual Loops": 3,                                              
                                                       "Filter": "((keyword)::text = 'character-name-in-title'::text)",
                                                       "Rows Removed by Filter": 134169                                
                                                     }                                                                 
                                                   ]                                                                   
                                                 }                                                                     
                                               ]                                                                       
                                             },                                                                        
                                             {                                                                         
                                               "Node Type": "Hash",                                                    
                                               "Parent Relationship": "Inner",                                         
                                               "Parallel Aware": true,                                                 
                                               "Startup Cost": 47354.72,                                               
                                               "Total Cost": 47354.72,                                                 
                                               "Plan Rows": 5436,                                                      
                                               "Plan Width": 4,                                                        
                                               "Actual Startup Time": 809.677,                                         
                                               "Actual Total Time": 809.697,                                           
                                               "Actual Rows": 384599,                                                  
                                               "Actual Loops": 3,                                                      
                                               "Hash Buckets": 131072,                                                 
                                               "Original Hash Buckets": 16384,                                         
                                               "Hash Batches": 16,                                                     
                                               "Original Hash Batches": 1,                                             
                                               "Peak Memory Usage": 3904,                                              
                                               "Plans": [                                                              
                                                 {                                                                     
                                                   "Node Type": "Hash Join",                                           
                                                   "Parent Relationship": "Outer",                                     
                                                   "Parallel Aware": true,                                             
                                                   "Join Type": "Inner",                                               
                                                   "Startup Cost": 4748.56,                                            
                                                   "Total Cost": 47354.72,                                             
                                                   "Plan Rows": 5436,                                                  
                                                   "Plan Width": 4,                                                    
                                                   "Actual Startup Time": 54.853,                                      
                                                   "Actual Total Time": 598.968,                                       
                                                   "Actual Rows": 384599,                                              
                                                   "Actual Loops": 3,                                                  
                                                   "Inner Unique": true,                                               
                                                   "Hash Cond": "(mc.company_id = cn.id)",                             
                                                   "Plans": [                                                          
                                                     {                                                                 
                                                       "Node Type": "Seq Scan",                                        
                                                       "Parent Relationship": "Outer",                                 
                                                       "Parallel Aware": true,                                         
                                                       "Relation Name": "movie_companies",                             
                                                       "Alias": "mc",                                                  
                                                       "Startup Cost": 0.00,                                           
                                                       "Total Cost": 39752.37,                                         
                                                       "Plan Rows": 1087137,                                           
                                                       "Plan Width": 8,                                                
                                                       "Actual Startup Time": 0.049,                                   
                                                       "Actual Total Time": 188.540,                                   
                                                       "Actual Rows": 869710,                                          
                                                       "Actual Loops": 3                                               
                                                     },                                                                
                                                     {                                                                 
                                                       "Node Type": "Hash",                                            
                                                       "Parent Relationship": "Inner",                                 
                                                       "Parallel Aware": true,                                         
                                                       "Startup Cost": 4739.92,                                        
                                                       "Total Cost": 4739.92,                                          
                                                       "Plan Rows": 691,                                               
                                                       "Plan Width": 4,                                                
                                                       "Actual Startup Time": 54.741,                                  
                                                       "Actual Total Time": 54.742,                                    
                                                       "Actual Rows": 28281,                                           
                                                       "Actual Loops": 3,                                              
                                                       "Hash Buckets": 131072,                                         
                                                       "Original Hash Buckets": 2048,                                  
                                                       "Hash Batches": 1,                                              
                                                       "Original Hash Batches": 1,                                     
                                                       "Peak Memory Usage": 5424,                                      
                                                       "Plans": [                                                      
                                                         {                                                             
                                                           "Node Type": "Seq Scan",                                    
                                                           "Parent Relationship": "Outer",                             
                                                           "Parallel Aware": true,                                     
                                                           "Relation Name": "company_name",                            
                                                           "Alias": "cn",                                              
                                                           "Startup Cost": 0.00,                                       
                                                           "Total Cost": 4739.92,                                      
                                                           "Plan Rows": 691,                                           
                                                           "Plan Width": 4,                                            
                                                           "Actual Startup Time": 0.052,                               
                                                           "Actual Total Time": 34.663,                                
                                                           "Actual Rows": 28281,                                       
                                                           "Actual Loops": 3,                                          
                                                           "Filter": "((country_code)::text = '[us]'::text)",          
                                                           "Rows Removed by Filter": 50051                             
                                                         }                                                             
                                                       ]                                                               
                                                     }                                                                 
                                                   ]                                                                   
                                                 }                                                                     
                                               ]                                                                       
                                             }                                                                         
                                           ]                                                                           
                                         },                                                                            
                                         {                                                                             
                                           "Node Type": "Index Scan",                                                  
                                           "Parent Relationship": "Inner",                                             
                                           "Parallel Aware": false,                                                    
                                           "Scan Direction": "Forward",                                                
                                           "Index Name": "title_pkey",                                                 
                                           "Relation Name": "title",                                                   
                                           "Alias": "t",                                                               
                                           "Startup Cost": 0.43,                                                       
                                           "Total Cost": 0.49,                                                         
                                           "Plan Rows": 1,                                                             
                                           "Plan Width": 21,                                                           
                                           "Actual Startup Time": 0.008,                                               
                                           "Actual Total Time": 0.008,                                                 
                                           "Actual Rows": 0,                                                           
                                           "Actual Loops": 68316,                                                      
                                           "Index Cond": "(id = mk.movie_id)",                                         
                                           "Rows Removed by Index Recheck": 0,                                         
                                           "Filter": "(episode_nr < 100)",                                             
                                           "Rows Removed by Filter": 1                                                 
                                         }                                                                             
                                       ]                                                                               
                                     }                                                                                 
                                   ]                                                                                   
                                 }                                                                                     
                               ]                                                                                       
                             },                                                                                        
                             {                                                                                         
                               "Node Type": "Index Only Scan",                                                         
                               "Parent Relationship": "Inner",                                                         
                               "Parallel Aware": false,                                                                
                               "Scan Direction": "Forward",                                                            
                               "Index Name": "name_pkey",                                                              
                               "Relation Name": "name",                                                                
                               "Alias": "n",                                                                           
                               "Startup Cost": 0.43,                                                                   
                               "Total Cost": 0.46,                                                                     
                               "Plan Rows": 1,                                                                         
                               "Plan Width": 4,                                                                        
                               "Actual Startup Time": 0.006,                                                           
                               "Actual Total Time": 0.006,                                                             
                               "Actual Rows": 1,                                                                       
                               "Actual Loops": 221609,                                                                 
                               "Index Cond": "(id = ci.person_id)",                                                    
                               "Rows Removed by Index Recheck": 0,                                                     
                               "Heap Fetches": 221609                                                                  
                             }                                                                                         
                           ]                                                                                           
                         }                                                                                             
                       ]                                                                                               
                     }                                                                                                 
                   ]                                                                                                   
                 }                                                                                                     
               ]                                                                                                       
             }                                                                                                         
           ]                                                                                                           
         }                                                                                                             
       ]                                                                                                               
     },                                                                                                                
     "Planning Time": 9.703,                                                                                           
     "Triggers": [                                                                                                     
     ],                                                                                                                
     "Execution Time": 8893.498                                                                                        
   }                                                                                                                   
 ]
