[                                                                                                             
   {                                                                                                           
     "Plan": {                                                                                                 
       "Node Type": "Aggregate",                                                                               
       "Strategy": "Plain",                                                                                    
       "Partial Mode": "Finalize",                                                                             
       "Parallel Aware": false,                                                                                
       "Startup Cost": 599182.93,                                                                              
       "Total Cost": 599182.94,                                                                                
       "Plan Rows": 1,                                                                                         
       "Plan Width": 32,                                                                                       
       "Actual Startup Time": 11628.234,                                                                       
       "Actual Total Time": 11661.479,                                                                         
       "Actual Rows": 1,                                                                                       
       "Actual Loops": 1,                                                                                      
       "Plans": [                                                                                              
         {                                                                                                     
           "Node Type": "Gather",                                                                              
           "Parent Relationship": "Outer",                                                                     
           "Parallel Aware": false,                                                                            
           "Startup Cost": 599182.71,                                                                          
           "Total Cost": 599182.92,                                                                            
           "Plan Rows": 2,                                                                                     
           "Plan Width": 32,                                                                                   
           "Actual Startup Time": 11623.866,                                                                   
           "Actual Total Time": 11661.452,                                                                     
           "Actual Rows": 3,                                                                                   
           "Actual Loops": 1,                                                                                  
           "Workers Planned": 2,                                                                               
           "Workers Launched": 2,                                                                              
           "Single Copy": false,                                                                               
           "Plans": [                                                                                          
             {                                                                                                 
               "Node Type": "Aggregate",                                                                       
               "Strategy": "Plain",                                                                            
               "Partial Mode": "Partial",                                                                      
               "Parent Relationship": "Outer",                                                                 
               "Parallel Aware": false,                                                                        
               "Startup Cost": 598182.71,                                                                      
               "Total Cost": 598182.72,                                                                        
               "Plan Rows": 1,                                                                                 
               "Plan Width": 32,                                                                               
               "Actual Startup Time": 11618.418,                                                               
               "Actual Total Time": 11618.456,                                                                 
               "Actual Rows": 1,                                                                               
               "Actual Loops": 3,                                                                              
               "Plans": [                                                                                      
                 {                                                                                             
                   "Node Type": "Nested Loop",                                                                 
                   "Parent Relationship": "Outer",                                                             
                   "Parallel Aware": false,                                                                    
                   "Join Type": "Inner",                                                                       
                   "Startup Cost": 98470.24,                                                                   
                   "Total Cost": 597959.59,                                                                    
                   "Plan Rows": 89251,                                                                         
                   "Plan Width": 15,                                                                           
                   "Actual Startup Time": 808.781,                                                             
                   "Actual Total Time": 11232.813,                                                             
                   "Actual Rows": 944185,                                                                      
                   "Actual Loops": 3,                                                                          
                   "Inner Unique": true,                                                                       
                   "Plans": [                                                                                  
                     {                                                                                         
                       "Node Type": "Hash Join",                                                               
                       "Parent Relationship": "Outer",                                                         
                       "Parallel Aware": true,                                                                 
                       "Join Type": "Inner",                                                                   
                       "Startup Cost": 98469.81,                                                               
                       "Total Cost": 557317.87,                                                                
                       "Plan Rows": 89251,                                                                     
                       "Plan Width": 4,                                                                        
                       "Actual Startup Time": 808.740,                                                         
                       "Actual Total Time": 7132.976,                                                          
                       "Actual Rows": 944185,                                                                  
                       "Actual Loops": 3,                                                                      
                       "Inner Unique": false,                                                                  
                       "Hash Cond": "(ci.movie_id = t.id)",                                                    
                       "Plans": [                                                                              
                         {                                                                                     
                           "Node Type": "Seq Scan",                                                            
                           "Parent Relationship": "Outer",                                                     
                           "Parallel Aware": true,                                                             
                           "Relation Name": "cast_info",                                                       
                           "Alias": "ci",                                                                      
                           "Startup Cost": 0.00,                                                               
                           "Total Cost": 402615.60,                                                            
                           "Plan Rows": 14991560,                                                              
                           "Plan Width": 8,                                                                    
                           "Actual Startup Time": 0.031,                                                       
                           "Actual Total Time": 2078.817,                                                      
                           "Actual Rows": 12081448,                                                            
                           "Actual Loops": 3                                                                   
                         },                                                                                    
                         {                                                                                     
                           "Node Type": "Hash",                                                                
                           "Parent Relationship": "Inner",                                                     
                           "Parallel Aware": true,                                                             
                           "Startup Cost": 98466.83,                                                           
                           "Total Cost": 98466.83,                                                             
                           "Plan Rows": 238,                                                                   
                           "Plan Width": 12,                                                                   
                           "Actual Startup Time": 808.413,                                                     
                           "Actual Total Time": 808.447,                                                       
                           "Actual Rows": 22772,                                                               
                           "Actual Loops": 3,                                                                  
                           "Hash Buckets": 131072,                                                             
                           "Original Hash Buckets": 1024,                                                      
                           "Hash Batches": 1,                                                                  
                           "Original Hash Batches": 1,                                                         
                           "Peak Memory Usage": 5304,                                                          
                           "Plans": [                                                                          
                             {                                                                                 
                               "Node Type": "Nested Loop",                                                     
                               "Parent Relationship": "Outer",                                                 
                               "Parallel Aware": false,                                                        
                               "Join Type": "Inner",                                                           
                               "Startup Cost": 50070.61,                                                       
                               "Total Cost": 98466.83,                                                         
                               "Plan Rows": 238,                                                               
                               "Plan Width": 12,                                                               
                               "Actual Startup Time": 696.729,                                                 
                               "Actual Total Time": 793.055,                                                   
                               "Actual Rows": 22772,                                                           
                               "Actual Loops": 3,                                                              
                               "Inner Unique": true,                                                           
                               "Plans": [                                                                      
                                 {                                                                             
                                   "Node Type": "Hash Join",                                                   
                                   "Parent Relationship": "Outer",                                             
                                   "Parallel Aware": true,                                                     
                                   "Join Type": "Inner",                                                       
                                   "Startup Cost": 50070.18,                                                   
                                   "Total Cost": 98358.43,                                                     
                                   "Plan Rows": 238,                                                           
                                   "Plan Width": 8,                                                            
                                   "Actual Startup Time": 696.680,                                             
                                   "Actual Total Time": 740.723,                                               
                                   "Actual Rows": 22772,                                                       
                                   "Actual Loops": 3,                                                          
                                   "Inner Unique": false,                                                      
                                   "Hash Cond": "(mk.movie_id = mc.movie_id)",                                 
                                   "Plans": [                                                                  
                                     {                                                                         
                                       "Node Type": "Hash Join",                                               
                                       "Parent Relationship": "Outer",                                         
                                       "Parallel Aware": false,                                                
                                       "Join Type": "Inner",                                                   
                                       "Startup Cost": 2647.51,                                                
                                       "Total Cost": 50899.43,                                                 
                                       "Plan Rows": 9427,                                                      
                                       "Plan Width": 4,                                                        
                                       "Actual Startup Time": 24.019,                                          
                                       "Actual Total Time": 285.323,                                           
                                       "Actual Rows": 13947,                                                   
                                       "Actual Loops": 3,                                                      
                                       "Inner Unique": true,                                                   
                                       "Hash Cond": "(mk.keyword_id = k.id)",                                  
                                       "Plans": [                                                              
                                         {                                                                     
                                           "Node Type": "Seq Scan",                                            
                                           "Parent Relationship": "Outer",                                     
                                           "Parallel Aware": true,                                             
                                           "Relation Name": "movie_keyword",                                   
                                           "Alias": "mk",                                                      
                                           "Startup Cost": 0.00,                                               
                                           "Total Cost": 43303.71,                                             
                                           "Plan Rows": 1884971,                                               
                                           "Plan Width": 8,                                                    
                                           "Actual Startup Time": 0.034,                                       
                                           "Actual Total Time": 137.623,                                       
                                           "Actual Rows": 1507977,                                             
                                           "Actual Loops": 3                                                   
                                         },                                                                    
                                         {                                                                     
                                           "Node Type": "Hash",                                                
                                           "Parent Relationship": "Inner",                                     
                                           "Parallel Aware": false,                                            
                                           "Startup Cost": 2639.12,                                            
                                           "Total Cost": 2639.12,                                              
                                           "Plan Rows": 671,                                                   
                                           "Plan Width": 4,                                                    
                                           "Actual Startup Time": 23.951,                                      
                                           "Actual Total Time": 23.952,                                        
                                           "Actual Rows": 1,                                                   
                                           "Actual Loops": 3,                                                  
                                           "Hash Buckets": 1024,                                               
                                           "Original Hash Buckets": 1024,                                      
                                           "Hash Batches": 1,                                                  
                                           "Original Hash Batches": 1,                                         
                                           "Peak Memory Usage": 9,                                             
                                           "Plans": [                                                          
                                             {                                                                 
                                               "Node Type": "Seq Scan",                                        
                                               "Parent Relationship": "Outer",                                 
                                               "Parallel Aware": false,                                        
                                               "Relation Name": "keyword",                                     
                                               "Alias": "k",                                                   
                                               "Startup Cost": 0.00,                                           
                                               "Total Cost": 2639.12,                                          
                                               "Plan Rows": 671,                                               
                                               "Plan Width": 4,                                                
                                               "Actual Startup Time": 0.951,                                   
                                               "Actual Total Time": 23.949,                                    
                                               "Actual Rows": 1,                                               
                                               "Actual Loops": 3,                                              
                                               "Filter": "((keyword)::text = 'character-name-in-title'::text)",
                                               "Rows Removed by Filter": 134169                                
                                             }                                                                 
                                           ]                                                                   
                                         }                                                                     
                                       ]                                                                       
                                     },                                                                        
                                     {                                                                         
                                       "Node Type": "Hash",                                                    
                                       "Parent Relationship": "Inner",                                         
                                       "Parallel Aware": true,                                                 
                                       "Startup Cost": 47354.72,                                               
                                       "Total Cost": 47354.72,                                                 
                                       "Plan Rows": 5436,                                                      
                                       "Plan Width": 4,                                                        
                                       "Actual Startup Time": 400.383,                                         
                                       "Actual Total Time": 400.395,                                           
                                       "Actual Rows": 384599,                                                  
                                       "Actual Loops": 3,                                                      
                                       "Hash Buckets": 131072,                                                 
                                       "Original Hash Buckets": 16384,                                         
                                       "Hash Batches": 16,                                                     
                                       "Original Hash Batches": 1,                                             
                                       "Peak Memory Usage": 3936,                                              
                                       "Plans": [                                                              
                                         {                                                                     
                                           "Node Type": "Hash Join",                                           
                                           "Parent Relationship": "Outer",                                     
                                           "Parallel Aware": true,                                             
                                           "Join Type": "Inner",                                               
                                           "Startup Cost": 4748.56,                                            
                                           "Total Cost": 47354.72,                                             
                                           "Plan Rows": 5436,                                                  
                                           "Plan Width": 4,                                                    
                                           "Actual Startup Time": 40.944,                                      
                                           "Actual Total Time": 288.947,                                       
                                           "Actual Rows": 384599,                                              
                                           "Actual Loops": 3,                                                  
                                           "Inner Unique": true,                                               
                                           "Hash Cond": "(mc.company_id = cn.id)",                             
                                           "Plans": [                                                          
                                             {                                                                 
                                               "Node Type": "Seq Scan",                                        
                                               "Parent Relationship": "Outer",                                 
                                               "Parallel Aware": true,                                         
                                               "Relation Name": "movie_companies",                             
                                               "Alias": "mc",                                                  
                                               "Startup Cost": 0.00,                                           
                                               "Total Cost": 39752.37,                                         
                                               "Plan Rows": 1087137,                                           
                                               "Plan Width": 8,                                                
                                               "Actual Startup Time": 0.032,                                   
                                               "Actual Total Time": 96.702,                                    
                                               "Actual Rows": 869710,                                          
                                               "Actual Loops": 3                                               
                                             },                                                                
                                             {                                                                 
                                               "Node Type": "Hash",                                            
                                               "Parent Relationship": "Inner",                                 
                                               "Parallel Aware": true,                                         
                                               "Startup Cost": 4739.92,                                        
                                               "Total Cost": 4739.92,                                          
                                               "Plan Rows": 691,                                               
                                               "Plan Width": 4,                                                
                                               "Actual Startup Time": 40.866,                                  
                                               "Actual Total Time": 40.868,                                    
                                               "Actual Rows": 28281,                                           
                                               "Actual Loops": 3,                                              
                                               "Hash Buckets": 131072,                                         
                                               "Original Hash Buckets": 2048,                                  
                                               "Hash Batches": 1,                                              
                                               "Original Hash Batches": 1,                                     
                                               "Peak Memory Usage": 5424,                                      
                                               "Plans": [                                                      
                                                 {                                                             
                                                   "Node Type": "Seq Scan",                                    
                                                   "Parent Relationship": "Outer",                             
                                                   "Parallel Aware": true,                                     
                                                   "Relation Name": "company_name",                            
                                                   "Alias": "cn",                                              
                                                   "Startup Cost": 0.00,                                       
                                                   "Total Cost": 4739.92,                                      
                                                   "Plan Rows": 691,                                           
                                                   "Plan Width": 4,                                            
                                                   "Actual Startup Time": 0.072,                               
                                                   "Actual Total Time": 26.019,                                
                                                   "Actual Rows": 28281,                                       
                                                   "Actual Loops": 3,                                          
                                                   "Filter": "((country_code)::text = '[us]'::text)",          
                                                   "Rows Removed by Filter": 50051                             
                                                 }                                                             
                                               ]                                                               
                                             }                                                                 
                                           ]                                                                   
                                         }                                                                     
                                       ]                                                                       
                                     }                                                                         
                                   ]                                                                           
                                 },                                                                            
                                 {                                                                             
                                   "Node Type": "Index Only Scan",                                             
                                   "Parent Relationship": "Inner",                                             
                                   "Parallel Aware": false,                                                    
                                   "Scan Direction": "Forward",                                                
                                   "Index Name": "title_pkey",                                                 
                                   "Relation Name": "title",                                                   
                                   "Alias": "t",                                                               
                                   "Startup Cost": 0.43,                                                       
                                   "Total Cost": 0.46,                                                         
                                   "Plan Rows": 1,                                                             
                                   "Plan Width": 4,                                                            
                                   "Actual Startup Time": 0.002,                                               
                                   "Actual Total Time": 0.002,                                                 
                                   "Actual Rows": 1,                                                           
                                   "Actual Loops": 68316,                                                      
                                   "Index Cond": "(id = mk.movie_id)",                                         
                                   "Rows Removed by Index Recheck": 0,                                         
                                   "Heap Fetches": 0                                                           
                                 }                                                                             
                               ]                                                                               
                             }                                                                                 
                           ]                                                                                   
                         }                                                                                     
                       ]                                                                                       
                     },                                                                                        
                     {                                                                                         
                       "Node Type": "Index Scan",                                                              
                       "Parent Relationship": "Inner",                                                         
                       "Parallel Aware": false,                                                                
                       "Scan Direction": "Forward",                                                            
                       "Index Name": "name_pkey",                                                              
                       "Relation Name": "name",                                                                
                       "Alias": "n",                                                                           
                       "Startup Cost": 0.43,                                                                   
                       "Total Cost": 0.46,                                                                     
                       "Plan Rows": 1,                                                                         
                       "Plan Width": 19,                                                                       
                       "Actual Startup Time": 0.004,                                                           
                       "Actual Total Time": 0.004,                                                             
                       "Actual Rows": 1,                                                                       
                       "Actual Loops": 2832555,                                                                
                       "Index Cond": "(id = ci.person_id)",                                                    
                       "Rows Removed by Index Recheck": 0                                                      
                     }                                                                                         
                   ]                                                                                           
                 }                                                                                             
               ]                                                                                               
             }                                                                                                 
           ]                                                                                                   
         }                                                                                                     
       ]                                                                                                       
     },                                                                                                        
     "Planning Time": 5.318,                                                                                   
     "Triggers": [                                                                                             
     ],                                                                                                        
     "Execution Time": 11661.899                                                                               
   }                                                                                                           
 ]
