[                                                                                                            
   {                                                                                                          
     "Plan": {                                                                                                
       "Node Type": "Aggregate",                                                                              
       "Strategy": "Plain",                                                                                   
       "Partial Mode": "Simple",                                                                              
       "Parallel Aware": false,                                                                               
       "Startup Cost": 699391.59,                                                                             
       "Total Cost": 699391.60,                                                                               
       "Plan Rows": 1,                                                                                        
       "Plan Width": 96,                                                                                      
       "Actual Startup Time": 6325.200,                                                                       
       "Actual Total Time": 6344.715,                                                                         
       "Actual Rows": 1,                                                                                      
       "Actual Loops": 1,                                                                                     
       "Plans": [                                                                                             
         {                                                                                                    
           "Node Type": "Nested Loop",                                                                        
           "Parent Relationship": "Outer",                                                                    
           "Parallel Aware": false,                                                                           
           "Join Type": "Inner",                                                                              
           "Startup Cost": 256886.20,                                                                         
           "Total Cost": 699391.58,                                                                           
           "Plan Rows": 1,                                                                                    
           "Plan Width": 64,                                                                                  
           "Actual Startup Time": 3829.841,                                                                   
           "Actual Total Time": 6343.359,                                                                     
           "Actual Rows": 410,                                                                                
           "Actual Loops": 1,                                                                                 
           "Inner Unique": true,                                                                              
           "Plans": [                                                                                         
             {                                                                                                
               "Node Type": "Gather",                                                                         
               "Parent Relationship": "Outer",                                                                
               "Parallel Aware": false,                                                                       
               "Startup Cost": 256885.77,                                                                     
               "Total Cost": 699391.12,                                                                       
               "Plan Rows": 1,                                                                                
               "Plan Width": 59,                                                                              
               "Actual Startup Time": 3829.713,                                                               
               "Actual Total Time": 6331.289,                                                                 
               "Actual Rows": 410,                                                                            
               "Actual Loops": 1,                                                                             
               "Workers Planned": 2,                                                                          
               "Workers Launched": 2,                                                                         
               "Single Copy": false,                                                                          
               "Plans": [                                                                                     
                 {                                                                                            
                   "Node Type": "Nested Loop",                                                                
                   "Parent Relationship": "Outer",                                                            
                   "Parallel Aware": false,                                                                   
                   "Join Type": "Inner",                                                                      
                   "Startup Cost": 255885.77,                                                                 
                   "Total Cost": 698391.02,                                                                   
                   "Plan Rows": 1,                                                                            
                   "Plan Width": 59,                                                                          
                   "Actual Startup Time": 3824.003,                                                           
                   "Actual Total Time": 6312.273,                                                             
                   "Actual Rows": 137,                                                                        
                   "Actual Loops": 3,                                                                         
                   "Inner Unique": true,                                                                      
                   "Plans": [                                                                                 
                     {                                                                                        
                       "Node Type": "Hash Join",                                                              
                       "Parent Relationship": "Outer",                                                        
                       "Parallel Aware": true,                                                                
                       "Join Type": "Inner",                                                                  
                       "Startup Cost": 255885.34,                                                             
                       "Total Cost": 696547.96,                                                               
                       "Plan Rows": 1425,                                                                     
                       "Plan Width": 63,                                                                      
                       "Actual Startup Time": 3456.970,                                                       
                       "Actual Total Time": 5965.217,                                                         
                       "Actual Rows": 35780,                                                                  
                       "Actual Loops": 3,                                                                     
                       "Inner Unique": false,                                                                 
                       "Hash Cond": "(ci.movie_id = mi.movie_id)",                                            
                       "Plans": [                                                                             
                         {                                                                                    
                           "Node Type": "Seq Scan",                                                           
                           "Parent Relationship": "Outer",                                                    
                           "Parallel Aware": true,                                                            
                           "Relation Name": "cast_info",                                                      
                           "Alias": "ci",                                                                     
                           "Startup Cost": 0.00,                                                              
                           "Total Cost": 440094.50,                                                           
                           "Plan Rows": 149915,                                                               
                           "Plan Width": 8,                                                                   
                           "Actual Startup Time": 221.752,                                                    
                           "Actual Total Time": 3188.689,                                                     
                           "Actual Rows": 793090,                                                             
                           "Actual Loops": 3,                                                                 
                           "Filter": "((note)::text = ANY ('{(producer),\"(executive producer)\"}'::text[]))",
                           "Rows Removed by Filter": 11288358                                                 
                         },                                                                                   
                         {                                                                                    
                           "Node Type": "Hash",                                                               
                           "Parent Relationship": "Inner",                                                    
                           "Parallel Aware": true,                                                            
                           "Startup Cost": 255867.66,                                                         
                           "Total Cost": 255867.66,                                                           
                           "Plan Rows": 1414,                                                                 
                           "Plan Width": 55,                                                                  
                           "Actual Startup Time": 2469.572,                                                   
                           "Actual Total Time": 2470.007,                                                     
                           "Actual Rows": 15144,                                                              
                           "Actual Loops": 3,                                                                 
                           "Hash Buckets": 65536,                                                             
                           "Original Hash Buckets": 4096,                                                     
                           "Hash Batches": 1,                                                                 
                           "Original Hash Batches": 1,                                                        
                           "Peak Memory Usage": 3616,                                                         
                           "Plans": [                                                                         
                             {                                                                                
                               "Node Type": "Hash Join",                                                      
                               "Parent Relationship": "Outer",                                                
                               "Parallel Aware": true,                                                        
                               "Join Type": "Inner",                                                          
                               "Startup Cost": 15319.64,                                                      
                               "Total Cost": 255867.66,                                                       
                               "Plan Rows": 1414,                                                             
                               "Plan Width": 55,                                                              
                               "Actual Startup Time": 2393.987,                                               
                               "Actual Total Time": 2446.063,                                                 
                               "Actual Rows": 15144,                                                          
                               "Actual Loops": 3,                                                             
                               "Inner Unique": false,                                                         
                               "Hash Cond": "(mi.movie_id = mi_idx.movie_id)",                                
                               "Plans": [                                                                     
                                 {                                                                            
                                   "Node Type": "Hash Join",                                                  
                                   "Parent Relationship": "Outer",                                            
                                   "Parallel Aware": false,                                                   
                                   "Join Type": "Inner",                                                      
                                   "Startup Cost": 2.43,                                                      
                                   "Total Cost": 240340.22,                                                   
                                   "Plan Rows": 54491,                                                        
                                   "Plan Width": 46,                                                          
                                   "Actual Startup Time": 1188.480,                                           
                                   "Actual Total Time": 2056.322,                                             
                                   "Actual Rows": 40621,                                                      
                                   "Actual Loops": 3,                                                         
                                   "Inner Unique": true,                                                      
                                   "Hash Cond": "(mi.info_type_id = it1.id)",                                 
                                   "Plans": [                                                                 
                                     {                                                                        
                                       "Node Type": "Seq Scan",                                               
                                       "Parent Relationship": "Outer",                                        
                                       "Parallel Aware": true,                                                
                                       "Relation Name": "movie_info",                                         
                                       "Alias": "mi",                                                         
                                       "Startup Cost": 0.00,                                                  
                                       "Total Cost": 223568.11,                                               
                                       "Plan Rows": 6157511,                                                  
                                       "Plan Width": 50,                                                      
                                       "Actual Startup Time": 0.072,                                          
                                       "Actual Total Time": 1096.367,                                         
                                       "Actual Rows": 4945240,                                                
                                       "Actual Loops": 3                                                      
                                     },                                                                       
                                     {                                                                        
                                       "Node Type": "Hash",                                                   
                                       "Parent Relationship": "Inner",                                        
                                       "Parallel Aware": false,                                               
                                       "Startup Cost": 2.41,                                                  
                                       "Total Cost": 2.41,                                                    
                                       "Plan Rows": 1,                                                        
                                       "Plan Width": 4,                                                       
                                       "Actual Startup Time": 0.043,                                          
                                       "Actual Total Time": 0.048,                                            
                                       "Actual Rows": 1,                                                      
                                       "Actual Loops": 3,                                                     
                                       "Hash Buckets": 1024,                                                  
                                       "Original Hash Buckets": 1024,                                         
                                       "Hash Batches": 1,                                                     
                                       "Original Hash Batches": 1,                                            
                                       "Peak Memory Usage": 9,                                                
                                       "Plans": [                                                             
                                         {                                                                    
                                           "Node Type": "Seq Scan",                                           
                                           "Parent Relationship": "Outer",                                    
                                           "Parallel Aware": false,                                           
                                           "Relation Name": "info_type",                                      
                                           "Alias": "it1",                                                    
                                           "Startup Cost": 0.00,                                              
                                           "Total Cost": 2.41,                                                
                                           "Plan Rows": 1,                                                    
                                           "Plan Width": 4,                                                   
                                           "Actual Startup Time": 0.037,                                      
                                           "Actual Total Time": 0.039,                                        
                                           "Actual Rows": 1,                                                  
                                           "Actual Loops": 3,                                                 
                                           "Filter": "((info)::text = 'budget'::text)",                       
                                           "Rows Removed by Filter": 112                                      
                                         }                                                                    
                                       ]                                                                      
                                     }                                                                        
                                   ]                                                                          
                                 },                                                                           
                                 {                                                                            
                                   "Node Type": "Hash",                                                       
                                   "Parent Relationship": "Inner",                                            
                                   "Parallel Aware": true,                                                    
                                   "Startup Cost": 15253.60,                                                  
                                   "Total Cost": 15253.60,                                                    
                                   "Plan Rows": 5089,                                                         
                                   "Plan Width": 9,                                                           
                                   "Actual Startup Time": 310.969,                                            
                                   "Actual Total Time": 310.986,                                              
                                   "Actual Rows": 153308,                                                     
                                   "Actual Loops": 3,                                                         
                                   "Hash Buckets": 65536,                                                     
                                   "Original Hash Buckets": 16384,                                            
                                   "Hash Batches": 8,                                                         
                                   "Original Hash Batches": 1,                                                
                                   "Peak Memory Usage": 2848,                                                 
                                   "Plans": [                                                                 
                                     {                                                                        
                                       "Node Type": "Hash Join",                                              
                                       "Parent Relationship": "Outer",                                        
                                       "Parallel Aware": false,                                               
                                       "Join Type": "Inner",                                                  
                                       "Startup Cost": 2.43,                                                  
                                       "Total Cost": 15253.60,                                                
                                       "Plan Rows": 5089,                                                     
                                       "Plan Width": 9,                                                       
                                       "Actual Startup Time": 0.137,                                          
                                       "Actual Total Time": 215.976,                                          
                                       "Actual Rows": 153308,                                                 
                                       "Actual Loops": 3,                                                     
                                       "Inner Unique": true,                                                  
                                       "Hash Cond": "(mi_idx.info_type_id = it2.id)",                         
                                       "Plans": [                                                             
                                         {                                                                    
                                           "Node Type": "Seq Scan",                                           
                                           "Parent Relationship": "Outer",                                    
                                           "Parallel Aware": true,                                            
                                           "Relation Name": "movie_info_idx",                                 
                                           "Alias": "mi_idx",                                                 
                                           "Startup Cost": 0.00,                                              
                                           "Total Cost": 13685.15,                                            
                                           "Plan Rows": 575015,                                               
                                           "Plan Width": 13,                                                  
                                           "Actual Startup Time": 0.048,                                      
                                           "Actual Total Time": 89.679,                                       
                                           "Actual Rows": 460012,                                             
                                           "Actual Loops": 3                                                  
                                         },                                                                   
                                         {                                                                    
                                           "Node Type": "Hash",                                               
                                           "Parent Relationship": "Inner",                                    
                                           "Parallel Aware": false,                                           
                                           "Startup Cost": 2.41,                                              
                                           "Total Cost": 2.41,                                                
                                           "Plan Rows": 1,                                                    
                                           "Plan Width": 4,                                                   
                                           "Actual Startup Time": 0.061,                                      
                                           "Actual Total Time": 0.063,                                        
                                           "Actual Rows": 1,                                                  
                                           "Actual Loops": 3,                                                 
                                           "Hash Buckets": 1024,                                              
                                           "Original Hash Buckets": 1024,                                     
                                           "Hash Batches": 1,                                                 
                                           "Original Hash Batches": 1,                                        
                                           "Peak Memory Usage": 9,                                            
                                           "Plans": [                                                         
                                             {                                                                
                                               "Node Type": "Seq Scan",                                       
                                               "Parent Relationship": "Outer",                                
                                               "Parallel Aware": false,                                       
                                               "Relation Name": "info_type",                                  
                                               "Alias": "it2",                                                
                                               "Startup Cost": 0.00,                                          
                                               "Total Cost": 2.41,                                            
                                               "Plan Rows": 1,                                                
                                               "Plan Width": 4,                                               
                                               "Actual Startup Time": 0.049,                                  
                                               "Actual Total Time": 0.053,                                    
                                               "Actual Rows": 1,                                              
                                               "Actual Loops": 3,                                             
                                               "Filter": "((info)::text = 'votes'::text)",                    
                                               "Rows Removed by Filter": 112                                  
                                             }                                                                
                                           ]                                                                  
                                         }                                                                    
                                       ]                                                                      
                                     }                                                                        
                                   ]                                                                          
                                 }                                                                            
                               ]                                                                              
                             }                                                                                
                           ]                                                                                  
                         }                                                                                    
                       ]                                                                                      
                     },                                                                                       
                     {                                                                                        
                       "Node Type": "Index Scan",                                                             
                       "Parent Relationship": "Inner",                                                        
                       "Parallel Aware": false,                                                               
                       "Scan Direction": "Forward",                                                           
                       "Index Name": "name_pkey",                                                             
                       "Relation Name": "name",                                                               
                       "Alias": "n",                                                                          
                       "Startup Cost": 0.43,                                                                  
                       "Total Cost": 1.29,                                                                    
                       "Plan Rows": 1,                                                                        
                       "Plan Width": 4,                                                                       
                       "Actual Startup Time": 0.009,                                                          
                       "Actual Total Time": 0.009,                                                            
                       "Actual Rows": 0,                                                                      
                       "Actual Loops": 107339,                                                                
                       "Index Cond": "(id = ci.person_id)",                                                   
                       "Rows Removed by Index Recheck": 0,                                                    
                       "Filter": "(((name)::text ~~ '%Tim%'::text) AND ((gender)::text = 'm'::text))",        
                       "Rows Removed by Filter": 1                                                            
                     }                                                                                        
                   ]                                                                                          
                 }                                                                                            
               ]                                                                                              
             },                                                                                               
             {                                                                                                
               "Node Type": "Index Scan",                                                                     
               "Parent Relationship": "Inner",                                                                
               "Parallel Aware": false,                                                                       
               "Scan Direction": "Forward",                                                                   
               "Index Name": "title_pkey",                                                                    
               "Relation Name": "title",                                                                      
               "Alias": "t",                                                                                  
               "Startup Cost": 0.43,                                                                          
               "Total Cost": 0.46,                                                                            
               "Plan Rows": 1,                                                                                
               "Plan Width": 21,                                                                              
               "Actual Startup Time": 0.028,                                                                  
               "Actual Total Time": 0.028,                                                                    
               "Actual Rows": 1,                                                                              
               "Actual Loops": 410,                                                                           
               "Index Cond": "(id = mi.movie_id)",                                                            
               "Rows Removed by Index Recheck": 0                                                             
             }                                                                                                
           ]                                                                                                  
         }                                                                                                    
       ]                                                                                                      
     },                                                                                                       
     "Planning Time": 5.676,                                                                                  
     "Triggers": [                                                                                            
     ],                                                                                                       
     "Execution Time": 6345.237                                                                               
   }                                                                                                          
 ]
