[                                                                                                                                               
   {                                                                                                                                             
     "Plan": {                                                                                                                                   
       "Node Type": "Aggregate",                                                                                                                 
       "Strategy": "Plain",                                                                                                                      
       "Partial Mode": "Finalize",                                                                                                               
       "Parallel Aware": false,                                                                                                                  
       "Startup Cost": 784029.09,                                                                                                                
       "Total Cost": 784029.10,                                                                                                                  
       "Plan Rows": 1,                                                                                                                           
       "Plan Width": 96,                                                                                                                         
       "Actual Startup Time": 6862.868,                                                                                                          
       "Actual Total Time": 6882.519,                                                                                                            
       "Actual Rows": 1,                                                                                                                         
       "Actual Loops": 1,                                                                                                                        
       "Plans": [                                                                                                                                
         {                                                                                                                                       
           "Node Type": "Gather",                                                                                                                
           "Parent Relationship": "Outer",                                                                                                       
           "Parallel Aware": false,                                                                                                              
           "Startup Cost": 784028.86,                                                                                                            
           "Total Cost": 784029.07,                                                                                                              
           "Plan Rows": 2,                                                                                                                       
           "Plan Width": 96,                                                                                                                     
           "Actual Startup Time": 6859.377,                                                                                                      
           "Actual Total Time": 6882.475,                                                                                                        
           "Actual Rows": 3,                                                                                                                     
           "Actual Loops": 1,                                                                                                                    
           "Workers Planned": 2,                                                                                                                 
           "Workers Launched": 2,                                                                                                                
           "Single Copy": false,                                                                                                                 
           "Plans": [                                                                                                                            
             {                                                                                                                                   
               "Node Type": "Aggregate",                                                                                                         
               "Strategy": "Plain",                                                                                                              
               "Partial Mode": "Partial",                                                                                                        
               "Parent Relationship": "Outer",                                                                                                   
               "Parallel Aware": false,                                                                                                          
               "Startup Cost": 783028.86,                                                                                                        
               "Total Cost": 783028.87,                                                                                                          
               "Plan Rows": 1,                                                                                                                   
               "Plan Width": 96,                                                                                                                 
               "Actual Startup Time": 6853.520,                                                                                                  
               "Actual Total Time": 6854.586,                                                                                                    
               "Actual Rows": 1,                                                                                                                 
               "Actual Loops": 3,                                                                                                                
               "Plans": [                                                                                                                        
                 {                                                                                                                               
                   "Node Type": "Nested Loop",                                                                                                   
                   "Parent Relationship": "Outer",                                                                                               
                   "Parallel Aware": false,                                                                                                      
                   "Join Type": "Inner",                                                                                                         
                   "Startup Cost": 285276.70,                                                                                                    
                   "Total Cost": 783028.73,                                                                                                      
                   "Plan Rows": 18,                                                                                                              
                   "Plan Width": 64,                                                                                                             
                   "Actual Startup Time": 4957.234,                                                                                              
                   "Actual Total Time": 6842.269,                                                                                                
                   "Actual Rows": 9358,                                                                                                          
                   "Actual Loops": 3,                                                                                                            
                   "Inner Unique": true,                                                                                                         
                   "Plans": [                                                                                                                    
                     {                                                                                                                           
                       "Node Type": "Hash Join",                                                                                                 
                       "Parent Relationship": "Outer",                                                                                           
                       "Parallel Aware": true,                                                                                                   
                       "Join Type": "Inner",                                                                                                     
                       "Startup Cost": 285276.27,                                                                                                
                       "Total Cost": 782994.60,                                                                                                  
                       "Plan Rows": 41,                                                                                                          
                       "Plan Width": 68,                                                                                                         
                       "Actual Startup Time": 4749.706,                                                                                          
                       "Actual Total Time": 6664.768,                                                                                            
                       "Actual Rows": 18052,                                                                                                     
                       "Actual Loops": 3,                                                                                                        
                       "Inner Unique": false,                                                                                                    
                       "Hash Cond": "(ci.movie_id = t.id)",                                                                                      
                       "Plans": [                                                                                                                
                         {                                                                                                                       
                           "Node Type": "Seq Scan",                                                                                              
                           "Parent Relationship": "Outer",                                                                                       
                           "Parallel Aware": true,                                                                                               
                           "Relation Name": "cast_info",                                                                                         
                           "Alias": "ci",                                                                                                        
                           "Startup Cost": 0.00,                                                                                                 
                           "Total Cost": 496312.85,                                                                                              
                           "Plan Rows": 374789,                                                                                                  
                           "Plan Width": 8,                                                                                                      
                           "Actual Startup Time": 76.569,                                                                                        
                           "Actual Total Time": 3471.722,                                                                                        
                           "Actual Rows": 414905,                                                                                                
                           "Actual Loops": 3,                                                                                                    
                           "Filter": "((note)::text = ANY ('{(writer),\"(head writer)\",\"(written by)\",(story),\"(story editor)\"}'::text[]))",
                           "Rows Removed by Filter": 11666543                                                                                    
                         },                                                                                                                      
                         {                                                                                                                       
                           "Node Type": "Hash",                                                                                                  
                           "Parent Relationship": "Inner",                                                                                       
                           "Parallel Aware": true,                                                                                               
                           "Startup Cost": 285276.07,                                                                                            
                           "Total Cost": 285276.07,                                                                                              
                           "Plan Rows": 16,                                                                                                      
                           "Plan Width": 76,                                                                                                     
                           "Actual Startup Time": 3018.525,                                                                                      
                           "Actual Total Time": 3019.587,                                                                                        
                           "Actual Rows": 34172,                                                                                                 
                           "Actual Loops": 3,                                                                                                    
                           "Hash Buckets": 131072,                                                                                               
                           "Original Hash Buckets": 1024,                                                                                        
                           "Hash Batches": 1,                                                                                                    
                           "Original Hash Batches": 1,                                                                                           
                           "Peak Memory Usage": 9944,                                                                                            
                           "Plans": [                                                                                                            
                             {                                                                                                                   
                               "Node Type": "Nested Loop",                                                                                       
                               "Parent Relationship": "Outer",                                                                                   
                               "Parallel Aware": false,                                                                                          
                               "Join Type": "Inner",                                                                                             
                               "Startup Cost": 15320.07,                                                                                         
                               "Total Cost": 285276.07,                                                                                          
                               "Plan Rows": 16,                                                                                                  
                               "Plan Width": 76,                                                                                                 
                               "Actual Startup Time": 2541.165,                                                                                  
                               "Actual Total Time": 2966.341,                                                                                    
                               "Actual Rows": 34172,                                                                                             
                               "Actual Loops": 3,                                                                                                
                               "Inner Unique": true,                                                                                             
                               "Join Filter": "(mi.movie_id = t.id)",                                                                            
                               "Rows Removed by Join Filter": 0,                                                                                 
                               "Plans": [                                                                                                        
                                 {                                                                                                               
                                   "Node Type": "Hash Join",                                                                                     
                                   "Parent Relationship": "Outer",                                                                               
                                   "Parallel Aware": true,                                                                                       
                                   "Join Type": "Inner",                                                                                         
                                   "Startup Cost": 15319.64,                                                                                     
                                   "Total Cost": 285266.62,                                                                                      
                                   "Plan Rows": 16,                                                                                              
                                   "Plan Width": 55,                                                                                             
                                   "Actual Startup Time": 2540.990,                                                                              
                                   "Actual Total Time": 2612.086,                                                                                
                                   "Actual Rows": 34172,                                                                                         
                                   "Actual Loops": 3,                                                                                            
                                   "Inner Unique": false,                                                                                        
                                   "Hash Cond": "(mi.movie_id = mi_idx.movie_id)",                                                               
                                   "Plans": [                                                                                                    
                                     {                                                                                                           
                                       "Node Type": "Hash Join",                                                                                 
                                       "Parent Relationship": "Outer",                                                                           
                                       "Parallel Aware": false,                                                                                  
                                       "Join Type": "Inner",                                                                                     
                                       "Startup Cost": 2.43,                                                                                     
                                       "Total Cost": 269946.96,                                                                                  
                                       "Plan Rows": 634,                                                                                         
                                       "Plan Width": 46,                                                                                         
                                       "Actual Startup Time": 1914.563,                                                                          
                                       "Actual Total Time": 2196.998,                                                                            
                                       "Actual Rows": 62198,                                                                                     
                                       "Actual Loops": 3,                                                                                        
                                       "Inner Unique": true,                                                                                     
                                       "Hash Cond": "(mi.info_type_id = it1.id)",                                                                
                                       "Plans": [                                                                                                
                                         {                                                                                                       
                                           "Node Type": "Seq Scan",                                                                              
                                           "Parent Relationship": "Outer",                                                                       
                                           "Parallel Aware": true,                                                                               
                                           "Relation Name": "movie_info",                                                                        
                                           "Alias": "mi",                                                                                        
                                           "Startup Cost": 0.00,                                                                                 
                                           "Total Cost": 269749.45,                                                                              
                                           "Plan Rows": 71632,                                                                                   
                                           "Plan Width": 50,                                                                                     
                                           "Actual Startup Time": 1235.770,                                                                      
                                           "Actual Total Time": 2172.674,                                                                        
                                           "Actual Rows": 62990,                                                                                 
                                           "Actual Loops": 3,                                                                                    
                                           "Filter": "((info)::text = ANY ('{Horror,Action,Sci-Fi,Thriller,Crime,War}'::text[]))",               
                                           "Rows Removed by Filter": 4882250                                                                     
                                         },                                                                                                      
                                         {                                                                                                       
                                           "Node Type": "Hash",                                                                                  
                                           "Parent Relationship": "Inner",                                                                       
                                           "Parallel Aware": false,                                                                              
                                           "Startup Cost": 2.41,                                                                                 
                                           "Total Cost": 2.41,                                                                                   
                                           "Plan Rows": 1,                                                                                       
                                           "Plan Width": 4,                                                                                      
                                           "Actual Startup Time": 0.066,                                                                         
                                           "Actual Total Time": 0.068,                                                                           
                                           "Actual Rows": 1,                                                                                     
                                           "Actual Loops": 3,                                                                                    
                                           "Hash Buckets": 1024,                                                                                 
                                           "Original Hash Buckets": 1024,                                                                        
                                           "Hash Batches": 1,                                                                                    
                                           "Original Hash Batches": 1,                                                                           
                                           "Peak Memory Usage": 9,                                                                               
                                           "Plans": [                                                                                            
                                             {                                                                                                   
                                               "Node Type": "Seq Scan",                                                                          
                                               "Parent Relationship": "Outer",                                                                   
                                               "Parallel Aware": false,                                                                          
                                               "Relation Name": "info_type",                                                                     
                                               "Alias": "it1",                                                                                   
                                               "Startup Cost": 0.00,                                                                             
                                               "Total Cost": 2.41,                                                                               
                                               "Plan Rows": 1,                                                                                   
                                               "Plan Width": 4,                                                                                  
                                               "Actual Startup Time": 0.023,                                                                     
                                               "Actual Total Time": 0.046,                                                                       
                                               "Actual Rows": 1,                                                                                 
                                               "Actual Loops": 3,                                                                                
                                               "Filter": "((info)::text = 'genres'::text)",                                                      
                                               "Rows Removed by Filter": 112                                                                     
                                             }                                                                                                   
                                           ]                                                                                                     
                                         }                                                                                                       
                                       ]                                                                                                         
                                     },                                                                                                          
                                     {                                                                                                           
                                       "Node Type": "Hash",                                                                                      
                                       "Parent Relationship": "Inner",                                                                           
                                       "Parallel Aware": true,                                                                                   
                                       "Startup Cost": 15253.60,                                                                                 
                                       "Total Cost": 15253.60,                                                                                   
                                       "Plan Rows": 5089,                                                                                        
                                       "Plan Width": 9,                                                                                          
                                       "Actual Startup Time": 308.959,                                                                           
                                       "Actual Total Time": 308.967,                                                                             
                                       "Actual Rows": 153308,                                                                                    
                                       "Actual Loops": 3,                                                                                        
                                       "Hash Buckets": 65536,                                                                                    
                                       "Original Hash Buckets": 16384,                                                                           
                                       "Hash Batches": 8,                                                                                        
                                       "Original Hash Batches": 1,                                                                               
                                       "Peak Memory Usage": 2848,                                                                                
                                       "Plans": [                                                                                                
                                         {                                                                                                       
                                           "Node Type": "Hash Join",                                                                             
                                           "Parent Relationship": "Outer",                                                                       
                                           "Parallel Aware": false,                                                                              
                                           "Join Type": "Inner",                                                                                 
                                           "Startup Cost": 2.43,                                                                                 
                                           "Total Cost": 15253.60,                                                                               
                                           "Plan Rows": 5089,                                                                                    
                                           "Plan Width": 9,                                                                                      
                                           "Actual Startup Time": 0.146,                                                                         
                                           "Actual Total Time": 215.218,                                                                         
                                           "Actual Rows": 153308,                                                                                
                                           "Actual Loops": 3,                                                                                    
                                           "Inner Unique": true,                                                                                 
                                           "Hash Cond": "(mi_idx.info_type_id = it2.id)",                                                        
                                           "Plans": [                                                                                            
                                             {                                                                                                   
                                               "Node Type": "Seq Scan",                                                                          
                                               "Parent Relationship": "Outer",                                                                   
                                               "Parallel Aware": true,                                                                           
                                               "Relation Name": "movie_info_idx",                                                                
                                               "Alias": "mi_idx",                                                                                
                                               "Startup Cost": 0.00,                                                                             
                                               "Total Cost": 13685.15,                                                                           
                                               "Plan Rows": 575015,                                                                              
                                               "Plan Width": 13,                                                                                 
                                               "Actual Startup Time": 0.055,                                                                     
                                               "Actual Total Time": 89.658,                                                                      
                                               "Actual Rows": 460012,                                                                            
                                               "Actual Loops": 3                                                                                 
                                             },                                                                                                  
                                             {                                                                                                   
                                               "Node Type": "Hash",                                                                              
                                               "Parent Relationship": "Inner",                                                                   
                                               "Parallel Aware": false,                                                                          
                                               "Startup Cost": 2.41,                                                                             
                                               "Total Cost": 2.41,                                                                               
                                               "Plan Rows": 1,                                                                                   
                                               "Plan Width": 4,                                                                                  
                                               "Actual Startup Time": 0.061,                                                                     
                                               "Actual Total Time": 0.063,                                                                       
                                               "Actual Rows": 1,                                                                                 
                                               "Actual Loops": 3,                                                                                
                                               "Hash Buckets": 1024,                                                                             
                                               "Original Hash Buckets": 1024,                                                                    
                                               "Hash Batches": 1,                                                                                
                                               "Original Hash Batches": 1,                                                                       
                                               "Peak Memory Usage": 9,                                                                           
                                               "Plans": [                                                                                        
                                                 {                                                                                               
                                                   "Node Type": "Seq Scan",                                                                      
                                                   "Parent Relationship": "Outer",                                                               
                                                   "Parallel Aware": false,                                                                      
                                                   "Relation Name": "info_type",                                                                 
                                                   "Alias": "it2",                                                                               
                                                   "Startup Cost": 0.00,                                                                         
                                                   "Total Cost": 2.41,                                                                           
                                                   "Plan Rows": 1,                                                                               
                                                   "Plan Width": 4,                                                                              
                                                   "Actual Startup Time": 0.051,                                                                 
                                                   "Actual Total Time": 0.054,                                                                   
                                                   "Actual Rows": 1,                                                                             
                                                   "Actual Loops": 3,                                                                            
                                                   "Filter": "((info)::text = 'votes'::text)",                                                   
                                                   "Rows Removed by Filter": 112                                                                 
                                                 }                                                                                               
                                               ]                                                                                                 
                                             }                                                                                                   
                                           ]                                                                                                     
                                         }                                                                                                       
                                       ]                                                                                                         
                                     }                                                                                                           
                                   ]                                                                                                             
                                 },                                                                                                              
                                 {                                                                                                               
                                   "Node Type": "Index Scan",                                                                                    
                                   "Parent Relationship": "Inner",                                                                               
                                   "Parallel Aware": false,                                                                                      
                                   "Scan Direction": "Forward",                                                                                  
                                   "Index Name": "title_pkey",                                                                                   
                                   "Relation Name": "title",                                                                                     
                                   "Alias": "t",                                                                                                 
                                   "Startup Cost": 0.43,                                                                                         
                                   "Total Cost": 0.58,                                                                                           
                                   "Plan Rows": 1,                                                                                               
                                   "Plan Width": 21,                                                                                             
                                   "Actual Startup Time": 0.009,                                                                                 
                                   "Actual Total Time": 0.009,                                                                                   
                                   "Actual Rows": 1,                                                                                             
                                   "Actual Loops": 102516,                                                                                       
                                   "Index Cond": "(id = mi_idx.movie_id)",                                                                       
                                   "Rows Removed by Index Recheck": 0                                                                            
                                 }                                                                                                               
                               ]                                                                                                                 
                             }                                                                                                                   
                           ]                                                                                                                     
                         }                                                                                                                       
                       ]                                                                                                                         
                     },                                                                                                                          
                     {                                                                                                                           
                       "Node Type": "Index Scan",                                                                                                
                       "Parent Relationship": "Inner",                                                                                           
                       "Parallel Aware": false,                                                                                                  
                       "Scan Direction": "Forward",                                                                                              
                       "Index Name": "name_pkey",                                                                                                
                       "Relation Name": "name",                                                                                                  
                       "Alias": "n",                                                                                                             
                       "Startup Cost": 0.43,                                                                                                     
                       "Total Cost": 0.83,                                                                                                       
                       "Plan Rows": 1,                                                                                                           
                       "Plan Width": 4,                                                                                                          
                       "Actual Startup Time": 0.009,                                                                                             
                       "Actual Total Time": 0.009,                                                                                               
                       "Actual Rows": 1,                                                                                                         
                       "Actual Loops": 54155,                                                                                                    
                       "Index Cond": "(id = ci.person_id)",                                                                                      
                       "Rows Removed by Index Recheck": 0,                                                                                       
                       "Filter": "((gender)::text = 'm'::text)",                                                                                 
                       "Rows Removed by Filter": 0                                                                                               
                     }                                                                                                                           
                   ]                                                                                                                             
                 }                                                                                                                               
               ]                                                                                                                                 
             }                                                                                                                                   
           ]                                                                                                                                     
         }                                                                                                                                       
       ]                                                                                                                                         
     },                                                                                                                                          
     "Planning Time": 5.202,                                                                                                                     
     "Triggers": [                                                                                                                               
     ],                                                                                                                                          
     "Execution Time": 6882.964                                                                                                                  
   }                                                                                                                                             
 ]
