[                                                                                                                                                                                                          
   {                                                                                                                                                                                                        
     "Plan": {                                                                                                                                                                                              
       "Node Type": "Aggregate",                                                                                                                                                                            
       "Strategy": "Plain",                                                                                                                                                                                 
       "Partial Mode": "Finalize",                                                                                                                                                                          
       "Parallel Aware": false,                                                                                                                                                                             
       "Startup Cost": 64218.53,                                                                                                                                                                            
       "Total Cost": 64218.54,                                                                                                                                                                              
       "Plan Rows": 1,                                                                                                                                                                                      
       "Plan Width": 68,                                                                                                                                                                                    
       "Actual Startup Time": 695.923,                                                                                                                                                                      
       "Actual Total Time": 698.658,                                                                                                                                                                        
       "Actual Rows": 1,                                                                                                                                                                                    
       "Actual Loops": 1,                                                                                                                                                                                   
       "Plans": [                                                                                                                                                                                           
         {                                                                                                                                                                                                  
           "Node Type": "Gather",                                                                                                                                                                           
           "Parent Relationship": "Outer",                                                                                                                                                                  
           "Parallel Aware": false,                                                                                                                                                                         
           "Startup Cost": 64218.31,                                                                                                                                                                        
           "Total Cost": 64218.52,                                                                                                                                                                          
           "Plan Rows": 2,                                                                                                                                                                                  
           "Plan Width": 68,                                                                                                                                                                                
           "Actual Startup Time": 691.809,                                                                                                                                                                  
           "Actual Total Time": 698.605,                                                                                                                                                                    
           "Actual Rows": 3,                                                                                                                                                                                
           "Actual Loops": 1,                                                                                                                                                                               
           "Workers Planned": 2,                                                                                                                                                                            
           "Workers Launched": 2,                                                                                                                                                                           
           "Single Copy": false,                                                                                                                                                                            
           "Plans": [                                                                                                                                                                                       
             {                                                                                                                                                                                              
               "Node Type": "Aggregate",                                                                                                                                                                    
               "Strategy": "Plain",                                                                                                                                                                         
               "Partial Mode": "Partial",                                                                                                                                                                   
               "Parent Relationship": "Outer",                                                                                                                                                              
               "Parallel Aware": false,                                                                                                                                                                     
               "Startup Cost": 63218.31,                                                                                                                                                                    
               "Total Cost": 63218.32,                                                                                                                                                                      
               "Plan Rows": 1,                                                                                                                                                                              
               "Plan Width": 68,                                                                                                                                                                            
               "Actual Startup Time": 687.826,                                                                                                                                                              
               "Actual Total Time": 687.837,                                                                                                                                                                
               "Actual Rows": 1,                                                                                                                                                                            
               "Actual Loops": 3,                                                                                                                                                                           
               "Plans": [                                                                                                                                                                                   
                 {                                                                                                                                                                                          
                   "Node Type": "Nested Loop",                                                                                                                                                              
                   "Parent Relationship": "Outer",                                                                                                                                                          
                   "Parallel Aware": false,                                                                                                                                                                 
                   "Join Type": "Inner",                                                                                                                                                                    
                   "Startup Cost": 47947.87,                                                                                                                                                                
                   "Total Cost": 63218.30,                                                                                                                                                                  
                   "Plan Rows": 1,                                                                                                                                                                          
                   "Plan Width": 45,                                                                                                                                                                        
                   "Actual Startup Time": 686.143,                                                                                                                                                          
                   "Actual Total Time": 687.737,                                                                                                                                                            
                   "Actual Rows": 47,                                                                                                                                                                       
                   "Actual Loops": 3,                                                                                                                                                                       
                   "Inner Unique": true,                                                                                                                                                                    
                   "Join Filter": "(mc.movie_id = t.id)",                                                                                                                                                   
                   "Rows Removed by Join Filter": 0,                                                                                                                                                        
                   "Plans": [                                                                                                                                                                               
                     {                                                                                                                                                                                      
                       "Node Type": "Hash Join",                                                                                                                                                            
                       "Parent Relationship": "Outer",                                                                                                                                                      
                       "Parallel Aware": true,                                                                                                                                                              
                       "Join Type": "Inner",                                                                                                                                                                
                       "Startup Cost": 47947.44,                                                                                                                                                            
                       "Total Cost": 63217.71,                                                                                                                                                              
                       "Plan Rows": 1,                                                                                                                                                                      
                       "Plan Width": 32,                                                                                                                                                                    
                       "Actual Startup Time": 686.035,                                                                                                                                                      
                       "Actual Total Time": 686.264,                                                                                                                                                        
                       "Actual Rows": 47,                                                                                                                                                                   
                       "Actual Loops": 3,                                                                                                                                                                   
                       "Inner Unique": false,                                                                                                                                                               
                       "Hash Cond": "(mi_idx.movie_id = mc.movie_id)",                                                                                                                                      
                       "Plans": [                                                                                                                                                                           
                         {                                                                                                                                                                                  
                           "Node Type": "Hash Join",                                                                                                                                                        
                           "Parent Relationship": "Outer",                                                                                                                                                  
                           "Parallel Aware": false,                                                                                                                                                         
                           "Join Type": "Inner",                                                                                                                                                            
                           "Startup Cost": 2.43,                                                                                                                                                            
                           "Total Cost": 15253.60,                                                                                                                                                          
                           "Plan Rows": 5089,                                                                                                                                                               
                           "Plan Width": 4,                                                                                                                                                                 
                           "Actual Startup Time": 175.153,                                                                                                                                                  
                           "Actual Total Time": 175.213,                                                                                                                                                    
                           "Actual Rows": 83,                                                                                                                                                               
                           "Actual Loops": 3,                                                                                                                                                               
                           "Inner Unique": true,                                                                                                                                                            
                           "Hash Cond": "(mi_idx.info_type_id = it.id)",                                                                                                                                    
                           "Plans": [                                                                                                                                                                       
                             {                                                                                                                                                                              
                               "Node Type": "Seq Scan",                                                                                                                                                     
                               "Parent Relationship": "Outer",                                                                                                                                              
                               "Parallel Aware": true,                                                                                                                                                      
                               "Relation Name": "movie_info_idx",                                                                                                                                           
                               "Alias": "mi_idx",                                                                                                                                                           
                               "Startup Cost": 0.00,                                                                                                                                                        
                               "Total Cost": 13685.15,                                                                                                                                                      
                               "Plan Rows": 575015,                                                                                                                                                         
                               "Plan Width": 8,                                                                                                                                                             
                               "Actual Startup Time": 0.056,                                                                                                                                                
                               "Actual Total Time": 87.685,                                                                                                                                                 
                               "Actual Rows": 460012,                                                                                                                                                       
                               "Actual Loops": 3                                                                                                                                                            
                             },                                                                                                                                                                             
                             {                                                                                                                                                                              
                               "Node Type": "Hash",                                                                                                                                                         
                               "Parent Relationship": "Inner",                                                                                                                                              
                               "Parallel Aware": false,                                                                                                                                                     
                               "Startup Cost": 2.41,                                                                                                                                                        
                               "Total Cost": 2.41,                                                                                                                                                          
                               "Plan Rows": 1,                                                                                                                                                              
                               "Plan Width": 4,                                                                                                                                                             
                               "Actual Startup Time": 0.075,                                                                                                                                                
                               "Actual Total Time": 0.076,                                                                                                                                                  
                               "Actual Rows": 1,                                                                                                                                                            
                               "Actual Loops": 3,                                                                                                                                                           
                               "Hash Buckets": 1024,                                                                                                                                                        
                               "Original Hash Buckets": 1024,                                                                                                                                               
                               "Hash Batches": 1,                                                                                                                                                           
                               "Original Hash Batches": 1,                                                                                                                                                  
                               "Peak Memory Usage": 9,                                                                                                                                                      
                               "Plans": [                                                                                                                                                                   
                                 {                                                                                                                                                                          
                                   "Node Type": "Seq Scan",                                                                                                                                                 
                                   "Parent Relationship": "Outer",                                                                                                                                          
                                   "Parallel Aware": false,                                                                                                                                                 
                                   "Relation Name": "info_type",                                                                                                                                            
                                   "Alias": "it",                                                                                                                                                           
                                   "Startup Cost": 0.00,                                                                                                                                                    
                                   "Total Cost": 2.41,                                                                                                                                                      
                                   "Plan Rows": 1,                                                                                                                                                          
                                   "Plan Width": 4,                                                                                                                                                         
                                   "Actual Startup Time": 0.060,                                                                                                                                            
                                   "Actual Total Time": 0.061,                                                                                                                                              
                                   "Actual Rows": 1,                                                                                                                                                        
                                   "Actual Loops": 3,                                                                                                                                                       
                                   "Filter": "((info)::text = 'top 250 rank'::text)",                                                                                                                       
                                   "Rows Removed by Filter": 112                                                                                                                                            
                                 }                                                                                                                                                                          
                               ]                                                                                                                                                                            
                             }                                                                                                                                                                              
                           ]                                                                                                                                                                                
                         },                                                                                                                                                                                 
                         {                                                                                                                                                                                  
                           "Node Type": "Hash",                                                                                                                                                             
                           "Parent Relationship": "Inner",                                                                                                                                                  
                           "Parallel Aware": true,                                                                                                                                                          
                           "Startup Cost": 47944.49,                                                                                                                                                        
                           "Total Cost": 47944.49,                                                                                                                                                          
                           "Plan Rows": 42,                                                                                                                                                                 
                           "Plan Width": 28,                                                                                                                                                                
                           "Actual Startup Time": 510.595,                                                                                                                                                  
                           "Actual Total Time": 510.600,                                                                                                                                                    
                           "Actual Rows": 9552,                                                                                                                                                             
                           "Actual Loops": 3,                                                                                                                                                               
                           "Hash Buckets": 32768,                                                                                                                                                           
                           "Original Hash Buckets": 1024,                                                                                                                                                   
                           "Hash Batches": 1,                                                                                                                                                               
                           "Original Hash Batches": 1,                                                                                                                                                      
                           "Peak Memory Usage": 2168,                                                                                                                                                       
                           "Plans": [                                                                                                                                                                       
                             {                                                                                                                                                                              
                               "Node Type": "Hash Join",                                                                                                                                                    
                               "Parent Relationship": "Outer",                                                                                                                                              
                               "Parallel Aware": false,                                                                                                                                                     
                               "Join Type": "Inner",                                                                                                                                                        
                               "Startup Cost": 18.93,                                                                                                                                                       
                               "Total Cost": 47944.49,                                                                                                                                                      
                               "Plan Rows": 42,                                                                                                                                                             
                               "Plan Width": 28,                                                                                                                                                            
                               "Actual Startup Time": 329.816,                                                                                                                                              
                               "Actual Total Time": 475.141,                                                                                                                                                
                               "Actual Rows": 9552,                                                                                                                                                         
                               "Actual Loops": 3,                                                                                                                                                           
                               "Inner Unique": true,                                                                                                                                                        
                               "Hash Cond": "(mc.company_type_id = ct.id)",                                                                                                                                 
                               "Plans": [                                                                                                                                                                   
                                 {                                                                                                                                                                          
                                   "Node Type": "Seq Scan",                                                                                                                                                 
                                   "Parent Relationship": "Outer",                                                                                                                                          
                                   "Parallel Aware": true,                                                                                                                                                  
                                   "Relation Name": "movie_companies",                                                                                                                                      
                                   "Alias": "mc",                                                                                                                                                           
                                   "Startup Cost": 0.00,                                                                                                                                                    
                                   "Total Cost": 47905.90,                                                                                                                                                  
                                   "Plan Rows": 7450,                                                                                                                                                       
                                   "Plan Width": 32,                                                                                                                                                        
                                   "Actual Startup Time": 41.130,                                                                                                                                           
                                   "Actual Total Time": 471.016,                                                                                                                                            
                                   "Actual Rows": 9630,                                                                                                                                                     
                                   "Actual Loops": 3,                                                                                                                                                       
                                   "Filter": "(((note)::text !~~ '%(as Metro-Goldwyn-Mayer Pictures)%'::text) AND (((note)::text ~~ '%(co-production)%'::text) OR ((note)::text ~~ '%(presents)%'::text)))",
                                   "Rows Removed by Filter": 860080                                                                                                                                         
                                 },                                                                                                                                                                         
                                 {                                                                                                                                                                          
                                   "Node Type": "Hash",                                                                                                                                                     
                                   "Parent Relationship": "Inner",                                                                                                                                          
                                   "Parallel Aware": false,                                                                                                                                                 
                                   "Startup Cost": 18.88,                                                                                                                                                   
                                   "Total Cost": 18.88,                                                                                                                                                     
                                   "Plan Rows": 4,                                                                                                                                                          
                                   "Plan Width": 4,                                                                                                                                                         
                                   "Actual Startup Time": 0.059,                                                                                                                                            
                                   "Actual Total Time": 0.060,                                                                                                                                              
                                   "Actual Rows": 1,                                                                                                                                                        
                                   "Actual Loops": 3,                                                                                                                                                       
                                   "Hash Buckets": 1024,                                                                                                                                                    
                                   "Original Hash Buckets": 1024,                                                                                                                                           
                                   "Hash Batches": 1,                                                                                                                                                       
                                   "Original Hash Batches": 1,                                                                                                                                              
                                   "Peak Memory Usage": 9,                                                                                                                                                  
                                   "Plans": [                                                                                                                                                               
                                     {                                                                                                                                                                      
                                       "Node Type": "Seq Scan",                                                                                                                                             
                                       "Parent Relationship": "Outer",                                                                                                                                      
                                       "Parallel Aware": false,                                                                                                                                             
                                       "Relation Name": "company_type",                                                                                                                                     
                                       "Alias": "ct",                                                                                                                                                       
                                       "Startup Cost": 0.00,                                                                                                                                                
                                       "Total Cost": 18.88,                                                                                                                                                 
                                       "Plan Rows": 4,                                                                                                                                                      
                                       "Plan Width": 4,                                                                                                                                                     
                                       "Actual Startup Time": 0.050,                                                                                                                                        
                                       "Actual Total Time": 0.052,                                                                                                                                          
                                       "Actual Rows": 1,                                                                                                                                                    
                                       "Actual Loops": 3,                                                                                                                                                   
                                       "Filter": "((kind)::text = 'production companies'::text)",                                                                                                           
                                       "Rows Removed by Filter": 3                                                                                                                                          
                                     }                                                                                                                                                                      
                                   ]                                                                                                                                                                        
                                 }                                                                                                                                                                          
                               ]                                                                                                                                                                            
                             }                                                                                                                                                                              
                           ]                                                                                                                                                                                
                         }                                                                                                                                                                                  
                       ]                                                                                                                                                                                    
                     },                                                                                                                                                                                     
                     {                                                                                                                                                                                      
                       "Node Type": "Index Scan",                                                                                                                                                           
                       "Parent Relationship": "Inner",                                                                                                                                                      
                       "Parallel Aware": false,                                                                                                                                                             
                       "Scan Direction": "Forward",                                                                                                                                                         
                       "Index Name": "title_pkey",                                                                                                                                                          
                       "Relation Name": "title",                                                                                                                                                            
                       "Alias": "t",                                                                                                                                                                        
                       "Startup Cost": 0.43,                                                                                                                                                                
                       "Total Cost": 0.58,                                                                                                                                                                  
                       "Plan Rows": 1,                                                                                                                                                                      
                       "Plan Width": 25,                                                                                                                                                                    
                       "Actual Startup Time": 0.029,                                                                                                                                                        
                       "Actual Total Time": 0.029,                                                                                                                                                          
                       "Actual Rows": 1,                                                                                                                                                                    
                       "Actual Loops": 142,                                                                                                                                                                 
                       "Index Cond": "(id = mi_idx.movie_id)",                                                                                                                                              
                       "Rows Removed by Index Recheck": 0                                                                                                                                                   
                     }                                                                                                                                                                                      
                   ]                                                                                                                                                                                        
                 }                                                                                                                                                                                          
               ]                                                                                                                                                                                            
             }                                                                                                                                                                                              
           ]                                                                                                                                                                                                
         }                                                                                                                                                                                                  
       ]                                                                                                                                                                                                    
     },                                                                                                                                                                                                     
     "Planning Time": 3.141,                                                                                                                                                                                
     "Triggers": [                                                                                                                                                                                          
     ],                                                                                                                                                                                                     
     "Execution Time": 699.001                                                                                                                                                                              
   }                                                                                                                                                                                                        
 ]
