[                                                                                                                                                          
   {                                                                                                                                                        
     "Plan": {                                                                                                                                              
       "Node Type": "Aggregate",                                                                                                                            
       "Strategy": "Plain",                                                                                                                                 
       "Partial Mode": "Simple",                                                                                                                            
       "Parallel Aware": false,                                                                                                                             
       "Startup Cost": 61490.26,                                                                                                                            
       "Total Cost": 61490.27,                                                                                                                              
       "Plan Rows": 1,                                                                                                                                      
       "Plan Width": 68,                                                                                                                                    
       "Actual Startup Time": 646.125,                                                                                                                      
       "Actual Total Time": 648.383,                                                                                                                        
       "Actual Rows": 1,                                                                                                                                    
       "Actual Loops": 1,                                                                                                                                   
       "Plans": [                                                                                                                                           
         {                                                                                                                                                  
           "Node Type": "Nested Loop",                                                                                                                      
           "Parent Relationship": "Outer",                                                                                                                  
           "Parallel Aware": false,                                                                                                                         
           "Join Type": "Inner",                                                                                                                            
           "Startup Cost": 46219.72,                                                                                                                        
           "Total Cost": 61490.25,                                                                                                                          
           "Plan Rows": 1,                                                                                                                                  
           "Plan Width": 45,                                                                                                                                
           "Actual Startup Time": 645.776,                                                                                                                  
           "Actual Total Time": 648.355,                                                                                                                    
           "Actual Rows": 3,                                                                                                                                
           "Actual Loops": 1,                                                                                                                               
           "Inner Unique": true,                                                                                                                            
           "Join Filter": "(mc.movie_id = t.id)",                                                                                                           
           "Rows Removed by Join Filter": 0,                                                                                                                
           "Plans": [                                                                                                                                       
             {                                                                                                                                              
               "Node Type": "Gather",                                                                                                                       
               "Parent Relationship": "Outer",                                                                                                              
               "Parallel Aware": false,                                                                                                                     
               "Startup Cost": 46219.29,                                                                                                                    
               "Total Cost": 61489.66,                                                                                                                      
               "Plan Rows": 1,                                                                                                                              
               "Plan Width": 32,                                                                                                                            
               "Actual Startup Time": 645.108,                                                                                                              
               "Actual Total Time": 648.078,                                                                                                                
               "Actual Rows": 23,                                                                                                                           
               "Actual Loops": 1,                                                                                                                           
               "Workers Planned": 2,                                                                                                                        
               "Workers Launched": 2,                                                                                                                       
               "Single Copy": false,                                                                                                                        
               "Plans": [                                                                                                                                   
                 {                                                                                                                                          
                   "Node Type": "Hash Join",                                                                                                                
                   "Parent Relationship": "Outer",                                                                                                          
                   "Parallel Aware": true,                                                                                                                  
                   "Join Type": "Inner",                                                                                                                    
                   "Startup Cost": 45219.29,                                                                                                                
                   "Total Cost": 60489.56,                                                                                                                  
                   "Plan Rows": 1,                                                                                                                          
                   "Plan Width": 32,                                                                                                                        
                   "Actual Startup Time": 640.142,                                                                                                          
                   "Actual Total Time": 640.268,                                                                                                            
                   "Actual Rows": 8,                                                                                                                        
                   "Actual Loops": 3,                                                                                                                       
                   "Inner Unique": false,                                                                                                                   
                   "Hash Cond": "(mi_idx.movie_id = mc.movie_id)",                                                                                          
                   "Plans": [                                                                                                                               
                     {                                                                                                                                      
                       "Node Type": "Hash Join",                                                                                                            
                       "Parent Relationship": "Outer",                                                                                                      
                       "Parallel Aware": false,                                                                                                             
                       "Join Type": "Inner",                                                                                                                
                       "Startup Cost": 2.43,                                                                                                                
                       "Total Cost": 15253.60,                                                                                                              
                       "Plan Rows": 5089,                                                                                                                   
                       "Plan Width": 4,                                                                                                                     
                       "Actual Startup Time": 174.844,                                                                                                      
                       "Actual Total Time": 174.889,                                                                                                        
                       "Actual Rows": 83,                                                                                                                   
                       "Actual Loops": 3,                                                                                                                   
                       "Inner Unique": true,                                                                                                                
                       "Hash Cond": "(mi_idx.info_type_id = it.id)",                                                                                        
                       "Plans": [                                                                                                                           
                         {                                                                                                                                  
                           "Node Type": "Seq Scan",                                                                                                         
                           "Parent Relationship": "Outer",                                                                                                  
                           "Parallel Aware": true,                                                                                                          
                           "Relation Name": "movie_info_idx",                                                                                               
                           "Alias": "mi_idx",                                                                                                               
                           "Startup Cost": 0.00,                                                                                                            
                           "Total Cost": 13685.15,                                                                                                          
                           "Plan Rows": 575015,                                                                                                             
                           "Plan Width": 8,                                                                                                                 
                           "Actual Startup Time": 0.060,                                                                                                    
                           "Actual Total Time": 86.238,                                                                                                     
                           "Actual Rows": 460012,                                                                                                           
                           "Actual Loops": 3                                                                                                                
                         },                                                                                                                                 
                         {                                                                                                                                  
                           "Node Type": "Hash",                                                                                                             
                           "Parent Relationship": "Inner",                                                                                                  
                           "Parallel Aware": false,                                                                                                         
                           "Startup Cost": 2.41,                                                                                                            
                           "Total Cost": 2.41,                                                                                                              
                           "Plan Rows": 1,                                                                                                                  
                           "Plan Width": 4,                                                                                                                 
                           "Actual Startup Time": 0.063,                                                                                                    
                           "Actual Total Time": 0.064,                                                                                                      
                           "Actual Rows": 1,                                                                                                                
                           "Actual Loops": 3,                                                                                                               
                           "Hash Buckets": 1024,                                                                                                            
                           "Original Hash Buckets": 1024,                                                                                                   
                           "Hash Batches": 1,                                                                                                               
                           "Original Hash Batches": 1,                                                                                                      
                           "Peak Memory Usage": 9,                                                                                                          
                           "Plans": [                                                                                                                       
                             {                                                                                                                              
                               "Node Type": "Seq Scan",                                                                                                     
                               "Parent Relationship": "Outer",                                                                                              
                               "Parallel Aware": false,                                                                                                     
                               "Relation Name": "info_type",                                                                                                
                               "Alias": "it",                                                                                                               
                               "Startup Cost": 0.00,                                                                                                        
                               "Total Cost": 2.41,                                                                                                          
                               "Plan Rows": 1,                                                                                                              
                               "Plan Width": 4,                                                                                                             
                               "Actual Startup Time": 0.050,                                                                                                
                               "Actual Total Time": 0.051,                                                                                                  
                               "Actual Rows": 1,                                                                                                            
                               "Actual Loops": 3,                                                                                                           
                               "Filter": "((info)::text = 'top 250 rank'::text)",                                                                           
                               "Rows Removed by Filter": 112                                                                                                
                             }                                                                                                                              
                           ]                                                                                                                                
                         }                                                                                                                                  
                       ]                                                                                                                                    
                     },                                                                                                                                     
                     {                                                                                                                                      
                       "Node Type": "Hash",                                                                                                                 
                       "Parent Relationship": "Inner",                                                                                                      
                       "Parallel Aware": true,                                                                                                              
                       "Startup Cost": 45216.62,                                                                                                            
                       "Total Cost": 45216.62,                                                                                                              
                       "Plan Rows": 20,                                                                                                                     
                       "Plan Width": 28,                                                                                                                    
                       "Actual Startup Time": 464.829,                                                                                                      
                       "Actual Total Time": 464.832,                                                                                                        
                       "Actual Rows": 5937,                                                                                                                 
                       "Actual Loops": 3,                                                                                                                   
                       "Hash Buckets": 32768,                                                                                                               
                       "Original Hash Buckets": 1024,                                                                                                       
                       "Hash Batches": 1,                                                                                                                   
                       "Original Hash Batches": 1,                                                                                                          
                       "Peak Memory Usage": 1560,                                                                                                           
                       "Plans": [                                                                                                                           
                         {                                                                                                                                  
                           "Node Type": "Hash Join",                                                                                                        
                           "Parent Relationship": "Outer",                                                                                                  
                           "Parallel Aware": false,                                                                                                         
                           "Join Type": "Inner",                                                                                                            
                           "Startup Cost": 18.93,                                                                                                           
                           "Total Cost": 45216.62,                                                                                                          
                           "Plan Rows": 20,                                                                                                                 
                           "Plan Width": 28,                                                                                                                
                           "Actual Startup Time": 245.936,                                                                                                  
                           "Actual Total Time": 376.585,                                                                                                    
                           "Actual Rows": 5937,                                                                                                             
                           "Actual Loops": 3,                                                                                                               
                           "Inner Unique": true,                                                                                                            
                           "Hash Cond": "(mc.company_type_id = ct.id)",                                                                                     
                           "Plans": [                                                                                                                       
                             {                                                                                                                              
                               "Node Type": "Seq Scan",                                                                                                     
                               "Parent Relationship": "Outer",                                                                                              
                               "Parallel Aware": true,                                                                                                      
                               "Relation Name": "movie_companies",                                                                                          
                               "Alias": "mc",                                                                                                               
                               "Startup Cost": 0.00,                                                                                                        
                               "Total Cost": 45188.06,                                                                                                      
                               "Plan Rows": 3649,                                                                                                           
                               "Plan Width": 32,                                                                                                            
                               "Actual Startup Time": 183.042,                                                                                              
                               "Actual Total Time": 373.889,                                                                                                
                               "Actual Rows": 5939,                                                                                                         
                               "Actual Loops": 3,                                                                                                           
                               "Filter": "(((note)::text !~~ '%(as Metro-Goldwyn-Mayer Pictures)%'::text) AND ((note)::text ~~ '%(co-production)%'::text))",
                               "Rows Removed by Filter": 863771                                                                                             
                             },                                                                                                                             
                             {                                                                                                                              
                               "Node Type": "Hash",                                                                                                         
                               "Parent Relationship": "Inner",                                                                                              
                               "Parallel Aware": false,                                                                                                     
                               "Startup Cost": 18.88,                                                                                                       
                               "Total Cost": 18.88,                                                                                                         
                               "Plan Rows": 4,                                                                                                              
                               "Plan Width": 4,                                                                                                             
                               "Actual Startup Time": 0.069,                                                                                                
                               "Actual Total Time": 0.070,                                                                                                  
                               "Actual Rows": 1,                                                                                                            
                               "Actual Loops": 3,                                                                                                           
                               "Hash Buckets": 1024,                                                                                                        
                               "Original Hash Buckets": 1024,                                                                                               
                               "Hash Batches": 1,                                                                                                           
                               "Original Hash Batches": 1,                                                                                                  
                               "Peak Memory Usage": 9,                                                                                                      
                               "Plans": [                                                                                                                   
                                 {                                                                                                                          
                                   "Node Type": "Seq Scan",                                                                                                 
                                   "Parent Relationship": "Outer",                                                                                          
                                   "Parallel Aware": false,                                                                                                 
                                   "Relation Name": "company_type",                                                                                         
                                   "Alias": "ct",                                                                                                           
                                   "Startup Cost": 0.00,                                                                                                    
                                   "Total Cost": 18.88,                                                                                                     
                                   "Plan Rows": 4,                                                                                                          
                                   "Plan Width": 4,                                                                                                         
                                   "Actual Startup Time": 0.057,                                                                                            
                                   "Actual Total Time": 0.059,                                                                                              
                                   "Actual Rows": 1,                                                                                                        
                                   "Actual Loops": 3,                                                                                                       
                                   "Filter": "((kind)::text = 'production companies'::text)",                                                               
                                   "Rows Removed by Filter": 3                                                                                              
                                 }                                                                                                                          
                               ]                                                                                                                            
                             }                                                                                                                              
                           ]                                                                                                                                
                         }                                                                                                                                  
                       ]                                                                                                                                    
                     }                                                                                                                                      
                   ]                                                                                                                                        
                 }                                                                                                                                          
               ]                                                                                                                                            
             },                                                                                                                                             
             {                                                                                                                                              
               "Node Type": "Index Scan",                                                                                                                   
               "Parent Relationship": "Inner",                                                                                                              
               "Parallel Aware": false,                                                                                                                     
               "Scan Direction": "Forward",                                                                                                                 
               "Index Name": "title_pkey",                                                                                                                  
               "Relation Name": "title",                                                                                                                    
               "Alias": "t",                                                                                                                                
               "Startup Cost": 0.43,                                                                                                                        
               "Total Cost": 0.58,                                                                                                                          
               "Plan Rows": 1,                                                                                                                              
               "Plan Width": 25,                                                                                                                            
               "Actual Startup Time": 0.011,                                                                                                                
               "Actual Total Time": 0.011,                                                                                                                  
               "Actual Rows": 0,                                                                                                                            
               "Actual Loops": 23,                                                                                                                          
               "Index Cond": "(id = mi_idx.movie_id)",                                                                                                      
               "Rows Removed by Index Recheck": 0,                                                                                                          
               "Filter": "(production_year > 2010)",                                                                                                        
               "Rows Removed by Filter": 1                                                                                                                  
             }                                                                                                                                              
           ]                                                                                                                                                
         }                                                                                                                                                  
       ]                                                                                                                                                    
     },                                                                                                                                                     
     "Planning Time": 2.504,                                                                                                                                
     "Triggers": [                                                                                                                                          
     ],                                                                                                                                                     
     "Execution Time": 648.672                                                                                                                              
   }                                                                                                                                                        
 ]
