[                                                                                                            
   {                                                                                                          
     "Plan": {                                                                                                
       "Node Type": "Aggregate",                                                                              
       "Strategy": "Plain",                                                                                   
       "Partial Mode": "Finalize",                                                                            
       "Parallel Aware": false,                                                                               
       "Startup Cost": 60304.51,                                                                              
       "Total Cost": 60304.52,                                                                                
       "Plan Rows": 1,                                                                                        
       "Plan Width": 68,                                                                                      
       "Actual Startup Time": 629.513,                                                                        
       "Actual Total Time": 633.478,                                                                          
       "Actual Rows": 1,                                                                                      
       "Actual Loops": 1,                                                                                     
       "Plans": [                                                                                             
         {                                                                                                    
           "Node Type": "Gather",                                                                             
           "Parent Relationship": "Outer",                                                                    
           "Parallel Aware": false,                                                                           
           "Startup Cost": 60304.29,                                                                          
           "Total Cost": 60304.50,                                                                            
           "Plan Rows": 2,                                                                                    
           "Plan Width": 68,                                                                                  
           "Actual Startup Time": 629.037,                                                                    
           "Actual Total Time": 633.464,                                                                      
           "Actual Rows": 3,                                                                                  
           "Actual Loops": 1,                                                                                 
           "Workers Planned": 2,                                                                              
           "Workers Launched": 2,                                                                             
           "Single Copy": false,                                                                              
           "Plans": [                                                                                         
             {                                                                                                
               "Node Type": "Aggregate",                                                                      
               "Strategy": "Plain",                                                                           
               "Partial Mode": "Partial",                                                                     
               "Parent Relationship": "Outer",                                                                
               "Parallel Aware": false,                                                                       
               "Startup Cost": 59304.29,                                                                      
               "Total Cost": 59304.30,                                                                        
               "Plan Rows": 1,                                                                                
               "Plan Width": 68,                                                                              
               "Actual Startup Time": 623.357,                                                                
               "Actual Total Time": 623.364,                                                                  
               "Actual Rows": 1,                                                                              
               "Actual Loops": 3,                                                                             
               "Plans": [                                                                                     
                 {                                                                                            
                   "Node Type": "Nested Loop",                                                                
                   "Parent Relationship": "Outer",                                                            
                   "Parallel Aware": false,                                                                   
                   "Join Type": "Inner",                                                                      
                   "Startup Cost": 43990.50,                                                                  
                   "Total Cost": 59303.99,                                                                    
                   "Plan Rows": 40,                                                                           
                   "Plan Width": 45,                                                                          
                   "Actual Startup Time": 623.220,                                                            
                   "Actual Total Time": 623.337,                                                              
                   "Actual Rows": 1,                                                                          
                   "Actual Loops": 3,                                                                         
                   "Inner Unique": true,                                                                      
                   "Plans": [                                                                                 
                     {                                                                                        
                       "Node Type": "Hash Join",                                                              
                       "Parent Relationship": "Outer",                                                        
                       "Parallel Aware": true,                                                                
                       "Join Type": "Inner",                                                                  
                       "Startup Cost": 43990.07,                                                              
                       "Total Cost": 59260.64,                                                                
                       "Plan Rows": 74,                                                                       
                       "Plan Width": 32,                                                                      
                       "Actual Startup Time": 623.181,                                                        
                       "Actual Total Time": 623.287,                                                          
                       "Actual Rows": 2,                                                                      
                       "Actual Loops": 3,                                                                     
                       "Inner Unique": false,                                                                 
                       "Hash Cond": "(mi_idx.movie_id = mc.movie_id)",                                        
                       "Plans": [                                                                             
                         {                                                                                    
                           "Node Type": "Hash Join",                                                          
                           "Parent Relationship": "Outer",                                                    
                           "Parallel Aware": false,                                                           
                           "Join Type": "Inner",                                                              
                           "Startup Cost": 2.43,                                                              
                           "Total Cost": 15253.60,                                                            
                           "Plan Rows": 5089,                                                                 
                           "Plan Width": 4,                                                                   
                           "Actual Startup Time": 175.444,                                                    
                           "Actual Total Time": 175.448,                                                      
                           "Actual Rows": 3,                                                                  
                           "Actual Loops": 3,                                                                 
                           "Inner Unique": true,                                                              
                           "Hash Cond": "(mi_idx.info_type_id = it.id)",                                      
                           "Plans": [                                                                         
                             {                                                                                
                               "Node Type": "Seq Scan",                                                       
                               "Parent Relationship": "Outer",                                                
                               "Parallel Aware": true,                                                        
                               "Relation Name": "movie_info_idx",                                             
                               "Alias": "mi_idx",                                                             
                               "Startup Cost": 0.00,                                                          
                               "Total Cost": 13685.15,                                                        
                               "Plan Rows": 575015,                                                           
                               "Plan Width": 8,                                                               
                               "Actual Startup Time": 0.057,                                                  
                               "Actual Total Time": 86.857,                                                   
                               "Actual Rows": 460012,                                                         
                               "Actual Loops": 3                                                              
                             },                                                                               
                             {                                                                                
                               "Node Type": "Hash",                                                           
                               "Parent Relationship": "Inner",                                                
                               "Parallel Aware": false,                                                       
                               "Startup Cost": 2.41,                                                          
                               "Total Cost": 2.41,                                                            
                               "Plan Rows": 1,                                                                
                               "Plan Width": 4,                                                               
                               "Actual Startup Time": 0.065,                                                  
                               "Actual Total Time": 0.066,                                                    
                               "Actual Rows": 1,                                                              
                               "Actual Loops": 3,                                                             
                               "Hash Buckets": 1024,                                                          
                               "Original Hash Buckets": 1024,                                                 
                               "Hash Batches": 1,                                                             
                               "Original Hash Batches": 1,                                                    
                               "Peak Memory Usage": 9,                                                        
                               "Plans": [                                                                     
                                 {                                                                            
                                   "Node Type": "Seq Scan",                                                   
                                   "Parent Relationship": "Outer",                                            
                                   "Parallel Aware": false,                                                   
                                   "Relation Name": "info_type",                                              
                                   "Alias": "it",                                                             
                                   "Startup Cost": 0.00,                                                      
                                   "Total Cost": 2.41,                                                        
                                   "Plan Rows": 1,                                                            
                                   "Plan Width": 4,                                                           
                                   "Actual Startup Time": 0.051,                                              
                                   "Actual Total Time": 0.052,                                                
                                   "Actual Rows": 1,                                                          
                                   "Actual Loops": 3,                                                         
                                   "Filter": "((info)::text = 'bottom 10 rank'::text)",                       
                                   "Rows Removed by Filter": 112                                              
                                 }                                                                            
                               ]                                                                              
                             }                                                                                
                           ]                                                                                  
                         },                                                                                   
                         {                                                                                    
                           "Node Type": "Hash",                                                               
                           "Parent Relationship": "Inner",                                                    
                           "Parallel Aware": true,                                                            
                           "Startup Cost": 43948.72,                                                          
                           "Total Cost": 43948.72,                                                            
                           "Plan Rows": 3114,                                                                 
                           "Plan Width": 28,                                                                  
                           "Actual Startup Time": 447.442,                                                    
                           "Actual Total Time": 447.445,                                                      
                           "Actual Rows": 46968,                                                              
                           "Actual Loops": 3,                                                                 
                           "Hash Buckets": 262144,                                                            
                           "Original Hash Buckets": 8192,                                                     
                           "Hash Batches": 1,                                                                 
                           "Original Hash Batches": 1,                                                        
                           "Peak Memory Usage": 12480,                                                        
                           "Plans": [                                                                         
                             {                                                                                
                               "Node Type": "Hash Join",                                                      
                               "Parent Relationship": "Outer",                                                
                               "Parallel Aware": false,                                                       
                               "Join Type": "Inner",                                                          
                               "Startup Cost": 18.93,                                                         
                               "Total Cost": 43948.72,                                                        
                               "Plan Rows": 3114,                                                             
                               "Plan Width": 28,                                                              
                               "Actual Startup Time": 257.234,                                                
                               "Actual Total Time": 404.973,                                                  
                               "Actual Rows": 46968,                                                          
                               "Actual Loops": 3,                                                             
                               "Inner Unique": true,                                                          
                               "Hash Cond": "(mc.company_type_id = ct.id)",                                   
                               "Plans": [                                                                     
                                 {                                                                            
                                   "Node Type": "Seq Scan",                                                   
                                   "Parent Relationship": "Outer",                                            
                                   "Parallel Aware": true,                                                    
                                   "Relation Name": "movie_companies",                                        
                                   "Alias": "mc",                                                             
                                   "Startup Cost": 0.00,                                                      
                                   "Total Cost": 42470.21,                                                    
                                   "Plan Rows": 552735,                                                       
                                   "Plan Width": 32,                                                          
                                   "Actual Startup Time": 0.064,                                              
                                   "Actual Total Time": 334.162,                                              
                                   "Actual Rows": 445696,                                                     
                                   "Actual Loops": 3,                                                         
                                   "Filter": "((note)::text !~~ '%(as Metro-Goldwyn-Mayer Pictures)%'::text)",
                                   "Rows Removed by Filter": 424014                                           
                                 },                                                                           
                                 {                                                                            
                                   "Node Type": "Hash",                                                       
                                   "Parent Relationship": "Inner",                                            
                                   "Parallel Aware": false,                                                   
                                   "Startup Cost": 18.88,                                                     
                                   "Total Cost": 18.88,                                                       
                                   "Plan Rows": 4,                                                            
                                   "Plan Width": 4,                                                           
                                   "Actual Startup Time": 0.037,                                              
                                   "Actual Total Time": 0.037,                                                
                                   "Actual Rows": 1,                                                          
                                   "Actual Loops": 3,                                                         
                                   "Hash Buckets": 1024,                                                      
                                   "Original Hash Buckets": 1024,                                             
                                   "Hash Batches": 1,                                                         
                                   "Original Hash Batches": 1,                                                
                                   "Peak Memory Usage": 9,                                                    
                                   "Plans": [                                                                 
                                     {                                                                        
                                       "Node Type": "Seq Scan",                                               
                                       "Parent Relationship": "Outer",                                        
                                       "Parallel Aware": false,                                               
                                       "Relation Name": "company_type",                                       
                                       "Alias": "ct",                                                         
                                       "Startup Cost": 0.00,                                                  
                                       "Total Cost": 18.88,                                                   
                                       "Plan Rows": 4,                                                        
                                       "Plan Width": 4,                                                       
                                       "Actual Startup Time": 0.027,                                          
                                       "Actual Total Time": 0.029,                                            
                                       "Actual Rows": 1,                                                      
                                       "Actual Loops": 3,                                                     
                                       "Filter": "((kind)::text = 'production companies'::text)",             
                                       "Rows Removed by Filter": 3                                            
                                     }                                                                        
                                   ]                                                                          
                                 }                                                                            
                               ]                                                                              
                             }                                                                                
                           ]                                                                                  
                         }                                                                                    
                       ]                                                                                      
                     },                                                                                       
                     {                                                                                        
                       "Node Type": "Index Scan",                                                             
                       "Parent Relationship": "Inner",                                                        
                       "Parallel Aware": false,                                                               
                       "Scan Direction": "Forward",                                                           
                       "Index Name": "title_pkey",                                                            
                       "Relation Name": "title",                                                              
                       "Alias": "t",                                                                          
                       "Startup Cost": 0.43,                                                                  
                       "Total Cost": 0.59,                                                                    
                       "Plan Rows": 1,                                                                        
                       "Plan Width": 25,                                                                      
                       "Actual Startup Time": 0.024,                                                          
                       "Actual Total Time": 0.024,                                                            
                       "Actual Rows": 1,                                                                      
                       "Actual Loops": 5,                                                                     
                       "Index Cond": "(id = mc.movie_id)",                                                    
                       "Rows Removed by Index Recheck": 0,                                                    
                       "Filter": "(production_year > 2000)",                                                  
                       "Rows Removed by Filter": 0                                                            
                     }                                                                                        
                   ]                                                                                          
                 }                                                                                            
               ]                                                                                              
             }                                                                                                
           ]                                                                                                  
         }                                                                                                    
       ]                                                                                                      
     },                                                                                                       
     "Planning Time": 2.737,                                                                                  
     "Triggers": [                                                                                            
     ],                                                                                                       
     "Execution Time": 633.807                                                                                
   }                                                                                                          
 ]
