[                                                                                                                                                                              
   {                                                                                                                                                                            
     "Plan": {                                                                                                                                                                  
       "Node Type": "Aggregate",                                                                                                                                                
       "Strategy": "Plain",                                                                                                                                                     
       "Partial Mode": "Finalize",                                                                                                                                              
       "Parallel Aware": false,                                                                                                                                                 
       "Startup Cost": 512861.87,                                                                                                                                               
       "Total Cost": 512861.88,                                                                                                                                                 
       "Plan Rows": 1,                                                                                                                                                          
       "Plan Width": 32,                                                                                                                                                        
       "Actual Startup Time": 11199.888,                                                                                                                                        
       "Actual Total Time": 11209.726,                                                                                                                                          
       "Actual Rows": 1,                                                                                                                                                        
       "Actual Loops": 1,                                                                                                                                                       
       "Plans": [                                                                                                                                                               
         {                                                                                                                                                                      
           "Node Type": "Gather",                                                                                                                                               
           "Parent Relationship": "Outer",                                                                                                                                      
           "Parallel Aware": false,                                                                                                                                             
           "Startup Cost": 512861.66,                                                                                                                                           
           "Total Cost": 512861.87,                                                                                                                                             
           "Plan Rows": 2,                                                                                                                                                      
           "Plan Width": 32,                                                                                                                                                    
           "Actual Startup Time": 11199.596,                                                                                                                                    
           "Actual Total Time": 11209.694,                                                                                                                                      
           "Actual Rows": 3,                                                                                                                                                    
           "Actual Loops": 1,                                                                                                                                                   
           "Workers Planned": 2,                                                                                                                                                
           "Workers Launched": 2,                                                                                                                                               
           "Single Copy": false,                                                                                                                                                
           "Plans": [                                                                                                                                                           
             {                                                                                                                                                                  
               "Node Type": "Aggregate",                                                                                                                                        
               "Strategy": "Plain",                                                                                                                                             
               "Partial Mode": "Partial",                                                                                                                                       
               "Parent Relationship": "Outer",                                                                                                                                  
               "Parallel Aware": false,                                                                                                                                         
               "Startup Cost": 511861.66,                                                                                                                                       
               "Total Cost": 511861.67,                                                                                                                                         
               "Plan Rows": 1,                                                                                                                                                  
               "Plan Width": 32,                                                                                                                                                
               "Actual Startup Time": 11193.102,                                                                                                                                
               "Actual Total Time": 11193.130,                                                                                                                                  
               "Actual Rows": 1,                                                                                                                                                
               "Actual Loops": 3,                                                                                                                                               
               "Plans": [                                                                                                                                                       
                 {                                                                                                                                                              
                   "Node Type": "Nested Loop",                                                                                                                                  
                   "Parent Relationship": "Outer",                                                                                                                              
                   "Parallel Aware": false,                                                                                                                                     
                   "Join Type": "Inner",                                                                                                                                        
                   "Startup Cost": 461486.55,                                                                                                                                   
                   "Total Cost": 511861.66,                                                                                                                                     
                   "Plan Rows": 1,                                                                                                                                              
                   "Plan Width": 17,                                                                                                                                            
                   "Actual Startup Time": 10866.943,                                                                                                                            
                   "Actual Total Time": 11193.058,                                                                                                                              
                   "Actual Rows": 11,                                                                                                                                           
                   "Actual Loops": 3,                                                                                                                                           
                   "Inner Unique": true,                                                                                                                                        
                   "Plans": [                                                                                                                                                   
                     {                                                                                                                                                          
                       "Node Type": "Nested Loop",                                                                                                                              
                       "Parent Relationship": "Outer",                                                                                                                          
                       "Parallel Aware": false,                                                                                                                                 
                       "Join Type": "Inner",                                                                                                                                    
                       "Startup Cost": 461486.12,                                                                                                                               
                       "Total Cost": 511861.20,                                                                                                                                 
                       "Plan Rows": 1,                                                                                                                                          
                       "Plan Width": 21,                                                                                                                                        
                       "Actual Startup Time": 10866.835,                                                                                                                        
                       "Actual Total Time": 11192.855,                                                                                                                          
                       "Actual Rows": 11,                                                                                                                                       
                       "Actual Loops": 3,                                                                                                                                       
                       "Inner Unique": true,                                                                                                                                    
                       "Plans": [                                                                                                                                               
                         {                                                                                                                                                      
                           "Node Type": "Hash Join",                                                                                                                            
                           "Parent Relationship": "Outer",                                                                                                                      
                           "Parallel Aware": true,                                                                                                                              
                           "Join Type": "Inner",                                                                                                                                
                           "Startup Cost": 461485.70,                                                                                                                           
                           "Total Cost": 511858.06,                                                                                                                             
                           "Plan Rows": 7,                                                                                                                                      
                           "Plan Width": 25,                                                                                                                                    
                           "Actual Startup Time": 10833.982,                                                                                                                    
                           "Actual Total Time": 11189.585,                                                                                                                      
                           "Actual Rows": 438,                                                                                                                                  
                           "Actual Loops": 3,                                                                                                                                   
                           "Inner Unique": false,                                                                                                                               
                           "Hash Cond": "(mk.movie_id = t.id)",                                                                                                                 
                           "Plans": [                                                                                                                                           
                             {                                                                                                                                                  
                               "Node Type": "Seq Scan",                                                                                                                         
                               "Parent Relationship": "Outer",                                                                                                                  
                               "Parallel Aware": true,                                                                                                                          
                               "Relation Name": "movie_keyword",                                                                                                                
                               "Alias": "mk",                                                                                                                                   
                               "Startup Cost": 0.00,                                                                                                                            
                               "Total Cost": 43303.71,                                                                                                                          
                               "Plan Rows": 1884971,                                                                                                                            
                               "Plan Width": 8,                                                                                                                                 
                               "Actual Startup Time": 0.049,                                                                                                                    
                               "Actual Total Time": 277.346,                                                                                                                    
                               "Actual Rows": 1507977,                                                                                                                          
                               "Actual Loops": 3                                                                                                                                
                             },                                                                                                                                                 
                             {                                                                                                                                                  
                               "Node Type": "Hash",                                                                                                                             
                               "Parent Relationship": "Inner",                                                                                                                  
                               "Parallel Aware": true,                                                                                                                          
                               "Startup Cost": 461485.69,                                                                                                                       
                               "Total Cost": 461485.69,                                                                                                                         
                               "Plan Rows": 1,                                                                                                                                  
                               "Plan Width": 33,                                                                                                                                
                               "Actual Startup Time": 10640.040,                                                                                                                
                               "Actual Total Time": 10640.063,                                                                                                                  
                               "Actual Rows": 3,                                                                                                                                
                               "Actual Loops": 3,                                                                                                                               
                               "Hash Buckets": 1024,                                                                                                                            
                               "Original Hash Buckets": 1024,                                                                                                                   
                               "Hash Batches": 1,                                                                                                                               
                               "Original Hash Batches": 1,                                                                                                                      
                               "Peak Memory Usage": 72,                                                                                                                         
                               "Plans": [                                                                                                                                       
                                 {                                                                                                                                              
                                   "Node Type": "Nested Loop",                                                                                                                  
                                   "Parent Relationship": "Outer",                                                                                                              
                                   "Parallel Aware": false,                                                                                                                     
                                   "Join Type": "Inner",                                                                                                                        
                                   "Startup Cost": 2499.29,                                                                                                                     
                                   "Total Cost": 461485.69,                                                                                                                     
                                   "Plan Rows": 1,                                                                                                                              
                                   "Plan Width": 33,                                                                                                                            
                                   "Actual Startup Time": 5300.933,                                                                                                             
                                   "Actual Total Time": 10639.911,                                                                                                              
                                   "Actual Rows": 3,                                                                                                                            
                                   "Actual Loops": 3,                                                                                                                           
                                   "Inner Unique": true,                                                                                                                        
                                   "Plans": [                                                                                                                                   
                                     {                                                                                                                                          
                                       "Node Type": "Hash Join",                                                                                                                
                                       "Parent Relationship": "Outer",                                                                                                          
                                       "Parallel Aware": false,                                                                                                                 
                                       "Join Type": "Inner",                                                                                                                    
                                       "Startup Cost": 2498.86,                                                                                                                 
                                       "Total Cost": 461332.87,                                                                                                                 
                                       "Plan Rows": 332,                                                                                                                        
                                       "Plan Width": 37,                                                                                                                        
                                       "Actual Startup Time": 1554.391,                                                                                                         
                                       "Actual Total Time": 8297.113,                                                                                                           
                                       "Actual Rows": 511941,                                                                                                                   
                                       "Actual Loops": 3,                                                                                                                       
                                       "Inner Unique": false,                                                                                                                   
                                       "Hash Cond": "(ci.movie_id = t.id)",                                                                                                     
                                       "Plans": [                                                                                                                               
                                         {                                                                                                                                      
                                           "Node Type": "Seq Scan",                                                                                                             
                                           "Parent Relationship": "Outer",                                                                                                      
                                           "Parallel Aware": true,                                                                                                              
                                           "Relation Name": "cast_info",                                                                                                        
                                           "Alias": "ci",                                                                                                                       
                                           "Startup Cost": 0.00,                                                                                                                
                                           "Total Cost": 402615.60,                                                                                                             
                                           "Plan Rows": 14991560,                                                                                                               
                                           "Plan Width": 12,                                                                                                                    
                                           "Actual Startup Time": 0.054,                                                                                                        
                                           "Actual Total Time": 2280.038,                                                                                                       
                                           "Actual Rows": 12081448,                                                                                                             
                                           "Actual Loops": 3                                                                                                                    
                                         },                                                                                                                                     
                                         {                                                                                                                                      
                                           "Node Type": "Hash",                                                                                                                 
                                           "Parent Relationship": "Inner",                                                                                                      
                                           "Parallel Aware": false,                                                                                                             
                                           "Startup Cost": 2498.85,                                                                                                             
                                           "Total Cost": 2498.85,                                                                                                               
                                           "Plan Rows": 1,                                                                                                                      
                                           "Plan Width": 25,                                                                                                                    
                                           "Actual Startup Time": 1554.289,                                                                                                     
                                           "Actual Total Time": 1554.308,                                                                                                       
                                           "Actual Rows": 28583,                                                                                                                
                                           "Actual Loops": 3,                                                                                                                   
                                           "Hash Buckets": 32768,                                                                                                               
                                           "Original Hash Buckets": 1024,                                                                                                       
                                           "Hash Batches": 1,                                                                                                                   
                                           "Original Hash Batches": 1,                                                                                                          
                                           "Peak Memory Usage": 1898,                                                                                                           
                                           "Plans": [                                                                                                                           
                                             {                                                                                                                                  
                                               "Node Type": "Nested Loop",                                                                                                      
                                               "Parent Relationship": "Outer",                                                                                                  
                                               "Parallel Aware": false,                                                                                                         
                                               "Join Type": "Inner",                                                                                                            
                                               "Startup Cost": 19.50,                                                                                                           
                                               "Total Cost": 2498.85,                                                                                                           
                                               "Plan Rows": 1,                                                                                                                  
                                               "Plan Width": 25,                                                                                                                
                                               "Actual Startup Time": 0.209,                                                                                                    
                                               "Actual Total Time": 1528.306,                                                                                                   
                                               "Actual Rows": 28583,                                                                                                            
                                               "Actual Loops": 3,                                                                                                               
                                               "Inner Unique": true,                                                                                                            
                                               "Plans": [                                                                                                                       
                                                 {                                                                                                                              
                                                   "Node Type": "Nested Loop",                                                                                                  
                                                   "Parent Relationship": "Outer",                                                                                              
                                                   "Parallel Aware": false,                                                                                                     
                                                   "Join Type": "Inner",                                                                                                        
                                                   "Startup Cost": 19.36,                                                                                                       
                                                   "Total Cost": 2498.67,                                                                                                       
                                                   "Plan Rows": 1,                                                                                                              
                                                   "Plan Width": 29,                                                                                                            
                                                   "Actual Startup Time": 0.168,                                                                                                
                                                   "Actual Total Time": 1309.694,                                                                                               
                                                   "Actual Rows": 73560,                                                                                                        
                                                   "Actual Loops": 3,                                                                                                           
                                                   "Inner Unique": true,                                                                                                        
                                                   "Plans": [                                                                                                                   
                                                     {                                                                                                                          
                                                       "Node Type": "Nested Loop",                                                                                              
                                                       "Parent Relationship": "Outer",                                                                                          
                                                       "Parallel Aware": false,                                                                                                 
                                                       "Join Type": "Inner",                                                                                                    
                                                       "Startup Cost": 18.93,                                                                                                   
                                                       "Total Cost": 2496.89,                                                                                                   
                                                       "Plan Rows": 1,                                                                                                          
                                                       "Plan Width": 4,                                                                                                         
                                                       "Actual Startup Time": 0.112,                                                                                            
                                                       "Actual Total Time": 195.578,                                                                                            
                                                       "Actual Rows": 85941,                                                                                                    
                                                       "Actual Loops": 3,                                                                                                       
                                                       "Inner Unique": false,                                                                                                   
                                                       "Join Filter": "(cc.status_id = cct2.id)",                                                                               
                                                       "Rows Removed by Join Filter": 85941,                                                                                    
                                                       "Plans": [                                                                                                               
                                                         {                                                                                                                      
                                                           "Node Type": "Seq Scan",                                                                                             
                                                           "Parent Relationship": "Outer",                                                                                      
                                                           "Parallel Aware": false,                                                                                             
                                                           "Relation Name": "comp_cast_type",                                                                                   
                                                           "Alias": "cct2",                                                                                                     
                                                           "Startup Cost": 0.00,                                                                                                
                                                           "Total Cost": 18.88,                                                                                                 
                                                           "Plan Rows": 1,                                                                                                      
                                                           "Plan Width": 4,                                                                                                     
                                                           "Actual Startup Time": 0.039,                                                                                        
                                                           "Actual Total Time": 0.053,                                                                                          
                                                           "Actual Rows": 2,                                                                                                    
                                                           "Actual Loops": 3,                                                                                                   
                                                           "Filter": "((kind)::text ~~ '%complete%'::text)",                                                                    
                                                           "Rows Removed by Filter": 2                                                                                          
                                                         },                                                                                                                     
                                                         {                                                                                                                      
                                                           "Node Type": "Hash Join",                                                                                            
                                                           "Parent Relationship": "Inner",                                                                                      
                                                           "Parallel Aware": false,                                                                                             
                                                           "Join Type": "Inner",                                                                                                
                                                           "Startup Cost": 18.93,                                                                                               
                                                           "Total Cost": 2468.50,                                                                                               
                                                           "Plan Rows": 761,                                                                                                    
                                                           "Plan Width": 8,                                                                                                     
                                                           "Actual Startup Time": 0.040,                                                                                        
                                                           "Actual Total Time": 82.960,                                                                                         
                                                           "Actual Rows": 85941,                                                                                                
                                                           "Actual Loops": 6,                                                                                                   
                                                           "Inner Unique": true,                                                                                                
                                                           "Hash Cond": "(cc.subject_id = cct1.id)",                                                                            
                                                           "Plans": [                                                                                                           
                                                             {                                                                                                                  
                                                               "Node Type": "Seq Scan",                                                                                         
                                                               "Parent Relationship": "Outer",                                                                                  
                                                               "Parallel Aware": false,                                                                                         
                                                               "Relation Name": "complete_cast",                                                                                
                                                               "Alias": "cc",                                                                                                   
                                                               "Startup Cost": 0.00,                                                                                            
                                                               "Total Cost": 2092.86,                                                                                           
                                                               "Plan Rows": 135086,                                                                                             
                                                               "Plan Width": 12,                                                                                                
                                                               "Actual Startup Time": 0.015,                                                                                    
                                                               "Actual Total Time": 27.297,                                                                                     
                                                               "Actual Rows": 135086,                                                                                           
                                                               "Actual Loops": 6                                                                                                
                                                             },                                                                                                                 
                                                             {                                                                                                                  
                                                               "Node Type": "Hash",                                                                                             
                                                               "Parent Relationship": "Inner",                                                                                  
                                                               "Parallel Aware": false,                                                                                         
                                                               "Startup Cost": 18.88,                                                                                           
                                                               "Total Cost": 18.88,                                                                                             
                                                               "Plan Rows": 4,                                                                                                  
                                                               "Plan Width": 4,                                                                                                 
                                                               "Actual Startup Time": 0.019,                                                                                    
                                                               "Actual Total Time": 0.020,                                                                                      
                                                               "Actual Rows": 1,                                                                                                
                                                               "Actual Loops": 3,                                                                                               
                                                               "Hash Buckets": 1024,                                                                                            
                                                               "Original Hash Buckets": 1024,                                                                                   
                                                               "Hash Batches": 1,                                                                                               
                                                               "Original Hash Batches": 1,                                                                                      
                                                               "Peak Memory Usage": 9,                                                                                          
                                                               "Plans": [                                                                                                       
                                                                 {                                                                                                              
                                                                   "Node Type": "Seq Scan",                                                                                     
                                                                   "Parent Relationship": "Outer",                                                                              
                                                                   "Parallel Aware": false,                                                                                     
                                                                   "Relation Name": "comp_cast_type",                                                                           
                                                                   "Alias": "cct1",                                                                                             
                                                                   "Startup Cost": 0.00,                                                                                        
                                                                   "Total Cost": 18.88,                                                                                         
                                                                   "Plan Rows": 4,                                                                                              
                                                                   "Plan Width": 4,                                                                                             
                                                                   "Actual Startup Time": 0.009,                                                                                
                                                                   "Actual Total Time": 0.011,                                                                                  
                                                                   "Actual Rows": 1,                                                                                            
                                                                   "Actual Loops": 3,                                                                                           
                                                                   "Filter": "((kind)::text = 'cast'::text)",                                                                   
                                                                   "Rows Removed by Filter": 3                                                                                  
                                                                 }                                                                                                              
                                                               ]                                                                                                                
                                                             }                                                                                                                  
                                                           ]                                                                                                                    
                                                         }                                                                                                                      
                                                       ]                                                                                                                        
                                                     },                                                                                                                         
                                                     {                                                                                                                          
                                                       "Node Type": "Index Scan",                                                                                               
                                                       "Parent Relationship": "Inner",                                                                                          
                                                       "Parallel Aware": false,                                                                                                 
                                                       "Scan Direction": "Forward",                                                                                             
                                                       "Index Name": "title_pkey",                                                                                              
                                                       "Relation Name": "title",                                                                                                
                                                       "Alias": "t",                                                                                                            
                                                       "Startup Cost": 0.43,                                                                                                    
                                                       "Total Cost": 1.78,                                                                                                      
                                                       "Plan Rows": 1,                                                                                                          
                                                       "Plan Width": 25,                                                                                                        
                                                       "Actual Startup Time": 0.012,                                                                                            
                                                       "Actual Total Time": 0.012,                                                                                              
                                                       "Actual Rows": 1,                                                                                                        
                                                       "Actual Loops": 257823,                                                                                                  
                                                       "Index Cond": "(id = cc.movie_id)",                                                                                      
                                                       "Rows Removed by Index Recheck": 0,                                                                                      
                                                       "Filter": "(production_year > 1950)",                                                                                    
                                                       "Rows Removed by Filter": 0                                                                                              
                                                     }                                                                                                                          
                                                   ]                                                                                                                            
                                                 },                                                                                                                             
                                                 {                                                                                                                              
                                                   "Node Type": "Index Scan",                                                                                                   
                                                   "Parent Relationship": "Inner",                                                                                              
                                                   "Parallel Aware": false,                                                                                                     
                                                   "Scan Direction": "Forward",                                                                                                 
                                                   "Index Name": "kind_type_pkey",                                                                                              
                                                   "Relation Name": "kind_type",                                                                                                
                                                   "Alias": "kt",                                                                                                               
                                                   "Startup Cost": 0.15,                                                                                                        
                                                   "Total Cost": 0.17,                                                                                                          
                                                   "Plan Rows": 1,                                                                                                              
                                                   "Plan Width": 4,                                                                                                             
                                                   "Actual Startup Time": 0.002,                                                                                                
                                                   "Actual Total Time": 0.002,                                                                                                  
                                                   "Actual Rows": 0,                                                                                                            
                                                   "Actual Loops": 220680,                                                                                                      
                                                   "Index Cond": "(id = t.kind_id)",                                                                                            
                                                   "Rows Removed by Index Recheck": 0,                                                                                          
                                                   "Filter": "((kind)::text = 'movie'::text)",                                                                                  
                                                   "Rows Removed by Filter": 1                                                                                                  
                                                 }                                                                                                                              
                                               ]                                                                                                                                
                                             }                                                                                                                                  
                                           ]                                                                                                                                    
                                         }                                                                                                                                      
                                       ]                                                                                                                                        
                                     },                                                                                                                                         
                                     {                                                                                                                                          
                                       "Node Type": "Index Scan",                                                                                                               
                                       "Parent Relationship": "Inner",                                                                                                          
                                       "Parallel Aware": false,                                                                                                                 
                                       "Scan Direction": "Forward",                                                                                                             
                                       "Index Name": "char_name_pkey",                                                                                                          
                                       "Relation Name": "char_name",                                                                                                            
                                       "Alias": "chn",                                                                                                                          
                                       "Startup Cost": 0.43,                                                                                                                    
                                       "Total Cost": 0.46,                                                                                                                      
                                       "Plan Rows": 1,                                                                                                                          
                                       "Plan Width": 4,                                                                                                                         
                                       "Actual Startup Time": 0.004,                                                                                                            
                                       "Actual Total Time": 0.004,                                                                                                              
                                       "Actual Rows": 0,                                                                                                                        
                                       "Actual Loops": 1535822,                                                                                                                 
                                       "Index Cond": "(id = ci.person_role_id)",                                                                                                
                                       "Rows Removed by Index Recheck": 0,                                                                                                      
                                       "Filter": "(((name)::text !~~ '%Sherlock%'::text) AND (((name)::text ~~ '%Tony%Stark%'::text) OR ((name)::text ~~ '%Iron%Man%'::text)))",
                                       "Rows Removed by Filter": 1                                                                                                              
                                     }                                                                                                                                          
                                   ]                                                                                                                                            
                                 }                                                                                                                                              
                               ]                                                                                                                                                
                             }                                                                                                                                                  
                           ]                                                                                                                                                    
                         },                                                                                                                                                     
                         {                                                                                                                                                      
                           "Node Type": "Index Scan",                                                                                                                           
                           "Parent Relationship": "Inner",                                                                                                                      
                           "Parallel Aware": false,                                                                                                                             
                           "Scan Direction": "Forward",                                                                                                                         
                           "Index Name": "keyword_pkey",                                                                                                                        
                           "Relation Name": "keyword",                                                                                                                          
                           "Alias": "k",                                                                                                                                        
                           "Startup Cost": 0.42,                                                                                                                                
                           "Total Cost": 0.45,                                                                                                                                  
                           "Plan Rows": 1,                                                                                                                                      
                           "Plan Width": 4,                                                                                                                                     
                           "Actual Startup Time": 0.007,                                                                                                                        
                           "Actual Total Time": 0.007,                                                                                                                          
                           "Actual Rows": 0,                                                                                                                                    
                           "Actual Loops": 1314,                                                                                                                                
                           "Index Cond": "(id = mk.keyword_id)",                                                                                                                
                           "Rows Removed by Index Recheck": 0,                                                                                                                  
                           "Filter": "((keyword)::text = ANY ('{superhero,sequel,second-part,marvel-comics,based-on-comic,tv-special,fight,violence}'::text[]))",               
                           "Rows Removed by Filter": 1                                                                                                                          
                         }                                                                                                                                                      
                       ]                                                                                                                                                        
                     },                                                                                                                                                         
                     {                                                                                                                                                          
                       "Node Type": "Index Only Scan",                                                                                                                          
                       "Parent Relationship": "Inner",                                                                                                                          
                       "Parallel Aware": false,                                                                                                                                 
                       "Scan Direction": "Forward",                                                                                                                             
                       "Index Name": "name_pkey",                                                                                                                               
                       "Relation Name": "name",                                                                                                                                 
                       "Alias": "n",                                                                                                                                            
                       "Startup Cost": 0.43,                                                                                                                                    
                       "Total Cost": 0.46,                                                                                                                                      
                       "Plan Rows": 1,                                                                                                                                          
                       "Plan Width": 4,                                                                                                                                         
                       "Actual Startup Time": 0.016,                                                                                                                            
                       "Actual Total Time": 0.016,                                                                                                                              
                       "Actual Rows": 1,                                                                                                                                        
                       "Actual Loops": 33,                                                                                                                                      
                       "Index Cond": "(id = ci.person_id)",                                                                                                                     
                       "Rows Removed by Index Recheck": 0,                                                                                                                      
                       "Heap Fetches": 33                                                                                                                                       
                     }                                                                                                                                                          
                   ]                                                                                                                                                            
                 }                                                                                                                                                              
               ]                                                                                                                                                                
             }                                                                                                                                                                  
           ]                                                                                                                                                                    
         }                                                                                                                                                                      
       ]                                                                                                                                                                        
     },                                                                                                                                                                         
     "Planning Time": 21.890,                                                                                                                                                   
     "Triggers": [                                                                                                                                                              
     ],                                                                                                                                                                         
     "Execution Time": 11210.282                                                                                                                                                
   }                                                                                                                                                                            
 ]
