[                                                                                                                                                                              
   {                                                                                                                                                                            
     "Plan": {                                                                                                                                                                  
       "Node Type": "Aggregate",                                                                                                                                                
       "Strategy": "Plain",                                                                                                                                                     
       "Partial Mode": "Finalize",                                                                                                                                              
       "Parallel Aware": false,                                                                                                                                                 
       "Startup Cost": 512940.86,                                                                                                                                               
       "Total Cost": 512940.87,                                                                                                                                                 
       "Plan Rows": 1,                                                                                                                                                          
       "Plan Width": 64,                                                                                                                                                        
       "Actual Startup Time": 8148.749,                                                                                                                                         
       "Actual Total Time": 8158.116,                                                                                                                                           
       "Actual Rows": 1,                                                                                                                                                        
       "Actual Loops": 1,                                                                                                                                                       
       "Plans": [                                                                                                                                                               
         {                                                                                                                                                                      
           "Node Type": "Gather",                                                                                                                                               
           "Parent Relationship": "Outer",                                                                                                                                      
           "Parallel Aware": false,                                                                                                                                             
           "Startup Cost": 512940.64,                                                                                                                                           
           "Total Cost": 512940.85,                                                                                                                                             
           "Plan Rows": 2,                                                                                                                                                      
           "Plan Width": 64,                                                                                                                                                    
           "Actual Startup Time": 8148.389,                                                                                                                                     
           "Actual Total Time": 8158.087,                                                                                                                                       
           "Actual Rows": 3,                                                                                                                                                    
           "Actual Loops": 1,                                                                                                                                                   
           "Workers Planned": 2,                                                                                                                                                
           "Workers Launched": 2,                                                                                                                                               
           "Single Copy": false,                                                                                                                                                
           "Plans": [                                                                                                                                                           
             {                                                                                                                                                                  
               "Node Type": "Aggregate",                                                                                                                                        
               "Strategy": "Plain",                                                                                                                                             
               "Partial Mode": "Partial",                                                                                                                                       
               "Parent Relationship": "Outer",                                                                                                                                  
               "Parallel Aware": false,                                                                                                                                         
               "Startup Cost": 511940.64,                                                                                                                                       
               "Total Cost": 511940.65,                                                                                                                                         
               "Plan Rows": 1,                                                                                                                                                  
               "Plan Width": 64,                                                                                                                                                
               "Actual Startup Time": 8141.735,                                                                                                                                 
               "Actual Total Time": 8141.776,                                                                                                                                   
               "Actual Rows": 1,                                                                                                                                                
               "Actual Loops": 3,                                                                                                                                               
               "Plans": [                                                                                                                                                       
                 {                                                                                                                                                              
                   "Node Type": "Nested Loop",                                                                                                                                  
                   "Parent Relationship": "Outer",                                                                                                                              
                   "Parallel Aware": false,                                                                                                                                     
                   "Join Type": "Inner",                                                                                                                                        
                   "Startup Cost": 52872.54,                                                                                                                                    
                   "Total Cost": 511940.45,                                                                                                                                     
                   "Plan Rows": 37,                                                                                                                                             
                   "Plan Width": 32,                                                                                                                                            
                   "Actual Startup Time": 2533.052,                                                                                                                             
                   "Actual Total Time": 8136.238,                                                                                                                               
                   "Actual Rows": 1802,                                                                                                                                         
                   "Actual Loops": 3,                                                                                                                                           
                   "Inner Unique": true,                                                                                                                                        
                   "Plans": [                                                                                                                                                   
                     {                                                                                                                                                          
                       "Node Type": "Nested Loop",                                                                                                                              
                       "Parent Relationship": "Outer",                                                                                                                          
                       "Parallel Aware": false,                                                                                                                                 
                       "Join Type": "Inner",                                                                                                                                    
                       "Startup Cost": 52872.11,                                                                                                                                
                       "Total Cost": 511923.60,                                                                                                                                 
                       "Plan Rows": 37,                                                                                                                                         
                       "Plan Width": 21,                                                                                                                                        
                       "Actual Startup Time": 2532.956,                                                                                                                         
                       "Actual Total Time": 8100.757,                                                                                                                           
                       "Actual Rows": 1802,                                                                                                                                     
                       "Actual Loops": 3,                                                                                                                                       
                       "Inner Unique": true,                                                                                                                                    
                       "Plans": [                                                                                                                                               
                         {                                                                                                                                                      
                           "Node Type": "Hash Join",                                                                                                                            
                           "Parent Relationship": "Outer",                                                                                                                      
                           "Parallel Aware": true,                                                                                                                              
                           "Join Type": "Inner",                                                                                                                                
                           "Startup Cost": 52871.68,                                                                                                                            
                           "Total Cost": 511705.69,                                                                                                                             
                           "Plan Rows": 476,                                                                                                                                    
                           "Plan Width": 25,                                                                                                                                    
                           "Actual Startup Time": 2530.612,                                                                                                                     
                           "Actual Total Time": 7790.349,                                                                                                                       
                           "Actual Rows": 63281,                                                                                                                                
                           "Actual Loops": 3,                                                                                                                                   
                           "Inner Unique": false,                                                                                                                               
                           "Hash Cond": "(ci.movie_id = t.id)",                                                                                                                 
                           "Plans": [                                                                                                                                           
                             {                                                                                                                                                  
                               "Node Type": "Seq Scan",                                                                                                                         
                               "Parent Relationship": "Outer",                                                                                                                  
                               "Parallel Aware": true,                                                                                                                          
                               "Relation Name": "cast_info",                                                                                                                    
                               "Alias": "ci",                                                                                                                                   
                               "Startup Cost": 0.00,                                                                                                                            
                               "Total Cost": 402615.60,                                                                                                                         
                               "Plan Rows": 14991560,                                                                                                                           
                               "Plan Width": 12,                                                                                                                                
                               "Actual Startup Time": 0.042,                                                                                                                    
                               "Actual Total Time": 2167.765,                                                                                                                   
                               "Actual Rows": 12081448,                                                                                                                         
                               "Actual Loops": 3                                                                                                                                
                             },                                                                                                                                                 
                             {                                                                                                                                                  
                               "Node Type": "Hash",                                                                                                                             
                               "Parent Relationship": "Inner",                                                                                                                  
                               "Parallel Aware": true,                                                                                                                          
                               "Startup Cost": 52871.67,                                                                                                                        
                               "Total Cost": 52871.67,                                                                                                                          
                               "Plan Rows": 1,                                                                                                                                  
                               "Plan Width": 29,                                                                                                                                
                               "Actual Startup Time": 2530.053,                                                                                                                 
                               "Actual Total Time": 2530.090,                                                                                                                   
                               "Actual Rows": 422,                                                                                                                              
                               "Actual Loops": 3,                                                                                                                               
                               "Hash Buckets": 1024,                                                                                                                            
                               "Original Hash Buckets": 1024,                                                                                                                   
                               "Hash Batches": 1,                                                                                                                               
                               "Original Hash Batches": 1,                                                                                                                      
                               "Peak Memory Usage": 104,                                                                                                                        
                               "Plans": [                                                                                                                                       
                                 {                                                                                                                                              
                                   "Node Type": "Nested Loop",                                                                                                                  
                                   "Parent Relationship": "Outer",                                                                                                              
                                   "Parallel Aware": false,                                                                                                                     
                                   "Join Type": "Inner",                                                                                                                        
                                   "Startup Cost": 2499.28,                                                                                                                     
                                   "Total Cost": 52871.67,                                                                                                                      
                                   "Plan Rows": 1,                                                                                                                              
                                   "Plan Width": 29,                                                                                                                            
                                   "Actual Startup Time": 1368.438,                                                                                                             
                                   "Actual Total Time": 2528.983,                                                                                                               
                                   "Actual Rows": 422,                                                                                                                          
                                   "Actual Loops": 3,                                                                                                                           
                                   "Inner Unique": true,                                                                                                                        
                                   "Plans": [                                                                                                                                   
                                     {                                                                                                                                          
                                       "Node Type": "Hash Join",                                                                                                                
                                       "Parent Relationship": "Outer",                                                                                                          
                                       "Parallel Aware": false,                                                                                                                 
                                       "Join Type": "Inner",                                                                                                                    
                                       "Startup Cost": 2498.86,                                                                                                                 
                                       "Total Cost": 52871.22,                                                                                                                  
                                       "Plan Rows": 1,                                                                                                                          
                                       "Plan Width": 33,                                                                                                                        
                                       "Actual Startup Time": 1365.454,                                                                                                         
                                       "Actual Total Time": 1968.128,                                                                                                           
                                       "Actual Rows": 98224,                                                                                                                    
                                       "Actual Loops": 3,                                                                                                                       
                                       "Inner Unique": false,                                                                                                                   
                                       "Hash Cond": "(mk.movie_id = t.id)",                                                                                                     
                                       "Plans": [                                                                                                                               
                                         {                                                                                                                                      
                                           "Node Type": "Seq Scan",                                                                                                             
                                           "Parent Relationship": "Outer",                                                                                                      
                                           "Parallel Aware": true,                                                                                                              
                                           "Relation Name": "movie_keyword",                                                                                                    
                                           "Alias": "mk",                                                                                                                       
                                           "Startup Cost": 0.00,                                                                                                                
                                           "Total Cost": 43303.71,                                                                                                              
                                           "Plan Rows": 1884971,                                                                                                                
                                           "Plan Width": 8,                                                                                                                     
                                           "Actual Startup Time": 0.045,                                                                                                        
                                           "Actual Total Time": 288.615,                                                                                                        
                                           "Actual Rows": 1507977,                                                                                                              
                                           "Actual Loops": 3                                                                                                                    
                                         },                                                                                                                                     
                                         {                                                                                                                                      
                                           "Node Type": "Hash",                                                                                                                 
                                           "Parent Relationship": "Inner",                                                                                                      
                                           "Parallel Aware": false,                                                                                                             
                                           "Startup Cost": 2498.85,                                                                                                             
                                           "Total Cost": 2498.85,                                                                                                               
                                           "Plan Rows": 1,                                                                                                                      
                                           "Plan Width": 25,                                                                                                                    
                                           "Actual Startup Time": 1365.217,                                                                                                     
                                           "Actual Total Time": 1365.239,                                                                                                       
                                           "Actual Rows": 4696,                                                                                                                 
                                           "Actual Loops": 3,                                                                                                                   
                                           "Hash Buckets": 8192,                                                                                                                
                                           "Original Hash Buckets": 1024,                                                                                                       
                                           "Hash Batches": 1,                                                                                                                   
                                           "Original Hash Batches": 1,                                                                                                          
                                           "Peak Memory Usage": 329,                                                                                                            
                                           "Plans": [                                                                                                                           
                                             {                                                                                                                                  
                                               "Node Type": "Nested Loop",                                                                                                      
                                               "Parent Relationship": "Outer",                                                                                                  
                                               "Parallel Aware": false,                                                                                                         
                                               "Join Type": "Inner",                                                                                                            
                                               "Startup Cost": 19.50,                                                                                                           
                                               "Total Cost": 2498.85,                                                                                                           
                                               "Plan Rows": 1,                                                                                                                  
                                               "Plan Width": 25,                                                                                                                
                                               "Actual Startup Time": 0.417,                                                                                                    
                                               "Actual Total Time": 1359.301,                                                                                                   
                                               "Actual Rows": 4696,                                                                                                             
                                               "Actual Loops": 3,                                                                                                               
                                               "Inner Unique": true,                                                                                                            
                                               "Plans": [                                                                                                                       
                                                 {                                                                                                                              
                                                   "Node Type": "Nested Loop",                                                                                                  
                                                   "Parent Relationship": "Outer",                                                                                              
                                                   "Parallel Aware": false,                                                                                                     
                                                   "Join Type": "Inner",                                                                                                        
                                                   "Startup Cost": 19.36,                                                                                                       
                                                   "Total Cost": 2498.67,                                                                                                       
                                                   "Plan Rows": 1,                                                                                                              
                                                   "Plan Width": 29,                                                                                                            
                                                   "Actual Startup Time": 0.296,                                                                                                
                                                   "Actual Total Time": 1289.939,                                                                                               
                                                   "Actual Rows": 23557,                                                                                                        
                                                   "Actual Loops": 3,                                                                                                           
                                                   "Inner Unique": true,                                                                                                        
                                                   "Plans": [                                                                                                                   
                                                     {                                                                                                                          
                                                       "Node Type": "Nested Loop",                                                                                              
                                                       "Parent Relationship": "Outer",                                                                                          
                                                       "Parallel Aware": false,                                                                                                 
                                                       "Join Type": "Inner",                                                                                                    
                                                       "Startup Cost": 18.93,                                                                                                   
                                                       "Total Cost": 2496.89,                                                                                                   
                                                       "Plan Rows": 1,                                                                                                          
                                                       "Plan Width": 4,                                                                                                         
                                                       "Actual Startup Time": 0.111,                                                                                            
                                                       "Actual Total Time": 191.697,                                                                                            
                                                       "Actual Rows": 85941,                                                                                                    
                                                       "Actual Loops": 3,                                                                                                       
                                                       "Inner Unique": false,                                                                                                   
                                                       "Join Filter": "(cc.status_id = cct2.id)",                                                                               
                                                       "Rows Removed by Join Filter": 85941,                                                                                    
                                                       "Plans": [                                                                                                               
                                                         {                                                                                                                      
                                                           "Node Type": "Seq Scan",                                                                                             
                                                           "Parent Relationship": "Outer",                                                                                      
                                                           "Parallel Aware": false,                                                                                             
                                                           "Relation Name": "comp_cast_type",                                                                                   
                                                           "Alias": "cct2",                                                                                                     
                                                           "Startup Cost": 0.00,                                                                                                
                                                           "Total Cost": 18.88,                                                                                                 
                                                           "Plan Rows": 1,                                                                                                      
                                                           "Plan Width": 4,                                                                                                     
                                                           "Actual Startup Time": 0.036,                                                                                        
                                                           "Actual Total Time": 0.047,                                                                                          
                                                           "Actual Rows": 2,                                                                                                    
                                                           "Actual Loops": 3,                                                                                                   
                                                           "Filter": "((kind)::text ~~ '%complete%'::text)",                                                                    
                                                           "Rows Removed by Filter": 2                                                                                          
                                                         },                                                                                                                     
                                                         {                                                                                                                      
                                                           "Node Type": "Hash Join",                                                                                            
                                                           "Parent Relationship": "Inner",                                                                                      
                                                           "Parallel Aware": false,                                                                                             
                                                           "Join Type": "Inner",                                                                                                
                                                           "Startup Cost": 18.93,                                                                                               
                                                           "Total Cost": 2468.50,                                                                                               
                                                           "Plan Rows": 761,                                                                                                    
                                                           "Plan Width": 8,                                                                                                     
                                                           "Actual Startup Time": 0.040,                                                                                        
                                                           "Actual Total Time": 81.375,                                                                                         
                                                           "Actual Rows": 85941,                                                                                                
                                                           "Actual Loops": 6,                                                                                                   
                                                           "Inner Unique": true,                                                                                                
                                                           "Hash Cond": "(cc.subject_id = cct1.id)",                                                                            
                                                           "Plans": [                                                                                                           
                                                             {                                                                                                                  
                                                               "Node Type": "Seq Scan",                                                                                         
                                                               "Parent Relationship": "Outer",                                                                                  
                                                               "Parallel Aware": false,                                                                                         
                                                               "Relation Name": "complete_cast",                                                                                
                                                               "Alias": "cc",                                                                                                   
                                                               "Startup Cost": 0.00,                                                                                            
                                                               "Total Cost": 2092.86,                                                                                           
                                                               "Plan Rows": 135086,                                                                                             
                                                               "Plan Width": 12,                                                                                                
                                                               "Actual Startup Time": 0.014,                                                                                    
                                                               "Actual Total Time": 26.786,                                                                                     
                                                               "Actual Rows": 135086,                                                                                           
                                                               "Actual Loops": 6                                                                                                
                                                             },                                                                                                                 
                                                             {                                                                                                                  
                                                               "Node Type": "Hash",                                                                                             
                                                               "Parent Relationship": "Inner",                                                                                  
                                                               "Parallel Aware": false,                                                                                         
                                                               "Startup Cost": 18.88,                                                                                           
                                                               "Total Cost": 18.88,                                                                                             
                                                               "Plan Rows": 4,                                                                                                  
                                                               "Plan Width": 4,                                                                                                 
                                                               "Actual Startup Time": 0.023,                                                                                    
                                                               "Actual Total Time": 0.024,                                                                                      
                                                               "Actual Rows": 1,                                                                                                
                                                               "Actual Loops": 3,                                                                                               
                                                               "Hash Buckets": 1024,                                                                                            
                                                               "Original Hash Buckets": 1024,                                                                                   
                                                               "Hash Batches": 1,                                                                                               
                                                               "Original Hash Batches": 1,                                                                                      
                                                               "Peak Memory Usage": 9,                                                                                          
                                                               "Plans": [                                                                                                       
                                                                 {                                                                                                              
                                                                   "Node Type": "Seq Scan",                                                                                     
                                                                   "Parent Relationship": "Outer",                                                                              
                                                                   "Parallel Aware": false,                                                                                     
                                                                   "Relation Name": "comp_cast_type",                                                                           
                                                                   "Alias": "cct1",                                                                                             
                                                                   "Startup Cost": 0.00,                                                                                        
                                                                   "Total Cost": 18.88,                                                                                         
                                                                   "Plan Rows": 4,                                                                                              
                                                                   "Plan Width": 4,                                                                                             
                                                                   "Actual Startup Time": 0.013,                                                                                
                                                                   "Actual Total Time": 0.015,                                                                                  
                                                                   "Actual Rows": 1,                                                                                            
                                                                   "Actual Loops": 3,                                                                                           
                                                                   "Filter": "((kind)::text = 'cast'::text)",                                                                   
                                                                   "Rows Removed by Filter": 3                                                                                  
                                                                 }                                                                                                              
                                                               ]                                                                                                                
                                                             }                                                                                                                  
                                                           ]                                                                                                                    
                                                         }                                                                                                                      
                                                       ]                                                                                                                        
                                                     },                                                                                                                         
                                                     {                                                                                                                          
                                                       "Node Type": "Index Scan",                                                                                               
                                                       "Parent Relationship": "Inner",                                                                                          
                                                       "Parallel Aware": false,                                                                                                 
                                                       "Scan Direction": "Forward",                                                                                             
                                                       "Index Name": "title_pkey",                                                                                              
                                                       "Relation Name": "title",                                                                                                
                                                       "Alias": "t",                                                                                                            
                                                       "Startup Cost": 0.43,                                                                                                    
                                                       "Total Cost": 1.78,                                                                                                      
                                                       "Plan Rows": 1,                                                                                                          
                                                       "Plan Width": 25,                                                                                                        
                                                       "Actual Startup Time": 0.012,                                                                                            
                                                       "Actual Total Time": 0.012,                                                                                              
                                                       "Actual Rows": 0,                                                                                                        
                                                       "Actual Loops": 257823,                                                                                                  
                                                       "Index Cond": "(id = cc.movie_id)",                                                                                      
                                                       "Rows Removed by Index Recheck": 0,                                                                                      
                                                       "Filter": "(production_year > 2000)",                                                                                    
                                                       "Rows Removed by Filter": 1                                                                                              
                                                     }                                                                                                                          
                                                   ]                                                                                                                            
                                                 },                                                                                                                             
                                                 {                                                                                                                              
                                                   "Node Type": "Index Scan",                                                                                                   
                                                   "Parent Relationship": "Inner",                                                                                              
                                                   "Parallel Aware": false,                                                                                                     
                                                   "Scan Direction": "Forward",                                                                                                 
                                                   "Index Name": "kind_type_pkey",                                                                                              
                                                   "Relation Name": "kind_type",                                                                                                
                                                   "Alias": "kt",                                                                                                               
                                                   "Startup Cost": 0.15,                                                                                                        
                                                   "Total Cost": 0.17,                                                                                                          
                                                   "Plan Rows": 1,                                                                                                              
                                                   "Plan Width": 4,                                                                                                             
                                                   "Actual Startup Time": 0.002,                                                                                                
                                                   "Actual Total Time": 0.002,                                                                                                  
                                                   "Actual Rows": 0,                                                                                                            
                                                   "Actual Loops": 70671,                                                                                                       
                                                   "Index Cond": "(id = t.kind_id)",                                                                                            
                                                   "Rows Removed by Index Recheck": 0,                                                                                          
                                                   "Filter": "((kind)::text = 'movie'::text)",                                                                                  
                                                   "Rows Removed by Filter": 1                                                                                                  
                                                 }                                                                                                                              
                                               ]                                                                                                                                
                                             }                                                                                                                                  
                                           ]                                                                                                                                    
                                         }                                                                                                                                      
                                       ]                                                                                                                                        
                                     },                                                                                                                                         
                                     {                                                                                                                                          
                                       "Node Type": "Index Scan",                                                                                                               
                                       "Parent Relationship": "Inner",                                                                                                          
                                       "Parallel Aware": false,                                                                                                                 
                                       "Scan Direction": "Forward",                                                                                                             
                                       "Index Name": "keyword_pkey",                                                                                                            
                                       "Relation Name": "keyword",                                                                                                              
                                       "Alias": "k",                                                                                                                            
                                       "Startup Cost": 0.42,                                                                                                                    
                                       "Total Cost": 0.45,                                                                                                                      
                                       "Plan Rows": 1,                                                                                                                          
                                       "Plan Width": 4,                                                                                                                         
                                       "Actual Startup Time": 0.005,                                                                                                            
                                       "Actual Total Time": 0.005,                                                                                                              
                                       "Actual Rows": 0,                                                                                                                        
                                       "Actual Loops": 294672,                                                                                                                  
                                       "Index Cond": "(id = mk.keyword_id)",                                                                                                    
                                       "Rows Removed by Index Recheck": 0,                                                                                                      
                                       "Filter": "((keyword)::text = ANY ('{superhero,marvel-comics,based-on-comic,tv-special,fight,violence,magnet,web,claw,laser}'::text[]))",
                                       "Rows Removed by Filter": 1                                                                                                              
                                     }                                                                                                                                          
                                   ]                                                                                                                                            
                                 }                                                                                                                                              
                               ]                                                                                                                                                
                             }                                                                                                                                                  
                           ]                                                                                                                                                    
                         },                                                                                                                                                     
                         {                                                                                                                                                      
                           "Node Type": "Index Scan",                                                                                                                           
                           "Parent Relationship": "Inner",                                                                                                                      
                           "Parallel Aware": false,                                                                                                                             
                           "Scan Direction": "Forward",                                                                                                                         
                           "Index Name": "char_name_pkey",                                                                                                                      
                           "Relation Name": "char_name",                                                                                                                        
                           "Alias": "chn",                                                                                                                                      
                           "Startup Cost": 0.43,                                                                                                                                
                           "Total Cost": 0.46,                                                                                                                                  
                           "Plan Rows": 1,                                                                                                                                      
                           "Plan Width": 4,                                                                                                                                     
                           "Actual Startup Time": 0.004,                                                                                                                        
                           "Actual Total Time": 0.004,                                                                                                                          
                           "Actual Rows": 0,                                                                                                                                    
                           "Actual Loops": 189844,                                                                                                                              
                           "Index Cond": "(id = ci.person_role_id)",                                                                                                            
                           "Rows Removed by Index Recheck": 0,                                                                                                                  
                           "Filter": "((name IS NOT NULL) AND (((name)::text ~~ '%man%'::text) OR ((name)::text ~~ '%Man%'::text)))",                                           
                           "Rows Removed by Filter": 0                                                                                                                          
                         }                                                                                                                                                      
                       ]                                                                                                                                                        
                     },                                                                                                                                                         
                     {                                                                                                                                                          
                       "Node Type": "Index Scan",                                                                                                                               
                       "Parent Relationship": "Inner",                                                                                                                          
                       "Parallel Aware": false,                                                                                                                                 
                       "Scan Direction": "Forward",                                                                                                                             
                       "Index Name": "name_pkey",                                                                                                                               
                       "Relation Name": "name",                                                                                                                                 
                       "Alias": "n",                                                                                                                                            
                       "Startup Cost": 0.43,                                                                                                                                    
                       "Total Cost": 0.46,                                                                                                                                      
                       "Plan Rows": 1,                                                                                                                                          
                       "Plan Width": 19,                                                                                                                                        
                       "Actual Startup Time": 0.018,                                                                                                                            
                       "Actual Total Time": 0.018,                                                                                                                              
                       "Actual Rows": 1,                                                                                                                                        
                       "Actual Loops": 5406,                                                                                                                                    
                       "Index Cond": "(id = ci.person_id)",                                                                                                                     
                       "Rows Removed by Index Recheck": 0                                                                                                                       
                     }                                                                                                                                                          
                   ]                                                                                                                                                            
                 }                                                                                                                                                              
               ]                                                                                                                                                                
             }                                                                                                                                                                  
           ]                                                                                                                                                                    
         }                                                                                                                                                                      
       ]                                                                                                                                                                        
     },                                                                                                                                                                         
     "Planning Time": 22.258,                                                                                                                                                   
     "Triggers": [                                                                                                                                                              
     ],                                                                                                                                                                         
     "Execution Time": 8158.638                                                                                                                                                 
   }                                                                                                                                                                            
 ]
