[                                                                                                                                                                       
   {                                                                                                                                                                     
     "Plan": {                                                                                                                                                           
       "Node Type": "Aggregate",                                                                                                                                         
       "Strategy": "Plain",                                                                                                                                              
       "Partial Mode": "Finalize",                                                                                                                                       
       "Parallel Aware": false,                                                                                                                                          
       "Startup Cost": 332373.57,                                                                                                                                        
       "Total Cost": 332373.58,                                                                                                                                          
       "Plan Rows": 1,                                                                                                                                                   
       "Plan Width": 96,                                                                                                                                                 
       "Actual Startup Time": 3076.455,                                                                                                                                  
       "Actual Total Time": 3111.597,                                                                                                                                    
       "Actual Rows": 1,                                                                                                                                                 
       "Actual Loops": 1,                                                                                                                                                
       "Plans": [                                                                                                                                                        
         {                                                                                                                                                               
           "Node Type": "Gather",                                                                                                                                        
           "Parent Relationship": "Outer",                                                                                                                               
           "Parallel Aware": false,                                                                                                                                      
           "Startup Cost": 332373.35,                                                                                                                                    
           "Total Cost": 332373.56,                                                                                                                                      
           "Plan Rows": 2,                                                                                                                                               
           "Plan Width": 96,                                                                                                                                             
           "Actual Startup Time": 3072.765,                                                                                                                              
           "Actual Total Time": 3111.557,                                                                                                                                
           "Actual Rows": 3,                                                                                                                                             
           "Actual Loops": 1,                                                                                                                                            
           "Workers Planned": 2,                                                                                                                                         
           "Workers Launched": 2,                                                                                                                                        
           "Single Copy": false,                                                                                                                                         
           "Plans": [                                                                                                                                                    
             {                                                                                                                                                           
               "Node Type": "Aggregate",                                                                                                                                 
               "Strategy": "Plain",                                                                                                                                      
               "Partial Mode": "Partial",                                                                                                                                
               "Parent Relationship": "Outer",                                                                                                                           
               "Parallel Aware": false,                                                                                                                                  
               "Startup Cost": 331373.35,                                                                                                                                
               "Total Cost": 331373.36,                                                                                                                                  
               "Plan Rows": 1,                                                                                                                                           
               "Plan Width": 96,                                                                                                                                         
               "Actual Startup Time": 3066.541,                                                                                                                          
               "Actual Total Time": 3066.611,                                                                                                                            
               "Actual Rows": 1,                                                                                                                                         
               "Actual Loops": 3,                                                                                                                                        
               "Plans": [                                                                                                                                                
                 {                                                                                                                                                       
                   "Node Type": "Nested Loop",                                                                                                                           
                   "Parent Relationship": "Outer",                                                                                                                       
                   "Parallel Aware": false,                                                                                                                              
                   "Join Type": "Inner",                                                                                                                                 
                   "Startup Cost": 281000.77,                                                                                                                            
                   "Total Cost": 331373.34,                                                                                                                              
                   "Plan Rows": 1,                                                                                                                                       
                   "Plan Width": 131,                                                                                                                                    
                   "Actual Startup Time": 2954.758,                                                                                                                      
                   "Actual Total Time": 3066.537,                                                                                                                        
                   "Actual Rows": 13,                                                                                                                                    
                   "Actual Loops": 3,                                                                                                                                    
                   "Inner Unique": true,                                                                                                                                 
                   "Plans": [                                                                                                                                            
                     {                                                                                                                                                   
                       "Node Type": "Hash Join",                                                                                                                         
                       "Parent Relationship": "Outer",                                                                                                                   
                       "Parallel Aware": true,                                                                                                                           
                       "Join Type": "Inner",                                                                                                                             
                       "Startup Cost": 281000.35,                                                                                                                        
                       "Total Cost": 331372.90,                                                                                                                          
                       "Plan Rows": 1,                                                                                                                                   
                       "Plan Width": 135,                                                                                                                                
                       "Actual Startup Time": 2724.777,                                                                                                                  
                       "Actual Total Time": 3064.840,                                                                                                                    
                       "Actual Rows": 405,                                                                                                                               
                       "Actual Loops": 3,                                                                                                                                
                       "Inner Unique": false,                                                                                                                            
                       "Hash Cond": "(mk.movie_id = ml.movie_id)",                                                                                                       
                       "Plans": [                                                                                                                                        
                         {                                                                                                                                               
                           "Node Type": "Seq Scan",                                                                                                                      
                           "Parent Relationship": "Outer",                                                                                                               
                           "Parallel Aware": true,                                                                                                                       
                           "Relation Name": "movie_keyword",                                                                                                             
                           "Alias": "mk",                                                                                                                                
                           "Startup Cost": 0.00,                                                                                                                         
                           "Total Cost": 43303.71,                                                                                                                       
                           "Plan Rows": 1884971,                                                                                                                         
                           "Plan Width": 8,                                                                                                                              
                           "Actual Startup Time": 0.072,                                                                                                                 
                           "Actual Total Time": 276.671,                                                                                                                 
                           "Actual Rows": 1507977,                                                                                                                       
                           "Actual Loops": 3                                                                                                                             
                         },                                                                                                                                              
                         {                                                                                                                                               
                           "Node Type": "Hash",                                                                                                                          
                           "Parent Relationship": "Inner",                                                                                                               
                           "Parallel Aware": true,                                                                                                                       
                           "Startup Cost": 281000.34,                                                                                                                    
                           "Total Cost": 281000.34,                                                                                                                      
                           "Plan Rows": 1,                                                                                                                               
                           "Plan Width": 147,                                                                                                                            
                           "Actual Startup Time": 2505.799,                                                                                                              
                           "Actual Total Time": 2505.861,                                                                                                                
                           "Actual Rows": 147,                                                                                                                           
                           "Actual Loops": 3,                                                                                                                            
                           "Hash Buckets": 1024,                                                                                                                         
                           "Original Hash Buckets": 1024,                                                                                                                
                           "Hash Batches": 1,                                                                                                                            
                           "Original Hash Batches": 1,                                                                                                                   
                           "Peak Memory Usage": 104,                                                                                                                     
                           "Plans": [                                                                                                                                    
                             {                                                                                                                                           
                               "Node Type": "Nested Loop",                                                                                                               
                               "Parent Relationship": "Outer",                                                                                                           
                               "Parallel Aware": false,                                                                                                                  
                               "Join Type": "Inner",                                                                                                                     
                               "Startup Cost": 280999.75,                                                                                                                
                               "Total Cost": 281000.34,                                                                                                                  
                               "Plan Rows": 1,                                                                                                                           
                               "Plan Width": 147,                                                                                                                        
                               "Actual Startup Time": 2494.485,                                                                                                          
                               "Actual Total Time": 2501.525,                                                                                                            
                               "Actual Rows": 147,                                                                                                                       
                               "Actual Loops": 3,                                                                                                                        
                               "Inner Unique": true,                                                                                                                     
                               "Join Filter": "(ml.movie_id = t.id)",                                                                                                    
                               "Rows Removed by Join Filter": 0,                                                                                                         
                               "Plans": [                                                                                                                                
                                 {                                                                                                                                       
                                   "Node Type": "Nested Loop",                                                                                                           
                                   "Parent Relationship": "Outer",                                                                                                       
                                   "Parallel Aware": false,                                                                                                              
                                   "Join Type": "Inner",                                                                                                                 
                                   "Startup Cost": 280999.32,                                                                                                            
                                   "Total Cost": 280999.73,                                                                                                              
                                   "Plan Rows": 1,                                                                                                                       
                                   "Plan Width": 126,                                                                                                                    
                                   "Actual Startup Time": 2494.311,                                                                                                      
                                   "Actual Total Time": 2499.911,                                                                                                        
                                   "Actual Rows": 357,                                                                                                                   
                                   "Actual Loops": 3,                                                                                                                    
                                   "Inner Unique": true,                                                                                                                 
                                   "Plans": [                                                                                                                            
                                     {                                                                                                                                   
                                       "Node Type": "Merge Join",                                                                                                        
                                       "Parent Relationship": "Outer",                                                                                                   
                                       "Parallel Aware": false,                                                                                                          
                                       "Join Type": "Inner",                                                                                                             
                                       "Startup Cost": 280998.90,                                                                                                        
                                       "Total Cost": 280999.27,                                                                                                          
                                       "Plan Rows": 1,                                                                                                                   
                                       "Plan Width": 98,                                                                                                                 
                                       "Actual Startup Time": 2494.113,                                                                                                  
                                       "Actual Total Time": 2495.475,                                                                                                    
                                       "Actual Rows": 970,                                                                                                               
                                       "Actual Loops": 3,                                                                                                                
                                       "Inner Unique": false,                                                                                                            
                                       "Merge Cond": "(mc.movie_id = ml.movie_id)",                                                                                      
                                       "Plans": [                                                                                                                        
                                         {                                                                                                                               
                                           "Node Type": "Sort",                                                                                                          
                                           "Parent Relationship": "Outer",                                                                                               
                                           "Parallel Aware": false,                                                                                                      
                                           "Startup Cost": 280436.70,                                                                                                    
                                           "Total Cost": 280438.69,                                                                                                      
                                           "Plan Rows": 795,                                                                                                             
                                           "Plan Width": 12,                                                                                                             
                                           "Actual Startup Time": 2479.880,                                                                                              
                                           "Actual Total Time": 2480.046,                                                                                                
                                           "Actual Rows": 769,                                                                                                           
                                           "Actual Loops": 3,                                                                                                            
                                           "Sort Key": ["mc.movie_id"],                                                                                                  
                                           "Sort Method": "quicksort",                                                                                                   
                                           "Sort Space Used": 3198,                                                                                                      
                                           "Sort Space Type": "Memory",                                                                                                  
                                           "Workers": [                                                                                                                  
                                             {                                                                                                                           
                                               "Worker Number": 0,                                                                                                       
                                               "Sort Method": "quicksort",                                                                                               
                                               "Sort Space Used": 3027,                                                                                                  
                                               "Sort Space Type": "Memory"                                                                                               
                                             },                                                                                                                          
                                             {                                                                                                                           
                                               "Worker Number": 1,                                                                                                       
                                               "Sort Method": "quicksort",                                                                                               
                                               "Sort Space Used": 3326,                                                                                                  
                                               "Sort Space Type": "Memory"                                                                                               
                                             }                                                                                                                           
                                           ],                                                                                                                            
                                           "Plans": [                                                                                                                    
                                             {                                                                                                                           
                                               "Node Type": "Hash Join",                                                                                                 
                                               "Parent Relationship": "Outer",                                                                                           
                                               "Parallel Aware": true,                                                                                                   
                                               "Join Type": "Inner",                                                                                                     
                                               "Startup Cost": 41220.00,                                                                                                 
                                               "Total Cost": 280398.41,                                                                                                  
                                               "Plan Rows": 795,                                                                                                         
                                               "Plan Width": 12,                                                                                                         
                                               "Actual Startup Time": 2343.218,                                                                                          
                                               "Actual Total Time": 2461.295,                                                                                            
                                               "Actual Rows": 38777,                                                                                                     
                                               "Actual Loops": 3,                                                                                                        
                                               "Inner Unique": false,                                                                                                    
                                               "Hash Cond": "(mi.movie_id = mc.movie_id)",                                                                               
                                               "Plans": [                                                                                                                
                                                 {                                                                                                                       
                                                   "Node Type": "Seq Scan",                                                                                              
                                                   "Parent Relationship": "Outer",                                                                                       
                                                   "Parallel Aware": true,                                                                                               
                                                   "Relation Name": "movie_info",                                                                                        
                                                   "Alias": "mi",                                                                                                        
                                                   "Startup Cost": 0.00,                                                                                                 
                                                   "Total Cost": 238961.89,                                                                                              
                                                   "Plan Rows": 56854,                                                                                                   
                                                   "Plan Width": 4,                                                                                                      
                                                   "Actual Startup Time": 0.823,                                                                                         
                                                   "Actual Total Time": 1724.913,                                                                                        
                                                   "Actual Rows": 38853,                                                                                                 
                                                   "Actual Loops": 3,                                                                                                    
                                                   "Filter": "((info)::text = ANY ('{Germany,German}'::text[]))",                                                        
                                                   "Rows Removed by Filter": 4906387                                                                                     
                                                 },                                                                                                                      
                                                 {                                                                                                                       
                                                   "Node Type": "Hash",                                                                                                  
                                                   "Parent Relationship": "Inner",                                                                                       
                                                   "Parallel Aware": true,                                                                                               
                                                   "Startup Cost": 41182.38,                                                                                             
                                                   "Total Cost": 41182.38,                                                                                               
                                                   "Plan Rows": 3010,                                                                                                    
                                                   "Plan Width": 8,                                                                                                      
                                                   "Actual Startup Time": 586.617,                                                                                       
                                                   "Actual Total Time": 586.631,                                                                                         
                                                   "Actual Rows": 397976,                                                                                                
                                                   "Actual Loops": 3,                                                                                                    
                                                   "Hash Buckets": 65536,                                                                                                
                                                   "Original Hash Buckets": 8192,                                                                                        
                                                   "Hash Batches": 16,                                                                                                   
                                                   "Original Hash Batches": 1,                                                                                           
                                                   "Peak Memory Usage": 3520,                                                                                            
                                                   "Plans": [                                                                                                            
                                                     {                                                                                                                   
                                                       "Node Type": "Hash Join",                                                                                         
                                                       "Parent Relationship": "Outer",                                                                                   
                                                       "Parallel Aware": false,                                                                                          
                                                       "Join Type": "Inner",                                                                                             
                                                       "Startup Cost": 18.93,                                                                                            
                                                       "Total Cost": 41182.38,                                                                                           
                                                       "Plan Rows": 3010,                                                                                                
                                                       "Plan Width": 8,                                                                                                  
                                                       "Actual Startup Time": 95.192,                                                                                    
                                                       "Actual Total Time": 376.922,                                                                                     
                                                       "Actual Rows": 397976,                                                                                            
                                                       "Actual Loops": 3,                                                                                                
                                                       "Inner Unique": true,                                                                                             
                                                       "Hash Cond": "(mc.company_type_id = ct.id)",                                                                      
                                                       "Plans": [                                                                                                        
                                                         {                                                                                                               
                                                           "Node Type": "Seq Scan",                                                                                      
                                                           "Parent Relationship": "Outer",                                                                               
                                                           "Parallel Aware": true,                                                                                       
                                                           "Relation Name": "movie_companies",                                                                           
                                                           "Alias": "mc",                                                                                                
                                                           "Startup Cost": 0.00,                                                                                         
                                                           "Total Cost": 39752.37,                                                                                       
                                                           "Plan Rows": 534364,                                                                                          
                                                           "Plan Width": 12,                                                                                             
                                                           "Actual Startup Time": 0.065,                                                                                 
                                                           "Actual Total Time": 239.126,                                                                                 
                                                           "Actual Rows": 423996,                                                                                        
                                                           "Actual Loops": 3,                                                                                            
                                                           "Filter": "(note IS NULL)",                                                                                   
                                                           "Rows Removed by Filter": 445713                                                                              
                                                         },                                                                                                              
                                                         {                                                                                                               
                                                           "Node Type": "Hash",                                                                                          
                                                           "Parent Relationship": "Inner",                                                                               
                                                           "Parallel Aware": false,                                                                                      
                                                           "Startup Cost": 18.88,                                                                                        
                                                           "Total Cost": 18.88,                                                                                          
                                                           "Plan Rows": 4,                                                                                               
                                                           "Plan Width": 4,                                                                                              
                                                           "Actual Startup Time": 0.029,                                                                                 
                                                           "Actual Total Time": 0.031,                                                                                   
                                                           "Actual Rows": 1,                                                                                             
                                                           "Actual Loops": 3,                                                                                            
                                                           "Hash Buckets": 1024,                                                                                         
                                                           "Original Hash Buckets": 1024,                                                                                
                                                           "Hash Batches": 1,                                                                                            
                                                           "Original Hash Batches": 1,                                                                                   
                                                           "Peak Memory Usage": 9,                                                                                       
                                                           "Plans": [                                                                                                    
                                                             {                                                                                                           
                                                               "Node Type": "Seq Scan",                                                                                  
                                                               "Parent Relationship": "Outer",                                                                           
                                                               "Parallel Aware": false,                                                                                  
                                                               "Relation Name": "company_type",                                                                          
                                                               "Alias": "ct",                                                                                            
                                                               "Startup Cost": 0.00,                                                                                     
                                                               "Total Cost": 18.88,                                                                                      
                                                               "Plan Rows": 4,                                                                                           
                                                               "Plan Width": 4,                                                                                          
                                                               "Actual Startup Time": 0.021,                                                                             
                                                               "Actual Total Time": 0.023,                                                                               
                                                               "Actual Rows": 1,                                                                                         
                                                               "Actual Loops": 3,                                                                                        
                                                               "Filter": "((kind)::text = 'production companies'::text)",                                                
                                                               "Rows Removed by Filter": 3                                                                               
                                                             }                                                                                                           
                                                           ]                                                                                                             
                                                         }                                                                                                               
                                                       ]                                                                                                                 
                                                     }                                                                                                                   
                                                   ]                                                                                                                     
                                                 }                                                                                                                       
                                               ]                                                                                                                         
                                             }                                                                                                                           
                                           ]                                                                                                                             
                                         },                                                                                                                              
                                         {                                                                                                                               
                                           "Node Type": "Sort",                                                                                                          
                                           "Parent Relationship": "Inner",                                                                                               
                                           "Parallel Aware": false,                                                                                                      
                                           "Startup Cost": 562.20,                                                                                                       
                                           "Total Cost": 562.30,                                                                                                         
                                           "Plan Rows": 42,                                                                                                              
                                           "Plan Width": 86,                                                                                                             
                                           "Actual Startup Time": 14.165,                                                                                                
                                           "Actual Total Time": 14.558,                                                                                                  
                                           "Actual Rows": 3086,                                                                                                          
                                           "Actual Loops": 3,                                                                                                            
                                           "Sort Key": ["ml.movie_id"],                                                                                                  
                                           "Sort Method": "quicksort",                                                                                                   
                                           "Sort Space Used": 205,                                                                                                       
                                           "Sort Space Type": "Memory",                                                                                                  
                                           "Workers": [                                                                                                                  
                                             {                                                                                                                           
                                               "Worker Number": 0,                                                                                                       
                                               "Sort Method": "quicksort",                                                                                               
                                               "Sort Space Used": 205,                                                                                                   
                                               "Sort Space Type": "Memory"                                                                                               
                                             },                                                                                                                          
                                             {                                                                                                                           
                                               "Worker Number": 1,                                                                                                       
                                               "Sort Method": "quicksort",                                                                                               
                                               "Sort Space Used": 205,                                                                                                   
                                               "Sort Space Type": "Memory"                                                                                               
                                             }                                                                                                                           
                                           ],                                                                                                                            
                                           "Plans": [                                                                                                                    
                                             {                                                                                                                           
                                               "Node Type": "Hash Join",                                                                                                 
                                               "Parent Relationship": "Outer",                                                                                           
                                               "Parallel Aware": false,                                                                                                  
                                               "Join Type": "Inner",                                                                                                     
                                               "Startup Cost": 18.89,                                                                                                    
                                               "Total Cost": 561.07,                                                                                                     
                                               "Plan Rows": 42,                                                                                                          
                                               "Plan Width": 86,                                                                                                         
                                               "Actual Startup Time": 0.186,                                                                                             
                                               "Actual Total Time": 13.088,                                                                                              
                                               "Actual Rows": 2315,                                                                                                      
                                               "Actual Loops": 3,                                                                                                        
                                               "Inner Unique": true,                                                                                                     
                                               "Hash Cond": "(ml.link_type_id = lt.id)",                                                                                 
                                               "Plans": [                                                                                                                
                                                 {                                                                                                                       
                                                   "Node Type": "Seq Scan",                                                                                              
                                                   "Parent Relationship": "Outer",                                                                                       
                                                   "Parallel Aware": false,                                                                                              
                                                   "Relation Name": "movie_link",                                                                                        
                                                   "Alias": "ml",                                                                                                        
                                                   "Startup Cost": 0.00,                                                                                                 
                                                   "Total Cost": 462.97,                                                                                                 
                                                   "Plan Rows": 29997,                                                                                                   
                                                   "Plan Width": 8,                                                                                                      
                                                   "Actual Startup Time": 0.070,                                                                                         
                                                   "Actual Total Time": 6.845,                                                                                           
                                                   "Actual Rows": 29997,                                                                                                 
                                                   "Actual Loops": 3                                                                                                     
                                                 },                                                                                                                      
                                                 {                                                                                                                       
                                                   "Node Type": "Hash",                                                                                                  
                                                   "Parent Relationship": "Inner",                                                                                       
                                                   "Parallel Aware": false,                                                                                              
                                                   "Startup Cost": 18.88,                                                                                                
                                                   "Total Cost": 18.88,                                                                                                  
                                                   "Plan Rows": 1,                                                                                                       
                                                   "Plan Width": 86,                                                                                                     
                                                   "Actual Startup Time": 0.070,                                                                                         
                                                   "Actual Total Time": 0.071,                                                                                           
                                                   "Actual Rows": 2,                                                                                                     
                                                   "Actual Loops": 3,                                                                                                    
                                                   "Hash Buckets": 1024,                                                                                                 
                                                   "Original Hash Buckets": 1024,                                                                                        
                                                   "Hash Batches": 1,                                                                                                    
                                                   "Original Hash Batches": 1,                                                                                           
                                                   "Peak Memory Usage": 9,                                                                                               
                                                   "Plans": [                                                                                                            
                                                     {                                                                                                                   
                                                       "Node Type": "Seq Scan",                                                                                          
                                                       "Parent Relationship": "Outer",                                                                                   
                                                       "Parallel Aware": false,                                                                                          
                                                       "Relation Name": "link_type",                                                                                     
                                                       "Alias": "lt",                                                                                                    
                                                       "Startup Cost": 0.00,                                                                                             
                                                       "Total Cost": 18.88,                                                                                              
                                                       "Plan Rows": 1,                                                                                                   
                                                       "Plan Width": 86,                                                                                                 
                                                       "Actual Startup Time": 0.046,                                                                                     
                                                       "Actual Total Time": 0.054,                                                                                       
                                                       "Actual Rows": 2,                                                                                                 
                                                       "Actual Loops": 3,                                                                                                
                                                       "Filter": "((link)::text ~~ '%follow%'::text)",                                                                   
                                                       "Rows Removed by Filter": 16                                                                                      
                                                     }                                                                                                                   
                                                   ]                                                                                                                     
                                                 }                                                                                                                       
                                               ]                                                                                                                         
                                             }                                                                                                                           
                                           ]                                                                                                                             
                                         }                                                                                                                               
                                       ]                                                                                                                                 
                                     },                                                                                                                                  
                                     {                                                                                                                                   
                                       "Node Type": "Index Scan",                                                                                                        
                                       "Parent Relationship": "Inner",                                                                                                   
                                       "Parallel Aware": false,                                                                                                          
                                       "Scan Direction": "Forward",                                                                                                      
                                       "Index Name": "company_name_pkey",                                                                                                
                                       "Relation Name": "company_name",                                                                                                  
                                       "Alias": "cn",                                                                                                                    
                                       "Startup Cost": 0.42,                                                                                                             
                                       "Total Cost": 0.46,                                                                                                               
                                       "Plan Rows": 1,                                                                                                                   
                                       "Plan Width": 36,                                                                                                                 
                                       "Actual Startup Time": 0.004,                                                                                                     
                                       "Actual Total Time": 0.004,                                                                                                       
                                       "Actual Rows": 0,                                                                                                                 
                                       "Actual Loops": 2911,                                                                                                             
                                       "Index Cond": "(id = mc.company_id)",                                                                                             
                                       "Rows Removed by Index Recheck": 0,                                                                                               
                                       "Filter": "(((country_code)::text <> '[pl]'::text) AND (((name)::text ~~ '%Film%'::text) OR ((name)::text ~~ '%Warner%'::text)))",
                                       "Rows Removed by Filter": 1                                                                                                       
                                     }                                                                                                                                   
                                   ]                                                                                                                                     
                                 },                                                                                                                                      
                                 {                                                                                                                                       
                                   "Node Type": "Index Scan",                                                                                                            
                                   "Parent Relationship": "Inner",                                                                                                       
                                   "Parallel Aware": false,                                                                                                              
                                   "Scan Direction": "Forward",                                                                                                          
                                   "Index Name": "title_pkey",                                                                                                           
                                   "Relation Name": "title",                                                                                                             
                                   "Alias": "t",                                                                                                                         
                                   "Startup Cost": 0.43,                                                                                                                 
                                   "Total Cost": 0.59,                                                                                                                   
                                   "Plan Rows": 1,                                                                                                                       
                                   "Plan Width": 21,                                                                                                                     
                                   "Actual Startup Time": 0.004,                                                                                                         
                                   "Actual Total Time": 0.004,                                                                                                           
                                   "Actual Rows": 0,                                                                                                                     
                                   "Actual Loops": 1072,                                                                                                                 
                                   "Index Cond": "(id = mc.movie_id)",                                                                                                   
                                   "Rows Removed by Index Recheck": 0,                                                                                                   
                                   "Filter": "((production_year >= 2000) AND (production_year <= 2010))",                                                                
                                   "Rows Removed by Filter": 1                                                                                                           
                                 }                                                                                                                                       
                               ]                                                                                                                                         
                             }                                                                                                                                           
                           ]                                                                                                                                             
                         }                                                                                                                                               
                       ]                                                                                                                                                 
                     },                                                                                                                                                  
                     {                                                                                                                                                   
                       "Node Type": "Index Scan",                                                                                                                        
                       "Parent Relationship": "Inner",                                                                                                                   
                       "Parallel Aware": false,                                                                                                                          
                       "Scan Direction": "Forward",                                                                                                                      
                       "Index Name": "keyword_pkey",                                                                                                                     
                       "Relation Name": "keyword",                                                                                                                       
                       "Alias": "k",                                                                                                                                     
                       "Startup Cost": 0.42,                                                                                                                             
                       "Total Cost": 0.44,                                                                                                                               
                       "Plan Rows": 1,                                                                                                                                   
                       "Plan Width": 4,                                                                                                                                  
                       "Actual Startup Time": 0.004,                                                                                                                     
                       "Actual Total Time": 0.004,                                                                                                                       
                       "Actual Rows": 0,                                                                                                                                 
                       "Actual Loops": 1215,                                                                                                                             
                       "Index Cond": "(id = mk.keyword_id)",                                                                                                             
                       "Rows Removed by Index Recheck": 0,                                                                                                               
                       "Filter": "((keyword)::text = 'sequel'::text)",                                                                                                   
                       "Rows Removed by Filter": 1                                                                                                                       
                     }                                                                                                                                                   
                   ]                                                                                                                                                     
                 }                                                                                                                                                       
               ]                                                                                                                                                         
             }                                                                                                                                                           
           ]                                                                                                                                                             
         }                                                                                                                                                               
       ]                                                                                                                                                                 
     },                                                                                                                                                                  
     "Planning Time": 18.262,                                                                                                                                            
     "Triggers": [                                                                                                                                                       
     ],                                                                                                                                                                  
     "Execution Time": 3112.802                                                                                                                                          
   }                                                                                                                                                                     
 ]
