[                                                                                                                                         
   {                                                                                                                                       
     "Plan": {                                                                                                                             
       "Node Type": "Aggregate",                                                                                                           
       "Strategy": "Plain",                                                                                                                
       "Partial Mode": "Finalize",                                                                                                         
       "Parallel Aware": false,                                                                                                            
       "Startup Cost": 368428.98,                                                                                                          
       "Total Cost": 368428.99,                                                                                                            
       "Plan Rows": 1,                                                                                                                     
       "Plan Width": 96,                                                                                                                   
       "Actual Startup Time": 4503.997,                                                                                                    
       "Actual Total Time": 4526.207,                                                                                                      
       "Actual Rows": 1,                                                                                                                   
       "Actual Loops": 1,                                                                                                                  
       "Plans": [                                                                                                                          
         {                                                                                                                                 
           "Node Type": "Gather",                                                                                                          
           "Parent Relationship": "Outer",                                                                                                 
           "Parallel Aware": false,                                                                                                        
           "Startup Cost": 368428.75,                                                                                                      
           "Total Cost": 368428.96,                                                                                                        
           "Plan Rows": 2,                                                                                                                 
           "Plan Width": 96,                                                                                                               
           "Actual Startup Time": 4495.123,                                                                                                
           "Actual Total Time": 4526.149,                                                                                                  
           "Actual Rows": 3,                                                                                                               
           "Actual Loops": 1,                                                                                                              
           "Workers Planned": 2,                                                                                                           
           "Workers Launched": 2,                                                                                                          
           "Single Copy": false,                                                                                                           
           "Plans": [                                                                                                                      
             {                                                                                                                             
               "Node Type": "Aggregate",                                                                                                   
               "Strategy": "Plain",                                                                                                        
               "Partial Mode": "Partial",                                                                                                  
               "Parent Relationship": "Outer",                                                                                             
               "Parallel Aware": false,                                                                                                    
               "Startup Cost": 367428.75,                                                                                                  
               "Total Cost": 367428.76,                                                                                                    
               "Plan Rows": 1,                                                                                                             
               "Plan Width": 96,                                                                                                           
               "Actual Startup Time": 4489.926,                                                                                            
               "Actual Total Time": 4489.970,                                                                                              
               "Actual Rows": 1,                                                                                                           
               "Actual Loops": 3,                                                                                                          
               "Plans": [                                                                                                                  
                 {                                                                                                                         
                   "Node Type": "Nested Loop",                                                                                             
                   "Parent Relationship": "Outer",                                                                                         
                   "Parallel Aware": false,                                                                                                
                   "Join Type": "Inner",                                                                                                   
                   "Startup Cost": 317056.36,                                                                                              
                   "Total Cost": 367428.74,                                                                                                
                   "Plan Rows": 1,                                                                                                         
                   "Plan Width": 54,                                                                                                       
                   "Actual Startup Time": 3428.818,                                                                                        
                   "Actual Total Time": 4488.395,                                                                                          
                   "Actual Rows": 950,                                                                                                     
                   "Actual Loops": 3,                                                                                                      
                   "Inner Unique": true,                                                                                                   
                   "Plans": [                                                                                                              
                     {                                                                                                                     
                       "Node Type": "Hash Join",                                                                                           
                       "Parent Relationship": "Outer",                                                                                     
                       "Parallel Aware": true,                                                                                             
                       "Join Type": "Inner",                                                                                               
                       "Startup Cost": 317055.94,                                                                                          
                       "Total Cost": 367428.30,                                                                                            
                       "Plan Rows": 1,                                                                                                     
                       "Plan Width": 58,                                                                                                   
                       "Actual Startup Time": 3418.050,                                                                                    
                       "Actual Total Time": 4051.409,                                                                                      
                       "Actual Rows": 106470,                                                                                              
                       "Actual Loops": 3,                                                                                                  
                       "Inner Unique": false,                                                                                              
                       "Hash Cond": "(mk.movie_id = t.id)",                                                                                
                       "Plans": [                                                                                                          
                         {                                                                                                                 
                           "Node Type": "Seq Scan",                                                                                        
                           "Parent Relationship": "Outer",                                                                                 
                           "Parallel Aware": true,                                                                                         
                           "Relation Name": "movie_keyword",                                                                               
                           "Alias": "mk",                                                                                                  
                           "Startup Cost": 0.00,                                                                                           
                           "Total Cost": 43303.71,                                                                                         
                           "Plan Rows": 1884971,                                                                                           
                           "Plan Width": 8,                                                                                                
                           "Actual Startup Time": 0.061,                                                                                   
                           "Actual Total Time": 283.158,                                                                                   
                           "Actual Rows": 1507977,                                                                                         
                           "Actual Loops": 3                                                                                               
                         },                                                                                                                
                         {                                                                                                                 
                           "Node Type": "Hash",                                                                                            
                           "Parent Relationship": "Inner",                                                                                 
                           "Parallel Aware": true,                                                                                         
                           "Startup Cost": 317055.93,                                                                                      
                           "Total Cost": 317055.93,                                                                                        
                           "Plan Rows": 1,                                                                                                 
                           "Plan Width": 70,                                                                                               
                           "Actual Startup Time": 3416.330,                                                                                
                           "Actual Total Time": 3416.367,                                                                                  
                           "Actual Rows": 1224,                                                                                            
                           "Actual Loops": 3,                                                                                              
                           "Hash Buckets": 4096,                                                                                           
                           "Original Hash Buckets": 1024,                                                                                  
                           "Hash Batches": 1,                                                                                              
                           "Original Hash Batches": 1,                                                                                     
                           "Peak Memory Usage": 408,                                                                                       
                           "Plans": [                                                                                                      
                             {                                                                                                             
                               "Node Type": "Nested Loop",                                                                                 
                               "Parent Relationship": "Outer",                                                                             
                               "Parallel Aware": false,                                                                                    
                               "Join Type": "Inner",                                                                                       
                               "Startup Cost": 271635.96,                                                                                  
                               "Total Cost": 317055.93,                                                                                    
                               "Plan Rows": 1,                                                                                             
                               "Plan Width": 70,                                                                                           
                               "Actual Startup Time": 2677.075,                                                                            
                               "Actual Total Time": 3309.636,                                                                              
                               "Actual Rows": 1224,                                                                                        
                               "Actual Loops": 3,                                                                                          
                               "Inner Unique": true,                                                                                       
                               "Plans": [                                                                                                  
                                 {                                                                                                         
                                   "Node Type": "Nested Loop",                                                                             
                                   "Parent Relationship": "Outer",                                                                         
                                   "Parallel Aware": false,                                                                                
                                   "Join Type": "Inner",                                                                                   
                                   "Startup Cost": 271635.81,                                                                              
                                   "Total Cost": 317055.76,                                                                                
                                   "Plan Rows": 1,                                                                                         
                                   "Plan Width": 74,                                                                                       
                                   "Actual Startup Time": 2676.969,                                                                        
                                   "Actual Total Time": 3305.700,                                                                          
                                   "Actual Rows": 1224,                                                                                    
                                   "Actual Loops": 3,                                                                                      
                                   "Inner Unique": true,                                                                                   
                                   "Plans": [                                                                                              
                                     {                                                                                                     
                                       "Node Type": "Nested Loop",                                                                         
                                       "Parent Relationship": "Outer",                                                                     
                                       "Parallel Aware": false,                                                                            
                                       "Join Type": "Inner",                                                                               
                                       "Startup Cost": 271635.39,                                                                          
                                       "Total Cost": 317055.21,                                                                            
                                       "Plan Rows": 1,                                                                                     
                                       "Plan Width": 46,                                                                                   
                                       "Actual Startup Time": 2676.599,                                                                    
                                       "Actual Total Time": 3290.542,                                                                      
                                       "Actual Rows": 1478,                                                                                
                                       "Actual Loops": 3,                                                                                  
                                       "Inner Unique": true,                                                                               
                                       "Plans": [                                                                                          
                                         {                                                                                                 
                                           "Node Type": "Nested Loop",                                                                     
                                           "Parent Relationship": "Outer",                                                                 
                                           "Parallel Aware": false,                                                                        
                                           "Join Type": "Inner",                                                                           
                                           "Startup Cost": 271635.24,                                                                      
                                           "Total Cost": 317054.53,                                                                        
                                           "Plan Rows": 4,                                                                                 
                                           "Plan Width": 50,                                                                               
                                           "Actual Startup Time": 2666.609,                                                                
                                           "Actual Total Time": 3284.500,                                                                  
                                           "Actual Rows": 1907,                                                                            
                                           "Actual Loops": 3,                                                                              
                                           "Inner Unique": true,                                                                           
                                           "Join Filter": "(mi.movie_id = t.id)",                                                          
                                           "Rows Removed by Join Filter": 0,                                                               
                                           "Plans": [                                                                                      
                                             {                                                                                             
                                               "Node Type": "Hash Join",                                                                   
                                               "Parent Relationship": "Outer",                                                             
                                               "Parallel Aware": true,                                                                     
                                               "Join Type": "Inner",                                                                       
                                               "Startup Cost": 271634.81,                                                                  
                                               "Total Cost": 317045.29,                                                                    
                                               "Plan Rows": 15,                                                                            
                                               "Plan Width": 25,                                                                           
                                               "Actual Startup Time": 2663.833,                                                            
                                               "Actual Total Time": 3057.821,                                                              
                                               "Actual Rows": 26221,                                                                       
                                               "Actual Loops": 3,                                                                          
                                               "Inner Unique": false,                                                                      
                                               "Hash Cond": "(mc.movie_id = mi.movie_id)",                                                 
                                               "Plans": [                                                                                  
                                                 {                                                                                         
                                                   "Node Type": "Seq Scan",                                                                
                                                   "Parent Relationship": "Outer",                                                         
                                                   "Parallel Aware": true,                                                                 
                                                   "Relation Name": "movie_companies",                                                     
                                                   "Alias": "mc",                                                                          
                                                   "Startup Cost": 0.00,                                                                   
                                                   "Total Cost": 45188.06,                                                                 
                                                   "Plan Rows": 59298,                                                                     
                                                   "Plan Width": 12,                                                                       
                                                   "Actual Startup Time": 0.107,                                                           
                                                   "Actual Total Time": 349.990,                                                           
                                                   "Actual Rows": 101090,                                                                  
                                                   "Actual Loops": 3,                                                                      
                                                   "Filter": "(((note)::text !~~ '%(USA)%'::text) AND ((note)::text ~~ '%(200%)%'::text))",
                                                   "Rows Removed by Filter": 768619                                                        
                                                 },                                                                                        
                                                 {                                                                                         
                                                   "Node Type": "Hash",                                                                    
                                                   "Parent Relationship": "Inner",                                                         
                                                   "Parallel Aware": true,                                                                 
                                                   "Startup Cost": 271634.13,                                                              
                                                   "Total Cost": 271634.13,                                                                
                                                   "Plan Rows": 54,                                                                        
                                                   "Plan Width": 13,                                                                       
                                                   "Actual Startup Time": 2663.605,                                                        
                                                   "Actual Total Time": 2663.636,                                                          
                                                   "Actual Rows": 49082,                                                                   
                                                   "Actual Loops": 3,                                                                      
                                                   "Hash Buckets": 262144,                                                                 
                                                   "Original Hash Buckets": 1024,                                                          
                                                   "Hash Batches": 1,                                                                      
                                                   "Original Hash Batches": 1,                                                             
                                                   "Peak Memory Usage": 11032,                                                             
                                                   "Plans": [                                                                              
                                                     {                                                                                     
                                                       "Node Type": "Hash Join",                                                           
                                                       "Parent Relationship": "Outer",                                                     
                                                       "Parallel Aware": true,                                                             
                                                       "Join Type": "Inner",                                                               
                                                       "Startup Cost": 16516.80,                                                           
                                                       "Total Cost": 271634.13,                                                            
                                                       "Plan Rows": 54,                                                                    
                                                       "Plan Width": 13,                                                                   
                                                       "Actual Startup Time": 2519.510,                                                    
                                                       "Actual Total Time": 2619.563,                                                      
                                                       "Actual Rows": 49082,                                                               
                                                       "Actual Loops": 3,                                                                  
                                                       "Inner Unique": false,                                                              
                                                       "Hash Cond": "(mi.movie_id = mi_idx.movie_id)",                                     
                                                       "Plans": [                                                                          
                                                         {                                                                                 
                                                           "Node Type": "Hash Join",                                                       
                                                           "Parent Relationship": "Outer",                                                 
                                                           "Parallel Aware": false,                                                        
                                                           "Join Type": "Inner",                                                           
                                                           "Startup Cost": 2.43,                                                           
                                                           "Total Cost": 255110.36,                                                        
                                                           "Plan Rows": 2445,                                                              
                                                           "Plan Width": 4,                                                                
                                                           "Actual Startup Time": 1563.321,                                                
                                                           "Actual Total Time": 2034.139,                                                  
                                                           "Actual Rows": 196255,                                                          
                                                           "Actual Loops": 3,                                                              
                                                           "Inner Unique": true,                                                           
                                                           "Hash Cond": "(mi.info_type_id = it1.id)",                                      
                                                           "Plans": [                                                                      
                                                             {                                                                             
                                                               "Node Type": "Seq Scan",                                                    
                                                               "Parent Relationship": "Outer",                                             
                                                               "Parallel Aware": true,                                                     
                                                               "Relation Name": "movie_info",                                              
                                                               "Alias": "mi",                                                              
                                                               "Startup Cost": 0.00,                                                       
                                                               "Total Cost": 254355.67,                                                    
                                                               "Plan Rows": 276219,                                                        
                                                               "Plan Width": 8,                                                            
                                                               "Actual Startup Time": 0.899,                                               
                                                               "Actual Total Time": 1962.470,                                              
                                                               "Actual Rows": 223112,                                                      
                                                               "Actual Loops": 3,                                                          
                                                               "Filter": "((info)::text = ANY ('{Germany,German,USA,American}'::text[]))", 
                                                               "Rows Removed by Filter": 4722128                                           
                                                             },                                                                            
                                                             {                                                                             
                                                               "Node Type": "Hash",                                                        
                                                               "Parent Relationship": "Inner",                                             
                                                               "Parallel Aware": false,                                                    
                                                               "Startup Cost": 2.41,                                                       
                                                               "Total Cost": 2.41,                                                         
                                                               "Plan Rows": 1,                                                             
                                                               "Plan Width": 4,                                                            
                                                               "Actual Startup Time": 0.049,                                               
                                                               "Actual Total Time": 0.050,                                                 
                                                               "Actual Rows": 1,                                                           
                                                               "Actual Loops": 3,                                                          
                                                               "Hash Buckets": 1024,                                                       
                                                               "Original Hash Buckets": 1024,                                              
                                                               "Hash Batches": 1,                                                          
                                                               "Original Hash Batches": 1,                                                 
                                                               "Peak Memory Usage": 9,                                                     
                                                               "Plans": [                                                                  
                                                                 {                                                                         
                                                                   "Node Type": "Seq Scan",                                                
                                                                   "Parent Relationship": "Outer",                                         
                                                                   "Parallel Aware": false,                                                
                                                                   "Relation Name": "info_type",                                           
                                                                   "Alias": "it1",                                                         
                                                                   "Startup Cost": 0.00,                                                   
                                                                   "Total Cost": 2.41,                                                     
                                                                   "Plan Rows": 1,                                                         
                                                                   "Plan Width": 4,                                                        
                                                                   "Actual Startup Time": 0.014,                                           
                                                                   "Actual Total Time": 0.036,                                             
                                                                   "Actual Rows": 1,                                                       
                                                                   "Actual Loops": 3,                                                      
                                                                   "Filter": "((info)::text = 'countries'::text)",                         
                                                                   "Rows Removed by Filter": 112                                           
                                                                 }                                                                         
                                                               ]                                                                           
                                                             }                                                                             
                                                           ]                                                                               
                                                         },                                                                                
                                                         {                                                                                 
                                                           "Node Type": "Hash",                                                            
                                                           "Parent Relationship": "Inner",                                                 
                                                           "Parallel Aware": true,                                                         
                                                           "Startup Cost": 16460.15,                                                       
                                                           "Total Cost": 16460.15,                                                         
                                                           "Plan Rows": 4338,                                                              
                                                           "Plan Width": 9,                                                                
                                                           "Actual Startup Time": 419.737,                                                 
                                                           "Actual Total Time": 419.749,                                                   
                                                           "Actual Rows": 108039,                                                          
                                                           "Actual Loops": 3,                                                              
                                                           "Hash Buckets": 131072,                                                         
                                                           "Original Hash Buckets": 16384,                                                 
                                                           "Hash Batches": 8,                                                              
                                                           "Original Hash Batches": 1,                                                     
                                                           "Peak Memory Usage": 2688,                                                      
                                                           "Plans": [                                                                      
                                                             {                                                                             
                                                               "Node Type": "Hash Join",                                                   
                                                               "Parent Relationship": "Outer",                                             
                                                               "Parallel Aware": false,                                                    
                                                               "Join Type": "Inner",                                                       
                                                               "Startup Cost": 2.43,                                                       
                                                               "Total Cost": 16460.15,                                                     
                                                               "Plan Rows": 4338,                                                          
                                                               "Plan Width": 9,                                                            
                                                               "Actual Startup Time": 0.182,                                               
                                                               "Actual Total Time": 323.740,                                               
                                                               "Actual Rows": 108039,                                                      
                                                               "Actual Loops": 3,                                                          
                                                               "Inner Unique": true,                                                       
                                                               "Hash Cond": "(mi_idx.info_type_id = it2.id)",                              
                                                               "Plans": [                                                                  
                                                                 {                                                                         
                                                                   "Node Type": "Seq Scan",                                                
                                                                   "Parent Relationship": "Outer",                                         
                                                                   "Parallel Aware": true,                                                 
                                                                   "Relation Name": "movie_info_idx",                                      
                                                                   "Alias": "mi_idx",                                                      
                                                                   "Startup Cost": 0.00,                                                   
                                                                   "Total Cost": 15122.68,                                                 
                                                                   "Plan Rows": 490204,                                                    
                                                                   "Plan Width": 13,                                                       
                                                                   "Actual Startup Time": 0.084,                                           
                                                                   "Actual Total Time": 246.064,                                           
                                                                   "Actual Rows": 390944,                                                  
                                                                   "Actual Loops": 3,                                                      
                                                                   "Filter": "((info)::text < '7.0'::text)",                               
                                                                   "Rows Removed by Filter": 69068                                         
                                                                 },                                                                        
                                                                 {                                                                         
                                                                   "Node Type": "Hash",                                                    
                                                                   "Parent Relationship": "Inner",                                         
                                                                   "Parallel Aware": false,                                                
                                                                   "Startup Cost": 2.41,                                                   
                                                                   "Total Cost": 2.41,                                                     
                                                                   "Plan Rows": 1,                                                         
                                                                   "Plan Width": 4,                                                        
                                                                   "Actual Startup Time": 0.063,                                           
                                                                   "Actual Total Time": 0.064,                                             
                                                                   "Actual Rows": 1,                                                       
                                                                   "Actual Loops": 3,                                                      
                                                                   "Hash Buckets": 1024,                                                   
                                                                   "Original Hash Buckets": 1024,                                          
                                                                   "Hash Batches": 1,                                                      
                                                                   "Original Hash Batches": 1,                                             
                                                                   "Peak Memory Usage": 9,                                                 
                                                                   "Plans": [                                                              
                                                                     {                                                                     
                                                                       "Node Type": "Seq Scan",                                            
                                                                       "Parent Relationship": "Outer",                                     
                                                                       "Parallel Aware": false,                                            
                                                                       "Relation Name": "info_type",                                       
                                                                       "Alias": "it2",                                                     
                                                                       "Startup Cost": 0.00,                                               
                                                                       "Total Cost": 2.41,                                                 
                                                                       "Plan Rows": 1,                                                     
                                                                       "Plan Width": 4,                                                    
                                                                       "Actual Startup Time": 0.052,                                       
                                                                       "Actual Total Time": 0.056,                                         
                                                                       "Actual Rows": 1,                                                   
                                                                       "Actual Loops": 3,                                                  
                                                                       "Filter": "((info)::text = 'rating'::text)",                        
                                                                       "Rows Removed by Filter": 112                                       
                                                                     }                                                                     
                                                                   ]                                                                       
                                                                 }                                                                         
                                                               ]                                                                           
                                                             }                                                                             
                                                           ]                                                                               
                                                         }                                                                                 
                                                       ]                                                                                   
                                                     }                                                                                     
                                                   ]                                                                                       
                                                 }                                                                                         
                                               ]                                                                                           
                                             },                                                                                            
                                             {                                                                                             
                                               "Node Type": "Index Scan",                                                                  
                                               "Parent Relationship": "Inner",                                                             
                                               "Parallel Aware": false,                                                                    
                                               "Scan Direction": "Forward",                                                                
                                               "Index Name": "title_pkey",                                                                 
                                               "Relation Name": "title",                                                                   
                                               "Alias": "t",                                                                               
                                               "Startup Cost": 0.43,                                                                       
                                               "Total Cost": 0.60,                                                                         
                                               "Plan Rows": 1,                                                                             
                                               "Plan Width": 25,                                                                           
                                               "Actual Startup Time": 0.008,                                                               
                                               "Actual Total Time": 0.008,                                                                 
                                               "Actual Rows": 0,                                                                           
                                               "Actual Loops": 78662,                                                                      
                                               "Index Cond": "(id = mi_idx.movie_id)",                                                     
                                               "Rows Removed by Index Recheck": 0,                                                         
                                               "Filter": "(production_year > 2008)",                                                       
                                               "Rows Removed by Filter": 1                                                                 
                                             }                                                                                             
                                           ]                                                                                               
                                         },                                                                                                
                                         {                                                                                                 
                                           "Node Type": "Index Scan",                                                                      
                                           "Parent Relationship": "Inner",                                                                 
                                           "Parallel Aware": false,                                                                        
                                           "Scan Direction": "Forward",                                                                    
                                           "Index Name": "kind_type_pkey",                                                                 
                                           "Relation Name": "kind_type",                                                                   
                                           "Alias": "kt",                                                                                  
                                           "Startup Cost": 0.15,                                                                           
                                           "Total Cost": 0.17,                                                                             
                                           "Plan Rows": 1,                                                                                 
                                           "Plan Width": 4,                                                                                
                                           "Actual Startup Time": 0.002,                                                                   
                                           "Actual Total Time": 0.002,                                                                     
                                           "Actual Rows": 1,                                                                               
                                           "Actual Loops": 5720,                                                                           
                                           "Index Cond": "(id = t.kind_id)",                                                               
                                           "Rows Removed by Index Recheck": 0,                                                             
                                           "Filter": "((kind)::text = ANY ('{movie,episode}'::text[]))",                                   
                                           "Rows Removed by Filter": 0                                                                     
                                         }                                                                                                 
                                       ]                                                                                                   
                                     },                                                                                                    
                                     {                                                                                                     
                                       "Node Type": "Index Scan",                                                                          
                                       "Parent Relationship": "Inner",                                                                     
                                       "Parallel Aware": false,                                                                            
                                       "Scan Direction": "Forward",                                                                        
                                       "Index Name": "company_name_pkey",                                                                  
                                       "Relation Name": "company_name",                                                                    
                                       "Alias": "cn",                                                                                      
                                       "Startup Cost": 0.42,                                                                               
                                       "Total Cost": 0.55,                                                                                 
                                       "Plan Rows": 1,                                                                                     
                                       "Plan Width": 36,                                                                                   
                                       "Actual Startup Time": 0.009,                                                                       
                                       "Actual Total Time": 0.009,                                                                         
                                       "Actual Rows": 1,                                                                                   
                                       "Actual Loops": 4434,                                                                               
                                       "Index Cond": "(id = mc.company_id)",                                                               
                                       "Rows Removed by Index Recheck": 0,                                                                 
                                       "Filter": "((country_code)::text <> '[us]'::text)",                                                 
                                       "Rows Removed by Filter": 0                                                                         
                                     }                                                                                                     
                                   ]                                                                                                       
                                 },                                                                                                        
                                 {                                                                                                         
                                   "Node Type": "Index Only Scan",                                                                         
                                   "Parent Relationship": "Inner",                                                                         
                                   "Parallel Aware": false,                                                                                
                                   "Scan Direction": "Forward",                                                                            
                                   "Index Name": "company_type_pkey",                                                                      
                                   "Relation Name": "company_type",                                                                        
                                   "Alias": "ct",                                                                                          
                                   "Startup Cost": 0.15,                                                                                   
                                   "Total Cost": 0.17,                                                                                     
                                   "Plan Rows": 1,                                                                                         
                                   "Plan Width": 4,                                                                                        
                                   "Actual Startup Time": 0.002,                                                                           
                                   "Actual Total Time": 0.002,                                                                             
                                   "Actual Rows": 1,                                                                                       
                                   "Actual Loops": 3672,                                                                                   
                                   "Index Cond": "(id = mc.company_type_id)",                                                              
                                   "Rows Removed by Index Recheck": 0,                                                                     
                                   "Heap Fetches": 3672                                                                                    
                                 }                                                                                                         
                               ]                                                                                                           
                             }                                                                                                             
                           ]                                                                                                               
                         }                                                                                                                 
                       ]                                                                                                                   
                     },                                                                                                                    
                     {                                                                                                                     
                       "Node Type": "Index Scan",                                                                                          
                       "Parent Relationship": "Inner",                                                                                     
                       "Parallel Aware": false,                                                                                            
                       "Scan Direction": "Forward",                                                                                        
                       "Index Name": "keyword_pkey",                                                                                       
                       "Relation Name": "keyword",                                                                                         
                       "Alias": "k",                                                                                                       
                       "Startup Cost": 0.42,                                                                                               
                       "Total Cost": 0.44,                                                                                                 
                       "Plan Rows": 1,                                                                                                     
                       "Plan Width": 4,                                                                                                    
                       "Actual Startup Time": 0.004,                                                                                       
                       "Actual Total Time": 0.004,                                                                                         
                       "Actual Rows": 0,                                                                                                   
                       "Actual Loops": 319409,                                                                                             
                       "Index Cond": "(id = mk.keyword_id)",                                                                               
                       "Rows Removed by Index Recheck": 0,                                                                                 
                       "Filter": "((keyword)::text = ANY ('{murder,murder-in-title,blood,violence}'::text[]))",                            
                       "Rows Removed by Filter": 1                                                                                         
                     }                                                                                                                     
                   ]                                                                                                                       
                 }                                                                                                                         
               ]                                                                                                                           
             }                                                                                                                             
           ]                                                                                                                               
         }                                                                                                                                 
       ]                                                                                                                                   
     },                                                                                                                                    
     "Planning Time": 49.821,                                                                                                              
     "Triggers": [                                                                                                                         
     ],                                                                                                                                    
     "Execution Time": 4526.793                                                                                                            
   }                                                                                                                                       
 ]
