[                                                                                                                                                                                                                          
   {                                                                                                                                                                                                                        
     "Plan": {                                                                                                                                                                                                              
       "Node Type": "Aggregate",                                                                                                                                                                                            
       "Strategy": "Plain",                                                                                                                                                                                                 
       "Partial Mode": "Finalize",                                                                                                                                                                                          
       "Parallel Aware": false,                                                                                                                                                                                             
       "Startup Cost": 367450.11,                                                                                                                                                                                           
       "Total Cost": 367450.12,                                                                                                                                                                                             
       "Plan Rows": 1,                                                                                                                                                                                                      
       "Plan Width": 64,                                                                                                                                                                                                    
       "Actual Startup Time": 126507.597,                                                                                                                                                                                   
       "Actual Total Time": 126511.730,                                                                                                                                                                                     
       "Actual Rows": 1,                                                                                                                                                                                                    
       "Actual Loops": 1,                                                                                                                                                                                                   
       "Plans": [                                                                                                                                                                                                           
         {                                                                                                                                                                                                                  
           "Node Type": "Gather",                                                                                                                                                                                           
           "Parent Relationship": "Outer",                                                                                                                                                                                  
           "Parallel Aware": false,                                                                                                                                                                                         
           "Startup Cost": 367449.89,                                                                                                                                                                                       
           "Total Cost": 367450.10,                                                                                                                                                                                         
           "Plan Rows": 2,                                                                                                                                                                                                  
           "Plan Width": 64,                                                                                                                                                                                                
           "Actual Startup Time": 126356.431,                                                                                                                                                                               
           "Actual Total Time": 126511.616,                                                                                                                                                                                 
           "Actual Rows": 3,                                                                                                                                                                                                
           "Actual Loops": 1,                                                                                                                                                                                               
           "Workers Planned": 2,                                                                                                                                                                                            
           "Workers Launched": 2,                                                                                                                                                                                           
           "Single Copy": false,                                                                                                                                                                                            
           "Plans": [                                                                                                                                                                                                       
             {                                                                                                                                                                                                              
               "Node Type": "Aggregate",                                                                                                                                                                                    
               "Strategy": "Plain",                                                                                                                                                                                         
               "Partial Mode": "Partial",                                                                                                                                                                                   
               "Parent Relationship": "Outer",                                                                                                                                                                              
               "Parallel Aware": false,                                                                                                                                                                                     
               "Startup Cost": 366449.89,                                                                                                                                                                                   
               "Total Cost": 366449.90,                                                                                                                                                                                     
               "Plan Rows": 1,                                                                                                                                                                                              
               "Plan Width": 64,                                                                                                                                                                                            
               "Actual Startup Time": 126399.988,                                                                                                                                                                           
               "Actual Total Time": 126400.059,                                                                                                                                                                             
               "Actual Rows": 1,                                                                                                                                                                                            
               "Actual Loops": 3,                                                                                                                                                                                           
               "Plans": [                                                                                                                                                                                                   
                 {                                                                                                                                                                                                          
                   "Node Type": "Nested Loop",                                                                                                                                                                              
                   "Parent Relationship": "Outer",                                                                                                                                                                          
                   "Parallel Aware": false,                                                                                                                                                                                 
                   "Join Type": "Inner",                                                                                                                                                                                    
                   "Startup Cost": 313618.40,                                                                                                                                                                               
                   "Total Cost": 366449.89,                                                                                                                                                                                 
                   "Plan Rows": 1,                                                                                                                                                                                          
                   "Plan Width": 65,                                                                                                                                                                                        
                   "Actual Startup Time": 65865.256,                                                                                                                                                                        
                   "Actual Total Time": 126398.311,                                                                                                                                                                         
                   "Actual Rows": 209,                                                                                                                                                                                      
                   "Actual Loops": 3,                                                                                                                                                                                       
                   "Inner Unique": true,                                                                                                                                                                                    
                   "Plans": [                                                                                                                                                                                               
                     {                                                                                                                                                                                                      
                       "Node Type": "Nested Loop",                                                                                                                                                                          
                       "Parent Relationship": "Outer",                                                                                                                                                                      
                       "Parallel Aware": false,                                                                                                                                                                             
                       "Join Type": "Inner",                                                                                                                                                                                
                       "Startup Cost": 313617.98,                                                                                                                                                                           
                       "Total Cost": 366449.45,                                                                                                                                                                             
                       "Plan Rows": 1,                                                                                                                                                                                      
                       "Plan Width": 69,                                                                                                                                                                                    
                       "Actual Startup Time": 65865.188,                                                                                                                                                                    
                       "Actual Total Time": 126394.549,                                                                                                                                                                     
                       "Actual Rows": 209,                                                                                                                                                                                  
                       "Actual Loops": 3,                                                                                                                                                                                   
                       "Inner Unique": true,                                                                                                                                                                                
                       "Plans": [                                                                                                                                                                                           
                         {                                                                                                                                                                                                  
                           "Node Type": "Nested Loop",                                                                                                                                                                      
                           "Parent Relationship": "Outer",                                                                                                                                                                  
                           "Parallel Aware": false,                                                                                                                                                                         
                           "Join Type": "Inner",                                                                                                                                                                            
                           "Startup Cost": 313617.83,                                                                                                                                                                       
                           "Total Cost": 366449.28,                                                                                                                                                                         
                           "Plan Rows": 1,                                                                                                                                                                                  
                           "Plan Width": 73,                                                                                                                                                                                
                           "Actual Startup Time": 65865.080,                                                                                                                                                                
                           "Actual Total Time": 126390.185,                                                                                                                                                                 
                           "Actual Rows": 209,                                                                                                                                                                              
                           "Actual Loops": 3,                                                                                                                                                                               
                           "Inner Unique": false,                                                                                                                                                                           
                           "Join Filter": "(cc.movie_id = t.id)",                                                                                                                                                           
                           "Rows Removed by Join Filter": 50495364,                                                                                                                                                         
                           "Plans": [                                                                                                                                                                                       
                             {                                                                                                                                                                                              
                               "Node Type": "Hash Join",                                                                                                                                                                    
                               "Parent Relationship": "Outer",                                                                                                                                                              
                               "Parallel Aware": true,                                                                                                                                                                      
                               "Join Type": "Inner",                                                                                                                                                                        
                               "Startup Cost": 313598.91,                                                                                                                                                                   
                               "Total Cost": 363971.27,                                                                                                                                                                     
                               "Plan Rows": 1,                                                                                                                                                                              
                               "Plan Width": 89,                                                                                                                                                                            
                               "Actual Startup Time": 1825.483,                                                                                                                                                             
                               "Actual Total Time": 2419.976,                                                                                                                                                               
                               "Actual Rows": 2053,                                                                                                                                                                         
                               "Actual Loops": 3,                                                                                                                                                                           
                               "Inner Unique": false,                                                                                                                                                                       
                               "Hash Cond": "(mk.movie_id = t.id)",                                                                                                                                                         
                               "Plans": [                                                                                                                                                                                   
                                 {                                                                                                                                                                                          
                                   "Node Type": "Seq Scan",                                                                                                                                                                 
                                   "Parent Relationship": "Outer",                                                                                                                                                          
                                   "Parallel Aware": true,                                                                                                                                                                  
                                   "Relation Name": "movie_keyword",                                                                                                                                                        
                                   "Alias": "mk",                                                                                                                                                                           
                                   "Startup Cost": 0.00,                                                                                                                                                                    
                                   "Total Cost": 43303.71,                                                                                                                                                                  
                                   "Plan Rows": 1884971,                                                                                                                                                                    
                                   "Plan Width": 8,                                                                                                                                                                         
                                   "Actual Startup Time": 0.072,                                                                                                                                                            
                                   "Actual Total Time": 277.060,                                                                                                                                                            
                                   "Actual Rows": 1507977,                                                                                                                                                                  
                                   "Actual Loops": 3                                                                                                                                                                        
                                 },                                                                                                                                                                                         
                                 {                                                                                                                                                                                          
                                   "Node Type": "Hash",                                                                                                                                                                     
                                   "Parent Relationship": "Inner",                                                                                                                                                          
                                   "Parallel Aware": true,                                                                                                                                                                  
                                   "Startup Cost": 313598.90,                                                                                                                                                               
                                   "Total Cost": 313598.90,                                                                                                                                                                 
                                   "Plan Rows": 1,                                                                                                                                                                          
                                   "Plan Width": 81,                                                                                                                                                                        
                                   "Actual Startup Time": 1821.948,                                                                                                                                                         
                                   "Actual Total Time": 1821.999,                                                                                                                                                           
                                   "Actual Rows": 578,                                                                                                                                                                      
                                   "Actual Loops": 3,                                                                                                                                                                       
                                   "Hash Buckets": 2048,                                                                                                                                                                    
                                   "Original Hash Buckets": 1024,                                                                                                                                                           
                                   "Hash Batches": 1,                                                                                                                                                                       
                                   "Original Hash Batches": 1,                                                                                                                                                              
                                   "Peak Memory Usage": 216,                                                                                                                                                                
                                   "Plans": [                                                                                                                                                                               
                                     {                                                                                                                                                                                      
                                       "Node Type": "Nested Loop",                                                                                                                                                          
                                       "Parent Relationship": "Outer",                                                                                                                                                      
                                       "Parallel Aware": false,                                                                                                                                                             
                                       "Join Type": "Inner",                                                                                                                                                                
                                       "Startup Cost": 269769.73,                                                                                                                                                           
                                       "Total Cost": 313598.90,                                                                                                                                                             
                                       "Plan Rows": 1,                                                                                                                                                                      
                                       "Plan Width": 81,                                                                                                                                                                    
                                       "Actual Startup Time": 1446.268,                                                                                                                                                     
                                       "Actual Total Time": 1784.913,                                                                                                                                                       
                                       "Actual Rows": 578,                                                                                                                                                                  
                                       "Actual Loops": 3,                                                                                                                                                                   
                                       "Inner Unique": true,                                                                                                                                                                
                                       "Plans": [                                                                                                                                                                           
                                         {                                                                                                                                                                                  
                                           "Node Type": "Hash Join",                                                                                                                                                        
                                           "Parent Relationship": "Outer",                                                                                                                                                  
                                           "Parallel Aware": true,                                                                                                                                                          
                                           "Join Type": "Inner",                                                                                                                                                            
                                           "Startup Cost": 269769.31,                                                                                                                                                       
                                           "Total Cost": 313598.45,                                                                                                                                                         
                                           "Plan Rows": 1,                                                                                                                                                                  
                                           "Plan Width": 85,                                                                                                                                                                
                                           "Actual Startup Time": 1446.114,                                                                                                                                                 
                                           "Actual Total Time": 1774.571,                                                                                                                                                   
                                           "Actual Rows": 638,                                                                                                                                                              
                                           "Actual Loops": 3,                                                                                                                                                               
                                           "Inner Unique": false,                                                                                                                                                           
                                           "Hash Cond": "(mc.movie_id = t.id)",                                                                                                                                             
                                           "Plans": [                                                                                                                                                                       
                                             {                                                                                                                                                                              
                                               "Node Type": "Seq Scan",                                                                                                                                                     
                                               "Parent Relationship": "Outer",                                                                                                                                              
                                               "Parallel Aware": true,                                                                                                                                                      
                                               "Relation Name": "movie_companies",                                                                                                                                          
                                               "Alias": "mc",                                                                                                                                                               
                                               "Startup Cost": 0.00,                                                                                                                                                        
                                               "Total Cost": 39752.37,                                                                                                                                                      
                                               "Plan Rows": 1087137,                                                                                                                                                        
                                               "Plan Width": 12,                                                                                                                                                            
                                               "Actual Startup Time": 0.066,                                                                                                                                                
                                               "Actual Total Time": 180.519,                                                                                                                                                
                                               "Actual Rows": 869710,                                                                                                                                                       
                                               "Actual Loops": 3                                                                                                                                                            
                                             },                                                                                                                                                                             
                                             {                                                                                                                                                                              
                                               "Node Type": "Hash",                                                                                                                                                         
                                               "Parent Relationship": "Inner",                                                                                                                                              
                                               "Parallel Aware": true,                                                                                                                                                      
                                               "Startup Cost": 269769.29,                                                                                                                                                   
                                               "Total Cost": 269769.29,                                                                                                                                                     
                                               "Plan Rows": 1,                                                                                                                                                              
                                               "Plan Width": 73,                                                                                                                                                            
                                               "Actual Startup Time": 1393.220,                                                                                                                                             
                                               "Actual Total Time": 1393.253,                                                                                                                                               
                                               "Actual Rows": 419,                                                                                                                                                          
                                               "Actual Loops": 3,                                                                                                                                                           
                                               "Hash Buckets": 1024,                                                                                                                                                        
                                               "Original Hash Buckets": 1024,                                                                                                                                               
                                               "Hash Batches": 1,                                                                                                                                                           
                                               "Original Hash Batches": 1,                                                                                                                                                  
                                               "Peak Memory Usage": 136,                                                                                                                                                    
                                               "Plans": [                                                                                                                                                                   
                                                 {                                                                                                                                                                          
                                                   "Node Type": "Nested Loop",                                                                                                                                              
                                                   "Parent Relationship": "Outer",                                                                                                                                          
                                                   "Parallel Aware": false,                                                                                                                                                 
                                                   "Join Type": "Inner",                                                                                                                                                    
                                                   "Startup Cost": 3.01,                                                                                                                                                    
                                                   "Total Cost": 269769.29,                                                                                                                                                 
                                                   "Plan Rows": 1,                                                                                                                                                          
                                                   "Plan Width": 73,                                                                                                                                                        
                                                   "Actual Startup Time": 509.480,                                                                                                                                          
                                                   "Actual Total Time": 1392.562,                                                                                                                                           
                                                   "Actual Rows": 419,                                                                                                                                                      
                                                   "Actual Loops": 3,                                                                                                                                                       
                                                   "Inner Unique": true,                                                                                                                                                    
                                                   "Plans": [                                                                                                                                                               
                                                     {                                                                                                                                                                      
                                                       "Node Type": "Nested Loop",                                                                                                                                          
                                                       "Parent Relationship": "Outer",                                                                                                                                      
                                                       "Parallel Aware": false,                                                                                                                                             
                                                       "Join Type": "Inner",                                                                                                                                                
                                                       "Startup Cost": 2.86,                                                                                                                                                
                                                       "Total Cost": 269769.12,                                                                                                                                             
                                                       "Plan Rows": 1,                                                                                                                                                      
                                                       "Plan Width": 29,                                                                                                                                                    
                                                       "Actual Startup Time": 365.995,                                                                                                                                      
                                                       "Actual Total Time": 1390.146,                                                                                                                                       
                                                       "Actual Rows": 594,                                                                                                                                                  
                                                       "Actual Loops": 3,                                                                                                                                                   
                                                       "Inner Unique": true,                                                                                                                                                
                                                       "Plans": [                                                                                                                                                           
                                                         {                                                                                                                                                                  
                                                           "Node Type": "Hash Join",                                                                                                                                        
                                                           "Parent Relationship": "Outer",                                                                                                                                  
                                                           "Parallel Aware": false,                                                                                                                                         
                                                           "Join Type": "Inner",                                                                                                                                            
                                                           "Startup Cost": 2.43,                                                                                                                                            
                                                           "Total Cost": 269752.51,                                                                                                                                         
                                                           "Plan Rows": 2,                                                                                                                                                  
                                                           "Plan Width": 4,                                                                                                                                                 
                                                           "Actual Startup Time": 365.935,                                                                                                                                  
                                                           "Actual Total Time": 1378.479,                                                                                                                                   
                                                           "Actual Rows": 594,                                                                                                                                              
                                                           "Actual Loops": 3,                                                                                                                                               
                                                           "Inner Unique": true,                                                                                                                                            
                                                           "Hash Cond": "(mi.info_type_id = it1.id)",                                                                                                                       
                                                           "Plans": [                                                                                                                                                       
                                                             {                                                                                                                                                              
                                                               "Node Type": "Seq Scan",                                                                                                                                     
                                                               "Parent Relationship": "Outer",                                                                                                                              
                                                               "Parallel Aware": true,                                                                                                                                      
                                                               "Relation Name": "movie_info",                                                                                                                               
                                                               "Alias": "mi",                                                                                                                                               
                                                               "Startup Cost": 0.00,                                                                                                                                        
                                                               "Total Cost": 269749.45,                                                                                                                                     
                                                               "Plan Rows": 233,                                                                                                                                            
                                                               "Plan Width": 8,                                                                                                                                             
                                                               "Actual Startup Time": 365.786,                                                                                                                              
                                                               "Actual Total Time": 1377.658,                                                                                                                               
                                                               "Actual Rows": 594,                                                                                                                                          
                                                               "Actual Loops": 3,                                                                                                                                           
                                                               "Filter": "((info IS NOT NULL) AND ((note)::text ~~ '%internet%'::text) AND (((info)::text ~~ 'USA:% 199%'::text) OR ((info)::text ~~ 'USA:% 200%'::text)))",
                                                               "Rows Removed by Filter": 4944646                                                                                                                            
                                                             },                                                                                                                                                             
                                                             {                                                                                                                                                              
                                                               "Node Type": "Hash",                                                                                                                                         
                                                               "Parent Relationship": "Inner",                                                                                                                              
                                                               "Parallel Aware": false,                                                                                                                                     
                                                               "Startup Cost": 2.41,                                                                                                                                        
                                                               "Total Cost": 2.41,                                                                                                                                          
                                                               "Plan Rows": 1,                                                                                                                                              
                                                               "Plan Width": 4,                                                                                                                                             
                                                               "Actual Startup Time": 0.088,                                                                                                                                
                                                               "Actual Total Time": 0.092,                                                                                                                                  
                                                               "Actual Rows": 1,                                                                                                                                            
                                                               "Actual Loops": 3,                                                                                                                                           
                                                               "Hash Buckets": 1024,                                                                                                                                        
                                                               "Original Hash Buckets": 1024,                                                                                                                               
                                                               "Hash Batches": 1,                                                                                                                                           
                                                               "Original Hash Batches": 1,                                                                                                                                  
                                                               "Peak Memory Usage": 9,                                                                                                                                      
                                                               "Plans": [                                                                                                                                                   
                                                                 {                                                                                                                                                          
                                                                   "Node Type": "Seq Scan",                                                                                                                                 
                                                                   "Parent Relationship": "Outer",                                                                                                                          
                                                                   "Parallel Aware": false,                                                                                                                                 
                                                                   "Relation Name": "info_type",                                                                                                                            
                                                                   "Alias": "it1",                                                                                                                                          
                                                                   "Startup Cost": 0.00,                                                                                                                                    
                                                                   "Total Cost": 2.41,                                                                                                                                      
                                                                   "Plan Rows": 1,                                                                                                                                          
                                                                   "Plan Width": 4,                                                                                                                                         
                                                                   "Actual Startup Time": 0.056,                                                                                                                            
                                                                   "Actual Total Time": 0.080,                                                                                                                              
                                                                   "Actual Rows": 1,                                                                                                                                        
                                                                   "Actual Loops": 3,                                                                                                                                       
                                                                   "Filter": "((info)::text = 'release dates'::text)",                                                                                                      
                                                                   "Rows Removed by Filter": 112                                                                                                                            
                                                                 }                                                                                                                                                          
                                                               ]                                                                                                                                                            
                                                             }                                                                                                                                                              
                                                           ]                                                                                                                                                                
                                                         },                                                                                                                                                                 
                                                         {                                                                                                                                                                  
                                                           "Node Type": "Index Scan",                                                                                                                                       
                                                           "Parent Relationship": "Inner",                                                                                                                                  
                                                           "Parallel Aware": false,                                                                                                                                         
                                                           "Scan Direction": "Forward",                                                                                                                                     
                                                           "Index Name": "title_pkey",                                                                                                                                      
                                                           "Relation Name": "title",                                                                                                                                        
                                                           "Alias": "t",                                                                                                                                                    
                                                           "Startup Cost": 0.43,                                                                                                                                            
                                                           "Total Cost": 8.31,                                                                                                                                              
                                                           "Plan Rows": 1,                                                                                                                                                  
                                                           "Plan Width": 25,                                                                                                                                                
                                                           "Actual Startup Time": 0.018,                                                                                                                                    
                                                           "Actual Total Time": 0.018,                                                                                                                                      
                                                           "Actual Rows": 1,                                                                                                                                                
                                                           "Actual Loops": 1783,                                                                                                                                            
                                                           "Index Cond": "(id = mi.movie_id)",                                                                                                                              
                                                           "Rows Removed by Index Recheck": 0,                                                                                                                              
                                                           "Filter": "(production_year > 1990)",                                                                                                                            
                                                           "Rows Removed by Filter": 0                                                                                                                                      
                                                         }                                                                                                                                                                  
                                                       ]                                                                                                                                                                    
                                                     },                                                                                                                                                                     
                                                     {                                                                                                                                                                      
                                                       "Node Type": "Index Scan",                                                                                                                                           
                                                       "Parent Relationship": "Inner",                                                                                                                                      
                                                       "Parallel Aware": false,                                                                                                                                             
                                                       "Scan Direction": "Forward",                                                                                                                                         
                                                       "Index Name": "kind_type_pkey",                                                                                                                                      
                                                       "Relation Name": "kind_type",                                                                                                                                        
                                                       "Alias": "kt",                                                                                                                                                       
                                                       "Startup Cost": 0.15,                                                                                                                                                
                                                       "Total Cost": 0.17,                                                                                                                                                  
                                                       "Plan Rows": 1,                                                                                                                                                      
                                                       "Plan Width": 52,                                                                                                                                                    
                                                       "Actual Startup Time": 0.003,                                                                                                                                        
                                                       "Actual Total Time": 0.003,                                                                                                                                          
                                                       "Actual Rows": 1,                                                                                                                                                    
                                                       "Actual Loops": 1782,                                                                                                                                                
                                                       "Index Cond": "(id = t.kind_id)",                                                                                                                                    
                                                       "Rows Removed by Index Recheck": 0,                                                                                                                                  
                                                       "Filter": "((kind)::text = ANY ('{movie,\"tv movie\",\"video movie\",\"video game\"}'::text[]))",                                                                    
                                                       "Rows Removed by Filter": 0                                                                                                                                          
                                                     }                                                                                                                                                                      
                                                   ]                                                                                                                                                                        
                                                 }                                                                                                                                                                          
                                               ]                                                                                                                                                                            
                                             }                                                                                                                                                                              
                                           ]                                                                                                                                                                                
                                         },                                                                                                                                                                                 
                                         {                                                                                                                                                                                  
                                           "Node Type": "Index Scan",                                                                                                                                                       
                                           "Parent Relationship": "Inner",                                                                                                                                                  
                                           "Parallel Aware": false,                                                                                                                                                         
                                           "Scan Direction": "Forward",                                                                                                                                                     
                                           "Index Name": "company_name_pkey",                                                                                                                                               
                                           "Relation Name": "company_name",                                                                                                                                                 
                                           "Alias": "cn",                                                                                                                                                                   
                                           "Startup Cost": 0.42,                                                                                                                                                            
                                           "Total Cost": 0.45,                                                                                                                                                              
                                           "Plan Rows": 1,                                                                                                                                                                  
                                           "Plan Width": 4,                                                                                                                                                                 
                                           "Actual Startup Time": 0.015,                                                                                                                                                    
                                           "Actual Total Time": 0.015,                                                                                                                                                      
                                           "Actual Rows": 1,                                                                                                                                                                
                                           "Actual Loops": 1915,                                                                                                                                                            
                                           "Index Cond": "(id = mc.company_id)",                                                                                                                                            
                                           "Rows Removed by Index Recheck": 0,                                                                                                                                              
                                           "Filter": "((country_code)::text = '[us]'::text)",                                                                                                                               
                                           "Rows Removed by Filter": 0                                                                                                                                                      
                                         }                                                                                                                                                                                  
                                       ]                                                                                                                                                                                    
                                     }                                                                                                                                                                                      
                                   ]                                                                                                                                                                                        
                                 }                                                                                                                                                                                          
                               ]                                                                                                                                                                                            
                             },                                                                                                                                                                                             
                             {                                                                                                                                                                                              
                               "Node Type": "Hash Join",                                                                                                                                                                    
                               "Parent Relationship": "Inner",                                                                                                                                                              
                               "Parallel Aware": false,                                                                                                                                                                     
                               "Join Type": "Inner",                                                                                                                                                                        
                               "Startup Cost": 18.93,                                                                                                                                                                       
                               "Total Cost": 2468.50,                                                                                                                                                                       
                               "Plan Rows": 761,                                                                                                                                                                            
                               "Plan Width": 4,                                                                                                                                                                             
                               "Actual Startup Time": 0.007,                                                                                                                                                                
                               "Actual Total Time": 57.709,                                                                                                                                                                 
                               "Actual Rows": 24592,                                                                                                                                                                        
                               "Actual Loops": 6160,                                                                                                                                                                        
                               "Inner Unique": true,                                                                                                                                                                        
                               "Hash Cond": "(cc.status_id = cct1.id)",                                                                                                                                                     
                               "Plans": [                                                                                                                                                                                   
                                 {                                                                                                                                                                                          
                                   "Node Type": "Seq Scan",                                                                                                                                                                 
                                   "Parent Relationship": "Outer",                                                                                                                                                          
                                   "Parallel Aware": false,                                                                                                                                                                 
                                   "Relation Name": "complete_cast",                                                                                                                                                        
                                   "Alias": "cc",                                                                                                                                                                           
                                   "Startup Cost": 0.00,                                                                                                                                                                    
                                   "Total Cost": 2092.86,                                                                                                                                                                   
                                   "Plan Rows": 135086,                                                                                                                                                                     
                                   "Plan Width": 8,                                                                                                                                                                         
                                   "Actual Startup Time": 0.006,                                                                                                                                                            
                                   "Actual Total Time": 18.223,                                                                                                                                                             
                                   "Actual Rows": 135086,                                                                                                                                                                   
                                   "Actual Loops": 6160                                                                                                                                                                     
                                 },                                                                                                                                                                                         
                                 {                                                                                                                                                                                          
                                   "Node Type": "Hash",                                                                                                                                                                     
                                   "Parent Relationship": "Inner",                                                                                                                                                          
                                   "Parallel Aware": false,                                                                                                                                                                 
                                   "Startup Cost": 18.88,                                                                                                                                                                   
                                   "Total Cost": 18.88,                                                                                                                                                                     
                                   "Plan Rows": 4,                                                                                                                                                                          
                                   "Plan Width": 4,                                                                                                                                                                         
                                   "Actual Startup Time": 0.067,                                                                                                                                                            
                                   "Actual Total Time": 0.069,                                                                                                                                                              
                                   "Actual Rows": 1,                                                                                                                                                                        
                                   "Actual Loops": 3,                                                                                                                                                                       
                                   "Hash Buckets": 1024,                                                                                                                                                                    
                                   "Original Hash Buckets": 1024,                                                                                                                                                           
                                   "Hash Batches": 1,                                                                                                                                                                       
                                   "Original Hash Batches": 1,                                                                                                                                                              
                                   "Peak Memory Usage": 9,                                                                                                                                                                  
                                   "Plans": [                                                                                                                                                                               
                                     {                                                                                                                                                                                      
                                       "Node Type": "Seq Scan",                                                                                                                                                             
                                       "Parent Relationship": "Outer",                                                                                                                                                      
                                       "Parallel Aware": false,                                                                                                                                                             
                                       "Relation Name": "comp_cast_type",                                                                                                                                                   
                                       "Alias": "cct1",                                                                                                                                                                     
                                       "Startup Cost": 0.00,                                                                                                                                                                
                                       "Total Cost": 18.88,                                                                                                                                                                 
                                       "Plan Rows": 4,                                                                                                                                                                      
                                       "Plan Width": 4,                                                                                                                                                                     
                                       "Actual Startup Time": 0.033,                                                                                                                                                        
                                       "Actual Total Time": 0.034,                                                                                                                                                          
                                       "Actual Rows": 1,                                                                                                                                                                    
                                       "Actual Loops": 3,                                                                                                                                                                   
                                       "Filter": "((kind)::text = 'completeverified'::text)",                                                                                                                              
                                       "Rows Removed by Filter": 3                                                                                                                                                          
                                     }                                                                                                                                                                                      
                                   ]                                                                                                                                                                                        
                                 }                                                                                                                                                                                          
                               ]                                                                                                                                                                                            
                             }                                                                                                                                                                                              
                           ]                                                                                                                                                                                                
                         },                                                                                                                                                                                                 
                         {                                                                                                                                                                                                  
                           "Node Type": "Index Only Scan",                                                                                                                                                                  
                           "Parent Relationship": "Inner",                                                                                                                                                                  
                           "Parallel Aware": false,                                                                                                                                                                         
                           "Scan Direction": "Forward",                                                                                                                                                                     
                           "Index Name": "company_type_pkey",                                                                                                                                                               
                           "Relation Name": "company_type",                                                                                                                                                                 
                           "Alias": "ct",                                                                                                                                                                                   
                           "Startup Cost": 0.15,                                                                                                                                                                            
                           "Total Cost": 0.17,                                                                                                                                                                              
                           "Plan Rows": 1,                                                                                                                                                                                  
                           "Plan Width": 4,                                                                                                                                                                                 
                           "Actual Startup Time": 0.013,                                                                                                                                                                    
                           "Actual Total Time": 0.013,                                                                                                                                                                      
                           "Actual Rows": 1,                                                                                                                                                                                
                           "Actual Loops": 628,                                                                                                                                                                             
                           "Index Cond": "(id = mc.company_type_id)",                                                                                                                                                       
                           "Rows Removed by Index Recheck": 0,                                                                                                                                                              
                           "Heap Fetches": 628                                                                                                                                                                              
                         }                                                                                                                                                                                                  
                       ]                                                                                                                                                                                                    
                     },                                                                                                                                                                                                     
                     {                                                                                                                                                                                                      
                       "Node Type": "Index Only Scan",                                                                                                                                                                      
                       "Parent Relationship": "Inner",                                                                                                                                                                      
                       "Parallel Aware": false,                                                                                                                                                                             
                       "Scan Direction": "Forward",                                                                                                                                                                         
                       "Index Name": "keyword_pkey",                                                                                                                                                                        
                       "Relation Name": "keyword",                                                                                                                                                                          
                       "Alias": "k",                                                                                                                                                                                        
                       "Startup Cost": 0.42,                                                                                                                                                                                
                       "Total Cost": 0.44,                                                                                                                                                                                  
                       "Plan Rows": 1,                                                                                                                                                                                      
                       "Plan Width": 4,                                                                                                                                                                                     
                       "Actual Startup Time": 0.014,                                                                                                                                                                        
                       "Actual Total Time": 0.014,                                                                                                                                                                          
                       "Actual Rows": 1,                                                                                                                                                                                    
                       "Actual Loops": 628,                                                                                                                                                                                 
                       "Index Cond": "(id = mk.keyword_id)",                                                                                                                                                                
                       "Rows Removed by Index Recheck": 0,                                                                                                                                                                  
                       "Heap Fetches": 0                                                                                                                                                                                    
                     }                                                                                                                                                                                                      
                   ]                                                                                                                                                                                                        
                 }                                                                                                                                                                                                          
               ]                                                                                                                                                                                                            
             }                                                                                                                                                                                                              
           ]                                                                                                                                                                                                                
         }                                                                                                                                                                                                                  
       ]                                                                                                                                                                                                                    
     },                                                                                                                                                                                                                     
     "Planning Time": 49.216,                                                                                                                                                                                               
     "Triggers": [                                                                                                                                                                                                          
     ],                                                                                                                                                                                                                     
     "Execution Time": 126512.438                                                                                                                                                                                           
   }                                                                                                                                                                                                                        
 ]
