[                                                                                                                                                                              
   {                                                                                                                                                                            
     "Plan": {                                                                                                                                                                  
       "Node Type": "Aggregate",                                                                                                                                                
       "Strategy": "Plain",                                                                                                                                                     
       "Partial Mode": "Simple",                                                                                                                                                
       "Parallel Aware": false,                                                                                                                                                 
       "Startup Cost": 528130.01,                                                                                                                                               
       "Total Cost": 528130.02,                                                                                                                                                 
       "Plan Rows": 1,                                                                                                                                                          
       "Plan Width": 128,                                                                                                                                                       
       "Actual Startup Time": 7316.761,                                                                                                                                         
       "Actual Total Time": 7327.699,                                                                                                                                           
       "Actual Rows": 1,                                                                                                                                                        
       "Actual Loops": 1,                                                                                                                                                       
       "Plans": [                                                                                                                                                               
         {                                                                                                                                                                      
           "Node Type": "Nested Loop",                                                                                                                                          
           "Parent Relationship": "Outer",                                                                                                                                      
           "Parallel Aware": false,                                                                                                                                             
           "Join Type": "Inner",                                                                                                                                                
           "Startup Cost": 69293.54,                                                                                                                                            
           "Total Cost": 528130.00,                                                                                                                                             
           "Plan Rows": 1,                                                                                                                                                      
           "Plan Width": 69,                                                                                                                                                    
           "Actual Startup Time": 2460.251,                                                                                                                                     
           "Actual Total Time": 7322.294,                                                                                                                                       
           "Actual Rows": 1728,                                                                                                                                                 
           "Actual Loops": 1,                                                                                                                                                   
           "Inner Unique": true,                                                                                                                                                
           "Plans": [                                                                                                                                                           
             {                                                                                                                                                                  
               "Node Type": "Gather",                                                                                                                                           
               "Parent Relationship": "Outer",                                                                                                                                  
               "Parallel Aware": false,                                                                                                                                         
               "Startup Cost": 69293.11,                                                                                                                                        
               "Total Cost": 528129.54,                                                                                                                                         
               "Plan Rows": 1,                                                                                                                                                  
               "Plan Width": 58,                                                                                                                                                
               "Actual Startup Time": 2460.185,                                                                                                                                 
               "Actual Total Time": 7290.868,                                                                                                                                   
               "Actual Rows": 1728,                                                                                                                                             
               "Actual Loops": 1,                                                                                                                                               
               "Workers Planned": 2,                                                                                                                                            
               "Workers Launched": 2,                                                                                                                                           
               "Single Copy": false,                                                                                                                                            
               "Plans": [                                                                                                                                                       
                 {                                                                                                                                                              
                   "Node Type": "Nested Loop",                                                                                                                                  
                   "Parent Relationship": "Outer",                                                                                                                              
                   "Parallel Aware": false,                                                                                                                                     
                   "Join Type": "Inner",                                                                                                                                        
                   "Startup Cost": 68293.11,                                                                                                                                    
                   "Total Cost": 527129.44,                                                                                                                                     
                   "Plan Rows": 1,                                                                                                                                              
                   "Plan Width": 58,                                                                                                                                            
                   "Actual Startup Time": 2453.378,                                                                                                                             
                   "Actual Total Time": 7295.373,                                                                                                                               
                   "Actual Rows": 576,                                                                                                                                          
                   "Actual Loops": 3,                                                                                                                                           
                   "Inner Unique": true,                                                                                                                                        
                   "Plans": [                                                                                                                                                   
                     {                                                                                                                                                          
                       "Node Type": "Hash Join",                                                                                                                                
                       "Parent Relationship": "Outer",                                                                                                                          
                       "Parallel Aware": true,                                                                                                                                  
                       "Join Type": "Inner",                                                                                                                                    
                       "Startup Cost": 68292.68,                                                                                                                                
                       "Total Cost": 527126.69,                                                                                                                                 
                       "Plan Rows": 6,                                                                                                                                          
                       "Plan Width": 30,                                                                                                                                        
                       "Actual Startup Time": 2450.284,                                                                                                                         
                       "Actual Total Time": 7180.511,                                                                                                                           
                       "Actual Rows": 19649,                                                                                                                                    
                       "Actual Loops": 3,                                                                                                                                       
                       "Inner Unique": false,                                                                                                                                   
                       "Hash Cond": "(ci.movie_id = t.id)",                                                                                                                     
                       "Plans": [                                                                                                                                               
                         {                                                                                                                                                      
                           "Node Type": "Seq Scan",                                                                                                                             
                           "Parent Relationship": "Outer",                                                                                                                      
                           "Parallel Aware": true,                                                                                                                              
                           "Relation Name": "cast_info",                                                                                                                        
                           "Alias": "ci",                                                                                                                                       
                           "Startup Cost": 0.00,                                                                                                                                
                           "Total Cost": 402615.60,                                                                                                                             
                           "Plan Rows": 14991560,                                                                                                                               
                           "Plan Width": 12,                                                                                                                                    
                           "Actual Startup Time": 0.040,                                                                                                                        
                           "Actual Total Time": 2131.523,                                                                                                                       
                           "Actual Rows": 12081448,                                                                                                                             
                           "Actual Loops": 3                                                                                                                                    
                         },                                                                                                                                                     
                         {                                                                                                                                                      
                           "Node Type": "Hash",                                                                                                                                 
                           "Parent Relationship": "Inner",                                                                                                                      
                           "Parallel Aware": true,                                                                                                                              
                           "Startup Cost": 68292.67,                                                                                                                            
                           "Total Cost": 68292.67,                                                                                                                              
                           "Plan Rows": 1,                                                                                                                                      
                           "Plan Width": 38,                                                                                                                                    
                           "Actual Startup Time": 2447.987,                                                                                                                     
                           "Actual Total Time": 2448.041,                                                                                                                       
                           "Actual Rows": 109,                                                                                                                                  
                           "Actual Loops": 3,                                                                                                                                   
                           "Hash Buckets": 1024,                                                                                                                                
                           "Original Hash Buckets": 1024,                                                                                                                       
                           "Hash Batches": 1,                                                                                                                                   
                           "Original Hash Batches": 1,                                                                                                                          
                           "Peak Memory Usage": 104,                                                                                                                            
                           "Plans": [                                                                                                                                           
                             {                                                                                                                                                  
                               "Node Type": "Nested Loop",                                                                                                                      
                               "Parent Relationship": "Outer",                                                                                                                  
                               "Parallel Aware": false,                                                                                                                         
                               "Join Type": "Inner",                                                                                                                            
                               "Startup Cost": 17920.24,                                                                                                                        
                               "Total Cost": 68292.67,                                                                                                                          
                               "Plan Rows": 1,                                                                                                                                  
                               "Plan Width": 38,                                                                                                                                
                               "Actual Startup Time": 1605.571,                                                                                                                 
                               "Actual Total Time": 2447.600,                                                                                                                   
                               "Actual Rows": 109,                                                                                                                              
                               "Actual Loops": 3,                                                                                                                               
                               "Inner Unique": true,                                                                                                                            
                               "Plans": [                                                                                                                                       
                                 {                                                                                                                                              
                                   "Node Type": "Nested Loop",                                                                                                                  
                                   "Parent Relationship": "Outer",                                                                                                              
                                   "Parallel Aware": false,                                                                                                                     
                                   "Join Type": "Inner",                                                                                                                        
                                   "Startup Cost": 17920.10,                                                                                                                    
                                   "Total Cost": 68292.49,                                                                                                                      
                                   "Plan Rows": 1,                                                                                                                              
                                   "Plan Width": 42,                                                                                                                            
                                   "Actual Startup Time": 1605.521,                                                                                                             
                                   "Actual Total Time": 2446.388,                                                                                                               
                                   "Actual Rows": 169,                                                                                                                          
                                   "Actual Loops": 3,                                                                                                                           
                                   "Inner Unique": true,                                                                                                                        
                                   "Plans": [                                                                                                                                   
                                     {                                                                                                                                          
                                       "Node Type": "Hash Join",                                                                                                                
                                       "Parent Relationship": "Outer",                                                                                                          
                                       "Parallel Aware": true,                                                                                                                  
                                       "Join Type": "Inner",                                                                                                                    
                                       "Startup Cost": 17919.68,                                                                                                                
                                       "Total Cost": 68292.04,                                                                                                                  
                                       "Plan Rows": 1,                                                                                                                          
                                       "Plan Width": 46,                                                                                                                        
                                       "Actual Startup Time": 1601.245,                                                                                                         
                                       "Actual Total Time": 2213.007,                                                                                                           
                                       "Actual Rows": 41140,                                                                                                                    
                                       "Actual Loops": 3,                                                                                                                       
                                       "Inner Unique": false,                                                                                                                   
                                       "Hash Cond": "(mk.movie_id = t.id)",                                                                                                     
                                       "Plans": [                                                                                                                               
                                         {                                                                                                                                      
                                           "Node Type": "Seq Scan",                                                                                                             
                                           "Parent Relationship": "Outer",                                                                                                      
                                           "Parallel Aware": true,                                                                                                              
                                           "Relation Name": "movie_keyword",                                                                                                    
                                           "Alias": "mk",                                                                                                                       
                                           "Startup Cost": 0.00,                                                                                                                
                                           "Total Cost": 43303.71,                                                                                                              
                                           "Plan Rows": 1884971,                                                                                                                
                                           "Plan Width": 8,                                                                                                                     
                                           "Actual Startup Time": 0.049,                                                                                                        
                                           "Actual Total Time": 281.515,                                                                                                        
                                           "Actual Rows": 1507977,                                                                                                              
                                           "Actual Loops": 3                                                                                                                    
                                         },                                                                                                                                     
                                         {                                                                                                                                      
                                           "Node Type": "Hash",                                                                                                                 
                                           "Parent Relationship": "Inner",                                                                                                      
                                           "Parallel Aware": true,                                                                                                              
                                           "Startup Cost": 17919.66,                                                                                                            
                                           "Total Cost": 17919.66,                                                                                                              
                                           "Plan Rows": 1,                                                                                                                      
                                           "Plan Width": 38,                                                                                                                    
                                           "Actual Startup Time": 1600.696,                                                                                                     
                                           "Actual Total Time": 1600.730,                                                                                                       
                                           "Actual Rows": 416,                                                                                                                  
                                           "Actual Loops": 3,                                                                                                                   
                                           "Hash Buckets": 1024,                                                                                                                
                                           "Original Hash Buckets": 1024,                                                                                                       
                                           "Hash Batches": 1,                                                                                                                   
                                           "Original Hash Batches": 1,                                                                                                          
                                           "Peak Memory Usage": 104,                                                                                                            
                                           "Plans": [                                                                                                                           
                                             {                                                                                                                                  
                                               "Node Type": "Hash Join",                                                                                                        
                                               "Parent Relationship": "Outer",                                                                                                  
                                               "Parallel Aware": false,                                                                                                         
                                               "Join Type": "Inner",                                                                                                            
                                               "Startup Cost": 2498.86,                                                                                                         
                                               "Total Cost": 17919.66,                                                                                                          
                                               "Plan Rows": 1,                                                                                                                  
                                               "Plan Width": 38,                                                                                                                
                                               "Actual Startup Time": 1457.651,                                                                                                 
                                               "Actual Total Time": 1600.144,                                                                                                   
                                               "Actual Rows": 416,                                                                                                              
                                               "Actual Loops": 3,                                                                                                               
                                               "Inner Unique": false,                                                                                                           
                                               "Hash Cond": "(mi_idx.movie_id = t.id)",                                                                                         
                                               "Plans": [                                                                                                                       
                                                 {                                                                                                                              
                                                   "Node Type": "Seq Scan",                                                                                                     
                                                   "Parent Relationship": "Outer",                                                                                              
                                                   "Parallel Aware": true,                                                                                                      
                                                   "Relation Name": "movie_info_idx",                                                                                           
                                                   "Alias": "mi_idx",                                                                                                           
                                                   "Startup Cost": 0.00,                                                                                                        
                                                   "Total Cost": 15122.68,                                                                                                      
                                                   "Plan Rows": 79497,                                                                                                          
                                                   "Plan Width": 13,                                                                                                            
                                                   "Actual Startup Time": 0.078,                                                                                                
                                                   "Actual Total Time": 224.916,                                                                                                
                                                   "Actual Rows": 64322,                                                                                                        
                                                   "Actual Loops": 3,                                                                                                           
                                                   "Filter": "((info)::text > '7.0'::text)",                                                                                    
                                                   "Rows Removed by Filter": 395689                                                                                             
                                                 },                                                                                                                             
                                                 {                                                                                                                              
                                                   "Node Type": "Hash",                                                                                                         
                                                   "Parent Relationship": "Inner",                                                                                              
                                                   "Parallel Aware": false,                                                                                                     
                                                   "Startup Cost": 2498.85,                                                                                                     
                                                   "Total Cost": 2498.85,                                                                                                       
                                                   "Plan Rows": 1,                                                                                                              
                                                   "Plan Width": 25,                                                                                                            
                                                   "Actual Startup Time": 1358.683,                                                                                             
                                                   "Actual Total Time": 1358.707,                                                                                               
                                                   "Actual Rows": 4696,                                                                                                         
                                                   "Actual Loops": 3,                                                                                                           
                                                   "Hash Buckets": 8192,                                                                                                        
                                                   "Original Hash Buckets": 1024,                                                                                               
                                                   "Hash Batches": 1,                                                                                                           
                                                   "Original Hash Batches": 1,                                                                                                  
                                                   "Peak Memory Usage": 329,                                                                                                    
                                                   "Plans": [                                                                                                                   
                                                     {                                                                                                                          
                                                       "Node Type": "Nested Loop",                                                                                              
                                                       "Parent Relationship": "Outer",                                                                                          
                                                       "Parallel Aware": false,                                                                                                 
                                                       "Join Type": "Inner",                                                                                                    
                                                       "Startup Cost": 19.50,                                                                                                   
                                                       "Total Cost": 2498.85,                                                                                                   
                                                       "Plan Rows": 1,                                                                                                          
                                                       "Plan Width": 25,                                                                                                        
                                                       "Actual Startup Time": 0.401,                                                                                            
                                                       "Actual Total Time": 1352.872,                                                                                           
                                                       "Actual Rows": 4696,                                                                                                     
                                                       "Actual Loops": 3,                                                                                                       
                                                       "Inner Unique": true,                                                                                                    
                                                       "Plans": [                                                                                                               
                                                         {                                                                                                                      
                                                           "Node Type": "Nested Loop",                                                                                          
                                                           "Parent Relationship": "Outer",                                                                                      
                                                           "Parallel Aware": false,                                                                                             
                                                           "Join Type": "Inner",                                                                                                
                                                           "Startup Cost": 19.36,                                                                                               
                                                           "Total Cost": 2498.67,                                                                                               
                                                           "Plan Rows": 1,                                                                                                      
                                                           "Plan Width": 29,                                                                                                    
                                                           "Actual Startup Time": 0.282,                                                                                        
                                                           "Actual Total Time": 1283.094,                                                                                       
                                                           "Actual Rows": 23557,                                                                                                
                                                           "Actual Loops": 3,                                                                                                   
                                                           "Inner Unique": true,                                                                                                
                                                           "Plans": [                                                                                                           
                                                             {                                                                                                                  
                                                               "Node Type": "Nested Loop",                                                                                      
                                                               "Parent Relationship": "Outer",                                                                                  
                                                               "Parallel Aware": false,                                                                                         
                                                               "Join Type": "Inner",                                                                                            
                                                               "Startup Cost": 18.93,                                                                                           
                                                               "Total Cost": 2496.89,                                                                                           
                                                               "Plan Rows": 1,                                                                                                  
                                                               "Plan Width": 4,                                                                                                 
                                                               "Actual Startup Time": 0.101,                                                                                    
                                                               "Actual Total Time": 189.121,                                                                                    
                                                               "Actual Rows": 85941,                                                                                            
                                                               "Actual Loops": 3,                                                                                               
                                                               "Inner Unique": false,                                                                                           
                                                               "Join Filter": "(cct2.id = cc.status_id)",                                                                       
                                                               "Rows Removed by Join Filter": 85941,                                                                            
                                                               "Plans": [                                                                                                       
                                                                 {                                                                                                              
                                                                   "Node Type": "Seq Scan",                                                                                     
                                                                   "Parent Relationship": "Outer",                                                                              
                                                                   "Parallel Aware": false,                                                                                     
                                                                   "Relation Name": "comp_cast_type",                                                                           
                                                                   "Alias": "cct2",                                                                                             
                                                                   "Startup Cost": 0.00,                                                                                        
                                                                   "Total Cost": 18.88,                                                                                         
                                                                   "Plan Rows": 1,                                                                                              
                                                                   "Plan Width": 4,                                                                                             
                                                                   "Actual Startup Time": 0.027,                                                                                
                                                                   "Actual Total Time": 0.039,                                                                                  
                                                                   "Actual Rows": 2,                                                                                            
                                                                   "Actual Loops": 3,                                                                                           
                                                                   "Filter": "((kind)::text ~~ '%complete%'::text)",                                                            
                                                                   "Rows Removed by Filter": 2                                                                                  
                                                                 },                                                                                                             
                                                                 {                                                                                                              
                                                                   "Node Type": "Hash Join",                                                                                    
                                                                   "Parent Relationship": "Inner",                                                                              
                                                                   "Parallel Aware": false,                                                                                     
                                                                   "Join Type": "Inner",                                                                                        
                                                                   "Startup Cost": 18.93,                                                                                       
                                                                   "Total Cost": 2468.50,                                                                                       
                                                                   "Plan Rows": 761,                                                                                            
                                                                   "Plan Width": 8,                                                                                             
                                                                   "Actual Startup Time": 0.040,                                                                                
                                                                   "Actual Total Time": 80.022,                                                                                 
                                                                   "Actual Rows": 85941,                                                                                        
                                                                   "Actual Loops": 6,                                                                                           
                                                                   "Inner Unique": true,                                                                                        
                                                                   "Hash Cond": "(cc.subject_id = cct1.id)",                                                                    
                                                                   "Plans": [                                                                                                   
                                                                     {                                                                                                          
                                                                       "Node Type": "Seq Scan",                                                                                 
                                                                       "Parent Relationship": "Outer",                                                                          
                                                                       "Parallel Aware": false,                                                                                 
                                                                       "Relation Name": "complete_cast",                                                                        
                                                                       "Alias": "cc",                                                                                           
                                                                       "Startup Cost": 0.00,                                                                                    
                                                                       "Total Cost": 2092.86,                                                                                   
                                                                       "Plan Rows": 135086,                                                                                     
                                                                       "Plan Width": 12,                                                                                        
                                                                       "Actual Startup Time": 0.013,                                                                            
                                                                       "Actual Total Time": 26.197,                                                                             
                                                                       "Actual Rows": 135086,                                                                                   
                                                                       "Actual Loops": 6                                                                                        
                                                                     },                                                                                                         
                                                                     {                                                                                                          
                                                                       "Node Type": "Hash",                                                                                     
                                                                       "Parent Relationship": "Inner",                                                                          
                                                                       "Parallel Aware": false,                                                                                 
                                                                       "Startup Cost": 18.88,                                                                                   
                                                                       "Total Cost": 18.88,                                                                                     
                                                                       "Plan Rows": 4,                                                                                          
                                                                       "Plan Width": 4,                                                                                         
                                                                       "Actual Startup Time": 0.019,                                                                            
                                                                       "Actual Total Time": 0.020,                                                                              
                                                                       "Actual Rows": 1,                                                                                        
                                                                       "Actual Loops": 3,                                                                                       
                                                                       "Hash Buckets": 1024,                                                                                    
                                                                       "Original Hash Buckets": 1024,                                                                           
                                                                       "Hash Batches": 1,                                                                                       
                                                                       "Original Hash Batches": 1,                                                                              
                                                                       "Peak Memory Usage": 9,                                                                                  
                                                                       "Plans": [                                                                                               
                                                                         {                                                                                                      
                                                                           "Node Type": "Seq Scan",                                                                             
                                                                           "Parent Relationship": "Outer",                                                                      
                                                                           "Parallel Aware": false,                                                                             
                                                                           "Relation Name": "comp_cast_type",                                                                   
                                                                           "Alias": "cct1",                                                                                     
                                                                           "Startup Cost": 0.00,                                                                                
                                                                           "Total Cost": 18.88,                                                                                 
                                                                           "Plan Rows": 4,                                                                                      
                                                                           "Plan Width": 4,                                                                                     
                                                                           "Actual Startup Time": 0.008,                                                                        
                                                                           "Actual Total Time": 0.010,                                                                          
                                                                           "Actual Rows": 1,                                                                                    
                                                                           "Actual Loops": 3,                                                                                   
                                                                           "Filter": "((kind)::text = 'cast'::text)",                                                           
                                                                           "Rows Removed by Filter": 3                                                                          
                                                                         }                                                                                                      
                                                                       ]                                                                                                        
                                                                     }                                                                                                          
                                                                   ]                                                                                                            
                                                                 }                                                                                                              
                                                               ]                                                                                                                
                                                             },                                                                                                                 
                                                             {                                                                                                                  
                                                               "Node Type": "Index Scan",                                                                                       
                                                               "Parent Relationship": "Inner",                                                                                  
                                                               "Parallel Aware": false,                                                                                         
                                                               "Scan Direction": "Forward",                                                                                     
                                                               "Index Name": "title_pkey",                                                                                      
                                                               "Relation Name": "title",                                                                                        
                                                               "Alias": "t",                                                                                                    
                                                               "Startup Cost": 0.43,                                                                                            
                                                               "Total Cost": 1.78,                                                                                              
                                                               "Plan Rows": 1,                                                                                                  
                                                               "Plan Width": 25,                                                                                                
                                                               "Actual Startup Time": 0.012,                                                                                    
                                                               "Actual Total Time": 0.012,                                                                                      
                                                               "Actual Rows": 0,                                                                                                
                                                               "Actual Loops": 257823,                                                                                          
                                                               "Index Cond": "(id = cc.movie_id)",                                                                              
                                                               "Rows Removed by Index Recheck": 0,                                                                              
                                                               "Filter": "(production_year > 2000)",                                                                            
                                                               "Rows Removed by Filter": 1                                                                                      
                                                             }                                                                                                                  
                                                           ]                                                                                                                    
                                                         },                                                                                                                     
                                                         {                                                                                                                      
                                                           "Node Type": "Index Scan",                                                                                           
                                                           "Parent Relationship": "Inner",                                                                                      
                                                           "Parallel Aware": false,                                                                                             
                                                           "Scan Direction": "Forward",                                                                                         
                                                           "Index Name": "kind_type_pkey",                                                                                      
                                                           "Relation Name": "kind_type",                                                                                        
                                                           "Alias": "kt",                                                                                                       
                                                           "Startup Cost": 0.15,                                                                                                
                                                           "Total Cost": 0.17,                                                                                                  
                                                           "Plan Rows": 1,                                                                                                      
                                                           "Plan Width": 4,                                                                                                     
                                                           "Actual Startup Time": 0.002,                                                                                        
                                                           "Actual Total Time": 0.002,                                                                                          
                                                           "Actual Rows": 0,                                                                                                    
                                                           "Actual Loops": 70671,                                                                                               
                                                           "Index Cond": "(id = t.kind_id)",                                                                                    
                                                           "Rows Removed by Index Recheck": 0,                                                                                  
                                                           "Filter": "((kind)::text = 'movie'::text)",                                                                          
                                                           "Rows Removed by Filter": 1                                                                                          
                                                         }                                                                                                                      
                                                       ]                                                                                                                        
                                                     }                                                                                                                          
                                                   ]                                                                                                                            
                                                 }                                                                                                                              
                                               ]                                                                                                                                
                                             }                                                                                                                                  
                                           ]                                                                                                                                    
                                         }                                                                                                                                      
                                       ]                                                                                                                                        
                                     },                                                                                                                                         
                                     {                                                                                                                                          
                                       "Node Type": "Index Scan",                                                                                                               
                                       "Parent Relationship": "Inner",                                                                                                          
                                       "Parallel Aware": false,                                                                                                                 
                                       "Scan Direction": "Forward",                                                                                                             
                                       "Index Name": "keyword_pkey",                                                                                                            
                                       "Relation Name": "keyword",                                                                                                              
                                       "Alias": "k",                                                                                                                            
                                       "Startup Cost": 0.42,                                                                                                                    
                                       "Total Cost": 0.45,                                                                                                                      
                                       "Plan Rows": 1,                                                                                                                          
                                       "Plan Width": 4,                                                                                                                         
                                       "Actual Startup Time": 0.005,                                                                                                            
                                       "Actual Total Time": 0.005,                                                                                                              
                                       "Actual Rows": 0,                                                                                                                        
                                       "Actual Loops": 123420,                                                                                                                  
                                       "Index Cond": "(id = mk.keyword_id)",                                                                                                    
                                       "Rows Removed by Index Recheck": 0,                                                                                                      
                                       "Filter": "((keyword)::text = ANY ('{superhero,marvel-comics,based-on-comic,tv-special,fight,violence,magnet,web,claw,laser}'::text[]))",
                                       "Rows Removed by Filter": 1                                                                                                              
                                     }                                                                                                                                          
                                   ]                                                                                                                                            
                                 },                                                                                                                                             
                                 {                                                                                                                                              
                                   "Node Type": "Index Scan",                                                                                                                   
                                   "Parent Relationship": "Inner",                                                                                                              
                                   "Parallel Aware": false,                                                                                                                     
                                   "Scan Direction": "Forward",                                                                                                                 
                                   "Index Name": "info_type_pkey",                                                                                                              
                                   "Relation Name": "info_type",                                                                                                                
                                   "Alias": "it2",                                                                                                                              
                                   "Startup Cost": 0.14,                                                                                                                        
                                   "Total Cost": 0.16,                                                                                                                          
                                   "Plan Rows": 1,                                                                                                                              
                                   "Plan Width": 4,                                                                                                                             
                                   "Actual Startup Time": 0.005,                                                                                                                
                                   "Actual Total Time": 0.005,                                                                                                                  
                                   "Actual Rows": 1,                                                                                                                            
                                   "Actual Loops": 507,                                                                                                                         
                                   "Index Cond": "(id = mi_idx.info_type_id)",                                                                                                  
                                   "Rows Removed by Index Recheck": 0,                                                                                                          
                                   "Filter": "((info)::text = 'rating'::text)",                                                                                                 
                                   "Rows Removed by Filter": 0                                                                                                                  
                                 }                                                                                                                                              
                               ]                                                                                                                                                
                             }                                                                                                                                                  
                           ]                                                                                                                                                    
                         }                                                                                                                                                      
                       ]                                                                                                                                                        
                     },                                                                                                                                                         
                     {                                                                                                                                                          
                       "Node Type": "Index Scan",                                                                                                                               
                       "Parent Relationship": "Inner",                                                                                                                          
                       "Parallel Aware": false,                                                                                                                                 
                       "Scan Direction": "Forward",                                                                                                                             
                       "Index Name": "char_name_pkey",                                                                                                                          
                       "Relation Name": "char_name",                                                                                                                            
                       "Alias": "chn",                                                                                                                                          
                       "Startup Cost": 0.43,                                                                                                                                    
                       "Total Cost": 0.46,                                                                                                                                      
                       "Plan Rows": 1,                                                                                                                                          
                       "Plan Width": 36,                                                                                                                                        
                       "Actual Startup Time": 0.005,                                                                                                                            
                       "Actual Total Time": 0.005,                                                                                                                              
                       "Actual Rows": 0,                                                                                                                                        
                       "Actual Loops": 58947,                                                                                                                                   
                       "Index Cond": "(id = ci.person_role_id)",                                                                                                                
                       "Rows Removed by Index Recheck": 0,                                                                                                                      
                       "Filter": "((name IS NOT NULL) AND (((name)::text ~~ '%man%'::text) OR ((name)::text ~~ '%Man%'::text)))",                                               
                       "Rows Removed by Filter": 0                                                                                                                              
                     }                                                                                                                                                          
                   ]                                                                                                                                                            
                 }                                                                                                                                                              
               ]                                                                                                                                                                
             },                                                                                                                                                                 
             {                                                                                                                                                                  
               "Node Type": "Index Scan",                                                                                                                                       
               "Parent Relationship": "Inner",                                                                                                                                  
               "Parallel Aware": false,                                                                                                                                         
               "Scan Direction": "Forward",                                                                                                                                     
               "Index Name": "name_pkey",                                                                                                                                       
               "Relation Name": "name",                                                                                                                                         
               "Alias": "n",                                                                                                                                                    
               "Startup Cost": 0.43,                                                                                                                                            
               "Total Cost": 0.46,                                                                                                                                              
               "Plan Rows": 1,                                                                                                                                                  
               "Plan Width": 19,                                                                                                                                                
               "Actual Startup Time": 0.016,                                                                                                                                    
               "Actual Total Time": 0.016,                                                                                                                                      
               "Actual Rows": 1,                                                                                                                                                
               "Actual Loops": 1728,                                                                                                                                            
               "Index Cond": "(id = ci.person_id)",                                                                                                                             
               "Rows Removed by Index Recheck": 0                                                                                                                               
             }                                                                                                                                                                  
           ]                                                                                                                                                                    
         }                                                                                                                                                                      
       ]                                                                                                                                                                        
     },                                                                                                                                                                         
     "Planning Time": 90.058,                                                                                                                                                   
     "Triggers": [                                                                                                                                                              
     ],                                                                                                                                                                         
     "Execution Time": 7328.384                                                                                                                                                 
   }                                                                                                                                                                            
 ]
