[                                                                                                                                                                              
   {                                                                                                                                                                            
     "Plan": {                                                                                                                                                                  
       "Node Type": "Aggregate",                                                                                                                                                
       "Strategy": "Plain",                                                                                                                                                     
       "Partial Mode": "Simple",                                                                                                                                                
       "Parallel Aware": false,                                                                                                                                                 
       "Startup Cost": 528550.66,                                                                                                                                               
       "Total Cost": 528550.67,                                                                                                                                                 
       "Plan Rows": 1,                                                                                                                                                          
       "Plan Width": 96,                                                                                                                                                        
       "Actual Startup Time": 9299.633,                                                                                                                                         
       "Actual Total Time": 9309.887,                                                                                                                                           
       "Actual Rows": 1,                                                                                                                                                        
       "Actual Loops": 1,                                                                                                                                                       
       "Plans": [                                                                                                                                                               
         {                                                                                                                                                                      
           "Node Type": "Nested Loop",                                                                                                                                          
           "Parent Relationship": "Outer",                                                                                                                                      
           "Parallel Aware": false,                                                                                                                                             
           "Join Type": "Inner",                                                                                                                                                
           "Startup Cost": 69714.20,                                                                                                                                            
           "Total Cost": 528550.65,                                                                                                                                             
           "Plan Rows": 1,                                                                                                                                                      
           "Plan Width": 54,                                                                                                                                                    
           "Actual Startup Time": 3689.995,                                                                                                                                     
           "Actual Total Time": 9298.043,                                                                                                                                       
           "Actual Rows": 5400,                                                                                                                                                 
           "Actual Loops": 1,                                                                                                                                                   
           "Inner Unique": true,                                                                                                                                                
           "Plans": [                                                                                                                                                           
             {                                                                                                                                                                  
               "Node Type": "Gather",                                                                                                                                           
               "Parent Relationship": "Outer",                                                                                                                                  
               "Parallel Aware": false,                                                                                                                                         
               "Startup Cost": 69713.77,                                                                                                                                        
               "Total Cost": 528550.20,                                                                                                                                         
               "Plan Rows": 1,                                                                                                                                                  
               "Plan Width": 58,                                                                                                                                                
               "Actual Startup Time": 3689.861,                                                                                                                                 
               "Actual Total Time": 9201.015,                                                                                                                                   
               "Actual Rows": 5400,                                                                                                                                             
               "Actual Loops": 1,                                                                                                                                               
               "Workers Planned": 2,                                                                                                                                            
               "Workers Launched": 2,                                                                                                                                           
               "Single Copy": false,                                                                                                                                            
               "Plans": [                                                                                                                                                       
                 {                                                                                                                                                              
                   "Node Type": "Nested Loop",                                                                                                                                  
                   "Parent Relationship": "Outer",                                                                                                                              
                   "Parallel Aware": false,                                                                                                                                     
                   "Join Type": "Inner",                                                                                                                                        
                   "Startup Cost": 68713.77,                                                                                                                                    
                   "Total Cost": 527550.10,                                                                                                                                     
                   "Plan Rows": 1,                                                                                                                                              
                   "Plan Width": 58,                                                                                                                                            
                   "Actual Startup Time": 3685.239,                                                                                                                             
                   "Actual Total Time": 9251.899,                                                                                                                               
                   "Actual Rows": 1800,                                                                                                                                         
                   "Actual Loops": 3,                                                                                                                                           
                   "Inner Unique": true,                                                                                                                                        
                   "Plans": [                                                                                                                                                   
                     {                                                                                                                                                          
                       "Node Type": "Hash Join",                                                                                                                                
                       "Parent Relationship": "Outer",                                                                                                                          
                       "Parallel Aware": true,                                                                                                                                  
                       "Join Type": "Inner",                                                                                                                                    
                       "Startup Cost": 68713.34,                                                                                                                                
                       "Total Cost": 527547.35,                                                                                                                                 
                       "Plan Rows": 6,                                                                                                                                          
                       "Plan Width": 30,                                                                                                                                        
                       "Actual Startup Time": 3682.903,                                                                                                                         
                       "Actual Total Time": 8939.054,                                                                                                                           
                       "Actual Rows": 63246,                                                                                                                                    
                       "Actual Loops": 3,                                                                                                                                       
                       "Inner Unique": false,                                                                                                                                   
                       "Hash Cond": "(ci.movie_id = t.id)",                                                                                                                     
                       "Plans": [                                                                                                                                               
                         {                                                                                                                                                      
                           "Node Type": "Seq Scan",                                                                                                                             
                           "Parent Relationship": "Outer",                                                                                                                      
                           "Parallel Aware": true,                                                                                                                              
                           "Relation Name": "cast_info",                                                                                                                        
                           "Alias": "ci",                                                                                                                                       
                           "Startup Cost": 0.00,                                                                                                                                
                           "Total Cost": 402615.60,                                                                                                                             
                           "Plan Rows": 14991560,                                                                                                                               
                           "Plan Width": 12,                                                                                                                                    
                           "Actual Startup Time": 0.073,                                                                                                                        
                           "Actual Total Time": 2186.036,                                                                                                                       
                           "Actual Rows": 12081448,                                                                                                                             
                           "Actual Loops": 3                                                                                                                                    
                         },                                                                                                                                                     
                         {                                                                                                                                                      
                           "Node Type": "Hash",                                                                                                                                 
                           "Parent Relationship": "Inner",                                                                                                                      
                           "Parallel Aware": true,                                                                                                                              
                           "Startup Cost": 68713.33,                                                                                                                            
                           "Total Cost": 68713.33,                                                                                                                              
                           "Plan Rows": 1,                                                                                                                                      
                           "Plan Width": 38,                                                                                                                                    
                           "Actual Startup Time": 3682.316,                                                                                                                     
                           "Actual Total Time": 3682.362,                                                                                                                       
                           "Actual Rows": 420,                                                                                                                                  
                           "Actual Loops": 3,                                                                                                                                   
                           "Hash Buckets": 1024,                                                                                                                                
                           "Original Hash Buckets": 1024,                                                                                                                       
                           "Hash Batches": 1,                                                                                                                                   
                           "Original Hash Batches": 1,                                                                                                                          
                           "Peak Memory Usage": 104,                                                                                                                            
                           "Plans": [                                                                                                                                           
                             {                                                                                                                                                  
                               "Node Type": "Nested Loop",                                                                                                                      
                               "Parent Relationship": "Outer",                                                                                                                  
                               "Parallel Aware": false,                                                                                                                         
                               "Join Type": "Inner",                                                                                                                            
                               "Startup Cost": 18340.90,                                                                                                                        
                               "Total Cost": 68713.33,                                                                                                                          
                               "Plan Rows": 1,                                                                                                                                  
                               "Plan Width": 38,                                                                                                                                
                               "Actual Startup Time": 1561.404,                                                                                                                 
                               "Actual Total Time": 3680.716,                                                                                                                   
                               "Actual Rows": 420,                                                                                                                              
                               "Actual Loops": 3,                                                                                                                               
                               "Inner Unique": true,                                                                                                                            
                               "Plans": [                                                                                                                                       
                                 {                                                                                                                                              
                                   "Node Type": "Nested Loop",                                                                                                                  
                                   "Parent Relationship": "Outer",                                                                                                              
                                   "Parallel Aware": false,                                                                                                                     
                                   "Join Type": "Inner",                                                                                                                        
                                   "Startup Cost": 18340.75,                                                                                                                    
                                   "Total Cost": 68713.14,                                                                                                                      
                                   "Plan Rows": 1,                                                                                                                              
                                   "Plan Width": 42,                                                                                                                            
                                   "Actual Startup Time": 1561.352,                                                                                                             
                                   "Actual Total Time": 3675.287,                                                                                                               
                                   "Actual Rows": 1277,                                                                                                                         
                                   "Actual Loops": 3,                                                                                                                           
                                   "Inner Unique": true,                                                                                                                        
                                   "Plans": [                                                                                                                                   
                                     {                                                                                                                                          
                                       "Node Type": "Hash Join",                                                                                                                
                                       "Parent Relationship": "Outer",                                                                                                          
                                       "Parallel Aware": true,                                                                                                                  
                                       "Join Type": "Inner",                                                                                                                    
                                       "Startup Cost": 18340.33,                                                                                                                
                                       "Total Cost": 68712.69,                                                                                                                  
                                       "Plan Rows": 1,                                                                                                                          
                                       "Plan Width": 46,                                                                                                                        
                                       "Actual Startup Time": 1557.809,                                                                                                         
                                       "Actual Total Time": 2280.940,                                                                                                           
                                       "Actual Rows": 296250,                                                                                                                   
                                       "Actual Loops": 3,                                                                                                                       
                                       "Inner Unique": false,                                                                                                                   
                                       "Hash Cond": "(mk.movie_id = t.id)",                                                                                                     
                                       "Plans": [                                                                                                                               
                                         {                                                                                                                                      
                                           "Node Type": "Seq Scan",                                                                                                             
                                           "Parent Relationship": "Outer",                                                                                                      
                                           "Parallel Aware": true,                                                                                                              
                                           "Relation Name": "movie_keyword",                                                                                                    
                                           "Alias": "mk",                                                                                                                       
                                           "Startup Cost": 0.00,                                                                                                                
                                           "Total Cost": 43303.71,                                                                                                              
                                           "Plan Rows": 1884971,                                                                                                                
                                           "Plan Width": 8,                                                                                                                     
                                           "Actual Startup Time": 0.050,                                                                                                        
                                           "Actual Total Time": 291.094,                                                                                                        
                                           "Actual Rows": 1507977,                                                                                                              
                                           "Actual Loops": 3                                                                                                                    
                                         },                                                                                                                                     
                                         {                                                                                                                                      
                                           "Node Type": "Hash",                                                                                                                 
                                           "Parent Relationship": "Inner",                                                                                                      
                                           "Parallel Aware": true,                                                                                                              
                                           "Startup Cost": 18340.32,                                                                                                            
                                           "Total Cost": 18340.32,                                                                                                              
                                           "Plan Rows": 1,                                                                                                                      
                                           "Plan Width": 38,                                                                                                                    
                                           "Actual Startup Time": 1557.555,                                                                                                     
                                           "Actual Total Time": 1557.581,                                                                                                       
                                           "Actual Rows": 4044,                                                                                                                 
                                           "Actual Loops": 3,                                                                                                                   
                                           "Hash Buckets": 16384,                                                                                                               
                                           "Original Hash Buckets": 1024,                                                                                                       
                                           "Hash Batches": 1,                                                                                                                   
                                           "Original Hash Batches": 1,                                                                                                          
                                           "Peak Memory Usage": 1208,                                                                                                           
                                           "Plans": [                                                                                                                           
                                             {                                                                                                                                  
                                               "Node Type": "Hash Join",                                                                                                        
                                               "Parent Relationship": "Outer",                                                                                                  
                                               "Parallel Aware": false,                                                                                                         
                                               "Join Type": "Inner",                                                                                                            
                                               "Startup Cost": 2498.86,                                                                                                         
                                               "Total Cost": 18340.32,                                                                                                          
                                               "Plan Rows": 1,                                                                                                                  
                                               "Plan Width": 38,                                                                                                                
                                               "Actual Startup Time": 1426.725,                                                                                                 
                                               "Actual Total Time": 1539.787,                                                                                                   
                                               "Actual Rows": 4044,                                                                                                             
                                               "Actual Loops": 3,                                                                                                               
                                               "Inner Unique": false,                                                                                                           
                                               "Hash Cond": "(mi_idx.movie_id = t.id)",                                                                                         
                                               "Plans": [                                                                                                                       
                                                 {                                                                                                                              
                                                   "Node Type": "Seq Scan",                                                                                                     
                                                   "Parent Relationship": "Outer",                                                                                              
                                                   "Parallel Aware": true,                                                                                                      
                                                   "Relation Name": "movie_info_idx",                                                                                           
                                                   "Alias": "mi_idx",                                                                                                           
                                                   "Startup Cost": 0.00,                                                                                                        
                                                   "Total Cost": 13685.15,                                                                                                      
                                                   "Plan Rows": 575015,                                                                                                         
                                                   "Plan Width": 13,                                                                                                            
                                                   "Actual Startup Time": 0.045,                                                                                                
                                                   "Actual Total Time": 86.497,                                                                                                 
                                                   "Actual Rows": 460012,                                                                                                       
                                                   "Actual Loops": 3                                                                                                            
                                                 },                                                                                                                             
                                                 {                                                                                                                              
                                                   "Node Type": "Hash",                                                                                                         
                                                   "Parent Relationship": "Inner",                                                                                              
                                                   "Parallel Aware": false,                                                                                                     
                                                   "Startup Cost": 2498.85,                                                                                                     
                                                   "Total Cost": 2498.85,                                                                                                       
                                                   "Plan Rows": 1,                                                                                                              
                                                   "Plan Width": 25,                                                                                                            
                                                   "Actual Startup Time": 1355.266,                                                                                             
                                                   "Actual Total Time": 1355.289,                                                                                               
                                                   "Actual Rows": 4696,                                                                                                         
                                                   "Actual Loops": 3,                                                                                                           
                                                   "Hash Buckets": 8192,                                                                                                        
                                                   "Original Hash Buckets": 1024,                                                                                               
                                                   "Hash Batches": 1,                                                                                                           
                                                   "Original Hash Batches": 1,                                                                                                  
                                                   "Peak Memory Usage": 329,                                                                                                    
                                                   "Plans": [                                                                                                                   
                                                     {                                                                                                                          
                                                       "Node Type": "Nested Loop",                                                                                              
                                                       "Parent Relationship": "Outer",                                                                                          
                                                       "Parallel Aware": false,                                                                                                 
                                                       "Join Type": "Inner",                                                                                                    
                                                       "Startup Cost": 19.50,                                                                                                   
                                                       "Total Cost": 2498.85,                                                                                                   
                                                       "Plan Rows": 1,                                                                                                          
                                                       "Plan Width": 25,                                                                                                        
                                                       "Actual Startup Time": 0.401,                                                                                            
                                                       "Actual Total Time": 1349.547,                                                                                           
                                                       "Actual Rows": 4696,                                                                                                     
                                                       "Actual Loops": 3,                                                                                                       
                                                       "Inner Unique": true,                                                                                                    
                                                       "Plans": [                                                                                                               
                                                         {                                                                                                                      
                                                           "Node Type": "Nested Loop",                                                                                          
                                                           "Parent Relationship": "Outer",                                                                                      
                                                           "Parallel Aware": false,                                                                                             
                                                           "Join Type": "Inner",                                                                                                
                                                           "Startup Cost": 19.36,                                                                                               
                                                           "Total Cost": 2498.67,                                                                                               
                                                           "Plan Rows": 1,                                                                                                      
                                                           "Plan Width": 29,                                                                                                    
                                                           "Actual Startup Time": 0.287,                                                                                        
                                                           "Actual Total Time": 1280.185,                                                                                       
                                                           "Actual Rows": 23557,                                                                                                
                                                           "Actual Loops": 3,                                                                                                   
                                                           "Inner Unique": true,                                                                                                
                                                           "Plans": [                                                                                                           
                                                             {                                                                                                                  
                                                               "Node Type": "Nested Loop",                                                                                      
                                                               "Parent Relationship": "Outer",                                                                                  
                                                               "Parallel Aware": false,                                                                                         
                                                               "Join Type": "Inner",                                                                                            
                                                               "Startup Cost": 18.93,                                                                                           
                                                               "Total Cost": 2496.89,                                                                                           
                                                               "Plan Rows": 1,                                                                                                  
                                                               "Plan Width": 4,                                                                                                 
                                                               "Actual Startup Time": 0.112,                                                                                    
                                                               "Actual Total Time": 189.891,                                                                                    
                                                               "Actual Rows": 85941,                                                                                            
                                                               "Actual Loops": 3,                                                                                               
                                                               "Inner Unique": false,                                                                                           
                                                               "Join Filter": "(cct2.id = cc.status_id)",                                                                       
                                                               "Rows Removed by Join Filter": 85941,                                                                            
                                                               "Plans": [                                                                                                       
                                                                 {                                                                                                              
                                                                   "Node Type": "Seq Scan",                                                                                     
                                                                   "Parent Relationship": "Outer",                                                                              
                                                                   "Parallel Aware": false,                                                                                     
                                                                   "Relation Name": "comp_cast_type",                                                                           
                                                                   "Alias": "cct2",                                                                                             
                                                                   "Startup Cost": 0.00,                                                                                        
                                                                   "Total Cost": 18.88,                                                                                         
                                                                   "Plan Rows": 1,                                                                                              
                                                                   "Plan Width": 4,                                                                                             
                                                                   "Actual Startup Time": 0.040,                                                                                
                                                                   "Actual Total Time": 0.052,                                                                                  
                                                                   "Actual Rows": 2,                                                                                            
                                                                   "Actual Loops": 3,                                                                                           
                                                                   "Filter": "((kind)::text ~~ '%complete%'::text)",                                                            
                                                                   "Rows Removed by Filter": 2                                                                                  
                                                                 },                                                                                                             
                                                                 {                                                                                                              
                                                                   "Node Type": "Hash Join",                                                                                    
                                                                   "Parent Relationship": "Inner",                                                                              
                                                                   "Parallel Aware": false,                                                                                     
                                                                   "Join Type": "Inner",                                                                                        
                                                                   "Startup Cost": 18.93,                                                                                       
                                                                   "Total Cost": 2468.50,                                                                                       
                                                                   "Plan Rows": 761,                                                                                            
                                                                   "Plan Width": 8,                                                                                             
                                                                   "Actual Startup Time": 0.038,                                                                                
                                                                   "Actual Total Time": 80.387,                                                                                 
                                                                   "Actual Rows": 85941,                                                                                        
                                                                   "Actual Loops": 6,                                                                                           
                                                                   "Inner Unique": true,                                                                                        
                                                                   "Hash Cond": "(cc.subject_id = cct1.id)",                                                                    
                                                                   "Plans": [                                                                                                   
                                                                     {                                                                                                          
                                                                       "Node Type": "Seq Scan",                                                                                 
                                                                       "Parent Relationship": "Outer",                                                                          
                                                                       "Parallel Aware": false,                                                                                 
                                                                       "Relation Name": "complete_cast",                                                                        
                                                                       "Alias": "cc",                                                                                           
                                                                       "Startup Cost": 0.00,                                                                                    
                                                                       "Total Cost": 2092.86,                                                                                   
                                                                       "Plan Rows": 135086,                                                                                     
                                                                       "Plan Width": 12,                                                                                        
                                                                       "Actual Startup Time": 0.014,                                                                            
                                                                       "Actual Total Time": 26.514,                                                                             
                                                                       "Actual Rows": 135086,                                                                                   
                                                                       "Actual Loops": 6                                                                                        
                                                                     },                                                                                                         
                                                                     {                                                                                                          
                                                                       "Node Type": "Hash",                                                                                     
                                                                       "Parent Relationship": "Inner",                                                                          
                                                                       "Parallel Aware": false,                                                                                 
                                                                       "Startup Cost": 18.88,                                                                                   
                                                                       "Total Cost": 18.88,                                                                                     
                                                                       "Plan Rows": 4,                                                                                          
                                                                       "Plan Width": 4,                                                                                         
                                                                       "Actual Startup Time": 0.017,                                                                            
                                                                       "Actual Total Time": 0.019,                                                                              
                                                                       "Actual Rows": 1,                                                                                        
                                                                       "Actual Loops": 3,                                                                                       
                                                                       "Hash Buckets": 1024,                                                                                    
                                                                       "Original Hash Buckets": 1024,                                                                           
                                                                       "Hash Batches": 1,                                                                                       
                                                                       "Original Hash Batches": 1,                                                                              
                                                                       "Peak Memory Usage": 9,                                                                                  
                                                                       "Plans": [                                                                                               
                                                                         {                                                                                                      
                                                                           "Node Type": "Seq Scan",                                                                             
                                                                           "Parent Relationship": "Outer",                                                                      
                                                                           "Parallel Aware": false,                                                                             
                                                                           "Relation Name": "comp_cast_type",                                                                   
                                                                           "Alias": "cct1",                                                                                     
                                                                           "Startup Cost": 0.00,                                                                                
                                                                           "Total Cost": 18.88,                                                                                 
                                                                           "Plan Rows": 4,                                                                                      
                                                                           "Plan Width": 4,                                                                                     
                                                                           "Actual Startup Time": 0.008,                                                                        
                                                                           "Actual Total Time": 0.010,                                                                          
                                                                           "Actual Rows": 1,                                                                                    
                                                                           "Actual Loops": 3,                                                                                   
                                                                           "Filter": "((kind)::text = 'cast'::text)",                                                           
                                                                           "Rows Removed by Filter": 3                                                                          
                                                                         }                                                                                                      
                                                                       ]                                                                                                        
                                                                     }                                                                                                          
                                                                   ]                                                                                                            
                                                                 }                                                                                                              
                                                               ]                                                                                                                
                                                             },                                                                                                                 
                                                             {                                                                                                                  
                                                               "Node Type": "Index Scan",                                                                                       
                                                               "Parent Relationship": "Inner",                                                                                  
                                                               "Parallel Aware": false,                                                                                         
                                                               "Scan Direction": "Forward",                                                                                     
                                                               "Index Name": "title_pkey",                                                                                      
                                                               "Relation Name": "title",                                                                                        
                                                               "Alias": "t",                                                                                                    
                                                               "Startup Cost": 0.43,                                                                                            
                                                               "Total Cost": 1.78,                                                                                              
                                                               "Plan Rows": 1,                                                                                                  
                                                               "Plan Width": 25,                                                                                                
                                                               "Actual Startup Time": 0.012,                                                                                    
                                                               "Actual Total Time": 0.012,                                                                                      
                                                               "Actual Rows": 0,                                                                                                
                                                               "Actual Loops": 257823,                                                                                          
                                                               "Index Cond": "(id = cc.movie_id)",                                                                              
                                                               "Rows Removed by Index Recheck": 0,                                                                              
                                                               "Filter": "(production_year > 2000)",                                                                            
                                                               "Rows Removed by Filter": 1                                                                                      
                                                             }                                                                                                                  
                                                           ]                                                                                                                    
                                                         },                                                                                                                     
                                                         {                                                                                                                      
                                                           "Node Type": "Index Scan",                                                                                           
                                                           "Parent Relationship": "Inner",                                                                                      
                                                           "Parallel Aware": false,                                                                                             
                                                           "Scan Direction": "Forward",                                                                                         
                                                           "Index Name": "kind_type_pkey",                                                                                      
                                                           "Relation Name": "kind_type",                                                                                        
                                                           "Alias": "kt",                                                                                                       
                                                           "Startup Cost": 0.15,                                                                                                
                                                           "Total Cost": 0.17,                                                                                                  
                                                           "Plan Rows": 1,                                                                                                      
                                                           "Plan Width": 4,                                                                                                     
                                                           "Actual Startup Time": 0.002,                                                                                        
                                                           "Actual Total Time": 0.002,                                                                                          
                                                           "Actual Rows": 0,                                                                                                    
                                                           "Actual Loops": 70671,                                                                                               
                                                           "Index Cond": "(id = t.kind_id)",                                                                                    
                                                           "Rows Removed by Index Recheck": 0,                                                                                  
                                                           "Filter": "((kind)::text = 'movie'::text)",                                                                          
                                                           "Rows Removed by Filter": 1                                                                                          
                                                         }                                                                                                                      
                                                       ]                                                                                                                        
                                                     }                                                                                                                          
                                                   ]                                                                                                                            
                                                 }                                                                                                                              
                                               ]                                                                                                                                
                                             }                                                                                                                                  
                                           ]                                                                                                                                    
                                         }                                                                                                                                      
                                       ]                                                                                                                                        
                                     },                                                                                                                                         
                                     {                                                                                                                                          
                                       "Node Type": "Index Scan",                                                                                                               
                                       "Parent Relationship": "Inner",                                                                                                          
                                       "Parallel Aware": false,                                                                                                                 
                                       "Scan Direction": "Forward",                                                                                                             
                                       "Index Name": "keyword_pkey",                                                                                                            
                                       "Relation Name": "keyword",                                                                                                              
                                       "Alias": "k",                                                                                                                            
                                       "Startup Cost": 0.42,                                                                                                                    
                                       "Total Cost": 0.45,                                                                                                                      
                                       "Plan Rows": 1,                                                                                                                          
                                       "Plan Width": 4,                                                                                                                         
                                       "Actual Startup Time": 0.004,                                                                                                            
                                       "Actual Total Time": 0.004,                                                                                                              
                                       "Actual Rows": 0,                                                                                                                        
                                       "Actual Loops": 888749,                                                                                                                  
                                       "Index Cond": "(id = mk.keyword_id)",                                                                                                    
                                       "Rows Removed by Index Recheck": 0,                                                                                                      
                                       "Filter": "((keyword)::text = ANY ('{superhero,marvel-comics,based-on-comic,tv-special,fight,violence,magnet,web,claw,laser}'::text[]))",
                                       "Rows Removed by Filter": 1                                                                                                              
                                     }                                                                                                                                          
                                   ]                                                                                                                                            
                                 },                                                                                                                                             
                                 {                                                                                                                                              
                                   "Node Type": "Index Scan",                                                                                                                   
                                   "Parent Relationship": "Inner",                                                                                                              
                                   "Parallel Aware": false,                                                                                                                     
                                   "Scan Direction": "Forward",                                                                                                                 
                                   "Index Name": "info_type_pkey",                                                                                                              
                                   "Relation Name": "info_type",                                                                                                                
                                   "Alias": "it2",                                                                                                                              
                                   "Startup Cost": 0.14,                                                                                                                        
                                   "Total Cost": 0.16,                                                                                                                          
                                   "Plan Rows": 1,                                                                                                                              
                                   "Plan Width": 4,                                                                                                                             
                                   "Actual Startup Time": 0.003,                                                                                                                
                                   "Actual Total Time": 0.003,                                                                                                                  
                                   "Actual Rows": 0,                                                                                                                            
                                   "Actual Loops": 3831,                                                                                                                        
                                   "Index Cond": "(id = mi_idx.info_type_id)",                                                                                                  
                                   "Rows Removed by Index Recheck": 0,                                                                                                          
                                   "Filter": "((info)::text = 'rating'::text)",                                                                                                 
                                   "Rows Removed by Filter": 1                                                                                                                  
                                 }                                                                                                                                              
                               ]                                                                                                                                                
                             }                                                                                                                                                  
                           ]                                                                                                                                                    
                         }                                                                                                                                                      
                       ]                                                                                                                                                        
                     },                                                                                                                                                         
                     {                                                                                                                                                          
                       "Node Type": "Index Scan",                                                                                                                               
                       "Parent Relationship": "Inner",                                                                                                                          
                       "Parallel Aware": false,                                                                                                                                 
                       "Scan Direction": "Forward",                                                                                                                             
                       "Index Name": "char_name_pkey",                                                                                                                          
                       "Relation Name": "char_name",                                                                                                                            
                       "Alias": "chn",                                                                                                                                          
                       "Startup Cost": 0.43,                                                                                                                                    
                       "Total Cost": 0.46,                                                                                                                                      
                       "Plan Rows": 1,                                                                                                                                          
                       "Plan Width": 36,                                                                                                                                        
                       "Actual Startup Time": 0.004,                                                                                                                            
                       "Actual Total Time": 0.004,                                                                                                                              
                       "Actual Rows": 0,                                                                                                                                        
                       "Actual Loops": 189738,                                                                                                                                  
                       "Index Cond": "(id = ci.person_role_id)",                                                                                                                
                       "Rows Removed by Index Recheck": 0,                                                                                                                      
                       "Filter": "((name IS NOT NULL) AND (((name)::text ~~ '%man%'::text) OR ((name)::text ~~ '%Man%'::text)))",                                               
                       "Rows Removed by Filter": 0                                                                                                                              
                     }                                                                                                                                                          
                   ]                                                                                                                                                            
                 }                                                                                                                                                              
               ]                                                                                                                                                                
             },                                                                                                                                                                 
             {                                                                                                                                                                  
               "Node Type": "Index Only Scan",                                                                                                                                  
               "Parent Relationship": "Inner",                                                                                                                                  
               "Parallel Aware": false,                                                                                                                                         
               "Scan Direction": "Forward",                                                                                                                                     
               "Index Name": "name_pkey",                                                                                                                                       
               "Relation Name": "name",                                                                                                                                         
               "Alias": "n",                                                                                                                                                    
               "Startup Cost": 0.43,                                                                                                                                            
               "Total Cost": 0.46,                                                                                                                                              
               "Plan Rows": 1,                                                                                                                                                  
               "Plan Width": 4,                                                                                                                                                 
               "Actual Startup Time": 0.017,                                                                                                                                    
               "Actual Total Time": 0.017,                                                                                                                                      
               "Actual Rows": 1,                                                                                                                                                
               "Actual Loops": 5400,                                                                                                                                            
               "Index Cond": "(id = ci.person_id)",                                                                                                                             
               "Rows Removed by Index Recheck": 0,                                                                                                                              
               "Heap Fetches": 5400                                                                                                                                             
             }                                                                                                                                                                  
           ]                                                                                                                                                                    
         }                                                                                                                                                                      
       ]                                                                                                                                                                        
     },                                                                                                                                                                         
     "Planning Time": 89.740,                                                                                                                                                   
     "Triggers": [                                                                                                                                                              
     ],                                                                                                                                                                         
     "Execution Time": 9310.537                                                                                                                                                 
   }                                                                                                                                                                            
 ]
