[                                                                                                                                                                                               
   {                                                                                                                                                                                             
     "Plan": {                                                                                                                                                                                   
       "Node Type": "Aggregate",                                                                                                                                                                 
       "Strategy": "Plain",                                                                                                                                                                      
       "Partial Mode": "Simple",                                                                                                                                                                 
       "Parallel Aware": false,                                                                                                                                                                  
       "Startup Cost": 418089.65,                                                                                                                                                                
       "Total Cost": 418089.66,                                                                                                                                                                  
       "Plan Rows": 1,                                                                                                                                                                           
       "Plan Width": 96,                                                                                                                                                                         
       "Actual Startup Time": 7081.535,                                                                                                                                                          
       "Actual Total Time": 7088.075,                                                                                                                                                            
       "Actual Rows": 1,                                                                                                                                                                         
       "Actual Loops": 1,                                                                                                                                                                        
       "Plans": [                                                                                                                                                                                
         {                                                                                                                                                                                       
           "Node Type": "Gather",                                                                                                                                                                
           "Parent Relationship": "Outer",                                                                                                                                                       
           "Parallel Aware": false,                                                                                                                                                              
           "Startup Cost": 367717.16,                                                                                                                                                            
           "Total Cost": 418089.65,                                                                                                                                                              
           "Plan Rows": 1,                                                                                                                                                                       
           "Plan Width": 54,                                                                                                                                                                     
           "Actual Startup Time": 4786.255,                                                                                                                                                      
           "Actual Total Time": 7078.857,                                                                                                                                                        
           "Actual Rows": 8373,                                                                                                                                                                  
           "Actual Loops": 1,                                                                                                                                                                    
           "Workers Planned": 2,                                                                                                                                                                 
           "Workers Launched": 2,                                                                                                                                                                
           "Single Copy": false,                                                                                                                                                                 
           "Plans": [                                                                                                                                                                            
             {                                                                                                                                                                                   
               "Node Type": "Nested Loop",                                                                                                                                                       
               "Parent Relationship": "Outer",                                                                                                                                                   
               "Parallel Aware": false,                                                                                                                                                          
               "Join Type": "Inner",                                                                                                                                                             
               "Startup Cost": 366717.16,                                                                                                                                                        
               "Total Cost": 417089.55,                                                                                                                                                          
               "Plan Rows": 1,                                                                                                                                                                   
               "Plan Width": 54,                                                                                                                                                                 
               "Actual Startup Time": 4769.959,                                                                                                                                                  
               "Actual Total Time": 7067.187,                                                                                                                                                    
               "Actual Rows": 2791,                                                                                                                                                              
               "Actual Loops": 3,                                                                                                                                                                
               "Inner Unique": true,                                                                                                                                                             
               "Plans": [                                                                                                                                                                        
                 {                                                                                                                                                                               
                   "Node Type": "Hash Join",                                                                                                                                                     
                   "Parent Relationship": "Outer",                                                                                                                                               
                   "Parallel Aware": true,                                                                                                                                                       
                   "Join Type": "Inner",                                                                                                                                                         
                   "Startup Cost": 366716.74,                                                                                                                                                    
                   "Total Cost": 417089.10,                                                                                                                                                      
                   "Plan Rows": 1,                                                                                                                                                               
                   "Plan Width": 58,                                                                                                                                                             
                   "Actual Startup Time": 4753.188,                                                                                                                                              
                   "Actual Total Time": 5493.247,                                                                                                                                                
                   "Actual Rows": 383784,                                                                                                                                                        
                   "Actual Loops": 3,                                                                                                                                                            
                   "Inner Unique": false,                                                                                                                                                        
                   "Hash Cond": "(mk.movie_id = t.id)",                                                                                                                                          
                   "Plans": [                                                                                                                                                                    
                     {                                                                                                                                                                           
                       "Node Type": "Seq Scan",                                                                                                                                                  
                       "Parent Relationship": "Outer",                                                                                                                                           
                       "Parallel Aware": true,                                                                                                                                                   
                       "Relation Name": "movie_keyword",                                                                                                                                         
                       "Alias": "mk",                                                                                                                                                            
                       "Startup Cost": 0.00,                                                                                                                                                     
                       "Total Cost": 43303.71,                                                                                                                                                   
                       "Plan Rows": 1884971,                                                                                                                                                     
                       "Plan Width": 8,                                                                                                                                                          
                       "Actual Startup Time": 0.061,                                                                                                                                             
                       "Actual Total Time": 288.064,                                                                                                                                             
                       "Actual Rows": 1507977,                                                                                                                                                   
                       "Actual Loops": 3                                                                                                                                                         
                     },                                                                                                                                                                          
                     {                                                                                                                                                                           
                       "Node Type": "Hash",                                                                                                                                                      
                       "Parent Relationship": "Inner",                                                                                                                                           
                       "Parallel Aware": true,                                                                                                                                                   
                       "Startup Cost": 366716.73,                                                                                                                                                
                       "Total Cost": 366716.73,                                                                                                                                                  
                       "Plan Rows": 1,                                                                                                                                                           
                       "Plan Width": 74,                                                                                                                                                         
                       "Actual Startup Time": 4752.636,                                                                                                                                          
                       "Actual Total Time": 4752.711,                                                                                                                                            
                       "Actual Rows": 3818,                                                                                                                                                      
                       "Actual Loops": 3,                                                                                                                                                        
                       "Hash Buckets": 16384,                                                                                                                                                    
                       "Original Hash Buckets": 1024,                                                                                                                                            
                       "Hash Batches": 1,                                                                                                                                                        
                       "Original Hash Batches": 1,                                                                                                                                               
                       "Peak Memory Usage": 1368,                                                                                                                                                
                       "Plans": [                                                                                                                                                                
                         {                                                                                                                                                                       
                           "Node Type": "Nested Loop",                                                                                                                                           
                           "Parent Relationship": "Outer",                                                                                                                                       
                           "Parallel Aware": false,                                                                                                                                              
                           "Join Type": "Inner",                                                                                                                                                 
                           "Startup Cost": 349494.63,                                                                                                                                            
                           "Total Cost": 366716.73,                                                                                                                                              
                           "Plan Rows": 1,                                                                                                                                                       
                           "Plan Width": 74,                                                                                                                                                     
                           "Actual Startup Time": 4345.047,                                                                                                                                      
                           "Actual Total Time": 4708.821,                                                                                                                                        
                           "Actual Rows": 3818,                                                                                                                                                  
                           "Actual Loops": 3,                                                                                                                                                    
                           "Inner Unique": true,                                                                                                                                                 
                           "Plans": [                                                                                                                                                            
                             {                                                                                                                                                                   
                               "Node Type": "Hash Join",                                                                                                                                         
                               "Parent Relationship": "Outer",                                                                                                                                   
                               "Parallel Aware": true,                                                                                                                                           
                               "Join Type": "Inner",                                                                                                                                             
                               "Startup Cost": 349494.49,                                                                                                                                        
                               "Total Cost": 366716.55,                                                                                                                                          
                               "Plan Rows": 1,                                                                                                                                                   
                               "Plan Width": 78,                                                                                                                                                 
                               "Actual Startup Time": 4344.981,                                                                                                                                  
                               "Actual Total Time": 4682.205,                                                                                                                                    
                               "Actual Rows": 11443,                                                                                                                                             
                               "Actual Loops": 3,                                                                                                                                                
                               "Inner Unique": false,                                                                                                                                            
                               "Hash Cond": "(mi_idx.movie_id = t.id)",                                                                                                                          
                               "Plans": [                                                                                                                                                        
                                 {                                                                                                                                                               
                                   "Node Type": "Seq Scan",                                                                                                                                      
                                   "Parent Relationship": "Outer",                                                                                                                               
                                   "Parallel Aware": true,                                                                                                                                       
                                   "Relation Name": "movie_info_idx",                                                                                                                            
                                   "Alias": "mi_idx",                                                                                                                                            
                                   "Startup Cost": 0.00,                                                                                                                                         
                                   "Total Cost": 15122.68,                                                                                                                                       
                                   "Plan Rows": 559831,                                                                                                                                          
                                   "Plan Width": 13,                                                                                                                                             
                                   "Actual Startup Time": 0.084,                                                                                                                                 
                                   "Actual Total Time": 243.079,                                                                                                                                 
                                   "Actual Rows": 447852,                                                                                                                                        
                                   "Actual Loops": 3,                                                                                                                                            
                                   "Filter": "((info)::text < '8.5'::text)",                                                                                                                     
                                   "Rows Removed by Filter": 12160                                                                                                                               
                                 },                                                                                                                                                              
                                 {                                                                                                                                                               
                                   "Node Type": "Hash",                                                                                                                                          
                                   "Parent Relationship": "Inner",                                                                                                                               
                                   "Parallel Aware": true,                                                                                                                                       
                                   "Startup Cost": 349494.48,                                                                                                                                    
                                   "Total Cost": 349494.48,                                                                                                                                      
                                   "Plan Rows": 1,                                                                                                                                               
                                   "Plan Width": 65,                                                                                                                                             
                                   "Actual Startup Time": 4344.294,                                                                                                                              
                                   "Actual Total Time": 4344.353,                                                                                                                                
                                   "Actual Rows": 3970,                                                                                                                                          
                                   "Actual Loops": 3,                                                                                                                                            
                                   "Hash Buckets": 16384,                                                                                                                                        
                                   "Original Hash Buckets": 1024,                                                                                                                                
                                   "Hash Batches": 1,                                                                                                                                            
                                   "Original Hash Batches": 1,                                                                                                                                   
                                   "Peak Memory Usage": 1336,                                                                                                                                    
                                   "Plans": [                                                                                                                                                    
                                     {                                                                                                                                                           
                                       "Node Type": "Nested Loop",                                                                                                                               
                                       "Parent Relationship": "Outer",                                                                                                                           
                                       "Parallel Aware": false,                                                                                                                                  
                                       "Join Type": "Inner",                                                                                                                                     
                                       "Startup Cost": 304083.55,                                                                                                                                
                                       "Total Cost": 349494.48,                                                                                                                                  
                                       "Plan Rows": 1,                                                                                                                                           
                                       "Plan Width": 65,                                                                                                                                         
                                       "Actual Startup Time": 3644.750,                                                                                                                          
                                       "Actual Total Time": 4270.036,                                                                                                                            
                                       "Actual Rows": 3970,                                                                                                                                      
                                       "Actual Loops": 3,                                                                                                                                        
                                       "Inner Unique": true,                                                                                                                                     
                                       "Plans": [                                                                                                                                                
                                         {                                                                                                                                                       
                                           "Node Type": "Nested Loop",                                                                                                                           
                                           "Parent Relationship": "Outer",                                                                                                                       
                                           "Parallel Aware": false,                                                                                                                              
                                           "Join Type": "Inner",                                                                                                                                 
                                           "Startup Cost": 304083.40,                                                                                                                            
                                           "Total Cost": 349494.30,                                                                                                                              
                                           "Plan Rows": 1,                                                                                                                                       
                                           "Plan Width": 69,                                                                                                                                     
                                           "Actual Startup Time": 3644.663,                                                                                                                      
                                           "Actual Total Time": 4258.031,                                                                                                                        
                                           "Actual Rows": 4102,                                                                                                                                  
                                           "Actual Loops": 3,                                                                                                                                    
                                           "Inner Unique": true,                                                                                                                                 
                                           "Plans": [                                                                                                                                            
                                             {                                                                                                                                                   
                                               "Node Type": "Nested Loop",                                                                                                                       
                                               "Parent Relationship": "Outer",                                                                                                                   
                                               "Parallel Aware": false,                                                                                                                          
                                               "Join Type": "Inner",                                                                                                                             
                                               "Startup Cost": 304082.97,                                                                                                                        
                                               "Total Cost": 349493.59,                                                                                                                          
                                               "Plan Rows": 1,                                                                                                                                   
                                               "Plan Width": 44,                                                                                                                                 
                                               "Actual Startup Time": 3643.404,                                                                                                                  
                                               "Actual Total Time": 4174.843,                                                                                                                    
                                               "Actual Rows": 10053,                                                                                                                             
                                               "Actual Loops": 3,                                                                                                                                
                                               "Inner Unique": true,                                                                                                                             
                                               "Plans": [                                                                                                                                        
                                                 {                                                                                                                                               
                                                   "Node Type": "Nested Loop",                                                                                                                   
                                                   "Parent Relationship": "Outer",                                                                                                               
                                                   "Parallel Aware": false,                                                                                                                      
                                                   "Join Type": "Inner",                                                                                                                         
                                                   "Startup Cost": 304082.82,                                                                                                                    
                                                   "Total Cost": 349493.42,                                                                                                                      
                                                   "Plan Rows": 1,                                                                                                                               
                                                   "Plan Width": 48,                                                                                                                             
                                                   "Actual Startup Time": 3643.332,                                                                                                              
                                                   "Actual Total Time": 4148.512,                                                                                                                
                                                   "Actual Rows": 10053,                                                                                                                         
                                                   "Actual Loops": 3,                                                                                                                            
                                                   "Inner Unique": true,                                                                                                                         
                                                   "Plans": [                                                                                                                                    
                                                     {                                                                                                                                           
                                                       "Node Type": "Nested Loop",                                                                                                               
                                                       "Parent Relationship": "Outer",                                                                                                           
                                                       "Parallel Aware": false,                                                                                                                  
                                                       "Join Type": "Inner",                                                                                                                     
                                                       "Startup Cost": 304082.67,                                                                                                                
                                                       "Total Cost": 349493.24,                                                                                                                  
                                                       "Plan Rows": 1,                                                                                                                           
                                                       "Plan Width": 52,                                                                                                                         
                                                       "Actual Startup Time": 3643.265,                                                                                                          
                                                       "Actual Total Time": 4113.268,                                                                                                            
                                                       "Actual Rows": 12584,                                                                                                                     
                                                       "Actual Loops": 3,                                                                                                                        
                                                       "Inner Unique": true,                                                                                                                     
                                                       "Plans": [                                                                                                                                
                                                         {                                                                                                                                       
                                                           "Node Type": "Hash Join",                                                                                                             
                                                           "Parent Relationship": "Outer",                                                                                                       
                                                           "Parallel Aware": true,                                                                                                               
                                                           "Join Type": "Inner",                                                                                                                 
                                                           "Startup Cost": 304082.25,                                                                                                            
                                                           "Total Cost": 349492.69,                                                                                                              
                                                           "Plan Rows": 1,                                                                                                                       
                                                           "Plan Width": 24,                                                                                                                     
                                                           "Actual Startup Time": 3642.244,                                                                                                      
                                                           "Actual Total Time": 4029.701,                                                                                                        
                                                           "Actual Rows": 13685,                                                                                                                 
                                                           "Actual Loops": 3,                                                                                                                    
                                                           "Inner Unique": false,                                                                                                                
                                                           "Hash Cond": "(mc.movie_id = mi.movie_id)",                                                                                           
                                                           "Plans": [                                                                                                                            
                                                             {                                                                                                                                   
                                                               "Node Type": "Seq Scan",                                                                                                          
                                                               "Parent Relationship": "Outer",                                                                                                   
                                                               "Parallel Aware": true,                                                                                                           
                                                               "Relation Name": "movie_companies",                                                                                               
                                                               "Alias": "mc",                                                                                                                    
                                                               "Startup Cost": 0.00,                                                                                                             
                                                               "Total Cost": 45188.06,                                                                                                           
                                                               "Plan Rows": 59298,                                                                                                               
                                                               "Plan Width": 12,                                                                                                                 
                                                               "Actual Startup Time": 0.126,                                                                                                     
                                                               "Actual Total Time": 351.136,                                                                                                     
                                                               "Actual Rows": 101090,                                                                                                            
                                                               "Actual Loops": 3,                                                                                                                
                                                               "Filter": "(((note)::text !~~ '%(USA)%'::text) AND ((note)::text ~~ '%(200%)%'::text))",                                          
                                                               "Rows Removed by Filter": 768619                                                                                                  
                                                             },                                                                                                                                  
                                                             {                                                                                                                                   
                                                               "Node Type": "Hash",                                                                                                              
                                                               "Parent Relationship": "Inner",                                                                                                   
                                                               "Parallel Aware": true,                                                                                                           
                                                               "Startup Cost": 304082.22,                                                                                                        
                                                               "Total Cost": 304082.22,                                                                                                          
                                                               "Plan Rows": 3,                                                                                                                   
                                                               "Plan Width": 12,                                                                                                                 
                                                               "Actual Startup Time": 3641.640,                                                                                                  
                                                               "Actual Total Time": 3641.663,                                                                                                    
                                                               "Actual Rows": 12924,                                                                                                             
                                                               "Actual Loops": 3,                                                                                                                
                                                               "Hash Buckets": 65536,                                                                                                            
                                                               "Original Hash Buckets": 1024,                                                                                                    
                                                               "Hash Batches": 1,                                                                                                                
                                                               "Original Hash Batches": 1,                                                                                                       
                                                               "Peak Memory Usage": 2840,                                                                                                        
                                                               "Plans": [                                                                                                                        
                                                                 {                                                                                                                               
                                                                   "Node Type": "Hash Join",                                                                                                     
                                                                   "Parent Relationship": "Outer",                                                                                               
                                                                   "Parallel Aware": false,                                                                                                      
                                                                   "Join Type": "Inner",                                                                                                         
                                                                   "Startup Cost": 2489.48,                                                                                                      
                                                                   "Total Cost": 304082.22,                                                                                                      
                                                                   "Plan Rows": 3,                                                                                                               
                                                                   "Plan Width": 12,                                                                                                             
                                                                   "Actual Startup Time": 129.698,                                                                                               
                                                                   "Actual Total Time": 2880.466,                                                                                                
                                                                   "Actual Rows": 12924,                                                                                                         
                                                                   "Actual Loops": 3,                                                                                                            
                                                                   "Inner Unique": false,                                                                                                        
                                                                   "Hash Cond": "(mi.movie_id = cc.movie_id)",                                                                                   
                                                                   "Plans": [                                                                                                                    
                                                                     {                                                                                                                           
                                                                       "Node Type": "Seq Scan",                                                                                                  
                                                                       "Parent Relationship": "Outer",                                                                                           
                                                                       "Parallel Aware": true,                                                                                                   
                                                                       "Relation Name": "movie_info",                                                                                            
                                                                       "Alias": "mi",                                                                                                            
                                                                       "Startup Cost": 0.00,                                                                                                     
                                                                       "Total Cost": 300537.00,                                                                                                  
                                                                       "Plan Rows": 281520,                                                                                                      
                                                                       "Plan Width": 8,                                                                                                          
                                                                       "Actual Startup Time": 0.120,                                                                                             
                                                                       "Actual Total Time": 2674.636,                                                                                            
                                                                       "Actual Rows": 238737,                                                                                                    
                                                                       "Actual Loops": 3,                                                                                                        
                                                                       "Filter": "((info)::text = ANY ('{Sweden,Norway,Germany,Denmark,Swedish,Danish,Norwegian,German,USA,American}'::text[]))",
                                                                       "Rows Removed by Filter": 4706503                                                                                         
                                                                     },                                                                                                                          
                                                                     {                                                                                                                           
                                                                       "Node Type": "Hash",                                                                                                      
                                                                       "Parent Relationship": "Inner",                                                                                           
                                                                       "Parallel Aware": false,                                                                                                  
                                                                       "Startup Cost": 2489.43,                                                                                                  
                                                                       "Total Cost": 2489.43,                                                                                                    
                                                                       "Plan Rows": 4,                                                                                                           
                                                                       "Plan Width": 4,                                                                                                          
                                                                       "Actual Startup Time": 129.528,                                                                                           
                                                                       "Actual Total Time": 129.544,                                                                                             
                                                                       "Actual Rows": 68062,                                                                                                     
                                                                       "Actual Loops": 3,                                                                                                        
                                                                       "Hash Buckets": 131072,                                                                                                   
                                                                       "Original Hash Buckets": 1024,                                                                                            
                                                                       "Hash Batches": 1,                                                                                                        
                                                                       "Original Hash Batches": 1,                                                                                               
                                                                       "Peak Memory Usage": 3417,                                                                                                
                                                                       "Plans": [                                                                                                                
                                                                         {                                                                                                                       
                                                                           "Node Type": "Hash Join",                                                                                             
                                                                           "Parent Relationship": "Outer",                                                                                       
                                                                           "Parallel Aware": false,                                                                                              
                                                                           "Join Type": "Inner",                                                                                                 
                                                                           "Startup Cost": 37.85,                                                                                                
                                                                           "Total Cost": 2489.43,                                                                                                
                                                                           "Plan Rows": 4,                                                                                                       
                                                                           "Plan Width": 4,                                                                                                      
                                                                           "Actual Startup Time": 0.120,                                                                                         
                                                                           "Actual Total Time": 105.762,                                                                                         
                                                                           "Actual Rows": 68062,                                                                                                 
                                                                           "Actual Loops": 3,                                                                                                    
                                                                           "Inner Unique": true,                                                                                                 
                                                                           "Hash Cond": "(cc.subject_id = cct1.id)",                                                                             
                                                                           "Plans": [                                                                                                            
                                                                             {                                                                                                                   
                                                                               "Node Type": "Hash Join",                                                                                         
                                                                               "Parent Relationship": "Outer",                                                                                   
                                                                               "Parallel Aware": false,                                                                                          
                                                                               "Join Type": "Inner",                                                                                             
                                                                               "Startup Cost": 18.93,                                                                                            
                                                                               "Total Cost": 2468.50,                                                                                            
                                                                               "Plan Rows": 761,                                                                                                 
                                                                               "Plan Width": 8,                                                                                                  
                                                                               "Actual Startup Time": 0.061,                                                                                     
                                                                               "Actual Total Time": 78.251,                                                                                      
                                                                               "Actual Rows": 110494,                                                                                            
                                                                               "Actual Loops": 3,                                                                                                
                                                                               "Inner Unique": true,                                                                                             
                                                                               "Hash Cond": "(cc.status_id = cct2.id)",                                                                          
                                                                               "Plans": [                                                                                                        
                                                                                 {                                                                                                               
                                                                                   "Node Type": "Seq Scan",                                                                                      
                                                                                   "Parent Relationship": "Outer",                                                                               
                                                                                   "Parallel Aware": false,                                                                                      
                                                                                   "Relation Name": "complete_cast",                                                                             
                                                                                   "Alias": "cc",                                                                                                
                                                                                   "Startup Cost": 0.00,                                                                                         
                                                                                   "Total Cost": 2092.86,                                                                                        
                                                                                   "Plan Rows": 135086,                                                                                          
                                                                                   "Plan Width": 12,                                                                                             
                                                                                   "Actual Startup Time": 0.019,                                                                                 
                                                                                   "Actual Total Time": 20.375,                                                                                  
                                                                                   "Actual Rows": 135086,                                                                                        
                                                                                   "Actual Loops": 3                                                                                             
                                                                                 },                                                                                                              
                                                                                 {                                                                                                               
                                                                                   "Node Type": "Hash",                                                                                          
                                                                                   "Parent Relationship": "Inner",                                                                               
                                                                                   "Parallel Aware": false,                                                                                      
                                                                                   "Startup Cost": 18.88,                                                                                        
                                                                                   "Total Cost": 18.88,                                                                                          
                                                                                   "Plan Rows": 4,                                                                                               
                                                                                   "Plan Width": 4,                                                                                              
                                                                                   "Actual Startup Time": 0.011,                                                                                 
                                                                                   "Actual Total Time": 0.012,                                                                                   
                                                                                   "Actual Rows": 1,                                                                                             
                                                                                   "Actual Loops": 3,                                                                                            
                                                                                   "Hash Buckets": 1024,                                                                                         
                                                                                   "Original Hash Buckets": 1024,                                                                                
                                                                                   "Hash Batches": 1,                                                                                            
                                                                                   "Original Hash Batches": 1,                                                                                   
                                                                                   "Peak Memory Usage": 9,                                                                                       
                                                                                   "Plans": [                                                                                                    
                                                                                     {                                                                                                           
                                                                                       "Node Type": "Seq Scan",                                                                                  
                                                                                       "Parent Relationship": "Outer",                                                                           
                                                                                       "Parallel Aware": false,                                                                                  
                                                                                       "Relation Name": "comp_cast_type",                                                                        
                                                                                       "Alias": "cct2",                                                                                          
                                                                                       "Startup Cost": 0.00,                                                                                     
                                                                                       "Total Cost": 18.88,                                                                                      
                                                                                       "Plan Rows": 4,                                                                                           
                                                                                       "Plan Width": 4,                                                                                          
                                                                                       "Actual Startup Time": 0.005,                                                                             
                                                                                       "Actual Total Time": 0.006,                                                                               
                                                                                       "Actual Rows": 1,                                                                                         
                                                                                       "Actual Loops": 3,                                                                                        
                                                                                       "Filter": "((kind)::text = 'complete'::text)",                                                            
                                                                                       "Rows Removed by Filter": 3                                                                               
                                                                                     }                                                                                                           
                                                                                   ]                                                                                                             
                                                                                 }                                                                                                               
                                                                               ]                                                                                                                 
                                                                             },                                                                                                                  
                                                                             {                                                                                                                   
                                                                               "Node Type": "Hash",                                                                                              
                                                                               "Parent Relationship": "Inner",                                                                                   
                                                                               "Parallel Aware": false,                                                                                          
                                                                               "Startup Cost": 18.88,                                                                                            
                                                                               "Total Cost": 18.88,                                                                                              
                                                                               "Plan Rows": 4,                                                                                                   
                                                                               "Plan Width": 4,                                                                                                  
                                                                               "Actual Startup Time": 0.035,                                                                                     
                                                                               "Actual Total Time": 0.037,                                                                                       
                                                                               "Actual Rows": 1,                                                                                                 
                                                                               "Actual Loops": 3,                                                                                                
                                                                               "Hash Buckets": 1024,                                                                                             
                                                                               "Original Hash Buckets": 1024,                                                                                    
                                                                               "Hash Batches": 1,                                                                                                
                                                                               "Original Hash Batches": 1,                                                                                       
                                                                               "Peak Memory Usage": 9,                                                                                           
                                                                               "Plans": [                                                                                                        
                                                                                 {                                                                                                               
                                                                                   "Node Type": "Seq Scan",                                                                                      
                                                                                   "Parent Relationship": "Outer",                                                                               
                                                                                   "Parallel Aware": false,                                                                                      
                                                                                   "Relation Name": "comp_cast_type",                                                                            
                                                                                   "Alias": "cct1",                                                                                              
                                                                                   "Startup Cost": 0.00,                                                                                         
                                                                                   "Total Cost": 18.88,                                                                                          
                                                                                   "Plan Rows": 4,                                                                                               
                                                                                   "Plan Width": 4,                                                                                              
                                                                                   "Actual Startup Time": 0.025,                                                                                 
                                                                                   "Actual Total Time": 0.027,                                                                                   
                                                                                   "Actual Rows": 1,                                                                                             
                                                                                   "Actual Loops": 3,                                                                                            
                                                                                   "Filter": "((kind)::text = 'cast'::text)",                                                                    
                                                                                   "Rows Removed by Filter": 3                                                                                   
                                                                                 }                                                                                                               
                                                                               ]                                                                                                                 
                                                                             }                                                                                                                   
                                                                           ]                                                                                                                     
                                                                         }                                                                                                                       
                                                                       ]                                                                                                                         
                                                                     }                                                                                                                           
                                                                   ]                                                                                                                             
                                                                 }                                                                                                                               
                                                               ]                                                                                                                                 
                                                             }                                                                                                                                   
                                                           ]                                                                                                                                     
                                                         },                                                                                                                                      
                                                         {                                                                                                                                       
                                                           "Node Type": "Index Scan",                                                                                                            
                                                           "Parent Relationship": "Inner",                                                                                                       
                                                           "Parallel Aware": false,                                                                                                              
                                                           "Scan Direction": "Forward",                                                                                                          
                                                           "Index Name": "company_name_pkey",                                                                                                    
                                                           "Relation Name": "company_name",                                                                                                      
                                                           "Alias": "cn",                                                                                                                        
                                                           "Startup Cost": 0.42,                                                                                                                 
                                                           "Total Cost": 0.55,                                                                                                                   
                                                           "Plan Rows": 1,                                                                                                                       
                                                           "Plan Width": 36,                                                                                                                     
                                                           "Actual Startup Time": 0.005,                                                                                                         
                                                           "Actual Total Time": 0.005,                                                                                                           
                                                           "Actual Rows": 1,                                                                                                                     
                                                           "Actual Loops": 41055,                                                                                                                
                                                           "Index Cond": "(id = mc.company_id)",                                                                                                 
                                                           "Rows Removed by Index Recheck": 0,                                                                                                   
                                                           "Filter": "((country_code)::text <> '[us]'::text)",                                                                                   
                                                           "Rows Removed by Filter": 0                                                                                                           
                                                         }                                                                                                                                       
                                                       ]                                                                                                                                         
                                                     },                                                                                                                                          
                                                     {                                                                                                                                           
                                                       "Node Type": "Index Scan",                                                                                                                
                                                       "Parent Relationship": "Inner",                                                                                                           
                                                       "Parallel Aware": false,                                                                                                                  
                                                       "Scan Direction": "Forward",                                                                                                              
                                                       "Index Name": "info_type_pkey",                                                                                                           
                                                       "Relation Name": "info_type",                                                                                                             
                                                       "Alias": "it1",                                                                                                                           
                                                       "Startup Cost": 0.14,                                                                                                                     
                                                       "Total Cost": 0.16,                                                                                                                       
                                                       "Plan Rows": 1,                                                                                                                           
                                                       "Plan Width": 4,                                                                                                                          
                                                       "Actual Startup Time": 0.002,                                                                                                             
                                                       "Actual Total Time": 0.002,                                                                                                               
                                                       "Actual Rows": 1,                                                                                                                         
                                                       "Actual Loops": 37751,                                                                                                                    
                                                       "Index Cond": "(id = mi.info_type_id)",                                                                                                   
                                                       "Rows Removed by Index Recheck": 0,                                                                                                       
                                                       "Filter": "((info)::text = 'countries'::text)",                                                                                           
                                                       "Rows Removed by Filter": 0                                                                                                               
                                                     }                                                                                                                                           
                                                   ]                                                                                                                                             
                                                 },                                                                                                                                              
                                                 {                                                                                                                                               
                                                   "Node Type": "Index Only Scan",                                                                                                               
                                                   "Parent Relationship": "Inner",                                                                                                               
                                                   "Parallel Aware": false,                                                                                                                      
                                                   "Scan Direction": "Forward",                                                                                                                  
                                                   "Index Name": "company_type_pkey",                                                                                                            
                                                   "Relation Name": "company_type",                                                                                                              
                                                   "Alias": "ct",                                                                                                                                
                                                   "Startup Cost": 0.15,                                                                                                                         
                                                   "Total Cost": 0.17,                                                                                                                           
                                                   "Plan Rows": 1,                                                                                                                               
                                                   "Plan Width": 4,                                                                                                                              
                                                   "Actual Startup Time": 0.002,                                                                                                                 
                                                   "Actual Total Time": 0.002,                                                                                                                   
                                                   "Actual Rows": 1,                                                                                                                             
                                                   "Actual Loops": 30159,                                                                                                                        
                                                   "Index Cond": "(id = mc.company_type_id)",                                                                                                    
                                                   "Rows Removed by Index Recheck": 0,                                                                                                           
                                                   "Heap Fetches": 30159                                                                                                                         
                                                 }                                                                                                                                               
                                               ]                                                                                                                                                 
                                             },                                                                                                                                                  
                                             {                                                                                                                                                   
                                               "Node Type": "Index Scan",                                                                                                                        
                                               "Parent Relationship": "Inner",                                                                                                                   
                                               "Parallel Aware": false,                                                                                                                          
                                               "Scan Direction": "Forward",                                                                                                                      
                                               "Index Name": "title_pkey",                                                                                                                       
                                               "Relation Name": "title",                                                                                                                         
                                               "Alias": "t",                                                                                                                                     
                                               "Startup Cost": 0.43,                                                                                                                             
                                               "Total Cost": 0.72,                                                                                                                               
                                               "Plan Rows": 1,                                                                                                                                   
                                               "Plan Width": 25,                                                                                                                                 
                                               "Actual Startup Time": 0.008,                                                                                                                     
                                               "Actual Total Time": 0.008,                                                                                                                       
                                               "Actual Rows": 0,                                                                                                                                 
                                               "Actual Loops": 30159,                                                                                                                            
                                               "Index Cond": "(id = mi.movie_id)",                                                                                                               
                                               "Rows Removed by Index Recheck": 0,                                                                                                               
                                               "Filter": "(production_year > 2005)",                                                                                                             
                                               "Rows Removed by Filter": 1                                                                                                                       
                                             }                                                                                                                                                   
                                           ]                                                                                                                                                     
                                         },                                                                                                                                                      
                                         {                                                                                                                                                       
                                           "Node Type": "Index Scan",                                                                                                                            
                                           "Parent Relationship": "Inner",                                                                                                                       
                                           "Parallel Aware": false,                                                                                                                              
                                           "Scan Direction": "Forward",                                                                                                                          
                                           "Index Name": "kind_type_pkey",                                                                                                                       
                                           "Relation Name": "kind_type",                                                                                                                         
                                           "Alias": "kt",                                                                                                                                        
                                           "Startup Cost": 0.15,                                                                                                                                 
                                           "Total Cost": 0.17,                                                                                                                                   
                                           "Plan Rows": 1,                                                                                                                                       
                                           "Plan Width": 4,                                                                                                                                      
                                           "Actual Startup Time": 0.002,                                                                                                                         
                                           "Actual Total Time": 0.002,                                                                                                                           
                                           "Actual Rows": 1,                                                                                                                                     
                                           "Actual Loops": 12305,                                                                                                                                
                                           "Index Cond": "(id = t.kind_id)",                                                                                                                     
                                           "Rows Removed by Index Recheck": 0,                                                                                                                   
                                           "Filter": "((kind)::text = ANY ('{movie,episode}'::text[]))",                                                                                         
                                           "Rows Removed by Filter": 0                                                                                                                           
                                         }                                                                                                                                                       
                                       ]                                                                                                                                                         
                                     }                                                                                                                                                           
                                   ]                                                                                                                                                             
                                 }                                                                                                                                                               
                               ]                                                                                                                                                                 
                             },                                                                                                                                                                  
                             {                                                                                                                                                                   
                               "Node Type": "Index Scan",                                                                                                                                        
                               "Parent Relationship": "Inner",                                                                                                                                   
                               "Parallel Aware": false,                                                                                                                                          
                               "Scan Direction": "Forward",                                                                                                                                      
                               "Index Name": "info_type_pkey",                                                                                                                                   
                               "Relation Name": "info_type",                                                                                                                                     
                               "Alias": "it2",                                                                                                                                                   
                               "Startup Cost": 0.14,                                                                                                                                             
                               "Total Cost": 0.16,                                                                                                                                               
                               "Plan Rows": 1,                                                                                                                                                   
                               "Plan Width": 4,                                                                                                                                                  
                               "Actual Startup Time": 0.002,                                                                                                                                     
                               "Actual Total Time": 0.002,                                                                                                                                       
                               "Actual Rows": 0,                                                                                                                                                 
                               "Actual Loops": 34330,                                                                                                                                            
                               "Index Cond": "(id = mi_idx.info_type_id)",                                                                                                                       
                               "Rows Removed by Index Recheck": 0,                                                                                                                               
                               "Filter": "((info)::text = 'rating'::text)",                                                                                                                      
                               "Rows Removed by Filter": 1                                                                                                                                       
                             }                                                                                                                                                                   
                           ]                                                                                                                                                                     
                         }                                                                                                                                                                       
                       ]                                                                                                                                                                         
                     }                                                                                                                                                                           
                   ]                                                                                                                                                                             
                 },                                                                                                                                                                              
                 {                                                                                                                                                                               
                   "Node Type": "Index Scan",                                                                                                                                                    
                   "Parent Relationship": "Inner",                                                                                                                                               
                   "Parallel Aware": false,                                                                                                                                                      
                   "Scan Direction": "Forward",                                                                                                                                                  
                   "Index Name": "keyword_pkey",                                                                                                                                                 
                   "Relation Name": "keyword",                                                                                                                                                   
                   "Alias": "k",                                                                                                                                                                 
                   "Startup Cost": 0.42,                                                                                                                                                         
                   "Total Cost": 0.44,                                                                                                                                                           
                   "Plan Rows": 1,                                                                                                                                                               
                   "Plan Width": 4,                                                                                                                                                              
                   "Actual Startup Time": 0.004,                                                                                                                                                 
                   "Actual Total Time": 0.004,                                                                                                                                                   
                   "Actual Rows": 0,                                                                                                                                                             
                   "Actual Loops": 1151351,                                                                                                                                                      
                   "Index Cond": "(id = mk.keyword_id)",                                                                                                                                         
                   "Rows Removed by Index Recheck": 0,                                                                                                                                           
                   "Filter": "((keyword)::text = ANY ('{murder,murder-in-title,blood,violence}'::text[]))",                                                                                      
                   "Rows Removed by Filter": 1                                                                                                                                                   
                 }                                                                                                                                                                               
               ]                                                                                                                                                                                 
             }                                                                                                                                                                                   
           ]                                                                                                                                                                                     
         }                                                                                                                                                                                       
       ]                                                                                                                                                                                         
     },                                                                                                                                                                                          
     "Planning Time": 106.282,                                                                                                                                                                   
     "Triggers": [                                                                                                                                                                               
     ],                                                                                                                                                                                          
     "Execution Time": 7089.196                                                                                                                                                                  
   }                                                                                                                                                                                             
 ]
