[                                                                                                                                                                                                             
   {                                                                                                                                                                                                           
     "Plan": {                                                                                                                                                                                                 
       "Node Type": "Aggregate",                                                                                                                                                                               
       "Strategy": "Plain",                                                                                                                                                                                    
       "Partial Mode": "Simple",                                                                                                                                                                               
       "Parallel Aware": false,                                                                                                                                                                                
       "Startup Cost": 918267.95,                                                                                                                                                                              
       "Total Cost": 918267.96,                                                                                                                                                                                
       "Plan Rows": 1,                                                                                                                                                                                         
       "Plan Width": 96,                                                                                                                                                                                       
       "Actual Startup Time": 133266.191,                                                                                                                                                                      
       "Actual Total Time": 135047.893,                                                                                                                                                                        
       "Actual Rows": 1,                                                                                                                                                                                       
       "Actual Loops": 1,                                                                                                                                                                                      
       "Plans": [                                                                                                                                                                                              
         {                                                                                                                                                                                                     
           "Node Type": "Nested Loop",                                                                                                                                                                         
           "Parent Relationship": "Outer",                                                                                                                                                                     
           "Parallel Aware": false,                                                                                                                                                                            
           "Join Type": "Inner",                                                                                                                                                                               
           "Startup Cost": 901678.13,                                                                                                                                                                          
           "Total Cost": 918267.94,                                                                                                                                                                            
           "Plan Rows": 1,                                                                                                                                                                                     
           "Plan Width": 64,                                                                                                                                                                                   
           "Actual Startup Time": 109456.431,                                                                                                                                                                  
           "Actual Total Time": 135028.088,                                                                                                                                                                    
           "Actual Rows": 16308,                                                                                                                                                                               
           "Actual Loops": 1,                                                                                                                                                                                  
           "Inner Unique": true,                                                                                                                                                                               
           "Plans": [                                                                                                                                                                                          
             {                                                                                                                                                                                                 
               "Node Type": "Gather",                                                                                                                                                                          
               "Parent Relationship": "Outer",                                                                                                                                                                 
               "Parallel Aware": false,                                                                                                                                                                        
               "Startup Cost": 901677.71,                                                                                                                                                                      
               "Total Cost": 918265.82,                                                                                                                                                                        
               "Plan Rows": 1,                                                                                                                                                                                 
               "Plan Width": 68,                                                                                                                                                                               
               "Actual Startup Time": 69793.895,                                                                                                                                                               
               "Actual Total Time": 129052.272,                                                                                                                                                                
               "Actual Rows": 1722437,                                                                                                                                                                         
               "Actual Loops": 1,                                                                                                                                                                              
               "Workers Planned": 2,                                                                                                                                                                           
               "Workers Launched": 2,                                                                                                                                                                          
               "Single Copy": false,                                                                                                                                                                           
               "Plans": [                                                                                                                                                                                      
                 {                                                                                                                                                                                             
                   "Node Type": "Nested Loop",                                                                                                                                                                 
                   "Parent Relationship": "Outer",                                                                                                                                                             
                   "Parallel Aware": false,                                                                                                                                                                    
                   "Join Type": "Inner",                                                                                                                                                                       
                   "Startup Cost": 900677.71,                                                                                                                                                                  
                   "Total Cost": 917265.72,                                                                                                                                                                    
                   "Plan Rows": 1,                                                                                                                                                                             
                   "Plan Width": 68,                                                                                                                                                                           
                   "Actual Startup Time": 71594.093,                                                                                                                                                           
                   "Actual Total Time": 103333.871,                                                                                                                                                            
                   "Actual Rows": 574146,                                                                                                                                                                      
                   "Actual Loops": 3,                                                                                                                                                                          
                   "Inner Unique": true,                                                                                                                                                                       
                   "Join Filter": "(ci.person_id = n.id)",                                                                                                                                                     
                   "Rows Removed by Join Filter": 0,                                                                                                                                                           
                   "Plans": [                                                                                                                                                                                  
                     {                                                                                                                                                                                         
                       "Node Type": "Hash Join",                                                                                                                                                               
                       "Parent Relationship": "Outer",                                                                                                                                                         
                       "Parallel Aware": true,                                                                                                                                                                 
                       "Join Type": "Inner",                                                                                                                                                                   
                       "Startup Cost": 900677.28,                                                                                                                                                              
                       "Total Cost": 917263.39,                                                                                                                                                                
                       "Plan Rows": 1,                                                                                                                                                                         
                       "Plan Width": 65,                                                                                                                                                                       
                       "Actual Startup Time": 67541.590,                                                                                                                                                       
                       "Actual Total Time": 72188.849,                                                                                                                                                         
                       "Actual Rows": 8498506,                                                                                                                                                                 
                       "Actual Loops": 3,                                                                                                                                                                      
                       "Inner Unique": false,                                                                                                                                                                  
                       "Hash Cond": "(an.person_id = ci.person_id)",                                                                                                                                           
                       "Plans": [                                                                                                                                                                              
                         {                                                                                                                                                                                     
                           "Node Type": "Seq Scan",                                                                                                                                                            
                           "Parent Relationship": "Outer",                                                                                                                                                     
                           "Parallel Aware": true,                                                                                                                                                             
                           "Relation Name": "aka_name",                                                                                                                                                        
                           "Alias": "an",                                                                                                                                                                      
                           "Startup Cost": 0.00,                                                                                                                                                               
                           "Total Cost": 15175.53,                                                                                                                                                             
                           "Plan Rows": 376153,                                                                                                                                                                
                           "Plan Width": 4,                                                                                                                                                                    
                           "Actual Startup Time": 0.085,                                                                                                                                                       
                           "Actual Total Time": 99.501,                                                                                                                                                        
                           "Actual Rows": 300448,                                                                                                                                                              
                           "Actual Loops": 3                                                                                                                                                                   
                         },                                                                                                                                                                                    
                         {                                                                                                                                                                                     
                           "Node Type": "Hash",                                                                                                                                                                
                           "Parent Relationship": "Inner",                                                                                                                                                     
                           "Parallel Aware": true,                                                                                                                                                             
                           "Startup Cost": 900677.26,                                                                                                                                                          
                           "Total Cost": 900677.26,                                                                                                                                                            
                           "Plan Rows": 1,                                                                                                                                                                     
                           "Plan Width": 61,                                                                                                                                                                   
                           "Actual Startup Time": 67283.570,                                                                                                                                                   
                           "Actual Total Time": 67284.227,                                                                                                                                                     
                           "Actual Rows": 2459872,                                                                                                                                                             
                           "Actual Loops": 3,                                                                                                                                                                  
                           "Hash Buckets": 65536,                                                                                                                                                              
                           "Original Hash Buckets": 1024,                                                                                                                                                      
                           "Hash Batches": 64,                                                                                                                                                                 
                           "Original Hash Batches": 1,                                                                                                                                                         
                           "Peak Memory Usage": 53344,                                                                                                                                                         
                           "Plans": [                                                                                                                                                                          
                             {                                                                                                                                                                                 
                               "Node Type": "Nested Loop",                                                                                                                                                     
                               "Parent Relationship": "Outer",                                                                                                                                                 
                               "Parallel Aware": false,                                                                                                                                                        
                               "Join Type": "Inner",                                                                                                                                                           
                               "Startup Cost": 832655.07,                                                                                                                                                      
                               "Total Cost": 900677.26,                                                                                                                                                        
                               "Plan Rows": 1,                                                                                                                                                                 
                               "Plan Width": 61,                                                                                                                                                               
                               "Actual Startup Time": 33715.597,                                                                                                                                               
                               "Actual Total Time": 64957.797,                                                                                                                                                 
                               "Actual Rows": 2459872,                                                                                                                                                         
                               "Actual Loops": 3,                                                                                                                                                              
                               "Inner Unique": true,                                                                                                                                                           
                               "Plans": [                                                                                                                                                                      
                                 {                                                                                                                                                                             
                                   "Node Type": "Hash Join",                                                                                                                                                   
                                   "Parent Relationship": "Outer",                                                                                                                                             
                                   "Parallel Aware": true,                                                                                                                                                     
                                   "Join Type": "Inner",                                                                                                                                                       
                                   "Startup Cost": 832654.93,                                                                                                                                                  
                                   "Total Cost": 900675.62,                                                                                                                                                    
                                   "Plan Rows": 10,                                                                                                                                                            
                                   "Plan Width": 65,                                                                                                                                                           
                                   "Actual Startup Time": 33615.789,                                                                                                                                           
                                   "Actual Total Time": 37873.602,                                                                                                                                             
                                   "Actual Rows": 9367935,                                                                                                                                                     
                                   "Actual Loops": 3,                                                                                                                                                          
                                   "Inner Unique": false,                                                                                                                                                      
                                   "Hash Cond": "(pi.person_id = ci.person_id)",                                                                                                                               
                                   "Plans": [                                                                                                                                                                  
                                     {                                                                                                                                                                         
                                       "Node Type": "Seq Scan",                                                                                                                                                
                                       "Parent Relationship": "Outer",                                                                                                                                         
                                       "Parallel Aware": true,                                                                                                                                                 
                                       "Relation Name": "person_info",                                                                                                                                         
                                       "Alias": "pi",                                                                                                                                                          
                                       "Startup Cost": 0.00,                                                                                                                                                   
                                       "Total Cost": 63392.52,                                                                                                                                                 
                                       "Plan Rows": 1234152,                                                                                                                                                   
                                       "Plan Width": 8,                                                                                                                                                        
                                       "Actual Startup Time": 0.063,                                                                                                                                           
                                       "Actual Total Time": 354.452,                                                                                                                                           
                                       "Actual Rows": 987888,                                                                                                                                                  
                                       "Actual Loops": 3                                                                                                                                                       
                                     },                                                                                                                                                                        
                                     {                                                                                                                                                                         
                                       "Node Type": "Hash",                                                                                                                                                    
                                       "Parent Relationship": "Inner",                                                                                                                                         
                                       "Parallel Aware": true,                                                                                                                                                 
                                       "Startup Cost": 832654.92,                                                                                                                                              
                                       "Total Cost": 832654.92,                                                                                                                                                
                                       "Plan Rows": 1,                                                                                                                                                         
                                       "Plan Width": 57,                                                                                                                                                       
                                       "Actual Startup Time": 32216.824,                                                                                                                                       
                                       "Actual Total Time": 32217.035,                                                                                                                                         
                                       "Actual Rows": 264325,                                                                                                                                                  
                                       "Actual Loops": 3,                                                                                                                                                      
                                       "Hash Buckets": 65536,                                                                                                                                                  
                                       "Original Hash Buckets": 1024,                                                                                                                                          
                                       "Hash Batches": 2048,                                                                                                                                                   
                                       "Original Hash Batches": 1,                                                                                                                                             
                                       "Peak Memory Usage": 4864,                                                                                                                                              
                                       "Plans": [                                                                                                                                                              
                                         {                                                                                                                                                                     
                                           "Node Type": "Nested Loop",                                                                                                                                         
                                           "Parent Relationship": "Outer",                                                                                                                                     
                                           "Parallel Aware": false,                                                                                                                                            
                                           "Join Type": "Inner",                                                                                                                                               
                                           "Startup Cost": 353952.92,                                                                                                                                          
                                           "Total Cost": 832654.92,                                                                                                                                            
                                           "Plan Rows": 1,                                                                                                                                                     
                                           "Plan Width": 57,                                                                                                                                                   
                                           "Actual Startup Time": 10670.951,                                                                                                                                   
                                           "Actual Total Time": 29070.425,                                                                                                                                     
                                           "Actual Rows": 264325,                                                                                                                                              
                                           "Actual Loops": 3,                                                                                                                                                  
                                           "Inner Unique": true,                                                                                                                                               
                                           "Plans": [                                                                                                                                                          
                                             {                                                                                                                                                                 
                                               "Node Type": "Nested Loop",                                                                                                                                     
                                               "Parent Relationship": "Outer",                                                                                                                                 
                                               "Parallel Aware": false,                                                                                                                                        
                                               "Join Type": "Inner",                                                                                                                                           
                                               "Startup Cost": 353952.77,                                                                                                                                      
                                               "Total Cost": 832653.62,                                                                                                                                        
                                               "Plan Rows": 1,                                                                                                                                                 
                                               "Plan Width": 61,                                                                                                                                               
                                               "Actual Startup Time": 10639.761,                                                                                                                               
                                               "Actual Total Time": 27714.053,                                                                                                                                 
                                               "Actual Rows": 615529,                                                                                                                                          
                                               "Actual Loops": 3,                                                                                                                                              
                                               "Inner Unique": true,                                                                                                                                           
                                               "Plans": [                                                                                                                                                      
                                                 {                                                                                                                                                             
                                                   "Node Type": "Nested Loop",                                                                                                                                 
                                                   "Parent Relationship": "Outer",                                                                                                                             
                                                   "Parallel Aware": false,                                                                                                                                    
                                                   "Join Type": "Inner",                                                                                                                                       
                                                   "Startup Cost": 353952.62,                                                                                                                                  
                                                   "Total Cost": 832652.32,                                                                                                                                    
                                                   "Plan Rows": 1,                                                                                                                                             
                                                   "Plan Width": 65,                                                                                                                                           
                                                   "Actual Startup Time": 10619.412,                                                                                                                           
                                                   "Actual Total Time": 21696.418,                                                                                                                             
                                                   "Actual Rows": 2416391,                                                                                                                                     
                                                   "Actual Loops": 3,                                                                                                                                          
                                                   "Inner Unique": true,                                                                                                                                       
                                                   "Plans": [                                                                                                                                                  
                                                     {                                                                                                                                                         
                                                       "Node Type": "Hash Join",                                                                                                                               
                                                       "Parent Relationship": "Outer",                                                                                                                         
                                                       "Parallel Aware": true,                                                                                                                                 
                                                       "Join Type": "Inner",                                                                                                                                   
                                                       "Startup Cost": 353952.19,                                                                                                                              
                                                       "Total Cost": 832649.96,                                                                                                                                
                                                       "Plan Rows": 1,                                                                                                                                         
                                                       "Plan Width": 37,                                                                                                                                       
                                                       "Actual Startup Time": 10619.264,                                                                                                                       
                                                       "Actual Total Time": 12646.587,                                                                                                                         
                                                       "Actual Rows": 2645079,                                                                                                                                 
                                                       "Actual Loops": 3,                                                                                                                                      
                                                       "Inner Unique": false,                                                                                                                                  
                                                       "Hash Cond": "(ci.movie_id = t.id)",                                                                                                                    
                                                       "Plans": [                                                                                                                                              
                                                         {                                                                                                                                                     
                                                           "Node Type": "Seq Scan",                                                                                                                            
                                                           "Parent Relationship": "Outer",                                                                                                                     
                                                           "Parallel Aware": true,                                                                                                                             
                                                           "Relation Name": "cast_info",                                                                                                                       
                                                           "Alias": "ci",                                                                                                                                      
                                                           "Startup Cost": 0.00,                                                                                                                               
                                                           "Total Cost": 477573.40,                                                                                                                            
                                                           "Plan Rows": 299831,                                                                                                                                
                                                           "Plan Width": 16,                                                                                                                                   
                                                           "Actual Startup Time": 0.290,                                                                                                                       
                                                           "Actual Total Time": 3357.473,                                                                                                                      
                                                           "Actual Rows": 289159,                                                                                                                              
                                                           "Actual Loops": 3,                                                                                                                                  
                                                           "Filter": "((note)::text = ANY ('{(voice),\"(voice: Japanese version)\",\"(voice) (uncredited)\",\"(voice: English version)\"}'::text[]))",         
                                                           "Rows Removed by Filter": 11792289                                                                                                                  
                                                         },                                                                                                                                                    
                                                         {                                                                                                                                                     
                                                           "Node Type": "Hash",                                                                                                                                
                                                           "Parent Relationship": "Inner",                                                                                                                     
                                                           "Parallel Aware": true,                                                                                                                             
                                                           "Startup Cost": 353952.17,                                                                                                                          
                                                           "Total Cost": 353952.17,                                                                                                                            
                                                           "Plan Rows": 1,                                                                                                                                     
                                                           "Plan Width": 45,                                                                                                                                   
                                                           "Actual Startup Time": 6994.356,                                                                                                                    
                                                           "Actual Total Time": 6994.425,                                                                                                                      
                                                           "Actual Rows": 1912613,                                                                                                                             
                                                           "Actual Loops": 3,                                                                                                                                  
                                                           "Hash Buckets": 65536,                                                                                                                              
                                                           "Original Hash Buckets": 1024,                                                                                                                      
                                                           "Hash Batches": 512,                                                                                                                                
                                                           "Original Hash Batches": 1,                                                                                                                         
                                                           "Peak Memory Usage": 4256,                                                                                                                          
                                                           "Plans": [                                                                                                                                          
                                                             {                                                                                                                                                 
                                                               "Node Type": "Hash Join",                                                                                                                       
                                                               "Parent Relationship": "Outer",                                                                                                                 
                                                               "Parallel Aware": true,                                                                                                                         
                                                               "Join Type": "Inner",                                                                                                                           
                                                               "Startup Cost": 303579.81,                                                                                                                      
                                                               "Total Cost": 353952.17,                                                                                                                        
                                                               "Plan Rows": 1,                                                                                                                                 
                                                               "Plan Width": 45,                                                                                                                               
                                                               "Actual Startup Time": 4020.992,                                                                                                                
                                                               "Actual Total Time": 5278.955,                                                                                                                  
                                                               "Actual Rows": 1912613,                                                                                                                         
                                                               "Actual Loops": 3,                                                                                                                              
                                                               "Inner Unique": false,                                                                                                                          
                                                               "Hash Cond": "(mk.movie_id = t.id)",                                                                                                            
                                                               "Plans": [                                                                                                                                      
                                                                 {                                                                                                                                             
                                                                   "Node Type": "Seq Scan",                                                                                                                    
                                                                   "Parent Relationship": "Outer",                                                                                                             
                                                                   "Parallel Aware": true,                                                                                                                     
                                                                   "Relation Name": "movie_keyword",                                                                                                           
                                                                   "Alias": "mk",                                                                                                                              
                                                                   "Startup Cost": 0.00,                                                                                                                       
                                                                   "Total Cost": 43303.71,                                                                                                                     
                                                                   "Plan Rows": 1884971,                                                                                                                       
                                                                   "Plan Width": 8,                                                                                                                            
                                                                   "Actual Startup Time": 0.055,                                                                                                               
                                                                   "Actual Total Time": 294.729,                                                                                                               
                                                                   "Actual Rows": 1507977,                                                                                                                     
                                                                   "Actual Loops": 3                                                                                                                           
                                                                 },                                                                                                                                            
                                                                 {                                                                                                                                             
                                                                   "Node Type": "Hash",                                                                                                                        
                                                                   "Parent Relationship": "Inner",                                                                                                             
                                                                   "Parallel Aware": true,                                                                                                                     
                                                                   "Startup Cost": 303579.80,                                                                                                                  
                                                                   "Total Cost": 303579.80,                                                                                                                    
                                                                   "Plan Rows": 1,                                                                                                                             
                                                                   "Plan Width": 37,                                                                                                                           
                                                                   "Actual Startup Time": 4020.803,                                                                                                            
                                                                   "Actual Total Time": 4020.860,                                                                                                              
                                                                   "Actual Rows": 20990,                                                                                                                       
                                                                   "Actual Loops": 3,                                                                                                                          
                                                                   "Hash Buckets": 65536,                                                                                                                      
                                                                   "Original Hash Buckets": 1024,                                                                                                              
                                                                   "Hash Batches": 1,                                                                                                                          
                                                                   "Original Hash Batches": 1,                                                                                                                 
                                                                   "Peak Memory Usage": 5464,                                                                                                                  
                                                                   "Plans": [                                                                                                                                  
                                                                     {                                                                                                                                         
                                                                       "Node Type": "Nested Loop",                                                                                                             
                                                                       "Parent Relationship": "Outer",                                                                                                         
                                                                       "Parallel Aware": false,                                                                                                                
                                                                       "Join Type": "Inner",                                                                                                                   
                                                                       "Startup Cost": 259748.95,                                                                                                              
                                                                       "Total Cost": 303579.80,                                                                                                                
                                                                       "Plan Rows": 1,                                                                                                                         
                                                                       "Plan Width": 37,                                                                                                                       
                                                                       "Actual Startup Time": 3120.443,                                                                                                        
                                                                       "Actual Total Time": 3955.891,                                                                                                          
                                                                       "Actual Rows": 20990,                                                                                                                   
                                                                       "Actual Loops": 3,                                                                                                                      
                                                                       "Inner Unique": true,                                                                                                                   
                                                                       "Plans": [                                                                                                                              
                                                                         {                                                                                                                                     
                                                                           "Node Type": "Hash Join",                                                                                                           
                                                                           "Parent Relationship": "Outer",                                                                                                     
                                                                           "Parallel Aware": true,                                                                                                             
                                                                           "Join Type": "Inner",                                                                                                               
                                                                           "Startup Cost": 259748.53,                                                                                                          
                                                                           "Total Cost": 303577.68,                                                                                                            
                                                                           "Plan Rows": 1,                                                                                                                     
                                                                           "Plan Width": 41,                                                                                                                   
                                                                           "Actual Startup Time": 3119.917,                                                                                                    
                                                                           "Actual Total Time": 3611.242,                                                                                                      
                                                                           "Actual Rows": 73498,                                                                                                               
                                                                           "Actual Loops": 3,                                                                                                                  
                                                                           "Inner Unique": false,                                                                                                              
                                                                           "Hash Cond": "(mc.movie_id = t.id)",                                                                                                
                                                                           "Plans": [                                                                                                                          
                                                                             {                                                                                                                                 
                                                                               "Node Type": "Seq Scan",                                                                                                        
                                                                               "Parent Relationship": "Outer",                                                                                                 
                                                                               "Parallel Aware": true,                                                                                                         
                                                                               "Relation Name": "movie_companies",                                                                                             
                                                                               "Alias": "mc",                                                                                                                  
                                                                               "Startup Cost": 0.00,                                                                                                           
                                                                               "Total Cost": 39752.37,                                                                                                         
                                                                               "Plan Rows": 1087137,                                                                                                           
                                                                               "Plan Width": 8,                                                                                                                
                                                                               "Actual Startup Time": 0.053,                                                                                                   
                                                                               "Actual Total Time": 190.748,                                                                                                   
                                                                               "Actual Rows": 869710,                                                                                                          
                                                                               "Actual Loops": 3                                                                                                               
                                                                             },                                                                                                                                
                                                                             {                                                                                                                                 
                                                                               "Node Type": "Hash",                                                                                                            
                                                                               "Parent Relationship": "Inner",                                                                                                 
                                                                               "Parallel Aware": true,                                                                                                         
                                                                               "Startup Cost": 259748.52,                                                                                                      
                                                                               "Total Cost": 259748.52,                                                                                                        
                                                                               "Plan Rows": 1,                                                                                                                 
                                                                               "Plan Width": 33,                                                                                                               
                                                                               "Actual Startup Time": 3119.146,                                                                                                
                                                                               "Actual Total Time": 3119.190,                                                                                                  
                                                                               "Actual Rows": 5403,                                                                                                            
                                                                               "Actual Loops": 3,                                                                                                              
                                                                               "Hash Buckets": 16384,                                                                                                          
                                                                               "Original Hash Buckets": 1024,                                                                                                  
                                                                               "Hash Batches": 1,                                                                                                              
                                                                               "Original Hash Batches": 1,                                                                                                     
                                                                               "Peak Memory Usage": 1368,                                                                                                      
                                                                               "Plans": [                                                                                                                      
                                                                                 {                                                                                                                             
                                                                                   "Node Type": "Hash Join",                                                                                                   
                                                                                   "Parent Relationship": "Outer",                                                                                             
                                                                                   "Parallel Aware": false,                                                                                                    
                                                                                   "Join Type": "Inner",                                                                                                       
                                                                                   "Startup Cost": 4664.94,                                                                                                    
                                                                                   "Total Cost": 259748.52,                                                                                                    
                                                                                   "Plan Rows": 1,                                                                                                             
                                                                                   "Plan Width": 33,                                                                                                           
                                                                                   "Actual Startup Time": 1895.369,                                                                                            
                                                                                   "Actual Total Time": 3038.604,                                                                                              
                                                                                   "Actual Rows": 5403,                                                                                                        
                                                                                   "Actual Loops": 3,                                                                                                          
                                                                                   "Inner Unique": true,                                                                                                       
                                                                                   "Hash Cond": "(mi.info_type_id = it.id)",                                                                                   
                                                                                   "Plans": [                                                                                                                  
                                                                                     {                                                                                                                         
                                                                                       "Node Type": "Hash Join",                                                                                               
                                                                                       "Parent Relationship": "Outer",                                                                                         
                                                                                       "Parallel Aware": false,                                                                                                
                                                                                       "Join Type": "Inner",                                                                                                   
                                                                                       "Startup Cost": 4662.51,                                                                                                
                                                                                       "Total Cost": 259746.03,                                                                                                
                                                                                       "Plan Rows": 24,                                                                                                        
                                                                                       "Plan Width": 37,                                                                                                       
                                                                                       "Actual Startup Time": 1895.250,                                                                                        
                                                                                       "Actual Total Time": 3035.805,                                                                                          
                                                                                       "Actual Rows": 5403,                                                                                                    
                                                                                       "Actual Loops": 3,                                                                                                      
                                                                                       "Inner Unique": false,                                                                                                  
                                                                                       "Hash Cond": "(mi.movie_id = t.id)",                                                                                    
                                                                                       "Plans": [                                                                                                              
                                                                                         {                                                                                                                     
                                                                                           "Node Type": "Seq Scan",                                                                                            
                                                                                           "Parent Relationship": "Outer",                                                                                     
                                                                                           "Parallel Aware": true,                                                                                             
                                                                                           "Relation Name": "movie_info",                                                                                      
                                                                                           "Alias": "mi",                                                                                                      
                                                                                           "Startup Cost": 0.00,                                                                                               
                                                                                           "Total Cost": 254355.67,                                                                                            
                                                                                           "Plan Rows": 194029,                                                                                                
                                                                                           "Plan Width": 8,                                                                                                    
                                                                                           "Actual Startup Time": 554.509,                                                                                     
                                                                                           "Actual Total Time": 1944.552,                                                                                      
                                                                                           "Actual Rows": 150368,                                                                                              
                                                                                           "Actual Loops": 3,                                                                                                  
                                                                                           "Filter": "((info IS NOT NULL) AND (((info)::text ~~ 'Japan:%200%'::text) OR ((info)::text ~~ 'USA:%200%'::text)))",
                                                                                           "Rows Removed by Filter": 4794872                                                                                   
                                                                                         },                                                                                                                    
                                                                                         {                                                                                                                     
                                                                                           "Node Type": "Hash",                                                                                                
                                                                                           "Parent Relationship": "Inner",                                                                                     
                                                                                           "Parallel Aware": false,                                                                                            
                                                                                           "Startup Cost": 4658.55,                                                                                            
                                                                                           "Total Cost": 4658.55,                                                                                              
                                                                                           "Plan Rows": 317,                                                                                                   
                                                                                           "Plan Width": 29,                                                                                                   
                                                                                           "Actual Startup Time": 1045.906,                                                                                    
                                                                                           "Actual Total Time": 1045.928,                                                                                      
                                                                                           "Actual Rows": 22475,                                                                                               
                                                                                           "Actual Loops": 3,                                                                                                  
                                                                                           "Hash Buckets": 32768,                                                                                              
                                                                                           "Original Hash Buckets": 1024,                                                                                      
                                                                                           "Hash Batches": 1,                                                                                                  
                                                                                           "Original Hash Batches": 1,                                                                                         
                                                                                           "Peak Memory Usage": 1611,                                                                                          
                                                                                           "Plans": [                                                                                                          
                                                                                             {                                                                                                                 
                                                                                               "Node Type": "Nested Loop",                                                                                     
                                                                                               "Parent Relationship": "Outer",                                                                                 
                                                                                               "Parallel Aware": false,                                                                                        
                                                                                               "Join Type": "Inner",                                                                                           
                                                                                               "Startup Cost": 19.36,                                                                                          
                                                                                               "Total Cost": 4658.55,                                                                                          
                                                                                               "Plan Rows": 317,                                                                                               
                                                                                               "Plan Width": 29,                                                                                               
                                                                                               "Actual Startup Time": 0.274,                                                                                   
                                                                                               "Actual Total Time": 1026.425,                                                                                  
                                                                                               "Actual Rows": 22475,                                                                                           
                                                                                               "Actual Loops": 3,                                                                                              
                                                                                               "Inner Unique": true,                                                                                           
                                                                                               "Plans": [                                                                                                      
                                                                                                 {                                                                                                             
                                                                                                   "Node Type": "Hash Join",                                                                                   
                                                                                                   "Parent Relationship": "Outer",                                                                             
                                                                                                   "Parallel Aware": false,                                                                                    
                                                                                                   "Join Type": "Inner",                                                                                       
                                                                                                   "Startup Cost": 18.93,                                                                                      
                                                                                                   "Total Cost": 2468.50,                                                                                      
                                                                                                   "Plan Rows": 761,                                                                                           
                                                                                                   "Plan Width": 8,                                                                                            
                                                                                                   "Actual Startup Time": 0.114,                                                                               
                                                                                                   "Actual Total Time": 85.756,                                                                                
                                                                                                   "Actual Rows": 85941,                                                                                       
                                                                                                   "Actual Loops": 3,                                                                                          
                                                                                                   "Inner Unique": true,                                                                                       
                                                                                                   "Hash Cond": "(cc.subject_id = cct1.id)",                                                                   
                                                                                                   "Plans": [                                                                                                  
                                                                                                     {                                                                                                         
                                                                                                       "Node Type": "Seq Scan",                                                                                
                                                                                                       "Parent Relationship": "Outer",                                                                         
                                                                                                       "Parallel Aware": false,                                                                                
                                                                                                       "Relation Name": "complete_cast",                                                                       
                                                                                                       "Alias": "cc",                                                                                          
                                                                                                       "Startup Cost": 0.00,                                                                                   
                                                                                                       "Total Cost": 2092.86,                                                                                  
                                                                                                       "Plan Rows": 135086,                                                                                    
                                                                                                       "Plan Width": 12,                                                                                       
                                                                                                       "Actual Startup Time": 0.041,                                                                           
                                                                                                       "Actual Total Time": 30.652,                                                                            
                                                                                                       "Actual Rows": 135086,                                                                                  
                                                                                                       "Actual Loops": 3                                                                                       
                                                                                                     },                                                                                                        
                                                                                                     {                                                                                                         
                                                                                                       "Node Type": "Hash",                                                                                    
                                                                                                       "Parent Relationship": "Inner",                                                                         
                                                                                                       "Parallel Aware": false,                                                                                
                                                                                                       "Startup Cost": 18.88,                                                                                  
                                                                                                       "Total Cost": 18.88,                                                                                    
                                                                                                       "Plan Rows": 4,                                                                                         
                                                                                                       "Plan Width": 4,                                                                                        
                                                                                                       "Actual Startup Time": 0.042,                                                                           
                                                                                                       "Actual Total Time": 0.047,                                                                             
                                                                                                       "Actual Rows": 1,                                                                                       
                                                                                                       "Actual Loops": 3,                                                                                      
                                                                                                       "Hash Buckets": 1024,                                                                                   
                                                                                                       "Original Hash Buckets": 1024,                                                                          
                                                                                                       "Hash Batches": 1,                                                                                      
                                                                                                       "Original Hash Batches": 1,                                                                             
                                                                                                       "Peak Memory Usage": 9,                                                                                 
                                                                                                       "Plans": [                                                                                              
                                                                                                         {                                                                                                     
                                                                                                           "Node Type": "Seq Scan",                                                                            
                                                                                                           "Parent Relationship": "Outer",                                                                     
                                                                                                           "Parallel Aware": false,                                                                            
                                                                                                           "Relation Name": "comp_cast_type",                                                                  
                                                                                                           "Alias": "cct1",                                                                                    
                                                                                                           "Startup Cost": 0.00,                                                                               
                                                                                                           "Total Cost": 18.88,                                                                                
                                                                                                           "Plan Rows": 4,                                                                                     
                                                                                                           "Plan Width": 4,                                                                                    
                                                                                                           "Actual Startup Time": 0.029,                                                                       
                                                                                                           "Actual Total Time": 0.031,                                                                         
                                                                                                           "Actual Rows": 1,                                                                                   
                                                                                                           "Actual Loops": 3,                                                                                  
                                                                                                           "Filter": "((kind)::text = 'cast'::text)",                                                          
                                                                                                           "Rows Removed by Filter": 3                                                                         
                                                                                                         }                                                                                                     
                                                                                                       ]                                                                                                       
                                                                                                     }                                                                                                         
                                                                                                   ]                                                                                                           
                                                                                                 },                                                                                                            
                                                                                                 {                                                                                                             
                                                                                                   "Node Type": "Index Scan",                                                                                  
                                                                                                   "Parent Relationship": "Inner",                                                                             
                                                                                                   "Parallel Aware": false,                                                                                    
                                                                                                   "Scan Direction": "Forward",                                                                                
                                                                                                   "Index Name": "title_pkey",                                                                                 
                                                                                                   "Relation Name": "title",                                                                                   
                                                                                                   "Alias": "t",                                                                                               
                                                                                                   "Startup Cost": 0.43,                                                                                       
                                                                                                   "Total Cost": 2.88,                                                                                         
                                                                                                   "Plan Rows": 1,                                                                                             
                                                                                                   "Plan Width": 21,                                                                                           
                                                                                                   "Actual Startup Time": 0.010,                                                                               
                                                                                                   "Actual Total Time": 0.010,                                                                                 
                                                                                                   "Actual Rows": 0,                                                                                           
                                                                                                   "Actual Loops": 257823,                                                                                     
                                                                                                   "Index Cond": "(id = cc.movie_id)",                                                                         
                                                                                                   "Rows Removed by Index Recheck": 0,                                                                         
                                                                                                   "Filter": "((production_year >= 2000) AND (production_year <= 2010))",                                      
                                                                                                   "Rows Removed by Filter": 1                                                                                 
                                                                                                 }                                                                                                             
                                                                                               ]                                                                                                               
                                                                                             }                                                                                                                 
                                                                                           ]                                                                                                                   
                                                                                         }                                                                                                                     
                                                                                       ]                                                                                                                       
                                                                                     },                                                                                                                        
                                                                                     {                                                                                                                         
                                                                                       "Node Type": "Hash",                                                                                                    
                                                                                       "Parent Relationship": "Inner",                                                                                         
                                                                                       "Parallel Aware": false,                                                                                                
                                                                                       "Startup Cost": 2.41,                                                                                                   
                                                                                       "Total Cost": 2.41,                                                                                                     
                                                                                       "Plan Rows": 1,                                                                                                         
                                                                                       "Plan Width": 4,                                                                                                        
                                                                                       "Actual Startup Time": 0.067,                                                                                           
                                                                                       "Actual Total Time": 0.078,                                                                                             
                                                                                       "Actual Rows": 1,                                                                                                       
                                                                                       "Actual Loops": 3,                                                                                                      
                                                                                       "Hash Buckets": 1024,                                                                                                   
                                                                                       "Original Hash Buckets": 1024,                                                                                          
                                                                                       "Hash Batches": 1,                                                                                                      
                                                                                       "Original Hash Batches": 1,                                                                                             
                                                                                       "Peak Memory Usage": 9,                                                                                                 
                                                                                       "Plans": [                                                                                                              
                                                                                         {                                                                                                                     
                                                                                           "Node Type": "Seq Scan",                                                                                            
                                                                                           "Parent Relationship": "Outer",                                                                                     
                                                                                           "Parallel Aware": false,                                                                                            
                                                                                           "Relation Name": "info_type",                                                                                       
                                                                                           "Alias": "it",                                                                                                      
                                                                                           "Startup Cost": 0.00,                                                                                               
                                                                                           "Total Cost": 2.41,                                                                                                 
                                                                                           "Plan Rows": 1,                                                                                                     
                                                                                           "Plan Width": 4,                                                                                                    
                                                                                           "Actual Startup Time": 0.036,                                                                                       
                                                                                           "Actual Total Time": 0.068,                                                                                         
                                                                                           "Actual Rows": 1,                                                                                                   
                                                                                           "Actual Loops": 3,                                                                                                  
                                                                                           "Filter": "((info)::text = 'release dates'::text)",                                                                 
                                                                                           "Rows Removed by Filter": 112                                                                                       
                                                                                         }                                                                                                                     
                                                                                       ]                                                                                                                       
                                                                                     }                                                                                                                         
                                                                                   ]                                                                                                                           
                                                                                 }                                                                                                                             
                                                                               ]                                                                                                                               
                                                                             }                                                                                                                                 
                                                                           ]                                                                                                                                   
                                                                         },                                                                                                                                    
                                                                         {                                                                                                                                     
                                                                           "Node Type": "Index Scan",                                                                                                          
                                                                           "Parent Relationship": "Inner",                                                                                                     
                                                                           "Parallel Aware": false,                                                                                                            
                                                                           "Scan Direction": "Forward",                                                                                                        
                                                                           "Index Name": "company_name_pkey",                                                                                                  
                                                                           "Relation Name": "company_name",                                                                                                    
                                                                           "Alias": "cn",                                                                                                                      
                                                                           "Startup Cost": 0.42,                                                                                                               
                                                                           "Total Cost": 2.12,                                                                                                                 
                                                                           "Plan Rows": 1,                                                                                                                     
                                                                           "Plan Width": 4,                                                                                                                    
                                                                           "Actual Startup Time": 0.004,                                                                                                       
                                                                           "Actual Total Time": 0.004,                                                                                                         
                                                                           "Actual Rows": 0,                                                                                                                   
                                                                           "Actual Loops": 220495,                                                                                                             
                                                                           "Index Cond": "(id = mc.company_id)",                                                                                               
                                                                           "Rows Removed by Index Recheck": 0,                                                                                                 
                                                                           "Filter": "((country_code)::text = '[us]'::text)",                                                                                  
                                                                           "Rows Removed by Filter": 1                                                                                                         
                                                                         }                                                                                                                                     
                                                                       ]                                                                                                                                       
                                                                     }                                                                                                                                         
                                                                   ]                                                                                                                                           
                                                                 }                                                                                                                                             
                                                               ]                                                                                                                                               
                                                             }                                                                                                                                                 
                                                           ]                                                                                                                                                   
                                                         }                                                                                                                                                     
                                                       ]                                                                                                                                                       
                                                     },                                                                                                                                                        
                                                     {                                                                                                                                                         
                                                       "Node Type": "Index Scan",                                                                                                                              
                                                       "Parent Relationship": "Inner",                                                                                                                         
                                                       "Parallel Aware": false,                                                                                                                                
                                                       "Scan Direction": "Forward",                                                                                                                            
                                                       "Index Name": "char_name_pkey",                                                                                                                         
                                                       "Relation Name": "char_name",                                                                                                                           
                                                       "Alias": "chn",                                                                                                                                         
                                                       "Startup Cost": 0.43,                                                                                                                                   
                                                       "Total Cost": 2.36,                                                                                                                                     
                                                       "Plan Rows": 1,                                                                                                                                         
                                                       "Plan Width": 36,                                                                                                                                       
                                                       "Actual Startup Time": 0.003,                                                                                                                           
                                                       "Actual Total Time": 0.003,                                                                                                                             
                                                       "Actual Rows": 1,                                                                                                                                       
                                                       "Actual Loops": 7935236,                                                                                                                                
                                                       "Index Cond": "(id = ci.person_role_id)",                                                                                                               
                                                       "Rows Removed by Index Recheck": 0                                                                                                                      
                                                     }                                                                                                                                                         
                                                   ]                                                                                                                                                           
                                                 },                                                                                                                                                            
                                                 {                                                                                                                                                             
                                                   "Node Type": "Index Scan",                                                                                                                                  
                                                   "Parent Relationship": "Inner",                                                                                                                             
                                                   "Parallel Aware": false,                                                                                                                                    
                                                   "Scan Direction": "Forward",                                                                                                                                
                                                   "Index Name": "role_type_pkey",                                                                                                                             
                                                   "Relation Name": "role_type",                                                                                                                               
                                                   "Alias": "rt",                                                                                                                                              
                                                   "Startup Cost": 0.15,                                                                                                                                       
                                                   "Total Cost": 0.97,                                                                                                                                         
                                                   "Plan Rows": 1,                                                                                                                                             
                                                   "Plan Width": 4,                                                                                                                                            
                                                   "Actual Startup Time": 0.002,                                                                                                                               
                                                   "Actual Total Time": 0.002,                                                                                                                                 
                                                   "Actual Rows": 0,                                                                                                                                           
                                                   "Actual Loops": 7249172,                                                                                                                                    
                                                   "Index Cond": "(id = ci.role_id)",                                                                                                                          
                                                   "Rows Removed by Index Recheck": 0,                                                                                                                         
                                                   "Filter": "((role)::text = 'actress'::text)",                                                                                                               
                                                   "Rows Removed by Filter": 1                                                                                                                                 
                                                 }                                                                                                                                                             
                                               ]                                                                                                                                                               
                                             },                                                                                                                                                                
                                             {                                                                                                                                                                 
                                               "Node Type": "Index Scan",                                                                                                                                      
                                               "Parent Relationship": "Inner",                                                                                                                                 
                                               "Parallel Aware": false,                                                                                                                                        
                                               "Scan Direction": "Forward",                                                                                                                                    
                                               "Index Name": "comp_cast_type_pkey",                                                                                                                            
                                               "Relation Name": "comp_cast_type",                                                                                                                              
                                               "Alias": "cct2",                                                                                                                                                
                                               "Startup Cost": 0.15,                                                                                                                                           
                                               "Total Cost": 0.97,                                                                                                                                             
                                               "Plan Rows": 1,                                                                                                                                                 
                                               "Plan Width": 4,                                                                                                                                                
                                               "Actual Startup Time": 0.002,                                                                                                                                   
                                               "Actual Total Time": 0.002,                                                                                                                                     
                                               "Actual Rows": 0,                                                                                                                                               
                                               "Actual Loops": 1846588,                                                                                                                                        
                                               "Index Cond": "(id = cc.status_id)",                                                                                                                            
                                               "Rows Removed by Index Recheck": 0,                                                                                                                             
                                               "Filter": "((kind)::text = 'completeverified'::text)",                                                                                                         
                                               "Rows Removed by Filter": 1                                                                                                                                     
                                             }                                                                                                                                                                 
                                           ]                                                                                                                                                                   
                                         }                                                                                                                                                                     
                                       ]                                                                                                                                                                       
                                     }                                                                                                                                                                         
                                   ]                                                                                                                                                                           
                                 },                                                                                                                                                                            
                                 {                                                                                                                                                                             
                                   "Node Type": "Index Scan",                                                                                                                                                  
                                   "Parent Relationship": "Inner",                                                                                                                                             
                                   "Parallel Aware": false,                                                                                                                                                    
                                   "Scan Direction": "Forward",                                                                                                                                                
                                   "Index Name": "info_type_pkey",                                                                                                                                             
                                   "Relation Name": "info_type",                                                                                                                                               
                                   "Alias": "it3",                                                                                                                                                             
                                   "Startup Cost": 0.14,                                                                                                                                                       
                                   "Total Cost": 0.16,                                                                                                                                                         
                                   "Plan Rows": 1,                                                                                                                                                             
                                   "Plan Width": 4,                                                                                                                                                            
                                   "Actual Startup Time": 0.002,                                                                                                                                               
                                   "Actual Total Time": 0.002,                                                                                                                                                 
                                   "Actual Rows": 0,                                                                                                                                                           
                                   "Actual Loops": 28103805,                                                                                                                                                   
                                   "Index Cond": "(id = pi.info_type_id)",                                                                                                                                     
                                   "Rows Removed by Index Recheck": 0,                                                                                                                                         
                                   "Filter": "((info)::text = 'trivia'::text)",                                                                                                                                
                                   "Rows Removed by Filter": 1                                                                                                                                                 
                                 }                                                                                                                                                                             
                               ]                                                                                                                                                                               
                             }                                                                                                                                                                                 
                           ]                                                                                                                                                                                   
                         }                                                                                                                                                                                     
                       ]                                                                                                                                                                                       
                     },                                                                                                                                                                                        
                     {                                                                                                                                                                                         
                       "Node Type": "Index Scan",                                                                                                                                                              
                       "Parent Relationship": "Inner",                                                                                                                                                         
                       "Parallel Aware": false,                                                                                                                                                                
                       "Scan Direction": "Forward",                                                                                                                                                            
                       "Index Name": "name_pkey",                                                                                                                                                              
                       "Relation Name": "name",                                                                                                                                                                
                       "Alias": "n",                                                                                                                                                                           
                       "Startup Cost": 0.43,                                                                                                                                                                   
                       "Total Cost": 2.32,                                                                                                                                                                     
                       "Plan Rows": 1,                                                                                                                                                                         
                       "Plan Width": 19,                                                                                                                                                                       
                       "Actual Startup Time": 0.003,                                                                                                                                                           
                       "Actual Total Time": 0.003,                                                                                                                                                             
                       "Actual Rows": 0,                                                                                                                                                                       
                       "Actual Loops": 25495519,                                                                                                                                                               
                       "Index Cond": "(id = pi.person_id)",                                                                                                                                                    
                       "Rows Removed by Index Recheck": 0,                                                                                                                                                     
                       "Filter": "(((name)::text ~~ '%An%'::text) AND ((gender)::text = 'f'::text))",                                                                                                          
                       "Rows Removed by Filter": 1                                                                                                                                                             
                     }                                                                                                                                                                                         
                   ]                                                                                                                                                                                           
                 }                                                                                                                                                                                             
               ]                                                                                                                                                                                               
             },                                                                                                                                                                                                
             {                                                                                                                                                                                                 
               "Node Type": "Index Scan",                                                                                                                                                                      
               "Parent Relationship": "Inner",                                                                                                                                                                 
               "Parallel Aware": false,                                                                                                                                                                        
               "Scan Direction": "Forward",                                                                                                                                                                    
               "Index Name": "keyword_pkey",                                                                                                                                                                   
               "Relation Name": "keyword",                                                                                                                                                                     
               "Alias": "k",                                                                                                                                                                                   
               "Startup Cost": 0.42,                                                                                                                                                                           
               "Total Cost": 2.12,                                                                                                                                                                             
               "Plan Rows": 1,                                                                                                                                                                                 
               "Plan Width": 4,                                                                                                                                                                                
               "Actual Startup Time": 0.003,                                                                                                                                                                   
               "Actual Total Time": 0.003,                                                                                                                                                                     
               "Actual Rows": 0,                                                                                                                                                                               
               "Actual Loops": 1722437,                                                                                                                                                                        
               "Index Cond": "(id = mk.keyword_id)",                                                                                                                                                           
               "Rows Removed by Index Recheck": 0,                                                                                                                                                             
               "Filter": "((keyword)::text = 'computer-animation'::text)",                                                                                                                                     
               "Rows Removed by Filter": 1                                                                                                                                                                     
             }                                                                                                                                                                                                 
           ]                                                                                                                                                                                                   
         }                                                                                                                                                                                                     
       ]                                                                                                                                                                                                       
     },                                                                                                                                                                                                        
     "Planning Time": 146.364,                                                                                                                                                                                 
     "Triggers": [                                                                                                                                                                                             
     ],                                                                                                                                                                                                        
     "Execution Time": 135049.207                                                                                                                                                                              
   }                                                                                                                                                                                                           
 ]
