[                                                                                                 
   {                                                                                               
     "Plan": {                                                                                     
       "Node Type": "Aggregate",                                                                   
       "Strategy": "Plain",                                                                        
       "Partial Mode": "Finalize",                                                                 
       "Parallel Aware": false,                                                                    
       "Startup Cost": 99478.20,                                                                   
       "Total Cost": 99478.21,                                                                     
       "Plan Rows": 1,                                                                             
       "Plan Width": 32,                                                                           
       "Actual Startup Time": 1157.056,                                                            
       "Actual Total Time": 1162.562,                                                              
       "Actual Rows": 1,                                                                           
       "Actual Loops": 1,                                                                          
       "Plans": [                                                                                  
         {                                                                                         
           "Node Type": "Gather",                                                                  
           "Parent Relationship": "Outer",                                                         
           "Parallel Aware": false,                                                                
           "Startup Cost": 99477.98,                                                               
           "Total Cost": 99478.19,                                                                 
           "Plan Rows": 2,                                                                         
           "Plan Width": 32,                                                                       
           "Actual Startup Time": 1155.023,                                                        
           "Actual Total Time": 1162.536,                                                          
           "Actual Rows": 3,                                                                       
           "Actual Loops": 1,                                                                      
           "Workers Planned": 2,                                                                   
           "Workers Launched": 2,                                                                  
           "Single Copy": false,                                                                   
           "Plans": [                                                                              
             {                                                                                     
               "Node Type": "Aggregate",                                                           
               "Strategy": "Plain",                                                                
               "Partial Mode": "Partial",                                                          
               "Parent Relationship": "Outer",                                                     
               "Parallel Aware": false,                                                            
               "Startup Cost": 98477.98,                                                           
               "Total Cost": 98477.99,                                                             
               "Plan Rows": 1,                                                                     
               "Plan Width": 32,                                                                   
               "Actual Startup Time": 1149.570,                                                    
               "Actual Total Time": 1149.618,                                                      
               "Actual Rows": 1,                                                                   
               "Actual Loops": 3,                                                                  
               "Plans": [                                                                          
                 {                                                                                 
                   "Node Type": "Nested Loop",                                                     
                   "Parent Relationship": "Outer",                                                 
                   "Parallel Aware": false,                                                        
                   "Join Type": "Inner",                                                           
                   "Startup Cost": 50070.61,                                                       
                   "Total Cost": 98477.39,                                                         
                   "Plan Rows": 238,                                                               
                   "Plan Width": 17,                                                               
                   "Actual Startup Time": 532.610,                                                 
                   "Actual Total Time": 1147.165,                                                  
                   "Actual Rows": 2611,                                                            
                   "Actual Loops": 3,                                                              
                   "Inner Unique": true,                                                           
                   "Join Filter": "(mc.movie_id = t.id)",                                          
                   "Rows Removed by Join Filter": 0,                                               
                   "Plans": [                                                                      
                     {                                                                             
                       "Node Type": "Hash Join",                                                   
                       "Parent Relationship": "Outer",                                             
                       "Parallel Aware": true,                                                     
                       "Join Type": "Inner",                                                       
                       "Startup Cost": 50070.18,                                                   
                       "Total Cost": 98358.43,                                                     
                       "Plan Rows": 238,                                                           
                       "Plan Width": 8,                                                            
                       "Actual Startup Time": 532.512,                                             
                       "Actual Total Time": 1099.252,                                              
                       "Actual Rows": 2611,                                                        
                       "Actual Loops": 3,                                                          
                       "Inner Unique": false,                                                      
                       "Hash Cond": "(mk.movie_id = mc.movie_id)",                                 
                       "Plans": [                                                                  
                         {                                                                         
                           "Node Type": "Hash Join",                                               
                           "Parent Relationship": "Outer",                                         
                           "Parallel Aware": false,                                                
                           "Join Type": "Inner",                                                   
                           "Startup Cost": 2647.51,                                                
                           "Total Cost": 50899.43,                                                 
                           "Plan Rows": 9427,                                                      
                           "Plan Width": 4,                                                        
                           "Actual Startup Time": 36.824,                                          
                           "Actual Total Time": 593.510,                                           
                           "Actual Rows": 13947,                                                   
                           "Actual Loops": 3,                                                      
                           "Inner Unique": true,                                                   
                           "Hash Cond": "(mk.keyword_id = k.id)",                                  
                           "Plans": [                                                              
                             {                                                                     
                               "Node Type": "Seq Scan",                                            
                               "Parent Relationship": "Outer",                                     
                               "Parallel Aware": true,                                             
                               "Relation Name": "movie_keyword",                                   
                               "Alias": "mk",                                                      
                               "Startup Cost": 0.00,                                               
                               "Total Cost": 43303.71,                                             
                               "Plan Rows": 1884971,                                               
                               "Plan Width": 8,                                                    
                               "Actual Startup Time": 0.050,                                       
                               "Actual Total Time": 279.335,                                       
                               "Actual Rows": 1507977,                                             
                               "Actual Loops": 3                                                   
                             },                                                                    
                             {                                                                     
                               "Node Type": "Hash",                                                
                               "Parent Relationship": "Inner",                                     
                               "Parallel Aware": false,                                            
                               "Startup Cost": 2639.12,                                            
                               "Total Cost": 2639.12,                                              
                               "Plan Rows": 671,                                                   
                               "Plan Width": 4,                                                    
                               "Actual Startup Time": 36.602,                                      
                               "Actual Total Time": 36.603,                                        
                               "Actual Rows": 1,                                                   
                               "Actual Loops": 3,                                                  
                               "Hash Buckets": 1024,                                               
                               "Original Hash Buckets": 1024,                                      
                               "Hash Batches": 1,                                                  
                               "Original Hash Batches": 1,                                         
                               "Peak Memory Usage": 9,                                             
                               "Plans": [                                                          
                                 {                                                                 
                                   "Node Type": "Seq Scan",                                        
                                   "Parent Relationship": "Outer",                                 
                                   "Parallel Aware": false,                                        
                                   "Relation Name": "keyword",                                     
                                   "Alias": "k",                                                   
                                   "Startup Cost": 0.00,                                           
                                   "Total Cost": 2639.12,                                          
                                   "Plan Rows": 671,                                               
                                   "Plan Width": 4,                                                
                                   "Actual Startup Time": 1.527,                                   
                                   "Actual Total Time": 36.588,                                    
                                   "Actual Rows": 1,                                               
                                   "Actual Loops": 3,                                              
                                   "Filter": "((keyword)::text = 'character-name-in-title'::text)",
                                   "Rows Removed by Filter": 134169                                
                                 }                                                                 
                               ]                                                                   
                             }                                                                     
                           ]                                                                       
                         },                                                                        
                         {                                                                         
                           "Node Type": "Hash",                                                    
                           "Parent Relationship": "Inner",                                         
                           "Parallel Aware": true,                                                 
                           "Startup Cost": 47354.72,                                               
                           "Total Cost": 47354.72,                                                 
                           "Plan Rows": 5436,                                                      
                           "Plan Width": 4,                                                        
                           "Actual Startup Time": 495.045,                                         
                           "Actual Total Time": 495.087,                                           
                           "Actual Rows": 49377,                                                   
                           "Actual Loops": 3,                                                      
                           "Hash Buckets": 262144,                                                 
                           "Original Hash Buckets": 16384,                                         
                           "Hash Batches": 1,                                                      
                           "Original Hash Batches": 1,                                             
                           "Peak Memory Usage": 9792,                                              
                           "Plans": [                                                              
                             {                                                                     
                               "Node Type": "Hash Join",                                           
                               "Parent Relationship": "Outer",                                     
                               "Parallel Aware": true,                                             
                               "Join Type": "Inner",                                               
                               "Startup Cost": 4748.56,                                            
                               "Total Cost": 47354.72,                                             
                               "Plan Rows": 5436,                                                  
                               "Plan Width": 4,                                                    
                               "Actual Startup Time": 43.811,                                      
                               "Actual Total Time": 451.024,                                       
                               "Actual Rows": 49377,                                               
                               "Actual Loops": 3,                                                  
                               "Inner Unique": true,                                               
                               "Hash Cond": "(mc.company_id = cn.id)",                             
                               "Plans": [                                                          
                                 {                                                                 
                                   "Node Type": "Seq Scan",                                        
                                   "Parent Relationship": "Outer",                                 
                                   "Parallel Aware": true,                                         
                                   "Relation Name": "movie_companies",                             
                                   "Alias": "mc",                                                  
                                   "Startup Cost": 0.00,                                           
                                   "Total Cost": 39752.37,                                         
                                   "Plan Rows": 1087137,                                           
                                   "Plan Width": 8,                                                
                                   "Actual Startup Time": 0.057,                                   
                                   "Actual Total Time": 180.458,                                   
                                   "Actual Rows": 869710,                                          
                                   "Actual Loops": 3                                               
                                 },                                                                
                                 {                                                                 
                                   "Node Type": "Hash",                                            
                                   "Parent Relationship": "Inner",                                 
                                   "Parallel Aware": true,                                         
                                   "Startup Cost": 4739.92,                                        
                                   "Total Cost": 4739.92,                                          
                                   "Plan Rows": 691,                                               
                                   "Plan Width": 4,                                                
                                   "Actual Startup Time": 43.656,                                  
                                   "Actual Total Time": 43.659,                                    
                                   "Actual Rows": 3258,                                            
                                   "Actual Loops": 3,                                              
                                   "Hash Buckets": 16384,                                          
                                   "Original Hash Buckets": 2048,                                  
                                   "Hash Batches": 1,                                              
                                   "Original Hash Batches": 1,                                     
                                   "Peak Memory Usage": 688,                                       
                                   "Plans": [                                                      
                                     {                                                             
                                       "Node Type": "Seq Scan",                                    
                                       "Parent Relationship": "Outer",                             
                                       "Parallel Aware": true,                                     
                                       "Relation Name": "company_name",                            
                                       "Alias": "cn",                                              
                                       "Startup Cost": 0.00,                                       
                                       "Total Cost": 4739.92,                                      
                                       "Plan Rows": 691,                                           
                                       "Plan Width": 4,                                            
                                       "Actual Startup Time": 0.030,                               
                                       "Actual Total Time": 32.948,                                
                                       "Actual Rows": 3258,                                        
                                       "Actual Loops": 3,                                          
                                       "Filter": "((country_code)::text = '[de]'::text)",          
                                       "Rows Removed by Filter": 75074                             
                                     }                                                             
                                   ]                                                               
                                 }                                                                 
                               ]                                                                   
                             }                                                                     
                           ]                                                                       
                         }                                                                         
                       ]                                                                           
                     },                                                                            
                     {                                                                             
                       "Node Type": "Index Scan",                                                  
                       "Parent Relationship": "Inner",                                             
                       "Parallel Aware": false,                                                    
                       "Scan Direction": "Forward",                                                
                       "Index Name": "title_pkey",                                                 
                       "Relation Name": "title",                                                   
                       "Alias": "t",                                                               
                       "Startup Cost": 0.43,                                                       
                       "Total Cost": 0.49,                                                         
                       "Plan Rows": 1,                                                             
                       "Plan Width": 21,                                                           
                       "Actual Startup Time": 0.017,                                               
                       "Actual Total Time": 0.017,                                                 
                       "Actual Rows": 1,                                                           
                       "Actual Loops": 7834,                                                       
                       "Index Cond": "(id = mk.movie_id)",                                         
                       "Rows Removed by Index Recheck": 0                                          
                     }                                                                             
                   ]                                                                               
                 }                                                                                 
               ]                                                                                   
             }                                                                                     
           ]                                                                                       
         }                                                                                         
       ]                                                                                           
     },                                                                                            
     "Planning Time": 2.762,                                                                       
     "Triggers": [                                                                                 
     ],                                                                                            
     "Execution Time": 1162.876                                                                    
   }                                                                                               
 ]
