[                                                                                                 
   {                                                                                               
     "Plan": {                                                                                     
       "Node Type": "Aggregate",                                                                   
       "Strategy": "Plain",                                                                        
       "Partial Mode": "Finalize",                                                                 
       "Parallel Aware": false,                                                                    
       "Startup Cost": 99478.20,                                                                   
       "Total Cost": 99478.21,                                                                     
       "Plan Rows": 1,                                                                             
       "Plan Width": 32,                                                                           
       "Actual Startup Time": 985.463,                                                             
       "Actual Total Time": 989.118,                                                               
       "Actual Rows": 1,                                                                           
       "Actual Loops": 1,                                                                          
       "Plans": [                                                                                  
         {                                                                                         
           "Node Type": "Gather",                                                                  
           "Parent Relationship": "Outer",                                                         
           "Parallel Aware": false,                                                                
           "Startup Cost": 99477.98,                                                               
           "Total Cost": 99478.19,                                                                 
           "Plan Rows": 2,                                                                         
           "Plan Width": 32,                                                                       
           "Actual Startup Time": 985.336,                                                         
           "Actual Total Time": 989.106,                                                           
           "Actual Rows": 3,                                                                       
           "Actual Loops": 1,                                                                      
           "Workers Planned": 2,                                                                   
           "Workers Launched": 2,                                                                  
           "Single Copy": false,                                                                   
           "Plans": [                                                                              
             {                                                                                     
               "Node Type": "Aggregate",                                                           
               "Strategy": "Plain",                                                                
               "Partial Mode": "Partial",                                                          
               "Parent Relationship": "Outer",                                                     
               "Parallel Aware": false,                                                            
               "Startup Cost": 98477.98,                                                           
               "Total Cost": 98477.99,                                                             
               "Plan Rows": 1,                                                                     
               "Plan Width": 32,                                                                   
               "Actual Startup Time": 979.938,                                                     
               "Actual Total Time": 979.947,                                                       
               "Actual Rows": 1,                                                                   
               "Actual Loops": 3,                                                                  
               "Plans": [                                                                          
                 {                                                                                 
                   "Node Type": "Nested Loop",                                                     
                   "Parent Relationship": "Outer",                                                 
                   "Parallel Aware": false,                                                        
                   "Join Type": "Inner",                                                           
                   "Startup Cost": 50070.61,                                                       
                   "Total Cost": 98477.39,                                                         
                   "Plan Rows": 238,                                                               
                   "Plan Width": 17,                                                               
                   "Actual Startup Time": 979.931,                                                 
                   "Actual Total Time": 979.939,                                                   
                   "Actual Rows": 0,                                                               
                   "Actual Loops": 3,                                                              
                   "Inner Unique": true,                                                           
                   "Join Filter": "(mc.movie_id = t.id)",                                          
                   "Rows Removed by Join Filter": 0,                                               
                   "Plans": [                                                                      
                     {                                                                             
                       "Node Type": "Hash Join",                                                   
                       "Parent Relationship": "Outer",                                             
                       "Parallel Aware": true,                                                     
                       "Join Type": "Inner",                                                       
                       "Startup Cost": 50070.18,                                                   
                       "Total Cost": 98358.43,                                                     
                       "Plan Rows": 238,                                                           
                       "Plan Width": 8,                                                            
                       "Actual Startup Time": 979.930,                                             
                       "Actual Total Time": 979.937,                                               
                       "Actual Rows": 0,                                                           
                       "Actual Loops": 3,                                                          
                       "Inner Unique": false,                                                      
                       "Hash Cond": "(mk.movie_id = mc.movie_id)",                                 
                       "Plans": [                                                                  
                         {                                                                         
                           "Node Type": "Hash Join",                                               
                           "Parent Relationship": "Outer",                                         
                           "Parallel Aware": false,                                                
                           "Join Type": "Inner",                                                   
                           "Startup Cost": 2647.51,                                                
                           "Total Cost": 50899.43,                                                 
                           "Plan Rows": 9427,                                                      
                           "Plan Width": 4,                                                        
                           "Actual Startup Time": 38.508,                                          
                           "Actual Total Time": 592.390,                                           
                           "Actual Rows": 13947,                                                   
                           "Actual Loops": 3,                                                      
                           "Inner Unique": true,                                                   
                           "Hash Cond": "(mk.keyword_id = k.id)",                                  
                           "Plans": [                                                              
                             {                                                                     
                               "Node Type": "Seq Scan",                                            
                               "Parent Relationship": "Outer",                                     
                               "Parallel Aware": true,                                             
                               "Relation Name": "movie_keyword",                                   
                               "Alias": "mk",                                                      
                               "Startup Cost": 0.00,                                               
                               "Total Cost": 43303.71,                                             
                               "Plan Rows": 1884971,                                               
                               "Plan Width": 8,                                                    
                               "Actual Startup Time": 0.051,                                       
                               "Actual Total Time": 278.399,                                       
                               "Actual Rows": 1507977,                                             
                               "Actual Loops": 3                                                   
                             },                                                                    
                             {                                                                     
                               "Node Type": "Hash",                                                
                               "Parent Relationship": "Inner",                                     
                               "Parallel Aware": false,                                            
                               "Startup Cost": 2639.12,                                            
                               "Total Cost": 2639.12,                                              
                               "Plan Rows": 671,                                                   
                               "Plan Width": 4,                                                    
                               "Actual Startup Time": 37.138,                                      
                               "Actual Total Time": 37.139,                                        
                               "Actual Rows": 1,                                                   
                               "Actual Loops": 3,                                                  
                               "Hash Buckets": 1024,                                               
                               "Original Hash Buckets": 1024,                                      
                               "Hash Batches": 1,                                                  
                               "Original Hash Batches": 1,                                         
                               "Peak Memory Usage": 9,                                             
                               "Plans": [                                                          
                                 {                                                                 
                                   "Node Type": "Seq Scan",                                        
                                   "Parent Relationship": "Outer",                                 
                                   "Parallel Aware": false,                                        
                                   "Relation Name": "keyword",                                     
                                   "Alias": "k",                                                   
                                   "Startup Cost": 0.00,                                           
                                   "Total Cost": 2639.12,                                          
                                   "Plan Rows": 671,                                               
                                   "Plan Width": 4,                                                
                                   "Actual Startup Time": 1.571,                                   
                                   "Actual Total Time": 37.119,                                    
                                   "Actual Rows": 1,                                               
                                   "Actual Loops": 3,                                              
                                   "Filter": "((keyword)::text = 'character-name-in-title'::text)",
                                   "Rows Removed by Filter": 134169                                
                                 }                                                                 
                               ]                                                                   
                             }                                                                     
                           ]                                                                       
                         },                                                                        
                         {                                                                         
                           "Node Type": "Hash",                                                    
                           "Parent Relationship": "Inner",                                         
                           "Parallel Aware": true,                                                 
                           "Startup Cost": 47354.72,                                               
                           "Total Cost": 47354.72,                                                 
                           "Plan Rows": 5436,                                                      
                           "Plan Width": 4,                                                        
                           "Actual Startup Time": 383.064,                                         
                           "Actual Total Time": 383.067,                                           
                           "Actual Rows": 1,                                                       
                           "Actual Loops": 3,                                                      
                           "Hash Buckets": 16384,                                                  
                           "Original Hash Buckets": 16384,                                         
                           "Hash Batches": 1,                                                      
                           "Original Hash Batches": 1,                                             
                           "Peak Memory Usage": 160,                                               
                           "Plans": [                                                              
                             {                                                                     
                               "Node Type": "Hash Join",                                           
                               "Parent Relationship": "Outer",                                     
                               "Parallel Aware": true,                                             
                               "Join Type": "Inner",                                               
                               "Startup Cost": 4748.56,                                            
                               "Total Cost": 47354.72,                                             
                               "Plan Rows": 5436,                                                  
                               "Plan Width": 4,                                                    
                               "Actual Startup Time": 305.420,                                     
                               "Actual Total Time": 382.963,                                       
                               "Actual Rows": 1,                                                   
                               "Actual Loops": 3,                                                  
                               "Inner Unique": true,                                               
                               "Hash Cond": "(mc.company_id = cn.id)",                             
                               "Plans": [                                                          
                                 {                                                                 
                                   "Node Type": "Seq Scan",                                        
                                   "Parent Relationship": "Outer",                                 
                                   "Parallel Aware": true,                                         
                                   "Relation Name": "movie_companies",                             
                                   "Alias": "mc",                                                  
                                   "Startup Cost": 0.00,                                           
                                   "Total Cost": 39752.37,                                         
                                   "Plan Rows": 1087137,                                           
                                   "Plan Width": 8,                                                
                                   "Actual Startup Time": 0.057,                                   
                                   "Actual Total Time": 177.024,                                   
                                   "Actual Rows": 869710,                                          
                                   "Actual Loops": 3                                               
                                 },                                                                
                                 {                                                                 
                                   "Node Type": "Hash",                                            
                                   "Parent Relationship": "Inner",                                 
                                   "Parallel Aware": true,                                         
                                   "Startup Cost": 4739.92,                                        
                                   "Total Cost": 4739.92,                                          
                                   "Plan Rows": 691,                                               
                                   "Plan Width": 4,                                                
                                   "Actual Startup Time": 33.730,                                  
                                   "Actual Total Time": 33.730,                                    
                                   "Actual Rows": 0,                                               
                                   "Actual Loops": 3,                                              
                                   "Hash Buckets": 2048,                                           
                                   "Original Hash Buckets": 2048,                                  
                                   "Hash Batches": 1,                                              
                                   "Original Hash Batches": 1,                                     
                                   "Peak Memory Usage": 48,                                        
                                   "Plans": [                                                      
                                     {                                                             
                                       "Node Type": "Seq Scan",                                    
                                       "Parent Relationship": "Outer",                             
                                       "Parallel Aware": true,                                     
                                       "Relation Name": "company_name",                            
                                       "Alias": "cn",                                              
                                       "Startup Cost": 0.00,                                       
                                       "Total Cost": 4739.92,                                      
                                       "Plan Rows": 691,                                           
                                       "Plan Width": 4,                                            
                                       "Actual Startup Time": 24.618,                              
                                       "Actual Total Time": 33.694,                                
                                       "Actual Rows": 0,                                           
                                       "Actual Loops": 3,                                          
                                       "Filter": "((country_code)::text = '[sm]'::text)",          
                                       "Rows Removed by Filter": 78332                             
                                     }                                                             
                                   ]                                                               
                                 }                                                                 
                               ]                                                                   
                             }                                                                     
                           ]                                                                       
                         }                                                                         
                       ]                                                                           
                     },                                                                            
                     {                                                                             
                       "Node Type": "Index Scan",                                                  
                       "Parent Relationship": "Inner",                                             
                       "Parallel Aware": false,                                                    
                       "Scan Direction": "Forward",                                                
                       "Index Name": "title_pkey",                                                 
                       "Relation Name": "title",                                                   
                       "Alias": "t",                                                               
                       "Startup Cost": 0.43,                                                       
                       "Total Cost": 0.49,                                                         
                       "Plan Rows": 1,                                                             
                       "Plan Width": 21,                                                           
                       "Actual Startup Time": 0.000,                                               
                       "Actual Total Time": 0.000,                                                 
                       "Actual Rows": 0,                                                           
                       "Actual Loops": 0,                                                          
                       "Index Cond": "(id = mk.movie_id)",                                         
                       "Rows Removed by Index Recheck": 0                                          
                     }                                                                             
                   ]                                                                               
                 }                                                                                 
               ]                                                                                   
             }                                                                                     
           ]                                                                                       
         }                                                                                         
       ]                                                                                           
     },                                                                                            
     "Planning Time": 2.278,                                                                       
     "Triggers": [                                                                                 
     ],                                                                                            
     "Execution Time": 989.417                                                                     
   }                                                                                               
 ]
