[                                                                                                                                                    
   {                                                                                                                                                  
     "Plan": {                                                                                                                                        
       "Node Type": "Aggregate",                                                                                                                      
       "Strategy": "Plain",                                                                                                                           
       "Partial Mode": "Simple",                                                                                                                      
       "Parallel Aware": false,                                                                                                                       
       "Startup Cost": 878288.04,                                                                                                                     
       "Total Cost": 878288.05,                                                                                                                       
       "Plan Rows": 1,                                                                                                                                
       "Plan Width": 128,                                                                                                                             
       "Actual Startup Time": 8586.225,                                                                                                               
       "Actual Total Time": 8605.289,                                                                                                                 
       "Actual Rows": 1,                                                                                                                              
       "Actual Loops": 1,                                                                                                                             
       "Plans": [                                                                                                                                     
         {                                                                                                                                            
           "Node Type": "Nested Loop",                                                                                                                
           "Parent Relationship": "Outer",                                                                                                            
           "Parallel Aware": false,                                                                                                                   
           "Join Type": "Inner",                                                                                                                      
           "Startup Cost": 380568.52,                                                                                                                 
           "Total Cost": 878288.03,                                                                                                                   
           "Plan Rows": 1,                                                                                                                            
           "Plan Width": 79,                                                                                                                          
           "Actual Startup Time": 6980.179,                                                                                                           
           "Actual Total Time": 8601.433,                                                                                                             
           "Actual Rows": 2825,                                                                                                                       
           "Actual Loops": 1,                                                                                                                         
           "Inner Unique": true,                                                                                                                      
           "Plans": [                                                                                                                                 
             {                                                                                                                                        
               "Node Type": "Gather",                                                                                                                 
               "Parent Relationship": "Outer",                                                                                                        
               "Parallel Aware": false,                                                                                                               
               "Startup Cost": 380568.09,                                                                                                             
               "Total Cost": 878286.51,                                                                                                               
               "Plan Rows": 1,                                                                                                                        
               "Plan Width": 68,                                                                                                                      
               "Actual Startup Time": 6980.093,                                                                                                       
               "Actual Total Time": 8587.049,                                                                                                         
               "Actual Rows": 2825,                                                                                                                   
               "Actual Loops": 1,                                                                                                                     
               "Workers Planned": 2,                                                                                                                  
               "Workers Launched": 2,                                                                                                                 
               "Single Copy": false,                                                                                                                  
               "Plans": [                                                                                                                             
                 {                                                                                                                                    
                   "Node Type": "Hash Join",                                                                                                          
                   "Parent Relationship": "Outer",                                                                                                    
                   "Parallel Aware": true,                                                                                                            
                   "Join Type": "Inner",                                                                                                              
                   "Startup Cost": 379568.09,                                                                                                         
                   "Total Cost": 877286.41,                                                                                                           
                   "Plan Rows": 1,                                                                                                                    
                   "Plan Width": 68,                                                                                                                  
                   "Actual Startup Time": 6973.094,                                                                                                   
                   "Actual Total Time": 8570.004,                                                                                                     
                   "Actual Rows": 942,                                                                                                                
                   "Actual Loops": 3,                                                                                                                 
                   "Inner Unique": false,                                                                                                             
                   "Hash Cond": "(ci.movie_id = t.id)",                                                                                               
                   "Plans": [                                                                                                                         
                     {                                                                                                                                
                       "Node Type": "Seq Scan",                                                                                                       
                       "Parent Relationship": "Outer",                                                                                                
                       "Parallel Aware": true,                                                                                                        
                       "Relation Name": "cast_info",                                                                                                  
                       "Alias": "ci",                                                                                                                 
                       "Startup Cost": 0.00,                                                                                                          
                       "Total Cost": 496312.85,                                                                                                       
                       "Plan Rows": 374789,                                                                                                           
                       "Plan Width": 8,                                                                                                               
                       "Actual Startup Time": 114.531,                                                                                                
                       "Actual Total Time": 3421.060,                                                                                                 
                       "Actual Rows": 414905,                                                                                                         
                       "Actual Loops": 3,                                                                                                             
                       "Filter": "((note)::text = ANY ('{(writer),\"(head writer)\",\"(written by)\",(story),\"(story editor)\"}'::text[]))",         
                       "Rows Removed by Filter": 11666543                                                                                             
                     },                                                                                                                               
                     {                                                                                                                                
                       "Node Type": "Hash",                                                                                                           
                       "Parent Relationship": "Inner",                                                                                                
                       "Parallel Aware": true,                                                                                                        
                       "Startup Cost": 379568.08,                                                                                                     
                       "Total Cost": 379568.08,                                                                                                       
                       "Plan Rows": 1,                                                                                                                
                       "Plan Width": 84,                                                                                                              
                       "Actual Startup Time": 5059.153,                                                                                               
                       "Actual Total Time": 5059.254,                                                                                                 
                       "Actual Rows": 947,                                                                                                            
                       "Actual Loops": 3,                                                                                                             
                       "Hash Buckets": 4096,                                                                                                          
                       "Original Hash Buckets": 1024,                                                                                                 
                       "Hash Batches": 1,                                                                                                             
                       "Original Hash Batches": 1,                                                                                                    
                       "Peak Memory Usage": 344,                                                                                                      
                       "Plans": [                                                                                                                     
                         {                                                                                                                            
                           "Node Type": "Nested Loop",                                                                                                
                           "Parent Relationship": "Outer",                                                                                            
                           "Parallel Aware": false,                                                                                                   
                           "Join Type": "Inner",                                                                                                      
                           "Startup Cost": 329190.57,                                                                                                 
                           "Total Cost": 379568.08,                                                                                                   
                           "Plan Rows": 1,                                                                                                            
                           "Plan Width": 84,                                                                                                          
                           "Actual Startup Time": 4304.994,                                                                                           
                           "Actual Total Time": 4994.026,                                                                                             
                           "Actual Rows": 947,                                                                                                        
                           "Actual Loops": 3,                                                                                                         
                           "Inner Unique": true,                                                                                                      
                           "Plans": [                                                                                                                 
                             {                                                                                                                        
                               "Node Type": "Hash Join",                                                                                              
                               "Parent Relationship": "Outer",                                                                                        
                               "Parallel Aware": true,                                                                                                
                               "Join Type": "Inner",                                                                                                  
                               "Startup Cost": 329190.15,                                                                                             
                               "Total Cost": 379562.51,                                                                                               
                               "Plan Rows": 5,                                                                                                        
                               "Plan Width": 88,                                                                                                      
                               "Actual Startup Time": 4267.387,                                                                                       
                               "Actual Total Time": 4828.308,                                                                                         
                               "Actual Rows": 36812,                                                                                                  
                               "Actual Loops": 3,                                                                                                     
                               "Inner Unique": false,                                                                                                 
                               "Hash Cond": "(mk.movie_id = t.id)",                                                                                   
                               "Plans": [                                                                                                             
                                 {                                                                                                                    
                                   "Node Type": "Seq Scan",                                                                                           
                                   "Parent Relationship": "Outer",                                                                                    
                                   "Parallel Aware": true,                                                                                            
                                   "Relation Name": "movie_keyword",                                                                                  
                                   "Alias": "mk",                                                                                                     
                                   "Startup Cost": 0.00,                                                                                              
                                   "Total Cost": 43303.71,                                                                                            
                                   "Plan Rows": 1884971,                                                                                              
                                   "Plan Width": 8,                                                                                                   
                                   "Actual Startup Time": 0.077,                                                                                      
                                   "Actual Total Time": 283.549,                                                                                      
                                   "Actual Rows": 1507977,                                                                                            
                                   "Actual Loops": 3                                                                                                  
                                 },                                                                                                                   
                                 {                                                                                                                    
                                   "Node Type": "Hash",                                                                                               
                                   "Parent Relationship": "Inner",                                                                                    
                                   "Parallel Aware": true,                                                                                            
                                   "Startup Cost": 329190.13,                                                                                         
                                   "Total Cost": 329190.13,                                                                                           
                                   "Plan Rows": 1,                                                                                                    
                                   "Plan Width": 80,                                                                                                  
                                   "Actual Startup Time": 4216.668,                                                                                   
                                   "Actual Total Time": 4216.736,                                                                                     
                                   "Actual Rows": 412,                                                                                                
                                   "Actual Loops": 3,                                                                                                 
                                   "Hash Buckets": 1024,                                                                                              
                                   "Original Hash Buckets": 1024,                                                                                     
                                   "Hash Batches": 1,                                                                                                 
                                   "Original Hash Batches": 1,                                                                                        
                                   "Peak Memory Usage": 136,                                                                                          
                                   "Plans": [                                                                                                         
                                     {                                                                                                                
                                       "Node Type": "Nested Loop",                                                                                    
                                       "Parent Relationship": "Outer",                                                                                
                                       "Parallel Aware": false,                                                                                       
                                       "Join Type": "Inner",                                                                                          
                                       "Startup Cost": 285267.67,                                                                                     
                                       "Total Cost": 329190.13,                                                                                       
                                       "Plan Rows": 1,                                                                                                
                                       "Plan Width": 80,                                                                                              
                                       "Actual Startup Time": 2727.984,                                                                               
                                       "Actual Total Time": 4215.388,                                                                                 
                                       "Actual Rows": 412,                                                                                            
                                       "Actual Loops": 3,                                                                                             
                                       "Inner Unique": true,                                                                                          
                                       "Join Filter": "(mi.movie_id = t.id)",                                                                         
                                       "Rows Removed by Join Filter": 0,                                                                              
                                       "Plans": [                                                                                                     
                                         {                                                                                                            
                                           "Node Type": "Nested Loop",                                                                                
                                           "Parent Relationship": "Outer",                                                                            
                                           "Parallel Aware": false,                                                                                   
                                           "Join Type": "Inner",                                                                                      
                                           "Startup Cost": 285267.24,                                                                                 
                                           "Total Cost": 329188.85,                                                                                   
                                           "Plan Rows": 1,                                                                                            
                                           "Plan Width": 59,                                                                                          
                                           "Actual Startup Time": 2727.805,                                                                           
                                           "Actual Total Time": 4209.118,                                                                             
                                           "Actual Rows": 412,                                                                                        
                                           "Actual Loops": 3,                                                                                         
                                           "Inner Unique": true,                                                                                      
                                           "Plans": [                                                                                                 
                                             {                                                                                                        
                                               "Node Type": "Hash Join",                                                                              
                                               "Parent Relationship": "Outer",                                                                        
                                               "Parallel Aware": true,                                                                                
                                               "Join Type": "Inner",                                                                                  
                                               "Startup Cost": 285266.82,                                                                             
                                               "Total Cost": 329096.29,                                                                               
                                               "Plan Rows": 83,                                                                                       
                                               "Plan Width": 63,                                                                                      
                                               "Actual Startup Time": 2652.718,                                                                       
                                               "Actual Total Time": 3247.166,                                                                         
                                               "Actual Rows": 191503,                                                                                 
                                               "Actual Loops": 3,                                                                                     
                                               "Inner Unique": false,                                                                                 
                                               "Hash Cond": "(mc.movie_id = mi.movie_id)",                                                            
                                               "Plans": [                                                                                             
                                                 {                                                                                                    
                                                   "Node Type": "Seq Scan",                                                                           
                                                   "Parent Relationship": "Outer",                                                                    
                                                   "Parallel Aware": true,                                                                            
                                                   "Relation Name": "movie_companies",                                                                
                                                   "Alias": "mc",                                                                                     
                                                   "Startup Cost": 0.00,                                                                              
                                                   "Total Cost": 39752.37,                                                                            
                                                   "Plan Rows": 1087137,                                                                              
                                                   "Plan Width": 8,                                                                                   
                                                   "Actual Startup Time": 0.070,                                                                      
                                                   "Actual Total Time": 197.725,                                                                      
                                                   "Actual Rows": 869710,                                                                             
                                                   "Actual Loops": 3                                                                                  
                                                 },                                                                                                   
                                                 {                                                                                                    
                                                   "Node Type": "Hash",                                                                               
                                                   "Parent Relationship": "Inner",                                                                    
                                                   "Parallel Aware": true,                                                                            
                                                   "Startup Cost": 285266.62,                                                                         
                                                   "Total Cost": 285266.62,                                                                           
                                                   "Plan Rows": 16,                                                                                   
                                                   "Plan Width": 55,                                                                                  
                                                   "Actual Startup Time": 2652.530,                                                                   
                                                   "Actual Total Time": 2652.570,                                                                     
                                                   "Actual Rows": 34172,                                                                              
                                                   "Actual Loops": 3,                                                                                 
                                                   "Hash Buckets": 131072,                                                                            
                                                   "Original Hash Buckets": 1024,                                                                     
                                                   "Hash Batches": 1,                                                                                 
                                                   "Original Hash Batches": 1,                                                                        
                                                   "Peak Memory Usage": 7672,                                                                         
                                                   "Plans": [                                                                                         
                                                     {                                                                                                
                                                       "Node Type": "Hash Join",                                                                      
                                                       "Parent Relationship": "Outer",                                                                
                                                       "Parallel Aware": true,                                                                        
                                                       "Join Type": "Inner",                                                                          
                                                       "Startup Cost": 15319.64,                                                                      
                                                       "Total Cost": 285266.62,                                                                       
                                                       "Plan Rows": 16,                                                                               
                                                       "Plan Width": 55,                                                                              
                                                       "Actual Startup Time": 2556.814,                                                               
                                                       "Actual Total Time": 2618.037,                                                                 
                                                       "Actual Rows": 34172,                                                                          
                                                       "Actual Loops": 3,                                                                             
                                                       "Inner Unique": false,                                                                         
                                                       "Hash Cond": "(mi.movie_id = mi_idx.movie_id)",                                                
                                                       "Plans": [                                                                                     
                                                         {                                                                                            
                                                           "Node Type": "Hash Join",                                                                  
                                                           "Parent Relationship": "Outer",                                                            
                                                           "Parallel Aware": false,                                                                   
                                                           "Join Type": "Inner",                                                                      
                                                           "Startup Cost": 2.43,                                                                      
                                                           "Total Cost": 269946.96,                                                                   
                                                           "Plan Rows": 634,                                                                          
                                                           "Plan Width": 46,                                                                          
                                                           "Actual Startup Time": 175.714,                                                            
                                                           "Actual Total Time": 2210.763,                                                             
                                                           "Actual Rows": 62198,                                                                      
                                                           "Actual Loops": 3,                                                                         
                                                           "Inner Unique": true,                                                                      
                                                           "Hash Cond": "(mi.info_type_id = it1.id)",                                                 
                                                           "Plans": [                                                                                 
                                                             {                                                                                        
                                                               "Node Type": "Seq Scan",                                                               
                                                               "Parent Relationship": "Outer",                                                        
                                                               "Parallel Aware": true,                                                                
                                                               "Relation Name": "movie_info",                                                         
                                                               "Alias": "mi",                                                                         
                                                               "Startup Cost": 0.00,                                                                  
                                                               "Total Cost": 269749.45,                                                               
                                                               "Plan Rows": 71632,                                                                    
                                                               "Plan Width": 50,                                                                      
                                                               "Actual Startup Time": 175.632,                                                        
                                                               "Actual Total Time": 2185.480,                                                         
                                                               "Actual Rows": 62990,                                                                  
                                                               "Actual Loops": 3,                                                                     
                                                               "Filter": "((info)::text = ANY ('{Horror,Action,Sci-Fi,Thriller,Crime,War}'::text[]))",
                                                               "Rows Removed by Filter": 4882250                                                      
                                                             },                                                                                       
                                                             {                                                                                        
                                                               "Node Type": "Hash",                                                                   
                                                               "Parent Relationship": "Inner",                                                        
                                                               "Parallel Aware": false,                                                               
                                                               "Startup Cost": 2.41,                                                                  
                                                               "Total Cost": 2.41,                                                                    
                                                               "Plan Rows": 1,                                                                        
                                                               "Plan Width": 4,                                                                       
                                                               "Actual Startup Time": 0.054,                                                          
                                                               "Actual Total Time": 0.055,                                                            
                                                               "Actual Rows": 1,                                                                      
                                                               "Actual Loops": 3,                                                                     
                                                               "Hash Buckets": 1024,                                                                  
                                                               "Original Hash Buckets": 1024,                                                         
                                                               "Hash Batches": 1,                                                                     
                                                               "Original Hash Batches": 1,                                                            
                                                               "Peak Memory Usage": 9,                                                                
                                                               "Plans": [                                                                             
                                                                 {                                                                                    
                                                                   "Node Type": "Seq Scan",                                                           
                                                                   "Parent Relationship": "Outer",                                                    
                                                                   "Parallel Aware": false,                                                           
                                                                   "Relation Name": "info_type",                                                      
                                                                   "Alias": "it1",                                                                    
                                                                   "Startup Cost": 0.00,                                                              
                                                                   "Total Cost": 2.41,                                                                
                                                                   "Plan Rows": 1,                                                                    
                                                                   "Plan Width": 4,                                                                   
                                                                   "Actual Startup Time": 0.019,                                                      
                                                                   "Actual Total Time": 0.041,                                                        
                                                                   "Actual Rows": 1,                                                                  
                                                                   "Actual Loops": 3,                                                                 
                                                                   "Filter": "((info)::text = 'genres'::text)",                                       
                                                                   "Rows Removed by Filter": 112                                                      
                                                                 }                                                                                    
                                                               ]                                                                                      
                                                             }                                                                                        
                                                           ]                                                                                          
                                                         },                                                                                           
                                                         {                                                                                            
                                                           "Node Type": "Hash",                                                                       
                                                           "Parent Relationship": "Inner",                                                            
                                                           "Parallel Aware": true,                                                                    
                                                           "Startup Cost": 15253.60,                                                                  
                                                           "Total Cost": 15253.60,                                                                    
                                                           "Plan Rows": 5089,                                                                         
                                                           "Plan Width": 9,                                                                           
                                                           "Actual Startup Time": 310.417,                                                            
                                                           "Actual Total Time": 310.435,                                                              
                                                           "Actual Rows": 153308,                                                                     
                                                           "Actual Loops": 3,                                                                         
                                                           "Hash Buckets": 65536,                                                                     
                                                           "Original Hash Buckets": 16384,                                                            
                                                           "Hash Batches": 8,                                                                         
                                                           "Original Hash Batches": 1,                                                                
                                                           "Peak Memory Usage": 2816,                                                                 
                                                           "Plans": [                                                                                 
                                                             {                                                                                        
                                                               "Node Type": "Hash Join",                                                              
                                                               "Parent Relationship": "Outer",                                                        
                                                               "Parallel Aware": false,                                                               
                                                               "Join Type": "Inner",                                                                  
                                                               "Startup Cost": 2.43,                                                                  
                                                               "Total Cost": 15253.60,                                                                
                                                               "Plan Rows": 5089,                                                                     
                                                               "Plan Width": 9,                                                                       
                                                               "Actual Startup Time": 0.143,                                                          
                                                               "Actual Total Time": 218.129,                                                          
                                                               "Actual Rows": 153308,                                                                 
                                                               "Actual Loops": 3,                                                                     
                                                               "Inner Unique": true,                                                                  
                                                               "Hash Cond": "(mi_idx.info_type_id = it2.id)",                                         
                                                               "Plans": [                                                                             
                                                                 {                                                                                    
                                                                   "Node Type": "Seq Scan",                                                           
                                                                   "Parent Relationship": "Outer",                                                    
                                                                   "Parallel Aware": true,                                                            
                                                                   "Relation Name": "movie_info_idx",                                                 
                                                                   "Alias": "mi_idx",                                                                 
                                                                   "Startup Cost": 0.00,                                                              
                                                                   "Total Cost": 13685.15,                                                            
                                                                   "Plan Rows": 575015,                                                               
                                                                   "Plan Width": 13,                                                                  
                                                                   "Actual Startup Time": 0.053,                                                      
                                                                   "Actual Total Time": 91.473,                                                       
                                                                   "Actual Rows": 460012,                                                             
                                                                   "Actual Loops": 3                                                                  
                                                                 },                                                                                   
                                                                 {                                                                                    
                                                                   "Node Type": "Hash",                                                               
                                                                   "Parent Relationship": "Inner",                                                    
                                                                   "Parallel Aware": false,                                                           
                                                                   "Startup Cost": 2.41,                                                              
                                                                   "Total Cost": 2.41,                                                                
                                                                   "Plan Rows": 1,                                                                    
                                                                   "Plan Width": 4,                                                                   
                                                                   "Actual Startup Time": 0.064,                                                      
                                                                   "Actual Total Time": 0.065,                                                        
                                                                   "Actual Rows": 1,                                                                  
                                                                   "Actual Loops": 3,                                                                 
                                                                   "Hash Buckets": 1024,                                                              
                                                                   "Original Hash Buckets": 1024,                                                     
                                                                   "Hash Batches": 1,                                                                 
                                                                   "Original Hash Batches": 1,                                                        
                                                                   "Peak Memory Usage": 9,                                                            
                                                                   "Plans": [                                                                         
                                                                     {                                                                                
                                                                       "Node Type": "Seq Scan",                                                       
                                                                       "Parent Relationship": "Outer",                                                
                                                                       "Parallel Aware": false,                                                       
                                                                       "Relation Name": "info_type",                                                  
                                                                       "Alias": "it2",                                                                
                                                                       "Startup Cost": 0.00,                                                          
                                                                       "Total Cost": 2.41,                                                            
                                                                       "Plan Rows": 1,                                                                
                                                                       "Plan Width": 4,                                                               
                                                                       "Actual Startup Time": 0.052,                                                  
                                                                       "Actual Total Time": 0.056,                                                    
                                                                       "Actual Rows": 1,                                                              
                                                                       "Actual Loops": 3,                                                             
                                                                       "Filter": "((info)::text = 'votes'::text)",                                    
                                                                       "Rows Removed by Filter": 112                                                  
                                                                     }                                                                                
                                                                   ]                                                                                  
                                                                 }                                                                                    
                                                               ]                                                                                      
                                                             }                                                                                        
                                                           ]                                                                                          
                                                         }                                                                                            
                                                       ]                                                                                              
                                                     }                                                                                                
                                                   ]                                                                                                  
                                                 }                                                                                                    
                                               ]                                                                                                      
                                             },                                                                                                       
                                             {                                                                                                        
                                               "Node Type": "Index Scan",                                                                             
                                               "Parent Relationship": "Inner",                                                                        
                                               "Parallel Aware": false,                                                                               
                                               "Scan Direction": "Forward",                                                                           
                                               "Index Name": "company_name_pkey",                                                                     
                                               "Relation Name": "company_name",                                                                       
                                               "Alias": "cn",                                                                                         
                                               "Startup Cost": 0.42,                                                                                  
                                               "Total Cost": 1.12,                                                                                    
                                               "Plan Rows": 1,                                                                                        
                                               "Plan Width": 4,                                                                                       
                                               "Actual Startup Time": 0.005,                                                                          
                                               "Actual Total Time": 0.005,                                                                            
                                               "Actual Rows": 0,                                                                                      
                                               "Actual Loops": 574510,                                                                                
                                               "Index Cond": "(id = mc.company_id)",                                                                  
                                               "Rows Removed by Index Recheck": 0,                                                                    
                                               "Filter": "((name)::text ~~ 'Lionsgate%'::text)",                                                      
                                               "Rows Removed by Filter": 1                                                                            
                                             }                                                                                                        
                                           ]                                                                                                          
                                         },                                                                                                           
                                         {                                                                                                            
                                           "Node Type": "Index Scan",                                                                                 
                                           "Parent Relationship": "Inner",                                                                            
                                           "Parallel Aware": false,                                                                                   
                                           "Scan Direction": "Forward",                                                                               
                                           "Index Name": "title_pkey",                                                                                
                                           "Relation Name": "title",                                                                                  
                                           "Alias": "t",                                                                                              
                                           "Startup Cost": 0.43,                                                                                      
                                           "Total Cost": 1.27,                                                                                        
                                           "Plan Rows": 1,                                                                                            
                                           "Plan Width": 21,                                                                                          
                                           "Actual Startup Time": 0.013,                                                                              
                                           "Actual Total Time": 0.013,                                                                                
                                           "Actual Rows": 1,                                                                                          
                                           "Actual Loops": 1235,                                                                                      
                                           "Index Cond": "(id = mc.movie_id)",                                                                        
                                           "Rows Removed by Index Recheck": 0                                                                         
                                         }                                                                                                            
                                       ]                                                                                                              
                                     }                                                                                                                
                                   ]                                                                                                                  
                                 }                                                                                                                    
                               ]                                                                                                                      
                             },                                                                                                                       
                             {                                                                                                                        
                               "Node Type": "Index Scan",                                                                                             
                               "Parent Relationship": "Inner",                                                                                        
                               "Parallel Aware": false,                                                                                               
                               "Scan Direction": "Forward",                                                                                           
                               "Index Name": "keyword_pkey",                                                                                          
                               "Relation Name": "keyword",                                                                                            
                               "Alias": "k",                                                                                                          
                               "Startup Cost": 0.42,                                                                                                  
                               "Total Cost": 1.11,                                                                                                    
                               "Plan Rows": 1,                                                                                                        
                               "Plan Width": 4,                                                                                                       
                               "Actual Startup Time": 0.004,                                                                                          
                               "Actual Total Time": 0.004,                                                                                            
                               "Actual Rows": 0,                                                                                                      
                               "Actual Loops": 110436,                                                                                                
                               "Index Cond": "(id = mk.keyword_id)",                                                                                  
                               "Rows Removed by Index Recheck": 0,                                                                                    
                               "Filter": "((keyword)::text = ANY ('{murder,violence,blood,gore,death,female-nudity,hospital}'::text[]))",             
                               "Rows Removed by Filter": 1                                                                                            
                             }                                                                                                                        
                           ]                                                                                                                          
                         }                                                                                                                            
                       ]                                                                                                                              
                     }                                                                                                                                
                   ]                                                                                                                                  
                 }                                                                                                                                    
               ]                                                                                                                                      
             },                                                                                                                                       
             {                                                                                                                                        
               "Node Type": "Index Scan",                                                                                                             
               "Parent Relationship": "Inner",                                                                                                        
               "Parallel Aware": false,                                                                                                               
               "Scan Direction": "Forward",                                                                                                           
               "Index Name": "name_pkey",                                                                                                             
               "Relation Name": "name",                                                                                                               
               "Alias": "n",                                                                                                                          
               "Startup Cost": 0.43,                                                                                                                  
               "Total Cost": 1.53,                                                                                                                    
               "Plan Rows": 1,                                                                                                                        
               "Plan Width": 19,                                                                                                                      
               "Actual Startup Time": 0.004,                                                                                                          
               "Actual Total Time": 0.004,                                                                                                            
               "Actual Rows": 1,                                                                                                                      
               "Actual Loops": 2825,                                                                                                                  
               "Index Cond": "(id = ci.person_id)",                                                                                                   
               "Rows Removed by Index Recheck": 0                                                                                                     
             }                                                                                                                                        
           ]                                                                                                                                          
         }                                                                                                                                            
       ]                                                                                                                                              
     },                                                                                                                                               
     "Planning Time": 74.070,                                                                                                                         
     "Triggers": [                                                                                                                                    
     ],                                                                                                                                               
     "Execution Time": 8605.857                                                                                                                       
   }                                                                                                                                                  
 ]
