[                                                                                                      
   {                                                                                                    
     "Plan": {                                                                                          
       "Node Type": "Aggregate",                                                                        
       "Strategy": "Plain",                                                                             
       "Partial Mode": "Finalize",                                                                      
       "Parallel Aware": false,                                                                         
       "Startup Cost": 70047.75,                                                                        
       "Total Cost": 70047.76,                                                                          
       "Plan Rows": 1,                                                                                  
       "Plan Width": 96,                                                                                
       "Actual Startup Time": 631.417,                                                                  
       "Actual Total Time": 631.594,                                                                    
       "Actual Rows": 1,                                                                                
       "Actual Loops": 1,                                                                               
       "Plans": [                                                                                       
         {                                                                                              
           "Node Type": "Gather",                                                                       
           "Parent Relationship": "Outer",                                                              
           "Parallel Aware": false,                                                                     
           "Startup Cost": 70047.53,                                                                    
           "Total Cost": 70047.74,                                                                      
           "Plan Rows": 2,                                                                              
           "Plan Width": 96,                                                                            
           "Actual Startup Time": 631.396,                                                              
           "Actual Total Time": 631.582,                                                                
           "Actual Rows": 3,                                                                            
           "Actual Loops": 1,                                                                           
           "Workers Planned": 2,                                                                        
           "Workers Launched": 2,                                                                       
           "Single Copy": false,                                                                        
           "Plans": [                                                                                   
             {                                                                                          
               "Node Type": "Aggregate",                                                                
               "Strategy": "Plain",                                                                     
               "Partial Mode": "Partial",                                                               
               "Parent Relationship": "Outer",                                                          
               "Parallel Aware": false,                                                                 
               "Startup Cost": 69047.53,                                                                
               "Total Cost": 69047.54,                                                                  
               "Plan Rows": 1,                                                                          
               "Plan Width": 96,                                                                        
               "Actual Startup Time": 605.246,                                                          
               "Actual Total Time": 605.257,                                                            
               "Actual Rows": 1,                                                                        
               "Actual Loops": 3,                                                                       
               "Plans": [                                                                               
                 {                                                                                      
                   "Node Type": "Nested Loop",                                                          
                   "Parent Relationship": "Outer",                                                      
                   "Parallel Aware": false,                                                             
                   "Join Type": "Inner",                                                                
                   "Startup Cost": 54242.41,                                                            
                   "Total Cost": 69025.45,                                                              
                   "Plan Rows": 2944,                                                                   
                   "Plan Width": 116,                                                                   
                   "Actual Startup Time": 605.239,                                                      
                   "Actual Total Time": 605.249,                                                        
                   "Actual Rows": 0,                                                                    
                   "Actual Loops": 3,                                                                   
                   "Inner Unique": true,                                                                
                   "Plans": [                                                                           
                     {                                                                                  
                       "Node Type": "Hash Join",                                                        
                       "Parent Relationship": "Outer",                                                  
                       "Parallel Aware": false,                                                         
                       "Join Type": "Inner",                                                            
                       "Startup Cost": 54241.98,                                                        
                       "Total Cost": 55864.09,                                                          
                       "Plan Rows": 2944,                                                               
                       "Plan Width": 103,                                                               
                       "Actual Startup Time": 605.238,                                                  
                       "Actual Total Time": 605.248,                                                    
                       "Actual Rows": 0,                                                                
                       "Actual Loops": 3,                                                               
                       "Inner Unique": true,                                                            
                       "Hash Cond": "(ml.link_type_id = lt.id)",                                        
                       "Plans": [                                                                       
                         {                                                                              
                           "Node Type": "Nested Loop",                                                  
                           "Parent Relationship": "Outer",                                              
                           "Parallel Aware": false,                                                     
                           "Join Type": "Inner",                                                        
                           "Startup Cost": 54216.00,                                                    
                           "Total Cost": 55830.34,                                                      
                           "Plan Rows": 2944,                                                           
                           "Plan Width": 25,                                                            
                           "Actual Startup Time": 605.052,                                              
                           "Actual Total Time": 605.060,                                                
                           "Actual Rows": 0,                                                            
                           "Actual Loops": 3,                                                           
                           "Inner Unique": true,                                                        
                           "Plans": [                                                                   
                             {                                                                          
                               "Node Type": "Merge Join",                                               
                               "Parent Relationship": "Outer",                                          
                               "Parallel Aware": false,                                                 
                               "Join Type": "Inner",                                                    
                               "Startup Cost": 54215.57,                                                
                               "Total Cost": 54395.75,                                                  
                               "Plan Rows": 2944,                                                       
                               "Plan Width": 16,                                                        
                               "Actual Startup Time": 605.051,                                          
                               "Actual Total Time": 605.059,                                            
                               "Actual Rows": 0,                                                        
                               "Actual Loops": 3,                                                       
                               "Inner Unique": false,                                                   
                               "Merge Cond": "(mk.movie_id = ml.movie_id)",                             
                               "Plans": [                                                               
                                 {                                                                      
                                   "Node Type": "Sort",                                                 
                                   "Parent Relationship": "Outer",                                      
                                   "Parallel Aware": false,                                             
                                   "Startup Cost": 51521.73,                                            
                                   "Total Cost": 51545.30,                                              
                                   "Plan Rows": 9427,                                                   
                                   "Plan Width": 4,                                                     
                                   "Actual Startup Time": 594.768,                                      
                                   "Actual Total Time": 594.775,                                        
                                   "Actual Rows": 0,                                                    
                                   "Actual Loops": 3,                                                   
                                   "Sort Key": ["mk.movie_id"],                                         
                                   "Sort Method": "quicksort",                                          
                                   "Sort Space Used": 25,                                               
                                   "Sort Space Type": "Memory",                                         
                                   "Workers": [                                                         
                                     {                                                                  
                                       "Worker Number": 0,                                              
                                       "Sort Method": "quicksort",                                      
                                       "Sort Space Used": 25,                                           
                                       "Sort Space Type": "Memory"                                      
                                     },                                                                 
                                     {                                                                  
                                       "Worker Number": 1,                                              
                                       "Sort Method": "quicksort",                                      
                                       "Sort Space Used": 25,                                           
                                       "Sort Space Type": "Memory"                                      
                                     }                                                                  
                                   ],                                                                   
                                   "Plans": [                                                           
                                     {                                                                  
                                       "Node Type": "Hash Join",                                        
                                       "Parent Relationship": "Outer",                                  
                                       "Parallel Aware": false,                                         
                                       "Join Type": "Inner",                                            
                                       "Startup Cost": 2647.51,                                         
                                       "Total Cost": 50899.43,                                          
                                       "Plan Rows": 9427,                                               
                                       "Plan Width": 4,                                                 
                                       "Actual Startup Time": 581.383,                                  
                                       "Actual Total Time": 594.723,                                    
                                       "Actual Rows": 0,                                                
                                       "Actual Loops": 3,                                               
                                       "Inner Unique": true,                                            
                                       "Hash Cond": "(mk.keyword_id = k.id)",                           
                                       "Plans": [                                                       
                                         {                                                              
                                           "Node Type": "Seq Scan",                                     
                                           "Parent Relationship": "Outer",                              
                                           "Parallel Aware": true,                                      
                                           "Relation Name": "movie_keyword",                            
                                           "Alias": "mk",                                               
                                           "Startup Cost": 0.00,                                        
                                           "Total Cost": 43303.71,                                      
                                           "Plan Rows": 1884971,                                        
                                           "Plan Width": 8,                                             
                                           "Actual Startup Time": 0.044,                                
                                           "Actual Total Time": 277.484,                                
                                           "Actual Rows": 1507977,                                      
                                           "Actual Loops": 3                                            
                                         },                                                             
                                         {                                                              
                                           "Node Type": "Hash",                                         
                                           "Parent Relationship": "Inner",                              
                                           "Parallel Aware": false,                                     
                                           "Startup Cost": 2639.12,                                     
                                           "Total Cost": 2639.12,                                       
                                           "Plan Rows": 671,                                            
                                           "Plan Width": 4,                                             
                                           "Actual Startup Time": 41.721,                               
                                           "Actual Total Time": 41.722,                                 
                                           "Actual Rows": 1,                                            
                                           "Actual Loops": 3,                                           
                                           "Hash Buckets": 1024,                                        
                                           "Original Hash Buckets": 1024,                               
                                           "Hash Batches": 1,                                           
                                           "Original Hash Batches": 1,                                  
                                           "Peak Memory Usage": 9,                                      
                                           "Plans": [                                                   
                                             {                                                          
                                               "Node Type": "Seq Scan",                                 
                                               "Parent Relationship": "Outer",                          
                                               "Parallel Aware": false,                                 
                                               "Relation Name": "keyword",                              
                                               "Alias": "k",                                            
                                               "Startup Cost": 0.00,                                    
                                               "Total Cost": 2639.12,                                   
                                               "Plan Rows": 671,                                        
                                               "Plan Width": 4,                                         
                                               "Actual Startup Time": 40.708,                           
                                               "Actual Total Time": 41.701,                             
                                               "Actual Rows": 1,                                        
                                               "Actual Loops": 3,                                       
                                               "Filter": "((keyword)::text = '10,000-mile-club'::text)",
                                               "Rows Removed by Filter": 134169                         
                                             }                                                          
                                           ]                                                            
                                         }                                                              
                                       ]                                                                
                                     }                                                                  
                                   ]                                                                    
                                 },                                                                     
                                 {                                                                      
                                   "Node Type": "Sort",                                                 
                                   "Parent Relationship": "Inner",                                      
                                   "Parallel Aware": false,                                             
                                   "Startup Cost": 2693.63,                                             
                                   "Total Cost": 2768.62,                                               
                                   "Plan Rows": 29997,                                                  
                                   "Plan Width": 12,                                                    
                                   "Actual Startup Time": 22.261,                                       
                                   "Actual Total Time": 26.609,                                         
                                   "Actual Rows": 29997,                                                
                                   "Actual Loops": 1,                                                   
                                   "Sort Key": ["ml.movie_id"],                                         
                                   "Sort Method": "quicksort",                                          
                                   "Sort Space Used": 2175,                                             
                                   "Sort Space Type": "Memory",                                         
                                   "Plans": [                                                           
                                     {                                                                  
                                       "Node Type": "Seq Scan",                                         
                                       "Parent Relationship": "Outer",                                  
                                       "Parallel Aware": false,                                         
                                       "Relation Name": "movie_link",                                   
                                       "Alias": "ml",                                                   
                                       "Startup Cost": 0.00,                                            
                                       "Total Cost": 462.97,                                            
                                       "Plan Rows": 29997,                                              
                                       "Plan Width": 12,                                                
                                       "Actual Startup Time": 0.054,                                    
                                       "Actual Total Time": 9.850,                                      
                                       "Actual Rows": 29997,                                            
                                       "Actual Loops": 1                                                
                                     }                                                                  
                                   ]                                                                    
                                 }                                                                      
                               ]                                                                        
                             },                                                                         
                             {                                                                          
                               "Node Type": "Index Scan",                                               
                               "Parent Relationship": "Inner",                                          
                               "Parallel Aware": false,                                                 
                               "Scan Direction": "Forward",                                             
                               "Index Name": "title_pkey",                                              
                               "Relation Name": "title",                                                
                               "Alias": "t1",                                                           
                               "Startup Cost": 0.43,                                                    
                               "Total Cost": 0.49,                                                      
                               "Plan Rows": 1,                                                          
                               "Plan Width": 21,                                                        
                               "Actual Startup Time": 0.000,                                            
                               "Actual Total Time": 0.000,                                              
                               "Actual Rows": 0,                                                        
                               "Actual Loops": 0,                                                       
                               "Index Cond": "(id = mk.movie_id)",                                      
                               "Rows Removed by Index Recheck": 0                                       
                             }                                                                          
                           ]                                                                            
                         },                                                                             
                         {                                                                              
                           "Node Type": "Hash",                                                         
                           "Parent Relationship": "Inner",                                              
                           "Parallel Aware": false,                                                     
                           "Startup Cost": 17.10,                                                       
                           "Total Cost": 17.10,                                                         
                           "Plan Rows": 710,                                                            
                           "Plan Width": 86,                                                            
                           "Actual Startup Time": 0.053,                                                
                           "Actual Total Time": 0.054,                                                  
                           "Actual Rows": 18,                                                           
                           "Actual Loops": 3,                                                           
                           "Hash Buckets": 1024,                                                        
                           "Original Hash Buckets": 1024,                                               
                           "Hash Batches": 1,                                                           
                           "Original Hash Batches": 1,                                                  
                           "Peak Memory Usage": 9,                                                      
                           "Plans": [                                                                   
                             {                                                                          
                               "Node Type": "Seq Scan",                                                 
                               "Parent Relationship": "Outer",                                          
                               "Parallel Aware": false,                                                 
                               "Relation Name": "link_type",                                            
                               "Alias": "lt",                                                           
                               "Startup Cost": 0.00,                                                    
                               "Total Cost": 17.10,                                                     
                               "Plan Rows": 710,                                                        
                               "Plan Width": 86,                                                        
                               "Actual Startup Time": 0.034,                                            
                               "Actual Total Time": 0.038,                                              
                               "Actual Rows": 18,                                                       
                               "Actual Loops": 3                                                        
                             }                                                                          
                           ]                                                                            
                         }                                                                              
                       ]                                                                                
                     },                                                                                 
                     {                                                                                  
                       "Node Type": "Index Scan",                                                       
                       "Parent Relationship": "Inner",                                                  
                       "Parallel Aware": false,                                                         
                       "Scan Direction": "Forward",                                                     
                       "Index Name": "title_pkey",                                                      
                       "Relation Name": "title",                                                        
                       "Alias": "t2",                                                                   
                       "Startup Cost": 0.43,                                                            
                       "Total Cost": 4.47,                                                              
                       "Plan Rows": 1,                                                                  
                       "Plan Width": 21,                                                                
                       "Actual Startup Time": 0.000,                                                    
                       "Actual Total Time": 0.000,                                                      
                       "Actual Rows": 0,                                                                
                       "Actual Loops": 0,                                                               
                       "Index Cond": "(id = ml.linked_movie_id)",                                       
                       "Rows Removed by Index Recheck": 0                                               
                     }                                                                                  
                   ]                                                                                    
                 }                                                                                      
               ]                                                                                        
             }                                                                                          
           ]                                                                                            
         }                                                                                              
       ]                                                                                                
     },                                                                                                 
     "Planning Time": 3.363,                                                                            
     "Triggers": [                                                                                      
     ],                                                                                                 
     "Execution Time": 632.349                                                                          
   }                                                                                                    
 ]
