[                                                                                                                               
   {                                                                                                                             
     "Plan": {                                                                                                                   
       "Node Type": "Aggregate",                                                                                                 
       "Strategy": "Plain",                                                                                                      
       "Partial Mode": "Simple",                                                                                                 
       "Parallel Aware": false,                                                                                                  
       "Startup Cost": 104047.38,                                                                                                
       "Total Cost": 104047.39,                                                                                                  
       "Plan Rows": 1,                                                                                                           
       "Plan Width": 192,                                                                                                        
       "Actual Startup Time": 123696.007,                                                                                        
       "Actual Total Time": 123782.262,                                                                                          
       "Actual Rows": 1,                                                                                                         
       "Actual Loops": 1,                                                                                                        
       "Plans": [                                                                                                                
         {                                                                                                                       
           "Node Type": "Nested Loop",                                                                                           
           "Parent Relationship": "Outer",                                                                                       
           "Parallel Aware": false,                                                                                              
           "Join Type": "Inner",                                                                                                 
           "Startup Cost": 91810.33,                                                                                             
           "Total Cost": 104047.37,                                                                                              
           "Plan Rows": 1,                                                                                                       
           "Plan Width": 108,                                                                                                    
           "Actual Startup Time": 26590.731,                                                                                     
           "Actual Total Time": 123782.162,                                                                                      
           "Actual Rows": 8,                                                                                                     
           "Actual Loops": 1,                                                                                                    
           "Inner Unique": true,                                                                                                 
           "Plans": [                                                                                                            
             {                                                                                                                   
               "Node Type": "Nested Loop",                                                                                       
               "Parent Relationship": "Outer",                                                                                   
               "Parallel Aware": false,                                                                                          
               "Join Type": "Inner",                                                                                             
               "Startup Cost": 91810.18,                                                                                         
               "Total Cost": 104047.19,                                                                                          
               "Plan Rows": 1,                                                                                                   
               "Plan Width": 112,                                                                                                
               "Actual Startup Time": 26590.677,                                                                                 
               "Actual Total Time": 123782.076,                                                                                  
               "Actual Rows": 8,                                                                                                 
               "Actual Loops": 1,                                                                                                
               "Inner Unique": true,                                                                                             
               "Plans": [                                                                                                        
                 {                                                                                                               
                   "Node Type": "Nested Loop",                                                                                   
                   "Parent Relationship": "Outer",                                                                               
                   "Parallel Aware": false,                                                                                      
                   "Join Type": "Inner",                                                                                         
                   "Startup Cost": 91809.76,                                                                                     
                   "Total Cost": 104046.75,                                                                                      
                   "Plan Rows": 1,                                                                                               
                   "Plan Width": 84,                                                                                             
                   "Actual Startup Time": 26590.573,                                                                             
                   "Actual Total Time": 123781.856,                                                                              
                   "Actual Rows": 8,                                                                                             
                   "Actual Loops": 1,                                                                                            
                   "Inner Unique": true,                                                                                         
                   "Plans": [                                                                                                    
                     {                                                                                                           
                       "Node Type": "Merge Join",                                                                                
                       "Parent Relationship": "Outer",                                                                           
                       "Parallel Aware": false,                                                                                  
                       "Join Type": "Inner",                                                                                     
                       "Startup Cost": 91809.61,                                                                                 
                       "Total Cost": 104046.57,                                                                                  
                       "Plan Rows": 1,                                                                                           
                       "Plan Width": 88,                                                                                         
                       "Actual Startup Time": 19755.970,                                                                         
                       "Actual Total Time": 123776.931,                                                                          
                       "Actual Rows": 379,                                                                                       
                       "Actual Loops": 1,                                                                                        
                       "Inner Unique": false,                                                                                    
                       "Merge Cond": "(t1.id = ml.movie_id)",                                                                    
                       "Join Filter": "(t2.id = ml.linked_movie_id)",                                                            
                       "Rows Removed by Join Filter": 144187219,                                                                 
                       "Plans": [                                                                                                
                         {                                                                                                       
                           "Node Type": "Nested Loop",                                                                           
                           "Parent Relationship": "Outer",                                                                       
                           "Parallel Aware": false,                                                                              
                           "Join Type": "Inner",                                                                                 
                           "Startup Cost": 89115.93,                                                                             
                           "Total Cost": 252602.07,                                                                              
                           "Plan Rows": 1542,                                                                                    
                           "Plan Width": 108,                                                                                    
                           "Actual Startup Time": 5255.986,                                                                      
                           "Actual Total Time": 72089.876,                                                                       
                           "Actual Rows": 64926287,                                                                              
                           "Actual Loops": 1,                                                                                    
                           "Inner Unique": false,                                                                                
                           "Join Filter": "(mi_idx1.info_type_id = it1.id)",                                                     
                           "Rows Removed by Join Filter": 129852572,                                                             
                           "Plans": [                                                                                            
                             {                                                                                                   
                               "Node Type": "Merge Join",                                                                        
                               "Parent Relationship": "Outer",                                                                   
                               "Parallel Aware": false,                                                                          
                               "Join Type": "Inner",                                                                             
                               "Startup Cost": 70439.49,                                                                         
                               "Total Cost": 187468.13,                                                                          
                               "Plan Rows": 34851,                                                                               
                               "Plan Width": 74,                                                                                 
                               "Actual Startup Time": 4445.266,                                                                  
                               "Actual Total Time": 5122.596,                                                                    
                               "Actual Rows": 77695,                                                                             
                               "Actual Loops": 1,                                                                                
                               "Inner Unique": false,                                                                            
                               "Merge Cond": "(t1.id = mi_idx1.movie_id)",                                                       
                               "Plans": [                                                                                        
                                 {                                                                                               
                                   "Node Type": "Index Scan",                                                                    
                                   "Parent Relationship": "Outer",                                                               
                                   "Parallel Aware": false,                                                                      
                                   "Scan Direction": "Forward",                                                                  
                                   "Index Name": "title_pkey",                                                                   
                                   "Relation Name": "title",                                                                     
                                   "Alias": "t1",                                                                                
                                   "Startup Cost": 0.43,                                                                         
                                   "Total Cost": 110318.32,                                                                      
                                   "Plan Rows": 2528291,                                                                         
                                   "Plan Width": 25,                                                                             
                                   "Actual Startup Time": 0.067,                                                                 
                                   "Actual Total Time": 381.920,                                                                 
                                   "Actual Rows": 186198,                                                                        
                                   "Actual Loops": 1                                                                             
                                 },                                                                                              
                                 {                                                                                               
                                   "Node Type": "Sort",                                                                          
                                   "Parent Relationship": "Inner",                                                               
                                   "Parallel Aware": false,                                                                      
                                   "Startup Cost": 70439.05,                                                                     
                                   "Total Cost": 70526.18,                                                                       
                                   "Plan Rows": 34851,                                                                           
                                   "Plan Width": 49,                                                                             
                                   "Actual Startup Time": 4445.097,                                                              
                                   "Actual Total Time": 4608.178,                                                                
                                   "Actual Rows": 77695,                                                                         
                                   "Actual Loops": 1,                                                                            
                                   "Sort Key": ["mc1.movie_id"],                                                                 
                                   "Sort Method": "external sort",                                                               
                                   "Sort Space Used": 96224,                                                                     
                                   "Sort Space Type": "Disk",                                                                    
                                   "Plans": [                                                                                    
                                     {                                                                                           
                                       "Node Type": "Gather",                                                                    
                                       "Parent Relationship": "Outer",                                                           
                                       "Parallel Aware": false,                                                                  
                                       "Startup Cost": 48422.67,                                                                 
                                       "Total Cost": 67809.73,                                                                   
                                       "Plan Rows": 34851,                                                                       
                                       "Plan Width": 49,                                                                         
                                       "Actual Startup Time": 1215.484,                                                          
                                       "Actual Total Time": 2128.632,                                                            
                                       "Actual Rows": 1742698,                                                                   
                                       "Actual Loops": 1,                                                                        
                                       "Workers Planned": 2,                                                                     
                                       "Workers Launched": 2,                                                                    
                                       "Single Copy": false,                                                                     
                                       "Plans": [                                                                                
                                         {                                                                                       
                                           "Node Type": "Hash Join",                                                             
                                           "Parent Relationship": "Outer",                                                       
                                           "Parallel Aware": true,                                                               
                                           "Join Type": "Inner",                                                                 
                                           "Startup Cost": 47422.67,                                                             
                                           "Total Cost": 63324.63,                                                               
                                           "Plan Rows": 14521,                                                                   
                                           "Plan Width": 49,                                                                     
                                           "Actual Startup Time": 1218.936,                                                      
                                           "Actual Total Time": 1638.541,                                                        
                                           "Actual Rows": 580899,                                                                
                                           "Actual Loops": 3,                                                                    
                                           "Inner Unique": false,                                                                
                                           "Hash Cond": "(mi_idx1.movie_id = mc1.movie_id)",                                     
                                           "Plans": [                                                                            
                                             {                                                                                   
                                               "Node Type": "Seq Scan",                                                          
                                               "Parent Relationship": "Outer",                                                   
                                               "Parallel Aware": true,                                                           
                                               "Relation Name": "movie_info_idx",                                                
                                               "Alias": "mi_idx1",                                                               
                                               "Startup Cost": 0.00,                                                             
                                               "Total Cost": 13685.15,                                                           
                                               "Plan Rows": 575015,                                                              
                                               "Plan Width": 13,                                                                 
                                               "Actual Startup Time": 0.062,                                                     
                                               "Actual Total Time": 112.750,                                                     
                                               "Actual Rows": 460012,                                                            
                                               "Actual Loops": 3                                                                 
                                             },                                                                                  
                                             {                                                                                   
                                               "Node Type": "Hash",                                                              
                                               "Parent Relationship": "Inner",                                                   
                                               "Parallel Aware": true,                                                           
                                               "Startup Cost": 47354.72,                                                         
                                               "Total Cost": 47354.72,                                                           
                                               "Plan Rows": 5436,                                                                
                                               "Plan Width": 36,                                                                 
                                               "Actual Startup Time": 946.460,                                                   
                                               "Actual Total Time": 946.476,                                                     
                                               "Actual Rows": 384599,                                                            
                                               "Actual Loops": 3,                                                                
                                               "Hash Buckets": 65536,                                                            
                                               "Original Hash Buckets": 16384,                                                   
                                               "Hash Batches": 32,                                                               
                                               "Original Hash Batches": 1,                                                       
                                               "Peak Memory Usage": 2752,                                                        
                                               "Plans": [                                                                        
                                                 {                                                                               
                                                   "Node Type": "Hash Join",                                                     
                                                   "Parent Relationship": "Outer",                                               
                                                   "Parallel Aware": true,                                                       
                                                   "Join Type": "Inner",                                                         
                                                   "Startup Cost": 4748.56,                                                      
                                                   "Total Cost": 47354.72,                                                       
                                                   "Plan Rows": 5436,                                                            
                                                   "Plan Width": 36,                                                             
                                                   "Actual Startup Time": 60.892,                                                
                                                   "Actual Total Time": 634.968,                                                 
                                                   "Actual Rows": 384599,                                                        
                                                   "Actual Loops": 3,                                                            
                                                   "Inner Unique": true,                                                         
                                                   "Hash Cond": "(mc1.company_id = cn1.id)",                                     
                                                   "Plans": [                                                                    
                                                     {                                                                           
                                                       "Node Type": "Seq Scan",                                                  
                                                       "Parent Relationship": "Outer",                                           
                                                       "Parallel Aware": true,                                                   
                                                       "Relation Name": "movie_companies",                                       
                                                       "Alias": "mc1",                                                           
                                                       "Startup Cost": 0.00,                                                     
                                                       "Total Cost": 39752.37,                                                   
                                                       "Plan Rows": 1087137,                                                     
                                                       "Plan Width": 8,                                                          
                                                       "Actual Startup Time": 0.033,                                             
                                                       "Actual Total Time": 190.950,                                             
                                                       "Actual Rows": 869710,                                                    
                                                       "Actual Loops": 3                                                         
                                                     },                                                                          
                                                     {                                                                           
                                                       "Node Type": "Hash",                                                      
                                                       "Parent Relationship": "Inner",                                           
                                                       "Parallel Aware": true,                                                   
                                                       "Startup Cost": 4739.92,                                                  
                                                       "Total Cost": 4739.92,                                                    
                                                       "Plan Rows": 691,                                                         
                                                       "Plan Width": 36,                                                         
                                                       "Actual Startup Time": 60.781,                                            
                                                       "Actual Total Time": 60.784,                                              
                                                       "Actual Rows": 28281,                                                     
                                                       "Actual Loops": 3,                                                        
                                                       "Hash Buckets": 131072,                                                   
                                                       "Original Hash Buckets": 2048,                                            
                                                       "Hash Batches": 1,                                                        
                                                       "Original Hash Batches": 1,                                               
                                                       "Peak Memory Usage": 7024,                                                
                                                       "Plans": [                                                                
                                                         {                                                                       
                                                           "Node Type": "Seq Scan",                                              
                                                           "Parent Relationship": "Outer",                                       
                                                           "Parallel Aware": true,                                               
                                                           "Relation Name": "company_name",                                      
                                                           "Alias": "cn1",                                                       
                                                           "Startup Cost": 0.00,                                                 
                                                           "Total Cost": 4739.92,                                                
                                                           "Plan Rows": 691,                                                     
                                                           "Plan Width": 36,                                                     
                                                           "Actual Startup Time": 0.025,                                         
                                                           "Actual Total Time": 36.964,                                          
                                                           "Actual Rows": 28281,                                                 
                                                           "Actual Loops": 3,                                                    
                                                           "Filter": "((country_code)::text = '[us]'::text)",                    
                                                           "Rows Removed by Filter": 50051                                       
                                                         }                                                                       
                                                       ]                                                                         
                                                     }                                                                           
                                                   ]                                                                             
                                                 }                                                                               
                                               ]                                                                                 
                                             }                                                                                   
                                           ]                                                                                     
                                         }                                                                                       
                                       ]                                                                                         
                                     }                                                                                           
                                   ]                                                                                             
                                 }                                                                                               
                               ]                                                                                                 
                             },                                                                                                  
                             {                                                                                                   
                               "Node Type": "Materialize",                                                                       
                               "Parent Relationship": "Inner",                                                                   
                               "Parallel Aware": false,                                                                          
                               "Startup Cost": 18676.43,                                                                         
                               "Total Cost": 62520.13,                                                                           
                               "Plan Rows": 5,                                                                                   
                               "Plan Width": 42,                                                                                 
                               "Actual Startup Time": 0.006,                                                                     
                               "Actual Total Time": 0.230,                                                                       
                               "Actual Rows": 2507,                                                                              
                               "Actual Loops": 77695,                                                                            
                               "Plans": [                                                                                        
                                 {                                                                                               
                                   "Node Type": "Nested Loop",                                                                   
                                   "Parent Relationship": "Outer",                                                               
                                   "Parallel Aware": false,                                                                      
                                   "Join Type": "Inner",                                                                         
                                   "Startup Cost": 18676.43,                                                                     
                                   "Total Cost": 62520.10,                                                                       
                                   "Plan Rows": 5,                                                                               
                                   "Plan Width": 42,                                                                             
                                   "Actual Startup Time": 430.792,                                                               
                                   "Actual Total Time": 806.782,                                                                 
                                   "Actual Rows": 2507,                                                                          
                                   "Actual Loops": 1,                                                                            
                                   "Inner Unique": false,                                                                        
                                   "Plans": [                                                                                    
                                     {                                                                                           
                                       "Node Type": "Index Scan",                                                                
                                       "Parent Relationship": "Outer",                                                           
                                       "Parallel Aware": false,                                                                  
                                       "Scan Direction": "Forward",                                                              
                                       "Index Name": "info_type_pkey",                                                           
                                       "Relation Name": "info_type",                                                             
                                       "Alias": "it1",                                                                           
                                       "Startup Cost": 0.14,                                                                     
                                       "Total Cost": 14.12,                                                                      
                                       "Plan Rows": 1,                                                                           
                                       "Plan Width": 4,                                                                          
                                       "Actual Startup Time": 0.085,                                                             
                                       "Actual Total Time": 0.098,                                                               
                                       "Actual Rows": 1,                                                                         
                                       "Actual Loops": 1,                                                                        
                                       "Filter": "((info)::text = 'rating'::text)",                                              
                                       "Rows Removed by Filter": 112                                                             
                                     },                                                                                          
                                     {                                                                                           
                                       "Node Type": "Gather",                                                                    
                                       "Parent Relationship": "Inner",                                                           
                                       "Parallel Aware": false,                                                                  
                                       "Startup Cost": 18676.29,                                                                 
                                       "Total Cost": 62505.93,                                                                   
                                       "Plan Rows": 5,                                                                           
                                       "Plan Width": 38,                                                                         
                                       "Actual Startup Time": 430.697,                                                           
                                       "Actual Total Time": 805.945,                                                             
                                       "Actual Rows": 2507,                                                                      
                                       "Actual Loops": 1,                                                                        
                                       "Workers Planned": 2,                                                                     
                                       "Workers Launched": 2,                                                                    
                                       "Single Copy": false,                                                                     
                                       "Plans": [                                                                                
                                         {                                                                                       
                                           "Node Type": "Hash Join",                                                             
                                           "Parent Relationship": "Outer",                                                       
                                           "Parallel Aware": true,                                                               
                                           "Join Type": "Inner",                                                                 
                                           "Startup Cost": 17676.29,                                                             
                                           "Total Cost": 61505.43,                                                               
                                           "Plan Rows": 2,                                                                       
                                           "Plan Width": 38,                                                                     
                                           "Actual Startup Time": 425.372,                                                       
                                           "Actual Total Time": 800.666,                                                         
                                           "Actual Rows": 836,                                                                   
                                           "Actual Loops": 3,                                                                    
                                           "Inner Unique": false,                                                                
                                           "Hash Cond": "(mc2.movie_id = t2.id)",                                                
                                           "Plans": [                                                                            
                                             {                                                                                   
                                               "Node Type": "Seq Scan",                                                          
                                               "Parent Relationship": "Outer",                                                   
                                               "Parallel Aware": true,                                                           
                                               "Relation Name": "movie_companies",                                               
                                               "Alias": "mc2",                                                                   
                                               "Startup Cost": 0.00,                                                             
                                               "Total Cost": 39752.37,                                                           
                                               "Plan Rows": 1087137,                                                             
                                               "Plan Width": 8,                                                                  
                                               "Actual Startup Time": 0.040,                                                     
                                               "Actual Total Time": 178.275,                                                     
                                               "Actual Rows": 869710,                                                            
                                               "Actual Loops": 3                                                                 
                                             },                                                                                  
                                             {                                                                                   
                                               "Node Type": "Hash",                                                              
                                               "Parent Relationship": "Inner",                                                   
                                               "Parallel Aware": true,                                                           
                                               "Startup Cost": 17676.27,                                                         
                                               "Total Cost": 17676.27,                                                           
                                               "Plan Rows": 2,                                                                   
                                               "Plan Width": 30,                                                                 
                                               "Actual Startup Time": 424.742,                                                   
                                               "Actual Total Time": 424.752,                                                     
                                               "Actual Rows": 394,                                                               
                                               "Actual Loops": 3,                                                                
                                               "Hash Buckets": 1024,                                                             
                                               "Original Hash Buckets": 1024,                                                    
                                               "Hash Batches": 1,                                                                
                                               "Original Hash Batches": 1,                                                       
                                               "Peak Memory Usage": 104,                                                         
                                               "Plans": [                                                                        
                                                 {                                                                               
                                                   "Node Type": "Hash Join",                                                     
                                                   "Parent Relationship": "Outer",                                               
                                                   "Parallel Aware": false,                                                      
                                                   "Join Type": "Inner",                                                         
                                                   "Startup Cost": 25.67,                                                        
                                                   "Total Cost": 17676.27,                                                       
                                                   "Plan Rows": 2,                                                               
                                                   "Plan Width": 30,                                                             
                                                   "Actual Startup Time": 0.901,                                                 
                                                   "Actual Total Time": 424.178,                                                 
                                                   "Actual Rows": 394,                                                           
                                                   "Actual Loops": 3,                                                            
                                                   "Inner Unique": true,                                                         
                                                   "Hash Cond": "(t2.kind_id = kt2.id)",                                         
                                                   "Plans": [                                                                    
                                                     {                                                                           
                                                       "Node Type": "Nested Loop",                                               
                                                       "Parent Relationship": "Outer",                                           
                                                       "Parallel Aware": false,                                                  
                                                       "Join Type": "Inner",                                                     
                                                       "Startup Cost": 2.86,                                                     
                                                       "Total Cost": 17652.32,                                                   
                                                       "Plan Rows": 432,                                                         
                                                       "Plan Width": 34,                                                         
                                                       "Actual Startup Time": 0.689,                                             
                                                       "Actual Total Time": 423.234,                                             
                                                       "Actual Rows": 2140,                                                      
                                                       "Actual Loops": 3,                                                        
                                                       "Inner Unique": true,                                                     
                                                       "Plans": [                                                                
                                                         {                                                                       
                                                           "Node Type": "Hash Join",                                             
                                                           "Parent Relationship": "Outer",                                       
                                                           "Parallel Aware": false,                                              
                                                           "Join Type": "Inner",                                                 
                                                           "Startup Cost": 2.43,                                                 
                                                           "Total Cost": 15879.45,                                               
                                                           "Plan Rows": 2451,                                                    
                                                           "Plan Width": 9,                                                      
                                                           "Actual Startup Time": 0.173,                                         
                                                           "Actual Total Time": 267.252,                                         
                                                           "Actual Rows": 8530,                                                  
                                                           "Actual Loops": 3,                                                    
                                                           "Inner Unique": true,                                                 
                                                           "Hash Cond": "(mi_idx2.info_type_id = it2.id)",                       
                                                           "Plans": [                                                            
                                                             {                                                                   
                                                               "Node Type": "Seq Scan",                                          
                                                               "Parent Relationship": "Outer",                                   
                                                               "Parallel Aware": true,                                           
                                                               "Relation Name": "movie_info_idx",                                
                                                               "Alias": "mi_idx2",                                               
                                                               "Startup Cost": 0.00,                                             
                                                               "Total Cost": 15122.68,                                           
                                                               "Plan Rows": 276980,                                              
                                                               "Plan Width": 13,                                                 
                                                               "Actual Startup Time": 0.064,                                     
                                                               "Actual Total Time": 235.055,                                     
                                                               "Actual Rows": 219432,                                            
                                                               "Actual Loops": 3,                                                
                                                               "Filter": "((info)::text < '3.0'::text)",                         
                                                               "Rows Removed by Filter": 240580                                  
                                                             },                                                                  
                                                             {                                                                   
                                                               "Node Type": "Hash",                                              
                                                               "Parent Relationship": "Inner",                                   
                                                               "Parallel Aware": false,                                          
                                                               "Startup Cost": 2.41,                                             
                                                               "Total Cost": 2.41,                                               
                                                               "Plan Rows": 1,                                                   
                                                               "Plan Width": 4,                                                  
                                                               "Actual Startup Time": 0.061,                                     
                                                               "Actual Total Time": 0.063,                                       
                                                               "Actual Rows": 1,                                                 
                                                               "Actual Loops": 3,                                                
                                                               "Hash Buckets": 1024,                                             
                                                               "Original Hash Buckets": 1024,                                    
                                                               "Hash Batches": 1,                                                
                                                               "Original Hash Batches": 1,                                       
                                                               "Peak Memory Usage": 9,                                           
                                                               "Plans": [                                                        
                                                                 {                                                               
                                                                   "Node Type": "Seq Scan",                                      
                                                                   "Parent Relationship": "Outer",                               
                                                                   "Parallel Aware": false,                                      
                                                                   "Relation Name": "info_type",                                 
                                                                   "Alias": "it2",                                               
                                                                   "Startup Cost": 0.00,                                         
                                                                   "Total Cost": 2.41,                                           
                                                                   "Plan Rows": 1,                                               
                                                                   "Plan Width": 4,                                              
                                                                   "Actual Startup Time": 0.049,                                 
                                                                   "Actual Total Time": 0.054,                                   
                                                                   "Actual Rows": 1,                                             
                                                                   "Actual Loops": 3,                                            
                                                                   "Filter": "((info)::text = 'rating'::text)",                  
                                                                   "Rows Removed by Filter": 112                                 
                                                                 }                                                               
                                                               ]                                                                 
                                                             }                                                                   
                                                           ]                                                                     
                                                         },                                                                      
                                                         {                                                                       
                                                           "Node Type": "Index Scan",                                            
                                                           "Parent Relationship": "Inner",                                       
                                                           "Parallel Aware": false,                                              
                                                           "Scan Direction": "Forward",                                          
                                                           "Index Name": "title_pkey",                                           
                                                           "Relation Name": "title",                                             
                                                           "Alias": "t2",                                                        
                                                           "Startup Cost": 0.43,                                                 
                                                           "Total Cost": 0.72,                                                   
                                                           "Plan Rows": 1,                                                       
                                                           "Plan Width": 25,                                                     
                                                           "Actual Startup Time": 0.017,                                         
                                                           "Actual Total Time": 0.017,                                           
                                                           "Actual Rows": 0,                                                     
                                                           "Actual Loops": 25591,                                                
                                                           "Index Cond": "(id = mi_idx2.movie_id)",                              
                                                           "Rows Removed by Index Recheck": 0,                                   
                                                           "Filter": "((production_year >= 2005) AND (production_year <= 2008))",
                                                           "Rows Removed by Filter": 1                                           
                                                         }                                                                       
                                                       ]                                                                         
                                                     },                                                                          
                                                     {                                                                           
                                                       "Node Type": "Hash",                                                      
                                                       "Parent Relationship": "Inner",                                           
                                                       "Parallel Aware": false,                                                  
                                                       "Startup Cost": 22.75,                                                    
                                                       "Total Cost": 22.75,                                                      
                                                       "Plan Rows": 5,                                                           
                                                       "Plan Width": 4,                                                          
                                                       "Actual Startup Time": 0.027,                                             
                                                       "Actual Total Time": 0.029,                                               
                                                       "Actual Rows": 1,                                                         
                                                       "Actual Loops": 3,                                                        
                                                       "Hash Buckets": 1024,                                                     
                                                       "Original Hash Buckets": 1024,                                            
                                                       "Hash Batches": 1,                                                        
                                                       "Original Hash Batches": 1,                                               
                                                       "Peak Memory Usage": 9,                                                   
                                                       "Plans": [                                                                
                                                         {                                                                       
                                                           "Node Type": "Seq Scan",                                              
                                                           "Parent Relationship": "Outer",                                       
                                                           "Parallel Aware": false,                                              
                                                           "Relation Name": "kind_type",                                         
                                                           "Alias": "kt2",                                                       
                                                           "Startup Cost": 0.00,                                                 
                                                           "Total Cost": 22.75,                                                  
                                                           "Plan Rows": 5,                                                       
                                                           "Plan Width": 4,                                                      
                                                           "Actual Startup Time": 0.022,                                         
                                                           "Actual Total Time": 0.023,                                           
                                                           "Actual Rows": 1,                                                     
                                                           "Actual Loops": 3,                                                    
                                                           "Filter": "((kind)::text = 'tv series'::text)",                       
                                                           "Rows Removed by Filter": 6                                           
                                                         }                                                                       
                                                       ]                                                                         
                                                     }                                                                           
                                                   ]                                                                             
                                                 }                                                                               
                                               ]                                                                                 
                                             }                                                                                   
                                           ]                                                                                     
                                         }                                                                                       
                                       ]                                                                                         
                                     }                                                                                           
                                   ]                                                                                             
                                 }                                                                                               
                               ]                                                                                                 
                             }                                                                                                   
                           ]                                                                                                     
                         },                                                                                                      
                         {                                                                                                       
                           "Node Type": "Sort",                                                                                  
                           "Parent Relationship": "Inner",                                                                       
                           "Parallel Aware": false,                                                                              
                           "Startup Cost": 2693.63,                                                                              
                           "Total Cost": 2768.62,                                                                                
                           "Plan Rows": 29997,                                                                                   
                           "Plan Width": 12,                                                                                     
                           "Actual Startup Time": 21.640,                                                                        
                           "Actual Total Time": 12564.143,                                                                       
                           "Actual Rows": 144204564,                                                                             
                           "Actual Loops": 1,                                                                                    
                           "Sort Key": ["ml.movie_id"],                                                                          
                           "Sort Method": "quicksort",                                                                           
                           "Sort Space Used": 2175,                                                                              
                           "Sort Space Type": "Memory",                                                                          
                           "Plans": [                                                                                            
                             {                                                                                                   
                               "Node Type": "Seq Scan",                                                                          
                               "Parent Relationship": "Outer",                                                                   
                               "Parallel Aware": false,                                                                          
                               "Relation Name": "movie_link",                                                                    
                               "Alias": "ml",                                                                                    
                               "Startup Cost": 0.00,                                                                             
                               "Total Cost": 462.97,                                                                             
                               "Plan Rows": 29997,                                                                               
                               "Plan Width": 12,                                                                                 
                               "Actual Startup Time": 0.049,                                                                     
                               "Actual Total Time": 9.649,                                                                       
                               "Actual Rows": 29997,                                                                             
                               "Actual Loops": 1                                                                                 
                             }                                                                                                   
                           ]                                                                                                     
                         }                                                                                                       
                       ]                                                                                                         
                     },                                                                                                          
                     {                                                                                                           
                       "Node Type": "Index Scan",                                                                                
                       "Parent Relationship": "Inner",                                                                           
                       "Parallel Aware": false,                                                                                  
                       "Scan Direction": "Forward",                                                                              
                       "Index Name": "link_type_pkey",                                                                           
                       "Relation Name": "link_type",                                                                             
                       "Alias": "lt",                                                                                            
                       "Startup Cost": 0.15,                                                                                     
                       "Total Cost": 0.17,                                                                                       
                       "Plan Rows": 1,                                                                                           
                       "Plan Width": 4,                                                                                          
                       "Actual Startup Time": 0.010,                                                                             
                       "Actual Total Time": 0.010,                                                                               
                       "Actual Rows": 0,                                                                                         
                       "Actual Loops": 379,                                                                                      
                       "Index Cond": "(id = ml.link_type_id)",                                                                   
                       "Rows Removed by Index Recheck": 0,                                                                       
                       "Filter": "((link)::text = ANY ('{sequel,follows,\"followed by\"}'::text[]))",                            
                       "Rows Removed by Filter": 1                                                                               
                     }                                                                                                           
                   ]                                                                                                             
                 },                                                                                                              
                 {                                                                                                               
                   "Node Type": "Index Scan",                                                                                    
                   "Parent Relationship": "Inner",                                                                               
                   "Parallel Aware": false,                                                                                      
                   "Scan Direction": "Forward",                                                                                  
                   "Index Name": "company_name_pkey",                                                                            
                   "Relation Name": "company_name",                                                                              
                   "Alias": "cn2",                                                                                               
                   "Startup Cost": 0.42,                                                                                         
                   "Total Cost": 0.44,                                                                                           
                   "Plan Rows": 1,                                                                                               
                   "Plan Width": 36,                                                                                             
                   "Actual Startup Time": 0.023,                                                                                 
                   "Actual Total Time": 0.023,                                                                                   
                   "Actual Rows": 1,                                                                                             
                   "Actual Loops": 8,                                                                                            
                   "Index Cond": "(id = mc2.company_id)",                                                                        
                   "Rows Removed by Index Recheck": 0                                                                            
                 }                                                                                                               
               ]                                                                                                                 
             },                                                                                                                  
             {                                                                                                                   
               "Node Type": "Index Scan",                                                                                        
               "Parent Relationship": "Inner",                                                                                   
               "Parallel Aware": false,                                                                                          
               "Scan Direction": "Forward",                                                                                      
               "Index Name": "kind_type_pkey",                                                                                   
               "Relation Name": "kind_type",                                                                                     
               "Alias": "kt1",                                                                                                   
               "Startup Cost": 0.15,                                                                                             
               "Total Cost": 0.17,                                                                                               
               "Plan Rows": 1,                                                                                                   
               "Plan Width": 4,                                                                                                  
               "Actual Startup Time": 0.008,                                                                                     
               "Actual Total Time": 0.008,                                                                                       
               "Actual Rows": 1,                                                                                                 
               "Actual Loops": 8,                                                                                                
               "Index Cond": "(id = t1.kind_id)",                                                                                
               "Rows Removed by Index Recheck": 0,                                                                               
               "Filter": "((kind)::text = 'tv series'::text)",                                                                   
               "Rows Removed by Filter": 0                                                                                       
             }                                                                                                                   
           ]                                                                                                                     
         }                                                                                                                       
       ]                                                                                                                         
     },                                                                                                                          
     "Planning Time": 111.602,                                                                                                   
     "Triggers": [                                                                                                               
     ],                                                                                                                          
     "Execution Time": 123812.149                                                                                                
   }                                                                                                                             
 ]
