[                                                                                                                                               
   {                                                                                                                                             
     "Plan": {                                                                                                                                   
       "Node Type": "Aggregate",                                                                                                                 
       "Strategy": "Plain",                                                                                                                      
       "Partial Mode": "Simple",                                                                                                                 
       "Parallel Aware": false,                                                                                                                  
       "Startup Cost": 123142.21,                                                                                                                
       "Total Cost": 123142.22,                                                                                                                  
       "Plan Rows": 1,                                                                                                                           
       "Plan Width": 192,                                                                                                                        
       "Actual Startup Time": 1358.414,                                                                                                          
       "Actual Total Time": 1366.568,                                                                                                            
       "Actual Rows": 1,                                                                                                                         
       "Actual Loops": 1,                                                                                                                        
       "Plans": [                                                                                                                                
         {                                                                                                                                       
           "Node Type": "Nested Loop",                                                                                                           
           "Parent Relationship": "Outer",                                                                                                       
           "Parallel Aware": false,                                                                                                              
           "Join Type": "Inner",                                                                                                                 
           "Startup Cost": 79312.89,                                                                                                             
           "Total Cost": 123142.19,                                                                                                              
           "Plan Rows": 1,                                                                                                                       
           "Plan Width": 108,                                                                                                                    
           "Actual Startup Time": 1010.986,                                                                                                      
           "Actual Total Time": 1366.208,                                                                                                        
           "Actual Rows": 114,                                                                                                                   
           "Actual Loops": 1,                                                                                                                    
           "Inner Unique": true,                                                                                                                 
           "Plans": [                                                                                                                            
             {                                                                                                                                   
               "Node Type": "Nested Loop",                                                                                                       
               "Parent Relationship": "Outer",                                                                                                   
               "Parallel Aware": false,                                                                                                          
               "Join Type": "Inner",                                                                                                             
               "Startup Cost": 79312.47,                                                                                                         
               "Total Cost": 123141.75,                                                                                                          
               "Plan Rows": 1,                                                                                                                   
               "Plan Width": 80,                                                                                                                 
               "Actual Startup Time": 1010.954,                                                                                                  
               "Actual Total Time": 1365.550,                                                                                                    
               "Actual Rows": 114,                                                                                                               
               "Actual Loops": 1,                                                                                                                
               "Inner Unique": true,                                                                                                             
               "Plans": [                                                                                                                        
                 {                                                                                                                               
                   "Node Type": "Gather",                                                                                                        
                   "Parent Relationship": "Outer",                                                                                               
                   "Parallel Aware": false,                                                                                                      
                   "Startup Cost": 79312.32,                                                                                                     
                   "Total Cost": 123141.57,                                                                                                      
                   "Plan Rows": 1,                                                                                                               
                   "Plan Width": 84,                                                                                                             
                   "Actual Startup Time": 1010.849,                                                                                              
                   "Actual Total Time": 1364.576,                                                                                                
                   "Actual Rows": 342,                                                                                                           
                   "Actual Loops": 1,                                                                                                            
                   "Workers Planned": 2,                                                                                                         
                   "Workers Launched": 2,                                                                                                        
                   "Single Copy": false,                                                                                                         
                   "Plans": [                                                                                                                    
                     {                                                                                                                           
                       "Node Type": "Hash Join",                                                                                                 
                       "Parent Relationship": "Outer",                                                                                           
                       "Parallel Aware": true,                                                                                                   
                       "Join Type": "Inner",                                                                                                     
                       "Startup Cost": 78312.32,                                                                                                 
                       "Total Cost": 122141.47,                                                                                                  
                       "Plan Rows": 1,                                                                                                           
                       "Plan Width": 84,                                                                                                         
                       "Actual Startup Time": 1007.624,                                                                                          
                       "Actual Total Time": 1349.205,                                                                                            
                       "Actual Rows": 114,                                                                                                       
                       "Actual Loops": 3,                                                                                                        
                       "Inner Unique": false,                                                                                                    
                       "Hash Cond": "(mc2.movie_id = t2.id)",                                                                                    
                       "Plans": [                                                                                                                
                         {                                                                                                                       
                           "Node Type": "Seq Scan",                                                                                              
                           "Parent Relationship": "Outer",                                                                                       
                           "Parallel Aware": true,                                                                                               
                           "Relation Name": "movie_companies",                                                                                   
                           "Alias": "mc2",                                                                                                       
                           "Startup Cost": 0.00,                                                                                                 
                           "Total Cost": 39752.37,                                                                                               
                           "Plan Rows": 1087137,                                                                                                 
                           "Plan Width": 8,                                                                                                      
                           "Actual Startup Time": 0.025,                                                                                         
                           "Actual Total Time": 177.834,                                                                                         
                           "Actual Rows": 869710,                                                                                                
                           "Actual Loops": 3                                                                                                     
                         },                                                                                                                      
                         {                                                                                                                       
                           "Node Type": "Hash",                                                                                                  
                           "Parent Relationship": "Inner",                                                                                       
                           "Parallel Aware": true,                                                                                               
                           "Startup Cost": 78312.31,                                                                                             
                           "Total Cost": 78312.31,                                                                                               
                           "Plan Rows": 1,                                                                                                       
                           "Plan Width": 92,                                                                                                     
                           "Actual Startup Time": 1003.002,                                                                                      
                           "Actual Total Time": 1003.146,                                                                                        
                           "Actual Rows": 46,                                                                                                    
                           "Actual Loops": 3,                                                                                                    
                           "Hash Buckets": 1024,                                                                                                 
                           "Original Hash Buckets": 1024,                                                                                        
                           "Hash Batches": 1,                                                                                                    
                           "Original Hash Batches": 1,                                                                                           
                           "Peak Memory Usage": 104,                                                                                             
                           "Plans": [                                                                                                            
                             {                                                                                                                   
                               "Node Type": "Nested Loop",                                                                                       
                               "Parent Relationship": "Outer",                                                                                   
                               "Parallel Aware": false,                                                                                          
                               "Join Type": "Inner",                                                                                             
                               "Startup Cost": 62470.80,                                                                                         
                               "Total Cost": 78312.31,                                                                                           
                               "Plan Rows": 1,                                                                                                   
                               "Plan Width": 92,                                                                                                 
                               "Actual Startup Time": 830.021,                                                                                   
                               "Actual Total Time": 1003.021,                                                                                    
                               "Actual Rows": 46,                                                                                                
                               "Actual Loops": 3,                                                                                                
                               "Inner Unique": true,                                                                                             
                               "Plans": [                                                                                                        
                                 {                                                                                                               
                                   "Node Type": "Nested Loop",                                                                                   
                                   "Parent Relationship": "Outer",                                                                               
                                   "Parallel Aware": false,                                                                                      
                                   "Join Type": "Inner",                                                                                         
                                   "Startup Cost": 62470.38,                                                                                     
                                   "Total Cost": 78311.87,                                                                                       
                                   "Plan Rows": 1,                                                                                               
                                   "Plan Width": 64,                                                                                             
                                   "Actual Startup Time": 829.897,                                                                               
                                   "Actual Total Time": 1002.548,                                                                                
                                   "Actual Rows": 51,                                                                                            
                                   "Actual Loops": 3,                                                                                            
                                   "Inner Unique": true,                                                                                         
                                   "Plans": [                                                                                                    
                                     {                                                                                                           
                                       "Node Type": "Hash Join",                                                                                 
                                       "Parent Relationship": "Outer",                                                                           
                                       "Parallel Aware": true,                                                                                   
                                       "Join Type": "Inner",                                                                                     
                                       "Startup Cost": 62470.23,                                                                                 
                                       "Total Cost": 78311.69,                                                                                   
                                       "Plan Rows": 1,                                                                                           
                                       "Plan Width": 68,                                                                                         
                                       "Actual Startup Time": 829.825,                                                                           
                                       "Actual Total Time": 1002.304,                                                                            
                                       "Actual Rows": 51,                                                                                        
                                       "Actual Loops": 3,                                                                                        
                                       "Inner Unique": false,                                                                                    
                                       "Hash Cond": "(mi_idx1.movie_id = t1.id)",                                                                
                                       "Plans": [                                                                                                
                                         {                                                                                                       
                                           "Node Type": "Seq Scan",                                                                              
                                           "Parent Relationship": "Outer",                                                                       
                                           "Parallel Aware": true,                                                                               
                                           "Relation Name": "movie_info_idx",                                                                    
                                           "Alias": "mi_idx1",                                                                                   
                                           "Startup Cost": 0.00,                                                                                 
                                           "Total Cost": 13685.15,                                                                               
                                           "Plan Rows": 575015,                                                                                  
                                           "Plan Width": 13,                                                                                     
                                           "Actual Startup Time": 0.029,                                                                         
                                           "Actual Total Time": 86.462,                                                                          
                                           "Actual Rows": 460012,                                                                                
                                           "Actual Loops": 3                                                                                     
                                         },                                                                                                      
                                         {                                                                                                       
                                           "Node Type": "Hash",                                                                                  
                                           "Parent Relationship": "Inner",                                                                       
                                           "Parallel Aware": true,                                                                               
                                           "Startup Cost": 62470.22,                                                                             
                                           "Total Cost": 62470.22,                                                                               
                                           "Plan Rows": 1,                                                                                       
                                           "Plan Width": 71,                                                                                     
                                           "Actual Startup Time": 828.089,                                                                       
                                           "Actual Total Time": 828.203,                                                                         
                                           "Actual Rows": 18,                                                                                    
                                           "Actual Loops": 3,                                                                                    
                                           "Hash Buckets": 1024,                                                                                 
                                           "Original Hash Buckets": 1024,                                                                        
                                           "Hash Batches": 1,                                                                                    
                                           "Original Hash Batches": 1,                                                                           
                                           "Peak Memory Usage": 104,                                                                             
                                           "Plans": [                                                                                            
                                             {                                                                                                   
                                               "Node Type": "Hash Join",                                                                         
                                               "Parent Relationship": "Outer",                                                                   
                                               "Parallel Aware": true,                                                                           
                                               "Join Type": "Inner",                                                                             
                                               "Startup Cost": 18641.07,                                                                         
                                               "Total Cost": 62470.22,                                                                           
                                               "Plan Rows": 1,                                                                                   
                                               "Plan Width": 71,                                                                                 
                                               "Actual Startup Time": 539.710,                                                                   
                                               "Actual Total Time": 828.079,                                                                     
                                               "Actual Rows": 18,                                                                                
                                               "Actual Loops": 3,                                                                                
                                               "Inner Unique": false,                                                                            
                                               "Hash Cond": "(mc1.movie_id = t1.id)",                                                            
                                               "Plans": [                                                                                        
                                                 {                                                                                               
                                                   "Node Type": "Seq Scan",                                                                      
                                                   "Parent Relationship": "Outer",                                                               
                                                   "Parallel Aware": true,                                                                       
                                                   "Relation Name": "movie_companies",                                                           
                                                   "Alias": "mc1",                                                                               
                                                   "Startup Cost": 0.00,                                                                         
                                                   "Total Cost": 39752.37,                                                                       
                                                   "Plan Rows": 1087137,                                                                         
                                                   "Plan Width": 8,                                                                              
                                                   "Actual Startup Time": 0.038,                                                                 
                                                   "Actual Total Time": 175.764,                                                                 
                                                   "Actual Rows": 869710,                                                                        
                                                   "Actual Loops": 3                                                                             
                                                 },                                                                                              
                                                 {                                                                                               
                                                   "Node Type": "Hash",                                                                          
                                                   "Parent Relationship": "Inner",                                                               
                                                   "Parallel Aware": true,                                                                       
                                                   "Startup Cost": 18641.06,                                                                     
                                                   "Total Cost": 18641.06,                                                                       
                                                   "Plan Rows": 1,                                                                               
                                                   "Plan Width": 63,                                                                             
                                                   "Actual Startup Time": 488.222,                                                               
                                                   "Actual Total Time": 488.317,                                                                 
                                                   "Actual Rows": 7,                                                                             
                                                   "Actual Loops": 3,                                                                            
                                                   "Hash Buckets": 1024,                                                                         
                                                   "Original Hash Buckets": 1024,                                                                
                                                   "Hash Batches": 1,                                                                            
                                                   "Original Hash Batches": 1,                                                                   
                                                   "Peak Memory Usage": 104,                                                                     
                                                   "Plans": [                                                                                    
                                                     {                                                                                           
                                                       "Node Type": "Nested Loop",                                                               
                                                       "Parent Relationship": "Outer",                                                           
                                                       "Parallel Aware": false,                                                                  
                                                       "Join Type": "Inner",                                                                     
                                                       "Startup Cost": 864.24,                                                                   
                                                       "Total Cost": 18641.06,                                                                   
                                                       "Plan Rows": 1,                                                                           
                                                       "Plan Width": 63,                                                                         
                                                       "Actual Startup Time": 27.547,                                                            
                                                       "Actual Total Time": 488.233,                                                             
                                                       "Actual Rows": 7,                                                                         
                                                       "Actual Loops": 3,                                                                        
                                                       "Inner Unique": true,                                                                     
                                                       "Plans": [                                                                                
                                                         {                                                                                       
                                                           "Node Type": "Nested Loop",                                                           
                                                           "Parent Relationship": "Outer",                                                       
                                                           "Parallel Aware": false,                                                              
                                                           "Join Type": "Inner",                                                                 
                                                           "Startup Cost": 864.09,                                                               
                                                           "Total Cost": 18640.88,                                                               
                                                           "Plan Rows": 1,                                                                       
                                                           "Plan Width": 67,                                                                     
                                                           "Actual Startup Time": 22.575,                                                        
                                                           "Actual Total Time": 487.268,                                                         
                                                           "Actual Rows": 290,                                                                   
                                                           "Actual Loops": 3,                                                                    
                                                           "Inner Unique": true,                                                                 
                                                           "Plans": [                                                                            
                                                             {                                                                                   
                                                               "Node Type": "Hash Join",                                                         
                                                               "Parent Relationship": "Outer",                                                   
                                                               "Parallel Aware": false,                                                          
                                                               "Join Type": "Inner",                                                             
                                                               "Startup Cost": 863.66,                                                           
                                                               "Total Cost": 18636.41,                                                           
                                                               "Plan Rows": 1,                                                                   
                                                               "Plan Width": 42,                                                                 
                                                               "Actual Startup Time": 22.537,                                                    
                                                               "Actual Total Time": 484.947,                                                     
                                                               "Actual Rows": 290,                                                               
                                                               "Actual Loops": 3,                                                                
                                                               "Inner Unique": false,                                                            
                                                               "Hash Cond": "(t2.id = ml.linked_movie_id)",                                      
                                                               "Plans": [                                                                        
                                                                 {                                                                               
                                                                   "Node Type": "Hash Join",                                                     
                                                                   "Parent Relationship": "Outer",                                               
                                                                   "Parallel Aware": false,                                                      
                                                                   "Join Type": "Inner",                                                         
                                                                   "Startup Cost": 25.73,                                                        
                                                                   "Total Cost": 17796.64,                                                       
                                                                   "Plan Rows": 11,                                                              
                                                                   "Plan Width": 30,                                                             
                                                                   "Actual Startup Time": 0.409,                                                 
                                                                   "Actual Total Time": 463.613,                                                 
                                                                   "Actual Rows": 2165,                                                          
                                                                   "Actual Loops": 3,                                                            
                                                                   "Inner Unique": true,                                                         
                                                                   "Hash Cond": "(t2.kind_id = kt2.id)",                                         
                                                                   "Plans": [                                                                    
                                                                     {                                                                           
                                                                       "Node Type": "Nested Loop",                                               
                                                                       "Parent Relationship": "Outer",                                           
                                                                       "Parallel Aware": false,                                                  
                                                                       "Join Type": "Inner",                                                     
                                                                       "Startup Cost": 2.86,                                                     
                                                                       "Total Cost": 17770.90,                                                   
                                                                       "Plan Rows": 1087,                                                        
                                                                       "Plan Width": 34,                                                         
                                                                       "Actual Startup Time": 0.323,                                             
                                                                       "Actual Total Time": 461.020,                                             
                                                                       "Actual Rows": 6606,                                                      
                                                                       "Actual Loops": 3,                                                        
                                                                       "Inner Unique": true,                                                     
                                                                       "Plans": [                                                                
                                                                         {                                                                       
                                                                           "Node Type": "Hash Join",                                             
                                                                           "Parent Relationship": "Outer",                                       
                                                                           "Parallel Aware": false,                                              
                                                                           "Join Type": "Inner",                                                 
                                                                           "Startup Cost": 2.43,                                                 
                                                                           "Total Cost": 15927.33,                                               
                                                                           "Plan Rows": 2607,                                                    
                                                                           "Plan Width": 9,                                                      
                                                                           "Actual Startup Time": 0.242,                                         
                                                                           "Actual Total Time": 270.494,                                         
                                                                           "Actual Rows": 12250,                                                 
                                                                           "Actual Loops": 3,                                                    
                                                                           "Inner Unique": true,                                                 
                                                                           "Hash Cond": "(mi_idx2.info_type_id = it2.id)",                       
                                                                           "Plans": [                                                            
                                                                             {                                                                   
                                                                               "Node Type": "Seq Scan",                                          
                                                                               "Parent Relationship": "Outer",                                   
                                                                               "Parallel Aware": true,                                           
                                                                               "Relation Name": "movie_info_idx",                                
                                                                               "Alias": "mi_idx2",                                               
                                                                               "Startup Cost": 0.00,                                             
                                                                               "Total Cost": 15122.68,                                           
                                                                               "Plan Rows": 294560,                                              
                                                                               "Plan Width": 13,                                                 
                                                                               "Actual Startup Time": 0.085,                                     
                                                                               "Actual Total Time": 235.290,                                     
                                                                               "Actual Rows": 235520,                                            
                                                                               "Actual Loops": 3,                                                
                                                                               "Filter": "((info)::text < '3.5'::text)",                         
                                                                               "Rows Removed by Filter": 224492                                  
                                                                             },                                                                  
                                                                             {                                                                   
                                                                               "Node Type": "Hash",                                              
                                                                               "Parent Relationship": "Inner",                                   
                                                                               "Parallel Aware": false,                                          
                                                                               "Startup Cost": 2.41,                                             
                                                                               "Total Cost": 2.41,                                               
                                                                               "Plan Rows": 1,                                                   
                                                                               "Plan Width": 4,                                                  
                                                                               "Actual Startup Time": 0.062,                                     
                                                                               "Actual Total Time": 0.066,                                       
                                                                               "Actual Rows": 1,                                                 
                                                                               "Actual Loops": 3,                                                
                                                                               "Hash Buckets": 1024,                                             
                                                                               "Original Hash Buckets": 1024,                                    
                                                                               "Hash Batches": 1,                                                
                                                                               "Original Hash Batches": 1,                                       
                                                                               "Peak Memory Usage": 9,                                           
                                                                               "Plans": [                                                        
                                                                                 {                                                               
                                                                                   "Node Type": "Seq Scan",                                      
                                                                                   "Parent Relationship": "Outer",                               
                                                                                   "Parallel Aware": false,                                      
                                                                                   "Relation Name": "info_type",                                 
                                                                                   "Alias": "it2",                                               
                                                                                   "Startup Cost": 0.00,                                         
                                                                                   "Total Cost": 2.41,                                           
                                                                                   "Plan Rows": 1,                                               
                                                                                   "Plan Width": 4,                                              
                                                                                   "Actual Startup Time": 0.049,                                 
                                                                                   "Actual Total Time": 0.055,                                   
                                                                                   "Actual Rows": 1,                                             
                                                                                   "Actual Loops": 3,                                            
                                                                                   "Filter": "((info)::text = 'rating'::text)",                  
                                                                                   "Rows Removed by Filter": 112                                 
                                                                                 }                                                               
                                                                               ]                                                                 
                                                                             }                                                                   
                                                                           ]                                                                     
                                                                         },                                                                      
                                                                         {                                                                       
                                                                           "Node Type": "Index Scan",                                            
                                                                           "Parent Relationship": "Inner",                                       
                                                                           "Parallel Aware": false,                                              
                                                                           "Scan Direction": "Forward",                                          
                                                                           "Index Name": "title_pkey",                                           
                                                                           "Relation Name": "title",                                             
                                                                           "Alias": "t2",                                                        
                                                                           "Startup Cost": 0.43,                                                 
                                                                           "Total Cost": 0.71,                                                   
                                                                           "Plan Rows": 1,                                                       
                                                                           "Plan Width": 25,                                                     
                                                                           "Actual Startup Time": 0.015,                                         
                                                                           "Actual Total Time": 0.015,                                           
                                                                           "Actual Rows": 1,                                                     
                                                                           "Actual Loops": 36749,                                                
                                                                           "Index Cond": "(id = mi_idx2.movie_id)",                              
                                                                           "Rows Removed by Index Recheck": 0,                                   
                                                                           "Filter": "((production_year >= 2000) AND (production_year <= 2010))",
                                                                           "Rows Removed by Filter": 0                                           
                                                                         }                                                                       
                                                                       ]                                                                         
                                                                     },                                                                          
                                                                     {                                                                           
                                                                       "Node Type": "Hash",                                                      
                                                                       "Parent Relationship": "Inner",                                           
                                                                       "Parallel Aware": false,                                                  
                                                                       "Startup Cost": 22.75,                                                    
                                                                       "Total Cost": 22.75,                                                      
                                                                       "Plan Rows": 10,                                                          
                                                                       "Plan Width": 4,                                                          
                                                                       "Actual Startup Time": 0.048,                                             
                                                                       "Actual Total Time": 0.055,                                               
                                                                       "Actual Rows": 2,                                                         
                                                                       "Actual Loops": 3,                                                        
                                                                       "Hash Buckets": 1024,                                                     
                                                                       "Original Hash Buckets": 1024,                                            
                                                                       "Hash Batches": 1,                                                        
                                                                       "Original Hash Batches": 1,                                               
                                                                       "Peak Memory Usage": 9,                                                   
                                                                       "Plans": [                                                                
                                                                         {                                                                       
                                                                           "Node Type": "Seq Scan",                                              
                                                                           "Parent Relationship": "Outer",                                       
                                                                           "Parallel Aware": false,                                              
                                                                           "Relation Name": "kind_type",                                         
                                                                           "Alias": "kt2",                                                       
                                                                           "Startup Cost": 0.00,                                                 
                                                                           "Total Cost": 22.75,                                                  
                                                                           "Plan Rows": 10,                                                      
                                                                           "Plan Width": 4,                                                      
                                                                           "Actual Startup Time": 0.040,                                         
                                                                           "Actual Total Time": 0.044,                                           
                                                                           "Actual Rows": 2,                                                     
                                                                           "Actual Loops": 3,                                                    
                                                                           "Filter": "((kind)::text = ANY ('{\"tv series\",episode}'::text[]))", 
                                                                           "Rows Removed by Filter": 5                                           
                                                                         }                                                                       
                                                                       ]                                                                         
                                                                     }                                                                           
                                                                   ]                                                                             
                                                                 },                                                                              
                                                                 {                                                                               
                                                                   "Node Type": "Hash",                                                          
                                                                   "Parent Relationship": "Inner",                                               
                                                                   "Parallel Aware": false,                                                      
                                                                   "Startup Cost": 462.97,                                                       
                                                                   "Total Cost": 462.97,                                                         
                                                                   "Plan Rows": 29997,                                                           
                                                                   "Plan Width": 12,                                                             
                                                                   "Actual Startup Time": 19.858,                                                
                                                                   "Actual Total Time": 19.864,                                                  
                                                                   "Actual Rows": 29997,                                                         
                                                                   "Actual Loops": 3,                                                            
                                                                   "Hash Buckets": 32768,                                                        
                                                                   "Original Hash Buckets": 32768,                                               
                                                                   "Hash Batches": 1,                                                            
                                                                   "Original Hash Batches": 1,                                                   
                                                                   "Peak Memory Usage": 1545,                                                    
                                                                   "Plans": [                                                                    
                                                                     {                                                                           
                                                                       "Node Type": "Seq Scan",                                                  
                                                                       "Parent Relationship": "Outer",                                           
                                                                       "Parallel Aware": false,                                                  
                                                                       "Relation Name": "movie_link",                                            
                                                                       "Alias": "ml",                                                            
                                                                       "Startup Cost": 0.00,                                                     
                                                                       "Total Cost": 462.97,                                                     
                                                                       "Plan Rows": 29997,                                                       
                                                                       "Plan Width": 12,                                                         
                                                                       "Actual Startup Time": 0.036,                                             
                                                                       "Actual Total Time": 9.991,                                               
                                                                       "Actual Rows": 29997,                                                     
                                                                       "Actual Loops": 3                                                         
                                                                     }                                                                           
                                                                   ]                                                                             
                                                                 }                                                                               
                                                               ]                                                                                 
                                                             },                                                                                  
                                                             {                                                                                   
                                                               "Node Type": "Index Scan",                                                        
                                                               "Parent Relationship": "Inner",                                                   
                                                               "Parallel Aware": false,                                                          
                                                               "Scan Direction": "Forward",                                                      
                                                               "Index Name": "title_pkey",                                                       
                                                               "Relation Name": "title",                                                         
                                                               "Alias": "t1",                                                                    
                                                               "Startup Cost": 0.43,                                                             
                                                               "Total Cost": 4.47,                                                               
                                                               "Plan Rows": 1,                                                                   
                                                               "Plan Width": 25,                                                                 
                                                               "Actual Startup Time": 0.007,                                                     
                                                               "Actual Total Time": 0.007,                                                       
                                                               "Actual Rows": 1,                                                                 
                                                               "Actual Loops": 870,                                                              
                                                               "Index Cond": "(id = ml.movie_id)",                                               
                                                               "Rows Removed by Index Recheck": 0                                                
                                                             }                                                                                   
                                                           ]                                                                                     
                                                         },                                                                                      
                                                         {                                                                                       
                                                           "Node Type": "Index Scan",                                                            
                                                           "Parent Relationship": "Inner",                                                       
                                                           "Parallel Aware": false,                                                              
                                                           "Scan Direction": "Forward",                                                          
                                                           "Index Name": "link_type_pkey",                                                       
                                                           "Relation Name": "link_type",                                                         
                                                           "Alias": "lt",                                                                        
                                                           "Startup Cost": 0.15,                                                                 
                                                           "Total Cost": 0.17,                                                                   
                                                           "Plan Rows": 1,                                                                       
                                                           "Plan Width": 4,                                                                      
                                                           "Actual Startup Time": 0.003,                                                         
                                                           "Actual Total Time": 0.003,                                                           
                                                           "Actual Rows": 0,                                                                     
                                                           "Actual Loops": 870,                                                                  
                                                           "Index Cond": "(id = ml.link_type_id)",                                               
                                                           "Rows Removed by Index Recheck": 0,                                                   
                                                           "Filter": "((link)::text = ANY ('{sequel,follows,\"followed by\"}'::text[]))",        
                                                           "Rows Removed by Filter": 1                                                           
                                                         }                                                                                       
                                                       ]                                                                                         
                                                     }                                                                                           
                                                   ]                                                                                             
                                                 }                                                                                               
                                               ]                                                                                                 
                                             }                                                                                                   
                                           ]                                                                                                     
                                         }                                                                                                       
                                       ]                                                                                                         
                                     },                                                                                                          
                                     {                                                                                                           
                                       "Node Type": "Index Scan",                                                                                
                                       "Parent Relationship": "Inner",                                                                           
                                       "Parallel Aware": false,                                                                                  
                                       "Scan Direction": "Forward",                                                                              
                                       "Index Name": "kind_type_pkey",                                                                           
                                       "Relation Name": "kind_type",                                                                             
                                       "Alias": "kt1",                                                                                           
                                       "Startup Cost": 0.15,                                                                                     
                                       "Total Cost": 0.17,                                                                                       
                                       "Plan Rows": 1,                                                                                           
                                       "Plan Width": 4,                                                                                          
                                       "Actual Startup Time": 0.003,                                                                             
                                       "Actual Total Time": 0.003,                                                                               
                                       "Actual Rows": 1,                                                                                         
                                       "Actual Loops": 153,                                                                                      
                                       "Index Cond": "(id = t1.kind_id)",                                                                        
                                       "Rows Removed by Index Recheck": 0,                                                                       
                                       "Filter": "((kind)::text = ANY ('{\"tv series\",episode}'::text[]))",                                     
                                       "Rows Removed by Filter": 0                                                                               
                                     }                                                                                                           
                                   ]                                                                                                             
                                 },                                                                                                              
                                 {                                                                                                               
                                   "Node Type": "Index Scan",                                                                                    
                                   "Parent Relationship": "Inner",                                                                               
                                   "Parallel Aware": false,                                                                                      
                                   "Scan Direction": "Forward",                                                                                  
                                   "Index Name": "company_name_pkey",                                                                            
                                   "Relation Name": "company_name",                                                                              
                                   "Alias": "cn1",                                                                                               
                                   "Startup Cost": 0.42,                                                                                         
                                   "Total Cost": 0.45,                                                                                           
                                   "Plan Rows": 1,                                                                                               
                                   "Plan Width": 36,                                                                                             
                                   "Actual Startup Time": 0.008,                                                                                 
                                   "Actual Total Time": 0.008,                                                                                   
                                   "Actual Rows": 1,                                                                                             
                                   "Actual Loops": 153,                                                                                          
                                   "Index Cond": "(id = mc1.company_id)",                                                                        
                                   "Rows Removed by Index Recheck": 0,                                                                           
                                   "Filter": "((country_code)::text <> '[us]'::text)",                                                           
                                   "Rows Removed by Filter": 0                                                                                   
                                 }                                                                                                               
                               ]                                                                                                                 
                             }                                                                                                                   
                           ]                                                                                                                     
                         }                                                                                                                       
                       ]                                                                                                                         
                     }                                                                                                                           
                   ]                                                                                                                             
                 },                                                                                                                              
                 {                                                                                                                               
                   "Node Type": "Index Scan",                                                                                                    
                   "Parent Relationship": "Inner",                                                                                               
                   "Parallel Aware": false,                                                                                                      
                   "Scan Direction": "Forward",                                                                                                  
                   "Index Name": "info_type_pkey",                                                                                               
                   "Relation Name": "info_type",                                                                                                 
                   "Alias": "it1",                                                                                                               
                   "Startup Cost": 0.14,                                                                                                         
                   "Total Cost": 0.16,                                                                                                           
                   "Plan Rows": 1,                                                                                                               
                   "Plan Width": 4,                                                                                                              
                   "Actual Startup Time": 0.002,                                                                                                 
                   "Actual Total Time": 0.002,                                                                                                   
                   "Actual Rows": 0,                                                                                                             
                   "Actual Loops": 342,                                                                                                          
                   "Index Cond": "(id = mi_idx1.info_type_id)",                                                                                  
                   "Rows Removed by Index Recheck": 0,                                                                                           
                   "Filter": "((info)::text = 'rating'::text)",                                                                                  
                   "Rows Removed by Filter": 1                                                                                                   
                 }                                                                                                                               
               ]                                                                                                                                 
             },                                                                                                                                  
             {                                                                                                                                   
               "Node Type": "Index Scan",                                                                                                        
               "Parent Relationship": "Inner",                                                                                                   
               "Parallel Aware": false,                                                                                                          
               "Scan Direction": "Forward",                                                                                                      
               "Index Name": "company_name_pkey",                                                                                                
               "Relation Name": "company_name",                                                                                                  
               "Alias": "cn2",                                                                                                                   
               "Startup Cost": 0.42,                                                                                                             
               "Total Cost": 0.44,                                                                                                               
               "Plan Rows": 1,                                                                                                                   
               "Plan Width": 36,                                                                                                                 
               "Actual Startup Time": 0.005,                                                                                                     
               "Actual Total Time": 0.005,                                                                                                       
               "Actual Rows": 1,                                                                                                                 
               "Actual Loops": 114,                                                                                                              
               "Index Cond": "(id = mc2.company_id)",                                                                                            
               "Rows Removed by Index Recheck": 0                                                                                                
             }                                                                                                                                   
           ]                                                                                                                                     
         }                                                                                                                                       
       ]                                                                                                                                         
     },                                                                                                                                          
     "Planning Time": 111.298,                                                                                                                   
     "Triggers": [                                                                                                                               
     ],                                                                                                                                          
     "Execution Time": 1367.426                                                                                                                  
   }                                                                                                                                             
 ]
