[                                                                                                                                  
   {                                                                                                                                
     "Plan": {                                                                                                                      
       "Node Type": "Aggregate",                                                                                                    
       "Strategy": "Plain",                                                                                                         
       "Partial Mode": "Finalize",                                                                                                  
       "Parallel Aware": false,                                                                                                     
       "Startup Cost": 337567.29,                                                                                                   
       "Total Cost": 337567.30,                                                                                                     
       "Plan Rows": 1,                                                                                                              
       "Plan Width": 32,                                                                                                            
       "Actual Startup Time": 3201.729,                                                                                             
       "Actual Total Time": 3202.850,                                                                                               
       "Actual Rows": 1,                                                                                                            
       "Actual Loops": 1,                                                                                                           
       "Plans": [                                                                                                                   
         {                                                                                                                          
           "Node Type": "Gather",                                                                                                   
           "Parent Relationship": "Outer",                                                                                          
           "Parallel Aware": false,                                                                                                 
           "Startup Cost": 337567.07,                                                                                               
           "Total Cost": 337567.28,                                                                                                 
           "Plan Rows": 2,                                                                                                          
           "Plan Width": 32,                                                                                                        
           "Actual Startup Time": 3196.987,                                                                                         
           "Actual Total Time": 3202.740,                                                                                           
           "Actual Rows": 3,                                                                                                        
           "Actual Loops": 1,                                                                                                       
           "Workers Planned": 2,                                                                                                    
           "Workers Launched": 2,                                                                                                   
           "Single Copy": false,                                                                                                    
           "Plans": [                                                                                                               
             {                                                                                                                      
               "Node Type": "Aggregate",                                                                                            
               "Strategy": "Plain",                                                                                                 
               "Partial Mode": "Partial",                                                                                           
               "Parent Relationship": "Outer",                                                                                      
               "Parallel Aware": false,                                                                                             
               "Startup Cost": 336567.07,                                                                                           
               "Total Cost": 336567.08,                                                                                             
               "Plan Rows": 1,                                                                                                      
               "Plan Width": 32,                                                                                                    
               "Actual Startup Time": 3191.443,                                                                                     
               "Actual Total Time": 3191.476,                                                                                       
               "Actual Rows": 1,                                                                                                    
               "Actual Loops": 3,                                                                                                   
               "Plans": [                                                                                                           
                 {                                                                                                                  
                   "Node Type": "Hash Join",                                                                                        
                   "Parent Relationship": "Outer",                                                                                  
                   "Parallel Aware": true,                                                                                          
                   "Join Type": "Inner",                                                                                            
                   "Startup Cost": 51190.45,                                                                                        
                   "Total Cost": 336566.82,                                                                                         
                   "Plan Rows": 102,                                                                                                
                   "Plan Width": 17,                                                                                                
                   "Actual Startup Time": 773.425,                                                                                  
                   "Actual Total Time": 3191.185,                                                                                   
                   "Actual Rows": 69,                                                                                               
                   "Actual Loops": 3,                                                                                               
                   "Inner Unique": false,                                                                                           
                   "Hash Cond": "(mi.movie_id = t.id)",                                                                             
                   "Plans": [                                                                                                       
                     {                                                                                                              
                       "Node Type": "Seq Scan",                                                                                     
                       "Parent Relationship": "Outer",                                                                              
                       "Parallel Aware": true,                                                                                      
                       "Relation Name": "movie_info",                                                                               
                       "Alias": "mi",                                                                                               
                       "Startup Cost": 0.00,                                                                                        
                       "Total Cost": 285143.22,                                                                                     
                       "Plan Rows": 62155,                                                                                          
                       "Plan Width": 4,                                                                                             
                       "Actual Startup Time": 0.124,                                                                                
                       "Actual Total Time": 2437.193,                                                                               
                       "Actual Rows": 51299,                                                                                        
                       "Actual Loops": 3,                                                                                           
                       "Filter": "((info)::text = ANY ('{Sweden,Norway,Germany,Denmark,Swedish,Denish,Norwegian,German}'::text[]))",
                       "Rows Removed by Filter": 4893941                                                                            
                     },                                                                                                             
                     {                                                                                                              
                       "Node Type": "Hash",                                                                                         
                       "Parent Relationship": "Inner",                                                                              
                       "Parallel Aware": true,                                                                                      
                       "Startup Cost": 51187.41,                                                                                    
                       "Total Cost": 51187.41,                                                                                      
                       "Plan Rows": 243,                                                                                            
                       "Plan Width": 25,                                                                                            
                       "Actual Startup Time": 738.769,                                                                              
                       "Actual Total Time": 738.793,                                                                                
                       "Actual Rows": 745,                                                                                          
                       "Actual Loops": 3,                                                                                           
                       "Hash Buckets": 4096,                                                                                        
                       "Original Hash Buckets": 1024,                                                                               
                       "Hash Batches": 1,                                                                                           
                       "Original Hash Batches": 1,                                                                                  
                       "Peak Memory Usage": 248,                                                                                    
                       "Plans": [                                                                                                   
                         {                                                                                                          
                           "Node Type": "Nested Loop",                                                                              
                           "Parent Relationship": "Outer",                                                                          
                           "Parallel Aware": false,                                                                                 
                           "Join Type": "Inner",                                                                                    
                           "Startup Cost": 2640.09,                                                                                 
                           "Total Cost": 51187.41,                                                                                  
                           "Plan Rows": 243,                                                                                        
                           "Plan Width": 25,                                                                                        
                           "Actual Startup Time": 68.321,                                                                           
                           "Actual Total Time": 662.042,                                                                            
                           "Actual Rows": 745,                                                                                      
                           "Actual Loops": 3,                                                                                       
                           "Inner Unique": true,                                                                                    
                           "Plans": [                                                                                               
                             {                                                                                                      
                               "Node Type": "Hash Join",                                                                            
                               "Parent Relationship": "Outer",                                                                      
                               "Parallel Aware": false,                                                                             
                               "Join Type": "Inner",                                                                                
                               "Startup Cost": 2639.66,                                                                             
                               "Total Cost": 50891.58,                                                                              
                               "Plan Rows": 604,                                                                                    
                               "Plan Width": 4,                                                                                     
                               "Actual Startup Time": 51.631,                                                                       
                               "Actual Total Time": 605.752,                                                                        
                               "Actual Rows": 4317,                                                                                 
                               "Actual Loops": 3,                                                                                   
                               "Inner Unique": true,                                                                                
                               "Hash Cond": "(mk.keyword_id = k.id)",                                                               
                               "Plans": [                                                                                           
                                 {                                                                                                  
                                   "Node Type": "Seq Scan",                                                                         
                                   "Parent Relationship": "Outer",                                                                  
                                   "Parallel Aware": true,                                                                          
                                   "Relation Name": "movie_keyword",                                                                
                                   "Alias": "mk",                                                                                   
                                   "Startup Cost": 0.00,                                                                            
                                   "Total Cost": 43303.71,                                                                          
                                   "Plan Rows": 1884971,                                                                            
                                   "Plan Width": 8,                                                                                 
                                   "Actual Startup Time": 0.042,                                                                    
                                   "Actual Total Time": 277.085,                                                                    
                                   "Actual Rows": 1507977,                                                                          
                                   "Actual Loops": 3                                                                                
                                 },                                                                                                 
                                 {                                                                                                  
                                   "Node Type": "Hash",                                                                             
                                   "Parent Relationship": "Inner",                                                                  
                                   "Parallel Aware": false,                                                                         
                                   "Startup Cost": 2639.12,                                                                         
                                   "Total Cost": 2639.12,                                                                           
                                   "Plan Rows": 43,                                                                                 
                                   "Plan Width": 4,                                                                                 
                                   "Actual Startup Time": 49.853,                                                                   
                                   "Actual Total Time": 49.859,                                                                     
                                   "Actual Rows": 30,                                                                               
                                   "Actual Loops": 3,                                                                               
                                   "Hash Buckets": 1024,                                                                            
                                   "Original Hash Buckets": 1024,                                                                   
                                   "Hash Batches": 1,                                                                               
                                   "Original Hash Batches": 1,                                                                      
                                   "Peak Memory Usage": 10,                                                                         
                                   "Plans": [                                                                                       
                                     {                                                                                              
                                       "Node Type": "Seq Scan",                                                                     
                                       "Parent Relationship": "Outer",                                                              
                                       "Parallel Aware": false,                                                                     
                                       "Relation Name": "keyword",                                                                  
                                       "Alias": "k",                                                                                
                                       "Startup Cost": 0.00,                                                                        
                                       "Total Cost": 2639.12,                                                                       
                                       "Plan Rows": 43,                                                                             
                                       "Plan Width": 4,                                                                             
                                       "Actual Startup Time": 2.681,                                                                
                                       "Actual Total Time": 49.796,                                                                 
                                       "Actual Rows": 30,                                                                           
                                       "Actual Loops": 3,                                                                           
                                       "Filter": "((keyword)::text ~~ '%sequel%'::text)",                                           
                                       "Rows Removed by Filter": 134140                                                             
                                     }                                                                                              
                                   ]                                                                                                
                                 }                                                                                                  
                               ]                                                                                                    
                             },                                                                                                     
                             {                                                                                                      
                               "Node Type": "Index Scan",                                                                           
                               "Parent Relationship": "Inner",                                                                      
                               "Parallel Aware": false,                                                                             
                               "Scan Direction": "Forward",                                                                         
                               "Index Name": "title_pkey",                                                                          
                               "Relation Name": "title",                                                                            
                               "Alias": "t",                                                                                        
                               "Startup Cost": 0.43,                                                                                
                               "Total Cost": 0.49,                                                                                  
                               "Plan Rows": 1,                                                                                      
                               "Plan Width": 21,                                                                                    
                               "Actual Startup Time": 0.012,                                                                        
                               "Actual Total Time": 0.012,                                                                          
                               "Actual Rows": 0,                                                                                    
                               "Actual Loops": 12951,                                                                               
                               "Index Cond": "(id = mk.movie_id)",                                                                  
                               "Rows Removed by Index Recheck": 0,                                                                  
                               "Filter": "(production_year > 2005)",                                                                
                               "Rows Removed by Filter": 1                                                                          
                             }                                                                                                      
                           ]                                                                                                        
                         }                                                                                                          
                       ]                                                                                                            
                     }                                                                                                              
                   ]                                                                                                                
                 }                                                                                                                  
               ]                                                                                                                    
             }                                                                                                                      
           ]                                                                                                                        
         }                                                                                                                          
       ]                                                                                                                            
     },                                                                                                                             
     "Planning Time": 2.704,                                                                                                        
     "Triggers": [                                                                                                                  
     ],                                                                                                                             
     "Execution Time": 3203.204                                                                                                     
   }                                                                                                                                
 ]
