[                                                                                       
   {                                                                                     
     "Plan": {                                                                           
       "Node Type": "Aggregate",                                                         
       "Strategy": "Plain",                                                              
       "Partial Mode": "Finalize",                                                       
       "Parallel Aware": false,                                                          
       "Startup Cost": 290863.51,                                                        
       "Total Cost": 290863.52,                                                          
       "Plan Rows": 1,                                                                   
       "Plan Width": 32,                                                                 
       "Actual Startup Time": 2034.023,                                                  
       "Actual Total Time": 2037.749,                                                    
       "Actual Rows": 1,                                                                 
       "Actual Loops": 1,                                                                
       "Plans": [                                                                        
         {                                                                               
           "Node Type": "Gather",                                                        
           "Parent Relationship": "Outer",                                               
           "Parallel Aware": false,                                                      
           "Startup Cost": 290863.30,                                                    
           "Total Cost": 290863.51,                                                      
           "Plan Rows": 2,                                                               
           "Plan Width": 32,                                                             
           "Actual Startup Time": 2033.574,                                              
           "Actual Total Time": 2037.644,                                                
           "Actual Rows": 3,                                                             
           "Actual Loops": 1,                                                            
           "Workers Planned": 2,                                                         
           "Workers Launched": 2,                                                        
           "Single Copy": false,                                                         
           "Plans": [                                                                    
             {                                                                           
               "Node Type": "Aggregate",                                                 
               "Strategy": "Plain",                                                      
               "Partial Mode": "Partial",                                                
               "Parent Relationship": "Outer",                                           
               "Parallel Aware": false,                                                  
               "Startup Cost": 289863.30,                                                
               "Total Cost": 289863.31,                                                  
               "Plan Rows": 1,                                                           
               "Plan Width": 32,                                                         
               "Actual Startup Time": 2028.238,                                          
               "Actual Total Time": 2028.269,                                            
               "Actual Rows": 1,                                                         
               "Actual Loops": 3,                                                        
               "Plans": [                                                                
                 {                                                                       
                   "Node Type": "Nested Loop",                                           
                   "Parent Relationship": "Outer",                                       
                   "Parallel Aware": false,                                              
                   "Join Type": "Inner",                                                 
                   "Startup Cost": 50899.56,                                             
                   "Total Cost": 289863.29,                                              
                   "Plan Rows": 1,                                                       
                   "Plan Width": 17,                                                     
                   "Actual Startup Time": 1284.306,                                      
                   "Actual Total Time": 2028.205,                                        
                   "Actual Rows": 2,                                                     
                   "Actual Loops": 3,                                                    
                   "Inner Unique": true,                                                 
                   "Join Filter": "(mi.movie_id = t.id)",                                
                   "Rows Removed by Join Filter": 0,                                     
                   "Plans": [                                                            
                     {                                                                   
                       "Node Type": "Hash Join",                                         
                       "Parent Relationship": "Outer",                                   
                       "Parallel Aware": true,                                           
                       "Join Type": "Inner",                                             
                       "Startup Cost": 50899.13,                                         
                       "Total Cost": 289862.79,                                          
                       "Plan Rows": 1,                                                   
                       "Plan Width": 8,                                                  
                       "Actual Startup Time": 857.209,                                   
                       "Actual Total Time": 2027.854,                                    
                       "Actual Rows": 7,                                                 
                       "Actual Loops": 3,                                                
                       "Inner Unique": false,                                            
                       "Hash Cond": "(mi.movie_id = mk.movie_id)",                       
                       "Plans": [                                                        
                         {                                                               
                           "Node Type": "Seq Scan",                                      
                           "Parent Relationship": "Outer",                               
                           "Parallel Aware": true,                                       
                           "Relation Name": "movie_info",                                
                           "Alias": "mi",                                                
                           "Startup Cost": 0.00,                                         
                           "Total Cost": 238961.89,                                      
                           "Plan Rows": 157,                                             
                           "Plan Width": 4,                                              
                           "Actual Startup Time": 1.613,                                 
                           "Actual Total Time": 1322.193,                                
                           "Actual Rows": 762,                                           
                           "Actual Loops": 3,                                            
                           "Filter": "((info)::text = 'Bulgaria'::text)",                
                           "Rows Removed by Filter": 4944478                             
                         },                                                              
                         {                                                               
                           "Node Type": "Hash",                                          
                           "Parent Relationship": "Inner",                               
                           "Parallel Aware": true,                                       
                           "Startup Cost": 50891.58,                                     
                           "Total Cost": 50891.58,                                       
                           "Plan Rows": 604,                                             
                           "Plan Width": 4,                                              
                           "Actual Startup Time": 704.671,                               
                           "Actual Total Time": 704.688,                                 
                           "Actual Rows": 4317,                                          
                           "Actual Loops": 3,                                            
                           "Hash Buckets": 16384,                                        
                           "Original Hash Buckets": 2048,                                
                           "Hash Batches": 1,                                            
                           "Original Hash Batches": 1,                                   
                           "Peak Memory Usage": 784,                                     
                           "Plans": [                                                    
                             {                                                           
                               "Node Type": "Hash Join",                                 
                               "Parent Relationship": "Outer",                           
                               "Parallel Aware": false,                                  
                               "Join Type": "Inner",                                     
                               "Startup Cost": 2639.66,                                  
                               "Total Cost": 50891.58,                                   
                               "Plan Rows": 604,                                         
                               "Plan Width": 4,                                          
                               "Actual Startup Time": 54.705,                            
                               "Actual Total Time": 607.157,                             
                               "Actual Rows": 4317,                                      
                               "Actual Loops": 3,                                        
                               "Inner Unique": true,                                     
                               "Hash Cond": "(mk.keyword_id = k.id)",                    
                               "Plans": [                                                
                                 {                                                       
                                   "Node Type": "Seq Scan",                              
                                   "Parent Relationship": "Outer",                       
                                   "Parallel Aware": true,                               
                                   "Relation Name": "movie_keyword",                     
                                   "Alias": "mk",                                        
                                   "Startup Cost": 0.00,                                 
                                   "Total Cost": 43303.71,                               
                                   "Plan Rows": 1884971,                                 
                                   "Plan Width": 8,                                      
                                   "Actual Startup Time": 0.051,                         
                                   "Actual Total Time": 277.778,                         
                                   "Actual Rows": 1507977,                               
                                   "Actual Loops": 3                                     
                                 },                                                      
                                 {                                                       
                                   "Node Type": "Hash",                                  
                                   "Parent Relationship": "Inner",                       
                                   "Parallel Aware": false,                              
                                   "Startup Cost": 2639.12,                              
                                   "Total Cost": 2639.12,                                
                                   "Plan Rows": 43,                                      
                                   "Plan Width": 4,                                      
                                   "Actual Startup Time": 52.955,                        
                                   "Actual Total Time": 52.959,                          
                                   "Actual Rows": 30,                                    
                                   "Actual Loops": 3,                                    
                                   "Hash Buckets": 1024,                                 
                                   "Original Hash Buckets": 1024,                        
                                   "Hash Batches": 1,                                    
                                   "Original Hash Batches": 1,                           
                                   "Peak Memory Usage": 10,                              
                                   "Plans": [                                            
                                     {                                                   
                                       "Node Type": "Seq Scan",                          
                                       "Parent Relationship": "Outer",                   
                                       "Parallel Aware": false,                          
                                       "Relation Name": "keyword",                       
                                       "Alias": "k",                                     
                                       "Startup Cost": 0.00,                             
                                       "Total Cost": 2639.12,                            
                                       "Plan Rows": 43,                                  
                                       "Plan Width": 4,                                  
                                       "Actual Startup Time": 2.834,                     
                                       "Actual Total Time": 52.906,                      
                                       "Actual Rows": 30,                                
                                       "Actual Loops": 3,                                
                                       "Filter": "((keyword)::text ~~ '%sequel%'::text)",
                                       "Rows Removed by Filter": 134140                  
                                     }                                                   
                                   ]                                                     
                                 }                                                       
                               ]                                                         
                             }                                                           
                           ]                                                             
                         }                                                               
                       ]                                                                 
                     },                                                                  
                     {                                                                   
                       "Node Type": "Index Scan",                                        
                       "Parent Relationship": "Inner",                                   
                       "Parallel Aware": false,                                          
                       "Scan Direction": "Forward",                                      
                       "Index Name": "title_pkey",                                       
                       "Relation Name": "title",                                         
                       "Alias": "t",                                                     
                       "Startup Cost": 0.43,                                             
                       "Total Cost": 0.49,                                               
                       "Plan Rows": 1,                                                   
                       "Plan Width": 21,                                                 
                       "Actual Startup Time": 0.041,                                     
                       "Actual Total Time": 0.041,                                       
                       "Actual Rows": 0,                                                 
                       "Actual Loops": 21,                                               
                       "Index Cond": "(id = mk.movie_id)",                               
                       "Rows Removed by Index Recheck": 0,                               
                       "Filter": "(production_year > 2010)",                             
                       "Rows Removed by Filter": 1                                       
                     }                                                                   
                   ]                                                                     
                 }                                                                       
               ]                                                                         
             }                                                                           
           ]                                                                             
         }                                                                               
       ]                                                                                 
     },                                                                                  
     "Planning Time": 2.159,                                                             
     "Triggers": [                                                                       
     ],                                                                                  
     "Execution Time": 2038.154                                                          
   }                                                                                     
 ]
