[                                                                                                                                               
   {                                                                                                                                             
     "Plan": {                                                                                                                                   
       "Node Type": "Aggregate",                                                                                                                 
       "Strategy": "Plain",                                                                                                                      
       "Partial Mode": "Finalize",                                                                                                               
       "Parallel Aware": false,                                                                                                                  
       "Startup Cost": 353788.04,                                                                                                                
       "Total Cost": 353788.05,                                                                                                                  
       "Plan Rows": 1,                                                                                                                           
       "Plan Width": 32,                                                                                                                         
       "Actual Startup Time": 3536.451,                                                                                                          
       "Actual Total Time": 3541.758,                                                                                                            
       "Actual Rows": 1,                                                                                                                         
       "Actual Loops": 1,                                                                                                                        
       "Plans": [                                                                                                                                
         {                                                                                                                                       
           "Node Type": "Gather",                                                                                                                
           "Parent Relationship": "Outer",                                                                                                       
           "Parallel Aware": false,                                                                                                              
           "Startup Cost": 353787.82,                                                                                                            
           "Total Cost": 353788.03,                                                                                                              
           "Plan Rows": 2,                                                                                                                       
           "Plan Width": 32,                                                                                                                     
           "Actual Startup Time": 3536.142,                                                                                                      
           "Actual Total Time": 3541.683,                                                                                                        
           "Actual Rows": 3,                                                                                                                     
           "Actual Loops": 1,                                                                                                                    
           "Workers Planned": 2,                                                                                                                 
           "Workers Launched": 2,                                                                                                                
           "Single Copy": false,                                                                                                                 
           "Plans": [                                                                                                                            
             {                                                                                                                                   
               "Node Type": "Aggregate",                                                                                                         
               "Strategy": "Plain",                                                                                                              
               "Partial Mode": "Partial",                                                                                                        
               "Parent Relationship": "Outer",                                                                                                   
               "Parallel Aware": false,                                                                                                          
               "Startup Cost": 352787.82,                                                                                                        
               "Total Cost": 352787.83,                                                                                                          
               "Plan Rows": 1,                                                                                                                   
               "Plan Width": 32,                                                                                                                 
               "Actual Startup Time": 3530.766,                                                                                                  
               "Actual Total Time": 3530.791,                                                                                                    
               "Actual Rows": 1,                                                                                                                 
               "Actual Loops": 3,                                                                                                                
               "Plans": [                                                                                                                        
                 {                                                                                                                               
                   "Node Type": "Hash Join",                                                                                                     
                   "Parent Relationship": "Outer",                                                                                               
                   "Parallel Aware": true,                                                                                                       
                   "Join Type": "Inner",                                                                                                         
                   "Startup Cost": 51192.66,                                                                                                     
                   "Total Cost": 352785.84,                                                                                                      
                   "Plan Rows": 794,                                                                                                             
                   "Plan Width": 17,                                                                                                             
                   "Actual Startup Time": 790.332,                                                                                               
                   "Actual Total Time": 3528.925,                                                                                                
                   "Actual Rows": 2417,                                                                                                          
                   "Actual Loops": 3,                                                                                                            
                   "Inner Unique": false,                                                                                                        
                   "Hash Cond": "(mi.movie_id = t.id)",                                                                                          
                   "Plans": [                                                                                                                    
                     {                                                                                                                           
                       "Node Type": "Seq Scan",                                                                                                  
                       "Parent Relationship": "Outer",                                                                                           
                       "Parallel Aware": true,                                                                                                   
                       "Relation Name": "movie_info",                                                                                            
                       "Alias": "mi",                                                                                                            
                       "Startup Cost": 0.00,                                                                                                     
                       "Total Cost": 300537.00,                                                                                                  
                       "Plan Rows": 281520,                                                                                                      
                       "Plan Width": 4,                                                                                                          
                       "Actual Startup Time": 0.097,                                                                                             
                       "Actual Total Time": 2679.179,                                                                                            
                       "Actual Rows": 235558,                                                                                                    
                       "Actual Loops": 3,                                                                                                        
                       "Filter": "((info)::text = ANY ('{Sweden,Norway,Germany,Denmark,Swedish,Denish,Norwegian,German,USA,American}'::text[]))",
                       "Rows Removed by Filter": 4709682                                                                                         
                     },                                                                                                                          
                     {                                                                                                                           
                       "Node Type": "Hash",                                                                                                      
                       "Parent Relationship": "Inner",                                                                                           
                       "Parallel Aware": true,                                                                                                   
                       "Startup Cost": 51187.41,                                                                                                 
                       "Total Cost": 51187.41,                                                                                                   
                       "Plan Rows": 420,                                                                                                         
                       "Plan Width": 25,                                                                                                         
                       "Actual Startup Time": 779.257,                                                                                           
                       "Actual Total Time": 779.278,                                                                                             
                       "Actual Rows": 2625,                                                                                                      
                       "Actual Loops": 3,                                                                                                        
                       "Hash Buckets": 8192,                                                                                                     
                       "Original Hash Buckets": 1024,                                                                                            
                       "Hash Batches": 1,                                                                                                        
                       "Original Hash Batches": 1,                                                                                               
                       "Peak Memory Usage": 664,                                                                                                 
                       "Plans": [                                                                                                                
                         {                                                                                                                       
                           "Node Type": "Nested Loop",                                                                                           
                           "Parent Relationship": "Outer",                                                                                       
                           "Parallel Aware": false,                                                                                              
                           "Join Type": "Inner",                                                                                                 
                           "Startup Cost": 2640.09,                                                                                              
                           "Total Cost": 51187.41,                                                                                               
                           "Plan Rows": 420,                                                                                                     
                           "Plan Width": 25,                                                                                                     
                           "Actual Startup Time": 55.989,                                                                                        
                           "Actual Total Time": 656.582,                                                                                         
                           "Actual Rows": 2625,                                                                                                  
                           "Actual Loops": 3,                                                                                                    
                           "Inner Unique": true,                                                                                                 
                           "Plans": [                                                                                                            
                             {                                                                                                                   
                               "Node Type": "Hash Join",                                                                                         
                               "Parent Relationship": "Outer",                                                                                   
                               "Parallel Aware": false,                                                                                          
                               "Join Type": "Inner",                                                                                             
                               "Startup Cost": 2639.66,                                                                                          
                               "Total Cost": 50891.58,                                                                                           
                               "Plan Rows": 604,                                                                                                 
                               "Plan Width": 4,                                                                                                  
                               "Actual Startup Time": 54.710,                                                                                    
                               "Actual Total Time": 609.848,                                                                                     
                               "Actual Rows": 4317,                                                                                              
                               "Actual Loops": 3,                                                                                                
                               "Inner Unique": true,                                                                                             
                               "Hash Cond": "(mk.keyword_id = k.id)",                                                                            
                               "Plans": [                                                                                                        
                                 {                                                                                                               
                                   "Node Type": "Seq Scan",                                                                                      
                                   "Parent Relationship": "Outer",                                                                               
                                   "Parallel Aware": true,                                                                                       
                                   "Relation Name": "movie_keyword",                                                                             
                                   "Alias": "mk",                                                                                                
                                   "Startup Cost": 0.00,                                                                                         
                                   "Total Cost": 43303.71,                                                                                       
                                   "Plan Rows": 1884971,                                                                                         
                                   "Plan Width": 8,                                                                                              
                                   "Actual Startup Time": 0.057,                                                                                 
                                   "Actual Total Time": 277.797,                                                                                 
                                   "Actual Rows": 1507977,                                                                                       
                                   "Actual Loops": 3                                                                                             
                                 },                                                                                                              
                                 {                                                                                                               
                                   "Node Type": "Hash",                                                                                          
                                   "Parent Relationship": "Inner",                                                                               
                                   "Parallel Aware": false,                                                                                      
                                   "Startup Cost": 2639.12,                                                                                      
                                   "Total Cost": 2639.12,                                                                                        
                                   "Plan Rows": 43,                                                                                              
                                   "Plan Width": 4,                                                                                              
                                   "Actual Startup Time": 53.197,                                                                                
                                   "Actual Total Time": 53.199,                                                                                  
                                   "Actual Rows": 30,                                                                                            
                                   "Actual Loops": 3,                                                                                            
                                   "Hash Buckets": 1024,                                                                                         
                                   "Original Hash Buckets": 1024,                                                                                
                                   "Hash Batches": 1,                                                                                            
                                   "Original Hash Batches": 1,                                                                                   
                                   "Peak Memory Usage": 10,                                                                                      
                                   "Plans": [                                                                                                    
                                     {                                                                                                           
                                       "Node Type": "Seq Scan",                                                                                  
                                       "Parent Relationship": "Outer",                                                                           
                                       "Parallel Aware": false,                                                                                  
                                       "Relation Name": "keyword",                                                                               
                                       "Alias": "k",                                                                                             
                                       "Startup Cost": 0.00,                                                                                     
                                       "Total Cost": 2639.12,                                                                                    
                                       "Plan Rows": 43,                                                                                          
                                       "Plan Width": 4,                                                                                          
                                       "Actual Startup Time": 2.831,                                                                             
                                       "Actual Total Time": 53.143,                                                                              
                                       "Actual Rows": 30,                                                                                        
                                       "Actual Loops": 3,                                                                                        
                                       "Filter": "((keyword)::text ~~ '%sequel%'::text)",                                                        
                                       "Rows Removed by Filter": 134140                                                                          
                                     }                                                                                                           
                                   ]                                                                                                             
                                 }                                                                                                               
                               ]                                                                                                                 
                             },                                                                                                                  
                             {                                                                                                                   
                               "Node Type": "Index Scan",                                                                                        
                               "Parent Relationship": "Inner",                                                                                   
                               "Parallel Aware": false,                                                                                          
                               "Scan Direction": "Forward",                                                                                      
                               "Index Name": "title_pkey",                                                                                       
                               "Relation Name": "title",                                                                                         
                               "Alias": "t",                                                                                                     
                               "Startup Cost": 0.43,                                                                                             
                               "Total Cost": 0.49,                                                                                               
                               "Plan Rows": 1,                                                                                                   
                               "Plan Width": 21,                                                                                                 
                               "Actual Startup Time": 0.010,                                                                                     
                               "Actual Total Time": 0.010,                                                                                       
                               "Actual Rows": 1,                                                                                                 
                               "Actual Loops": 12951,                                                                                            
                               "Index Cond": "(id = mk.movie_id)",                                                                               
                               "Rows Removed by Index Recheck": 0,                                                                               
                               "Filter": "(production_year > 1990)",                                                                             
                               "Rows Removed by Filter": 0                                                                                       
                             }                                                                                                                   
                           ]                                                                                                                     
                         }                                                                                                                       
                       ]                                                                                                                         
                     }                                                                                                                           
                   ]                                                                                                                             
                 }                                                                                                                               
               ]                                                                                                                                 
             }                                                                                                                                   
           ]                                                                                                                                     
         }                                                                                                                                       
       ]                                                                                                                                         
     },                                                                                                                                          
     "Planning Time": 2.366,                                                                                                                     
     "Triggers": [                                                                                                                               
     ],                                                                                                                                          
     "Execution Time": 3542.148                                                                                                                  
   }                                                                                                                                             
 ]
