[                                                                                 
   {                                                                               
     "Plan": {                                                                     
       "Node Type": "Aggregate",                                                   
       "Strategy": "Plain",                                                        
       "Partial Mode": "Simple",                                                   
       "Parallel Aware": false,                                                    
       "Startup Cost": 66637.92,                                                   
       "Total Cost": 66637.93,                                                     
       "Plan Rows": 1,                                                             
       "Plan Width": 64,                                                           
       "Actual Startup Time": 805.634,                                             
       "Actual Total Time": 808.954,                                               
       "Actual Rows": 1,                                                           
       "Actual Loops": 1,                                                          
       "Plans": [                                                                  
         {                                                                         
           "Node Type": "Nested Loop",                                             
           "Parent Relationship": "Outer",                                         
           "Parallel Aware": false,                                                
           "Join Type": "Inner",                                                   
           "Startup Cost": 16135.76,                                               
           "Total Cost": 66637.92,                                                 
           "Plan Rows": 1,                                                         
           "Plan Width": 22,                                                       
           "Actual Startup Time": 363.147,                                         
           "Actual Total Time": 808.904,                                           
           "Actual Rows": 6,                                                       
           "Actual Loops": 1,                                                      
           "Inner Unique": true,                                                   
           "Join Filter": "(mi_idx.movie_id = t.id)",                              
           "Rows Removed by Join Filter": 0,                                       
           "Plans": [                                                              
             {                                                                     
               "Node Type": "Gather",                                              
               "Parent Relationship": "Outer",                                     
               "Parallel Aware": false,                                            
               "Startup Cost": 16135.33,                                           
               "Total Cost": 66637.42,                                             
               "Plan Rows": 1,                                                     
               "Plan Width": 13,                                                   
               "Actual Startup Time": 353.760,                                     
               "Actual Total Time": 808.401,                                       
               "Actual Rows": 21,                                                  
               "Actual Loops": 1,                                                  
               "Workers Planned": 2,                                               
               "Workers Launched": 2,                                              
               "Single Copy": false,                                               
               "Plans": [                                                          
                 {                                                                 
                   "Node Type": "Nested Loop",                                     
                   "Parent Relationship": "Outer",                                 
                   "Parallel Aware": false,                                        
                   "Join Type": "Inner",                                           
                   "Startup Cost": 15135.33,                                       
                   "Total Cost": 65637.32,                                         
                   "Plan Rows": 1,                                                 
                   "Plan Width": 13,                                               
                   "Actual Startup Time": 408.823,                                 
                   "Actual Total Time": 800.390,                                   
                   "Actual Rows": 7,                                               
                   "Actual Loops": 3,                                              
                   "Inner Unique": true,                                           
                   "Plans": [                                                      
                     {                                                             
                       "Node Type": "Hash Join",                                   
                       "Parent Relationship": "Outer",                             
                       "Parallel Aware": true,                                     
                       "Join Type": "Inner",                                       
                       "Startup Cost": 15134.91,                                   
                       "Total Cost": 65508.46,                                     
                       "Plan Rows": 292,                                           
                       "Plan Width": 17,                                           
                       "Actual Startup Time": 225.823,                             
                       "Actual Total Time": 783.201,                               
                       "Actual Rows": 2011,                                        
                       "Actual Loops": 3,                                          
                       "Inner Unique": false,                                      
                       "Hash Cond": "(mk.movie_id = mi_idx.movie_id)",             
                       "Plans": [                                                  
                         {                                                         
                           "Node Type": "Seq Scan",                                
                           "Parent Relationship": "Outer",                         
                           "Parallel Aware": true,                                 
                           "Relation Name": "movie_keyword",                       
                           "Alias": "mk",                                          
                           "Startup Cost": 0.00,                                   
                           "Total Cost": 43303.71,                                 
                           "Plan Rows": 1884971,                                   
                           "Plan Width": 8,                                        
                           "Actual Startup Time": 0.060,                           
                           "Actual Total Time": 280.404,                           
                           "Actual Rows": 1507977,                                 
                           "Actual Loops": 3                                       
                         },                                                        
                         {                                                         
                           "Node Type": "Hash",                                    
                           "Parent Relationship": "Inner",                         
                           "Parallel Aware": true,                                 
                           "Startup Cost": 15134.53,                               
                           "Total Cost": 15134.53,                                 
                           "Plan Rows": 30,                                        
                           "Plan Width": 9,                                        
                           "Actual Startup Time": 221.917,                         
                           "Actual Total Time": 221.920,                           
                           "Actual Rows": 102,                                     
                           "Actual Loops": 3,                                      
                           "Hash Buckets": 1024,                                   
                           "Original Hash Buckets": 1024,                          
                           "Hash Batches": 1,                                      
                           "Original Hash Batches": 1,                             
                           "Peak Memory Usage": 104,                               
                           "Plans": [                                              
                             {                                                     
                               "Node Type": "Hash Join",                           
                               "Parent Relationship": "Outer",                     
                               "Parallel Aware": false,                            
                               "Join Type": "Inner",                               
                               "Startup Cost": 2.43,                               
                               "Total Cost": 15134.53,                             
                               "Plan Rows": 30,                                    
                               "Plan Width": 9,                                    
                               "Actual Startup Time": 4.590,                       
                               "Actual Total Time": 221.716,                       
                               "Actual Rows": 102,                                 
                               "Actual Loops": 3,                                  
                               "Inner Unique": true,                               
                               "Hash Cond": "(mi_idx.info_type_id = it.id)",       
                               "Plans": [                                          
                                 {                                                 
                                   "Node Type": "Seq Scan",                        
                                   "Parent Relationship": "Outer",                 
                                   "Parallel Aware": true,                         
                                   "Relation Name": "movie_info_idx",              
                                   "Alias": "mi_idx",                              
                                   "Startup Cost": 0.00,                           
                                   "Total Cost": 15122.68,                         
                                   "Plan Rows": 3460,                              
                                   "Plan Width": 13,                               
                                   "Actual Startup Time": 0.333,                   
                                   "Actual Total Time": 220.857,                   
                                   "Actual Rows": 2598,                            
                                   "Actual Loops": 3,                              
                                   "Filter": "((info)::text > '9.0'::text)",       
                                   "Rows Removed by Filter": 457414                
                                 },                                                
                                 {                                                 
                                   "Node Type": "Hash",                            
                                   "Parent Relationship": "Inner",                 
                                   "Parallel Aware": false,                        
                                   "Startup Cost": 2.41,                           
                                   "Total Cost": 2.41,                             
                                   "Plan Rows": 1,                                 
                                   "Plan Width": 4,                                
                                   "Actual Startup Time": 0.054,                   
                                   "Actual Total Time": 0.055,                     
                                   "Actual Rows": 1,                               
                                   "Actual Loops": 3,                              
                                   "Hash Buckets": 1024,                           
                                   "Original Hash Buckets": 1024,                  
                                   "Hash Batches": 1,                              
                                   "Original Hash Batches": 1,                     
                                   "Peak Memory Usage": 9,                         
                                   "Plans": [                                      
                                     {                                             
                                       "Node Type": "Seq Scan",                    
                                       "Parent Relationship": "Outer",             
                                       "Parallel Aware": false,                    
                                       "Relation Name": "info_type",               
                                       "Alias": "it",                              
                                       "Startup Cost": 0.00,                       
                                       "Total Cost": 2.41,                         
                                       "Plan Rows": 1,                             
                                       "Plan Width": 4,                            
                                       "Actual Startup Time": 0.042,               
                                       "Actual Total Time": 0.045,                 
                                       "Actual Rows": 1,                           
                                       "Actual Loops": 3,                          
                                       "Filter": "((info)::text = 'rating'::text)",
                                       "Rows Removed by Filter": 112               
                                     }                                             
                                   ]                                               
                                 }                                                 
                               ]                                                   
                             }                                                     
                           ]                                                       
                         }                                                         
                       ]                                                           
                     },                                                            
                     {                                                             
                       "Node Type": "Index Scan",                                  
                       "Parent Relationship": "Inner",                             
                       "Parallel Aware": false,                                    
                       "Scan Direction": "Forward",                                
                       "Index Name": "keyword_pkey",                               
                       "Relation Name": "keyword",                                 
                       "Alias": "k",                                               
                       "Startup Cost": 0.42,                                       
                       "Total Cost": 0.44,                                         
                       "Plan Rows": 1,                                             
                       "Plan Width": 4,                                            
                       "Actual Startup Time": 0.008,                               
                       "Actual Total Time": 0.008,                                 
                       "Actual Rows": 0,                                           
                       "Actual Loops": 6032,                                       
                       "Index Cond": "(id = mk.keyword_id)",                       
                       "Rows Removed by Index Recheck": 0,                         
                       "Filter": "((keyword)::text ~~ '%sequel%'::text)",          
                       "Rows Removed by Filter": 1                                 
                     }                                                             
                   ]                                                               
                 }                                                                 
               ]                                                                   
             },                                                                    
             {                                                                     
               "Node Type": "Index Scan",                                          
               "Parent Relationship": "Inner",                                     
               "Parallel Aware": false,                                            
               "Scan Direction": "Forward",                                        
               "Index Name": "title_pkey",                                         
               "Relation Name": "title",                                           
               "Alias": "t",                                                       
               "Startup Cost": 0.43,                                               
               "Total Cost": 0.49,                                                 
               "Plan Rows": 1,                                                     
               "Plan Width": 21,                                                   
               "Actual Startup Time": 0.022,                                       
               "Actual Total Time": 0.022,                                         
               "Actual Rows": 0,                                                   
               "Actual Loops": 21,                                                 
               "Index Cond": "(id = mk.movie_id)",                                 
               "Rows Removed by Index Recheck": 0,                                 
               "Filter": "(production_year > 2010)",                               
               "Rows Removed by Filter": 1                                         
             }                                                                     
           ]                                                                       
         }                                                                         
       ]                                                                           
     },                                                                            
     "Planning Time": 2.723,                                                       
     "Triggers": [                                                                 
     ],                                                                            
     "Execution Time": 809.241                                                     
   }                                                                               
 ]
