[                                                                                                                                          
   {                                                                                                                                        
     "Plan": {                                                                                                                              
       "Node Type": "Aggregate",                                                                                                            
       "Strategy": "Plain",                                                                                                                 
       "Partial Mode": "Finalize",                                                                                                          
       "Parallel Aware": false,                                                                                                             
       "Startup Cost": 331599.83,                                                                                                           
       "Total Cost": 331599.84,                                                                                                             
       "Plan Rows": 1,                                                                                                                      
       "Plan Width": 32,                                                                                                                    
       "Actual Startup Time": 324.749,                                                                                                      
       "Actual Total Time": 327.519,                                                                                                        
       "Actual Rows": 1,                                                                                                                    
       "Actual Loops": 1,                                                                                                                   
       "Plans": [                                                                                                                           
         {                                                                                                                                  
           "Node Type": "Gather",                                                                                                           
           "Parent Relationship": "Outer",                                                                                                  
           "Parallel Aware": false,                                                                                                         
           "Startup Cost": 331599.62,                                                                                                       
           "Total Cost": 331599.83,                                                                                                         
           "Plan Rows": 2,                                                                                                                  
           "Plan Width": 32,                                                                                                                
           "Actual Startup Time": 324.537,                                                                                                  
           "Actual Total Time": 327.509,                                                                                                    
           "Actual Rows": 3,                                                                                                                
           "Actual Loops": 1,                                                                                                               
           "Workers Planned": 2,                                                                                                            
           "Workers Launched": 2,                                                                                                           
           "Single Copy": false,                                                                                                            
           "Plans": [                                                                                                                       
             {                                                                                                                              
               "Node Type": "Aggregate",                                                                                                    
               "Strategy": "Plain",                                                                                                         
               "Partial Mode": "Partial",                                                                                                   
               "Parent Relationship": "Outer",                                                                                              
               "Parallel Aware": false,                                                                                                     
               "Startup Cost": 330599.62,                                                                                                   
               "Total Cost": 330599.63,                                                                                                     
               "Plan Rows": 1,                                                                                                              
               "Plan Width": 32,                                                                                                            
               "Actual Startup Time": 319.034,                                                                                              
               "Actual Total Time": 319.044,                                                                                                
               "Actual Rows": 1,                                                                                                            
               "Actual Loops": 3,                                                                                                           
               "Plans": [                                                                                                                   
                 {                                                                                                                          
                   "Node Type": "Nested Loop",                                                                                              
                   "Parent Relationship": "Outer",                                                                                          
                   "Parallel Aware": false,                                                                                                 
                   "Join Type": "Inner",                                                                                                    
                   "Startup Cost": 45215.25,                                                                                                
                   "Total Cost": 330599.61,                                                                                                 
                   "Plan Rows": 2,                                                                                                          
                   "Plan Width": 17,                                                                                                        
                   "Actual Startup Time": 319.028,                                                                                          
                   "Actual Total Time": 319.037,                                                                                            
                   "Actual Rows": 0,                                                                                                        
                   "Actual Loops": 3,                                                                                                       
                   "Inner Unique": true,                                                                                                    
                   "Plans": [                                                                                                               
                     {                                                                                                                      
                       "Node Type": "Nested Loop",                                                                                          
                       "Parent Relationship": "Outer",                                                                                      
                       "Parallel Aware": false,                                                                                             
                       "Join Type": "Inner",                                                                                                
                       "Startup Cost": 45215.11,                                                                                            
                       "Total Cost": 330599.29,                                                                                             
                       "Plan Rows": 2,                                                                                                      
                       "Plan Width": 21,                                                                                                    
                       "Actual Startup Time": 319.027,                                                                                      
                       "Actual Total Time": 319.036,                                                                                        
                       "Actual Rows": 0,                                                                                                    
                       "Actual Loops": 3,                                                                                                   
                       "Inner Unique": true,                                                                                                
                       "Plans": [                                                                                                           
                         {                                                                                                                  
                           "Node Type": "Hash Join",                                                                                        
                           "Parent Relationship": "Outer",                                                                                  
                           "Parallel Aware": true,                                                                                          
                           "Join Type": "Inner",                                                                                            
                           "Startup Cost": 45214.68,                                                                                        
                           "Total Cost": 330591.01,                                                                                         
                           "Plan Rows": 5,                                                                                                  
                           "Plan Width": 12,                                                                                                
                           "Actual Startup Time": 319.026,                                                                                  
                           "Actual Total Time": 319.034,                                                                                    
                           "Actual Rows": 0,                                                                                                
                           "Actual Loops": 3,                                                                                               
                           "Inner Unique": false,                                                                                           
                           "Hash Cond": "(mi.movie_id = mc.movie_id)",                                                                      
                           "Plans": [                                                                                                       
                             {                                                                                                              
                               "Node Type": "Seq Scan",                                                                                     
                               "Parent Relationship": "Outer",                                                                              
                               "Parallel Aware": true,                                                                                      
                               "Relation Name": "movie_info",                                                                               
                               "Alias": "mi",                                                                                               
                               "Startup Cost": 0.00,                                                                                        
                               "Total Cost": 285143.22,                                                                                     
                               "Plan Rows": 62155,                                                                                          
                               "Plan Width": 8,                                                                                             
                               "Actual Startup Time": 0.000,                                                                                
                               "Actual Total Time": 0.000,                                                                                  
                               "Actual Rows": 0,                                                                                            
                               "Actual Loops": 0,                                                                                           
                               "Filter": "((info)::text = ANY ('{Sweden,Norway,Germany,Denmark,Swedish,Denish,Norwegian,German}'::text[]))",
                               "Rows Removed by Filter": 0                                                                                  
                             },                                                                                                             
                             {                                                                                                              
                               "Node Type": "Hash",                                                                                         
                               "Parent Relationship": "Inner",                                                                              
                               "Parallel Aware": true,                                                                                      
                               "Startup Cost": 45214.48,                                                                                    
                               "Total Cost": 45214.48,                                                                                      
                               "Plan Rows": 16,                                                                                             
                               "Plan Width": 4,                                                                                             
                               "Actual Startup Time": 318.757,                                                                              
                               "Actual Total Time": 318.763,                                                                                
                               "Actual Rows": 0,                                                                                            
                               "Actual Loops": 3,                                                                                           
                               "Hash Buckets": 1024,                                                                                        
                               "Original Hash Buckets": 1024,                                                                               
                               "Hash Batches": 1,                                                                                           
                               "Original Hash Batches": 1,                                                                                  
                               "Peak Memory Usage": 0,                                                                                      
                               "Plans": [                                                                                                   
                                 {                                                                                                          
                                   "Node Type": "Hash Join",                                                                                
                                   "Parent Relationship": "Outer",                                                                          
                                   "Parallel Aware": false,                                                                                 
                                   "Join Type": "Inner",                                                                                    
                                   "Startup Cost": 18.93,                                                                                   
                                   "Total Cost": 45214.48,                                                                                  
                                   "Plan Rows": 16,                                                                                         
                                   "Plan Width": 4,                                                                                         
                                   "Actual Startup Time": 318.704,                                                                          
                                   "Actual Total Time": 318.711,                                                                            
                                   "Actual Rows": 0,                                                                                        
                                   "Actual Loops": 3,                                                                                       
                                   "Inner Unique": true,                                                                                    
                                   "Hash Cond": "(mc.company_type_id = ct.id)",                                                             
                                   "Plans": [                                                                                               
                                     {                                                                                                      
                                       "Node Type": "Seq Scan",                                                                             
                                       "Parent Relationship": "Outer",                                                                      
                                       "Parallel Aware": true,                                                                              
                                       "Relation Name": "movie_companies",                                                                  
                                       "Alias": "mc",                                                                                       
                                       "Startup Cost": 0.00,                                                                                
                                       "Total Cost": 45188.06,                                                                              
                                       "Plan Rows": 2840,                                                                                   
                                       "Plan Width": 8,                                                                                     
                                       "Actual Startup Time": 16.482,                                                                       
                                       "Actual Total Time": 317.185,                                                                        
                                       "Actual Rows": 8008,                                                                                 
                                       "Actual Loops": 3,                                                                                   
                                       "Filter": "(((note)::text ~~ '%(theatrical)%'::text) AND ((note)::text ~~ '%(France)%'::text))",     
                                       "Rows Removed by Filter": 861701                                                                     
                                     },                                                                                                     
                                     {                                                                                                      
                                       "Node Type": "Hash",                                                                                 
                                       "Parent Relationship": "Inner",                                                                      
                                       "Parallel Aware": false,                                                                             
                                       "Startup Cost": 18.88,                                                                               
                                       "Total Cost": 18.88,                                                                                 
                                       "Plan Rows": 4,                                                                                      
                                       "Plan Width": 4,                                                                                     
                                       "Actual Startup Time": 0.066,                                                                        
                                       "Actual Total Time": 0.067,                                                                          
                                       "Actual Rows": 1,                                                                                    
                                       "Actual Loops": 3,                                                                                   
                                       "Hash Buckets": 1024,                                                                                
                                       "Original Hash Buckets": 1024,                                                                       
                                       "Hash Batches": 1,                                                                                   
                                       "Original Hash Batches": 1,                                                                          
                                       "Peak Memory Usage": 9,                                                                              
                                       "Plans": [                                                                                           
                                         {                                                                                                  
                                           "Node Type": "Seq Scan",                                                                         
                                           "Parent Relationship": "Outer",                                                                  
                                           "Parallel Aware": false,                                                                         
                                           "Relation Name": "company_type",                                                                 
                                           "Alias": "ct",                                                                                   
                                           "Startup Cost": 0.00,                                                                            
                                           "Total Cost": 18.88,                                                                             
                                           "Plan Rows": 4,                                                                                  
                                           "Plan Width": 4,                                                                                 
                                           "Actual Startup Time": 0.051,                                                                    
                                           "Actual Total Time": 0.053,                                                                      
                                           "Actual Rows": 1,                                                                                
                                           "Actual Loops": 3,                                                                               
                                           "Filter": "((kind)::text = 'production companies'::text)",                                       
                                           "Rows Removed by Filter": 3                                                                      
                                         }                                                                                                  
                                       ]                                                                                                    
                                     }                                                                                                      
                                   ]                                                                                                        
                                 }                                                                                                          
                               ]                                                                                                            
                             }                                                                                                              
                           ]                                                                                                                
                         },                                                                                                                 
                         {                                                                                                                  
                           "Node Type": "Index Scan",                                                                                       
                           "Parent Relationship": "Inner",                                                                                  
                           "Parallel Aware": false,                                                                                         
                           "Scan Direction": "Forward",                                                                                     
                           "Index Name": "title_pkey",                                                                                      
                           "Relation Name": "title",                                                                                        
                           "Alias": "t",                                                                                                    
                           "Startup Cost": 0.43,                                                                                            
                           "Total Cost": 1.66,                                                                                              
                           "Plan Rows": 1,                                                                                                  
                           "Plan Width": 21,                                                                                                
                           "Actual Startup Time": 0.000,                                                                                    
                           "Actual Total Time": 0.000,                                                                                      
                           "Actual Rows": 0,                                                                                                
                           "Actual Loops": 0,                                                                                               
                           "Index Cond": "(id = mi.movie_id)",                                                                              
                           "Rows Removed by Index Recheck": 0,                                                                              
                           "Filter": "(production_year > 2005)",                                                                            
                           "Rows Removed by Filter": 0                                                                                      
                         }                                                                                                                  
                       ]                                                                                                                    
                     },                                                                                                                     
                     {                                                                                                                      
                       "Node Type": "Index Only Scan",                                                                                      
                       "Parent Relationship": "Inner",                                                                                      
                       "Parallel Aware": false,                                                                                             
                       "Scan Direction": "Forward",                                                                                         
                       "Index Name": "info_type_pkey",                                                                                      
                       "Relation Name": "info_type",                                                                                        
                       "Alias": "it",                                                                                                       
                       "Startup Cost": 0.14,                                                                                                
                       "Total Cost": 0.16,                                                                                                  
                       "Plan Rows": 1,                                                                                                      
                       "Plan Width": 4,                                                                                                     
                       "Actual Startup Time": 0.000,                                                                                        
                       "Actual Total Time": 0.000,                                                                                          
                       "Actual Rows": 0,                                                                                                    
                       "Actual Loops": 0,                                                                                                   
                       "Index Cond": "(id = mi.info_type_id)",                                                                              
                       "Rows Removed by Index Recheck": 0,                                                                                  
                       "Heap Fetches": 0                                                                                                    
                     }                                                                                                                      
                   ]                                                                                                                        
                 }                                                                                                                          
               ]                                                                                                                            
             }                                                                                                                              
           ]                                                                                                                                
         }                                                                                                                                  
       ]                                                                                                                                    
     },                                                                                                                                     
     "Planning Time": 3.188,                                                                                                                
     "Triggers": [                                                                                                                          
     ],                                                                                                                                     
     "Execution Time": 327.798                                                                                                              
   }                                                                                                                                        
 ]
