[                                                                                                                                                       
   {                                                                                                                                                     
     "Plan": {                                                                                                                                           
       "Node Type": "Aggregate",                                                                                                                         
       "Strategy": "Plain",                                                                                                                              
       "Partial Mode": "Finalize",                                                                                                                       
       "Parallel Aware": false,                                                                                                                          
       "Startup Cost": 348356.06,                                                                                                                        
       "Total Cost": 348356.07,                                                                                                                          
       "Plan Rows": 1,                                                                                                                                   
       "Plan Width": 32,                                                                                                                                 
       "Actual Startup Time": 3112.447,                                                                                                                  
       "Actual Total Time": 3115.822,                                                                                                                    
       "Actual Rows": 1,                                                                                                                                 
       "Actual Loops": 1,                                                                                                                                
       "Plans": [                                                                                                                                        
         {                                                                                                                                               
           "Node Type": "Gather",                                                                                                                        
           "Parent Relationship": "Outer",                                                                                                               
           "Parallel Aware": false,                                                                                                                      
           "Startup Cost": 348355.84,                                                                                                                    
           "Total Cost": 348356.05,                                                                                                                      
           "Plan Rows": 2,                                                                                                                               
           "Plan Width": 32,                                                                                                                             
           "Actual Startup Time": 3112.210,                                                                                                              
           "Actual Total Time": 3115.800,                                                                                                                
           "Actual Rows": 3,                                                                                                                             
           "Actual Loops": 1,                                                                                                                            
           "Workers Planned": 2,                                                                                                                         
           "Workers Launched": 2,                                                                                                                        
           "Single Copy": false,                                                                                                                         
           "Plans": [                                                                                                                                    
             {                                                                                                                                           
               "Node Type": "Aggregate",                                                                                                                 
               "Strategy": "Plain",                                                                                                                      
               "Partial Mode": "Partial",                                                                                                                
               "Parent Relationship": "Outer",                                                                                                           
               "Parallel Aware": false,                                                                                                                  
               "Startup Cost": 347355.84,                                                                                                                
               "Total Cost": 347355.85,                                                                                                                  
               "Plan Rows": 1,                                                                                                                           
               "Plan Width": 32,                                                                                                                         
               "Actual Startup Time": 3106.679,                                                                                                          
               "Actual Total Time": 3106.693,                                                                                                            
               "Actual Rows": 1,                                                                                                                         
               "Actual Loops": 3,                                                                                                                        
               "Plans": [                                                                                                                                
                 {                                                                                                                                       
                   "Node Type": "Hash Join",                                                                                                             
                   "Parent Relationship": "Outer",                                                                                                       
                   "Parallel Aware": false,                                                                                                              
                   "Join Type": "Inner",                                                                                                                 
                   "Startup Cost": 45397.10,                                                                                                             
                   "Total Cost": 347354.97,                                                                                                              
                   "Plan Rows": 351,                                                                                                                     
                   "Plan Width": 17,                                                                                                                     
                   "Actual Startup Time": 379.572,                                                                                                       
                   "Actual Total Time": 3106.158,                                                                                                        
                   "Actual Rows": 223,                                                                                                                   
                   "Actual Loops": 3,                                                                                                                    
                   "Inner Unique": true,                                                                                                                 
                   "Hash Cond": "(mi.info_type_id = it.id)",                                                                                             
                   "Plans": [                                                                                                                            
                     {                                                                                                                                   
                       "Node Type": "Nested Loop",                                                                                                       
                       "Parent Relationship": "Outer",                                                                                                   
                       "Parallel Aware": false,                                                                                                          
                       "Join Type": "Inner",                                                                                                             
                       "Startup Cost": 45393.56,                                                                                                         
                       "Total Cost": 347350.47,                                                                                                          
                       "Plan Rows": 351,                                                                                                                 
                       "Plan Width": 21,                                                                                                                 
                       "Actual Startup Time": 379.337,                                                                                                   
                       "Actual Total Time": 3105.632,                                                                                                    
                       "Actual Rows": 223,                                                                                                               
                       "Actual Loops": 3,                                                                                                                
                       "Inner Unique": true,                                                                                                             
                       "Plans": [                                                                                                                        
                         {                                                                                                                               
                           "Node Type": "Hash Join",                                                                                                     
                           "Parent Relationship": "Outer",                                                                                               
                           "Parallel Aware": true,                                                                                                       
                           "Join Type": "Inner",                                                                                                         
                           "Startup Cost": 45393.13,                                                                                                     
                           "Total Cost": 346987.94,                                                                                                      
                           "Plan Rows": 506,                                                                                                             
                           "Plan Width": 12,                                                                                                             
                           "Actual Startup Time": 379.214,                                                                                               
                           "Actual Total Time": 3098.537,                                                                                                
                           "Actual Rows": 230,                                                                                                           
                           "Actual Loops": 3,                                                                                                            
                           "Inner Unique": false,                                                                                                        
                           "Hash Cond": "(mi.movie_id = mc.movie_id)",                                                                                   
                           "Plans": [                                                                                                                    
                             {                                                                                                                           
                               "Node Type": "Seq Scan",                                                                                                  
                               "Parent Relationship": "Outer",                                                                                           
                               "Parallel Aware": true,                                                                                                   
                               "Relation Name": "movie_info",                                                                                            
                               "Alias": "mi",                                                                                                            
                               "Startup Cost": 0.00,                                                                                                     
                               "Total Cost": 300537.00,                                                                                                  
                               "Plan Rows": 281520,                                                                                                      
                               "Plan Width": 8,                                                                                                          
                               "Actual Startup Time": 0.101,                                                                                             
                               "Actual Total Time": 2679.499,                                                                                            
                               "Actual Rows": 235558,                                                                                                    
                               "Actual Loops": 3,                                                                                                        
                               "Filter": "((info)::text = ANY ('{Sweden,Norway,Germany,Denmark,Swedish,Denish,Norwegian,German,USA,American}'::text[]))",
                               "Rows Removed by Filter": 4709682                                                                                         
                             },                                                                                                                          
                             {                                                                                                                           
                               "Node Type": "Hash",                                                                                                      
                               "Parent Relationship": "Inner",                                                                                           
                               "Parallel Aware": true,                                                                                                   
                               "Startup Cost": 45388.29,                                                                                                 
                               "Total Cost": 45388.29,                                                                                                   
                               "Plan Rows": 387,                                                                                                         
                               "Plan Width": 4,                                                                                                          
                               "Actual Startup Time": 372.977,                                                                                           
                               "Actual Total Time": 372.985,                                                                                             
                               "Actual Rows": 266,                                                                                                       
                               "Actual Loops": 3,                                                                                                        
                               "Hash Buckets": 1024,                                                                                                     
                               "Original Hash Buckets": 1024,                                                                                            
                               "Hash Batches": 1,                                                                                                        
                               "Original Hash Batches": 1,                                                                                               
                               "Peak Memory Usage": 104,                                                                                                 
                               "Plans": [                                                                                                                
                                 {                                                                                                                       
                                   "Node Type": "Hash Join",                                                                                             
                                   "Parent Relationship": "Outer",                                                                                       
                                   "Parallel Aware": false,                                                                                              
                                   "Join Type": "Inner",                                                                                                 
                                   "Startup Cost": 18.93,                                                                                                
                                   "Total Cost": 45388.29,                                                                                               
                                   "Plan Rows": 387,                                                                                                     
                                   "Plan Width": 4,                                                                                                      
                                   "Actual Startup Time": 243.870,                                                                                       
                                   "Actual Total Time": 372.663,                                                                                         
                                   "Actual Rows": 266,                                                                                                   
                                   "Actual Loops": 3,                                                                                                    
                                   "Inner Unique": true,                                                                                                 
                                   "Hash Cond": "(mc.company_type_id = ct.id)",                                                                          
                                   "Plans": [                                                                                                            
                                     {                                                                                                                   
                                       "Node Type": "Seq Scan",                                                                                          
                                       "Parent Relationship": "Outer",                                                                                   
                                       "Parallel Aware": true,                                                                                           
                                       "Relation Name": "movie_companies",                                                                               
                                       "Alias": "mc",                                                                                                    
                                       "Startup Cost": 0.00,                                                                                             
                                       "Total Cost": 45188.06,                                                                                           
                                       "Plan Rows": 68659,                                                                                               
                                       "Plan Width": 8,                                                                                                  
                                       "Actual Startup Time": 0.062,                                                                                     
                                       "Actual Total Time": 359.021,                                                                                     
                                       "Actual Rows": 98543,                                                                                             
                                       "Actual Loops": 3,                                                                                                
                                       "Filter": "(((note)::text !~~ '%(TV)%'::text) AND ((note)::text ~~ '%(USA)%'::text))",                            
                                       "Rows Removed by Filter": 771167                                                                                  
                                     },                                                                                                                  
                                     {                                                                                                                   
                                       "Node Type": "Hash",                                                                                              
                                       "Parent Relationship": "Inner",                                                                                   
                                       "Parallel Aware": false,                                                                                          
                                       "Startup Cost": 18.88,                                                                                            
                                       "Total Cost": 18.88,                                                                                              
                                       "Plan Rows": 4,                                                                                                   
                                       "Plan Width": 4,                                                                                                  
                                       "Actual Startup Time": 0.026,                                                                                     
                                       "Actual Total Time": 0.028,                                                                                       
                                       "Actual Rows": 1,                                                                                                 
                                       "Actual Loops": 3,                                                                                                
                                       "Hash Buckets": 1024,                                                                                             
                                       "Original Hash Buckets": 1024,                                                                                    
                                       "Hash Batches": 1,                                                                                                
                                       "Original Hash Batches": 1,                                                                                       
                                       "Peak Memory Usage": 9,                                                                                           
                                       "Plans": [                                                                                                        
                                         {                                                                                                               
                                           "Node Type": "Seq Scan",                                                                                      
                                           "Parent Relationship": "Outer",                                                                               
                                           "Parallel Aware": false,                                                                                      
                                           "Relation Name": "company_type",                                                                              
                                           "Alias": "ct",                                                                                                
                                           "Startup Cost": 0.00,                                                                                         
                                           "Total Cost": 18.88,                                                                                          
                                           "Plan Rows": 4,                                                                                               
                                           "Plan Width": 4,                                                                                              
                                           "Actual Startup Time": 0.021,                                                                                 
                                           "Actual Total Time": 0.023,                                                                                   
                                           "Actual Rows": 1,                                                                                             
                                           "Actual Loops": 3,                                                                                            
                                           "Filter": "((kind)::text = 'production companies'::text)",                                                    
                                           "Rows Removed by Filter": 3                                                                                   
                                         }                                                                                                               
                                       ]                                                                                                                 
                                     }                                                                                                                   
                                   ]                                                                                                                     
                                 }                                                                                                                       
                               ]                                                                                                                         
                             }                                                                                                                           
                           ]                                                                                                                             
                         },                                                                                                                              
                         {                                                                                                                               
                           "Node Type": "Index Scan",                                                                                                    
                           "Parent Relationship": "Inner",                                                                                               
                           "Parallel Aware": false,                                                                                                      
                           "Scan Direction": "Forward",                                                                                                  
                           "Index Name": "title_pkey",                                                                                                   
                           "Relation Name": "title",                                                                                                     
                           "Alias": "t",                                                                                                                 
                           "Startup Cost": 0.43,                                                                                                         
                           "Total Cost": 0.72,                                                                                                           
                           "Plan Rows": 1,                                                                                                               
                           "Plan Width": 21,                                                                                                             
                           "Actual Startup Time": 0.028,                                                                                                 
                           "Actual Total Time": 0.028,                                                                                                   
                           "Actual Rows": 1,                                                                                                             
                           "Actual Loops": 691,                                                                                                          
                           "Index Cond": "(id = mi.movie_id)",                                                                                           
                           "Rows Removed by Index Recheck": 0,                                                                                           
                           "Filter": "(production_year > 1990)",                                                                                         
                           "Rows Removed by Filter": 0                                                                                                   
                         }                                                                                                                               
                       ]                                                                                                                                 
                     },                                                                                                                                  
                     {                                                                                                                                   
                       "Node Type": "Hash",                                                                                                              
                       "Parent Relationship": "Inner",                                                                                                   
                       "Parallel Aware": false,                                                                                                          
                       "Startup Cost": 2.13,                                                                                                             
                       "Total Cost": 2.13,                                                                                                               
                       "Plan Rows": 113,                                                                                                                 
                       "Plan Width": 4,                                                                                                                  
                       "Actual Startup Time": 0.092,                                                                                                     
                       "Actual Total Time": 0.093,                                                                                                       
                       "Actual Rows": 113,                                                                                                               
                       "Actual Loops": 3,                                                                                                                
                       "Hash Buckets": 1024,                                                                                                             
                       "Original Hash Buckets": 1024,                                                                                                    
                       "Hash Batches": 1,                                                                                                                
                       "Original Hash Batches": 1,                                                                                                       
                       "Peak Memory Usage": 12,                                                                                                          
                       "Plans": [                                                                                                                        
                         {                                                                                                                               
                           "Node Type": "Seq Scan",                                                                                                      
                           "Parent Relationship": "Outer",                                                                                               
                           "Parallel Aware": false,                                                                                                      
                           "Relation Name": "info_type",                                                                                                 
                           "Alias": "it",                                                                                                                
                           "Startup Cost": 0.00,                                                                                                         
                           "Total Cost": 2.13,                                                                                                           
                           "Plan Rows": 113,                                                                                                             
                           "Plan Width": 4,                                                                                                              
                           "Actual Startup Time": 0.024,                                                                                                 
                           "Actual Total Time": 0.055,                                                                                                   
                           "Actual Rows": 113,                                                                                                           
                           "Actual Loops": 3                                                                                                             
                         }                                                                                                                               
                       ]                                                                                                                                 
                     }                                                                                                                                   
                   ]                                                                                                                                     
                 }                                                                                                                                       
               ]                                                                                                                                         
             }                                                                                                                                           
           ]                                                                                                                                             
         }                                                                                                                                               
       ]                                                                                                                                                 
     },                                                                                                                                                  
     "Planning Time": 3.109,                                                                                                                             
     "Triggers": [                                                                                                                                       
     ],                                                                                                                                                  
     "Execution Time": 3116.127                                                                                                                          
   }                                                                                                                                                     
 ]
