[                                                                                                       
   {                                                                                                     
     "Plan": {                                                                                           
       "Node Type": "Aggregate",                                                                         
       "Strategy": "Plain",                                                                              
       "Partial Mode": "Finalize",                                                                       
       "Parallel Aware": false,                                                                          
       "Startup Cost": 571481.71,                                                                        
       "Total Cost": 571481.72,                                                                          
       "Plan Rows": 1,                                                                                   
       "Plan Width": 96,                                                                                 
       "Actual Startup Time": 5505.265,                                                                  
       "Actual Total Time": 5509.452,                                                                    
       "Actual Rows": 1,                                                                                 
       "Actual Loops": 1,                                                                                
       "Plans": [                                                                                        
         {                                                                                               
           "Node Type": "Gather",                                                                        
           "Parent Relationship": "Outer",                                                               
           "Parallel Aware": false,                                                                      
           "Startup Cost": 571481.48,                                                                    
           "Total Cost": 571481.69,                                                                      
           "Plan Rows": 2,                                                                               
           "Plan Width": 96,                                                                             
           "Actual Startup Time": 5504.520,                                                              
           "Actual Total Time": 5509.422,                                                                
           "Actual Rows": 3,                                                                             
           "Actual Loops": 1,                                                                            
           "Workers Planned": 2,                                                                         
           "Workers Launched": 2,                                                                        
           "Single Copy": false,                                                                         
           "Plans": [                                                                                    
             {                                                                                           
               "Node Type": "Aggregate",                                                                 
               "Strategy": "Plain",                                                                      
               "Partial Mode": "Partial",                                                                
               "Parent Relationship": "Outer",                                                           
               "Parallel Aware": false,                                                                  
               "Startup Cost": 570481.48,                                                                
               "Total Cost": 570481.49,                                                                  
               "Plan Rows": 1,                                                                           
               "Plan Width": 96,                                                                         
               "Actual Startup Time": 5498.998,                                                          
               "Actual Total Time": 5499.056,                                                            
               "Actual Rows": 1,                                                                         
               "Actual Loops": 3,                                                                        
               "Plans": [                                                                                
                 {                                                                                       
                   "Node Type": "Nested Loop",                                                           
                   "Parent Relationship": "Outer",                                                       
                   "Parallel Aware": false,                                                              
                   "Join Type": "Inner",                                                                 
                   "Startup Cost": 128337.49,                                                            
                   "Total Cost": 570480.02,                                                              
                   "Plan Rows": 195,                                                                     
                   "Plan Width": 64,                                                                     
                   "Actual Startup Time": 4042.709,                                                      
                   "Actual Total Time": 5498.975,                                                        
                   "Actual Rows": 2,                                                                     
                   "Actual Loops": 3,                                                                    
                   "Inner Unique": true,                                                                 
                   "Join Filter": "(mk.movie_id = t.id)",                                                
                   "Rows Removed by Join Filter": 0,                                                     
                   "Plans": [                                                                            
                     {                                                                                   
                       "Node Type": "Hash Join",                                                         
                       "Parent Relationship": "Outer",                                                   
                       "Parallel Aware": true,                                                           
                       "Join Type": "Inner",                                                             
                       "Startup Cost": 128337.06,                                                        
                       "Total Cost": 570314.52,                                                          
                       "Plan Rows": 354,                                                                 
                       "Plan Width": 55,                                                                 
                       "Actual Startup Time": 4042.669,                                                  
                       "Actual Total Time": 5498.904,                                                    
                       "Actual Rows": 2,                                                                 
                       "Actual Loops": 3,                                                                
                       "Inner Unique": false,                                                            
                       "Hash Cond": "(ci.movie_id = mk.movie_id)",                                       
                       "Plans": [                                                                        
                         {                                                                               
                           "Node Type": "Hash Join",                                                     
                           "Parent Relationship": "Outer",                                               
                           "Parallel Aware": true,                                                       
                           "Join Type": "Inner",                                                         
                           "Startup Cost": 77319.80,                                                     
                           "Total Cost": 519288.29,                                                      
                           "Plan Rows": 1500,                                                            
                           "Plan Width": 19,                                                             
                           "Actual Startup Time": 536.323,                                               
                           "Actual Total Time": 4905.002,                                                
                           "Actual Rows": 162,                                                           
                           "Actual Loops": 3,                                                            
                           "Inner Unique": true,                                                         
                           "Hash Cond": "(ci.person_id = n.id)",                                         
                           "Plans": [                                                                    
                             {                                                                           
                               "Node Type": "Seq Scan",                                                  
                               "Parent Relationship": "Outer",                                           
                               "Parallel Aware": true,                                                   
                               "Relation Name": "cast_info",                                             
                               "Alias": "ci",                                                            
                               "Startup Cost": 0.00,                                                     
                               "Total Cost": 402615.60,                                                  
                               "Plan Rows": 14991560,                                                    
                               "Plan Width": 8,                                                          
                               "Actual Startup Time": 0.090,                                             
                               "Actual Total Time": 2105.084,                                            
                               "Actual Rows": 12081448,                                                  
                               "Actual Loops": 3                                                         
                             },                                                                          
                             {                                                                           
                               "Node Type": "Hash",                                                      
                               "Parent Relationship": "Inner",                                           
                               "Parallel Aware": true,                                                   
                               "Startup Cost": 77317.62,                                                 
                               "Total Cost": 77317.62,                                                   
                               "Plan Rows": 174,                                                         
                               "Plan Width": 19,                                                         
                               "Actual Startup Time": 505.213,                                           
                               "Actual Total Time": 505.216,                                             
                               "Actual Rows": 1,                                                         
                               "Actual Loops": 3,                                                        
                               "Hash Buckets": 1024,                                                     
                               "Original Hash Buckets": 1024,                                            
                               "Hash Batches": 1,                                                        
                               "Original Hash Batches": 1,                                               
                               "Peak Memory Usage": 72,                                                  
                               "Plans": [                                                                
                                 {                                                                       
                                   "Node Type": "Seq Scan",                                              
                                   "Parent Relationship": "Outer",                                       
                                   "Parallel Aware": true,                                               
                                   "Relation Name": "name",                                              
                                   "Alias": "n",                                                         
                                   "Startup Cost": 0.00,                                                 
                                   "Total Cost": 77317.62,                                               
                                   "Plan Rows": 174,                                                     
                                   "Plan Width": 19,                                                     
                                   "Actual Startup Time": 202.512,                                       
                                   "Actual Total Time": 505.072,                                         
                                   "Actual Rows": 1,                                                     
                                   "Actual Loops": 3,                                                    
                                   "Filter": "((name)::text ~~ '%Downey%Robert%'::text)",                
                                   "Rows Removed by Filter": 1389163                                     
                                 }                                                                       
                               ]                                                                         
                             }                                                                           
                           ]                                                                             
                         },                                                                              
                         {                                                                               
                           "Node Type": "Hash",                                                          
                           "Parent Relationship": "Inner",                                               
                           "Parallel Aware": true,                                                       
                           "Startup Cost": 50899.43,                                                     
                           "Total Cost": 50899.43,                                                       
                           "Plan Rows": 9427,                                                            
                           "Plan Width": 36,                                                             
                           "Actual Startup Time": 593.355,                                               
                           "Actual Total Time": 593.385,                                                 
                           "Actual Rows": 5,                                                             
                           "Actual Loops": 3,                                                            
                           "Hash Buckets": 32768,                                                        
                           "Original Hash Buckets": 32768,                                               
                           "Hash Batches": 1,                                                            
                           "Original Hash Batches": 1,                                                   
                           "Peak Memory Usage": 352,                                                     
                           "Plans": [                                                                    
                             {                                                                           
                               "Node Type": "Hash Join",                                                 
                               "Parent Relationship": "Outer",                                           
                               "Parallel Aware": false,                                                  
                               "Join Type": "Inner",                                                     
                               "Startup Cost": 2647.51,                                                  
                               "Total Cost": 50899.43,                                                   
                               "Plan Rows": 9427,                                                        
                               "Plan Width": 36,                                                         
                               "Actual Startup Time": 300.484,                                           
                               "Actual Total Time": 593.200,                                             
                               "Actual Rows": 5,                                                         
                               "Actual Loops": 3,                                                        
                               "Inner Unique": true,                                                     
                               "Hash Cond": "(mk.keyword_id = k.id)",                                    
                               "Plans": [                                                                
                                 {                                                                       
                                   "Node Type": "Seq Scan",                                              
                                   "Parent Relationship": "Outer",                                       
                                   "Parallel Aware": true,                                               
                                   "Relation Name": "movie_keyword",                                     
                                   "Alias": "mk",                                                        
                                   "Startup Cost": 0.00,                                                 
                                   "Total Cost": 43303.71,                                               
                                   "Plan Rows": 1884971,                                                 
                                   "Plan Width": 8,                                                      
                                   "Actual Startup Time": 0.055,                                         
                                   "Actual Total Time": 279.622,                                         
                                   "Actual Rows": 1507977,                                               
                                   "Actual Loops": 3                                                     
                                 },                                                                      
                                 {                                                                       
                                   "Node Type": "Hash",                                                  
                                   "Parent Relationship": "Inner",                                       
                                   "Parallel Aware": false,                                              
                                   "Startup Cost": 2639.12,                                              
                                   "Total Cost": 2639.12,                                                
                                   "Plan Rows": 671,                                                     
                                   "Plan Width": 36,                                                     
                                   "Actual Startup Time": 39.027,                                        
                                   "Actual Total Time": 39.038,                                          
                                   "Actual Rows": 1,                                                     
                                   "Actual Loops": 3,                                                    
                                   "Hash Buckets": 1024,                                                 
                                   "Original Hash Buckets": 1024,                                        
                                   "Hash Batches": 1,                                                    
                                   "Original Hash Batches": 1,                                           
                                   "Peak Memory Usage": 9,                                               
                                   "Plans": [                                                            
                                     {                                                                   
                                       "Node Type": "Seq Scan",                                          
                                       "Parent Relationship": "Outer",                                   
                                       "Parallel Aware": false,                                          
                                       "Relation Name": "keyword",                                       
                                       "Alias": "k",                                                     
                                       "Startup Cost": 0.00,                                             
                                       "Total Cost": 2639.12,                                            
                                       "Plan Rows": 671,                                                 
                                       "Plan Width": 36,                                                 
                                       "Actual Startup Time": 0.972,                                     
                                       "Actual Total Time": 39.014,                                      
                                       "Actual Rows": 1,                                                 
                                       "Actual Loops": 3,                                                
                                       "Filter": "((keyword)::text = 'marvel-cinematic-universe'::text)",
                                       "Rows Removed by Filter": 134169                                  
                                     }                                                                   
                                   ]                                                                     
                                 }                                                                       
                               ]                                                                         
                             }                                                                           
                           ]                                                                             
                         }                                                                               
                       ]                                                                                 
                     },                                                                                  
                     {                                                                                   
                       "Node Type": "Index Scan",                                                        
                       "Parent Relationship": "Inner",                                                   
                       "Parallel Aware": false,                                                          
                       "Scan Direction": "Forward",                                                      
                       "Index Name": "title_pkey",                                                       
                       "Relation Name": "title",                                                         
                       "Alias": "t",                                                                     
                       "Startup Cost": 0.43,                                                             
                       "Total Cost": 0.46,                                                               
                       "Plan Rows": 1,                                                                   
                       "Plan Width": 21,                                                                 
                       "Actual Startup Time": 0.024,                                                     
                       "Actual Total Time": 0.024,                                                       
                       "Actual Rows": 1,                                                                 
                       "Actual Loops": 6,                                                                
                       "Index Cond": "(id = ci.movie_id)",                                               
                       "Rows Removed by Index Recheck": 0,                                               
                       "Filter": "(production_year > 2000)",                                             
                       "Rows Removed by Filter": 0                                                       
                     }                                                                                   
                   ]                                                                                     
                 }                                                                                       
               ]                                                                                         
             }                                                                                           
           ]                                                                                             
         }                                                                                               
       ]                                                                                                 
     },                                                                                                  
     "Planning Time": 2.585,                                                                             
     "Triggers": [                                                                                       
     ],                                                                                                  
     "Execution Time": 5509.813                                                                          
   }                                                                                                     
 ]
