[                                                                                                                          
   {                                                                                                                        
     "Plan": {                                                                                                              
       "Node Type": "Aggregate",                                                                                            
       "Strategy": "Plain",                                                                                                 
       "Partial Mode": "Finalize",                                                                                          
       "Parallel Aware": false,                                                                                             
       "Startup Cost": 544004.83,                                                                                           
       "Total Cost": 544004.84,                                                                                             
       "Plan Rows": 1,                                                                                                      
       "Plan Width": 64,                                                                                                    
       "Actual Startup Time": 4998.602,                                                                                     
       "Actual Total Time": 5001.801,                                                                                       
       "Actual Rows": 1,                                                                                                    
       "Actual Loops": 1,                                                                                                   
       "Plans": [                                                                                                           
         {                                                                                                                  
           "Node Type": "Gather",                                                                                           
           "Parent Relationship": "Outer",                                                                                  
           "Parallel Aware": false,                                                                                         
           "Startup Cost": 544004.61,                                                                                       
           "Total Cost": 544004.82,                                                                                         
           "Plan Rows": 2,                                                                                                  
           "Plan Width": 64,                                                                                                
           "Actual Startup Time": 4998.009,                                                                                 
           "Actual Total Time": 5001.745,                                                                                   
           "Actual Rows": 3,                                                                                                
           "Actual Loops": 1,                                                                                               
           "Workers Planned": 2,                                                                                            
           "Workers Launched": 2,                                                                                           
           "Single Copy": false,                                                                                            
           "Plans": [                                                                                                       
             {                                                                                                              
               "Node Type": "Aggregate",                                                                                    
               "Strategy": "Plain",                                                                                         
               "Partial Mode": "Partial",                                                                                   
               "Parent Relationship": "Outer",                                                                              
               "Parallel Aware": false,                                                                                     
               "Startup Cost": 543004.61,                                                                                   
               "Total Cost": 543004.62,                                                                                     
               "Plan Rows": 1,                                                                                              
               "Plan Width": 64,                                                                                            
               "Actual Startup Time": 4992.136,                                                                             
               "Actual Total Time": 4992.198,                                                                               
               "Actual Rows": 1,                                                                                            
               "Actual Loops": 3,                                                                                           
               "Plans": [                                                                                                   
                 {                                                                                                          
                   "Node Type": "Nested Loop",                                                                              
                   "Parent Relationship": "Outer",                                                                          
                   "Parallel Aware": false,                                                                                 
                   "Join Type": "Inner",                                                                                    
                   "Startup Cost": 83626.29,                                                                                
                   "Total Cost": 543004.60,                                                                                 
                   "Plan Rows": 1,                                                                                          
                   "Plan Width": 32,                                                                                        
                   "Actual Startup Time": 3996.187,                                                                         
                   "Actual Total Time": 4992.104,                                                                           
                   "Actual Rows": 5,                                                                                        
                   "Actual Loops": 3,                                                                                       
                   "Inner Unique": false,                                                                                   
                   "Join Filter": "(ml.linked_movie_id = t.id)",                                                            
                   "Rows Removed by Join Filter": 55312,                                                                    
                   "Plans": [                                                                                               
                     {                                                                                                      
                       "Node Type": "Nested Loop",                                                                          
                       "Parent Relationship": "Outer",                                                                      
                       "Parallel Aware": false,                                                                             
                       "Join Type": "Inner",                                                                                
                       "Startup Cost": 83607.37,                                                                            
                       "Total Cost": 542441.38,                                                                             
                       "Plan Rows": 1,                                                                                      
                       "Plan Width": 40,                                                                                    
                       "Actual Startup Time": 2997.854,                                                                     
                       "Actual Total Time": 4847.419,                                                                       
                       "Actual Rows": 11,                                                                                   
                       "Actual Loops": 3,                                                                                   
                       "Inner Unique": true,                                                                                
                       "Plans": [                                                                                           
                         {                                                                                                  
                           "Node Type": "Hash Join",                                                                        
                           "Parent Relationship": "Outer",                                                                  
                           "Parallel Aware": true,                                                                          
                           "Join Type": "Inner",                                                                            
                           "Startup Cost": 83606.94,                                                                        
                           "Total Cost": 542440.93,                                                                         
                           "Plan Rows": 1,                                                                                  
                           "Plan Width": 19,                                                                                
                           "Actual Startup Time": 2082.048,                                                                 
                           "Actual Total Time": 4844.922,                                                                   
                           "Actual Rows": 118,                                                                              
                           "Actual Loops": 3,                                                                               
                           "Inner Unique": false,                                                                           
                           "Hash Cond": "(ci.person_id = n.id)",                                                            
                           "Plans": [                                                                                       
                             {                                                                                              
                               "Node Type": "Seq Scan",                                                                     
                               "Parent Relationship": "Outer",                                                              
                               "Parallel Aware": true,                                                                      
                               "Relation Name": "cast_info",                                                                
                               "Alias": "ci",                                                                               
                               "Startup Cost": 0.00,                                                                        
                               "Total Cost": 402615.60,                                                                     
                               "Plan Rows": 14991560,                                                                       
                               "Plan Width": 8,                                                                             
                               "Actual Startup Time": 0.050,                                                                
                               "Actual Total Time": 2114.443,                                                               
                               "Actual Rows": 12081448,                                                                     
                               "Actual Loops": 3                                                                            
                             },                                                                                             
                             {                                                                                              
                               "Node Type": "Hash",                                                                         
                               "Parent Relationship": "Inner",                                                              
                               "Parallel Aware": true,                                                                      
                               "Startup Cost": 83606.92,                                                                    
                               "Total Cost": 83606.92,                                                                      
                               "Plan Rows": 1,                                                                              
                               "Plan Width": 27,                                                                            
                               "Actual Startup Time": 448.015,                                                              
                               "Actual Total Time": 448.071,                                                                
                               "Actual Rows": 1,                                                                            
                               "Actual Loops": 3,                                                                           
                               "Hash Buckets": 1024,                                                                        
                               "Original Hash Buckets": 1024,                                                               
                               "Hash Batches": 1,                                                                           
                               "Original Hash Batches": 1,                                                                  
                               "Peak Memory Usage": 72,                                                                     
                               "Plans": [                                                                                   
                                 {                                                                                          
                                   "Node Type": "Nested Loop",                                                              
                                   "Parent Relationship": "Outer",                                                          
                                   "Parallel Aware": false,                                                                 
                                   "Join Type": "Inner",                                                                    
                                   "Startup Cost": 66480.79,                                                                
                                   "Total Cost": 83606.92,                                                                  
                                   "Plan Rows": 1,                                                                          
                                   "Plan Width": 27,                                                                        
                                   "Actual Startup Time": 394.051,                                                          
                                   "Actual Total Time": 447.976,                                                            
                                   "Actual Rows": 1,                                                                        
                                   "Actual Loops": 3,                                                                       
                                   "Inner Unique": true,                                                                    
                                   "Plans": [                                                                               
                                     {                                                                                      
                                       "Node Type": "Hash Join",                                                            
                                       "Parent Relationship": "Outer",                                                      
                                       "Parallel Aware": true,                                                              
                                       "Join Type": "Inner",                                                                
                                       "Startup Cost": 66480.36,                                                            
                                       "Total Cost": 83606.03,                                                              
                                       "Plan Rows": 1,                                                                      
                                       "Plan Width": 8,                                                                     
                                       "Actual Startup Time": 302.575,                                                      
                                       "Actual Total Time": 446.958,                                                        
                                       "Actual Rows": 33,                                                                   
                                       "Actual Loops": 3,                                                                   
                                       "Inner Unique": false,                                                               
                                       "Hash Cond": "(an.person_id = pi.person_id)",                                        
                                       "Plans": [                                                                           
                                         {                                                                                  
                                           "Node Type": "Seq Scan",                                                         
                                           "Parent Relationship": "Outer",                                                  
                                           "Parallel Aware": true,                                                          
                                           "Relation Name": "aka_name",                                                     
                                           "Alias": "an",                                                                   
                                           "Startup Cost": 0.00,                                                            
                                           "Total Cost": 16115.91,                                                          
                                           "Plan Rows": 269266,                                                             
                                           "Plan Width": 4,                                                                 
                                           "Actual Startup Time": 0.052,                                                    
                                           "Actual Total Time": 127.537,                                                    
                                           "Actual Rows": 224897,                                                           
                                           "Actual Loops": 3,                                                               
                                           "Filter": "((name)::text ~~ '%a%'::text)",                                       
                                           "Rows Removed by Filter": 75550                                                  
                                         },                                                                                 
                                         {                                                                                  
                                           "Node Type": "Hash",                                                             
                                           "Parent Relationship": "Inner",                                                  
                                           "Parallel Aware": true,                                                          
                                           "Startup Cost": 66480.35,                                                        
                                           "Total Cost": 66480.35,                                                          
                                           "Plan Rows": 1,                                                                  
                                           "Plan Width": 4,                                                                 
                                           "Actual Startup Time": 286.837,                                                  
                                           "Actual Total Time": 286.853,                                                    
                                           "Actual Rows": 21,                                                               
                                           "Actual Loops": 3,                                                               
                                           "Hash Buckets": 1024,                                                            
                                           "Original Hash Buckets": 1024,                                                   
                                           "Hash Batches": 1,                                                               
                                           "Original Hash Batches": 1,                                                      
                                           "Peak Memory Usage": 104,                                                        
                                           "Plans": [                                                                       
                                             {                                                                              
                                               "Node Type": "Hash Join",                                                    
                                               "Parent Relationship": "Outer",                                              
                                               "Parallel Aware": false,                                                     
                                               "Join Type": "Inner",                                                        
                                               "Startup Cost": 2.43,                                                        
                                               "Total Cost": 66480.35,                                                      
                                               "Plan Rows": 1,                                                              
                                               "Plan Width": 4,                                                             
                                               "Actual Startup Time": 8.857,                                                
                                               "Actual Total Time": 286.723,                                                
                                               "Actual Rows": 21,                                                           
                                               "Actual Loops": 3,                                                           
                                               "Inner Unique": true,                                                        
                                               "Hash Cond": "(pi.info_type_id = it.id)",                                    
                                               "Plans": [                                                                   
                                                 {                                                                          
                                                   "Node Type": "Seq Scan",                                                 
                                                   "Parent Relationship": "Outer",                                          
                                                   "Parallel Aware": true,                                                  
                                                   "Relation Name": "person_info",                                          
                                                   "Alias": "pi",                                                           
                                                   "Startup Cost": 0.00,                                                    
                                                   "Total Cost": 66477.90,                                                  
                                                   "Plan Rows": 12,                                                         
                                                   "Plan Width": 8,                                                         
                                                   "Actual Startup Time": 8.720,                                            
                                                   "Actual Total Time": 286.481,                                            
                                                   "Actual Rows": 21,                                                       
                                                   "Actual Loops": 3,                                                       
                                                   "Filter": "((note)::text = 'Volker Boehm'::text)",                       
                                                   "Rows Removed by Filter": 987867                                         
                                                 },                                                                         
                                                 {                                                                          
                                                   "Node Type": "Hash",                                                     
                                                   "Parent Relationship": "Inner",                                          
                                                   "Parallel Aware": false,                                                 
                                                   "Startup Cost": 2.41,                                                    
                                                   "Total Cost": 2.41,                                                      
                                                   "Plan Rows": 1,                                                          
                                                   "Plan Width": 4,                                                         
                                                   "Actual Startup Time": 0.088,                                            
                                                   "Actual Total Time": 0.090,                                              
                                                   "Actual Rows": 1,                                                        
                                                   "Actual Loops": 3,                                                       
                                                   "Hash Buckets": 1024,                                                    
                                                   "Original Hash Buckets": 1024,                                           
                                                   "Hash Batches": 1,                                                       
                                                   "Original Hash Batches": 1,                                              
                                                   "Peak Memory Usage": 9,                                                  
                                                   "Plans": [                                                               
                                                     {                                                                      
                                                       "Node Type": "Seq Scan",                                             
                                                       "Parent Relationship": "Outer",                                      
                                                       "Parallel Aware": false,                                             
                                                       "Relation Name": "info_type",                                        
                                                       "Alias": "it",                                                       
                                                       "Startup Cost": 0.00,                                                
                                                       "Total Cost": 2.41,                                                  
                                                       "Plan Rows": 1,                                                      
                                                       "Plan Width": 4,                                                     
                                                       "Actual Startup Time": 0.048,                                        
                                                       "Actual Total Time": 0.072,                                          
                                                       "Actual Rows": 1,                                                    
                                                       "Actual Loops": 3,                                                   
                                                       "Filter": "((info)::text = 'mini biography'::text)",                 
                                                       "Rows Removed by Filter": 112                                        
                                                     }                                                                      
                                                   ]                                                                        
                                                 }                                                                          
                                               ]                                                                            
                                             }                                                                              
                                           ]                                                                                
                                         }                                                                                  
                                       ]                                                                                    
                                     },                                                                                     
                                     {                                                                                      
                                       "Node Type": "Index Scan",                                                           
                                       "Parent Relationship": "Inner",                                                      
                                       "Parallel Aware": false,                                                             
                                       "Scan Direction": "Forward",                                                         
                                       "Index Name": "name_pkey",                                                           
                                       "Relation Name": "name",                                                             
                                       "Alias": "n",                                                                        
                                       "Startup Cost": 0.43,                                                                
                                       "Total Cost": 0.89,                                                                  
                                       "Plan Rows": 1,                                                                      
                                       "Plan Width": 19,                                                                    
                                       "Actual Startup Time": 0.027,                                                        
                                       "Actual Total Time": 0.028,                                                          
                                       "Actual Rows": 0,                                                                    
                                       "Actual Loops": 98,                                                                  
                                       "Index Cond": "(id = an.person_id)",                                                 
                                       "Rows Removed by Index Recheck": 0,                                                  
                                       "Filter": "(((name_pcode_cf)::text ~~ 'D%'::text) AND ((gender)::text = 'm'::text))",
                                       "Rows Removed by Filter": 1                                                          
                                     }                                                                                      
                                   ]                                                                                        
                                 }                                                                                          
                               ]                                                                                            
                             }                                                                                              
                           ]                                                                                                
                         },                                                                                                 
                         {                                                                                                  
                           "Node Type": "Index Scan",                                                                       
                           "Parent Relationship": "Inner",                                                                  
                           "Parallel Aware": false,                                                                         
                           "Scan Direction": "Forward",                                                                     
                           "Index Name": "title_pkey",                                                                      
                           "Relation Name": "title",                                                                        
                           "Alias": "t",                                                                                    
                           "Startup Cost": 0.43,                                                                            
                           "Total Cost": 0.46,                                                                              
                           "Plan Rows": 1,                                                                                  
                           "Plan Width": 21,                                                                                
                           "Actual Startup Time": 0.019,                                                                    
                           "Actual Total Time": 0.019,                                                                      
                           "Actual Rows": 0,                                                                                
                           "Actual Loops": 353,                                                                             
                           "Index Cond": "(id = ci.movie_id)",                                                              
                           "Rows Removed by Index Recheck": 0,                                                              
                           "Filter": "((production_year >= 1980) AND (production_year <= 1984))",                           
                           "Rows Removed by Filter": 1                                                                      
                         }                                                                                                  
                       ]                                                                                                    
                     },                                                                                                     
                     {                                                                                                      
                       "Node Type": "Hash Join",                                                                            
                       "Parent Relationship": "Inner",                                                                      
                       "Parallel Aware": false,                                                                             
                       "Join Type": "Inner",                                                                                
                       "Startup Cost": 18.93,                                                                               
                       "Total Cost": 561.10,                                                                                
                       "Plan Rows": 169,                                                                                    
                       "Plan Width": 4,                                                                                     
                       "Actual Startup Time": 0.070,                                                                        
                       "Actual Total Time": 13.006,                                                                         
                       "Actual Rows": 5186,                                                                                 
                       "Actual Loops": 32,                                                                                  
                       "Inner Unique": true,                                                                                
                       "Hash Cond": "(ml.link_type_id = lt.id)",                                                            
                       "Plans": [                                                                                           
                         {                                                                                                  
                           "Node Type": "Seq Scan",                                                                         
                           "Parent Relationship": "Outer",                                                                  
                           "Parallel Aware": false,                                                                         
                           "Relation Name": "movie_link",                                                                   
                           "Alias": "ml",                                                                                   
                           "Startup Cost": 0.00,                                                                            
                           "Total Cost": 462.97,                                                                            
                           "Plan Rows": 29997,                                                                              
                           "Plan Width": 8,                                                                                 
                           "Actual Startup Time": 0.024,                                                                    
                           "Actual Total Time": 6.417,                                                                      
                           "Actual Rows": 29997,                                                                            
                           "Actual Loops": 32                                                                               
                         },                                                                                                 
                         {                                                                                                  
                           "Node Type": "Hash",                                                                             
                           "Parent Relationship": "Inner",                                                                  
                           "Parallel Aware": false,                                                                         
                           "Startup Cost": 18.88,                                                                           
                           "Total Cost": 18.88,                                                                             
                           "Plan Rows": 4,                                                                                  
                           "Plan Width": 4,                                                                                 
                           "Actual Startup Time": 0.048,                                                                    
                           "Actual Total Time": 0.049,                                                                      
                           "Actual Rows": 1,                                                                                
                           "Actual Loops": 3,                                                                               
                           "Hash Buckets": 1024,                                                                            
                           "Original Hash Buckets": 1024,                                                                   
                           "Hash Batches": 1,                                                                               
                           "Original Hash Batches": 1,                                                                      
                           "Peak Memory Usage": 9,                                                                          
                           "Plans": [                                                                                       
                             {                                                                                              
                               "Node Type": "Seq Scan",                                                                     
                               "Parent Relationship": "Outer",                                                              
                               "Parallel Aware": false,                                                                     
                               "Relation Name": "link_type",                                                                
                               "Alias": "lt",                                                                               
                               "Startup Cost": 0.00,                                                                        
                               "Total Cost": 18.88,                                                                         
                               "Plan Rows": 4,                                                                              
                               "Plan Width": 4,                                                                             
                               "Actual Startup Time": 0.035,                                                                
                               "Actual Total Time": 0.038,                                                                  
                               "Actual Rows": 1,                                                                            
                               "Actual Loops": 3,                                                                           
                               "Filter": "((link)::text = 'features'::text)",                                               
                               "Rows Removed by Filter": 17                                                                 
                             }                                                                                              
                           ]                                                                                                
                         }                                                                                                  
                       ]                                                                                                    
                     }                                                                                                      
                   ]                                                                                                        
                 }                                                                                                          
               ]                                                                                                            
             }                                                                                                              
           ]                                                                                                                
         }                                                                                                                  
       ]                                                                                                                    
     },                                                                                                                     
     "Planning Time": 8.640,                                                                                                
     "Triggers": [                                                                                                          
     ],                                                                                                                     
     "Execution Time": 5002.256                                                                                             
   }                                                                                                                        
 ]
