[                                                                                                                                                                                                                                                   
   {                                                                                                                                                                                                                                                 
     "Plan": {                                                                                                                                                                                                                                       
       "Node Type": "Aggregate",                                                                                                                                                                                                                     
       "Strategy": "Plain",                                                                                                                                                                                                                          
       "Partial Mode": "Finalize",                                                                                                                                                                                                                   
       "Parallel Aware": false,                                                                                                                                                                                                                      
       "Startup Cost": 543077.89,                                                                                                                                                                                                                    
       "Total Cost": 543077.90,                                                                                                                                                                                                                      
       "Plan Rows": 1,                                                                                                                                                                                                                               
       "Plan Width": 64,                                                                                                                                                                                                                             
       "Actual Startup Time": 8322.132,                                                                                                                                                                                                              
       "Actual Total Time": 8371.468,                                                                                                                                                                                                                
       "Actual Rows": 1,                                                                                                                                                                                                                             
       "Actual Loops": 1,                                                                                                                                                                                                                            
       "Plans": [                                                                                                                                                                                                                                    
         {                                                                                                                                                                                                                                           
           "Node Type": "Gather",                                                                                                                                                                                                                    
           "Parent Relationship": "Outer",                                                                                                                                                                                                           
           "Parallel Aware": false,                                                                                                                                                                                                                  
           "Startup Cost": 543077.67,                                                                                                                                                                                                                
           "Total Cost": 543077.88,                                                                                                                                                                                                                  
           "Plan Rows": 2,                                                                                                                                                                                                                           
           "Plan Width": 64,                                                                                                                                                                                                                         
           "Actual Startup Time": 8250.067,                                                                                                                                                                                                          
           "Actual Total Time": 8371.431,                                                                                                                                                                                                            
           "Actual Rows": 3,                                                                                                                                                                                                                         
           "Actual Loops": 1,                                                                                                                                                                                                                        
           "Workers Planned": 2,                                                                                                                                                                                                                     
           "Workers Launched": 2,                                                                                                                                                                                                                    
           "Single Copy": false,                                                                                                                                                                                                                     
           "Plans": [                                                                                                                                                                                                                                
             {                                                                                                                                                                                                                                       
               "Node Type": "Aggregate",                                                                                                                                                                                                             
               "Strategy": "Plain",                                                                                                                                                                                                                  
               "Partial Mode": "Partial",                                                                                                                                                                                                            
               "Parent Relationship": "Outer",                                                                                                                                                                                                       
               "Parallel Aware": false,                                                                                                                                                                                                              
               "Startup Cost": 542077.67,                                                                                                                                                                                                            
               "Total Cost": 542077.68,                                                                                                                                                                                                              
               "Plan Rows": 1,                                                                                                                                                                                                                       
               "Plan Width": 64,                                                                                                                                                                                                                     
               "Actual Startup Time": 8241.518,                                                                                                                                                                                                      
               "Actual Total Time": 8241.548,                                                                                                                                                                                                        
               "Actual Rows": 1,                                                                                                                                                                                                                     
               "Actual Loops": 3,                                                                                                                                                                                                                    
               "Plans": [                                                                                                                                                                                                                            
                 {                                                                                                                                                                                                                                   
                   "Node Type": "Hash Join",                                                                                                                                                                                                         
                   "Parent Relationship": "Outer",                                                                                                                                                                                                   
                   "Parallel Aware": true,                                                                                                                                                                                                           
                   "Join Type": "Inner",                                                                                                                                                                                                             
                   "Startup Cost": 523999.38,                                                                                                                                                                                                        
                   "Total Cost": 542077.61,                                                                                                                                                                                                          
                   "Plan Rows": 11,                                                                                                                                                                                                                  
                   "Plan Width": 110,                                                                                                                                                                                                                
                   "Actual Startup Time": 7971.317,                                                                                                                                                                                                  
                   "Actual Total Time": 8050.464,                                                                                                                                                                                                    
                   "Actual Rows": 22728,                                                                                                                                                                                                             
                   "Actual Loops": 3,                                                                                                                                                                                                                
                   "Inner Unique": false,                                                                                                                                                                                                            
                   "Hash Cond": "(an.person_id = n.id)",                                                                                                                                                                                             
                   "Plans": [                                                                                                                                                                                                                        
                     {                                                                                                                                                                                                                               
                       "Node Type": "Seq Scan",                                                                                                                                                                                                      
                       "Parent Relationship": "Outer",                                                                                                                                                                                               
                       "Parallel Aware": true,                                                                                                                                                                                                       
                       "Relation Name": "aka_name",                                                                                                                                                                                                  
                       "Alias": "an",                                                                                                                                                                                                                
                       "Startup Cost": 0.00,                                                                                                                                                                                                         
                       "Total Cost": 17056.29,                                                                                                                                                                                                       
                       "Plan Rows": 272514,                                                                                                                                                                                                          
                       "Plan Width": 4,                                                                                                                                                                                                              
                       "Actual Startup Time": 0.066,                                                                                                                                                                                                 
                       "Actual Total Time": 149.394,                                                                                                                                                                                                 
                       "Actual Rows": 228698,                                                                                                                                                                                                        
                       "Actual Loops": 3,                                                                                                                                                                                                            
                       "Filter": "((name IS NOT NULL) AND (((name)::text ~~ '%a%'::text) OR ((name)::text ~~ 'A%'::text)))",                                                                                                                         
                       "Rows Removed by Filter": 71749                                                                                                                                                                                               
                     },                                                                                                                                                                                                                              
                     {                                                                                                                                                                                                                               
                       "Node Type": "Hash",                                                                                                                                                                                                          
                       "Parent Relationship": "Inner",                                                                                                                                                                                               
                       "Parallel Aware": true,                                                                                                                                                                                                       
                       "Startup Cost": 523999.29,                                                                                                                                                                                                    
                       "Total Cost": 523999.29,                                                                                                                                                                                                      
                       "Plan Rows": 7,                                                                                                                                                                                                               
                       "Plan Width": 122,                                                                                                                                                                                                            
                       "Actual Startup Time": 7724.940,                                                                                                                                                                                              
                       "Actual Total Time": 7724.966,                                                                                                                                                                                                
                       "Actual Rows": 13386,                                                                                                                                                                                                         
                       "Actual Loops": 3,                                                                                                                                                                                                            
                       "Hash Buckets": 4096,                                                                                                                                                                                                         
                       "Original Hash Buckets": 1024,                                                                                                                                                                                                
                       "Hash Batches": 16,                                                                                                                                                                                                           
                       "Original Hash Batches": 1,                                                                                                                                                                                                   
                       "Peak Memory Usage": 2592,                                                                                                                                                                                                    
                       "Plans": [                                                                                                                                                                                                                    
                         {                                                                                                                                                                                                                           
                           "Node Type": "Nested Loop",                                                                                                                                                                                               
                           "Parent Relationship": "Outer",                                                                                                                                                                                           
                           "Parallel Aware": false,                                                                                                                                                                                                  
                           "Join Type": "Inner",                                                                                                                                                                                                     
                           "Startup Cost": 523990.15,                                                                                                                                                                                                
                           "Total Cost": 523999.29,                                                                                                                                                                                                  
                           "Plan Rows": 7,                                                                                                                                                                                                           
                           "Plan Width": 122,                                                                                                                                                                                                        
                           "Actual Startup Time": 7176.259,                                                                                                                                                                                          
                           "Actual Total Time": 7650.322,                                                                                                                                                                                            
                           "Actual Rows": 13386,                                                                                                                                                                                                     
                           "Actual Loops": 3,                                                                                                                                                                                                        
                           "Inner Unique": true,                                                                                                                                                                                                     
                           "Plans": [                                                                                                                                                                                                                
                             {                                                                                                                                                                                                                       
                               "Node Type": "Merge Join",                                                                                                                                                                                            
                               "Parent Relationship": "Outer",                                                                                                                                                                                       
                               "Parallel Aware": false,                                                                                                                                                                                              
                               "Join Type": "Inner",                                                                                                                                                                                                 
                               "Startup Cost": 523989.72,                                                                                                                                                                                            
                               "Total Cost": 523994.26,                                                                                                                                                                                              
                               "Plan Rows": 11,                                                                                                                                                                                                      
                               "Plan Width": 130,                                                                                                                                                                                                    
                               "Actual Startup Time": 7176.146,                                                                                                                                                                                      
                               "Actual Total Time": 7523.914,                                                                                                                                                                                        
                               "Actual Rows": 21216,                                                                                                                                                                                                 
                               "Actual Loops": 3,                                                                                                                                                                                                    
                               "Inner Unique": false,                                                                                                                                                                                                
                               "Merge Cond": "(ci.movie_id = ml.linked_movie_id)",                                                                                                                                                                   
                               "Plans": [                                                                                                                                                                                                            
                                 {                                                                                                                                                                                                                   
                                   "Node Type": "Sort",                                                                                                                                                                                              
                                   "Parent Relationship": "Outer",                                                                                                                                                                                   
                                   "Parallel Aware": false,                                                                                                                                                                                          
                                   "Startup Cost": 523399.50,                                                                                                                                                                                        
                                   "Total Cost": 523400.24,                                                                                                                                                                                          
                                   "Plan Rows": 296,                                                                                                                                                                                                 
                                   "Plan Width": 126,                                                                                                                                                                                                
                                   "Actual Startup Time": 7150.393,                                                                                                                                                                                  
                                   "Actual Total Time": 7437.359,                                                                                                                                                                                    
                                   "Actual Rows": 305716,                                                                                                                                                                                            
                                   "Actual Loops": 3,                                                                                                                                                                                                
                                   "Sort Key": ["ci.movie_id"],                                                                                                                                                                                      
                                   "Sort Method": "external merge",                                                                                                                                                                                  
                                   "Sort Space Used": 238192,                                                                                                                                                                                        
                                   "Sort Space Type": "Disk",                                                                                                                                                                                        
                                   "Workers": [                                                                                                                                                                                                      
                                     {                                                                                                                                                                                                               
                                       "Worker Number": 0,                                                                                                                                                                                           
                                       "Sort Method": "external merge",                                                                                                                                                                              
                                       "Sort Space Used": 236896,                                                                                                                                                                                    
                                       "Sort Space Type": "Disk"                                                                                                                                                                                     
                                     },                                                                                                                                                                                                              
                                     {                                                                                                                                                                                                               
                                       "Worker Number": 1,                                                                                                                                                                                           
                                       "Sort Method": "external merge",                                                                                                                                                                              
                                       "Sort Space Used": 237488,                                                                                                                                                                                    
                                       "Sort Space Type": "Disk"                                                                                                                                                                                     
                                     }                                                                                                                                                                                                               
                                   ],                                                                                                                                                                                                                
                                   "Plans": [                                                                                                                                                                                                        
                                     {                                                                                                                                                                                                               
                                       "Node Type": "Hash Join",                                                                                                                                                                                     
                                       "Parent Relationship": "Outer",                                                                                                                                                                               
                                       "Parallel Aware": true,                                                                                                                                                                                       
                                       "Join Type": "Inner",                                                                                                                                                                                         
                                       "Startup Cost": 64552.18,                                                                                                                                                                                     
                                       "Total Cost": 523387.35,                                                                                                                                                                                      
                                       "Plan Rows": 296,                                                                                                                                                                                             
                                       "Plan Width": 126,                                                                                                                                                                                            
                                       "Actual Startup Time": 786.750,                                                                                                                                                                               
                                       "Actual Total Time": 5847.040,                                                                                                                                                                                
                                       "Actual Rows": 305764,                                                                                                                                                                                        
                                       "Actual Loops": 3,                                                                                                                                                                                            
                                       "Inner Unique": false,                                                                                                                                                                                        
                                       "Hash Cond": "(ci.person_id = n.id)",                                                                                                                                                                         
                                       "Plans": [                                                                                                                                                                                                    
                                         {                                                                                                                                                                                                           
                                           "Node Type": "Seq Scan",                                                                                                                                                                                  
                                           "Parent Relationship": "Outer",                                                                                                                                                                           
                                           "Parallel Aware": true,                                                                                                                                                                                   
                                           "Relation Name": "cast_info",                                                                                                                                                                             
                                           "Alias": "ci",                                                                                                                                                                                            
                                           "Startup Cost": 0.00,                                                                                                                                                                                     
                                           "Total Cost": 402615.60,                                                                                                                                                                                  
                                           "Plan Rows": 14991560,                                                                                                                                                                                    
                                           "Plan Width": 8,                                                                                                                                                                                          
                                           "Actual Startup Time": 0.037,                                                                                                                                                                             
                                           "Actual Total Time": 2146.520,                                                                                                                                                                            
                                           "Actual Rows": 12081448,                                                                                                                                                                                  
                                           "Actual Loops": 3                                                                                                                                                                                         
                                         },                                                                                                                                                                                                          
                                         {                                                                                                                                                                                                           
                                           "Node Type": "Hash",                                                                                                                                                                                      
                                           "Parent Relationship": "Inner",                                                                                                                                                                           
                                           "Parallel Aware": true,                                                                                                                                                                                   
                                           "Startup Cost": 64551.76,                                                                                                                                                                                 
                                           "Total Cost": 64551.76,                                                                                                                                                                                   
                                           "Plan Rows": 34,                                                                                                                                                                                          
                                           "Plan Width": 118,                                                                                                                                                                                        
                                           "Actual Startup Time": 786.613,                                                                                                                                                                           
                                           "Actual Total Time": 786.628,                                                                                                                                                                             
                                           "Actual Rows": 4354,                                                                                                                                                                                      
                                           "Actual Loops": 3,                                                                                                                                                                                        
                                           "Hash Buckets": 16384,                                                                                                                                                                                    
                                           "Original Hash Buckets": 1024,                                                                                                                                                                            
                                           "Hash Batches": 1,                                                                                                                                                                                        
                                           "Original Hash Batches": 1,                                                                                                                                                                               
                                           "Peak Memory Usage": 11384,                                                                                                                                                                               
                                           "Plans": [                                                                                                                                                                                                
                                             {                                                                                                                                                                                                       
                                               "Node Type": "Nested Loop",                                                                                                                                                                           
                                               "Parent Relationship": "Outer",                                                                                                                                                                       
                                               "Parallel Aware": false,                                                                                                                                                                              
                                               "Join Type": "Inner",                                                                                                                                                                                 
                                               "Startup Cost": 2.86,                                                                                                                                                                                 
                                               "Total Cost": 64551.76,                                                                                                                                                                               
                                               "Plan Rows": 34,                                                                                                                                                                                      
                                               "Plan Width": 118,                                                                                                                                                                                    
                                               "Actual Startup Time": 0.372,                                                                                                                                                                         
                                               "Actual Total Time": 770.409,                                                                                                                                                                         
                                               "Actual Rows": 4354,                                                                                                                                                                                  
                                               "Actual Loops": 3,                                                                                                                                                                                    
                                               "Inner Unique": true,                                                                                                                                                                                 
                                               "Plans": [                                                                                                                                                                                            
                                                 {                                                                                                                                                                                                   
                                                   "Node Type": "Hash Join",                                                                                                                                                                         
                                                   "Parent Relationship": "Outer",                                                                                                                                                                   
                                                   "Parallel Aware": false,                                                                                                                                                                          
                                                   "Join Type": "Inner",                                                                                                                                                                             
                                                   "Startup Cost": 2.43,                                                                                                                                                                             
                                                   "Total Cost": 63488.83,                                                                                                                                                                           
                                                   "Plan Rows": 305,                                                                                                                                                                                 
                                                   "Plan Width": 99,                                                                                                                                                                                 
                                                   "Actual Startup Time": 0.149,                                                                                                                                                                     
                                                   "Actual Total Time": 334.830,                                                                                                                                                                     
                                                   "Actual Rows": 28061,                                                                                                                                                                             
                                                   "Actual Loops": 3,                                                                                                                                                                                
                                                   "Inner Unique": true,                                                                                                                                                                             
                                                   "Hash Cond": "(pi.info_type_id = it.id)",                                                                                                                                                         
                                                   "Plans": [                                                                                                                                                                                        
                                                     {                                                                                                                                                                                               
                                                       "Node Type": "Seq Scan",                                                                                                                                                                      
                                                       "Parent Relationship": "Outer",                                                                                                                                                               
                                                       "Parallel Aware": true,                                                                                                                                                                       
                                                       "Relation Name": "person_info",                                                                                                                                                               
                                                       "Alias": "pi",                                                                                                                                                                                
                                                       "Startup Cost": 0.00,                                                                                                                                                                         
                                                       "Total Cost": 63392.52,                                                                                                                                                                       
                                                       "Plan Rows": 34474,                                                                                                                                                                           
                                                       "Plan Width": 103,                                                                                                                                                                            
                                                       "Actual Startup Time": 0.056,                                                                                                                                                                 
                                                       "Actual Total Time": 319.823,                                                                                                                                                                 
                                                       "Actual Rows": 28061,                                                                                                                                                                         
                                                       "Actual Loops": 3,                                                                                                                                                                            
                                                       "Filter": "(note IS NOT NULL)",                                                                                                                                                               
                                                       "Rows Removed by Filter": 959827                                                                                                                                                              
                                                     },                                                                                                                                                                                              
                                                     {                                                                                                                                                                                               
                                                       "Node Type": "Hash",                                                                                                                                                                          
                                                       "Parent Relationship": "Inner",                                                                                                                                                               
                                                       "Parallel Aware": false,                                                                                                                                                                      
                                                       "Startup Cost": 2.41,                                                                                                                                                                         
                                                       "Total Cost": 2.41,                                                                                                                                                                           
                                                       "Plan Rows": 1,                                                                                                                                                                               
                                                       "Plan Width": 4,                                                                                                                                                                              
                                                       "Actual Startup Time": 0.064,                                                                                                                                                                 
                                                       "Actual Total Time": 0.067,                                                                                                                                                                   
                                                       "Actual Rows": 1,                                                                                                                                                                             
                                                       "Actual Loops": 3,                                                                                                                                                                            
                                                       "Hash Buckets": 1024,                                                                                                                                                                         
                                                       "Original Hash Buckets": 1024,                                                                                                                                                                
                                                       "Hash Batches": 1,                                                                                                                                                                            
                                                       "Original Hash Batches": 1,                                                                                                                                                                   
                                                       "Peak Memory Usage": 9,                                                                                                                                                                       
                                                       "Plans": [                                                                                                                                                                                    
                                                         {                                                                                                                                                                                           
                                                           "Node Type": "Seq Scan",                                                                                                                                                                  
                                                           "Parent Relationship": "Outer",                                                                                                                                                           
                                                           "Parallel Aware": false,                                                                                                                                                                  
                                                           "Relation Name": "info_type",                                                                                                                                                             
                                                           "Alias": "it",                                                                                                                                                                            
                                                           "Startup Cost": 0.00,                                                                                                                                                                     
                                                           "Total Cost": 2.41,                                                                                                                                                                       
                                                           "Plan Rows": 1,                                                                                                                                                                           
                                                           "Plan Width": 4,                                                                                                                                                                          
                                                           "Actual Startup Time": 0.032,                                                                                                                                                             
                                                           "Actual Total Time": 0.056,                                                                                                                                                               
                                                           "Actual Rows": 1,                                                                                                                                                                         
                                                           "Actual Loops": 3,                                                                                                                                                                        
                                                           "Filter": "((info)::text = 'mini biography'::text)",                                                                                                                                      
                                                           "Rows Removed by Filter": 112                                                                                                                                                             
                                                         }                                                                                                                                                                                           
                                                       ]                                                                                                                                                                                             
                                                     }                                                                                                                                                                                               
                                                   ]                                                                                                                                                                                                 
                                                 },                                                                                                                                                                                                  
                                                 {                                                                                                                                                                                                   
                                                   "Node Type": "Index Scan",                                                                                                                                                                        
                                                   "Parent Relationship": "Inner",                                                                                                                                                                   
                                                   "Parallel Aware": false,                                                                                                                                                                          
                                                   "Scan Direction": "Forward",                                                                                                                                                                      
                                                   "Index Name": "name_pkey",                                                                                                                                                                        
                                                   "Relation Name": "name",                                                                                                                                                                          
                                                   "Alias": "n",                                                                                                                                                                                     
                                                   "Startup Cost": 0.43,                                                                                                                                                                             
                                                   "Total Cost": 3.49,                                                                                                                                                                               
                                                   "Plan Rows": 1,                                                                                                                                                                                   
                                                   "Plan Width": 19,                                                                                                                                                                                 
                                                   "Actual Startup Time": 0.015,                                                                                                                                                                     
                                                   "Actual Total Time": 0.015,                                                                                                                                                                       
                                                   "Actual Rows": 0,                                                                                                                                                                                 
                                                   "Actual Loops": 84183,                                                                                                                                                                            
                                                   "Index Cond": "(id = pi.person_id)",                                                                                                                                                              
                                                   "Rows Removed by Index Recheck": 0,                                                                                                                                                               
                                                   "Filter": "(((name_pcode_cf)::text >= 'A'::text) AND ((name_pcode_cf)::text <= 'F'::text) AND (((gender)::text = 'm'::text) OR (((gender)::text = 'f'::text) AND ((name)::text ~~ 'A%'::text))))",
                                                   "Rows Removed by Filter": 1                                                                                                                                                                       
                                                 }                                                                                                                                                                                                   
                                               ]                                                                                                                                                                                                     
                                             }                                                                                                                                                                                                       
                                           ]                                                                                                                                                                                                         
                                         }                                                                                                                                                                                                           
                                       ]                                                                                                                                                                                                             
                                     }                                                                                                                                                                                                               
                                   ]                                                                                                                                                                                                                 
                                 },                                                                                                                                                                                                                  
                                 {                                                                                                                                                                                                                   
                                   "Node Type": "Sort",                                                                                                                                                                                              
                                   "Parent Relationship": "Inner",                                                                                                                                                                                   
                                   "Parallel Aware": false,                                                                                                                                                                                          
                                   "Startup Cost": 590.21,                                                                                                                                                                                           
                                   "Total Cost": 591.69,                                                                                                                                                                                             
                                   "Plan Rows": 591,                                                                                                                                                                                                 
                                   "Plan Width": 4,                                                                                                                                                                                                  
                                   "Actual Startup Time": 25.414,                                                                                                                                                                                    
                                   "Actual Total Time": 31.241,                                                                                                                                                                                      
                                   "Actual Rows": 33490,                                                                                                                                                                                             
                                   "Actual Loops": 3,                                                                                                                                                                                                
                                   "Sort Key": ["ml.linked_movie_id"],                                                                                                                                                                               
                                   "Sort Method": "quicksort",                                                                                                                                                                                       
                                   "Sort Space Used": 1777,                                                                                                                                                                                          
                                   "Sort Space Type": "Memory",                                                                                                                                                                                      
                                   "Workers": [                                                                                                                                                                                                      
                                     {                                                                                                                                                                                                               
                                       "Worker Number": 0,                                                                                                                                                                                           
                                       "Sort Method": "quicksort",                                                                                                                                                                                   
                                       "Sort Space Used": 1777,                                                                                                                                                                                      
                                       "Sort Space Type": "Memory"                                                                                                                                                                                   
                                     },                                                                                                                                                                                                              
                                     {                                                                                                                                                                                                               
                                       "Worker Number": 1,                                                                                                                                                                                           
                                       "Sort Method": "quicksort",                                                                                                                                                                                   
                                       "Sort Space Used": 1777,                                                                                                                                                                                      
                                       "Sort Space Type": "Memory"                                                                                                                                                                                   
                                     }                                                                                                                                                                                                               
                                   ],                                                                                                                                                                                                                
                                   "Plans": [                                                                                                                                                                                                        
                                     {                                                                                                                                                                                                               
                                       "Node Type": "Hash Join",                                                                                                                                                                                     
                                       "Parent Relationship": "Outer",                                                                                                                                                                               
                                       "Parallel Aware": false,                                                                                                                                                                                      
                                       "Join Type": "Inner",                                                                                                                                                                                         
                                       "Startup Cost": 20.82,                                                                                                                                                                                        
                                       "Total Cost": 563.00,                                                                                                                                                                                         
                                       "Plan Rows": 591,                                                                                                                                                                                             
                                       "Plan Width": 4,                                                                                                                                                                                              
                                       "Actual Startup Time": 0.154,                                                                                                                                                                                 
                                       "Actual Total Time": 15.331,                                                                                                                                                                                  
                                       "Actual Rows": 21505,                                                                                                                                                                                         
                                       "Actual Loops": 3,                                                                                                                                                                                            
                                       "Inner Unique": true,                                                                                                                                                                                         
                                       "Hash Cond": "(ml.link_type_id = lt.id)",                                                                                                                                                                     
                                       "Plans": [                                                                                                                                                                                                    
                                         {                                                                                                                                                                                                           
                                           "Node Type": "Seq Scan",                                                                                                                                                                                  
                                           "Parent Relationship": "Outer",                                                                                                                                                                           
                                           "Parallel Aware": false,                                                                                                                                                                                  
                                           "Relation Name": "movie_link",                                                                                                                                                                            
                                           "Alias": "ml",                                                                                                                                                                                            
                                           "Startup Cost": 0.00,                                                                                                                                                                                     
                                           "Total Cost": 462.97,                                                                                                                                                                                     
                                           "Plan Rows": 29997,                                                                                                                                                                                       
                                           "Plan Width": 8,                                                                                                                                                                                          
                                           "Actual Startup Time": 0.074,                                                                                                                                                                             
                                           "Actual Total Time": 6.027,                                                                                                                                                                               
                                           "Actual Rows": 29997,                                                                                                                                                                                     
                                           "Actual Loops": 3                                                                                                                                                                                         
                                         },                                                                                                                                                                                                          
                                         {                                                                                                                                                                                                           
                                           "Node Type": "Hash",                                                                                                                                                                                      
                                           "Parent Relationship": "Inner",                                                                                                                                                                           
                                           "Parallel Aware": false,                                                                                                                                                                                  
                                           "Startup Cost": 20.65,                                                                                                                                                                                    
                                           "Total Cost": 20.65,                                                                                                                                                                                      
                                           "Plan Rows": 14,                                                                                                                                                                                          
                                           "Plan Width": 4,                                                                                                                                                                                          
                                           "Actual Startup Time": 0.052,                                                                                                                                                                             
                                           "Actual Total Time": 0.053,                                                                                                                                                                               
                                           "Actual Rows": 4,                                                                                                                                                                                         
                                           "Actual Loops": 3,                                                                                                                                                                                        
                                           "Hash Buckets": 1024,                                                                                                                                                                                     
                                           "Original Hash Buckets": 1024,                                                                                                                                                                            
                                           "Hash Batches": 1,                                                                                                                                                                                        
                                           "Original Hash Batches": 1,                                                                                                                                                                               
                                           "Peak Memory Usage": 9,                                                                                                                                                                                   
                                           "Plans": [                                                                                                                                                                                                
                                             {                                                                                                                                                                                                       
                                               "Node Type": "Seq Scan",                                                                                                                                                                              
                                               "Parent Relationship": "Outer",                                                                                                                                                                       
                                               "Parallel Aware": false,                                                                                                                                                                              
                                               "Relation Name": "link_type",                                                                                                                                                                         
                                               "Alias": "lt",                                                                                                                                                                                        
                                               "Startup Cost": 0.00,                                                                                                                                                                                 
                                               "Total Cost": 20.65,                                                                                                                                                                                  
                                               "Plan Rows": 14,                                                                                                                                                                                      
                                               "Plan Width": 4,                                                                                                                                                                                      
                                               "Actual Startup Time": 0.039,                                                                                                                                                                         
                                               "Actual Total Time": 0.044,                                                                                                                                                                           
                                               "Actual Rows": 4,                                                                                                                                                                                     
                                               "Actual Loops": 3,                                                                                                                                                                                    
                                               "Filter": "((link)::text = ANY ('{references,\"referenced in\",features,\"featured in\"}'::text[]))",                                                                                                 
                                               "Rows Removed by Filter": 14                                                                                                                                                                          
                                             }                                                                                                                                                                                                       
                                           ]                                                                                                                                                                                                         
                                         }                                                                                                                                                                                                           
                                       ]                                                                                                                                                                                                             
                                     }                                                                                                                                                                                                               
                                   ]                                                                                                                                                                                                                 
                                 }                                                                                                                                                                                                                   
                               ]                                                                                                                                                                                                                     
                             },                                                                                                                                                                                                                      
                             {                                                                                                                                                                                                                       
                               "Node Type": "Index Scan",                                                                                                                                                                                            
                               "Parent Relationship": "Inner",                                                                                                                                                                                       
                               "Parallel Aware": false,                                                                                                                                                                                              
                               "Scan Direction": "Forward",                                                                                                                                                                                          
                               "Index Name": "title_pkey",                                                                                                                                                                                           
                               "Relation Name": "title",                                                                                                                                                                                             
                               "Alias": "t",                                                                                                                                                                                                         
                               "Startup Cost": 0.43,                                                                                                                                                                                                 
                               "Total Cost": 0.46,                                                                                                                                                                                                   
                               "Plan Rows": 1,                                                                                                                                                                                                       
                               "Plan Width": 4,                                                                                                                                                                                                      
                               "Actual Startup Time": 0.005,                                                                                                                                                                                         
                               "Actual Total Time": 0.005,                                                                                                                                                                                           
                               "Actual Rows": 1,                                                                                                                                                                                                     
                               "Actual Loops": 63648,                                                                                                                                                                                                
                               "Index Cond": "(id = ci.movie_id)",                                                                                                                                                                                   
                               "Rows Removed by Index Recheck": 0,                                                                                                                                                                                   
                               "Filter": "((production_year >= 1980) AND (production_year <= 2010))",                                                                                                                                                
                               "Rows Removed by Filter": 0                                                                                                                                                                                           
                             }                                                                                                                                                                                                                       
                           ]                                                                                                                                                                                                                         
                         }                                                                                                                                                                                                                           
                       ]                                                                                                                                                                                                                             
                     }                                                                                                                                                                                                                               
                   ]                                                                                                                                                                                                                                 
                 }                                                                                                                                                                                                                                   
               ]                                                                                                                                                                                                                                     
             }                                                                                                                                                                                                                                       
           ]                                                                                                                                                                                                                                         
         }                                                                                                                                                                                                                                           
       ]                                                                                                                                                                                                                                             
     },                                                                                                                                                                                                                                              
     "Planning Time": 9.031,                                                                                                                                                                                                                         
     "Triggers": [                                                                                                                                                                                                                                   
     ],                                                                                                                                                                                                                                              
     "Execution Time": 8444.818                                                                                                                                                                                                                      
   }                                                                                                                                                                                                                                                 
 ]
