[                                                                                                                                                                                                                     
   {                                                                                                                                                                                                                   
     "Plan": {                                                                                                                                                                                                         
       "Node Type": "Aggregate",                                                                                                                                                                                       
       "Strategy": "Plain",                                                                                                                                                                                            
       "Partial Mode": "Finalize",                                                                                                                                                                                     
       "Parallel Aware": false,                                                                                                                                                                                        
       "Startup Cost": 508536.86,                                                                                                                                                                                      
       "Total Cost": 508536.87,                                                                                                                                                                                        
       "Plan Rows": 1,                                                                                                                                                                                                 
       "Plan Width": 64,                                                                                                                                                                                               
       "Actual Startup Time": 3128.362,                                                                                                                                                                                
       "Actual Total Time": 3131.627,                                                                                                                                                                                  
       "Actual Rows": 1,                                                                                                                                                                                               
       "Actual Loops": 1,                                                                                                                                                                                              
       "Plans": [                                                                                                                                                                                                      
         {                                                                                                                                                                                                             
           "Node Type": "Gather",                                                                                                                                                                                      
           "Parent Relationship": "Outer",                                                                                                                                                                             
           "Parallel Aware": false,                                                                                                                                                                                    
           "Startup Cost": 508536.64,                                                                                                                                                                                  
           "Total Cost": 508536.85,                                                                                                                                                                                    
           "Plan Rows": 2,                                                                                                                                                                                             
           "Plan Width": 64,                                                                                                                                                                                           
           "Actual Startup Time": 3127.864,                                                                                                                                                                            
           "Actual Total Time": 3131.593,                                                                                                                                                                              
           "Actual Rows": 3,                                                                                                                                                                                           
           "Actual Loops": 1,                                                                                                                                                                                          
           "Workers Planned": 2,                                                                                                                                                                                       
           "Workers Launched": 2,                                                                                                                                                                                      
           "Single Copy": false,                                                                                                                                                                                       
           "Plans": [                                                                                                                                                                                                  
             {                                                                                                                                                                                                         
               "Node Type": "Aggregate",                                                                                                                                                                               
               "Strategy": "Plain",                                                                                                                                                                                    
               "Partial Mode": "Partial",                                                                                                                                                                              
               "Parent Relationship": "Outer",                                                                                                                                                                         
               "Parallel Aware": false,                                                                                                                                                                                
               "Startup Cost": 507536.64,                                                                                                                                                                              
               "Total Cost": 507536.65,                                                                                                                                                                                
               "Plan Rows": 1,                                                                                                                                                                                         
               "Plan Width": 64,                                                                                                                                                                                       
               "Actual Startup Time": 3121.840,                                                                                                                                                                        
               "Actual Total Time": 3121.872,                                                                                                                                                                          
               "Actual Rows": 1,                                                                                                                                                                                       
               "Actual Loops": 3,                                                                                                                                                                                      
               "Plans": [                                                                                                                                                                                              
                 {                                                                                                                                                                                                     
                   "Node Type": "Nested Loop",                                                                                                                                                                         
                   "Parent Relationship": "Outer",                                                                                                                                                                     
                   "Parallel Aware": false,                                                                                                                                                                            
                   "Join Type": "Inner",                                                                                                                                                                               
                   "Startup Cost": 490949.11,                                                                                                                                                                          
                   "Total Cost": 507536.64,                                                                                                                                                                            
                   "Plan Rows": 1,                                                                                                                                                                                     
                   "Plan Width": 33,                                                                                                                                                                                   
                   "Actual Startup Time": 3099.879,                                                                                                                                                                    
                   "Actual Total Time": 3121.793,                                                                                                                                                                      
                   "Actual Rows": 2,                                                                                                                                                                                   
                   "Actual Loops": 3,                                                                                                                                                                                  
                   "Inner Unique": true,                                                                                                                                                                               
                   "Plans": [                                                                                                                                                                                          
                     {                                                                                                                                                                                                 
                       "Node Type": "Nested Loop",                                                                                                                                                                     
                       "Parent Relationship": "Outer",                                                                                                                                                                 
                       "Parallel Aware": false,                                                                                                                                                                        
                       "Join Type": "Inner",                                                                                                                                                                           
                       "Startup Cost": 490948.68,                                                                                                                                                                      
                       "Total Cost": 507535.13,                                                                                                                                                                        
                       "Plan Rows": 1,                                                                                                                                                                                 
                       "Plan Width": 24,                                                                                                                                                                               
                       "Actual Startup Time": 3099.686,                                                                                                                                                                
                       "Actual Total Time": 3121.553,                                                                                                                                                                  
                       "Actual Rows": 8,                                                                                                                                                                               
                       "Actual Loops": 3,                                                                                                                                                                              
                       "Inner Unique": true,                                                                                                                                                                           
                       "Plans": [                                                                                                                                                                                      
                         {                                                                                                                                                                                             
                           "Node Type": "Hash Join",                                                                                                                                                                   
                           "Parent Relationship": "Outer",                                                                                                                                                             
                           "Parallel Aware": true,                                                                                                                                                                     
                           "Join Type": "Inner",                                                                                                                                                                       
                           "Startup Cost": 490948.25,                                                                                                                                                                  
                           "Total Cost": 507534.36,                                                                                                                                                                    
                           "Plan Rows": 1,                                                                                                                                                                             
                           "Plan Width": 32,                                                                                                                                                                           
                           "Actual Startup Time": 2981.667,                                                                                                                                                            
                           "Actual Total Time": 3116.565,                                                                                                                                                              
                           "Actual Rows": 915,                                                                                                                                                                         
                           "Actual Loops": 3,                                                                                                                                                                          
                           "Inner Unique": false,                                                                                                                                                                      
                           "Hash Cond": "(an.person_id = ci.person_id)",                                                                                                                                               
                           "Plans": [                                                                                                                                                                                  
                             {                                                                                                                                                                                         
                               "Node Type": "Seq Scan",                                                                                                                                                                
                               "Parent Relationship": "Outer",                                                                                                                                                         
                               "Parallel Aware": true,                                                                                                                                                                 
                               "Relation Name": "aka_name",                                                                                                                                                            
                               "Alias": "an",                                                                                                                                                                          
                               "Startup Cost": 0.00,                                                                                                                                                                   
                               "Total Cost": 15175.53,                                                                                                                                                                 
                               "Plan Rows": 376153,                                                                                                                                                                    
                               "Plan Width": 20,                                                                                                                                                                       
                               "Actual Startup Time": 0.068,                                                                                                                                                           
                               "Actual Total Time": 71.861,                                                                                                                                                            
                               "Actual Rows": 300448,                                                                                                                                                                  
                               "Actual Loops": 3                                                                                                                                                                       
                             },                                                                                                                                                                                        
                             {                                                                                                                                                                                         
                               "Node Type": "Hash",                                                                                                                                                                    
                               "Parent Relationship": "Inner",                                                                                                                                                         
                               "Parallel Aware": true,                                                                                                                                                                 
                               "Startup Cost": 490948.24,                                                                                                                                                              
                               "Total Cost": 490948.24,                                                                                                                                                                
                               "Plan Rows": 1,                                                                                                                                                                         
                               "Plan Width": 12,                                                                                                                                                                       
                               "Actual Startup Time": 2977.791,                                                                                                                                                        
                               "Actual Total Time": 2977.819,                                                                                                                                                          
                               "Actual Rows": 358,                                                                                                                                                                     
                               "Actual Loops": 3,                                                                                                                                                                      
                               "Hash Buckets": 1024,                                                                                                                                                                   
                               "Original Hash Buckets": 1024,                                                                                                                                                          
                               "Hash Batches": 1,                                                                                                                                                                      
                               "Original Hash Batches": 1,                                                                                                                                                             
                               "Peak Memory Usage": 104,                                                                                                                                                               
                               "Plans": [                                                                                                                                                                              
                                 {                                                                                                                                                                                     
                                   "Node Type": "Nested Loop",                                                                                                                                                         
                                   "Parent Relationship": "Outer",                                                                                                                                                     
                                   "Parallel Aware": false,                                                                                                                                                            
                                   "Join Type": "Inner",                                                                                                                                                               
                                   "Startup Cost": 50647.45,                                                                                                                                                           
                                   "Total Cost": 490948.24,                                                                                                                                                            
                                   "Plan Rows": 1,                                                                                                                                                                     
                                   "Plan Width": 12,                                                                                                                                                                   
                                   "Actual Startup Time": 1053.242,                                                                                                                                                    
                                   "Actual Total Time": 2977.253,                                                                                                                                                      
                                   "Actual Rows": 358,                                                                                                                                                                 
                                   "Actual Loops": 3,                                                                                                                                                                  
                                   "Inner Unique": true,                                                                                                                                                               
                                   "Plans": [                                                                                                                                                                          
                                     {                                                                                                                                                                                 
                                       "Node Type": "Hash Join",                                                                                                                                                       
                                       "Parent Relationship": "Outer",                                                                                                                                                 
                                       "Parallel Aware": true,                                                                                                                                                         
                                       "Join Type": "Inner",                                                                                                                                                           
                                       "Startup Cost": 50647.03,                                                                                                                                                       
                                       "Total Cost": 490941.59,                                                                                                                                                        
                                       "Plan Rows": 1,                                                                                                                                                                 
                                       "Plan Width": 16,                                                                                                                                                               
                                       "Actual Startup Time": 1053.129,                                                                                                                                                
                                       "Actual Total Time": 2973.086,                                                                                                                                                  
                                       "Actual Rows": 360,                                                                                                                                                             
                                       "Actual Loops": 3,                                                                                                                                                              
                                       "Inner Unique": false,                                                                                                                                                          
                                       "Hash Cond": "(ci.movie_id = mc.movie_id)",                                                                                                                                     
                                       "Plans": [                                                                                                                                                                      
                                         {                                                                                                                                                                             
                                           "Node Type": "Hash Join",                                                                                                                                                   
                                           "Parent Relationship": "Outer",                                                                                                                                             
                                           "Parallel Aware": false,                                                                                                                                                    
                                           "Join Type": "Inner",                                                                                                                                                       
                                           "Startup Cost": 18.93,                                                                                                                                                      
                                           "Total Cost": 440311.37,                                                                                                                                                    
                                           "Plan Rows": 422,                                                                                                                                                           
                                           "Plan Width": 8,                                                                                                                                                            
                                           "Actual Startup Time": 682.586,                                                                                                                                             
                                           "Actual Total Time": 2602.591,                                                                                                                                              
                                           "Actual Rows": 11616,                                                                                                                                                       
                                           "Actual Loops": 3,                                                                                                                                                          
                                           "Inner Unique": true,                                                                                                                                                       
                                           "Hash Cond": "(ci.role_id = rt.id)",                                                                                                                                        
                                           "Plans": [                                                                                                                                                                  
                                             {                                                                                                                                                                         
                                               "Node Type": "Seq Scan",                                                                                                                                                
                                               "Parent Relationship": "Outer",                                                                                                                                         
                                               "Parallel Aware": true,                                                                                                                                                 
                                               "Relation Name": "cast_info",                                                                                                                                           
                                               "Alias": "ci",                                                                                                                                                          
                                               "Startup Cost": 0.00,                                                                                                                                                   
                                               "Total Cost": 440094.50,                                                                                                                                                
                                               "Plan Rows": 74958,                                                                                                                                                     
                                               "Plan Width": 12,                                                                                                                                                       
                                               "Actual Startup Time": 0.753,                                                                                                                                           
                                               "Actual Total Time": 2593.513,                                                                                                                                          
                                               "Actual Rows": 31032,                                                                                                                                                   
                                               "Actual Loops": 3,                                                                                                                                                      
                                               "Filter": "((note)::text = '(voice: English version)'::text)",                                                                                                          
                                               "Rows Removed by Filter": 12050416                                                                                                                                      
                                             },                                                                                                                                                                        
                                             {                                                                                                                                                                         
                                               "Node Type": "Hash",                                                                                                                                                    
                                               "Parent Relationship": "Inner",                                                                                                                                         
                                               "Parallel Aware": false,                                                                                                                                                
                                               "Startup Cost": 18.88,                                                                                                                                                  
                                               "Total Cost": 18.88,                                                                                                                                                    
                                               "Plan Rows": 4,                                                                                                                                                         
                                               "Plan Width": 4,                                                                                                                                                        
                                               "Actual Startup Time": 0.036,                                                                                                                                           
                                               "Actual Total Time": 0.038,                                                                                                                                             
                                               "Actual Rows": 1,                                                                                                                                                       
                                               "Actual Loops": 3,                                                                                                                                                      
                                               "Hash Buckets": 1024,                                                                                                                                                   
                                               "Original Hash Buckets": 1024,                                                                                                                                          
                                               "Hash Batches": 1,                                                                                                                                                      
                                               "Original Hash Batches": 1,                                                                                                                                             
                                               "Peak Memory Usage": 9,                                                                                                                                                 
                                               "Plans": [                                                                                                                                                              
                                                 {                                                                                                                                                                     
                                                   "Node Type": "Seq Scan",                                                                                                                                            
                                                   "Parent Relationship": "Outer",                                                                                                                                     
                                                   "Parallel Aware": false,                                                                                                                                            
                                                   "Relation Name": "role_type",                                                                                                                                       
                                                   "Alias": "rt",                                                                                                                                                      
                                                   "Startup Cost": 0.00,                                                                                                                                               
                                                   "Total Cost": 18.88,                                                                                                                                                
                                                   "Plan Rows": 4,                                                                                                                                                     
                                                   "Plan Width": 4,                                                                                                                                                    
                                                   "Actual Startup Time": 0.023,                                                                                                                                       
                                                   "Actual Total Time": 0.026,                                                                                                                                         
                                                   "Actual Rows": 1,                                                                                                                                                   
                                                   "Actual Loops": 3,                                                                                                                                                  
                                                   "Filter": "((role)::text = 'actress'::text)",                                                                                                                       
                                                   "Rows Removed by Filter": 11                                                                                                                                        
                                                 }                                                                                                                                                                     
                                               ]                                                                                                                                                                       
                                             }                                                                                                                                                                         
                                           ]                                                                                                                                                                           
                                         },                                                                                                                                                                            
                                         {                                                                                                                                                                             
                                           "Node Type": "Hash",                                                                                                                                                        
                                           "Parent Relationship": "Inner",                                                                                                                                             
                                           "Parallel Aware": true,                                                                                                                                                     
                                           "Startup Cost": 50623.74,                                                                                                                                                   
                                           "Total Cost": 50623.74,                                                                                                                                                     
                                           "Plan Rows": 349,                                                                                                                                                           
                                           "Plan Width": 8,                                                                                                                                                            
                                           "Actual Startup Time": 365.311,                                                                                                                                             
                                           "Actual Total Time": 365.312,                                                                                                                                               
                                           "Actual Rows": 2856,                                                                                                                                                        
                                           "Actual Loops": 3,                                                                                                                                                          
                                           "Hash Buckets": 8192,                                                                                                                                                       
                                           "Original Hash Buckets": 1024,                                                                                                                                              
                                           "Hash Batches": 1,                                                                                                                                                          
                                           "Original Hash Batches": 1,                                                                                                                                                 
                                           "Peak Memory Usage": 472,                                                                                                                                                   
                                           "Plans": [                                                                                                                                                                  
                                             {                                                                                                                                                                         
                                               "Node Type": "Seq Scan",                                                                                                                                                
                                               "Parent Relationship": "Outer",                                                                                                                                         
                                               "Parallel Aware": true,                                                                                                                                                 
                                               "Relation Name": "movie_companies",                                                                                                                                     
                                               "Alias": "mc",                                                                                                                                                          
                                               "Startup Cost": 0.00,                                                                                                                                                   
                                               "Total Cost": 50623.74,                                                                                                                                                 
                                               "Plan Rows": 349,                                                                                                                                                       
                                               "Plan Width": 8,                                                                                                                                                        
                                               "Actual Startup Time": 0.350,                                                                                                                                           
                                               "Actual Total Time": 304.084,                                                                                                                                           
                                               "Actual Rows": 2856,                                                                                                                                                    
                                               "Actual Loops": 3,                                                                                                                                                      
                                               "Filter": "(((note)::text ~~ '%(Japan)%'::text) AND ((note)::text !~~ '%(USA)%'::text) AND (((note)::text ~~ '%(2006)%'::text) OR ((note)::text ~~ '%(2007)%'::text)))",
                                               "Rows Removed by Filter": 866853                                                                                                                                        
                                             }                                                                                                                                                                         
                                           ]                                                                                                                                                                           
                                         }                                                                                                                                                                             
                                       ]                                                                                                                                                                               
                                     },                                                                                                                                                                                
                                     {                                                                                                                                                                                 
                                       "Node Type": "Index Scan",                                                                                                                                                      
                                       "Parent Relationship": "Inner",                                                                                                                                                 
                                       "Parallel Aware": false,                                                                                                                                                        
                                       "Scan Direction": "Forward",                                                                                                                                                    
                                       "Index Name": "company_name_pkey",                                                                                                                                              
                                       "Relation Name": "company_name",                                                                                                                                                
                                       "Alias": "cn",                                                                                                                                                                  
                                       "Startup Cost": 0.42,                                                                                                                                                           
                                       "Total Cost": 6.64,                                                                                                                                                             
                                       "Plan Rows": 1,                                                                                                                                                                 
                                       "Plan Width": 4,                                                                                                                                                                
                                       "Actual Startup Time": 0.009,                                                                                                                                                   
                                       "Actual Total Time": 0.009,                                                                                                                                                     
                                       "Actual Rows": 1,                                                                                                                                                               
                                       "Actual Loops": 1079,                                                                                                                                                           
                                       "Index Cond": "(id = mc.company_id)",                                                                                                                                           
                                       "Rows Removed by Index Recheck": 0,                                                                                                                                             
                                       "Filter": "((country_code)::text = '[jp]'::text)",                                                                                                                              
                                       "Rows Removed by Filter": 0                                                                                                                                                     
                                     }                                                                                                                                                                                 
                                   ]                                                                                                                                                                                   
                                 }                                                                                                                                                                                     
                               ]                                                                                                                                                                                       
                             }                                                                                                                                                                                         
                           ]                                                                                                                                                                                           
                         },                                                                                                                                                                                            
                         {                                                                                                                                                                                             
                           "Node Type": "Index Scan",                                                                                                                                                                  
                           "Parent Relationship": "Inner",                                                                                                                                                             
                           "Parallel Aware": false,                                                                                                                                                                    
                           "Scan Direction": "Forward",                                                                                                                                                                
                           "Index Name": "name_pkey",                                                                                                                                                                  
                           "Relation Name": "name",                                                                                                                                                                    
                           "Alias": "n",                                                                                                                                                                               
                           "Startup Cost": 0.43,                                                                                                                                                                       
                           "Total Cost": 0.77,                                                                                                                                                                         
                           "Plan Rows": 1,                                                                                                                                                                             
                           "Plan Width": 4,                                                                                                                                                                            
                           "Actual Startup Time": 0.005,                                                                                                                                                               
                           "Actual Total Time": 0.005,                                                                                                                                                                 
                           "Actual Rows": 0,                                                                                                                                                                           
                           "Actual Loops": 2745,                                                                                                                                                                       
                           "Index Cond": "(id = an.person_id)",                                                                                                                                                        
                           "Rows Removed by Index Recheck": 0,                                                                                                                                                         
                           "Filter": "(((name)::text ~~ '%Yo%'::text) AND ((name)::text !~~ '%Yu%'::text))",                                                                                                           
                           "Rows Removed by Filter": 1                                                                                                                                                                 
                         }                                                                                                                                                                                             
                       ]                                                                                                                                                                                               
                     },                                                                                                                                                                                                
                     {                                                                                                                                                                                                 
                       "Node Type": "Index Scan",                                                                                                                                                                      
                       "Parent Relationship": "Inner",                                                                                                                                                                 
                       "Parallel Aware": false,                                                                                                                                                                        
                       "Scan Direction": "Forward",                                                                                                                                                                    
                       "Index Name": "title_pkey",                                                                                                                                                                     
                       "Relation Name": "title",                                                                                                                                                                       
                       "Alias": "t",                                                                                                                                                                                   
                       "Startup Cost": 0.43,                                                                                                                                                                           
                       "Total Cost": 1.46,                                                                                                                                                                             
                       "Plan Rows": 1,                                                                                                                                                                                 
                       "Plan Width": 21,                                                                                                                                                                               
                       "Actual Startup Time": 0.025,                                                                                                                                                                   
                       "Actual Total Time": 0.025,                                                                                                                                                                     
                       "Actual Rows": 0,                                                                                                                                                                               
                       "Actual Loops": 25,                                                                                                                                                                             
                       "Index Cond": "(id = ci.movie_id)",                                                                                                                                                             
                       "Rows Removed by Index Recheck": 0,                                                                                                                                                             
                       "Filter": "((production_year >= 2006) AND (production_year <= 2007) AND (((title)::text ~~ 'One Piece%'::text) OR ((title)::text ~~ 'Dragon Ball Z%'::text)))",                                 
                       "Rows Removed by Filter": 1                                                                                                                                                                     
                     }                                                                                                                                                                                                 
                   ]                                                                                                                                                                                                   
                 }                                                                                                                                                                                                     
               ]                                                                                                                                                                                                       
             }                                                                                                                                                                                                         
           ]                                                                                                                                                                                                           
         }                                                                                                                                                                                                             
       ]                                                                                                                                                                                                               
     },                                                                                                                                                                                                                
     "Planning Time": 5.211,                                                                                                                                                                                           
     "Triggers": [                                                                                                                                                                                                     
     ],                                                                                                                                                                                                                
     "Execution Time": 3132.092                                                                                                                                                                                        
   }                                                                                                                                                                                                                   
 ]
