[                                                                                                                                                                                        
   {                                                                                                                                                                                      
     "Plan": {                                                                                                                                                                            
       "Node Type": "Aggregate",                                                                                                                                                          
       "Strategy": "Plain",                                                                                                                                                               
       "Partial Mode": "Finalize",                                                                                                                                                        
       "Parallel Aware": false,                                                                                                                                                           
       "Startup Cost": 543447.79,                                                                                                                                                         
       "Total Cost": 543447.80,                                                                                                                                                           
       "Plan Rows": 1,                                                                                                                                                                    
       "Plan Width": 128,                                                                                                                                                                 
       "Actual Startup Time": 6355.713,                                                                                                                                                   
       "Actual Total Time": 6435.224,                                                                                                                                                     
       "Actual Rows": 1,                                                                                                                                                                  
       "Actual Loops": 1,                                                                                                                                                                 
       "Plans": [                                                                                                                                                                         
         {                                                                                                                                                                                
           "Node Type": "Gather",                                                                                                                                                         
           "Parent Relationship": "Outer",                                                                                                                                                
           "Parallel Aware": false,                                                                                                                                                       
           "Startup Cost": 543447.56,                                                                                                                                                     
           "Total Cost": 543447.77,                                                                                                                                                       
           "Plan Rows": 2,                                                                                                                                                                
           "Plan Width": 128,                                                                                                                                                             
           "Actual Startup Time": 6352.835,                                                                                                                                               
           "Actual Total Time": 6435.188,                                                                                                                                                 
           "Actual Rows": 3,                                                                                                                                                              
           "Actual Loops": 1,                                                                                                                                                             
           "Workers Planned": 2,                                                                                                                                                          
           "Workers Launched": 2,                                                                                                                                                         
           "Single Copy": false,                                                                                                                                                          
           "Plans": [                                                                                                                                                                     
             {                                                                                                                                                                            
               "Node Type": "Aggregate",                                                                                                                                                  
               "Strategy": "Plain",                                                                                                                                                       
               "Partial Mode": "Partial",                                                                                                                                                 
               "Parent Relationship": "Outer",                                                                                                                                            
               "Parallel Aware": false,                                                                                                                                                   
               "Startup Cost": 542447.56,                                                                                                                                                 
               "Total Cost": 542447.57,                                                                                                                                                   
               "Plan Rows": 1,                                                                                                                                                            
               "Plan Width": 128,                                                                                                                                                         
               "Actual Startup Time": 6344.845,                                                                                                                                           
               "Actual Total Time": 6344.893,                                                                                                                                             
               "Actual Rows": 1,                                                                                                                                                          
               "Actual Loops": 3,                                                                                                                                                         
               "Plans": [                                                                                                                                                                 
                 {                                                                                                                                                                        
                   "Node Type": "Hash Join",                                                                                                                                              
                   "Parent Relationship": "Outer",                                                                                                                                        
                   "Parallel Aware": true,                                                                                                                                                
                   "Join Type": "Inner",                                                                                                                                                  
                   "Startup Cost": 525861.21,                                                                                                                                             
                   "Total Cost": 542447.33,                                                                                                                                               
                   "Plan Rows": 23,                                                                                                                                                       
                   "Plan Width": 80,                                                                                                                                                      
                   "Actual Startup Time": 6005.911,                                                                                                                                       
                   "Actual Total Time": 6172.023,                                                                                                                                         
                   "Actual Rows": 161027,                                                                                                                                                 
                   "Actual Loops": 3,                                                                                                                                                     
                   "Inner Unique": false,                                                                                                                                                 
                   "Hash Cond": "(an.person_id = n.id)",                                                                                                                                  
                   "Plans": [                                                                                                                                                             
                     {                                                                                                                                                                    
                       "Node Type": "Seq Scan",                                                                                                                                           
                       "Parent Relationship": "Outer",                                                                                                                                    
                       "Parallel Aware": true,                                                                                                                                            
                       "Relation Name": "aka_name",                                                                                                                                       
                       "Alias": "an",                                                                                                                                                     
                       "Startup Cost": 0.00,                                                                                                                                              
                       "Total Cost": 15175.53,                                                                                                                                            
                       "Plan Rows": 376153,                                                                                                                                               
                       "Plan Width": 20,                                                                                                                                                  
                       "Actual Startup Time": 0.052,                                                                                                                                      
                       "Actual Total Time": 79.706,                                                                                                                                       
                       "Actual Rows": 300448,                                                                                                                                             
                       "Actual Loops": 3                                                                                                                                                  
                     },                                                                                                                                                                   
                     {                                                                                                                                                                    
                       "Node Type": "Hash",                                                                                                                                               
                       "Parent Relationship": "Inner",                                                                                                                                    
                       "Parallel Aware": true,                                                                                                                                            
                       "Startup Cost": 525861.09,                                                                                                                                         
                       "Total Cost": 525861.09,                                                                                                                                           
                       "Plan Rows": 10,                                                                                                                                                   
                       "Plan Width": 72,                                                                                                                                                  
                       "Actual Startup Time": 5804.559,                                                                                                                                   
                       "Actual Total Time": 5804.604,                                                                                                                                     
                       "Actual Rows": 57856,                                                                                                                                              
                       "Actual Loops": 3,                                                                                                                                                 
                       "Hash Buckets": 32768,                                                                                                                                             
                       "Original Hash Buckets": 1024,                                                                                                                                     
                       "Hash Batches": 8,                                                                                                                                                 
                       "Original Hash Batches": 1,                                                                                                                                        
                       "Peak Memory Usage": 2848,                                                                                                                                         
                       "Plans": [                                                                                                                                                         
                         {                                                                                                                                                                
                           "Node Type": "Nested Loop",                                                                                                                                    
                           "Parent Relationship": "Outer",                                                                                                                                
                           "Parallel Aware": false,                                                                                                                                       
                           "Join Type": "Inner",                                                                                                                                          
                           "Startup Cost": 47442.88,                                                                                                                                      
                           "Total Cost": 525861.09,                                                                                                                                       
                           "Plan Rows": 10,                                                                                                                                               
                           "Plan Width": 72,                                                                                                                                              
                           "Actual Startup Time": 4286.859,                                                                                                                               
                           "Actual Total Time": 5689.154,                                                                                                                                 
                           "Actual Rows": 57856,                                                                                                                                          
                           "Actual Loops": 3,                                                                                                                                             
                           "Inner Unique": true,                                                                                                                                          
                           "Join Filter": "(ci.movie_id = t.id)",                                                                                                                         
                           "Rows Removed by Join Filter": 0,                                                                                                                              
                           "Plans": [                                                                                                                                                     
                             {                                                                                                                                                            
                               "Node Type": "Nested Loop",                                                                                                                                
                               "Parent Relationship": "Outer",                                                                                                                            
                               "Parallel Aware": false,                                                                                                                                   
                               "Join Type": "Inner",                                                                                                                                      
                               "Startup Cost": 47442.45,                                                                                                                                  
                               "Total Cost": 525855.80,                                                                                                                                   
                               "Plan Rows": 10,                                                                                                                                           
                               "Plan Width": 63,                                                                                                                                          
                               "Actual Startup Time": 4286.759,                                                                                                                           
                               "Actual Total Time": 5279.314,                                                                                                                             
                               "Actual Rows": 57856,                                                                                                                                      
                               "Actual Loops": 3,                                                                                                                                         
                               "Inner Unique": true,                                                                                                                                      
                               "Plans": [                                                                                                                                                 
                                 {                                                                                                                                                        
                                   "Node Type": "Nested Loop",                                                                                                                            
                                   "Parent Relationship": "Outer",                                                                                                                        
                                   "Parallel Aware": false,                                                                                                                               
                                   "Join Type": "Inner",                                                                                                                                  
                                   "Startup Cost": 47442.02,                                                                                                                              
                                   "Total Cost": 525848.67,                                                                                                                               
                                   "Plan Rows": 10,                                                                                                                                       
                                   "Plan Width": 35,                                                                                                                                      
                                   "Actual Startup Time": 4286.648,                                                                                                                       
                                   "Actual Total Time": 4832.523,                                                                                                                         
                                   "Actual Rows": 63155,                                                                                                                                  
                                   "Actual Loops": 3,                                                                                                                                     
                                   "Inner Unique": true,                                                                                                                                  
                                   "Plans": [                                                                                                                                             
                                     {                                                                                                                                                    
                                       "Node Type": "Hash Join",                                                                                                                          
                                       "Parent Relationship": "Outer",                                                                                                                    
                                       "Parallel Aware": true,                                                                                                                            
                                       "Join Type": "Inner",                                                                                                                              
                                       "Startup Cost": 47441.59,                                                                                                                          
                                       "Total Cost": 525813.26,                                                                                                                           
                                       "Plan Rows": 42,                                                                                                                                   
                                       "Plan Width": 16,                                                                                                                                  
                                       "Actual Startup Time": 4286.509,                                                                                                                   
                                       "Actual Total Time": 4436.705,                                                                                                                     
                                       "Actual Rows": 63185,                                                                                                                              
                                       "Actual Loops": 3,                                                                                                                                 
                                       "Inner Unique": false,                                                                                                                             
                                       "Hash Cond": "(ci.movie_id = mc.movie_id)",                                                                                                        
                                       "Plans": [                                                                                                                                         
                                         {                                                                                                                                                
                                           "Node Type": "Hash Join",                                                                                                                      
                                           "Parent Relationship": "Outer",                                                                                                                
                                           "Parallel Aware": false,                                                                                                                       
                                           "Join Type": "Inner",                                                                                                                          
                                           "Startup Cost": 18.93,                                                                                                                         
                                           "Total Cost": 478384.08,                                                                                                                       
                                           "Plan Rows": 1689,                                                                                                                             
                                           "Plan Width": 12,                                                                                                                              
                                           "Actual Startup Time": 832.514,                                                                                                                
                                           "Actual Total Time": 3415.294,                                                                                                                 
                                           "Actual Rows": 92055,                                                                                                                          
                                           "Actual Loops": 3,                                                                                                                             
                                           "Inner Unique": true,                                                                                                                          
                                           "Hash Cond": "(ci.role_id = rt.id)",                                                                                                           
                                           "Plans": [                                                                                                                                     
                                             {                                                                                                                                            
                                               "Node Type": "Seq Scan",                                                                                                                   
                                               "Parent Relationship": "Outer",                                                                                                            
                                               "Parallel Aware": true,                                                                                                                    
                                               "Relation Name": "cast_info",                                                                                                              
                                               "Alias": "ci",                                                                                                                             
                                               "Startup Cost": 0.00,                                                                                                                      
                                               "Total Cost": 477573.40,                                                                                                                   
                                               "Plan Rows": 299831,                                                                                                                       
                                               "Plan Width": 16,                                                                                                                          
                                               "Actual Startup Time": 0.114,                                                                                                              
                                               "Actual Total Time": 3336.921,                                                                                                             
                                               "Actual Rows": 289159,                                                                                                                     
                                               "Actual Loops": 3,                                                                                                                         
                                               "Filter": "((note)::text = ANY ('{(voice),\"(voice: Japanese version)\",\"(voice) (uncredited)\",\"(voice: English version)\"}'::text[]))",
                                               "Rows Removed by Filter": 11792289                                                                                                         
                                             },                                                                                                                                           
                                             {                                                                                                                                            
                                               "Node Type": "Hash",                                                                                                                       
                                               "Parent Relationship": "Inner",                                                                                                            
                                               "Parallel Aware": false,                                                                                                                   
                                               "Startup Cost": 18.88,                                                                                                                     
                                               "Total Cost": 18.88,                                                                                                                       
                                               "Plan Rows": 4,                                                                                                                            
                                               "Plan Width": 4,                                                                                                                           
                                               "Actual Startup Time": 0.023,                                                                                                              
                                               "Actual Total Time": 0.025,                                                                                                                
                                               "Actual Rows": 1,                                                                                                                          
                                               "Actual Loops": 3,                                                                                                                         
                                               "Hash Buckets": 1024,                                                                                                                      
                                               "Original Hash Buckets": 1024,                                                                                                             
                                               "Hash Batches": 1,                                                                                                                         
                                               "Original Hash Batches": 1,                                                                                                                
                                               "Peak Memory Usage": 9,                                                                                                                    
                                               "Plans": [                                                                                                                                 
                                                 {                                                                                                                                        
                                                   "Node Type": "Seq Scan",                                                                                                               
                                                   "Parent Relationship": "Outer",                                                                                                        
                                                   "Parallel Aware": false,                                                                                                               
                                                   "Relation Name": "role_type",                                                                                                          
                                                   "Alias": "rt",                                                                                                                         
                                                   "Startup Cost": 0.00,                                                                                                                  
                                                   "Total Cost": 18.88,                                                                                                                   
                                                   "Plan Rows": 4,                                                                                                                        
                                                   "Plan Width": 4,                                                                                                                       
                                                   "Actual Startup Time": 0.018,                                                                                                          
                                                   "Actual Total Time": 0.021,                                                                                                            
                                                   "Actual Rows": 1,                                                                                                                      
                                                   "Actual Loops": 3,                                                                                                                     
                                                   "Filter": "((role)::text = 'actress'::text)",                                                                                          
                                                   "Rows Removed by Filter": 11                                                                                                           
                                                 }                                                                                                                                        
                                               ]                                                                                                                                          
                                             }                                                                                                                                            
                                           ]                                                                                                                                              
                                         },                                                                                                                                               
                                         {                                                                                                                                                
                                           "Node Type": "Hash",                                                                                                                           
                                           "Parent Relationship": "Inner",                                                                                                                
                                           "Parallel Aware": true,                                                                                                                        
                                           "Startup Cost": 47354.72,                                                                                                                      
                                           "Total Cost": 47354.72,                                                                                                                        
                                           "Plan Rows": 5436,                                                                                                                             
                                           "Plan Width": 4,                                                                                                                               
                                           "Actual Startup Time": 817.769,                                                                                                                
                                           "Actual Total Time": 817.793,                                                                                                                  
                                           "Actual Rows": 384599,                                                                                                                         
                                           "Actual Loops": 3,                                                                                                                             
                                           "Hash Buckets": 131072,                                                                                                                        
                                           "Original Hash Buckets": 16384,                                                                                                                
                                           "Hash Batches": 16,                                                                                                                            
                                           "Original Hash Batches": 1,                                                                                                                    
                                           "Peak Memory Usage": 3904,                                                                                                                     
                                           "Plans": [                                                                                                                                     
                                             {                                                                                                                                            
                                               "Node Type": "Hash Join",                                                                                                                  
                                               "Parent Relationship": "Outer",                                                                                                            
                                               "Parallel Aware": true,                                                                                                                    
                                               "Join Type": "Inner",                                                                                                                      
                                               "Startup Cost": 4748.56,                                                                                                                   
                                               "Total Cost": 47354.72,                                                                                                                    
                                               "Plan Rows": 5436,                                                                                                                         
                                               "Plan Width": 4,                                                                                                                           
                                               "Actual Startup Time": 58.323,                                                                                                             
                                               "Actual Total Time": 604.056,                                                                                                              
                                               "Actual Rows": 384599,                                                                                                                     
                                               "Actual Loops": 3,                                                                                                                         
                                               "Inner Unique": true,                                                                                                                      
                                               "Hash Cond": "(mc.company_id = cn.id)",                                                                                                    
                                               "Plans": [                                                                                                                                 
                                                 {                                                                                                                                        
                                                   "Node Type": "Seq Scan",                                                                                                               
                                                   "Parent Relationship": "Outer",                                                                                                        
                                                   "Parallel Aware": true,                                                                                                                
                                                   "Relation Name": "movie_companies",                                                                                                    
                                                   "Alias": "mc",                                                                                                                         
                                                   "Startup Cost": 0.00,                                                                                                                  
                                                   "Total Cost": 39752.37,                                                                                                                
                                                   "Plan Rows": 1087137,                                                                                                                  
                                                   "Plan Width": 8,                                                                                                                       
                                                   "Actual Startup Time": 0.041,                                                                                                          
                                                   "Actual Total Time": 189.878,                                                                                                          
                                                   "Actual Rows": 869710,                                                                                                                 
                                                   "Actual Loops": 3                                                                                                                      
                                                 },                                                                                                                                       
                                                 {                                                                                                                                        
                                                   "Node Type": "Hash",                                                                                                                   
                                                   "Parent Relationship": "Inner",                                                                                                        
                                                   "Parallel Aware": true,                                                                                                                
                                                   "Startup Cost": 4739.92,                                                                                                               
                                                   "Total Cost": 4739.92,                                                                                                                 
                                                   "Plan Rows": 691,                                                                                                                      
                                                   "Plan Width": 4,                                                                                                                       
                                                   "Actual Startup Time": 58.231,                                                                                                         
                                                   "Actual Total Time": 58.237,                                                                                                           
                                                   "Actual Rows": 28281,                                                                                                                  
                                                   "Actual Loops": 3,                                                                                                                     
                                                   "Hash Buckets": 131072,                                                                                                                
                                                   "Original Hash Buckets": 2048,                                                                                                         
                                                   "Hash Batches": 1,                                                                                                                     
                                                   "Original Hash Batches": 1,                                                                                                            
                                                   "Peak Memory Usage": 5424,                                                                                                             
                                                   "Plans": [                                                                                                                             
                                                     {                                                                                                                                    
                                                       "Node Type": "Seq Scan",                                                                                                           
                                                       "Parent Relationship": "Outer",                                                                                                    
                                                       "Parallel Aware": true,                                                                                                            
                                                       "Relation Name": "company_name",                                                                                                   
                                                       "Alias": "cn",                                                                                                                     
                                                       "Startup Cost": 0.00,                                                                                                              
                                                       "Total Cost": 4739.92,                                                                                                             
                                                       "Plan Rows": 691,                                                                                                                  
                                                       "Plan Width": 4,                                                                                                                   
                                                       "Actual Startup Time": 0.032,                                                                                                      
                                                       "Actual Total Time": 36.396,                                                                                                       
                                                       "Actual Rows": 28281,                                                                                                              
                                                       "Actual Loops": 3,                                                                                                                 
                                                       "Filter": "((country_code)::text = '[us]'::text)",                                                                                 
                                                       "Rows Removed by Filter": 50051                                                                                                    
                                                     }                                                                                                                                    
                                                   ]                                                                                                                                      
                                                 }                                                                                                                                        
                                               ]                                                                                                                                          
                                             }                                                                                                                                            
                                           ]                                                                                                                                              
                                         }                                                                                                                                                
                                       ]                                                                                                                                                  
                                     },                                                                                                                                                   
                                     {                                                                                                                                                    
                                       "Node Type": "Index Scan",                                                                                                                         
                                       "Parent Relationship": "Inner",                                                                                                                    
                                       "Parallel Aware": false,                                                                                                                           
                                       "Scan Direction": "Forward",                                                                                                                       
                                       "Index Name": "name_pkey",                                                                                                                         
                                       "Relation Name": "name",                                                                                                                           
                                       "Alias": "n",                                                                                                                                      
                                       "Startup Cost": 0.43,                                                                                                                              
                                       "Total Cost": 0.84,                                                                                                                                
                                       "Plan Rows": 1,                                                                                                                                    
                                       "Plan Width": 19,                                                                                                                                  
                                       "Actual Startup Time": 0.006,                                                                                                                      
                                       "Actual Total Time": 0.006,                                                                                                                        
                                       "Actual Rows": 1,                                                                                                                                  
                                       "Actual Loops": 189554,                                                                                                                            
                                       "Index Cond": "(id = ci.person_id)",                                                                                                               
                                       "Rows Removed by Index Recheck": 0,                                                                                                                
                                       "Filter": "((gender)::text = 'f'::text)",                                                                                                          
                                       "Rows Removed by Filter": 0                                                                                                                        
                                     }                                                                                                                                                    
                                   ]                                                                                                                                                      
                                 },                                                                                                                                                       
                                 {                                                                                                                                                        
                                   "Node Type": "Index Scan",                                                                                                                             
                                   "Parent Relationship": "Inner",                                                                                                                        
                                   "Parallel Aware": false,                                                                                                                               
                                   "Scan Direction": "Forward",                                                                                                                           
                                   "Index Name": "char_name_pkey",                                                                                                                        
                                   "Relation Name": "char_name",                                                                                                                          
                                   "Alias": "chn",                                                                                                                                        
                                   "Startup Cost": 0.43,                                                                                                                                  
                                   "Total Cost": 0.71,                                                                                                                                    
                                   "Plan Rows": 1,                                                                                                                                        
                                   "Plan Width": 36,                                                                                                                                      
                                   "Actual Startup Time": 0.006,                                                                                                                          
                                   "Actual Total Time": 0.006,                                                                                                                            
                                   "Actual Rows": 1,                                                                                                                                      
                                   "Actual Loops": 189464,                                                                                                                                
                                   "Index Cond": "(id = ci.person_role_id)",                                                                                                              
                                   "Rows Removed by Index Recheck": 0                                                                                                                     
                                 }                                                                                                                                                        
                               ]                                                                                                                                                          
                             },                                                                                                                                                           
                             {                                                                                                                                                            
                               "Node Type": "Index Scan",                                                                                                                                 
                               "Parent Relationship": "Inner",                                                                                                                            
                               "Parallel Aware": false,                                                                                                                                   
                               "Scan Direction": "Forward",                                                                                                                               
                               "Index Name": "title_pkey",                                                                                                                                
                               "Relation Name": "title",                                                                                                                                  
                               "Alias": "t",                                                                                                                                              
                               "Startup Cost": 0.43,                                                                                                                                      
                               "Total Cost": 0.52,                                                                                                                                        
                               "Plan Rows": 1,                                                                                                                                            
                               "Plan Width": 21,                                                                                                                                          
                               "Actual Startup Time": 0.006,                                                                                                                              
                               "Actual Total Time": 0.006,                                                                                                                                
                               "Actual Rows": 1,                                                                                                                                          
                               "Actual Loops": 173567,                                                                                                                                    
                               "Index Cond": "(id = mc.movie_id)",                                                                                                                        
                               "Rows Removed by Index Recheck": 0                                                                                                                         
                             }                                                                                                                                                            
                           ]                                                                                                                                                              
                         }                                                                                                                                                                
                       ]                                                                                                                                                                  
                     }                                                                                                                                                                    
                   ]                                                                                                                                                                      
                 }                                                                                                                                                                        
               ]                                                                                                                                                                          
             }                                                                                                                                                                            
           ]                                                                                                                                                                              
         }                                                                                                                                                                                
       ]                                                                                                                                                                                  
     },                                                                                                                                                                                   
     "Planning Time": 9.569,                                                                                                                                                              
     "Triggers": [                                                                                                                                                                        
     ],                                                                                                                                                                                   
     "Execution Time": 6435.685                                                                                                                                                           
   }                                                                                                                                                                                      
 ]
